[2021-05-17 19:44:17.118] TGS Info: Activating API for version 3.2.6.2
[2021-05-17 19:44:17.131] runtime error: list index out of bounds
 - proc name: OnWorldNew (/datum/tgs_api/v3210/OnWorldNew)
 -   source file: api.dm,69
 -   usr: null
 -   src: /datum/tgs_api/v3210 (/datum/tgs_api/v3210)
 -   call stack:
 - /datum/tgs_api/v3210 (/datum/tgs_api/v3210): OnWorldNew(0)
 - world: TgsNew(/datum/tgs_event_handler/impl (/datum/tgs_event_handler/impl), 0)
 - world: InitTgs()
 - world: New()
 - 
[2021-05-17 19:44:17.131] TGS Error: Failed to activate API!
[2021-05-17 19:44:17.134] Running /tg/ revision: 
 - No commit information
[2021-05-17 19:44:17.150] Loading config file config.txt...
[2021-05-17 19:44:17.153] Loading config file game_options.txt...
[2021-05-17 19:44:17.163] Loading config file dbconfig.txt...
[2021-05-17 19:44:17.165] Loading config file comms.txt...
[2021-05-17 19:44:17.167] Loading config file antag_rep.txt...
[2021-05-17 19:44:17.169] Loading config file resources.txt...
[2021-05-17 19:44:17.170] Loading config file donator_groupings.txt...
[2021-05-17 19:44:17.171] Loading config file dynamic_config.txt...
[2021-05-17 19:44:17.182] Loading config file plushies/defines.txt...
[2021-05-17 19:44:17.184] Loading config file job_threats.txt...
[2021-05-17 19:44:17.185] Loading config file policy.txt...
[2021-05-17 19:44:17.191] Loading config file maps.txt...
[2021-05-17 19:44:17.202] Database connection established.
[2021-05-17 19:44:17.204] SQL: Could not get schema version from database
