[2021-05-17 19:44:17.213] Starting up round ID 16.
 - -------------------------
[2021-05-17 19:48:28.009] SondTheAnime \ Courier \ Head Paladin \ NONE \ LATEJOIN
[2021-05-17 19:48:31.683] Corvopimpolho \ Goddard Osterweis \ Outlaw \ NONE \ LATEJOIN
[2021-05-17 19:48:32.078] MastrodontePlays \ Rodrigo Weisgarber \ Outlaw \ NONE \ LATEJOIN
[2021-05-17 19:48:32.717] Eversonblr \ Miguel Hastings \ Head Scribe \ NONE \ LATEJOIN
[2021-05-17 19:48:34.050] Nickenzo12345 \ Sabrina Overstreet \ Wastelander \ NONE \ LATEJOIN
[2021-05-17 19:48:34.151] Malocous \ G3 \ Cyborg \ NONE \ LATEJOIN
[2021-05-17 19:48:36.453] Degusta00 \ Bob Loureiro \ Wastelander \ NONE \ LATEJOIN
[2021-05-17 19:48:41.169] Guilhty \ Guilherme Evan \ Outlaw \ NONE \ LATEJOIN
[2021-05-17 19:48:43.069] Zircony \ Zak Waldron \ Wastelander \ NONE \ LATEJOIN
[2021-05-17 19:48:47.754] InicialPlayss \ Rayan Lindgrey \ Preacher \ NONE \ LATEJOIN
[2021-05-17 19:48:57.816] Jhonatan lima \ Luicio Notav \ NCR Ranger \ NONE \ LATEJOIN
[2021-05-17 19:48:58.380] Bruno-Asbahr \ Montagne Marshall \ Wastelander \ NONE \ LATEJOIN
[2021-05-17 19:48:59.127] GabrielDoomBR \ Baam Frest \ Sheriff \ NONE \ LATEJOIN
[2021-05-17 19:49:40.217] AdderVFX \ Morgan Nickolson \ Wastelander \ NONE \ LATEJOIN
[2021-05-17 19:49:56.540] 2006F \ Hunter Simmons \ Vault Dweller \ NONE \ LATEJOIN
[2021-05-17 19:50:51.723] Luciam \ Dav Jones \ Enclave Private \ NONE \ LATEJOIN
[2021-05-17 19:51:28.603] Dfrenando \ Cecilia Stange \ Outlaw \ NONE \ LATEJOIN
[2021-05-17 19:54:12.538] AlexAlbright \ Rebeka Marinho \ Outlaw \ NONE \ LATEJOIN
[2021-05-17 19:56:30.253] DropShip27 \ Maya Tireman \ Wastelander \ NONE \ LATEJOIN
[2021-05-17 19:58:16.059] nickenzo12345 \ Fabian Bashline \ Legion Explorer \ NONE \ LATEJOIN
[2021-05-17 19:58:21.068] Gatossj \ John Grave \ Vault-tec Scientist \ NONE \ LATEJOIN
[2021-05-17 19:59:31.592] N0fun \ Makenna Coldsmith \ Head Knight \ NONE \ LATEJOIN
[2021-05-17 20:00:17.720] nickenzo12345 \ Cooper Curry \ Legion Explorer \ NONE \ LATEJOIN
[2021-05-17 20:01:29.557] guilhty \ Guilherme Evans \ Outlaw \ NONE \ LATEJOIN
[2021-05-17 20:02:36.782] malocous \ G3 \ Cyborg \ NONE \ LATEJOIN
[2021-05-17 20:03:33.026] addervfx \ Gordon Magroni \ NCR Medical Officer \ NONE \ LATEJOIN
[2021-05-17 20:05:28.560] nickenzo12345 \ Moises Harshman \ Legion Vexillarius \ NONE \ LATEJOIN
[2021-05-17 20:10:56.759] degusta00 \ Monte Ehret \ Wastelander \ NONE \ LATEJOIN
[2021-05-17 20:19:05.849] dfrenando \ Fernando Araujo \ Paladin \ NONE \ LATEJOIN
[2021-05-17 20:21:38.932] DarkPudding \ John Wick \ NCR Combat Medic \ NONE \ LATEJOIN
[2021-05-17 20:24:03.765] Rodinha \ Mathias Groove \ Paladin \ NONE \ LATEJOIN
[2021-05-17 20:25:30.423] 2006f \ Hunteer Simernam \ Vault-tec Scientist \ NONE \ LATEJOIN
[2021-05-17 20:30:16.083] guilhty \ Guilherme Eva \ Outlaw \ NONE \ LATEJOIN
[2021-05-17 20:30:25.474] luciam \ Victoria Valentine \ Enclave Sergant \ NONE \ LATEJOIN
[2021-05-17 20:30:34.276] Coffee_MasterOri \ Nickolas Priebe \ Outlaw \ NONE \ LATEJOIN
[2021-05-17 20:33:02.805] guilhty \ Jorge \ Outlaw \ NONE \ LATEJOIN
[2021-05-17 20:35:24.810] 2006f \ Hunter Simenam \ Prospector \ NONE \ LATEJOIN
[2021-05-17 20:37:31.715] Zero9e1 \ Garrety Wells \ Hunter \ NONE \ LATEJOIN
[2021-05-17 20:38:09.700] 2006f \ Hunter Sinurman \ Enclave Lieutenant \ NONE \ LATEJOIN
[2021-05-17 20:38:56.446] nickenzo12345 \ Collin Zalack \ Veteran Legionary \ NONE \ LATEJOIN
[2021-05-17 20:39:23.556] guilhty \ Jorginho \ Outlaw \ NONE \ LATEJOIN
[2021-05-17 20:48:32.085] guilhty \ Carlinhos \ Outlaw \ NONE \ LATEJOIN
[2021-05-17 21:04:59.621] AlexAlbright \ Stella Earl \ Enclave Private \ NONE \ LATEJOIN
[2021-05-17 21:14:34.920] Rzyka \ Marilene Bashline \ Wastelander \ NONE \ LATEJOIN
[2021-05-17 21:20:30.797] n0fun \ Kyra Taggart \ NCR Combat Engineer \ NONE \ LATEJOIN
[2021-05-17 21:32:09.881] alexalbright \ Alex Albright Terceiro \ Veteran Legionary \ NONE \ LATEJOIN
[2021-05-17 21:33:03.221] Euzinho123 \ Marcos Parker \ Citizen \ NONE \ LATEJOIN
[2021-05-17 21:42:49.908] sondtheanime \ John Lens \ Enclave Sergant \ NONE \ LATEJOIN
[2021-05-17 21:45:19.117] OvelhaCosmica \ Adam Alves \ Wastelander \ NONE \ LATEJOIN
[2021-05-17 21:48:39.319] 2006f \ Hunter Sinurmano \ Outlaw \ NONE \ LATEJOIN
[2021-05-17 21:50:57.439] kaduh \ Tim Miller \ Vault-tec Doctor \ NONE \ LATEJOIN
[2021-05-17 21:54:13.565] zero9e1 \ Jack \ Wastelander \ NONE \ LATEJOIN
[2021-05-17 22:05:33.071] Shirozinha \ Joseph Joestar \ Legion Centurion \ NONE \ LATEJOIN
[2021-05-17 22:06:20.182] zero9e1 \ Zack \ Detective \ NONE \ LATEJOIN
[2021-05-17 22:07:59.188] degusta00 \ Nick Menza \ Wastelander \ NONE \ LATEJOIN
[2021-05-17 22:15:29.610] John_egbert3 \ Borgos Comiamaedoluiz \ Wastelander \ NONE \ LATEJOIN
[2021-05-17 22:16:39.130] Comicao1 \ Bashar Al-Assad \ Wastelander \ NONE \ LATEJOIN
[2021-05-17 22:16:58.515] SpookyPineapple \ Tonhao Vermelho \ Wastelander \ NONE \ LATEJOIN
[2021-05-17 22:17:40.868] Luciam \ Luciam D'Luker \ Vault-tec Scientist \ NONE \ LATEJOIN
[2021-05-17 22:22:38.374] shirozinha \ Tio Osso \ NCR Sergeant First Class \ NONE \ LATEJOIN
[2021-05-17 22:24:22.034] 2006f \ Hunter Sinurmanon \ Shopkeeper \ NONE \ LATEJOIN
