/mob/living/carbon/human => 2930ms (31607) (avg:0.092700980603694916)
/obj/screen/healthdoll => 1385ms (25878) (avg:0.053520366549491882)
/turf/closed/mineral/random/low_chance => 444ms (53050) (avg:0.0083694625645875931)
/obj/machinery/power/smes/magical => 417ms (4631) (avg:0.090045347809791565)
/obj/machinery/light/fo13colored/Red => 266ms (8941) (avg:0.029750587418675423)
/obj/effect/decal/cleanable/blood/footprints => 246ms (4182) (avg:0.058823529630899429)
/obj/screen/inventory/hand => 181ms (7218) (avg:0.025076199322938919)
/obj/screen/inventory => 180ms (2970) (avg:0.060606062412261963)
/turf/open/space/basic => 140ms (39910) (avg:0.0035078928340226412)
/obj/structure/window/reinforced/fulltile => 134ms (4161) (avg:0.032203797250986099)
/obj/machinery/door/airlock/security/glass => 131ms (1184) (avg:0.11064188927412033)
/obj/screen/movable/action_button => 127ms (1817) (avg:0.069895431399345398)
/obj/machinery/hydroponics/soil => 96ms (5382) (avg:0.017837235704064369)
/obj/machinery/door/airlock/grunge => 93ms (771) (avg:0.12062256783246994)
/obj/machinery/door/airlock/hatch => 90ms (703) (avg:0.12802276015281677)
/obj/machinery/light/fo13colored/Aqua => 89ms (2480) (avg:0.035887096077203751)
/obj/screen/sprintbutton => 67ms (1298) (avg:0.051617871969938278)
/turf/closed/mineral/random/high_chance => 66ms (6654) (avg:0.0099188461899757385)
/obj/screen/parallax_layer/layer_1 => 56ms (211) (avg:0.26540285348892212)
/obj/machinery/door/airlock/abandoned => 55ms (423) (avg:0.13002364337444305)
/obj/machinery/hydroponics/constructable => 52ms (999) (avg:0.052052050828933716)
/obj/effect/decal/cleanable/dirt => 48ms (3969) (avg:0.012093726545572281)
/mob/living/carbon/human/dummy => 48ms (1109) (avg:0.043282236903905869)
/obj/item/weldingtool => 47ms (435) (avg:0.10804598033428192)
/obj/screen/parallax_layer/layer_2 => 44ms (211) (avg:0.20853079855442047)
/obj/machinery/light/fo13colored/Pink => 42ms (934) (avg:0.044967878609895706)
/turf/closed/wall/rust => 41ms (2556) (avg:0.016040688380599022)
/turf/closed/mineral/iron => 34ms (3361) (avg:0.010116036981344223)
/obj/machinery/light/lampost => 34ms (1335) (avg:0.025468165054917336)
/turf/closed/wall/f13/store => 30ms (1285) (avg:0.023346303030848503)
/obj/effect/decal/cleanable/blood/gibs => 29ms (865) (avg:0.033526010811328888)
/obj/machinery/door/airlock/science/glass => 29ms (236) (avg:0.12288135290145874)
/turf/closed/wall/r_wall/rust => 23ms (1729) (avg:0.013302487321197987)
/obj/machinery/door/airlock/public/glass => 23ms (146) (avg:0.15753424167633057)
/turf/closed/indestructible/riveted => 22ms (2661) (avg:0.0082675684243440628)
/obj/machinery/cell_charger => 19ms (144) (avg:0.1319444477558136)
/obj/item/storage/belt/utility => 19ms (136) (avg:0.13970588147640228)
/obj/structure/table/wood => 18ms (762) (avg:0.023622047156095505)
/obj/item/stack/ore/iron => 18ms (160) (avg:0.11249999701976776)
/turf/closed/wall/r_wall/f13vault => 17ms (1361) (avg:0.012490815483033657)
/turf/closed/mineral/plasma => 17ms (1208) (avg:0.014072847552597523)
/obj/item/pda => 16ms (196) (avg:0.081632651388645172)
/obj/machinery/door/airlock/medical/glass => 16ms (168) (avg:0.095238097012042999)
/obj/item/weldingtool/largetank/cyborg => 15ms (75) (avg:0.20000000298023224)
/obj/machinery/door/airlock/maintenance/abandoned => 14ms (80) (avg:0.17499999701976776)
/turf/open/floor/carpet/black => 13ms (448) (avg:0.02901785634458065)
/turf/closed/mineral/titanium => 12ms (619) (avg:0.019386107102036476)
/obj/structure/closet => 12ms (320) (avg:0.037500001490116119)
/obj/item/gun/energy/laser/pistol => 12ms (276) (avg:0.043478261679410934)
/obj/item/gun/ballistic/automatic/greasegun => 12ms (146) (avg:0.082191780209541321)
/obj/item/weldingtool/experimental => 11ms (223) (avg:0.04932735487818718)
/obj/screen/zone_sel => 11ms (190) (avg:0.057894736528396606)
/obj/machinery/door/airlock/glass_large => 11ms (85) (avg:0.12941177189350128)
/turf/closed/mineral/lead => 10ms (1239) (avg:0.0080710249021649361)
/turf/closed/wall/f13/ruins => 10ms (1116) (avg:0.0089605739340186119)
/obj/screen/parallax_layer/layer_3 => 10ms (75) (avg:0.13333334028720856)
/obj/item/stack/ore/lead => 10ms (65) (avg:0.15384615957736969)
/turf/closed/wall/r_wall => 9ms (889) (avg:0.01012373436242342)
/obj/structure/table/reinforced => 9ms (726) (avg:0.012396694160997868)
/obj/screen/combattoggle => 9ms (182) (avg:0.049450550228357315)
/obj/item/stack/ore/glass/basalt => 9ms (35) (avg:0.25714287161827087)
/turf/closed/wall/f13/supermart => 8ms (865) (avg:0.0092485547065734863)
/turf/closed/mineral/silver => 8ms (684) (avg:0.011695906519889832)
/obj/structure/closet/cabinet => 8ms (237) (avg:0.033755272626876831)
/obj/item/gun/energy/laser/rcw => 8ms (134) (avg:0.059701491147279739)
/obj/structure/closet/bus => 8ms (67) (avg:0.11940298229455948)
/obj/item/stack/ore/plasma => 8ms (65) (avg:0.12307692319154739)
/obj/machinery/door/airlock/engineering => 8ms (54) (avg:0.14814814925193787)
/obj/structure/table/wood/settler => 7ms (262) (avg:0.026717556640505791)
/obj/screen/movable/action_button/hide_toggle => 7ms (188) (avg:0.037234041839838028)
/obj/item/reagent_containers/food/snacks/meat/slab/human => 7ms (109) (avg:0.064220182597637177)
/obj/machinery/door/airlock/medical => 7ms (80) (avg:0.087499998509883881)
/obj/machinery/door/airlock/wood => 7ms (70) (avg:0.10000000149011612)
/obj/item/stack/ore/titanium => 7ms (57) (avg:0.12280701845884323)
/obj/structure/falsewall/rust => 7ms (43) (avg:0.1627907007932663)
/turf/closed/mineral/gold => 6ms (590) (avg:0.010169491171836853)
/obj/item/storage/belt/utility/full/engi => 6ms (52) (avg:0.11538461595773697)
/obj/item/gun/ballistic/automatic/smg10mm => 6ms (50) (avg:0.11999999731779099)
/obj/item/stack/ore/diamond => 6ms (21) (avg:0.28571429848670959)
/obj/machinery/light => 5ms (821) (avg:0.0060901339165866375)
/turf/open/floor/plasteel => 5ms (371) (avg:0.013477088883519173)
/obj/item/gun/energy/laser/plasma/pistol => 5ms (89) (avg:0.056179776787757874)
/obj/item/gun/energy/laser/plasma/carbine => 5ms (82) (avg:0.060975611209869385)
/obj/item/lighter => 5ms (56) (avg:0.089285716414451599)
/obj/machinery/door/airlock/vault => 5ms (43) (avg:0.11627907305955887)
/obj/machinery/door/airlock/mining => 5ms (35) (avg:0.1428571492433548)
/turf/closed/wall/f13/wood/house => 5ms (32) (avg:0.15625)
/obj/item/stack/ore/silver => 5ms (24) (avg:0.2083333283662796)
/turf/open/space/transit => 4ms (1621) (avg:0.0024676125030964613)
/obj/effect/decal/cleanable/blood/gibs/core => 4ms (214) (avg:0.018691588193178177)
/turf/closed/mineral/bscrystal => 4ms (185) (avg:0.021621622145175934)
/obj/effect/decal/cleanable/dirt/dust => 4ms (99) (avg:0.040404040366411209)
/obj/item/weldingtool/largetank => 4ms (60) (avg:0.066666670143604279)
/obj/structure/window/fulltile/house => 4ms (39) (avg:0.10256410390138626)
/obj/item/reagent_containers/syringe/medx => 4ms (33) (avg:0.12121212482452393)
/obj/item/pda/heads/hos => 4ms (29) (avg:0.13793103396892548)
/obj/item/pda/captain => 4ms (25) (avg:0.15999999642372131)
/obj/item/stack/ore/glass => 4ms (23) (avg:0.17391304671764374)
/obj/structure/table => 3ms (589) (avg:0.0050933784805238247)
/obj/machinery/light/small => 3ms (557) (avg:0.0053859963081777096)
/obj/item/reagent_containers/hypospray/medipen/stimpak => 3ms (314) (avg:0.0095541402697563171)
/turf/open/floor/carpet => 3ms (259) (avg:0.011583011597394943)
/obj/structure/barricade/sandbags => 3ms (209) (avg:0.014354066923260689)
/turf/closed/indestructible/f13vaultrusted => 3ms (192) (avg:0.015625)
/obj/item/reagent_containers/glass/beaker/large => 3ms (78) (avg:0.038461539894342422)
/mob/living/silicon/robot => 3ms (62) (avg:0.048387095332145691)
/obj/machinery/power/smes/engineering => 3ms (55) (avg:0.054545454680919647)
/obj/item/reagent_containers/blood/radaway => 3ms (44) (avg:0.068181820213794708)
/obj/item/storage/belt/utility/full => 3ms (43) (avg:0.06976744532585144)
/obj/machinery/door/airlock/security => 3ms (32) (avg:0.09375)
/obj/item/pda/heads/cmo => 3ms (28) (avg:0.1071428582072258)
/obj/machinery/door/airlock/freezer => 3ms (22) (avg:0.13636364042758942)
/obj/item/weldingtool/advanced => 3ms (14) (avg:0.2142857164144516)
/turf/closed/mineral/uranium => 2ms (382) (avg:0.0052356021478772163)
/turf/closed/mineral/diamond => 2ms (302) (avg:0.0066225165501236916)
/obj/machinery/mecha_part_fabricator => 2ms (281) (avg:0.0071174376644194126)
/turf/closed/indestructible/riveted/boss => 2ms (266) (avg:0.0075187971815466881)
/turf/open/floor/plasteel/dark => 2ms (231) (avg:0.0086580086499452591)
/obj/effect/decal/cleanable/blood/drip => 2ms (151) (avg:0.013245033100247383)
/turf/closed/wall/r_wall/f13superstore => 2ms (150) (avg:0.013333333656191826)
/obj/structure/closet/crate/bin => 2ms (139) (avg:0.014388489536941051)
/obj/item/clothing/shoes/jackboots => 2ms (123) (avg:0.016260161995887756)
/obj/screen/radial/slice => 2ms (121) (avg:0.01652892492711544)
/mob/dead/observer => 2ms (84) (avg:0.02380952425301075)
/obj/item/gun/ballistic/automatic/mini_uzi => 2ms (83) (avg:0.024096384644508362)
/obj/item/storage/toolbox/mechanical => 2ms (68) (avg:0.029411764815449715)
/obj/item/clothing/shoes/f13/raidertreads => 2ms (62) (avg:0.032258063554763794)
/obj/item/clothing/shoes/f13/military/ncr => 2ms (55) (avg:0.036363635212182999)
/obj/item/gun/energy/laser/wattz => 2ms (54) (avg:0.037037037312984467)
/obj/machinery/door/airlock => 2ms (48) (avg:0.041666667908430099)
/obj/item/reagent_containers/food/drinks/drinkingglass => 2ms (43) (avg:0.046511627733707428)
/obj/item/gun/energy/laser/plasma/glock => 2ms (36) (avg:0.0555555559694767)
/obj/item/reagent_containers/hypospray/medipen/stimpak/super => 2ms (32) (avg:0.0625)
/obj/item/gun/energy/laser/plasma/glock/extended => 2ms (32) (avg:0.0625)
/obj/item/stack/ore/gold => 2ms (28) (avg:0.071428574621677399)
/obj/machinery/door/airlock/command => 2ms (25) (avg:0.079999998211860657)
/obj/item/reagent_containers/glass/beaker/plastic => 2ms (23) (avg:0.086956523358821869)
/obj/machinery/door/airlock/highsecurity => 2ms (20) (avg:0.10000000149011612)
/obj/item/clipboard => 2ms (19) (avg:0.10526315867900848)
/obj/structure/closet/secure_closet/hydroponics => 2ms (15) (avg:0.13333334028720856)
/obj/item/stack/ore/bluespace_crystal => 2ms (14) (avg:0.1428571492433548)
/obj/item/stack/ore/blackpowder/two => 2ms (14) (avg:0.1428571492433548)
/obj/item/reagent_containers/glass/bottle/vial/small/bicaridine => 2ms (13) (avg:0.15384615957736969)
/obj/item/reagent_containers/glass/bottle/vial/small/kelotane => 2ms (13) (avg:0.15384615957736969)
/obj/item/gun/ballistic/automatic/mp5 => 2ms (12) (avg:0.1666666716337204)
/obj/structure/closet/cabinet/anchored => 2ms (11) (avg:0.18181818723678589)
/obj/item/gun/ballistic/automatic/pistol/pistol22 => 2ms (6) (avg:0.3333333432674408)
/obj/item/clothing/neck/cloak/alt/polychromic => 2ms (3) (avg:0.66666668653488159)
/obj/effect/decal/cleanable/trail_holder => 1ms (173) (avg:0.005780346691608429)
/turf/closed/indestructible => 1ms (168) (avg:0.0059523810632526875)
/obj/item/reagent_containers/blood/random => 1ms (160) (avg:0.0062500000931322575)
/turf/closed/indestructible/fakeglass => 1ms (108) (avg:0.0092592593282461166)
/turf/closed/wall/r_wall/syndicate => 1ms (97) (avg:0.010309278033673763)
/turf/open/floor/holofloor/carpet => 1ms (87) (avg:0.01149425283074379)
/obj/machinery/door/airlock/centcom => 1ms (73) (avg:0.013698630034923553)
/obj/machinery/light/floor => 1ms (57) (avg:0.017543859779834747)
/obj/machinery/chem_dispenser => 1ms (53) (avg:0.018867924809455872)
/turf/open/floor/plasteel/f13/vault_floor/misc/vaultrust => 1ms (50) (avg:0.019999999552965164)
/obj/structure/table/wood/poker => 1ms (45) (avg:0.02222222276031971)
/obj/item/gun/ballistic/shotgun/automatic/hunting/trail => 1ms (45) (avg:0.02222222276031971)
/obj/item/storage/box/drinkingglasses => 1ms (36) (avg:0.02777777798473835)
/obj/item/reagent_containers/syringe/charcoal => 1ms (35) (avg:0.02857142873108387)
/obj/structure/table/wood/fancy => 1ms (35) (avg:0.02857142873108387)
/obj/item/gun/ballistic/automatic/service/r82 => 1ms (33) (avg:0.030303031206130981)
/obj/item/reagent_containers/glass/beaker => 1ms (28) (avg:0.035714287310838699)
/turf/open/floor/plasteel/f13/vault_floor/floor => 1ms (28) (avg:0.035714287310838699)
/obj/machinery/rnd/production/protolathe => 1ms (28) (avg:0.035714287310838699)
/obj/item/reagent_containers/glass/beaker/waterbottle => 1ms (25) (avg:0.039999999105930328)
/obj/item/storage/box/handcuffs => 1ms (22) (avg:0.045454546809196472)
/obj/item/gun/ballistic/automatic/ar => 1ms (22) (avg:0.045454546809196472)
/turf/closed/wall/mineral/plastitanium => 1ms (21) (avg:0.0476190485060215)
/obj/item/storage/belt/security/full => 1ms (20) (avg:0.05000000074505806)
/obj/item/storage/toolbox/electrical => 1ms (19) (avg:0.052631579339504242)
/obj/structure/window/shuttle => 1ms (19) (avg:0.052631579339504242)
/obj/item/stack/ore/uranium => 1ms (19) (avg:0.052631579339504242)
/turf/open/floor/plating => 1ms (18) (avg:0.0555555559694767)
/turf/open/floor/f13/wood => 1ms (17) (avg:0.058823529630899429)
/obj/item/gun/ballistic/revolver/m29 => 1ms (17) (avg:0.058823529630899429)
/obj/item/defibrillator/loaded => 1ms (15) (avg:0.066666670143604279)
/obj/item/clothing/under/f13/ncr => 1ms (14) (avg:0.071428574621677399)
/obj/item/clothing/suit/armor/f13/combat/swat => 1ms (14) (avg:0.071428574621677399)
/obj/item/gun/ballistic/automatic/service => 1ms (13) (avg:0.076923079788684845)
/obj/structure/closet/toolcloset => 1ms (12) (avg:0.083333335816860199)
/obj/item/storage/box/ingredients/american => 1ms (11) (avg:0.090909093618392944)
/obj/item/modular_computer/processor => 1ms (11) (avg:0.090909093618392944)
/obj/item/lighter/greyscale => 1ms (10) (avg:0.10000000149011612)
/obj/item/reagent_containers/honeycomb => 1ms (9) (avg:0.1111111119389534)
/obj/screen/storage/volumetric_box/center => 1ms (9) (avg:0.1111111119389534)
/obj/machinery/computer/secure_data => 1ms (8) (avg:0.125)
/obj/item/storage/backpack/duffelbag => 1ms (8) (avg:0.125)
/obj/item/reagent_containers/glass/bottle/epinephrine => 1ms (7) (avg:0.1428571492433548)
/obj/machinery/door/airlock/command/glass => 1ms (6) (avg:0.1666666716337204)
/obj/item/gun/ballistic/automatic/smg22 => 1ms (6) (avg:0.1666666716337204)
/obj/item/storage/box/ingredients/grains => 1ms (5) (avg:0.20000000298023224)
/obj/item/twohanded/fireaxe => 1ms (5) (avg:0.20000000298023224)
/obj/item/reagent_containers/syringe => 1ms (5) (avg:0.20000000298023224)
/turf/closed/wall/f13/wood/interior => 1ms (5) (avg:0.20000000298023224)
/obj/item/clothing/under/jabroni => 1ms (5) (avg:0.20000000298023224)
/obj/machinery/door/airlock/engineering/glass => 1ms (4) (avg:0.25)
/turf/closed/wall/r_wall/f13composite => 1ms (4) (avg:0.25)
/turf/closed/wall/r_wall/syndicate/nodiagonal => 1ms (4) (avg:0.25)
/obj/item/clothing/suit/armor/f13/kit => 1ms (3) (avg:0.3333333432674408)
/obj/item/clothing/suit/armor/f13/power_armor/advanced => 1ms (3) (avg:0.3333333432674408)
/obj/item/gun/energy/laser/aer14 => 1ms (2) (avg:0.5)
/obj/item/claymore/machete/pipe => 1ms (2) (avg:0.5)
/obj/item/clothing/head/helmet/f13/legion/vet/combvexil => 1ms (2) (avg:0.5)
/obj/item/clothing/head/helmet/f13/brahmincowboyhat => 1ms (2) (avg:0.5)
/obj/item/grenade/chem_grenade/cryo => 1ms (2) (avg:0.5)
/obj/item/paicard => 1ms (1) (avg:1)
/obj/item/integrated_electronics/detailer => 1ms (1) (avg:1)
/obj/structure/closet/secure_closet/contraband/armory => 1ms (1) (avg:1)
/area/holodeck/rec_center/firingrange => 1ms (1) (avg:1)
/obj/item/flashlight/flare/torch => 1ms (1) (avg:1)
/turf/open/space => 0ms (172) (avg:0)
/turf/closed/wall/mineral/titanium => 0ms (164) (avg:0)
/turf/closed/indestructible/riveted/uranium => 0ms (131) (avg:0)
/obj/structure/lattice/catwalk => 0ms (130) (avg:0)
/obj/item/clothing/shoes/combat/swat => 0ms (122) (avg:0)
/obj/item/clothing/shoes/f13/explorer => 0ms (115) (avg:0)
/obj/machinery/computer/terminal => 0ms (107) (avg:0)
/obj/item/paper_bin => 0ms (99) (avg:0)
/obj/item/screwdriver => 0ms (81) (avg:0)
/obj/item/wirecutters => 0ms (80) (avg:0)
/turf/closed/mineral/random => 0ms (76) (avg:0)
/obj/structure/closet/fridge => 0ms (68) (avg:0)
/turf/open/floor/f13 => 0ms (65) (avg:0)
/obj/structure/lattice => 0ms (50) (avg:0)
/obj/effect/decal/cleanable/blood/gibs/down => 0ms (46) (avg:0)
/turf/open/indestructible/ground/outside/sidewalk => 0ms (46) (avg:0)
/turf/closed/mineral/ash_rock => 0ms (42) (avg:0)
/turf/open/floor/plasteel/darkred/side => 0ms (40) (avg:0)
/obj/structure/closet/secure_closet/personal => 0ms (39) (avg:0)
/obj/structure/table/glass => 0ms (37) (avg:0)
/obj/structure/window/plastitanium => 0ms (30) (avg:0)
/obj/item/clothing/gloves/f13/handwraps => 0ms (30) (avg:0)
/obj/item/clothing/shoes/f13/military/plated => 0ms (30) (avg:0)
/obj/structure/table/booth => 0ms (29) (avg:0)
/obj/item/disk/plantgene => 0ms (28) (avg:0)
/turf/closed/wall => 0ms (28) (avg:0)
/obj/item/gun/energy/laser => 0ms (27) (avg:0)
/obj/structure/window/paperframe => 0ms (27) (avg:0)
/turf/open/floor/plasteel/f13/vault_floor/dark/darksolid => 0ms (26) (avg:0)
/turf/open/floor/plating/airless => 0ms (24) (avg:0)
/obj/structure/table/abductor => 0ms (24) (avg:0)
/obj/structure/table/wood/fancy/black => 0ms (24) (avg:0)
/obj/item/storage/box/matches => 0ms (23) (avg:0)
/obj/item/stock_parts/cell => 0ms (23) (avg:0)
/obj/structure/window/fulltile => 0ms (23) (avg:0)
/mob/living/simple_animal/hostile/handy => 0ms (21) (avg:0)
/obj/item/gun/energy/ionrifle => 0ms (20) (avg:0)
/obj/item/storage/belt/holster => 0ms (20) (avg:0)
/obj/item/stock_parts/cell/upgraded => 0ms (18) (avg:0)
/obj/item/clothing/under/f13/recon => 0ms (18) (avg:0)
/turf/open/floor/wood/wood_tiled => 0ms (18) (avg:0)
/turf/open/floor/plasteel/f13/vault_floor/floor/floorsolid => 0ms (18) (avg:0)
/obj/structure/table/wood/bar => 0ms (18) (avg:0)
/obj/item/bodypart/head => 0ms (18) (avg:0)
/obj/screen/alert/restrained/legcuffed => 0ms (18) (avg:0)
/obj/item/gun/ballistic/automatic/autopipe => 0ms (17) (avg:0)
/turf/open/floor/plasteel/darkblue/side => 0ms (17) (avg:0)
/turf/open/floor/plasteel/f13/vault_floor/yellow/yellowchess/yellowchess2 => 0ms (17) (avg:0)
/obj/machinery/door/airlock/external => 0ms (16) (avg:0)
/obj/item/reagent_containers/glass/bottle/blackpowder => 0ms (16) (avg:0)
/turf/open/floor/plasteel/darkred/corner => 0ms (16) (avg:0)
/turf/open/floor/carpet/green => 0ms (15) (avg:0)
/obj/item/clothing/head/helmet/f13/hoodedmask => 0ms (15) (avg:0)
/obj/item/clothing/head/helmet/f13/combat/swat => 0ms (15) (avg:0)
/obj/item/reagent_containers/food/drinks/mug => 0ms (15) (avg:0)
/obj/item/melee/unarmed/tigerclaw => 0ms (15) (avg:0)
/obj/machinery/airalarm => 0ms (14) (avg:0)
/obj/structure/closet/fridge/standard => 0ms (14) (avg:0)
/turf/open/floor/grass => 0ms (14) (avg:0)
/obj/item/clothing/suit/armor/f13/combatrusted => 0ms (14) (avg:0)
/obj/item/weldingtool/mini => 0ms (14) (avg:0)
/mob/living/simple_animal/hostile/handy/gutsy => 0ms (13) (avg:0)
/obj/item/storage/crayons => 0ms (13) (avg:0)
/obj/machinery/modular_computer/console/preset/engineering => 0ms (13) (avg:0)
/turf/open/floor/plasteel/darkblue/corner => 0ms (13) (avg:0)
/obj/item/clothing/shoes/sneakers/black => 0ms (13) (avg:0)
/obj/item/twohanded/spear => 0ms (13) (avg:0)
/obj/structure/window/fulltile/wood => 0ms (13) (avg:0)
/obj/item/reagent_containers/syringe/epinephrine => 0ms (12) (avg:0)
/obj/item/storage/box/syringes => 0ms (12) (avg:0)
/obj/item/dice/d20 => 0ms (12) (avg:0)
/obj/structure/necropolis_gate => 0ms (12) (avg:0)
/obj/item/storage/box/gloves => 0ms (12) (avg:0)
/turf/open/floor/plasteel/showroomfloor => 0ms (12) (avg:0)
/obj/machinery/am_shielding => 0ms (12) (avg:0)
/obj/structure/closet/crate/secure/weapon => 0ms (11) (avg:0)
/obj/machinery/door/airlock/titanium => 0ms (11) (avg:0)
/obj/item/holochip => 0ms (11) (avg:0)
/obj/item/storage/box/flashbangs => 0ms (10) (avg:0)
/obj/structure/closet/secure_closet/personal/cabinet => 0ms (10) (avg:0)
/obj/item/dice => 0ms (10) (avg:0)
/turf/open/floor/plating/f13/outside/desert => 0ms (10) (avg:0)
/turf/closed/wall/f13/wood => 0ms (10) (avg:0)
/obj/item/gun/ballistic/automatic/pistol/deagle => 0ms (9) (avg:0)
/obj/machinery/computer/operating => 0ms (9) (avg:0)
/obj/item/gun/energy/laser/aer9 => 0ms (9) (avg:0)
/obj/item/storage/box/beakers => 0ms (9) (avg:0)
/obj/item/storage/box/ingredients/fiesta => 0ms (9) (avg:0)
/obj/machinery/door/airlock/shuttle => 0ms (9) (avg:0)
/obj/item/kitchen/knife/combat => 0ms (9) (avg:0)
/obj/item/clothing/suit/armor/f13/combat/enclave => 0ms (9) (avg:0)
/obj/item/clothing/under/f13/ncr/ncr_officer => 0ms (9) (avg:0)
/obj/item/melee/unarmed/bladed => 0ms (9) (avg:0)
/obj/machinery/computer/security => 0ms (8) (avg:0)
/obj/machinery/computer/security/telescreen => 0ms (8) (avg:0)
/obj/structure/closet/abductor => 0ms (8) (avg:0)
/obj/item/storage/box/ingredients/vegetarian => 0ms (8) (avg:0)
/turf/open/floor/plasteel/goonplaque => 0ms (8) (avg:0)
/turf/open/floor/plasteel/vault => 0ms (8) (avg:0)
/turf/open/transparent/glass => 0ms (8) (avg:0)
/obj/item/clothing/suit/f13/veteran => 0ms (8) (avg:0)
/obj/item/clothing/head/helmet/f13/combat/enclave => 0ms (8) (avg:0)
/obj/machinery/shower => 0ms (8) (avg:0)
/obj/structure/weightlifter => 0ms (8) (avg:0)
/obj/machinery/door/airlock/silver => 0ms (7) (avg:0)
/obj/item/reagent_containers/glass/bottle/charcoal => 0ms (7) (avg:0)
/obj/structure/closet/emcloset => 0ms (7) (avg:0)
/obj/item/storage/box/bodybags => 0ms (7) (avg:0)
/obj/item/storage/toolbox/drone => 0ms (7) (avg:0)
/obj/item/reagent_containers/food/snacks/lollipop => 0ms (7) (avg:0)
/obj/machinery/door/airlock/research => 0ms (7) (avg:0)
/turf/open/floor/plasteel/f13/vault_floor/yellow => 0ms (7) (avg:0)
/obj/structure/table/greyscale => 0ms (7) (avg:0)
/obj/structure/table/reinforced/brass => 0ms (7) (avg:0)
/obj/item/storage/backpack/satchel/explorer => 0ms (7) (avg:0)
/obj/item/storage/backpack/satchel/leather => 0ms (7) (avg:0)
/obj/screen/alert/restrained/handcuffed => 0ms (7) (avg:0)
/obj/item/clothing/head/helmet/f13/combat/mk2/raider => 0ms (7) (avg:0)
/obj/item/twohanded/spear/bonespear/deathclaw => 0ms (7) (avg:0)
/mob/living/simple_animal/hostile/handy/protectron => 0ms (6) (avg:0)
/obj/structure/closet/secure_closet/security => 0ms (6) (avg:0)
/obj/machinery/computer/security/telescreen/entertainment => 0ms (6) (avg:0)
/obj/item/dice/d10 => 0ms (6) (avg:0)
/obj/item/storage/toolbox/emergency => 0ms (6) (avg:0)
/obj/machinery/computer/cargo => 0ms (6) (avg:0)
/obj/structure/closet/syndicate/personal => 0ms (6) (avg:0)
/obj/effect/decal/cleanable/blood/gibs/body => 0ms (6) (avg:0)
/obj/item/storage/box/ingredients/carnivore => 0ms (6) (avg:0)
/obj/structure/closet/fridge/cannibal => 0ms (6) (avg:0)
/obj/item/storage/box/ingredients/exotic => 0ms (6) (avg:0)
/obj/machinery/computer/slot_machine => 0ms (6) (avg:0)
/obj/item/storage/box/ingredients/wildcard => 0ms (6) (avg:0)
/obj/item/gun/ballistic/automatic/bozar => 0ms (6) (avg:0)
/obj/item/gun/ballistic/automatic/pistol/beretta/automatic => 0ms (6) (avg:0)
/obj/machinery/power/smes => 0ms (6) (avg:0)
/obj/item/clothing/under/shorts/polychromic => 0ms (6) (avg:0)
/obj/item/storage/box/pillbottles => 0ms (6) (avg:0)
/obj/item/gun/energy/laser/plasma => 0ms (6) (avg:0)
/obj/item/reagent_containers/food/drinks/mug/tea => 0ms (6) (avg:0)
/turf/open/floor/mineral/plastitanium => 0ms (6) (avg:0)
/turf/open/floor/plasteel/f13/vault_floor/red => 0ms (6) (avg:0)
/turf/open/floor/carpet/red => 0ms (6) (avg:0)
/obj/item/melee/curator_whip => 0ms (6) (avg:0)
/obj/item/clothing/gloves/legion => 0ms (6) (avg:0)
/obj/machinery/computer/card/centcom => 0ms (5) (avg:0)
/obj/structure/closet/secure_closet/freezer/meat => 0ms (5) (avg:0)
/obj/structure/closet/radiation => 0ms (5) (avg:0)
/obj/item/storage/box/emps => 0ms (5) (avg:0)
/obj/item/storage/box/dice => 0ms (5) (avg:0)
/obj/item/dice/d4 => 0ms (5) (avg:0)
/obj/item/dice/d6 => 0ms (5) (avg:0)
/obj/item/dice/d8 => 0ms (5) (avg:0)
/obj/item/dice/d12 => 0ms (5) (avg:0)
/obj/structure/closet/cardboard/metal => 0ms (5) (avg:0)
/obj/machinery/computer/telecrystals/uplinker => 0ms (5) (avg:0)
/obj/machinery/computer/camera_advanced/abductor => 0ms (5) (avg:0)
/obj/item/storage/box/ingredients/fruity => 0ms (5) (avg:0)
/obj/item/storage/box/masks => 0ms (5) (avg:0)
/obj/machinery/computer/rdconsole => 0ms (5) (avg:0)
/turf/open/floor/plasteel/caution => 0ms (5) (avg:0)
/turf/closed/wall/f13 => 0ms (5) (avg:0)
/turf/closed/wall/mineral/titanium/nodiagonal => 0ms (5) (avg:0)
/obj/item/clothing/under/syndicate/brotherhood => 0ms (5) (avg:0)
/obj/item/card/id => 0ms (5) (avg:0)
/obj/item/clothing/head/helmet/skull => 0ms (5) (avg:0)
/obj/item/clothing/glasses/night => 0ms (5) (avg:0)
/obj/item/organ/cyberimp/eyes/hud/medical => 0ms (4) (avg:0)
/obj/structure/guncase/shotgun => 0ms (4) (avg:0)
/obj/structure/closet/secure_closet/freezer/fridge => 0ms (4) (avg:0)
/obj/structure/closet/secure_closet/freezer/kitchen => 0ms (4) (avg:0)
/obj/item/stock_parts/cell/pulse/carbine => 0ms (4) (avg:0)
/obj/item/gun/energy/pulse/carbine/loyalpin => 0ms (4) (avg:0)
/obj/item/storage/box/disks_plantgene => 0ms (4) (avg:0)
/obj/structure/closet/cardboard => 0ms (4) (avg:0)
/obj/item/storage/box/alienhandcuffs => 0ms (4) (avg:0)
/obj/item/storage/box/ingredients/italian => 0ms (4) (avg:0)
/obj/machinery/computer/security/bos => 0ms (4) (avg:0)
/obj/effect/decal/cleanable/blood/gibs/old => 0ms (4) (avg:0)
/obj/structure/fireaxecabinet => 0ms (4) (avg:0)
/obj/item/gps/mining => 0ms (4) (avg:0)
/obj/item/reagent_containers/blood/OMinus => 0ms (4) (avg:0)
/obj/item/storage/box/lights/mixed => 0ms (4) (avg:0)
/turf/open/indestructible/ground/inside/subway => 0ms (4) (avg:0)
/turf/open/floor/plasteel/f13/vault_floor/plating => 0ms (4) (avg:0)
/turf/closed/wall/mineral/titanium/interior => 0ms (4) (avg:0)
/obj/structure/table/wood/fancy/blackred => 0ms (4) (avg:0)
/turf/open/floor/carpet/blue => 0ms (4) (avg:0)
/obj/item/storage/survivalkit => 0ms (4) (avg:0)
/obj/item/clothing/under/f13/settler => 0ms (4) (avg:0)
/obj/item/clothing/gloves/fingerless => 0ms (4) (avg:0)
/obj/item/nullrod/claymore/chainsaw_sword => 0ms (4) (avg:0)
/obj/item/reagent_containers/glass/bottle/vial/small/breastreduction => 0ms (4) (avg:0)
/obj/item/ammo_casing/c10mm => 0ms (4) (avg:0)
/obj/item/clothing/head/helmet/f13/power_armor/advanced => 0ms (4) (avg:0)
/obj/item/clothing/shoes/f13/brownie => 0ms (4) (avg:0)
/obj/item/organ/cyberimp/chest/nutriment => 0ms (3) (avg:0)
/mob/living/simple_animal/hostile/handy/nsb => 0ms (3) (avg:0)
/mob/living/simple_animal/hostile/handy/gutsy/nsb => 0ms (3) (avg:0)
/obj/structure/guncase/ecase => 0ms (3) (avg:0)
/obj/item/storage/box/zipties => 0ms (3) (avg:0)
/obj/item/clothing/under/misc/polyjumpsuit => 0ms (3) (avg:0)
/obj/item/clothing/under/misc/poly_shirt => 0ms (3) (avg:0)
/obj/item/clothing/under/costume/kilt/polychromic => 0ms (3) (avg:0)
/obj/item/clothing/under/dress/skirt/polychromic => 0ms (3) (avg:0)
/obj/item/clothing/under/misc/polyshorts => 0ms (3) (avg:0)
/obj/item/gun/energy/e_gun => 0ms (3) (avg:0)
/obj/item/storage/box/teargas => 0ms (3) (avg:0)
/obj/item/gun/energy/laser/wattz/magneto => 0ms (3) (avg:0)
/obj/machinery/computer/communications => 0ms (3) (avg:0)
/obj/machinery/computer/auxillary_base => 0ms (3) (avg:0)
/obj/item/gps/internal/base => 0ms (3) (avg:0)
/obj/structure/closet/wardrobe/cargotech => 0ms (3) (avg:0)
/obj/item/storage/box/mousetraps => 0ms (3) (avg:0)
/obj/machinery/computer/arcade/orion_trail => 0ms (3) (avg:0)
/obj/item/pda/medical => 0ms (3) (avg:0)
/obj/machinery/computer/shuttle/bunkerelevator => 0ms (3) (avg:0)
/obj/machinery/computer/shuttle/northbunkerelevator => 0ms (3) (avg:0)
/obj/item/reagent_containers/food/drinks/mug/coco => 0ms (3) (avg:0)
/obj/structure/closet/boxinggloves => 0ms (3) (avg:0)
/obj/item/storage/box/lights => 0ms (3) (avg:0)
/obj/item/storage/box/lights/bulbs => 0ms (3) (avg:0)
/obj/item/storage/box/cups => 0ms (3) (avg:0)
/obj/structure/guncase => 0ms (3) (avg:0)
/obj/machinery/computer/rdconsole/core/bos => 0ms (3) (avg:0)
/obj/machinery/computer/med_data => 0ms (3) (avg:0)
/obj/machinery/computer/crew => 0ms (3) (avg:0)
/obj/item/defibrillator => 0ms (3) (avg:0)
/obj/effect/decal/cleanable/blood/gibs/human => 0ms (3) (avg:0)
/obj/effect/decal/cleanable/blood/gibs/human/body => 0ms (3) (avg:0)
/obj/item/grenade/iedcasing => 0ms (3) (avg:0)
/obj/item/kitchen/knife => 0ms (3) (avg:0)
/obj/item/clothing/head/helmet/f13/raider/blastmaster => 0ms (3) (avg:0)
/obj/structure/nest/radroach => 0ms (3) (avg:0)
/obj/item/claymore/machete/reinforced => 0ms (3) (avg:0)
/obj/item/clothing/neck/cloak/grey => 0ms (3) (avg:0)
/obj/item/clothing/suit/armor/f13/leather_jacket => 0ms (3) (avg:0)
/obj/item/gun/ballistic/automatic/service/carbine => 0ms (3) (avg:0)
/obj/item/pickaxe/drill => 0ms (3) (avg:0)
/obj/item/clothing/under/f13/merca => 0ms (3) (avg:0)
/obj/item/clothing/under/f13/ravenharness => 0ms (3) (avg:0)
/turf/closed/wall/f13/tentwall => 0ms (3) (avg:0)
/obj/item/clothing/suit/armor/f13/combat/mk2/raider => 0ms (3) (avg:0)
/obj/item/claymore/machete/gladius => 0ms (3) (avg:0)
/obj/item/construction/rcd/loaded => 0ms (3) (avg:0)
/obj/item/reagent_containers/glass/bottle/vial/small/penisreduction => 0ms (3) (avg:0)
/obj/item/melee/unarmed/brass => 0ms (3) (avg:0)
/obj/item/organ/cyberimp/brain/anti_drop => 0ms (3) (avg:0)
/turf/closed/wall/f13/tunnel => 0ms (3) (avg:0)
/obj/item/clothing/shoes/f13/fancy => 0ms (3) (avg:0)
/obj/item/defibrillator/compact => 0ms (3) (avg:0)
/obj/item/organ/cyberimp/chest/nutriment/plus => 0ms (2) (avg:0)
/mob/living/simple_animal/hostile/handy/sentrybot => 0ms (2) (avg:0)
/mob/living/simple_animal/hostile/handy/robobrain/nsb => 0ms (2) (avg:0)
/obj/structure/tank_dispenser/oxygen => 0ms (2) (avg:0)
/obj/item/storage/box/firingpins => 0ms (2) (avg:0)
/obj/structure/closet/secure_closet/ertMed => 0ms (2) (avg:0)
/obj/item/defibrillator/compact/combat/loaded => 0ms (2) (avg:0)
/obj/structure/closet/secure_closet/ertSec => 0ms (2) (avg:0)
/obj/item/storage/box/flashes => 0ms (2) (avg:0)
/obj/item/gun/energy/laser/captain => 0ms (2) (avg:0)
/obj/machinery/computer/emergency_shuttle => 0ms (2) (avg:0)
/obj/structure/closet/secure_closet/ertEngi => 0ms (2) (avg:0)
/obj/item/storage/box/metalfoam => 0ms (2) (avg:0)
/obj/machinery/computer/shuttle/labor => 0ms (2) (avg:0)
/obj/machinery/computer/shuttle/mining => 0ms (2) (avg:0)
/obj/machinery/computer/security/mining => 0ms (2) (avg:0)
/obj/machinery/gibber => 0ms (2) (avg:0)
/obj/machinery/computer/mech_bay_power_console => 0ms (2) (avg:0)
/obj/machinery/computer/camera_advanced => 0ms (2) (avg:0)
/obj/machinery/computer/shuttle => 0ms (2) (avg:0)
/obj/machinery/computer/telecomms/monitor => 0ms (2) (avg:0)
/obj/machinery/computer/telecomms/server => 0ms (2) (avg:0)
/obj/machinery/computer/message_monitor => 0ms (2) (avg:0)
/obj/item/bedsheet/gondola => 0ms (2) (avg:0)
/obj/item/gun/ballistic/automatic/assault_rifle => 0ms (2) (avg:0)
/obj/item/storage/box/ingredients/delights => 0ms (2) (avg:0)
/obj/effect/decal/cleanable/blood/gibs/limb => 0ms (2) (avg:0)
/obj/structure/closet/athletic_mixed => 0ms (2) (avg:0)
/obj/item/lighter/gold => 0ms (2) (avg:0)
/obj/item/stack/ore/blackpowder/fifty => 0ms (2) (avg:0)
/obj/item/gun/energy/laser/wattz2k => 0ms (2) (avg:0)
/obj/item/storage/box/medsprays => 0ms (2) (avg:0)
/obj/item/pda/engineering => 0ms (2) (avg:0)
/obj/item/toy/crayon/spraycan => 0ms (2) (avg:0)
/obj/machinery/computer/operating/bos => 0ms (2) (avg:0)
/obj/item/pda/chemist => 0ms (2) (avg:0)
/obj/structure/closet/secure_closet => 0ms (2) (avg:0)
/obj/item/storage/box/lights/tubes => 0ms (2) (avg:0)
/obj/item/pda/warden => 0ms (2) (avg:0)
/obj/machinery/computer/robotics => 0ms (2) (avg:0)
/obj/machinery/computer/upload/ai => 0ms (2) (avg:0)
/obj/item/stack/ore/blackpowder/five => 0ms (2) (avg:0)
/turf/open/floor/plasteel/blue/corner => 0ms (2) (avg:0)
/obj/structure/table/wood/fancy/royalblack => 0ms (2) (avg:0)
/obj/structure/window/plasma/reinforced/fulltile => 0ms (2) (avg:0)
/obj/machinery/portable_atmospherics/canister/oxygen => 0ms (2) (avg:0)
/obj/effect/decal/cleanable/blood/gibs/human/limb => 0ms (2) (avg:0)
/obj/effect/decal/cleanable/blood/gibs/human/lizard/up => 0ms (2) (avg:0)
/obj/effect/decal/cleanable/blood/gibs/slime => 0ms (2) (avg:0)
/obj/effect/decal/cleanable/blood/gibs/human/up => 0ms (2) (avg:0)
/obj/item/reagent_containers/blood/AMinus => 0ms (2) (avg:0)
/obj/item/reagent_containers/blood/APlus => 0ms (2) (avg:0)
/obj/item/reagent_containers/blood/BMinus => 0ms (2) (avg:0)
/obj/item/reagent_containers/blood/BPlus => 0ms (2) (avg:0)
/obj/item/reagent_containers/blood/OPlus => 0ms (2) (avg:0)
/obj/item/reagent_containers/blood/lizard => 0ms (2) (avg:0)
/obj/screen/zone_sel/robot => 0ms (2) (avg:0)
/obj/item/construction/rcd/borg => 0ms (2) (avg:0)
/obj/item/shovel => 0ms (2) (avg:0)
/obj/item/clothing/suit/armor/f13/raider/blastmaster => 0ms (2) (avg:0)
/obj/item/gun/ballistic/revolver/colt6520 => 0ms (2) (avg:0)
/obj/item/storage/belt/military/army => 0ms (2) (avg:0)
/obj/item/bodypart/l_leg => 0ms (2) (avg:0)
/turf/open/indestructible/ground/outside/ruins => 0ms (2) (avg:0)
/obj/item/clothing/suit/armor/f13/leatherarmor => 0ms (2) (avg:0)
/obj/item/clothing/under/f13/lumberjack => 0ms (2) (avg:0)
/obj/item/reagent_containers/pill/patch/healingpowder => 0ms (2) (avg:0)
/obj/item/clothing/under/misc/assistantformal => 0ms (2) (avg:0)
/obj/item/clothing/suit/armor/f13/legion/vet/vexil => 0ms (2) (avg:0)
/obj/item/kitchen/knife/butcher => 0ms (2) (avg:0)
/obj/item/circular_saw => 0ms (2) (avg:0)
/obj/item/clothing/gloves/color/latex/nitrile => 0ms (2) (avg:0)
/obj/item/clothing/gloves/patrol => 0ms (2) (avg:0)
/obj/structure/guillotine => 0ms (2) (avg:0)
/obj/item/storage/backpack => 0ms (2) (avg:0)
/obj/item/clothing/head/helmet/f13/legion/vet => 0ms (2) (avg:0)
/obj/item/clothing/suit/armor/f13/legion/vet => 0ms (2) (avg:0)
/obj/item/storage/backpack/explorer => 0ms (2) (avg:0)
/obj/structure/window/fulltile/wood_window => 0ms (2) (avg:0)
/obj/item/reagent_containers/food/snacks/meat/slab => 0ms (2) (avg:0)
/obj/item/bodypart/l_arm => 0ms (2) (avg:0)
/obj/item/gun/ballistic/automatic/pistol/sig => 0ms (2) (avg:0)
/obj/item/gun/ballistic/automatic/pistol/beretta => 0ms (2) (avg:0)
/obj/item/clothing/head/helmet/f13/combat/brotherhood/captain => 0ms (2) (avg:0)
/obj/item/clothing/suit/armor/f13/combat/brotherhood/captain => 0ms (2) (avg:0)
/obj/item/clothing/gloves/combat => 0ms (2) (avg:0)
/obj/item/gun/medbeam => 0ms (2) (avg:0)
/obj/item/clothing/under/f13/enclave_officer => 0ms (2) (avg:0)
/obj/item/assembly/flash/handheld => 0ms (2) (avg:0)
/obj/item/clothing/under/f13/brahminm => 0ms (2) (avg:0)
/obj/structure/door_assembly/door_assembly_hatch => 0ms (2) (avg:0)
/obj/item/twohanded/sledgehammer/supersledge => 0ms (2) (avg:0)
/obj/structure/door_assembly/door_assembly_grunge => 0ms (2) (avg:0)
/obj/item/clothing/suit/armor/f13/combat/brotherhood/initiate => 0ms (2) (avg:0)
/obj/structure/closet/crate/secure/hydroponics => 0ms (1) (avg:0)
/obj/structure/chair/e_chair => 0ms (1) (avg:0)
/mob/living/simple_animal/hostile/handy/sentrybot/nsb => 0ms (1) (avg:0)
/mob/living/simple_animal/hostile/handy/sentrybot/chew => 0ms (1) (avg:0)
/obj/structure/tank_dispenser/plasma => 0ms (1) (avg:0)
/obj/vehicle/ridden/space/speedbike => 0ms (1) (avg:0)
/obj/vehicle/ridden/space/speedbike/red => 0ms (1) (avg:0)
/obj/vehicle/ridden/space/speedwagon => 0ms (1) (avg:0)
/obj/structure/closet/gimmick/tacticool => 0ms (1) (avg:0)
/obj/structure/closet/gimmick/russian => 0ms (1) (avg:0)
/obj/structure/closet/syndicate/resources/everything => 0ms (1) (avg:0)
/obj/structure/closet/secure_closet/security/sec => 0ms (1) (avg:0)
/obj/structure/closet/secure_closet/warden => 0ms (1) (avg:0)
/obj/structure/closet/secure_closet/armory1 => 0ms (1) (avg:0)
/obj/vehicle/ridden/janicart/upgraded => 0ms (1) (avg:0)
/obj/structure/closet/firecloset/full => 0ms (1) (avg:0)
/obj/structure/closet/wardrobe/mixed => 0ms (1) (avg:0)
/obj/structure/closet/secure_closet/tac => 0ms (1) (avg:0)
/obj/structure/closet/secure_closet/armory2 => 0ms (1) (avg:0)
/obj/structure/closet/secure_closet/armory3 => 0ms (1) (avg:0)
/obj/item/gun/ballistic/automatic/m72 => 0ms (1) (avg:0)
/obj/item/gun/energy/e_gun/stun => 0ms (1) (avg:0)
/obj/item/dice/d00 => 0ms (1) (avg:0)
/obj/item/gun/energy/pulse/pistol/m1911 => 0ms (1) (avg:0)
/obj/structure/closet/secure_closet/ertCom => 0ms (1) (avg:0)
/obj/machinery/computer/shuttle/ferry => 0ms (1) (avg:0)
/obj/machinery/modular_computer/console/preset/command => 0ms (1) (avg:0)
/obj/machinery/computer/prisoner => 0ms (1) (avg:0)
/obj/structure/closet/secure_closet/quartermaster => 0ms (1) (avg:0)
/obj/structure/closet/chefcloset => 0ms (1) (avg:0)
/obj/machinery/modular_computer/console/preset/research => 0ms (1) (avg:0)
/obj/machinery/computer/telecrystals/boss => 0ms (1) (avg:0)
/obj/machinery/computer/shuttle/syndicate/recall => 0ms (1) (avg:0)
/obj/item/disk/data => 0ms (1) (avg:0)
/obj/item/dice/d6/space => 0ms (1) (avg:0)
/obj/item/gun/energy/laser/practice => 0ms (1) (avg:0)
/obj/machinery/computer/atmos_alert => 0ms (1) (avg:0)
/obj/machinery/computer/station_alert => 0ms (1) (avg:0)
/obj/machinery/gravity_generator/part => 0ms (1) (avg:0)
/obj/item/gun/energy/e_gun/mini/practice_phaser => 0ms (1) (avg:0)
/obj/machinery/computer/pandemic => 0ms (1) (avg:0)
/obj/structure/closet/wardrobe/white => 0ms (1) (avg:0)
/obj/item/dice/fudge => 0ms (1) (avg:0)
/obj/item/gun/ballistic/automatic/assault_rifle/infiltrator => 0ms (1) (avg:0)
/obj/item/storage/box/marshmallow => 0ms (1) (avg:0)
/obj/structure/closet/secure_closet/freezer/fridge/open => 0ms (1) (avg:0)
/obj/machinery/power/solar_control => 0ms (1) (avg:0)
/obj/item/storage/box/ingredients/sweets => 0ms (1) (avg:0)
/obj/structure/closet/fridge/meat => 0ms (1) (avg:0)
/obj/item/dice/d1 => 0ms (1) (avg:0)
/obj/item/storage/box/citizenship_permits => 0ms (1) (avg:0)
/obj/item/gun/ballistic/automatic/r84 => 0ms (1) (avg:0)
/obj/effect/decal/cleanable/blood/gibs/torso => 0ms (1) (avg:0)
/obj/item/storage/box/snappops => 0ms (1) (avg:0)
/obj/structure/closet/wardrobe/pjs => 0ms (1) (avg:0)
/obj/item/gps/computer => 0ms (1) (avg:0)
/obj/item/pda/heads/hop => 0ms (1) (avg:0)
/obj/item/pda/quartermaster => 0ms (1) (avg:0)
/obj/machinery/gibber/autogibber => 0ms (1) (avg:0)
/obj/machinery/computer/cargo/request => 0ms (1) (avg:0)
/obj/item/pda/lawyer => 0ms (1) (avg:0)
/obj/machinery/computer/rdconsole/core/vault => 0ms (1) (avg:0)
/obj/machinery/computer/aifixer => 0ms (1) (avg:0)
/obj/machinery/computer/upload/borg => 0ms (1) (avg:0)
/obj/item/storage/box/PDAs => 0ms (1) (avg:0)
/obj/machinery/computer/card => 0ms (1) (avg:0)
/obj/item/gun/ballistic/automatic/toy => 0ms (1) (avg:0)
/obj/structure/closet/secure_closet/freezer/kitchen/maintenance => 0ms (1) (avg:0)
/obj/item/gun/energy/laser/aer12 => 0ms (1) (avg:0)
/area/tdome/arena => 0ms (1) (avg:0)
/area/syndicate_mothership => 0ms (1) (avg:0)
/area/ctf => 0ms (1) (avg:0)
/area/awaymission/errorroom => 0ms (1) (avg:0)
/area/tdome/arena_source => 0ms (1) (avg:0)
/area/abductor_ship => 0ms (1) (avg:0)
/area/holodeck/rec_center/refuel => 0ms (1) (avg:0)
/area/holodeck/rec_center/spacechess => 0ms (1) (avg:0)
/area/holodeck/rec_center/thunderdome1218 => 0ms (1) (avg:0)
/area/holodeck/rec_center/kobayashi => 0ms (1) (avg:0)
/area/holodeck/rec_center/chapelcourt => 0ms (1) (avg:0)
/area/holodeck/rec_center/school => 0ms (1) (avg:0)
/area/fabric_of_reality => 0ms (1) (avg:0)
/area/ai_multicam_room => 0ms (1) (avg:0)
/area/holodeck/rec_center/anthophila => 0ms (1) (avg:0)
/area/holodeck/rec_center/pet_lounge => 0ms (1) (avg:0)
/area/holodeck/rec_center/medical => 0ms (1) (avg:0)
/area/holodeck/rec_center/basketball => 0ms (1) (avg:0)
/area/holodeck/rec_center/beach => 0ms (1) (avg:0)
/area/holodeck/rec_center/thunderdome => 0ms (1) (avg:0)
/area/holodeck/rec_center/dodgeball => 0ms (1) (avg:0)
/area/start => 0ms (1) (avg:0)
/area/holodeck/rec_center/winterwonderland => 0ms (1) (avg:0)
/area/holodeck/rec_center/bunker => 0ms (1) (avg:0)
/area/holodeck/rec_center/lounge => 0ms (1) (avg:0)
/area/holodeck/rec_center/wildlife => 0ms (1) (avg:0)
/area/holodeck/rec_center/offline => 0ms (1) (avg:0)
/area/holodeck/rec_center/burn => 0ms (1) (avg:0)
/area/holodeck/rec_center/court => 0ms (1) (avg:0)
/area/space => 0ms (1) (avg:0)
/turf/open/floor/plasteel/darkpurple/side => 0ms (1) (avg:0)
/turf/open/floor/plasteel/f13/vault_floor/yellow/whiteyellowfull => 0ms (1) (avg:0)
/obj/machinery/atmospherics/components/unary/vent_pump/on => 0ms (1) (avg:0)
/obj/structure/window/reinforced/tinted/fulltile => 0ms (1) (avg:0)
/obj/structure/falsewall => 0ms (1) (avg:0)
/obj/structure/falsewall/reinforced => 0ms (1) (avg:0)
/obj/machinery/computer/shuttle/bos => 0ms (1) (avg:0)
/obj/machinery/computer/shuttle/ferry/request => 0ms (1) (avg:0)
/obj/machinery/computer/shuttle/syndicate/drop_pod => 0ms (1) (avg:0)
/obj/structure/closet/syndicate/nuclear => 0ms (1) (avg:0)
/obj/item/pda/syndicate => 0ms (1) (avg:0)
/obj/item/storage/toolbox/syndicate => 0ms (1) (avg:0)
/obj/machinery/computer/med_data/syndie => 0ms (1) (avg:0)
/obj/machinery/computer/crew/syndie => 0ms (1) (avg:0)
/obj/machinery/computer/camera_advanced/shuttle_docker/syndicate => 0ms (1) (avg:0)
/obj/machinery/computer/shuttle/syndicate => 0ms (1) (avg:0)
/obj/machinery/computer/camera_advanced/syndie => 0ms (1) (avg:0)
/obj/machinery/computer/secure_data/syndie => 0ms (1) (avg:0)
/mob/living/simple_animal/hostile/handy/securitron => 0ms (1) (avg:0)
/mob/living/simple_animal/hostile/handy/robobrain => 0ms (1) (avg:0)
/obj/effect/decal/cleanable/blood/gibs/slime/torso => 0ms (1) (avg:0)
/obj/effect/decal/cleanable/blood/gibs/ipc/limb => 0ms (1) (avg:0)
/obj/item/storage/box/hug/medical => 0ms (1) (avg:0)
/obj/item/storage/box/beakers/variety => 0ms (1) (avg:0)
/obj/item/storage/box/minibombs => 0ms (1) (avg:0)
/obj/item/gun/energy/laser/scatter => 0ms (1) (avg:0)
/obj/item/storage/box/deputy_badges => 0ms (1) (avg:0)
/obj/item/gun/energy/ionrifle/carbine => 0ms (1) (avg:0)
/obj/item/gun/ballistic/automatic/m1garand => 0ms (1) (avg:0)
/obj/item/crowbar => 0ms (1) (avg:0)
/obj/item/wrench => 0ms (1) (avg:0)
/obj/item/stack/cable_coil => 0ms (1) (avg:0)
/obj/item/ammo_box/shotgun/bean => 0ms (1) (avg:0)
/obj/item/flag/legion => 0ms (1) (avg:0)
/obj/item/reagent_containers/food/snacks/salad/validsalad => 0ms (1) (avg:0)
/obj/item/stack/medical/gauze => 0ms (1) (avg:0)
/obj/item/clothing/suit/armor/f13/raider/supafly => 0ms (1) (avg:0)
/obj/item/clothing/head/helmet/f13/legion/vet/explorer => 0ms (1) (avg:0)
/obj/item/nullrod/claymore/darkblade => 0ms (1) (avg:0)
/obj/item/reagent_containers/food/drinks/bottle/gin => 0ms (1) (avg:0)
/obj/item/clothing/glasses/legiongoggles => 0ms (1) (avg:0)
/obj/item/clothing/under/f13/legskirt => 0ms (1) (avg:0)
/obj/item/storage/box/syndie => 0ms (1) (avg:0)
/obj/item/gun/ballistic/shotgun/remington => 0ms (1) (avg:0)
/obj/item/storage/fancy/cigarettes/cigpack_bigboss => 0ms (1) (avg:0)
/obj/item/clothing/suit/armor/f13/exile/bosexile => 0ms (1) (avg:0)
/obj/item/gun/ballistic/revolver/caravan_shotgun => 0ms (1) (avg:0)
/obj/item/ammo_box/m44 => 0ms (1) (avg:0)
/obj/item/gun/ballistic/automatic/pistol/m1911/compact => 0ms (1) (avg:0)
/obj/item/storage/trash_stack => 0ms (1) (avg:0)
/obj/item/ammo_box/tube/a357 => 0ms (1) (avg:0)
/obj/item/clothing/mask/bandana/skull => 0ms (1) (avg:0)
/obj/item/clothing/head/f13/stalkerpelt => 0ms (1) (avg:0)
/obj/item/gun/ballistic/automatic/pistol/ninemil => 0ms (1) (avg:0)
/obj/item/clothing/head/beret/ncr => 0ms (1) (avg:0)
/obj/item/clothing/suit/armor/f13/ncrarmor/labcoat => 0ms (1) (avg:0)
/obj/item/ammo_box/magazine/m9mm => 0ms (1) (avg:0)
/obj/item/storage/backpack/trekker => 0ms (1) (avg:0)
/obj/item/storage/belt/military/assault/ncr => 0ms (1) (avg:0)
/obj/item/multitool => 0ms (1) (avg:0)
/obj/item/clothing/head/f13/trailranger => 0ms (1) (avg:0)
/obj/item/clothing/suit/toggle/armor/f13/rangerrecon => 0ms (1) (avg:0)
/obj/item/ammo_box/magazine/m556/rifle/assault => 0ms (1) (avg:0)
/obj/item/storage/backpack/duffelbag/med/surgery => 0ms (1) (avg:0)
/obj/item/clothing/suit/toggle/labcoat => 0ms (1) (avg:0)
/obj/item/reagent_containers/pill/patch/turbo => 0ms (1) (avg:0)
/obj/item/clothing/mask/facewrap => 0ms (1) (avg:0)
/obj/item/clothing/head/helmet/f13/fiend => 0ms (1) (avg:0)
/obj/item/book/granter/trait/chemistry => 0ms (1) (avg:0)
/obj/item/ammo_box/magazine/m556/rifle => 0ms (1) (avg:0)
/obj/item/clothing/suit/armor/f13/raider/iconoclast => 0ms (1) (avg:0)
/obj/item/clothing/under/f13/exile => 0ms (1) (avg:0)
/obj/item/hatchet => 0ms (1) (avg:0)
/obj/item/clothing/suit/armor/f13/leather_jacket/combat => 0ms (1) (avg:0)
/obj/item/melee/unarmed/brass/spiked => 0ms (1) (avg:0)
/obj/item/clothing/head/helmet/f13/metalmask/mk2 => 0ms (1) (avg:0)
/obj/item/clothing/shoes/f13/rag => 0ms (1) (avg:0)
/obj/item/bodypart/r_arm => 0ms (1) (avg:0)
/obj/item/bodypart/r_leg => 0ms (1) (avg:0)
/obj/effect/decal/cleanable/blood/gibs/human/down => 0ms (1) (avg:0)
/obj/effect/decal/cleanable/blood/gibs/human/core => 0ms (1) (avg:0)
/turf/closed/wall/r_wall/f13/vault => 0ms (1) (avg:0)
/obj/item/clothing/head/helmet/f13/raider => 0ms (1) (avg:0)
/obj/item/gun/ballistic/automatic/pistol/n99 => 0ms (1) (avg:0)
/obj/item/grenade/chem_grenade/large => 0ms (1) (avg:0)
/obj/item/reagent_containers/food/snacks/meat/steak/plain/human => 0ms (1) (avg:0)
/obj/item/clothing/suit/armor/f13/power_armor/t60 => 0ms (1) (avg:0)
/obj/item/clothing/head/helmet/f13/raider/arclight => 0ms (1) (avg:0)
/obj/item/clothing/suit/armor/f13/raider/sadist => 0ms (1) (avg:0)
/obj/item/gun/ballistic/revolver/detective => 0ms (1) (avg:0)
/obj/item/organ/cyberimp/chest/reviver => 0ms (1) (avg:0)
/obj/item/clothing/head/welding => 0ms (1) (avg:0)
/obj/item/clothing/glasses/f13/biker => 0ms (1) (avg:0)
/obj/structure/window/fulltile/store => 0ms (1) (avg:0)
/obj/item/clothing/mask/cigarette/cigar => 0ms (1) (avg:0)
/obj/item/clothing/head/helmet/f13/combat => 0ms (1) (avg:0)
/obj/item/clothing/suit/armor/f13/combat => 0ms (1) (avg:0)
/obj/item/clothing/mask/gas/explorer/folded => 0ms (1) (avg:0)
/obj/screen/alert/notify_cloning => 0ms (1) (avg:0)
/obj/item/clothing/mask/gas/sechailer/swat => 0ms (1) (avg:0)
/obj/structure/door_assembly/door_assembly_vault => 0ms (1) (avg:0)
/obj/item/melee/unarmed/punchdagger => 0ms (1) (avg:0)
/obj/item/clothing/head/helmet/f13/deathskull => 0ms (1) (avg:0)
/obj/item/pda/detective => 0ms (1) (avg:0)
/obj/item/storage/box/evidence => 0ms (1) (avg:0)
/obj/item/card/id/silver => 0ms (1) (avg:0)
/obj/item/storage/box/vendingmachine => 0ms (1) (avg:0)
/obj/item/clothing/head/helmet/f13/raider/psychotic => 0ms (1) (avg:0)
/obj/item/clothing/shoes/laceup => 0ms (1) (avg:0)
