[2021-05-17 19:44:17.219] Starting up round ID 16.
 - -------------------------
[2021-05-17 19:44:18.426] INIT: Initialized Profiler subsystem within 0 seconds!
[2021-05-17 19:44:18.571] Fail2Topic: Failed to drop firewall rule. Exit code: 1.
[2021-05-17 19:44:18.572] INIT: Initialized Fail2Topic subsystem within 0.1 seconds!
[2021-05-17 19:44:18.629] INIT: Initialized Title Screen subsystem within 0.1 seconds!
[2021-05-17 19:44:18.629] INIT: Initialized Database subsystem within 0 seconds!
[2021-05-17 19:44:18.630] INIT: Initialized Stat Panels subsystem within 0 seconds!
[2021-05-17 19:44:18.630] INIT: Initialized Blackbox subsystem within 0 seconds!
[2021-05-17 19:44:18.631] INIT: Initialized Server Tasks subsystem within 0 seconds!
[2021-05-17 19:44:18.632] INIT: Initialized Input subsystem within 0 seconds!
[2021-05-17 19:44:18.635] INIT: Initialized Sounds subsystem within 0 seconds!
[2021-05-17 19:44:18.635] INIT: Initialized Vis contents overlays subsystem within 0 seconds!
[2021-05-17 19:44:18.701] INIT: Initialized Research subsystem within 0.1 seconds!
[2021-05-17 19:44:18.703] INIT: Initialized Events subsystem within 0 seconds!
[2021-05-17 19:44:18.709] INIT: Initialized Jobs subsystem within 0 seconds!
[2021-05-17 19:44:18.711] INIT: Initialized Quirks subsystem within 0 seconds!
[2021-05-17 19:44:18.723] INIT: Initialized Ticker subsystem within 0 seconds!
[2021-05-17 19:44:18.743] INIT: Initialized Instruments subsystem within 0 seconds!
[2021-05-17 19:44:39.108] INIT: Initialized Mapping subsystem within 20.4 seconds!
[2021-05-17 19:44:39.109] INIT: Initialized Economy subsystem within 0 seconds!
[2021-05-17 19:44:39.111] INIT: Initialized Networks subsystem within 0 seconds!
[2021-05-17 19:44:39.112] INIT: Initialized Holodeck subsystem within 0 seconds!
[2021-05-17 19:45:28.236] INIT: Initialized Atoms subsystem within 49.1 seconds!
[2021-05-17 19:45:28.287] INIT: Initialized Language subsystem within 0 seconds!
[2021-05-17 19:45:28.314] INIT: Initialized Machines subsystem within 0.1 seconds!
[2021-05-17 19:45:28.411] INIT: Initialized Circuit subsystem within 0.1 seconds!
[2021-05-17 19:45:28.643] INIT: Initialized Atmos Adjacency subsystem within 0.2 seconds!
[2021-05-17 19:45:28.644] INIT: Initialized Autotransfer Vote subsystem within 0 seconds!
[2021-05-17 19:45:28.644] INIT: Initialized Chemistry subsystem within 0 seconds!
[2021-05-17 19:45:28.645] INIT: Initialized Status Effects subsystem within 0 seconds!
[2021-05-17 19:45:28.648] INIT: Initialized Weather subsystem within 0 seconds!
[2021-05-17 19:45:28.653] INIT: Initialized Disease subsystem within 0 seconds!
[2021-05-17 19:45:28.654] INIT: Initialized Item Spawners subsystem within 0 seconds!
[2021-05-17 19:45:28.655] INIT: Initialized Jukeboxes subsystem within 0 seconds!
[2021-05-17 19:45:28.655] INIT: Initialized Medals subsystem within 0 seconds!
[2021-05-17 19:45:29.816] INIT: Initialized Minimaps subsystem within 1.2 seconds!
[2021-05-17 19:45:29.850] INIT: Initialized Mob Spawners subsystem within 0 seconds!
[2021-05-17 19:45:29.850] INIT: Initialized Monster Wave subsystem within 0 seconds!
[2021-05-17 19:45:29.851] INIT: Initialized Day/Night Cycle subsystem within 0 seconds!
[2021-05-17 19:45:29.851] INIT: Initialized Night Shift subsystem within 0 seconds!
[2021-05-17 19:45:29.852] INIT: Initialized Parallax subsystem within 0 seconds!
[2021-05-17 19:45:29.852] INIT: Initialized Sun subsystem within 0 seconds!
[2021-05-17 19:45:30.269] INIT: Initialized Traumas subsystem within 0.4 seconds!
[2021-05-17 19:45:38.269] INIT: Initialized Atmospherics subsystem within 8 seconds!
[2021-05-17 19:45:47.794] INIT: Initialized Assets subsystem within 9.5 seconds!
[2021-05-17 19:45:53.511] INIT: Initialized Icon Smoothing subsystem within 5.7 seconds!
[2021-05-17 19:45:54.829] INIT: Initialized Overlay subsystem within 1.3 seconds!
[2021-05-17 19:45:54.829] INIT: Initialized XKeyScore subsystem within 0 seconds!
[2021-05-17 19:45:54.908] INIT: Initialized Sticky Ban subsystem within 0.1 seconds!
[2021-05-17 19:46:05.151] INIT: Initialized Lighting subsystem within 10.2 seconds!
[2021-05-17 19:46:08.695] INIT: Initialized Shuttle subsystem within 3.5 seconds!
[2021-05-17 19:46:14.426] INIT: Initialized Minor Mapping subsystem within 5.8 seconds!
[2021-05-17 19:46:14.428] INIT: Initialized Pathfinder subsystem within 0 seconds!
[2021-05-17 19:46:14.491] INIT: Initialized Persistence subsystem within 0 seconds!
[2021-05-17 19:46:14.491] INIT: Initialized Chat subsystem within 0 seconds!
[2021-05-17 22:30:33.593] Fail2Topic: Failed to drop firewall rule. Exit code: 1.
