[2021-05-17 19:44:17.212] Starting up round ID 16.
 - -------------------------
[2021-05-17 19:51:26.602] TCOMMS: Jhonatan lima/(Luicio Notav) [NCR] (spans:  ) "Alo" (language: Galactic Common) (Wasteland (30, 195, 2))
[2021-05-17 19:52:46.076] TCOMMS: SondTheAnime/(Courier) [BOS] (spans:  ) "Partiu fazer pesquisa" (language: Galactic Common) (Brotherhood of Steel RnD Department (238, 195, 3))
[2021-05-17 19:54:12.596] TCOMMS: AdderVFX/(Morgan Nickolson) [148.9] (spans:  ) "Alô" (language: Galactic Common) (Wasteland (168, 215, 2))
[2021-05-17 19:54:14.307] TCOMMS: SondTheAnime/(Courier) [BOS] (spans:  ) "Vou pegar" (language: Galactic Common) (Brotherhood of Steel RnD Department (237, 194, 3))
[2021-05-17 19:54:20.290] TCOMMS: SondTheAnime/(Courier) [148.9] (spans:  ) "Alo" (language: Galactic Common) (Brotherhood of Steel RnD Department (238, 195, 3))
[2021-05-17 19:54:22.338] TCOMMS: SondTheAnime/(Courier) [148.9] (spans:  ) "Diga" (language: Galactic Common) (Brotherhood of Steel RnD Department (238, 195, 3))
[2021-05-17 19:54:29.492] TCOMMS: AdderVFX/(Morgan Nickolson) [148.9] (spans:  ) "Quem seria vocês?" (language: Galactic Common) (Wasteland (168, 215, 2))
[2021-05-17 19:54:36.908] TCOMMS: SondTheAnime/(Courier) [148.9] (spans:  ) "Brotherhood of Steel" (language: Galactic Common) (Brotherhood of Steel RnD Department (238, 195, 3))
[2021-05-17 19:54:40.892] TCOMMS: AdderVFX/(Morgan Nickolson) [148.9] (spans:  ) "Puta que pariu, tchau." (language: Galactic Common) (Wasteland (168, 215, 2))
[2021-05-17 19:54:46.423] TCOMMS: SondTheAnime/(Courier) [148.9] (spans:  ) "Tchau" (language: Galactic Common) (Brotherhood of Steel RnD Department (238, 195, 3))
[2021-05-17 19:54:56.115] TCOMMS: SondTheAnime/(Courier) [BOS] (spans:  ) "Chegou alguém na porta" (language: Galactic Common) (Brotherhood of Steel RnD Department (232, 199, 3))
[2021-05-17 19:55:04.356] TCOMMS: Luciam/(Dav Jones) [Enclave] (spans:  ) "Aoba?" (language: Galactic Common) (Wasteland (39, 180, 2))
[2021-05-17 19:55:05.004] TCOMMS: SondTheAnime/(Courier) [BOS] (spans:  ) "E perguntou quem a gente era" (language: Galactic Common) (Brotherhood of Steel RnD Department (232, 199, 3))
[2021-05-17 19:55:13.837] TCOMMS: SondTheAnime/(Courier) [BOS] (spans:  ) "Quando falei que era a irmandade do aço" (language: Galactic Common) (Brotherhood of Steel RnD Department (232, 199, 3))
[2021-05-17 19:55:19.643] TCOMMS: SondTheAnime/(Courier) [BOS] (spans:  ) "Ele ficou com medo e correu" (language: Galactic Common) (Brotherhood of Steel RnD Department (232, 199, 3))
[2021-05-17 19:55:49.524] TCOMMS: Eversonblr/(Miguel Hastings) [BOS] (spans:  ) "Que porta ?" (language: Galactic Common) (Brotherhood of Steel (167, 228, 2))
[2021-05-17 19:55:55.330] TCOMMS: SondTheAnime/(Courier) [BOS] (spans:  ) "Portão" (language: Galactic Common) (Brotherhood of Steel RnD Department (227, 208, 3))
[2021-05-17 19:55:59.970] TCOMMS: SondTheAnime/(Courier) [BOS] (spans:  ) "Portão da base" (language: Galactic Common) (Brotherhood of Steel RnD Department (227, 200, 3))
[2021-05-17 19:56:01.402] TCOMMS: Eversonblr/(Miguel Hastings) [BOS] (spans:  ) "Tendi" (language: Galactic Common) (Brotherhood of Steel (143, 237, 2))
[2021-05-17 19:56:13.280] TCOMMS: SondTheAnime/(Courier) [BOS] (spans:  ) "Era um wastelander" (language: Galactic Common) (Brotherhood of Steel RnD Department (227, 200, 3))
[2021-05-17 19:58:05.104] TCOMMS: Luciam/(Dav Jones) [Enclave] (spans:  ) "Aooba?" (language: Galactic Common) (Village (151, 181, 2))
[2021-05-17 19:58:24.138] TCOMMS: SondTheAnime/(Courier) [BOS] (spans:  ) "Vou pegar scrap quando tiver a mascara, não quero ficar cego" (language: Galactic Common) (Brotherhood of Steel RnD Department (230, 197, 3))
[2021-05-17 19:58:27.620] TCOMMS: SondTheAnime/(Courier) [BOS] (spans:  ) "Vou minerar" (language: Galactic Common) (Brotherhood of Steel RnD Department (230, 197, 3))
[2021-05-17 19:58:42.092] TCOMMS: SondTheAnime/(Courier) [BOS] (spans:  ) "Tem madeira la encima?" (language: Galactic Common) (Brotherhood of Steel RnD Department (227, 206, 3))
[2021-05-17 19:58:57.137] TCOMMS: Eversonblr/(Miguel Hastings) [BOS] (spans:  ) "SO pega da arvore" (language: Galactic Common) (Brotherhood of Steel RnD Department (234, 208, 3))
[2021-05-17 19:59:00.954] TCOMMS: SondTheAnime/(Courier) [BOS] (spans:  ) "Certo" (language: Galactic Common) (Brotherhood of Steel (126, 237, 2))
[2021-05-17 19:59:08.329] TCOMMS: Eversonblr/(Miguel Hastings) [BOS] (spans:  ) "Vou pega você" (language: Galactic Common) (Brotherhood of Steel Operations Department (228, 237, 3))
[2021-05-17 19:59:36.118] TCOMMS: SondTheAnime/(Courier) [BOS] (spans:  ) "Onde tem arvore?" (language: Galactic Common) (Brotherhood of Steel (168, 227, 2))
[2021-05-17 19:59:56.298] TCOMMS: N0fun/(Makenna Coldsmith) [BOS] (spans:  ) "Bom dia irmãos!" (language: Galactic Common) (Brotherhood of Steel 1st Floor Offices (238, 236, 3))
[2021-05-17 20:00:01.745] TCOMMS: SondTheAnime/(Courier) [BOS] (spans:  ) "Bom dia!" (language: Galactic Common) (Wasteland (176, 206, 2))
[2021-05-17 20:00:08.323] TCOMMS: Eversonblr/(Miguel Hastings) [BOS] (spans:  ) "Bom dia" (language: Galactic Common) (Wasteland (171, 204, 2))
[2021-05-17 20:00:08.838] TCOMMS: SondTheAnime/(Courier) [BOS] (spans:  ) "Identifique-se, por favor." (language: Galactic Common) (Wasteland (176, 206, 2))
[2021-05-17 20:00:19.724] TCOMMS: N0fun/(Makenna Coldsmith) [BOS] (spans:  ) "Head Knight se apresentando" (language: Galactic Common) (Brotherhood of Steel 1st Floor Offices (235, 236, 3))
[2021-05-17 20:00:30.817] TCOMMS: SondTheAnime/(Courier) [BOS] (spans:  ) "Oh." (language: Galactic Common) (Wasteland (175, 205, 2))
[2021-05-17 20:00:40.272] TCOMMS: SondTheAnime/(Courier) [BOS] (spans:  ) "Miguel, tenta ligar o reator." (language: Galactic Common) (Wasteland (173, 207, 2))
[2021-05-17 20:00:45.881] TCOMMS: Eversonblr/(Miguel Hastings) [BOS] (spans:  ) "Ah é mesmo" (language: Galactic Common) (Brotherhood of Steel (169, 222, 2))
[2021-05-17 20:00:47.929] TCOMMS: Eversonblr/(Miguel Hastings) [BOS] (spans:  ) "Esqueci" (language: Galactic Common) (Brotherhood of Steel (169, 222, 2))
[2021-05-17 20:01:01.897] TCOMMS: Jhonatan lima/(Luicio Notav) [Common] (spans:  ) "Aloooooo" (language: Galactic Common) (Wasteland (13, 193, 2))
[2021-05-17 20:01:04.651] TCOMMS: GabrielDoomBR/(Baam Frest) [Common] (spans:  ) "Alo" (language: Galactic Common) (Caves (68, 38, 3))
[2021-05-17 20:01:18.828] TCOMMS: SondTheAnime/(Courier) [BOS] (spans:  ) "Vou minerar" (language: Galactic Common) (Brotherhood of Steel RnD Department (230, 209, 3))
[2021-05-17 20:01:49.621] TCOMMS: SondTheAnime/(Courier) [BOS] (spans:  ) "Head Knight, se possivel verificar as defesas da base. Não queremos invasões." (language: Galactic Common) (Brotherhood of Steel Mining (221, 200, 3))
[2021-05-17 20:03:08.891] TCOMMS: N0fun/(Makenna Coldsmith) [BOS] (spans:  ) "Tudo certo no portão" (language: Galactic Common) (Brotherhood of Steel (154, 236, 2))
[2021-05-17 20:03:16.025] TCOMMS: SondTheAnime/(Courier) [BOS] (spans:  ) "Certo." (language: Galactic Common) (Caves (208, 184, 3))
[2021-05-17 20:04:17.269] TCOMMS: addervfx/(Gordon Magroni) [Common] (spans:  ) "Alo." (language: Galactic Common) (NCR (36, 206, 2))
[2021-05-17 20:04:26.575] TCOMMS: addervfx/(Gordon Magroni) [NCR] (spans:  ) "Alô." (language: Galactic Common) (NCR (36, 206, 2))
[2021-05-17 20:04:28.419] TCOMMS: Eversonblr/(Miguel Hastings) [BOS] (spans:  ) "Ja fiz a welding gas mask" (language: Galactic Common) (Brotherhood of Steel RnD Department (235, 199, 3))
[2021-05-17 20:04:30.862] TCOMMS: Jhonatan lima/(Luicio Notav) [NCR] (spans:  ) "Alo" (language: Galactic Common) (NCR (21, 207, 2))
[2021-05-17 20:04:43.261] TCOMMS: SondTheAnime/(Courier) [BOS] (spans:  ) "Certo, tampei os ninhos na caves" (language: Galactic Common) (Caves (220, 177, 3))
[2021-05-17 20:04:50.592] TCOMMS: SondTheAnime/(Courier) [BOS] (spans:  ) "Head Knight" (language: Galactic Common) (Caves (220, 179, 3))
[2021-05-17 20:04:56.299] TCOMMS: N0fun/(Makenna Coldsmith) [BOS] (spans:  ) "Sim?" (language: Galactic Common) (Brotherhood of Steel Operations Department (230, 229, 3))
[2021-05-17 20:04:57.193] TCOMMS: SondTheAnime/(Courier) [BOS] (spans:  ) "Poderia ir buscar scraps?" (language: Galactic Common) (Caves (220, 179, 3))
[2021-05-17 20:05:05.384] TCOMMS: addervfx/(Gordon Magroni) [NCR] (spans:  ) "Só tem tu fora eu?" (language: Galactic Common) (NCR (38, 207, 2))
[2021-05-17 20:05:14.997] TCOMMS: Jhonatan lima/(Luicio Notav) [NCR] (spans:  ) "Yep" (language: Galactic Common) (Wasteland (27, 202, 2))
[2021-05-17 20:05:15.354] TCOMMS: SondTheAnime/(Courier) [BOS] (spans:  ) "Se não souber como eu ensino" (language: Galactic Common) (Brotherhood of Steel Mining (223, 199, 3))
[2021-05-17 20:05:23.841] TCOMMS: N0fun/(Makenna Coldsmith) [BOS] (spans:  ) "Por favor." (language: Galactic Common) (Brotherhood of Steel Operations Department (229, 226, 3))
[2021-05-17 20:05:55.976] TCOMMS: SondTheAnime/(Courier) [BOS] (spans:  ) "Se vai no Miguel e pega na Welding Tool e a Mask Welding. Ai se vai nos carros e usa a Welding tool e ai vai dar scraps de pré-guerra" (language: Galactic Common) (Brotherhood of Steel Mining (223, 200, 3))
[2021-05-17 20:06:01.138] TCOMMS: SondTheAnime/(Courier) [BOS] (spans:  ) "Se tras eles pra base" (language: Galactic Common) (Brotherhood of Steel Mining (223, 200, 3))
[2021-05-17 20:06:09.329] TCOMMS: N0fun/(Makenna Coldsmith) [BOS] (spans:  ) "Ah certo então" (language: Galactic Common) (Brotherhood of Steel RnD Department (233, 200, 3))
[2021-05-17 20:06:13.886] TCOMMS: SondTheAnime/(Courier) [BOS] (spans:  ) "Melhor levar um locker pra guardar os scraps dentro" (language: Galactic Common) (Brotherhood of Steel Mining (223, 200, 3))
[2021-05-17 20:06:22.462] TCOMMS: GabrielDoomBR/(Baam Frest) [Common] (spans:  ) "Oasis aberto" (language: Galactic Common) (City (59, 49, 2))
[2021-05-17 20:06:31.521] TCOMMS: Jhonatan lima/(Luicio Notav) [NCR] (spans:  ) "Eu vou rair por uns 3 minutos ok" (language: Galactic Common) (NCR (31, 193, 2))
[2021-05-17 20:07:44.742] TCOMMS: SondTheAnime/(Courier) [BOS] (spans:  ) "A BoS ja começa com a drill de diamante, que bom." (language: Galactic Common) (Caves (212, 197, 3))
[2021-05-17 20:07:47.248] TCOMMS: Eversonblr/(Miguel Hastings) [BOS] (spans:  ) "HEad kgnight cade tu" (language: Galactic Common) (Brotherhood of Steel Operations Department (232, 224, 3))
[2021-05-17 20:07:55.912] TCOMMS: addervfx/(Gordon Magroni) [NCR] (spans:  ) "Beleza." (language: Galactic Common) (NCR (32, 212, 2))
[2021-05-17 20:07:58.856] TCOMMS: N0fun/(Makenna Coldsmith) [BOS] (spans:  ) "Aqui fora" (language: Galactic Common) (Wasteland (182, 188, 2))
[2021-05-17 20:08:18.100] TCOMMS: Jhonatan lima/(Luicio Notav) [NCR] (spans:  ) "Voltei" (language: Galactic Common) (Wasteland (24, 198, 2))
[2021-05-17 20:08:40.970] TCOMMS: Eversonblr/(Miguel Hastings) [BOS] (spans:  ) "To indo ae" (language: Galactic Common) (Brotherhood of Steel RnD Department (235, 200, 3))
[2021-05-17 20:09:06.219] TCOMMS: addervfx/(Gordon Magroni) [NCR] (spans:  ) "Temos algum objetivo por enquanto?" (language: Galactic Common) (Wasteland (41, 197, 2))
[2021-05-17 20:09:36.804] TCOMMS: Jhonatan lima/(Luicio Notav) [NCR] (spans:  ) "Fortalecer a base" (language: Galactic Common) (NCR (31, 190, 2))
[2021-05-17 20:09:39.920] TCOMMS: Eversonblr/(Miguel Hastings) [BOS] (spans:  ) "Cade tu ?" (language: Galactic Common) (Brotherhood of Steel (170, 219, 2))
[2021-05-17 20:10:27.320] TCOMMS: Gatossj/(John Grave) [Vault] (spans:  ) "ALO?" (language: Galactic Common) (Vault (41, 164, 4))
[2021-05-17 20:13:01.486] TCOMMS: AdderVFX/(Gordon Magroni) [NCR] (spans:  ) "Voltei, tive um ataque mental." (language: Galactic Common) (Wasteland (17, 199, 2))
[2021-05-17 20:13:15.765] TCOMMS: GabrielDoomBR/(Baam Frest) [Oasis] (spans:  ) "Eae" (language: Galactic Common) (City (60, 47, 2))
[2021-05-17 20:13:41.587] TCOMMS: Luciam/(Dav Jones) [Common] (spans:  ) "Vendo tecnologias" (language: Galactic Common) (Enclave (135, 25, 3))
[2021-05-17 20:16:02.887] TCOMMS: SondTheAnime/(Courier) [BOS] (spans:  ) "Onde ses tão?" (language: Galactic Common) (Caves (221, 177, 3))
[2021-05-17 20:16:16.248] TCOMMS: N0fun/(Makenna Coldsmith) [BOS] (spans:  ) "Eu tô aqui na base" (language: Galactic Common) (Brotherhood of Steel RnD Department (232, 209, 3))
[2021-05-17 20:16:24.532] TCOMMS: SondTheAnime/(Courier) [BOS] (spans:  ) "Pegou os Scraps?" (language: Galactic Common) (Caves (221, 185, 3))
[2021-05-17 20:16:28.849] TCOMMS: N0fun/(Makenna Coldsmith) [BOS] (spans:  ) "Sim" (language: Galactic Common) (Brotherhood of Steel Operations Department (230, 226, 3))
[2021-05-17 20:16:43.526] TCOMMS: SondTheAnime/(Courier) [BOS] (spans:  ) "Certo, deixa eles na ala de pesquisa" (language: Galactic Common) (Brotherhood of Steel Mining (220, 198, 3))
[2021-05-17 20:16:43.701] TCOMMS: nickenzo12345/(Moises Harshman) [Common] (spans:  ) "Tem gente no oasis?" (language: Galactic Common) (Wasteland (191, 63, 2))
[2021-05-17 20:16:47.661] TCOMMS: GabrielDoomBR/(Baam Frest) [Common] (spans:  ) "Tem" (language: Galactic Common) (Tunnel (63, 42, 3))
[2021-05-17 20:16:49.123] TCOMMS: GabrielDoomBR/(Baam Frest) [Common] (spans:  ) "Pera ai" (language: Galactic Common) (Tunnel (63, 42, 3))
[2021-05-17 20:16:56.237] TCOMMS: nickenzo12345/(Moises Harshman) [Common] (spans:  ) "Quero comprar uma cadeado" (language: Galactic Common) (Wasteland (152, 63, 2))
[2021-05-17 20:18:10.845] TCOMMS: degusta00/(Monte Ehret) [148.9] (spans:  ) "Alo aqui quem ta falano e o antedeguemon" (language: Galactic Common) (Wasteland (168, 215, 2))
[2021-05-17 20:18:40.789] TCOMMS: degusta00/(Monte Ehret) [148.9] (spans:  ) "O antedeguemon ta ai?" (language: Galactic Common) (Wasteland (168, 215, 2))
[2021-05-17 20:19:00.178] TCOMMS: SondTheAnime/(Courier) [BOS] (spans:  ) "Melhorem as maquinas da base quando possivel." (language: Galactic Common) (Brotherhood of Steel RnD Department (231, 199, 3))
[2021-05-17 20:19:06.265] TCOMMS: SondTheAnime/(Courier) [BOS] (spans:  ) "Vou ir pegar mais scraps" (language: Galactic Common) (Brotherhood of Steel RnD Department (229, 200, 3))
[2021-05-17 20:21:28.645] TCOMMS: SondTheAnime/(Courier) [BOS] (spans:  ) "Estou saindo agora pra pegar scraps, abrindo portão" (language: Galactic Common) (Brotherhood of Steel (169, 219, 2))
[2021-05-17 20:21:48.689] TCOMMS: DarkPudding/(John Wick) [NCR] (spans:  ) "Bom dia." (language: Galactic Common) (NCR (35, 203, 2))
[2021-05-17 20:21:54.043] TCOMMS: Jhonatan lima/(Luicio Notav) [NCR] (spans:  ) "Opa" (language: Galactic Common) (Wasteland (12, 232, 2))
[2021-05-17 20:21:55.710] TCOMMS: dfrenando/(Fernando Araujo) [BOS] (spans:  ) "Alou" (language: Galactic Common) (Brotherhood of Steel Leisure Areas (224, 232, 3))
[2021-05-17 20:22:01.033] TCOMMS: AdderVFX/(Gordon Magroni) [NCR] (spans:  ) "Bom dia." (language: Galactic Common) (Wasteland (183, 4, 4))
[2021-05-17 20:22:02.826] TCOMMS: SondTheAnime/(Courier) [BOS] (spans:  ) "Alo, identifique-se" (language: Galactic Common) (Wasteland (181, 180, 2))
[2021-05-17 20:22:41.540] TCOMMS: dfrenando/(Fernando Araujo) [BOS] (spans:  ) "Fernando Araujo paladino" (language: Galactic Common) (Brotherhood of Steel Medbay (237, 221, 3))
[2021-05-17 20:22:44.425] TCOMMS: DarkPudding/(John Wick) [NCR] (spans:  ) "Quantos somos?" (language: Galactic Common) (Wasteland (23, 197, 2))
[2021-05-17 20:22:51.297] TCOMMS: SondTheAnime/(Courier) [BOS] (spans:  ) "Certo, fernando." (language: Galactic Common) (Village (158, 178, 2))
[2021-05-17 20:22:58.550] TCOMMS: SondTheAnime/(Courier) [BOS] (spans:  ) "Poderia ficar de vigia no portão da base?" (language: Galactic Common) (Village (158, 178, 2))
[2021-05-17 20:23:03.273] TCOMMS: Jhonatan lima/(Luicio Notav) [NCR] (spans:  ) "3" (language: Galactic Common) (Wasteland (186, 4, 4))
[2021-05-17 20:23:05.692] TCOMMS: dfrenando/(Fernando Araujo) [BOS] (spans:  ) "Claro..." (language: Galactic Common) (Brotherhood of Steel Operations Department (244, 236, 3))
[2021-05-17 20:23:16.886] TCOMMS: DarkPudding/(John Wick) [NCR] (spans:  ) "Quem é o atual líder?" (language: Galactic Common) (Wasteland (43, 235, 2))
[2021-05-17 20:23:27.467] TCOMMS: Jhonatan lima/(Luicio Notav) [NCR] (spans:  ) "Você é o que?" (language: Galactic Common) (Bunker (187, 11, 4))
[2021-05-17 20:23:33.996] TCOMMS: AdderVFX/(Gordon Magroni) [NCR] (spans:  ) "Algum de vocês." (language: Galactic Common) (Wasteland (27, 225, 2))
[2021-05-17 20:23:37.013] TCOMMS: DarkPudding/(John Wick) [NCR] (spans:  ) "Soldado médico." (language: Galactic Common) (Wasteland (33, 247, 2))
[2021-05-17 20:23:44.079] TCOMMS: Jhonatan lima/(Luicio Notav) [NCR] (spans:  ) "Sou eu então" (language: Galactic Common) (Bunker (187, 11, 4))
[2021-05-17 20:23:46.051] TCOMMS: nickenzo12345/(Moises Harshman) [Common] (spans:  ) "Baam abre" (language: Galactic Common) (Wasteland (56, 51, 2))
[2021-05-17 20:23:49.229] TCOMMS: GabrielDoomBR/(Baam Frest) [Common] (spans:  ) "Pera ae" (language: Galactic Common) (Tunnel (76, 42, 3))
[2021-05-17 20:23:51.482] TCOMMS: GabrielDoomBR/(Baam Frest) [Common] (spans:  ) "2 min" (language: Galactic Common) (Tunnel (76, 42, 3))
[2021-05-17 20:23:52.063] TCOMMS: nickenzo12345/(Moises Harshman) [Common] (spans:  ) "Quero trocar" (language: Galactic Common) (Wasteland (56, 51, 2))
[2021-05-17 20:23:59.748] TCOMMS: N0fun/(Makenna Coldsmith) [BOS] (spans:  ) "Paladin aparece aqui onde eu tô pegando scraps tem uns caras falando coisas estranhas" (language: Galactic Common) (Wasteland (186, 184, 2))
[2021-05-17 20:24:06.325] TCOMMS: nickenzo12345/(Moises Harshman) [Common] (spans:  ) "Tenho uma metralhadora pessada" (language: Galactic Common) (Wasteland (57, 51, 2))
[2021-05-17 20:24:09.111] TCOMMS: GabrielDoomBR/(Baam Frest) [Common] (spans:  ) "Boa" (language: Galactic Common) (Tunnel (70, 40, 3))
[2021-05-17 20:24:17.752] TCOMMS: DarkPudding/(John Wick) [NCR] (spans:  ) "Quais as ordens?" (language: Galactic Common) (Wasteland (8, 195, 2))
[2021-05-17 20:24:21.633] TCOMMS: dfrenando/(Fernando Araujo) [BOS] (spans:  ) "Estou indo, me diga sua localização" (language: Galactic Common) (Brotherhood of Steel (161, 237, 2))
[2021-05-17 20:24:28.014] TCOMMS: N0fun/(Makenna Coldsmith) [BOS] (spans:  ) "Foram embora" (language: Galactic Common) (Wasteland (184, 185, 2))
[2021-05-17 20:24:32.395] TCOMMS: N0fun/(Makenna Coldsmith) [BOS] (spans:  ) "Ainda bem" (language: Galactic Common) (Wasteland (185, 184, 2))
[2021-05-17 20:24:42.180] TCOMMS: N0fun/(Makenna Coldsmith) [BOS] (spans:  ) "Eles ficavam falando sobre um tal de Carlos" (language: Galactic Common) (Wasteland (185, 184, 2))
[2021-05-17 20:24:43.723] TCOMMS: Jhonatan lima/(Luicio Notav) [NCR] (spans:  ) "Ficar na base estamos esplorando de baixo do onibôs" (language: Galactic Common) (Bunker (181, 11, 4))
[2021-05-17 20:24:44.547] TCOMMS: DarkPudding/(John Wick) [NCR] (spans:  ) "Ficarei de vigia no portal." (language: Galactic Common) (NCR (33, 191, 2))
[2021-05-17 20:24:50.635] TCOMMS: N0fun/(Makenna Coldsmith) [BOS] (spans:  ) "Dizendo que esse Carlos era a salvação deles" (language: Galactic Common) (Wasteland (185, 184, 2))
[2021-05-17 20:25:12.083] TCOMMS: dfrenando/(Fernando Araujo) [BOS] (spans:  ) "Devem ser esses selvagens que fizeram uma religião esquisita" (language: Galactic Common) (Brotherhood of Steel (149, 238, 2))
[2021-05-17 20:25:34.287] TCOMMS: SondTheAnime/(Courier) [BOS] (spans:  ) "Deve ser o povo da legião" (language: Galactic Common) (Wasteland (130, 164, 2))
[2021-05-17 20:26:04.312] TCOMMS: dfrenando/(Fernando Araujo) [BOS] (spans:  ) "Porem eles não veneram Carlos, é o Cesar não é ?" (language: Galactic Common) (Brotherhood of Steel (159, 235, 2))
[2021-05-17 20:26:16.814] TCOMMS: SondTheAnime/(Courier) [BOS] (spans:  ) "Deve ser" (language: Galactic Common) (Village (159, 152, 2))
[2021-05-17 20:26:40.707] TCOMMS: SondTheAnime/(Courier) [BOS] (spans:  ) "To matando ghoul pra cacete aqui" (language: Galactic Common) (Wasteland (150, 159, 2))
[2021-05-17 20:28:49.391] TCOMMS: Rodinha/(Mathias Groove) [BOS] (spans:  ) "Mathias se apresentando ao serviço, o que eu faço ?" (language: Galactic Common) (Brotherhood of Steel 1st Floor Offices (223, 214, 3))
[2021-05-17 20:28:59.558] TCOMMS: SondTheAnime/(Courier) [BOS] (spans:  ) "Mathias qual é seu cargo?" (language: Galactic Common) (Wasteland (215, 134, 2))
[2021-05-17 20:29:10.181] TCOMMS: Rodinha/(Mathias Groove) [BOS] (spans:  ) "Paladino" (language: Galactic Common) (Brotherhood of Steel Operations Department (231, 220, 3))
[2021-05-17 20:29:29.936] TCOMMS: SondTheAnime/(Courier) [BOS] (spans:  ) "Certo, tem duas coisas, minerar ou pegar scraps. O que vai ser? escolhe." (language: Galactic Common) (Wasteland (215, 134, 2))
[2021-05-17 20:29:40.522] TCOMMS: Eversonblr/(Miguel Hastings) [BOS] (spans:  ) "Ja to minerando" (language: Galactic Common) (Caves (202, 143, 3))
[2021-05-17 20:29:57.017] TCOMMS: Rodinha/(Mathias Groove) [BOS] (spans:  ) "Vou de scraps então" (language: Galactic Common) (Brotherhood of Steel Operations Department (242, 237, 3))
[2021-05-17 20:29:59.969] TCOMMS: SondTheAnime/(Courier) [BOS] (spans:  ) "Então Mathias pega scraps. Ver com o miguel as ferramentas" (language: Galactic Common) (Wasteland (215, 134, 2))
[2021-05-17 20:30:10.633] TCOMMS: dfrenando/(Fernando Araujo) [BOS] (spans:  ) "Eu vou escoutar o mathias" (language: Galactic Common) (Brotherhood of Steel Operations Department (246, 230, 3))
[2021-05-17 20:30:19.207] TCOMMS: SondTheAnime/(Courier) [BOS] (spans:  ) "Certo, Fernando." (language: Galactic Common) (Wasteland (214, 134, 2))
[2021-05-17 20:30:21.827] TCOMMS: Jhonatan lima/(Luicio Notav) [NCR] (spans:  ) "Pegamos as armas" (language: Galactic Common) (Wasteland (27, 223, 2))
[2021-05-17 20:30:53.362] TCOMMS: DarkPudding/(John Wick) [NCR] (spans:  ) "Ótimo." (language: Galactic Common) (NCR (33, 191, 2))
[2021-05-17 20:31:20.561] TCOMMS: N0fun/(Makenna Coldsmith) [BOS] (spans:  ) "Tomem cuidado" (language: Galactic Common) (Wasteland (158, 186, 2))
[2021-05-17 20:31:22.716] TCOMMS: Eversonblr/(Miguel Hastings) [BOS] (spans:  ) "Carai minerei tanto que achei ate uma cosia que aparece ser outra base" (language: Galactic Common) (Caves (198, 131, 3))
[2021-05-17 20:31:31.225] TCOMMS: N0fun/(Makenna Coldsmith) [BOS] (spans:  ) "Parece que houve uma carnificina aqui perto da base" (language: Galactic Common) (Wasteland (158, 186, 2))
[2021-05-17 20:31:37.652] TCOMMS: SondTheAnime/(Courier) [BOS] (spans:  ) "Fale mais, Miguel." (language: Galactic Common) (Wasteland (182, 192, 2))
[2021-05-17 20:31:46.843] TCOMMS: Eversonblr/(Miguel Hastings) [BOS] (spans:  ) "Tem uns muro aque" (language: Galactic Common) (Caves (199, 139, 3))
[2021-05-17 20:31:48.024] TCOMMS: InicialPlayss/(Rayan Lindgrey) [Oasis] (spans:  ) "Baam voce tem stimpak" (language: Galactic Common) (City (49, 48, 2))
[2021-05-17 20:31:51.805] TCOMMS: Eversonblr/(Miguel Hastings) [BOS] (spans:  ) "E uma matrix" (language: Galactic Common) (Caves (197, 136, 3))
[2021-05-17 20:31:57.329] TCOMMS: GabrielDoomBR/(Baam Frest) [Oasis] (spans:  ) "Tenho" (language: Galactic Common) (City (59, 48, 2))
[2021-05-17 20:32:02.020] TCOMMS: SondTheAnime/(Courier) [BOS] (spans:  ) "Não vamos nos envolver em assuntos de outra facções." (language: Galactic Common) (Wasteland (170, 211, 2))
[2021-05-17 20:32:04.113] TCOMMS: InicialPlayss/(Rayan Lindgrey) [Oasis] (spans:  ) "Me da um ai" (language: Galactic Common) (Wasteland (50, 42, 2))
[2021-05-17 20:32:07.650] TCOMMS: SondTheAnime/(Courier) [BOS] (spans:  ) "Vou ir ai" (language: Galactic Common) (Brotherhood of Steel (170, 216, 2))
[2021-05-17 20:32:07.657] TCOMMS: SondTheAnime/(Courier) [148.9] (spans:  italics ) "Vou ir ai" (language: Galactic Common) (Brotherhood of Steel (170, 216, 2))
[2021-05-17 20:32:17.209] TCOMMS: Eversonblr/(Miguel Hastings) [BOS] (spans:  ) "Achei o esgoto" (language: Galactic Common) (Caves (197, 136, 3))
[2021-05-17 20:32:28.565] TCOMMS: SondTheAnime/(Courier) [BOS] (spans:  ) "Cuidado, talvez possa ser o enclave" (language: Galactic Common) (Brotherhood of Steel (174, 233, 2))
[2021-05-17 20:32:32.889] TCOMMS: SondTheAnime/(Courier) [BOS] (spans:  ) "Os enclave fica no esgoto" (language: Galactic Common) (Brotherhood of Steel (174, 233, 2))
[2021-05-17 20:32:39.190] TCOMMS: Eversonblr/(Miguel Hastings) [BOS] (spans:  ) "Vem ca ver" (language: Galactic Common) (Caves (198, 136, 3))
[2021-05-17 20:33:05.191] TCOMMS: SondTheAnime/(Courier) [BOS] (spans:  ) "Perai ja vou ai" (language: Galactic Common) (Brotherhood of Steel (170, 220, 2))
[2021-05-17 20:33:06.456] TCOMMS: Eversonblr/(Miguel Hastings) [BOS] (spans:  ) "Cade você" (language: Galactic Common) (Caves (218, 181, 3))
[2021-05-17 20:33:46.273] TCOMMS: SondTheAnime/(Courier) [BOS] (spans:  ) "To na base" (language: Galactic Common) (Brotherhood of Steel (169, 226, 2))
[2021-05-17 20:33:56.651] TCOMMS: SondTheAnime/(Courier) [BOS] (spans:  ) "Peguem os scraps no portão em levem pra baixo" (language: Galactic Common) (Brotherhood of Steel (169, 226, 2))
[2021-05-17 20:34:06.108] TCOMMS: N0fun/(Makenna Coldsmith) [BOS] (spans:  ) "Tem BoS que desertou aqui fora" (language: Galactic Common) (Village (183, 177, 2))
[2021-05-17 20:34:08.767] TCOMMS: SondTheAnime/(Courier) [BOS] (spans:  ) "Podem parar de buscar scraps, acho que temos bastante por agora" (language: Galactic Common) (Brotherhood of Steel (169, 226, 2))
[2021-05-17 20:34:16.390] TCOMMS: N0fun/(Makenna Coldsmith) [BOS] (spans:  ) "Um que virou outlaw" (language: Galactic Common) (Village (183, 177, 2))
[2021-05-17 20:34:30.916] TCOMMS: SondTheAnime/(Courier) [BOS] (spans:  ) "Humm" (language: Galactic Common) (Brotherhood of Steel Operations Department (227, 240, 3))
[2021-05-17 20:34:35.515] TCOMMS: SondTheAnime/(Courier) [BOS] (spans:  ) "Ver isso ai" (language: Galactic Common) (Brotherhood of Steel Operations Department (227, 235, 3))
[2021-05-17 20:34:39.851] TCOMMS: GabrielDoomBR/(Baam Frest) [Common] (spans:  ) "Vou ficar ssd" (language: Galactic Common) (City (59, 48, 2))
[2021-05-17 20:34:41.770] TCOMMS: Eversonblr/(Miguel Hastings) [BOS] (spans:  ) "Talvez eu achei a base da enclave" (language: Galactic Common) (Caves (199, 117, 3))
[2021-05-17 20:34:42.514] TCOMMS: N0fun/(Makenna Coldsmith) [BOS] (spans:  ) "Ele saiu correndo" (language: Galactic Common) (Wasteland (174, 183, 2))
[2021-05-17 20:34:46.865] TCOMMS: SondTheAnime/(Courier) [BOS] (spans:  ) "Abre a ala tecnologica" (language: Galactic Common) (Brotherhood of Steel RnD Department (232, 212, 3))
[2021-05-17 20:35:01.659] TCOMMS: Rodinha/(Mathias Groove) [BOS] (spans:  ) "Ok, precisamos de ajuda, o Fernando não sabe onde pegar as ferramentas" (language: Galactic Common) (Brotherhood of Steel (142, 233, 2))
[2021-05-17 20:35:06.519] TCOMMS: InicialPlayss/(Rayan Lindgrey) [Oasis] (spans:  ) "Pode fecha" (language: Galactic Common) (Wasteland (56, 51, 2))
[2021-05-17 20:35:10.490] TCOMMS: SondTheAnime/(Courier) [BOS] (spans:  ) "Se tiver com power armor tem permissão pra tirar dele agressivamente" (language: Galactic Common) (Brotherhood of Steel RnD Department (232, 212, 3))
[2021-05-17 20:35:13.405] TCOMMS: Eversonblr/(Miguel Hastings) [BOS] (spans:  ) "Estou voltando pra base" (language: Galactic Common) (Caves (200, 140, 3))
[2021-05-17 20:35:21.496] TCOMMS: SondTheAnime/(Courier) [BOS] (spans:  ) "Abre a ala tecnologica ai" (language: Galactic Common) (Brotherhood of Steel RnD Department (232, 212, 3))
[2021-05-17 20:35:23.791] TCOMMS: Eversonblr/(Miguel Hastings) [BOS] (spans:  ) "QUem é o fernando ?" (language: Galactic Common) (Caves (205, 152, 3))
[2021-05-17 20:35:27.964] TCOMMS: SondTheAnime/(Courier) [BOS] (spans:  ) "Podem parar de pegar scraps" (language: Galactic Common) (Brotherhood of Steel RnD Department (232, 212, 3))
[2021-05-17 20:35:28.186] TCOMMS: dfrenando/(Fernando Araujo) [Common] (spans:  ) "É o pai" (language: Galactic Common) (Brotherhood of Steel (156, 235, 2))
[2021-05-17 20:35:31.665] TCOMMS: SondTheAnime/(Courier) [BOS] (spans:  ) "É o paladino" (language: Galactic Common) (Brotherhood of Steel RnD Department (232, 212, 3))
[2021-05-17 20:35:33.326] TCOMMS: dfrenando/(Fernando Araujo) [BOS] (spans:  ) "É o pai" (language: Galactic Common) (Brotherhood of Steel (156, 235, 2))
[2021-05-17 20:35:38.706] TCOMMS: DarkPudding/(John Wick) [NCR] (spans:  ) "Só tem ele." (language: Galactic Common) (NCR (33, 191, 2))
[2021-05-17 20:35:46.989] TCOMMS: Eversonblr/(Miguel Hastings) [BOS] (spans:  ) "Oque tem ele ?" (language: Galactic Common) (Caves (220, 180, 3))
[2021-05-17 20:36:06.809] TCOMMS: Rodinha/(Mathias Groove) [BOS] (spans:  ) "Era pra eu ter ido pegar scraps mas ainda sequer sei onde ir pra fazer isso" (language: Galactic Common) (Brotherhood of Steel (151, 230, 2))
[2021-05-17 20:36:14.161] TCOMMS: AdderVFX/(Gordon Magroni) [NCR] (spans:  ) "Estarei aqui na medbay produzindo químicos." (language: Galactic Common) (NCR (34, 206, 2))
[2021-05-17 20:37:10.119] TCOMMS: SondTheAnime/(Courier) [BOS] (spans:  ) "Todos que foram buscar scraps, voltem e pegam os scraps do portão e traz pra R&amp;D" (language: Galactic Common) (Brotherhood of Steel RnD Department (234, 194, 3))
[2021-05-17 20:37:20.615] TCOMMS: Rodinha/(Mathias Groove) [BOS] (spans:  ) "Indo" (language: Galactic Common) (Brotherhood of Steel (138, 237, 2))
[2021-05-17 20:37:39.333] TCOMMS: Rodinha/(Mathias Groove) [BOS] (spans:  ) "Qual a direção do portão ?" (language: Galactic Common) (Brotherhood of Steel Operations Department (227, 239, 3))
[2021-05-17 20:37:46.038] TCOMMS: SondTheAnime/(Courier) [BOS] (spans:  ) "Tu ta a onde?" (language: Galactic Common) (Brotherhood of Steel RnD Department (232, 195, 3))
[2021-05-17 20:37:56.891] TCOMMS: Rodinha/(Mathias Groove) [BOS] (spans:  ) "To na ala principal" (language: Galactic Common) (Brotherhood of Steel Operations Department (224, 220, 3))
[2021-05-17 20:38:04.922] TCOMMS: Eversonblr/(Miguel Hastings) [BOS] (spans:  ) "É o norte" (language: Galactic Common) (Brotherhood of Steel RnD Department (227, 207, 3))
[2021-05-17 20:38:12.903] TCOMMS: Eversonblr/(Miguel Hastings) [BOS] (spans:  ) "Nossa base fica no norte" (language: Galactic Common) (Brotherhood of Steel Operations Department (232, 217, 3))
[2021-05-17 20:42:39.831] TCOMMS: Eversonblr/(Miguel Hastings) [BOS] (spans:  ) "Tu ta bem courier ?" (language: Galactic Common) (Caves (195, 136, 3))
[2021-05-17 20:44:48.094] TCOMMS: SondTheAnime/(Courier) [BOS] (spans:  ) "Alguém na escuta?" (language: Galactic Common) (Brotherhood of Steel RnD Department (227, 203, 3))
[2021-05-17 20:44:54.055] TCOMMS: dfrenando/(Fernando Araujo) [BOS] (spans:  ) "Simd" (language: Galactic Common) (Wasteland (166, 150, 2))
[2021-05-17 20:44:58.265] TCOMMS: Rodinha/(Mathias Groove) [Common] (spans:  ) "H sim" (language: Galactic Common) (Brotherhood of Steel (134, 237, 2))
[2021-05-17 20:45:01.099] TCOMMS: Rodinha/(Mathias Groove) [BOS] (spans:  ) "Sim" (language: Galactic Common) (Brotherhood of Steel (131, 237, 2))
[2021-05-17 20:45:13.423] TCOMMS: SondTheAnime/(Courier) [BOS] (spans:  ) "Todos os paladinos e o Head Knight venham na ala tecnologica" (language: Galactic Common) (Brotherhood of Steel RnD Department (231, 199, 3))
[2021-05-17 20:45:49.096] TCOMMS: luciam/(Victoria Valentine) [Enclave] (spans:  ) "Senhor" (language: Galactic Common) (Tunnel (161, 45, 3))
[2021-05-17 20:45:58.524] TCOMMS: 2006f/(Hunter Sinurman) [Enclave] (spans:  ) "Fala" (language: Galactic Common) (Enclave (134, 24, 3))
[2021-05-17 20:47:15.396] TCOMMS: luciam/(Victoria Valentine) [Enclave] (spans:  ) "Tenta pesquisar sobre nanites, bora fazer nanites de regen, economizar remedio" (language: Galactic Common) (Tunnel (166, 44, 3))
[2021-05-17 20:47:37.254] TCOMMS: 2006f/(Hunter Sinurman) [Enclave] (spans:  ) "Existe nanite????" (language: Galactic Common) (Enclave (136, 25, 3))
[2021-05-17 20:47:50.998] TCOMMS: luciam/(Victoria Valentine) [Enclave] (spans:  ) "Sim, ja pesqueisei os primeiros.." (language: Galactic Common) (Tunnel (129, 68, 3))
[2021-05-17 20:48:01.817] TCOMMS: 2006f/(Hunter Sinurman) [Enclave] (spans:  ) "Ok" (language: Galactic Common) (Enclave (136, 25, 3))
[2021-05-17 20:48:03.233] TCOMMS: luciam/(Victoria Valentine) [Enclave] (spans:  ) "O foda vai ser construir tudo" (language: Galactic Common) (Tunnel (143, 68, 3))
[2021-05-17 20:48:26.493] TCOMMS: SondTheAnime/(Courier) [BOS] (spans:  ) "Se armem e vamos esperar o Miguel voltar pra irmos" (language: Galactic Common) (Brotherhood of Steel RnD Department (231, 197, 3))
[2021-05-17 20:48:42.050] TCOMMS: nickenzo12345/(Collin Zalack) [Common] (spans:  ) "Baam abre" (language: Galactic Common) (Wasteland (66, 61, 2))
[2021-05-17 20:48:44.325] TCOMMS: nickenzo12345/(Collin Zalack) [Common] (spans:  ) "Troca" (language: Galactic Common) (Wasteland (62, 61, 2))
[2021-05-17 20:48:57.844] TCOMMS: Eversonblr/(Miguel Hastings) [BOS] (spans:  ) "Voltei do meu sono." (language: Galactic Common) (Brotherhood of Steel RnD Department (226, 204, 3))
[2021-05-17 20:49:03.113] TCOMMS: SondTheAnime/(Courier) [BOS] (spans:  ) "Certo" (language: Galactic Common) (Brotherhood of Steel RnD Department (238, 193, 3))
[2021-05-17 20:50:03.726] TCOMMS: InicialPlayss/(Rayan Lindgrey) [Oasis] (spans:  ) "Alguem de oasis?" (language: Galactic Common) (Wasteland (103, 14, 2))
[2021-05-17 20:52:56.415] TCOMMS: SondTheAnime/(Courier) [BOS] (spans:  ) "Apartir daqui cautela" (language: Galactic Common) (Tunnel (190, 134, 3))
[2021-05-17 20:53:37.292] TCOMMS: SondTheAnime/(Courier) [BOS] (spans:  ) "Cade vocês?" (language: Galactic Common) (Tunnel (162, 131, 3))
[2021-05-17 20:53:42.878] TCOMMS: Rodinha/(Mathias Groove) [BOS] (spans:  ) "Fomos para baixo" (language: Galactic Common) (Tunnel (178, 114, 3))
[2021-05-17 20:53:59.886] TCOMMS: Eversonblr/(Miguel Hastings) [BOS] (spans:  ) "Ah" (language: Galactic Common) (Brotherhood of Steel RnD Department (229, 204, 3))
[2021-05-17 20:54:06.089] TCOMMS: Eversonblr/(Miguel Hastings) [BOS] (spans:  ) "Esqueci de da ion pra vocês" (language: Galactic Common) (Brotherhood of Steel RnD Department (229, 204, 3))
[2021-05-17 20:54:10.511] TCOMMS: Eversonblr/(Miguel Hastings) [BOS] (spans:  ) "Eles tem power ammor" (language: Galactic Common) (Brotherhood of Steel RnD Department (229, 204, 3))
[2021-05-17 20:54:19.801] TCOMMS: Eversonblr/(Miguel Hastings) [BOS] (spans:  ) "Fraqueza dessa armadura é ion" (language: Galactic Common) (Brotherhood of Steel RnD Department (233, 204, 3))
[2021-05-17 20:54:27.963] TCOMMS: SondTheAnime/(Courier) [BOS] (spans:  ) "Eu to com ion" (language: Galactic Common) (Tunnel (162, 118, 3))
[2021-05-17 20:54:31.629] TCOMMS: Eversonblr/(Miguel Hastings) [BOS] (spans:  ) "Ata" (language: Galactic Common) (Brotherhood of Steel RnD Department (227, 199, 3))
[2021-05-17 20:55:05.005] TCOMMS: N0fun/(Makenna Coldsmith) [BOS] (spans:  ) "Eu tenho uma teoria" (language: Galactic Common) (Tunnel (161, 117, 3))
[2021-05-17 20:55:19.026] TCOMMS: N0fun/(Makenna Coldsmith) [BOS] (spans:  ) "Acredito que esse esgoto seja o lugar do outlaws e não dá enclave" (language: Galactic Common) (Tunnel (161, 117, 3))
[2021-05-17 20:56:18.302] TCOMMS: DarkPudding/(John Wick) [NCR] (spans:  ) "Se houver algum legionário, pode atirar sem dó?" (language: Galactic Common) (NCR (33, 191, 2))
[2021-05-17 20:56:31.947] TCOMMS: Jhonatan lima/(Luicio Notav) [NCR] (spans:  ) "Nope" (language: Galactic Common) (NCR (15, 224, 2))
[2021-05-17 20:56:40.389] TCOMMS: AdderVFX/(Gordon Magroni) [NCR] (spans:  ) "Não." (language: Galactic Common) (NCR (35, 207, 2))
[2021-05-17 20:56:42.330] TCOMMS: Jhonatan lima/(Luicio Notav) [NCR] (spans:  ) "Não queremos guerra" (language: Galactic Common) (NCR (15, 224, 2))
[2021-05-17 20:56:49.922] TCOMMS: DarkPudding/(John Wick) [NCR] (spans:  ) "Nhã." (language: Galactic Common) (NCR (33, 191, 2))
[2021-05-17 20:56:59.348] TCOMMS: AdderVFX/(Gordon Magroni) [NCR] (spans:  ) "Se você ver algum deles, pergunta se ele quer ser capturado ou aceita se render." (language: Galactic Common) (NCR (35, 207, 2))
[2021-05-17 20:57:10.891] TCOMMS: AdderVFX/(Gordon Magroni) [NCR] (spans:  ) "Se ele escolher nada, mete bala." (language: Galactic Common) (NCR (35, 207, 2))
[2021-05-17 20:57:12.963] TCOMMS: DarkPudding/(John Wick) [NCR] (spans:  ) "Ok." (language: Galactic Common) (NCR (33, 191, 2))
[2021-05-17 20:57:29.408] TCOMMS: InicialPlayss/(Rayan Lindgrey) [Oasis] (spans:  ) "Baam?" (language: Galactic Common) (Wasteland (56, 53, 2))
[2021-05-17 20:57:51.572] TCOMMS: SondTheAnime/(Courier) [BOS] (spans:  ) "Base do Enclave encontrada!" (language: Galactic Common) (Tunnel (122, 20, 3))
[2021-05-17 20:57:57.827] TCOMMS: SondTheAnime/(Courier) [BOS] (spans:  ) "Repito base do Enclave encontrada!" (language: Galactic Common) (Tunnel (122, 20, 3))
[2021-05-17 20:58:03.488] TCOMMS: Rodinha/(Mathias Groove) [BOS] (spans:  ) "Onde ? nos separamos de vocÊs" (language: Galactic Common) (Tunnel (175, 69, 3))
[2021-05-17 20:58:11.642] TCOMMS: InicialPlayss/(Rayan Lindgrey) [Oasis] (spans:  ) "Alguem pode abrir?" (language: Galactic Common) (Wasteland (57, 52, 2))
[2021-05-17 20:58:14.037] TCOMMS: SondTheAnime/(Courier) [BOS] (spans:  ) "Vamos voltar" (language: Galactic Common) (Tunnel (122, 45, 3))
[2021-05-17 20:58:19.904] TCOMMS: dfrenando/(Fernando Araujo) [BOS] (spans:  ) "Achei um deathclawn" (language: Galactic Common) (Building (195, 113, 3))
[2021-05-17 20:58:23.609] TCOMMS: SondTheAnime/(Courier) [BOS] (spans:  ) "Merda" (language: Galactic Common) (Tunnel (122, 81, 3))
[2021-05-17 20:59:05.011] TCOMMS: SondTheAnime/(Courier) [BOS] (spans:  ) "Voltem pra onde nos entramos no esgoto" (language: Galactic Common) (Tunnel (162, 132, 3))
[2021-05-17 20:59:24.195] TCOMMS: Rodinha/(Mathias Groove) [BOS] (spans:  ) "Ok" (language: Galactic Common) (Tunnel (162, 131, 3))
[2021-05-17 21:00:20.512] TCOMMS: SondTheAnime/(Courier) [BOS] (spans:  ) "Miguel" (language: Galactic Common) (Caves (197, 137, 3))
[2021-05-17 21:00:31.432] TCOMMS: SondTheAnime/(Courier) [BOS] (spans:  ) "Vamos entrar no Enclave e derrubar tudo" (language: Galactic Common) (Caves (197, 137, 3))
[2021-05-17 21:00:37.508] TCOMMS: dfrenando/(Fernando Araujo) [BOS] (spans:  ) "Só bora" (language: Galactic Common) (Caves (196, 136, 3))
[2021-05-17 21:00:46.124] TCOMMS: SondTheAnime/(Courier) [BOS] (spans:  ) "Na escuta miguel?" (language: Galactic Common) (Caves (197, 137, 3))
[2021-05-17 21:00:46.882] TCOMMS: Eversonblr/(Miguel Hastings) [BOS] (spans:  ) "Se acharem o pwoer ammor peguem" (language: Galactic Common) (Brotherhood of Steel RnD Department (228, 202, 3))
[2021-05-17 21:00:51.114] TCOMMS: SondTheAnime/(Courier) [BOS] (spans:  ) "Certo" (language: Galactic Common) (Caves (198, 137, 3))
[2021-05-17 21:02:06.217] TCOMMS: Rodinha/(Mathias Groove) [BOS] (spans:  ) "Voltei, dei uma apagada" (language: Galactic Common) (Tunnel (169, 134, 3))
[2021-05-17 21:02:10.318] TCOMMS: Rodinha/(Mathias Groove) [BOS] (spans:  ) "Qual a direção ?" (language: Galactic Common) (Tunnel (167, 134, 3))
[2021-05-17 21:02:15.623] TCOMMS: Eversonblr/(Miguel Hastings) [BOS] (spans:  ) "NCRE é a enclave ?" (language: Galactic Common) (Brotherhood of Steel RnD Department (238, 193, 3))
[2021-05-17 21:02:28.372] TCOMMS: AdderVFX/(Gordon Magroni) [NCR] (spans:  ) "Tem algum tanque de solda por aqui?" (language: Galactic Common) (Wasteland (16, 231, 2))
[2021-05-17 21:02:40.011] TCOMMS: Jhonatan lima/(Luicio Notav) [NCR] (spans:  ) "Não" (language: Galactic Common) (NCR (37, 222, 2))
[2021-05-17 21:03:52.508] TCOMMS: SondTheAnime/(Courier) [BOS] (spans:  ) "Caminha" (language: Galactic Common) (Tunnel (122, 34, 3))
[2021-05-17 21:04:01.775] TCOMMS: SondTheAnime/(Courier) [BOS] (spans:  ) "Aqui" (language: Galactic Common) (Tunnel (122, 16, 3))
[2021-05-17 21:04:29.872] TCOMMS: Eversonblr/(Miguel Hastings) [BOS] (spans:  ) "Como ta a operação ?" (language: Galactic Common) (Brotherhood of Steel Mining (222, 198, 3))
[2021-05-17 21:05:55.253] TCOMMS: Eversonblr/(Miguel Hastings) [BOS] (spans:  ) "Irei ver como ta a o portão" (language: Galactic Common) (Brotherhood of Steel Operations Department (231, 214, 3))
[2021-05-17 21:06:22.078] TCOMMS: Corvopimpolho/(Goddard Osterweis) [Common] (spans:  ) "Alguem interessado em ovo de deathclaw???" (language: Galactic Common) (Ruins (6, 120, 4))
[2021-05-17 21:06:55.068] TCOMMS: Eversonblr/(Miguel Hastings) [BOS] (spans:  ) "OQue da pra fazer com isso" (language: Galactic Common) (Brotherhood of Steel (164, 233, 2))
[2021-05-17 21:07:17.819] TCOMMS: Eversonblr/(Miguel Hastings) [Common] (spans:  ) "Oque da pra fazer com isso" (language: Galactic Common) (Brotherhood of Steel (172, 216, 2))
[2021-05-17 21:07:37.941] TCOMMS: Eversonblr/(Miguel Hastings) [BOS] (spans:  ) "VOcês tão bem ?" (language: Galactic Common) (Brotherhood of Steel (167, 224, 2))
[2021-05-17 21:08:00.788] TCOMMS: Eversonblr/(Miguel Hastings) [BOS] (spans:  ) "Alo ?" (language: Galactic Common) (Brotherhood of Steel Operations Department (228, 236, 3))
[2021-05-17 21:08:13.864] TCOMMS: Eversonblr/(Miguel Hastings) [BOS] (spans:  ) "Morreram ?" (language: Galactic Common) (Brotherhood of Steel RnD Department (231, 209, 3))
[2021-05-17 21:08:34.746] TCOMMS: InicialPlayss/(Rayan Lindgrey) [148.9] (spans:  ) "Alguem?" (language: Galactic Common) (Brotherhood of Steel (168, 216, 2))
[2021-05-17 21:09:19.878] TCOMMS: InicialPlayss/(Rayan Lindgrey) [Common] (spans:  ) "Bos?" (language: Galactic Common) (Wasteland (170, 214, 2))
[2021-05-17 21:09:19.886] TCOMMS: InicialPlayss/(Rayan Lindgrey) [148.9] (spans:  italics ) "Bos?" (language: Galactic Common) (Wasteland (170, 214, 2))
[2021-05-17 21:09:27.160] TCOMMS: Eversonblr/(Miguel Hastings) [Common] (spans:  ) "Diga" (language: Galactic Common) (Tunnel (197, 135, 3))
[2021-05-17 21:09:37.638] TCOMMS: InicialPlayss/(Rayan Lindgrey) [Common] (spans:  ) "Vai na porta" (language: Galactic Common) (Wasteland (170, 214, 2))
[2021-05-17 21:09:37.646] TCOMMS: InicialPlayss/(Rayan Lindgrey) [148.9] (spans:  italics ) "Vai na porta" (language: Galactic Common) (Wasteland (170, 214, 2))
[2021-05-17 21:09:50.682] TCOMMS: Eversonblr/(Miguel Hastings) [BOS] (spans:  ) "Estou fechando a abertura" (language: Galactic Common) (Caves (197, 136, 3))
[2021-05-17 21:10:06.893] TCOMMS: InicialPlayss/(Rayan Lindgrey) [148.9] (spans:  ) "Nao sei se voce vai gosta muito deles" (language: Galactic Common) (Wasteland (170, 214, 2))
[2021-05-17 21:10:12.828] TCOMMS: InicialPlayss/(Rayan Lindgrey) [148.9] (spans:  ) "É que eles gostam de tecnologias" (language: Galactic Common) (Wasteland (170, 214, 2))
[2021-05-17 21:10:32.357] TCOMMS: Zero9e1/(Garrety Wells) [148.9] (spans:  ) "Que horror" (language: Galactic Common) (Wasteland (168, 214, 2))
[2021-05-17 21:10:43.116] TCOMMS: InicialPlayss/(Rayan Lindgrey) [148.9] (spans:  ) "Porque voce nao gosta?" (language: Galactic Common) (Wasteland (170, 214, 2))
[2021-05-17 21:10:54.873] TCOMMS: InicialPlayss/(Rayan Lindgrey) [148.9] (spans:  ) "Opa" (language: Galactic Common) (Brotherhood of Steel (168, 216, 2))
[2021-05-17 21:10:55.325] TCOMMS: Zero9e1/(Garrety Wells) [148.9] (spans:  ) "Impurezas dessa terra" (language: Galactic Common) (Wasteland (168, 214, 2))
[2021-05-17 21:10:55.803] TCOMMS: Eversonblr/(Miguel Hastings) [148.9] (spans:  ) "Sim ?" (language: Galactic Common) (Brotherhood of Steel (166, 216, 2))
[2021-05-17 21:11:07.064] TCOMMS: InicialPlayss/(Rayan Lindgrey) [148.9] (spans:  ) "Esse cara aqi" (language: Galactic Common) (Brotherhood of Steel (168, 216, 2))
[2021-05-17 21:11:16.338] TCOMMS: InicialPlayss/(Rayan Lindgrey) [148.9] (spans:  ) "Ta precissando de ajuda pra se vinga dos legions" (language: Galactic Common) (Brotherhood of Steel (168, 216, 2))
[2021-05-17 21:11:27.723] TCOMMS: Jhonatan lima/(Luicio Notav) [NCR] (spans:  ) "Achou algo?" (language: Galactic Common) (NCR (31, 190, 2))
[2021-05-17 21:11:32.576] TCOMMS: Eversonblr/(Miguel Hastings) [148.9] (spans:  ) "E ?" (language: Galactic Common) (Brotherhood of Steel (166, 216, 2))
[2021-05-17 21:11:44.714] TCOMMS: DarkPudding/(John Wick) [NCR] (spans:  ) "Itens." (language: Galactic Common) (Wasteland (15, 177, 2))
[2021-05-17 21:11:54.136] TCOMMS: DarkPudding/(John Wick) [NCR] (spans:  ) "E uma solda pra ti." (language: Galactic Common) (Wasteland (15, 177, 2))
[2021-05-17 21:12:04.006] TCOMMS: Jhonatan lima/(Luicio Notav) [NCR] (spans:  ) "Yes" (language: Galactic Common) (NCR (31, 190, 2))
[2021-05-17 21:12:06.740] TCOMMS: InicialPlayss/(Rayan Lindgrey) [148.9] (spans:  ) "O cara da tribo aqui quase morreu pra eles" (language: Galactic Common) (Brotherhood of Steel (168, 216, 2))
[2021-05-17 21:12:14.908] TCOMMS: InicialPlayss/(Rayan Lindgrey) [148.9] (spans:  ) "Ele ta sem nada praticamente" (language: Galactic Common) (Brotherhood of Steel (168, 216, 2))
[2021-05-17 21:12:24.031] TCOMMS: Zero9e1/(Garrety Wells) [148.9] (spans:  ) "Eu vou recompensar voces" (language: Galactic Common) (Brotherhood of Steel (169, 216, 2))
[2021-05-17 21:12:34.467] TCOMMS: Zero9e1/(Garrety Wells) [148.9] (spans:  ) "Caso me ajudarem" (language: Galactic Common) (Brotherhood of Steel (169, 216, 2))
[2021-05-17 21:12:34.840] TCOMMS: DarkPudding/(John Wick) [NCR] (spans:  ) "Só me dá o corta fio." (language: Galactic Common) (Wasteland (32, 187, 2))
[2021-05-17 21:12:40.683] TCOMMS: InicialPlayss/(Rayan Lindgrey) [148.9] (spans:  ) "Tinha quanto dos legions?" (language: Galactic Common) (Brotherhood of Steel (168, 216, 2))
[2021-05-17 21:12:44.866] TCOMMS: InicialPlayss/(Rayan Lindgrey) [148.9] (spans:  ) "Quando voce viu" (language: Galactic Common) (Brotherhood of Steel (168, 216, 2))
[2021-05-17 21:12:48.471] TCOMMS: Zero9e1/(Garrety Wells) [148.9] (spans:  ) "Apenas um" (language: Galactic Common) (Brotherhood of Steel (169, 216, 2))
[2021-05-17 21:12:53.129] TCOMMS: Zero9e1/(Garrety Wells) [148.9] (spans:  ) "Eu fugi antes de chegar" (language: Galactic Common) (Brotherhood of Steel (169, 216, 2))
[2021-05-17 21:12:55.343] TCOMMS: InicialPlayss/(Rayan Lindgrey) [148.9] (spans:  ) "É concerteza tem mais" (language: Galactic Common) (Brotherhood of Steel (168, 216, 2))
[2021-05-17 21:13:02.436] TCOMMS: InicialPlayss/(Rayan Lindgrey) [148.9] (spans:  ) "Eu posso ir la" (language: Galactic Common) (Brotherhood of Steel (168, 216, 2))
[2021-05-17 21:13:04.203] TCOMMS: Eversonblr/(Miguel Hastings) [148.9] (spans:  ) "Irei comunica ao vosso chefe e ele vai decide oque fazer" (language: Galactic Common) (Brotherhood of Steel (166, 216, 2))
[2021-05-17 21:13:11.840] TCOMMS: Eversonblr/(Miguel Hastings) [148.9] (spans:  ) "Ate breve" (language: Galactic Common) (Brotherhood of Steel (166, 216, 2))
[2021-05-17 21:13:14.363] TCOMMS: InicialPlayss/(Rayan Lindgrey) [148.9] (spans:  ) "Ate" (language: Galactic Common) (Brotherhood of Steel (168, 216, 2))
[2021-05-17 21:13:27.545] TCOMMS: InicialPlayss/(Rayan Lindgrey) [148.9] (spans:  ) "Se eu ir la" (language: Galactic Common) (Wasteland (170, 214, 2))
[2021-05-17 21:13:34.806] TCOMMS: InicialPlayss/(Rayan Lindgrey) [148.9] (spans:  ) "E voce fica escondido" (language: Galactic Common) (Wasteland (170, 214, 2))
[2021-05-17 21:13:38.453] TCOMMS: Zero9e1/(Garrety Wells) [148.9] (spans:  ) "Certo" (language: Galactic Common) (Wasteland (169, 215, 2))
[2021-05-17 21:14:19.325] TCOMMS: InicialPlayss/(Rayan Lindgrey) [148.9] (spans:  ) "O cara que voce encontro tinha uma serra vermelha?" (language: Galactic Common) (Wasteland (170, 214, 2))
[2021-05-17 21:14:31.445] TCOMMS: Zero9e1/(Garrety Wells) [148.9] (spans:  ) "Acho que sim" (language: Galactic Common) (Wasteland (169, 215, 2))
[2021-05-17 21:14:33.929] TCOMMS: AdderVFX/(Gordon Magroni) [NCR] (spans:  ) "Um spray de ácido fluorídrico é útil em combate?" (language: Galactic Common) (NCR (34, 206, 2))
[2021-05-17 21:14:35.215] TCOMMS: Zero9e1/(Garrety Wells) [148.9] (spans:  ) "Não lembro" (language: Galactic Common) (Wasteland (169, 215, 2))
[2021-05-17 21:14:39.148] TCOMMS: InicialPlayss/(Rayan Lindgrey) [148.9] (spans:  ) "Eu acho que ele ta morto" (language: Galactic Common) (Wasteland (170, 214, 2))
[2021-05-17 21:14:46.456] TCOMMS: Zero9e1/(Garrety Wells) [148.9] (spans:  ) "Vamos conferir la" (language: Galactic Common) (Wasteland (169, 215, 2))
[2021-05-17 21:15:06.862] TCOMMS: Jhonatan lima/(Luicio Notav) [NCR] (spans:  ) "Não muinto" (language: Galactic Common) (NCR (35, 203, 2))
[2021-05-17 21:15:08.528] TCOMMS: Corvopimpolho/(Goddard Osterweis) [Common] (spans:  ) "Tenho 5 couros de death claw" (language: Galactic Common) (Wasteland (132, 186, 2))
[2021-05-17 21:15:15.191] TCOMMS: luciam/(Victoria Valentine) [Enclave] (spans:  ) "Viram minha arma?" (language: Galactic Common) (Enclave (140, 24, 3))
[2021-05-17 21:15:26.167] TCOMMS: Eversonblr/(Miguel Hastings) [BOS] (spans:  ) "QUal a fraqueza de death claw" (language: Galactic Common) (Tunnel (161, 131, 3))
[2021-05-17 21:15:32.605] TCOMMS: Eversonblr/(Miguel Hastings) [Common] (spans:  ) "Qualf raqueza de death claw" (language: Galactic Common) (Tunnel (166, 131, 3))
[2021-05-17 21:17:06.322] TCOMMS: AdderVFX/(Gordon Magroni) [NCR] (spans:  ) "Eu acho que vou lá fora procurar um tanque de solda." (language: Galactic Common) (Wasteland (30, 217, 2))
[2021-05-17 21:17:17.139] TCOMMS: Jhonatan lima/(Luicio Notav) [NCR] (spans:  ) "Não pressisa" (language: Galactic Common) (NCR (37, 224, 2))
[2021-05-17 21:17:51.916] TCOMMS: AdderVFX/(Gordon Magroni) [NCR] (spans:  ) "Por que?" (language: Galactic Common) (NCR (37, 208, 2))
[2021-05-17 21:18:09.197] TCOMMS: Jhonatan lima/(Luicio Notav) [NCR] (spans:  ) "O john ja ta la fora" (language: Galactic Common) (NCR (40, 227, 2))
[2021-05-17 21:18:17.202] TCOMMS: AdderVFX/(Gordon Magroni) [NCR] (spans:  ) "Ah, beleza." (language: Galactic Common) (NCR (37, 208, 2))
[2021-05-17 21:18:27.879] TCOMMS: DarkPudding/(John Wick) [NCR] (spans:  ) "Já achei um pro Luicio." (language: Galactic Common) (Wasteland (20, 166, 2))
[2021-05-17 21:18:34.188] TCOMMS: InicialPlayss/(Rayan Lindgrey) [Common] (spans:  ) "Ei" (language: Galactic Common) (Legion (239, 37, 2))
[2021-05-17 21:19:33.243] TCOMMS: InicialPlayss/(Rayan Lindgrey) [Common] (spans:  ) ":l" (language: Galactic Common) (Legion (236, 37, 2))
[2021-05-17 21:19:55.399] TCOMMS: Corvopimpolho/(Goddard Osterweis) [Legion] (spans:  ) "Alo" (language: Galactic Common) (Wasteland (207, 55, 2))
[2021-05-17 21:21:31.233] TCOMMS: n0fun/(Kyra Taggart) [NCR] (spans:  ) "Bom dia" (language: Galactic Common) (Wasteland (21, 196, 2))
[2021-05-17 21:21:40.917] TCOMMS: DarkPudding/(John Wick) [NCR] (spans:  ) "Bom." (language: Galactic Common) (Village (65, 177, 2))
[2021-05-17 21:22:28.253] TCOMMS: Jhonatan lima/(Luicio Notav) [NCR] (spans:  ) "Bom dia" (language: Galactic Common) (NCR (32, 190, 2))
[2021-05-17 21:24:32.717] TCOMMS: AdderVFX/(Gordon Magroni) [NCR] (spans:  ) "Bom dia." (language: Galactic Common) (NCR (37, 208, 2))
[2021-05-17 21:28:04.985] TCOMMS: luciam/(Victoria Valentine) [Enclave] (spans:  ) "Chefe fala que a abse e nossa" (language: Galactic Common) (Brotherhood of Steel Operations Department (231, 223, 3))
[2021-05-17 21:28:09.886] TCOMMS: luciam/(Victoria Valentine) [Enclave] (spans:  ) "Anuncia" (language: Galactic Common) (Brotherhood of Steel Operations Department (231, 223, 3))
[2021-05-17 21:29:15.965] TCOMMS: DarkPudding/(John Wick) [NCR] (spans:  ) "Armas." (language: Galactic Common) (Wasteland (31, 188, 2))
[2021-05-17 21:32:54.799] TCOMMS: Eversonblr/(Miguel Hastings) [Common] (spans:  ) "Malditos enclaves" (language: Galactic Common) (Wasteland (92, 216, 2))
[2021-05-17 21:33:08.645] TCOMMS: Jhonatan lima/(Luicio Notav) [NCR] (spans:  ) "O que aconteceu?" (language: Galactic Common) (NCR (37, 222, 2))
[2021-05-17 21:33:10.920] TCOMMS: n0fun/(Kyra Taggart) [Common] (spans:  ) "O que rolou aí?" (language: Galactic Common) (Wasteland (44, 204, 2))
[2021-05-17 21:33:31.097] TCOMMS: Jhonatan lima/(Luicio Notav) [Common] (spans:  ) "Chuuuvaaa" (language: Galactic Common) (NCR (37, 222, 2))
[2021-05-17 21:33:41.139] TCOMMS: DarkPudding/(John Wick) [NCR] (spans:  ) "Portão." (language: Galactic Common) (Wasteland (34, 186, 2))
[2021-05-17 21:33:43.930] TCOMMS: Eversonblr/(Miguel Hastings) [Common] (spans:  ) "Os enclave mato meus irmão" (language: Galactic Common) (Bunker (45, 236, 4))
[2021-05-17 21:35:05.448] TCOMMS: Jhonatan lima/(Luicio Notav) [NCR] (spans:  ) "Jesus john você roubou quem?" (language: Galactic Common) (NCR (35, 222, 2))
[2021-05-17 21:35:15.554] TCOMMS: DarkPudding/(John Wick) [NCR] (spans:  ) "Só entrei nas casas." (language: Galactic Common) (NCR (21, 190, 2))
[2021-05-17 21:35:18.274] TCOMMS: 2006f/(Hunter Sinurman) [Common] (spans:  ) "Alo" (language: Galactic Common) (Enclave (144, 25, 3))
[2021-05-17 21:35:23.242] TCOMMS: DarkPudding/(John Wick) [NCR] (spans:  ) "Enfrentei uns bichos." (language: Galactic Common) (NCR (21, 190, 2))
[2021-05-17 21:35:25.234] TCOMMS: Corvopimpolho/(Goddard Osterweis) [Enclave] (spans:  ) "Salve" (language: Galactic Common) (Brotherhood of Steel Operations Department (232, 230, 3))
[2021-05-17 21:35:31.626] TCOMMS: Corvopimpolho/(Goddard Osterweis) [Legion] (spans:  ) "Alo" (language: Galactic Common) (Brotherhood of Steel Operations Department (231, 229, 3))
[2021-05-17 21:35:43.411] TCOMMS: InicialPlayss/(Rayan Lindgrey) [Common] (spans:  ) "Alo" (language: Galactic Common) (Wasteland (159, 64, 2))
[2021-05-17 21:35:46.557] TCOMMS: 2006f/(Hunter Sinurman) [Common] (spans:  italics ) "A" (language: Galactic Common) (Enclave (144, 25, 3))
[2021-05-17 21:35:51.765] TCOMMS: 2006f/(Hunter Sinurman) [Common] (spans:  italics ) "A" (language: Galactic Common) (Enclave (144, 25, 3))
[2021-05-17 21:36:05.888] TCOMMS: Corvopimpolho/(Goddard Osterweis) [Legion] (spans:  ) "Alguem na escuta?" (language: Galactic Common) (Brotherhood of Steel Operations Department (232, 230, 3))
[2021-05-17 21:36:17.197] TCOMMS: 2006f/(Hunter Sinurman) [Common] (spans:  ) "Vem pra base" (language: Galactic Common) (Enclave (144, 25, 3))
[2021-05-17 21:36:18.795] TCOMMS: DarkPudding/(John Wick) [NCR] (spans:  ) "Já volto. Não deixem nada invadir." (language: Galactic Common) (NCR (31, 193, 2))
[2021-05-17 21:36:25.930] TCOMMS: n0fun/(Kyra Taggart) [NCR] (spans:  ) "Tudo bem eu ir lá fora pegar umas sucatas?" (language: Galactic Common) (NCR (20, 191, 2))
[2021-05-17 21:37:21.328] TCOMMS: InicialPlayss/(Rayan Lindgrey) [Common] (spans:  ) "Oxi quem é voce" (language: Galactic Common) (Wasteland (118, 52, 2))
[2021-05-17 21:43:04.813] TCOMMS: sondtheanime/(John Lens) [Enclave] (spans:  ) "Alo" (language: Galactic Common) (Enclave (136, 14, 3))
[2021-05-17 21:43:14.241] TCOMMS: AdderVFX/(Gordon Magroni) [NCR] (spans:  ) "Alguém precisa de cirurgia ou algo do tipo?" (language: Galactic Common) (NCR (37, 205, 2))
[2021-05-17 21:43:24.914] TCOMMS: Jhonatan lima/(Luicio Notav) [NCR] (spans:  ) "Nope" (language: Galactic Common) (NCR (37, 222, 2))
[2021-05-17 21:44:06.746] TCOMMS: sondtheanime/(John Lens) [Enclave] (spans:  ) "Alguém na escuta?" (language: Galactic Common) (Enclave (132, 23, 3))
[2021-05-17 21:46:29.682] TCOMMS: 2006f/(Hunter Sinurman) [Common] (spans:  ) "Oi" (language: Galactic Common) (Brotherhood of Steel RnD Department (232, 199, 3))
[2021-05-17 21:47:00.930] TCOMMS: sondtheanime/(John Lens) [Enclave] (spans:  ) "Alguém no radio?" (language: Galactic Common) (Tunnel (122, 52, 3))
[2021-05-17 21:47:01.162] TCOMMS: 2006f/(Hunter Sinurman) [Common] (spans:  ) "Mano" (language: Galactic Common) (Brotherhood of Steel RnD Department (232, 197, 3))
[2021-05-17 21:47:05.785] TCOMMS: 2006f/(Hunter Sinurman) [Common] (spans:  ) "Por que???" (language: Galactic Common) (Brotherhood of Steel RnD Department (232, 197, 3))
[2021-05-17 21:47:21.226] TCOMMS: Corvopimpolho/(Goddard Osterweis) [Common] (spans:  ) "Você perguntou sobre o carlos" (language: Galactic Common) (Brotherhood of Steel RnD Department (232, 198, 3))
[2021-05-17 21:50:11.801] TCOMMS: Jhonatan lima/(Luicio Notav) [Common] (spans:  ) "Ae bob" (language: Galactic Common) (Wasteland (55, 53, 2))
[2021-05-17 21:50:32.838] TCOMMS: Jhonatan lima/(Luicio Notav) [Common] (spans:  ) "Queria comprar umas coisa" (language: Galactic Common) (Wasteland (56, 53, 2))
[2021-05-17 21:51:16.321] TCOMMS: DarkPudding/(John Wick) [NCR] (spans:  ) "Terminei." (language: Galactic Common) (NCR (34, 212, 2))
[2021-05-17 21:51:36.118] TCOMMS: Jhonatan lima/(Luicio Notav) [NCR] (spans:  ) "Eu to no oasis" (language: Galactic Common) (Wasteland (57, 51, 2))
[2021-05-17 21:51:43.073] TCOMMS: DarkPudding/(John Wick) [NCR] (spans:  ) "Quer companhia?" (language: Galactic Common) (Wasteland (55, 187, 2))
[2021-05-17 21:51:47.020] TCOMMS: Jhonatan lima/(Luicio Notav) [NCR] (spans:  ) "Quero comprar uns negocio" (language: Galactic Common) (Wasteland (56, 52, 2))
[2021-05-17 21:51:54.189] TCOMMS: Jhonatan lima/(Luicio Notav) [NCR] (spans:  ) "Pressisa não" (language: Galactic Common) (Wasteland (56, 52, 2))
[2021-05-17 21:52:28.994] TCOMMS: Jhonatan lima/(Luicio Notav) [Common] (spans:  ) "Oasis ta aberto?" (language: Galactic Common) (Wasteland (57, 54, 2))
[2021-05-17 21:53:13.510] TCOMMS: InicialPlayss/(Rayan Lindgrey) [Common] (spans:  ) "Nao" (language: Galactic Common) (Wasteland (162, 64, 2))
[2021-05-17 21:53:22.297] TCOMMS: Jhonatan lima/(Luicio Notav) [Common] (spans:  ) "Triste" (language: Galactic Common) (Wasteland (76, 71, 2))
[2021-05-17 21:53:38.009] TCOMMS: Corvopimpolho/(Goddard Osterweis) [Legion] (spans:  ) "Alo" (language: Galactic Common) (Brotherhood of Steel Medbay (234, 223, 3))
[2021-05-17 21:55:15.806] TCOMMS: DarkPudding/(John Wick) [NCR] (spans:  ) "Ah merda." (language: Galactic Common) (Wasteland (230, 144, 2))
[2021-05-17 21:56:16.649] TCOMMS: Jhonatan lima/(Luicio Notav) [NCR] (spans:  ) "Abre" (language: Galactic Common) (Wasteland (28, 191, 2))
[2021-05-17 21:56:34.638] TCOMMS: n0fun/(Kyra Taggart) [NCR] (spans:  ) "Achei um esgoto cheio daquelas baterias pra pistolas de energia" (language: Galactic Common) (Wasteland (120, 87, 2))
[2021-05-17 21:57:25.671] TCOMMS: n0fun/(Kyra Taggart) [NCR] (spans:  ) "Elas estavam descarregadas, parece que alguém lutou lá" (language: Galactic Common) (Wasteland (119, 83, 2))
[2021-05-17 22:00:15.423] TCOMMS: Corvopimpolho/(Goddard Osterweis) [Legion] (spans:  ) "Ahlo" (language: Galactic Common) (Brotherhood of Steel (174, 220, 2))
[2021-05-17 22:03:29.170] TCOMMS: sondtheanime/(John Lens) [Enclave] (spans:  ) "Alguém, tenente?" (language: Galactic Common) (Wasteland (118, 104, 2))
[2021-05-17 22:03:29.537] TCOMMS: n0fun/(Kyra Taggart) [NCR] (spans:  ) "Eu me perdi do QG" (language: Galactic Common) (Wasteland (39, 62, 2))
[2021-05-17 22:03:54.281] TCOMMS: DarkPudding/(John Wick) [NCR] (spans:  ) "Foda." (language: Galactic Common) (NCR (22, 191, 2))
[2021-05-17 22:04:56.979] TCOMMS: OvelhaCosmica/(Adam Alves) [Common] (spans:  ) "Teste" (language: Galactic Common) (Wasteland (101, 227, 2))
[2021-05-17 22:05:26.513] TCOMMS: OvelhaCosmica/(Adam Alves) [BOS] (spans:  ) "Alguem?" (language: Galactic Common) (Wasteland (95, 196, 2))
[2021-05-17 22:05:50.706] TCOMMS: n0fun/(Kyra Taggart) [NCR] (spans:  ) "Daqui do Oasis pra qual direção eu devo seguir pra chegar no QG?" (language: Galactic Common) (Wasteland (55, 61, 2))
[2021-05-17 22:06:23.586] TCOMMS: DarkPudding/(John Wick) [NCR] (spans:  ) "Eu também queria saber" (language: Galactic Common) (NCR (22, 191, 2))
[2021-05-17 22:06:31.767] TCOMMS: DarkPudding/(John Wick) [NCR] (spans:  ) "Tenta seguir esquerda sempre." (language: Galactic Common) (NCR (22, 191, 2))
[2021-05-17 22:06:53.344] TCOMMS: Shirozinha/(Joseph Joestar) [Legion] (spans:  ) "Alo" (language: Galactic Common) (Legion (222, 31, 2))
[2021-05-17 22:06:55.756] TCOMMS: n0fun/(Kyra Taggart) [NCR] (spans:  ) "Ok depois que a tempestade passar eu vou tentar" (language: Galactic Common) (Followers of the Apocalypse (80, 57, 2))
[2021-05-17 22:07:03.453] TCOMMS: OvelhaCosmica/(Adam Alves) [BOS] (spans:  ) "Foda" (language: Galactic Common) (Brotherhood of Steel (167, 228, 2))
[2021-05-17 22:07:07.989] TCOMMS: DarkPudding/(John Wick) [NCR] (spans:  ) "Beleza." (language: Galactic Common) (NCR (22, 191, 2))
[2021-05-17 22:07:08.652] TCOMMS: OvelhaCosmica/(Adam Alves) [Common] (spans:  ) "Alguem?" (language: Galactic Common) (Wasteland (168, 215, 2))
[2021-05-17 22:07:08.662] TCOMMS: OvelhaCosmica/(Adam Alves) [148.9] (spans:  italics ) "Alguem?" (language: Galactic Common) (Wasteland (168, 215, 2))
[2021-05-17 22:07:24.839] TCOMMS: InicialPlayss/(Rayan Lindgrey) [Common] (spans:  ) "Eu" (language: Galactic Common) (Village (102, 162, 2))
[2021-05-17 22:07:41.961] TCOMMS: Shirozinha/(Joseph Joestar) [Legion] (spans:  ) "Aqui é o lider da legião...alguem na escuta?" (language: Galactic Common) (Legion (210, 44, 2))
[2021-05-17 22:07:52.407] TCOMMS: DarkPudding/(John Wick) [Common] (spans:  ) "Eu." (language: Galactic Common) (NCR (22, 191, 2))
[2021-05-17 22:07:57.890] TCOMMS: OvelhaCosmica/(Adam Alves) [Common] (spans:  ) "Quais facções ainda tão viva?" (language: Galactic Common) (Building (174, 191, 2))
[2021-05-17 22:08:19.217] TCOMMS: DarkPudding/(John Wick) [Common] (spans:  ) "NCR." (language: Galactic Common) (NCR (22, 191, 2))
[2021-05-17 22:08:33.987] TCOMMS: zero9e1/(Zack) [Oasis] (spans:  ) "Alguem no oasis?" (language: Galactic Common) (Wasteland (55, 30, 2))
[2021-05-17 22:08:36.128] TCOMMS: OvelhaCosmica/(Adam Alves) [Common] (spans:  ) "So?" (language: Galactic Common) (Building (174, 191, 2))
[2021-05-17 22:08:41.735] TCOMMS: InicialPlayss/(Rayan Lindgrey) [Oasis] (spans:  ) "Eu" (language: Galactic Common) (Village (101, 162, 2))
[2021-05-17 22:08:43.690] TCOMMS: DarkPudding/(John Wick) [Common] (spans:  ) "Sei lá das outras." (language: Galactic Common) (NCR (22, 191, 2))
[2021-05-17 22:08:48.041] TCOMMS: OvelhaCosmica/(Adam Alves) [Common] (spans:  ) "Ta" (language: Galactic Common) (Building (174, 191, 2))
[2021-05-17 22:08:49.896] TCOMMS: zero9e1/(Zack) [Oasis] (spans:  ) "Abre o portao" (language: Galactic Common) (Wasteland (57, 43, 2))
[2021-05-17 22:09:05.328] TCOMMS: InicialPlayss/(Rayan Lindgrey) [Oasis] (spans:  ) "Eu nao sou sherif" (language: Galactic Common) (Village (101, 162, 2))
[2021-05-17 22:09:11.859] TCOMMS: InicialPlayss/(Rayan Lindgrey) [Oasis] (spans:  ) "E o sherif da ssd" (language: Galactic Common) (Village (101, 162, 2))
[2021-05-17 22:09:18.242] TCOMMS: OvelhaCosmica/(Adam Alves) [Common] (spans:  ) "Eu estou desposto a vender escravos e ser caçador de recompensa" (language: Galactic Common) (Building (174, 191, 2))
[2021-05-17 22:09:19.781] TCOMMS: InicialPlayss/(Rayan Lindgrey) [Oasis] (spans:  ) "Ta" (language: Galactic Common) (Village (101, 162, 2))
[2021-05-17 22:09:29.978] TCOMMS: OvelhaCosmica/(Adam Alves) [Common] (spans:  ) "Obdeço a qualquer facção que me pague mais" (language: Galactic Common) (Building (174, 191, 2))
[2021-05-17 22:09:43.595] TCOMMS: DarkPudding/(John Wick) [Common] (spans:  ) "Viva ao livre comércio." (language: Galactic Common) (NCR (22, 191, 2))
[2021-05-17 22:09:48.721] TCOMMS: OvelhaCosmica/(Adam Alves) [Common] (spans:  ) "Sim" (language: Galactic Common) (Building (174, 191, 2))
[2021-05-17 22:11:09.941] TCOMMS: zero9e1/(Zack) [Oasis] (spans:  ) "Voce ta dentro do oasis?" (language: Galactic Common) (Wasteland (55, 34, 2))
[2021-05-17 22:13:14.195] TCOMMS: OvelhaCosmica/(Adam Alves) [Common] (spans:  ) "Tenho um escravo" (language: Galactic Common) (Wasteland (221, 63, 2))
[2021-05-17 22:13:21.199] TCOMMS: OvelhaCosmica/(Adam Alves) [Common] (spans:  ) "Quem esta desposto a comprar?" (language: Galactic Common) (Wasteland (219, 63, 2))
[2021-05-17 22:13:32.168] TCOMMS: InicialPlayss/(Rayan Lindgrey) [Common] (spans:  ) "Por quantos?" (language: Galactic Common) (Wasteland (72, 122, 2))
[2021-05-17 22:14:13.400] TCOMMS: DarkPudding/(John Wick) [NCR] (spans:  ) "Tenho 798 caps." (language: Galactic Common) (NCR (22, 191, 2))
[2021-05-17 22:14:19.459] TCOMMS: DarkPudding/(John Wick) [Common] (spans:  ) "Tenho 798 caps." (language: Galactic Common) (NCR (22, 191, 2))
[2021-05-17 22:14:26.174] TCOMMS: n0fun/(Kyra Taggart) [Common] (spans:  ) "Já foi comprado" (language: Galactic Common) (Wasteland (210, 67, 2))
[2021-05-17 22:14:29.128] TCOMMS: n0fun/(Kyra Taggart) [Common] (spans:  ) "Pelo legion" (language: Galactic Common) (Wasteland (210, 67, 2))
[2021-05-17 22:14:31.037] TCOMMS: DarkPudding/(John Wick) [Common] (spans:  ) "Foda." (language: Galactic Common) (NCR (22, 191, 2))
[2021-05-17 22:14:45.159] TCOMMS: DarkPudding/(John Wick) [Common] (spans:  ) "Aí, Legion, como estão?" (language: Galactic Common) (NCR (22, 191, 2))
[2021-05-17 22:14:54.478] TCOMMS: OvelhaCosmica/(Adam Alves) [Common] (spans:  ) "Em breve terão mais" (language: Galactic Common) (Wasteland (219, 134, 2))
[2021-05-17 22:15:02.628] TCOMMS: OvelhaCosmica/(Adam Alves) [Common] (spans:  ) "Não se preocupem" (language: Galactic Common) (Wasteland (226, 132, 2))
[2021-05-17 22:15:11.595] TCOMMS: n0fun/(Kyra Taggart) [Common] (spans:  ) "Ei Adam tu sabe onde fica a base da NCR?" (language: Galactic Common) (Wasteland (140, 65, 2))
[2021-05-17 22:15:17.920] TCOMMS: OvelhaCosmica/(Adam Alves) [Common] (spans:  ) "Nao" (language: Galactic Common) (Wasteland (233, 180, 2))
[2021-05-17 22:15:18.256] TCOMMS: Corvopimpolho/(Goddard Osterweis) [Legion] (spans:  ) "Alo alo" (language: Galactic Common) (Wasteland (166, 183, 2))
[2021-05-17 22:15:23.552] TCOMMS: DarkPudding/(John Wick) [Common] (spans:  ) "Pra que?" (language: Galactic Common) (NCR (22, 191, 2))
[2021-05-17 22:15:28.127] TCOMMS: OvelhaCosmica/(Adam Alves) [Common] (spans:  ) "So da bos oasis e legion" (language: Galactic Common) (Wasteland (233, 182, 2))
[2021-05-17 22:15:35.959] TCOMMS: n0fun/(Kyra Taggart) [Common] (spans:  ) "Eu tô perdida até agora" (language: Galactic Common) (Wasteland (185, 54, 2))
[2021-05-17 22:15:53.966] TCOMMS: Kaduh/(Tim Miller) [Common] (spans:  ) "Fica no norte a esquerda mais ou menos" (language: Galactic Common) (Vault (65, 182, 4))
[2021-05-17 22:15:59.546] TCOMMS: DarkPudding/(John Wick) [Common] (spans:  ) "Ah." (language: Galactic Common) (NCR (22, 191, 2))
[2021-05-17 22:16:44.960] TCOMMS: Kaduh/(Tim Miller) [Common] (spans:  ) "A NRC geralmente começa a atira em todo mundo que chega la perto" (language: Galactic Common) (Vault (49, 165, 4))
[2021-05-17 22:17:17.760] TCOMMS: DarkPudding/(John Wick) [Common] (spans:  ) "Hoje estamos de boas." (language: Galactic Common) (NCR (32, 190, 2))
[2021-05-17 22:17:22.860] TCOMMS: DarkPudding/(John Wick) [Common] (spans:  ) "Apenas não chegue atirando." (language: Galactic Common) (NCR (32, 190, 2))
[2021-05-17 22:17:28.366] TCOMMS: DarkPudding/(John Wick) [Common] (spans:  ) "Somos abertos para conversas." (language: Galactic Common) (NCR (32, 190, 2))
[2021-05-17 22:17:33.244] TCOMMS: OvelhaCosmica/(Adam Alves) [Common] (spans:  ) "Se me verem nao me atirem nao sequestro ninguem de facções a nao ser que me paguem pra isso" (language: Galactic Common) (Wasteland (95, 183, 2))
[2021-05-17 22:17:53.383] TCOMMS: Corvopimpolho/(Goddard Osterweis) [Common] (spans:  ) "Qual tua facção john wick?" (language: Galactic Common) (Legion (212, 23, 2))
[2021-05-17 22:18:03.733] TCOMMS: DarkPudding/(John Wick) [Common] (spans:  ) "NCR" (language: Galactic Common) (NCR (32, 190, 2))
[2021-05-17 22:18:07.163] TCOMMS: Luciam/(Luciam D'Luker) [Vault] (spans:  ) "Aoba" (language: Galactic Common) (Vault (34, 163, 4))
[2021-05-17 22:18:17.159] TCOMMS: Kaduh/(Tim Miller) [Vault] (spans:  ) "Ola" (language: Galactic Common) (Vault (75, 186, 4))
[2021-05-17 22:19:20.812] TCOMMS: n0fun/(Kyra Taggart) [Common] (spans:  ) "Parece que a Brotherhood of Steel foi destruida" (language: Galactic Common) (Brotherhood of Steel Operations Department (227, 225, 3))
[2021-05-17 22:19:28.534] TCOMMS: Corvopimpolho/(Goddard Osterweis) [Common] (spans:  ) "E&#39;n&#39;clahve &#39;tambem" (language: Galactic Common) (Legion (221, 41, 2))
[2021-05-17 22:19:56.822] TCOMMS: n0fun/(Kyra Taggart) [Common] (spans:  ) "Será que eles que destruiram uns aos outros?" (language: Galactic Common) (Brotherhood of Steel RnD Department (235, 203, 3))
[2021-05-17 22:20:32.759] TCOMMS: Corvopimpolho/(Goddard Osterweis) [Common] (spans:  ) "Sim" (language: Galactic Common) (Wasteland (121, 109, 2))
[2021-05-17 22:21:41.056] TCOMMS: Kaduh/(Tim Miller) [Vault] (spans:  ) "Aqui é bem dificil de sair e ir para a superficie é mais para quem quer fica isolado do mundo" (language: Galactic Common) (Vault (45, 163, 4))
[2021-05-17 22:22:45.309] TCOMMS: shirozinha/(Tio Osso) [NCR] (spans:  ) "Testando" (language: Galactic Common) (NCR (21, 209, 2))
[2021-05-17 22:22:59.313] TCOMMS: shirozinha/(Tio Osso) [NCR] (spans:  ) "Ue" (language: Galactic Common) (Wasteland (28, 197, 2))
[2021-05-17 22:23:00.414] TCOMMS: DarkPudding/(John Wick) [NCR] (spans:  ) "Quem é tu?" (language: Galactic Common) (NCR (33, 191, 2))
[2021-05-17 22:23:11.284] TCOMMS: shirozinha/(Tio Osso) [NCR] (spans:  ) "Sargento de ultima classe" (language: Galactic Common) (Wasteland (28, 197, 2))
[2021-05-17 22:23:23.897] TCOMMS: DarkPudding/(John Wick) [NCR] (spans:  ) "Ok." (language: Galactic Common) (NCR (33, 191, 2))
[2021-05-17 22:24:46.329] TCOMMS: DarkPudding/(John Wick) [NCR] (spans:  ) "Fiquem de olho. Muita gente passando aqui perto." (language: Galactic Common) (NCR (33, 191, 2))
[2021-05-17 22:25:15.939] TCOMMS: OvelhaCosmica/(Adam Alves) [Common] (spans:  ) "John os cara da enclave vai quere te mata provavel" (language: Galactic Common) (Wasteland (95, 166, 2))
[2021-05-17 22:25:23.576] TCOMMS: shirozinha/(Tio Osso) [NCR] (spans:  ) "Ih" (language: Galactic Common) (Wasteland (28, 195, 2))
[2021-05-17 22:25:24.233] TCOMMS: DarkPudding/(John Wick) [Common] (spans:  ) "Relaxa." (language: Galactic Common) (NCR (32, 190, 2))
[2021-05-17 22:25:24.418] TCOMMS: OvelhaCosmica/(Adam Alves) [Common] (spans:  ) "Por causa da power armor" (language: Galactic Common) (Wasteland (98, 174, 2))
[2021-05-17 22:25:30.949] TCOMMS: OvelhaCosmica/(Adam Alves) [Common] (spans:  ) "A culpa é do legion" (language: Galactic Common) (Wasteland (98, 174, 2))
[2021-05-17 22:25:36.760] TCOMMS: OvelhaCosmica/(Adam Alves) [Common] (spans:  ) "Nao sabia que eles ia atras" (language: Galactic Common) (Wasteland (98, 174, 2))
[2021-05-17 22:25:38.969] TCOMMS: OvelhaCosmica/(Adam Alves) [Common] (spans:  ) "Disso" (language: Galactic Common) (Wasteland (98, 174, 2))
[2021-05-17 22:26:12.155] TCOMMS: DarkPudding/(John Wick) [Common] (spans:  ) "Aí, Adam, na próxima avisa que não tem gente atrás." (language: Galactic Common) (NCR (32, 190, 2))
[2021-05-17 22:26:17.962] TCOMMS: OvelhaCosmica/(Adam Alves) [Common] (spans:  ) "Foi mal" (language: Galactic Common) (Wasteland (166, 155, 2))
[2021-05-17 22:26:21.045] TCOMMS: OvelhaCosmica/(Adam Alves) [Common] (spans:  ) "Nem eu sabia" (language: Galactic Common) (Wasteland (166, 155, 2))
[2021-05-17 22:26:26.309] TCOMMS: OvelhaCosmica/(Adam Alves) [Common] (spans:  ) "Ai trombei com os cara" (language: Galactic Common) (Wasteland (166, 155, 2))
[2021-05-17 22:26:29.668] TCOMMS: Corvopimpolho/(Goddard Osterweis) [Common] (spans:  ) "Os enclaves morreram" (language: Galactic Common) (Wasteland (95, 185, 2))
[2021-05-17 22:26:33.251] TCOMMS: OvelhaCosmica/(Adam Alves) [Common] (spans:  ) "O legion que nem viso" (language: Galactic Common) (Wasteland (166, 155, 2))
[2021-05-17 22:26:41.393] TCOMMS: OvelhaCosmica/(Adam Alves) [Common] (spans:  ) "Ue então esses cara mato eles" (language: Galactic Common) (Wasteland (167, 155, 2))
[2021-05-17 22:26:49.378] TCOMMS: MastrodontePlays/(Rodrigo Weisgarber) [Common] (spans:  ) "Relaxa que o legion ja teve seu recado" (language: Galactic Common) (Wasteland (103, 177, 2))
[2021-05-17 22:26:52.180] TCOMMS: Corvopimpolho/(Goddard Osterweis) [Common] (spans:  ) "O legion já teve seu fim" (language: Galactic Common) (Wasteland (98, 176, 2))
[2021-05-17 22:26:58.669] TCOMMS: OvelhaCosmica/(Adam Alves) [Common] (spans:  ) "Foi mal john" (language: Galactic Common) (Wasteland (167, 155, 2))
[2021-05-17 22:27:06.084] TCOMMS: OvelhaCosmica/(Adam Alves) [Common] (spans:  ) "Vo te da um escravo pra compensa" (language: Galactic Common) (Wasteland (167, 155, 2))
[2021-05-17 22:27:10.307] TCOMMS: DarkPudding/(John Wick) [Common] (spans:  ) "Obrigado." (language: Galactic Common) (NCR (32, 190, 2))
[2021-05-17 22:28:16.158] TCOMMS: OvelhaCosmica/(Adam Alves) [Common] (spans:  ) "Vo leva ele" (language: Galactic Common) (Wasteland (195, 132, 2))
[2021-05-17 22:29:04.939] TCOMMS: shirozinha/(Tio Osso) [NCR] (spans:  ) "Triste..ninguem pra meter bala" (language: Galactic Common) (Wasteland (23, 196, 2))
[2021-05-17 22:29:25.578] TCOMMS: DarkPudding/(John Wick) [NCR] (spans:  ) "Quase teve antes." (language: Galactic Common) (NCR (32, 190, 2))
