[2021-05-25 20:52:40.522] Starting up round ID .
 - -------------------------
[2021-05-25 20:52:41.487] INIT: Initialized Profiler subsystem within 0 seconds!
[2021-05-25 20:52:41.535] Fail2Topic: Failed to drop firewall rule. Exit code: 1.
[2021-05-25 20:52:41.535] INIT: Initialized Fail2Topic subsystem within 0.1 seconds!
[2021-05-25 20:52:41.541] INIT: Initialized Title Screen subsystem within 0 seconds!
[2021-05-25 20:52:41.541] INIT: Initialized Database subsystem within 0 seconds!
[2021-05-25 20:52:41.541] INIT: Initialized Stat Panels subsystem within 0 seconds!
[2021-05-25 20:52:41.541] INIT: Initialized Blackbox subsystem within 0 seconds!
[2021-05-25 20:52:41.541] INIT: Initialized Server Tasks subsystem within 0 seconds!
[2021-05-25 20:52:41.542] INIT: Initialized Input subsystem within 0 seconds!
[2021-05-25 20:52:41.544] INIT: Initialized Sounds subsystem within 0 seconds!
[2021-05-25 20:52:41.544] INIT: Initialized Vis contents overlays subsystem within 0 seconds!
[2021-05-25 20:52:41.597] INIT: Initialized Research subsystem within 0 seconds!
[2021-05-25 20:52:41.599] INIT: Initialized Events subsystem within 0 seconds!
[2021-05-25 20:52:41.604] INIT: Initialized Jobs subsystem within 0.1 seconds!
[2021-05-25 20:52:41.606] INIT: Initialized Quirks subsystem within 0 seconds!
[2021-05-25 20:52:41.609] INIT: Initialized Ticker subsystem within 0 seconds!
[2021-05-25 20:52:41.625] INIT: Initialized Instruments subsystem within 0 seconds!
[2021-05-25 20:52:49.560] INIT: Initialized Mapping subsystem within 7.9 seconds!
[2021-05-25 20:52:49.560] INIT: Initialized Economy subsystem within 0 seconds!
[2021-05-25 20:52:49.562] INIT: Initialized Networks subsystem within 0 seconds!
[2021-05-25 20:52:49.562] INIT: Initialized Holodeck subsystem within 0 seconds!
[2021-05-25 20:53:27.327] INIT: Initialized Atoms subsystem within 37.8 seconds!
[2021-05-25 20:53:27.339] INIT: Initialized Language subsystem within 0 seconds!
[2021-05-25 20:53:27.365] INIT: Initialized Machines subsystem within 0 seconds!
[2021-05-25 20:53:27.434] INIT: Initialized Circuit subsystem within 0.1 seconds!
[2021-05-25 20:53:27.658] INIT: Initialized Atmos Adjacency subsystem within 0.2 seconds!
[2021-05-25 20:53:27.659] INIT: Initialized Autotransfer Vote subsystem within 0 seconds!
[2021-05-25 20:53:27.659] INIT: Initialized Chemistry subsystem within 0 seconds!
[2021-05-25 20:53:27.659] INIT: Initialized Status Effects subsystem within 0 seconds!
[2021-05-25 20:53:27.660] INIT: Initialized Weather subsystem within 0 seconds!
[2021-05-25 20:53:27.665] INIT: Initialized Disease subsystem within 0 seconds!
[2021-05-25 20:53:27.665] INIT: Initialized Item Spawners subsystem within 0 seconds!
[2021-05-25 20:53:27.665] INIT: Initialized Jukeboxes subsystem within 0 seconds!
[2021-05-25 20:53:27.665] INIT: Initialized Medals subsystem within 0 seconds!
[2021-05-25 20:53:28.436] INIT: Initialized Minimaps subsystem within 0.8 seconds!
[2021-05-25 20:53:28.436] INIT: Initialized Mob Spawners subsystem within 0 seconds!
[2021-05-25 20:53:28.437] INIT: Initialized Monster Wave subsystem within 0 seconds!
[2021-05-25 20:53:28.437] INIT: Initialized Day/Night Cycle subsystem within 0 seconds!
[2021-05-25 20:53:28.437] INIT: Initialized Night Shift subsystem within 0 seconds!
[2021-05-25 20:53:28.437] INIT: Initialized Parallax subsystem within 0 seconds!
[2021-05-25 20:53:28.437] INIT: Initialized Sun subsystem within 0 seconds!
[2021-05-25 20:53:28.812] INIT: Initialized Traumas subsystem within 0.4 seconds!
[2021-05-25 20:53:35.734] INIT: Initialized Atmospherics subsystem within 6.9 seconds!
[2021-05-25 20:53:42.782] INIT: Initialized Assets subsystem within 7 seconds!
[2021-05-25 20:53:47.509] INIT: Initialized Icon Smoothing subsystem within 4.8 seconds!
[2021-05-25 20:53:48.781] INIT: Initialized Overlay subsystem within 1.2 seconds!
[2021-05-25 20:53:48.781] INIT: Initialized XKeyScore subsystem within 0 seconds!
[2021-05-25 20:53:48.783] INIT: Initialized Sticky Ban subsystem within 0 seconds!
[2021-05-25 20:53:57.498] INIT: Initialized Lighting subsystem within 8.7 seconds!
[2021-05-25 20:54:00.282] INIT: Initialized Shuttle subsystem within 2.8 seconds!
