[2021-05-25 17:58:06.072] Starting up round ID .
 - -------------------------
[2021-05-25 17:58:06.074] Running /tg/ revision: 2021-05-25
 - origin/master: 2a55ea0b0d891d1b30b295f484b98b2be5f73928
[2021-05-25 17:58:06.094] Failed to connect to database in load_mentors(). Reverting to legacy system.
[2021-05-25 17:58:07.177] Loading Yuma...
[2021-05-25 17:58:11.986] runtime error: /usr/local/lib/libbyond.so: undefined symbol: auxtools_init
 - proc name: AUXTOOLS CHECK (/proc/AUXTOOLS_CHECK)
 -   source file: _extools_api.dm,14
 -   usr: (src)
 -   src: null
 -   call stack:
 - AUXTOOLS CHECK("libauxmos.so")
 - /datum/gas_mixture (/datum/gas_mixture): New(200)
 - the air vent (/obj/machinery/atmospherics/components/unary/vent_pump/on): New(the vault floor (235,194,3) (/turf/open/floor/plasteel/f13/vault_floor/plating))
 - the air vent (/obj/machinery/atmospherics/components/unary/vent_pump/on): New(the vault floor (235,194,3) (/turf/open/floor/plasteel/f13/vault_floor/plating))
 - /datum/parsed_map (/datum/parsed_map): create atom(/obj/machinery/atmospherics/co... (/obj/machinery/atmospherics/components/unary/vent_pump/on), the vault floor (235,194,3) (/turf/open/floor/plasteel/f13/vault_floor/plating))
 - /datum/parsed_map (/datum/parsed_map): instance atom(/obj/machinery/atmospherics/co... (/obj/machinery/atmospherics/components/unary/vent_pump/on), /list (/list), the vault floor (235,194,3) (/turf/open/floor/plasteel/f13/vault_floor/plating), 1, 0, 0, 0, 0, 0)
 - /datum/parsed_map (/datum/parsed_map): build coordinate(/list (/list), /list (/list), the vault floor (235,194,3) (/turf/open/floor/plasteel/f13/vault_floor/plating), 1, 0, 0, 0, 0, 0, 0)
 - /datum/parsed_map (/datum/parsed_map):  load impl(1, 1, 3, 0, 1, -1e+31, 1e+31, -1e+31, 1e+31, 0, 2, 0, null)
 - /datum/parsed_map (/datum/parsed_map): load(1, 1, 3, null, 1, null, null, null, null, null, 2, null, null)
 - Mapping (/datum/controller/subsystem/mapping): LoadGroup(/list (/list), "Wasteland", "map_files/Pahrump", /list (/list), /list (/list), /list (/list), 0, 2)
 - Mapping (/datum/controller/subsystem/mapping): loadWorld()
 - Mapping (/datum/controller/subsystem/mapping): Initialize(646871)
 - Master (/datum/controller/master): Initialize(10, 0, 1)
 - 
[2021-05-25 17:58:11.987] runtime error: /usr/local/lib/libbyond.so: undefined symbol: auxtools_init
 - proc name: AUXTOOLS CHECK (/proc/AUXTOOLS_CHECK)
 -   source file: _extools_api.dm,14
 -   usr: (src)
 -   src: null
 -   call stack:
 - AUXTOOLS CHECK("libauxmos.so")
 - /datum/gas_mixture (/datum/gas_mixture): New(200)
 - the air vent (/obj/machinery/atmospherics/components/unary/vent_pump/on): New(the metal floor (235,191,3) (/turf/open/floor/plating/tunnel))
 - the air vent (/obj/machinery/atmospherics/components/unary/vent_pump/on): New(the metal floor (235,191,3) (/turf/open/floor/plating/tunnel))
 - /datum/parsed_map (/datum/parsed_map): create atom(/obj/machinery/atmospherics/co... (/obj/machinery/atmospherics/components/unary/vent_pump/on), the metal floor (235,191,3) (/turf/open/floor/plating/tunnel))
 - /datum/parsed_map (/datum/parsed_map): instance atom(/obj/machinery/atmospherics/co... (/obj/machinery/atmospherics/components/unary/vent_pump/on), /list (/list), the metal floor (235,191,3) (/turf/open/floor/plating/tunnel), 1, 0, 0, 0, 0, 0)
 - /datum/parsed_map (/datum/parsed_map): build coordinate(/list (/list), /list (/list), the metal floor (235,191,3) (/turf/open/floor/plating/tunnel), 1, 0, 0, 0, 0, 0, 0)
 - /datum/parsed_map (/datum/parsed_map):  load impl(1, 1, 3, 0, 1, -1e+31, 1e+31, -1e+31, 1e+31, 0, 2, 0, null)
 - /datum/parsed_map (/datum/parsed_map): load(1, 1, 3, null, 1, null, null, null, null, null, 2, null, null)
 - Mapping (/datum/controller/subsystem/mapping): LoadGroup(/list (/list), "Wasteland", "map_files/Pahrump", /list (/list), /list (/list), /list (/list), 0, 2)
 - Mapping (/datum/controller/subsystem/mapping): loadWorld()
 - Mapping (/datum/controller/subsystem/mapping): Initialize(646871)
 - Master (/datum/controller/master): Initialize(10, 0, 1)
 - 
[2021-05-25 17:58:12.111] Loaded Wasteland in 5s!
[2021-05-25 17:58:13.585] runtime error: /usr/local/lib/libbyond.so: undefined symbol: auxtools_init
 - proc name: AUXTOOLS CHECK (/proc/AUXTOOLS_CHECK)
 -   source file: _extools_api.dm,14
 -   usr: (src)
 -   src: null
 -   call stack:
 - AUXTOOLS CHECK("libauxmos.so")
 - /datum/gas_mixture (/datum/gas_mixture): New(1000)
 - the portable air pump (/obj/machinery/portable_atmospherics/pump): New(the floor (217,71,4) (/turf/open/floor/plasteel/f13))
 - /datum/parsed_map (/datum/parsed_map): create atom(/obj/machinery/portable_atmosp... (/obj/machinery/portable_atmospherics/pump), the floor (217,71,4) (/turf/open/floor/plasteel/f13))
 - /datum/parsed_map (/datum/parsed_map): instance atom(/obj/machinery/portable_atmosp... (/obj/machinery/portable_atmospherics/pump), /list (/list), the floor (217,71,4) (/turf/open/floor/plasteel/f13), 1, 0, 0, 0, 0, 0)
 - /datum/parsed_map (/datum/parsed_map): build coordinate(/list (/list), /list (/list), the floor (217,71,4) (/turf/open/floor/plasteel/f13), 1, 0, 0, 0, 0, 0, 0)
 - /datum/parsed_map (/datum/parsed_map):  load impl(1, 1, 4, 0, 1, -1e+31, 1e+31, -1e+31, 1e+31, 0, 2, 0, null)
 - /datum/parsed_map (/datum/parsed_map): load(1, 1, 4, null, 1, null, null, null, null, null, 2, null, null)
 - Mapping (/datum/controller/subsystem/mapping): LoadGroup(/list (/list), "Dungeons", "map_files/Pahrump", /list (/list), /list (/list), /list (/list), 0, 2)
 - Mapping (/datum/controller/subsystem/mapping): loadWorld()
 - Mapping (/datum/controller/subsystem/mapping): Initialize(646871)
 - Master (/datum/controller/master): Initialize(10, 0, 1)
 - 
[2021-05-25 17:58:13.751] Loaded Dungeons in 1.6s!
[2021-05-25 17:58:14.689] Ruin loader finished with 0 left to spend.
[2021-05-25 17:58:15.244] runtime error: /usr/local/lib/libbyond.so: undefined symbol: auxtools_init
 - proc name: AUXTOOLS CHECK (/proc/AUXTOOLS_CHECK)
 -   source file: _extools_api.dm,14
 -   usr: (src)
 -   src: null
 -   call stack:
 - AUXTOOLS CHECK("libauxmos.so")
 - /datum/gas_mixture (/datum/gas_mixture): New(70)
 - the plasma tank (/obj/item/tank/internals/plasma): Initialize(1)
 - Atoms (/datum/controller/subsystem/atoms): InitAtom(the plasma tank (/obj/item/tank/internals/plasma), /list (/list))
 - the plasma tank (/obj/item/tank/internals/plasma): New(1)
 - the tank dispenser (/obj/structure/tank_dispenser/plasma): Initialize(1)
 - Atoms (/datum/controller/subsystem/atoms): InitAtom(the tank dispenser (/obj/structure/tank_dispenser/plasma), /list (/list))
 - Atoms (/datum/controller/subsystem/atoms): InitializeAtoms(null)
 - Atoms (/datum/controller/subsystem/atoms): Initialize(646948)
 - Master (/datum/controller/master): Initialize(10, 0, 1)
 - 
[2021-05-25 17:58:15.245] runtime error: /usr/local/lib/libbyond.so: undefined symbol: auxtools_init
 - proc name: AUXTOOLS CHECK (/proc/AUXTOOLS_CHECK)
 -   source file: _extools_api.dm,14
 -   usr: (src)
 -   src: null
 -   call stack:
 - AUXTOOLS CHECK("libauxmos.so")
 - /datum/gas_mixture (/datum/gas_mixture): New(70)
 - the plasma tank (/obj/item/tank/internals/plasma): Initialize(1)
 - Atoms (/datum/controller/subsystem/atoms): InitAtom(the plasma tank (/obj/item/tank/internals/plasma), /list (/list))
 - the plasma tank (/obj/item/tank/internals/plasma): New(1)
 - the tank dispenser (/obj/structure/tank_dispenser/plasma): Initialize(1)
 - Atoms (/datum/controller/subsystem/atoms): InitAtom(the tank dispenser (/obj/structure/tank_dispenser/plasma), /list (/list))
 - Atoms (/datum/controller/subsystem/atoms): InitializeAtoms(null)
 - Atoms (/datum/controller/subsystem/atoms): Initialize(646948)
 - Master (/datum/controller/master): Initialize(10, 0, 1)
 - 
[2021-05-25 17:58:15.246] runtime error: /usr/local/lib/libbyond.so: undefined symbol: auxtools_init
 - proc name: AUXTOOLS CHECK (/proc/AUXTOOLS_CHECK)
 -   source file: _extools_api.dm,14
 -   usr: (src)
 -   src: null
 -   call stack:
 - AUXTOOLS CHECK("libauxmos.so")
 - /datum/gas_mixture (/datum/gas_mixture): New(70)
 - the plasma tank (/obj/item/tank/internals/plasma): Initialize(1)
 - Atoms (/datum/controller/subsystem/atoms): InitAtom(the plasma tank (/obj/item/tank/internals/plasma), /list (/list))
 - the plasma tank (/obj/item/tank/internals/plasma): New(1)
 - the tank dispenser (/obj/structure/tank_dispenser/plasma): Initialize(1)
 - Atoms (/datum/controller/subsystem/atoms): InitAtom(the tank dispenser (/obj/structure/tank_dispenser/plasma), /list (/list))
 - Atoms (/datum/controller/subsystem/atoms): InitializeAtoms(null)
 - Atoms (/datum/controller/subsystem/atoms): Initialize(646948)
 - Master (/datum/controller/master): Initialize(10, 0, 1)
 - 
[2021-05-25 17:58:15.247] runtime error: /usr/local/lib/libbyond.so: undefined symbol: auxtools_init
 - proc name: AUXTOOLS CHECK (/proc/AUXTOOLS_CHECK)
 -   source file: _extools_api.dm,14
 -   usr: (src)
 -   src: null
 -   call stack:
 - AUXTOOLS CHECK("libauxmos.so")
 - /datum/gas_mixture (/datum/gas_mixture): New(70)
 - the plasma tank (/obj/item/tank/internals/plasma): Initialize(1)
 - Atoms (/datum/controller/subsystem/atoms): InitAtom(the plasma tank (/obj/item/tank/internals/plasma), /list (/list))
 - the plasma tank (/obj/item/tank/internals/plasma): New(1)
 - the tank dispenser (/obj/structure/tank_dispenser/plasma): Initialize(1)
 - Atoms (/datum/controller/subsystem/atoms): InitAtom(the tank dispenser (/obj/structure/tank_dispenser/plasma), /list (/list))
 - Atoms (/datum/controller/subsystem/atoms): InitializeAtoms(null)
 - Atoms (/datum/controller/subsystem/atoms): Initialize(646948)
 - Master (/datum/controller/master): Initialize(10, 0, 1)
 - 
[2021-05-25 17:58:15.248] runtime error: /usr/local/lib/libbyond.so: undefined symbol: auxtools_init
 - proc name: AUXTOOLS CHECK (/proc/AUXTOOLS_CHECK)
 -   source file: _extools_api.dm,14
 -   usr: (src)
 -   src: null
 -   call stack:
 - AUXTOOLS CHECK("libauxmos.so")
 - /datum/gas_mixture (/datum/gas_mixture): New(70)
 - the plasma tank (/obj/item/tank/internals/plasma): Initialize(1)
 - Atoms (/datum/controller/subsystem/atoms): InitAtom(the plasma tank (/obj/item/tank/internals/plasma), /list (/list))
 - the plasma tank (/obj/item/tank/internals/plasma): New(1)
 - the tank dispenser (/obj/structure/tank_dispenser/plasma): Initialize(1)
 - Atoms (/datum/controller/subsystem/atoms): InitAtom(the tank dispenser (/obj/structure/tank_dispenser/plasma), /list (/list))
 - Atoms (/datum/controller/subsystem/atoms): InitializeAtoms(null)
 - Atoms (/datum/controller/subsystem/atoms): Initialize(646948)
 - Master (/datum/controller/master): Initialize(10, 0, 1)
 - 
[2021-05-25 17:58:15.249] runtime error: /usr/local/lib/libbyond.so: undefined symbol: auxtools_init
 - proc name: AUXTOOLS CHECK (/proc/AUXTOOLS_CHECK)
 -   source file: _extools_api.dm,14
 -   usr: (src)
 -   src: null
 -   call stack:
 - AUXTOOLS CHECK("libauxmos.so")
 - /datum/gas_mixture (/datum/gas_mixture): New(70)
 - the plasma tank (/obj/item/tank/internals/plasma): Initialize(1)
 - Atoms (/datum/controller/subsystem/atoms): InitAtom(the plasma tank (/obj/item/tank/internals/plasma), /list (/list))
 - the plasma tank (/obj/item/tank/internals/plasma): New(1)
 - the tank dispenser (/obj/structure/tank_dispenser/plasma): Initialize(1)
 - Atoms (/datum/controller/subsystem/atoms): InitAtom(the tank dispenser (/obj/structure/tank_dispenser/plasma), /list (/list))
 - Atoms (/datum/controller/subsystem/atoms): InitializeAtoms(null)
 - Atoms (/datum/controller/subsystem/atoms): Initialize(646948)
 - Master (/datum/controller/master): Initialize(10, 0, 1)
 - 
[2021-05-25 17:58:15.250] runtime error: /usr/local/lib/libbyond.so: undefined symbol: auxtools_init
 - proc name: AUXTOOLS CHECK (/proc/AUXTOOLS_CHECK)
 -   source file: _extools_api.dm,14
 -   usr: (src)
 -   src: null
 -   call stack:
 - AUXTOOLS CHECK("libauxmos.so")
 - /datum/gas_mixture (/datum/gas_mixture): New(70)
 - the plasma tank (/obj/item/tank/internals/plasma): Initialize(1)
 - Atoms (/datum/controller/subsystem/atoms): InitAtom(the plasma tank (/obj/item/tank/internals/plasma), /list (/list))
 - the plasma tank (/obj/item/tank/internals/plasma): New(1)
 - the tank dispenser (/obj/structure/tank_dispenser/plasma): Initialize(1)
 - Atoms (/datum/controller/subsystem/atoms): InitAtom(the tank dispenser (/obj/structure/tank_dispenser/plasma), /list (/list))
 - Atoms (/datum/controller/subsystem/atoms): InitializeAtoms(null)
 - Atoms (/datum/controller/subsystem/atoms): Initialize(646948)
 - Master (/datum/controller/master): Initialize(10, 0, 1)
 - 
[2021-05-25 17:58:15.251] runtime error: /usr/local/lib/libbyond.so: undefined symbol: auxtools_init
 - proc name: AUXTOOLS CHECK (/proc/AUXTOOLS_CHECK)
 -   source file: _extools_api.dm,14
 -   usr: (src)
 -   src: null
 -   call stack:
 - AUXTOOLS CHECK("libauxmos.so")
 - /datum/gas_mixture (/datum/gas_mixture): New(70)
 - the plasma tank (/obj/item/tank/internals/plasma): Initialize(1)
 - Atoms (/datum/controller/subsystem/atoms): InitAtom(the plasma tank (/obj/item/tank/internals/plasma), /list (/list))
 - the plasma tank (/obj/item/tank/internals/plasma): New(1)
 - the tank dispenser (/obj/structure/tank_dispenser/plasma): Initialize(1)
 - Atoms (/datum/controller/subsystem/atoms): InitAtom(the tank dispenser (/obj/structure/tank_dispenser/plasma), /list (/list))
 - Atoms (/datum/controller/subsystem/atoms): InitializeAtoms(null)
 - Atoms (/datum/controller/subsystem/atoms): Initialize(646948)
 - Master (/datum/controller/master): Initialize(10, 0, 1)
 - 
[2021-05-25 17:58:15.251] runtime error: /usr/local/lib/libbyond.so: undefined symbol: auxtools_init
 - proc name: AUXTOOLS CHECK (/proc/AUXTOOLS_CHECK)
 -   source file: _extools_api.dm,14
 -   usr: (src)
 -   src: null
 -   call stack:
 - AUXTOOLS CHECK("libauxmos.so")
 - /datum/gas_mixture (/datum/gas_mixture): New(70)
 - the plasma tank (/obj/item/tank/internals/plasma): Initialize(1)
 - Atoms (/datum/controller/subsystem/atoms): InitAtom(the plasma tank (/obj/item/tank/internals/plasma), /list (/list))
 - the plasma tank (/obj/item/tank/internals/plasma): New(1)
 - the tank dispenser (/obj/structure/tank_dispenser/plasma): Initialize(1)
 - Atoms (/datum/controller/subsystem/atoms): InitAtom(the tank dispenser (/obj/structure/tank_dispenser/plasma), /list (/list))
 - Atoms (/datum/controller/subsystem/atoms): InitializeAtoms(null)
 - Atoms (/datum/controller/subsystem/atoms): Initialize(646948)
 - Master (/datum/controller/master): Initialize(10, 0, 1)
 - 
[2021-05-25 17:58:15.252] runtime error: /usr/local/lib/libbyond.so: undefined symbol: auxtools_init
 - proc name: AUXTOOLS CHECK (/proc/AUXTOOLS_CHECK)
 -   source file: _extools_api.dm,14
 -   usr: (src)
 -   src: null
 -   call stack:
 - AUXTOOLS CHECK("libauxmos.so")
 - /datum/gas_mixture (/datum/gas_mixture): New(70)
 - the plasma tank (/obj/item/tank/internals/plasma): Initialize(1)
 - Atoms (/datum/controller/subsystem/atoms): InitAtom(the plasma tank (/obj/item/tank/internals/plasma), /list (/list))
 - the plasma tank (/obj/item/tank/internals/plasma): New(1)
 - the tank dispenser (/obj/structure/tank_dispenser/plasma): Initialize(1)
 - Atoms (/datum/controller/subsystem/atoms): InitAtom(the tank dispenser (/obj/structure/tank_dispenser/plasma), /list (/list))
 - Atoms (/datum/controller/subsystem/atoms): InitializeAtoms(null)
 - Atoms (/datum/controller/subsystem/atoms): Initialize(646948)
 - Master (/datum/controller/master): Initialize(10, 0, 1)
 - 
[2021-05-25 17:58:15.253] runtime error: /usr/local/lib/libbyond.so: undefined symbol: auxtools_init
 - proc name: AUXTOOLS CHECK (/proc/AUXTOOLS_CHECK)
 -   source file: _extools_api.dm,14
 - 
[2021-05-25 17:58:15.254] runtime error: /usr/local/lib/libbyond.so: undefined symbol: auxtools_init
 - proc name: AUXTOOLS CHECK (/proc/AUXTOOLS_CHECK)
 -   source file: _extools_api.dm,14
 - 
[2021-05-25 17:58:15.254] runtime error: /usr/local/lib/libbyond.so: undefined symbol: auxtools_init
 - proc name: AUXTOOLS CHECK (/proc/AUXTOOLS_CHECK)
 -   source file: _extools_api.dm,14
 - 
[2021-05-25 17:58:15.254] runtime error: /usr/local/lib/libbyond.so: undefined symbol: auxtools_init
 - proc name: AUXTOOLS CHECK (/proc/AUXTOOLS_CHECK)
 -   source file: _extools_api.dm,14
 - 
[2021-05-25 17:58:15.255] runtime error: /usr/local/lib/libbyond.so: undefined symbol: auxtools_init
 - proc name: AUXTOOLS CHECK (/proc/AUXTOOLS_CHECK)
 -   source file: _extools_api.dm,14
 - 
[2021-05-25 17:58:15.255] runtime error: /usr/local/lib/libbyond.so: undefined symbol: auxtools_init
 - proc name: AUXTOOLS CHECK (/proc/AUXTOOLS_CHECK)
 -   source file: _extools_api.dm,14
 - 
[2021-05-25 17:58:15.256] runtime error: /usr/local/lib/libbyond.so: undefined symbol: auxtools_init
 - proc name: AUXTOOLS CHECK (/proc/AUXTOOLS_CHECK)
 -   source file: _extools_api.dm,14
 - 
[2021-05-25 17:58:15.256] runtime error: /usr/local/lib/libbyond.so: undefined symbol: auxtools_init
 - proc name: AUXTOOLS CHECK (/proc/AUXTOOLS_CHECK)
 -   source file: _extools_api.dm,14
 - 
[2021-05-25 17:58:15.256] runtime error: /usr/local/lib/libbyond.so: undefined symbol: auxtools_init
 - proc name: AUXTOOLS CHECK (/proc/AUXTOOLS_CHECK)
 -   source file: _extools_api.dm,14
 - 
[2021-05-25 17:58:15.257] runtime error: /usr/local/lib/libbyond.so: undefined symbol: auxtools_init
 - proc name: AUXTOOLS CHECK (/proc/AUXTOOLS_CHECK)
 -   source file: _extools_api.dm,14
 - 
[2021-05-25 17:58:15.466] runtime error: /usr/local/lib/libbyond.so: undefined symbol: auxtools_init
 - proc name: AUXTOOLS CHECK (/proc/AUXTOOLS_CHECK)
 -   source file: _extools_api.dm,14
 - 
[2021-05-25 17:58:15.468] runtime error: /usr/local/lib/libbyond.so: undefined symbol: auxtools_init
 - proc name: AUXTOOLS CHECK (/proc/AUXTOOLS_CHECK)
 -   source file: _extools_api.dm,14
 - 
[2021-05-25 17:58:15.741] runtime error: /usr/local/lib/libbyond.so: undefined symbol: auxtools_init
 - proc name: AUXTOOLS CHECK (/proc/AUXTOOLS_CHECK)
 -   source file: _extools_api.dm,14
 - 
[2021-05-25 17:58:15.746] runtime error: /usr/local/lib/libbyond.so: undefined symbol: auxtools_init
 - proc name: AUXTOOLS CHECK (/proc/AUXTOOLS_CHECK)
 -   source file: _extools_api.dm,14
 - 
[2021-05-25 17:58:16.052] runtime error: /usr/local/lib/libbyond.so: undefined symbol: auxtools_init
 - proc name: AUXTOOLS CHECK (/proc/AUXTOOLS_CHECK)
 -   source file: _extools_api.dm,14
 - 
[2021-05-25 17:58:16.053] runtime error: /usr/local/lib/libbyond.so: undefined symbol: auxtools_init
 - proc name: AUXTOOLS CHECK (/proc/AUXTOOLS_CHECK)
 -   source file: _extools_api.dm,14
 - 
[2021-05-25 17:58:16.054] runtime error: /usr/local/lib/libbyond.so: undefined symbol: auxtools_init
 - proc name: AUXTOOLS CHECK (/proc/AUXTOOLS_CHECK)
 -   source file: _extools_api.dm,14
 - 
[2021-05-25 17:58:16.054] runtime error: /usr/local/lib/libbyond.so: undefined symbol: auxtools_init
 - proc name: AUXTOOLS CHECK (/proc/AUXTOOLS_CHECK)
 -   source file: _extools_api.dm,14
 - 
[2021-05-25 17:58:16.055] runtime error: /usr/local/lib/libbyond.so: undefined symbol: auxtools_init
 - proc name: AUXTOOLS CHECK (/proc/AUXTOOLS_CHECK)
 -   source file: _extools_api.dm,14
 - 
[2021-05-25 17:58:16.259] runtime error: /usr/local/lib/libbyond.so: undefined symbol: auxtools_init
 - proc name: AUXTOOLS CHECK (/proc/AUXTOOLS_CHECK)
 -   source file: _extools_api.dm,14
 - 
[2021-05-25 17:58:16.261] runtime error: /usr/local/lib/libbyond.so: undefined symbol: auxtools_init
 - proc name: AUXTOOLS CHECK (/proc/AUXTOOLS_CHECK)
 -   source file: _extools_api.dm,14
 - 
[2021-05-25 17:58:16.261] runtime error: /usr/local/lib/libbyond.so: undefined symbol: auxtools_init
 - proc name: AUXTOOLS CHECK (/proc/AUXTOOLS_CHECK)
 -   source file: _extools_api.dm,14
 - 
[2021-05-25 17:58:16.262] runtime error: /usr/local/lib/libbyond.so: undefined symbol: auxtools_init
 - proc name: AUXTOOLS CHECK (/proc/AUXTOOLS_CHECK)
 -   source file: _extools_api.dm,14
 - 
[2021-05-25 17:58:16.520] runtime error: /usr/local/lib/libbyond.so: undefined symbol: auxtools_init
 - proc name: AUXTOOLS CHECK (/proc/AUXTOOLS_CHECK)
 -   source file: _extools_api.dm,14
 - 
[2021-05-25 17:58:16.556] runtime error: /usr/local/lib/libbyond.so: undefined symbol: auxtools_init
 - proc name: AUXTOOLS CHECK (/proc/AUXTOOLS_CHECK)
 -   source file: _extools_api.dm,14
 - 
[2021-05-25 17:58:16.929] runtime error: /usr/local/lib/libbyond.so: undefined symbol: auxtools_init
 - proc name: AUXTOOLS CHECK (/proc/AUXTOOLS_CHECK)
 -   source file: _extools_api.dm,14
 - 
[2021-05-25 17:58:17.068] runtime error: /usr/local/lib/libbyond.so: undefined symbol: auxtools_init
 - proc name: AUXTOOLS CHECK (/proc/AUXTOOLS_CHECK)
 -   source file: _extools_api.dm,14
 - 
[2021-05-25 17:58:17.068] runtime error: /usr/local/lib/libbyond.so: undefined symbol: auxtools_init
 - proc name: AUXTOOLS CHECK (/proc/AUXTOOLS_CHECK)
 -   source file: _extools_api.dm,14
 - 
[2021-05-25 17:58:17.140] runtime error: /usr/local/lib/libbyond.so: undefined symbol: auxtools_init
 - proc name: AUXTOOLS CHECK (/proc/AUXTOOLS_CHECK)
 -   source file: _extools_api.dm,14
 - 
[2021-05-25 17:58:17.140] runtime error: /usr/local/lib/libbyond.so: undefined symbol: auxtools_init
 - proc name: AUXTOOLS CHECK (/proc/AUXTOOLS_CHECK)
 -   source file: _extools_api.dm,14
 - 
[2021-05-25 17:58:17.178] runtime error: /usr/local/lib/libbyond.so: undefined symbol: auxtools_init
 - proc name: AUXTOOLS CHECK (/proc/AUXTOOLS_CHECK)
 -   source file: _extools_api.dm,14
 - 
[2021-05-25 17:58:17.179] runtime error: /usr/local/lib/libbyond.so: undefined symbol: auxtools_init
 - proc name: AUXTOOLS CHECK (/proc/AUXTOOLS_CHECK)
 -   source file: _extools_api.dm,14
 - 
[2021-05-25 17:58:18.234] runtime error: /usr/local/lib/libbyond.so: undefined symbol: auxtools_init
 - proc name: AUXTOOLS CHECK (/proc/AUXTOOLS_CHECK)
 -   source file: _extools_api.dm,14
 - 
[2021-05-25 17:58:18.235] runtime error: /usr/local/lib/libbyond.so: undefined symbol: auxtools_init
 - proc name: AUXTOOLS CHECK (/proc/AUXTOOLS_CHECK)
 -   source file: _extools_api.dm,14
 - 
[2021-05-25 17:58:18.373] runtime error: /usr/local/lib/libbyond.so: undefined symbol: auxtools_init
 - proc name: AUXTOOLS CHECK (/proc/AUXTOOLS_CHECK)
 -   source file: _extools_api.dm,14
 - 
[2021-05-25 17:59:22.196] runtime error: Division by zero
 - 
[2021-05-25 17:59:23.032] ## WARNING: No /obj/docking_port/mobile/arrivals placed on the map! in code/controllers/subsystem/shuttle.dm at line 80 src: Shuttle usr: .
[2021-05-25 17:59:24.447] runtime error: Division by zero
 - 
[2021-05-25 17:59:27.175] Loaded 0 engraved messages on map Yuma
[2021-05-25 17:59:27.177] Initializations complete within 80.1 seconds!
