[2021-05-25 17:58:06.072] Starting up round ID .
 - -------------------------
[2021-05-25 17:58:07.044] INIT: Initialized Profiler subsystem within 0 seconds!
[2021-05-25 17:58:07.092] Fail2Topic: Failed to drop firewall rule. Exit code: 1.
[2021-05-25 17:58:07.092] INIT: Initialized Fail2Topic subsystem within 0 seconds!
[2021-05-25 17:58:07.094] INIT: Initialized Title Screen subsystem within 0 seconds!
[2021-05-25 17:58:07.094] INIT: Initialized Database subsystem within 0 seconds!
[2021-05-25 17:58:07.094] INIT: Initialized Stat Panels subsystem within 0 seconds!
[2021-05-25 17:58:07.094] INIT: Initialized Blackbox subsystem within 0 seconds!
[2021-05-25 17:58:07.094] INIT: Initialized Server Tasks subsystem within 0 seconds!
[2021-05-25 17:58:07.095] INIT: Initialized Input subsystem within 0 seconds!
[2021-05-25 17:58:07.097] INIT: Initialized Sounds subsystem within 0 seconds!
[2021-05-25 17:58:07.097] INIT: Initialized Vis contents overlays subsystem within 0 seconds!
[2021-05-25 17:58:07.150] INIT: Initialized Research subsystem within 0.1 seconds!
[2021-05-25 17:58:07.152] INIT: Initialized Events subsystem within 0 seconds!
[2021-05-25 17:58:07.157] INIT: Initialized Jobs subsystem within 0 seconds!
[2021-05-25 17:58:07.159] INIT: Initialized Quirks subsystem within 0 seconds!
[2021-05-25 17:58:07.162] INIT: Initialized Ticker subsystem within 0 seconds!
[2021-05-25 17:58:07.177] INIT: Initialized Instruments subsystem within 0 seconds!
[2021-05-25 17:58:14.790] INIT: Initialized Mapping subsystem within 7.6 seconds!
[2021-05-25 17:58:14.790] INIT: Initialized Economy subsystem within 0 seconds!
[2021-05-25 17:58:14.792] INIT: Initialized Networks subsystem within 0 seconds!
[2021-05-25 17:58:14.792] INIT: Initialized Holodeck subsystem within 0 seconds!
[2021-05-25 17:58:52.141] INIT: Initialized Atoms subsystem within 37.3 seconds!
[2021-05-25 17:58:52.156] INIT: Initialized Language subsystem within 0 seconds!
[2021-05-25 17:58:52.184] INIT: Initialized Machines subsystem within 0 seconds!
[2021-05-25 17:58:52.254] INIT: Initialized Circuit subsystem within 0.1 seconds!
[2021-05-25 17:58:52.446] INIT: Initialized Atmos Adjacency subsystem within 0.2 seconds!
[2021-05-25 17:58:52.447] INIT: Initialized Autotransfer Vote subsystem within 0 seconds!
[2021-05-25 17:58:52.447] INIT: Initialized Chemistry subsystem within 0 seconds!
[2021-05-25 17:58:52.447] INIT: Initialized Status Effects subsystem within 0 seconds!
[2021-05-25 17:58:52.448] INIT: Initialized Weather subsystem within 0 seconds!
[2021-05-25 17:58:52.453] INIT: Initialized Disease subsystem within 0 seconds!
[2021-05-25 17:58:52.453] INIT: Initialized Item Spawners subsystem within 0 seconds!
[2021-05-25 17:58:52.453] INIT: Initialized Jukeboxes subsystem within 0 seconds!
[2021-05-25 17:58:52.453] INIT: Initialized Medals subsystem within 0 seconds!
[2021-05-25 17:58:53.186] INIT: Initialized Minimaps subsystem within 0.7 seconds!
[2021-05-25 17:58:53.186] INIT: Initialized Mob Spawners subsystem within 0 seconds!
[2021-05-25 17:58:53.186] INIT: Initialized Monster Wave subsystem within 0 seconds!
[2021-05-25 17:58:53.186] INIT: Initialized Day/Night Cycle subsystem within 0 seconds!
[2021-05-25 17:58:53.186] INIT: Initialized Night Shift subsystem within 0 seconds!
[2021-05-25 17:58:53.186] INIT: Initialized Parallax subsystem within 0 seconds!
[2021-05-25 17:58:53.186] INIT: Initialized Sun subsystem within 0 seconds!
[2021-05-25 17:58:53.558] INIT: Initialized Traumas subsystem within 0.4 seconds!
[2021-05-25 17:58:59.053] INIT: Initialized Atmospherics subsystem within 5.5 seconds!
[2021-05-25 17:59:06.277] INIT: Initialized Assets subsystem within 7.2 seconds!
[2021-05-25 17:59:10.774] INIT: Initialized Icon Smoothing subsystem within 4.5 seconds!
[2021-05-25 17:59:12.029] INIT: Initialized Overlay subsystem within 1.3 seconds!
[2021-05-25 17:59:12.029] INIT: Initialized XKeyScore subsystem within 0 seconds!
[2021-05-25 17:59:12.032] INIT: Initialized Sticky Ban subsystem within 0 seconds!
[2021-05-25 17:59:20.348] INIT: Initialized Lighting subsystem within 8.3 seconds!
[2021-05-25 17:59:23.032] INIT: Initialized Shuttle subsystem within 2.7 seconds!
[2021-05-25 17:59:27.126] INIT: Initialized Minor Mapping subsystem within 4.1 seconds!
[2021-05-25 17:59:27.128] INIT: Initialized Pathfinder subsystem within 0 seconds!
[2021-05-25 17:59:27.177] INIT: Initialized Persistence subsystem within 0 seconds!
[2021-05-25 17:59:27.177] INIT: Initialized Chat subsystem within 0 seconds!
