[2021-05-18 01:29:48.118] TGS Info: Activating API for version 3.2.6.2
[2021-05-18 01:29:48.129] runtime error: list index out of bounds
 - proc name: OnWorldNew (/datum/tgs_api/v3210/OnWorldNew)
 -   source file: api.dm,69
 -   usr: null
 -   src: /datum/tgs_api/v3210 (/datum/tgs_api/v3210)
 -   call stack:
 - /datum/tgs_api/v3210 (/datum/tgs_api/v3210): OnWorldNew(0)
 - world: TgsNew(/datum/tgs_event_handler/impl (/datum/tgs_event_handler/impl), 0)
 - world: InitTgs()
 - world: New()
 - 
[2021-05-18 01:29:48.130] TGS Error: Failed to activate API!
[2021-05-18 01:29:48.132] Running /tg/ revision: 
 - No commit information
[2021-05-18 01:29:48.148] Loading config file config.txt...
[2021-05-18 01:29:48.152] Loading config file game_options.txt...
[2021-05-18 01:29:48.161] Loading config file dbconfig.txt...
[2021-05-18 01:29:48.163] Loading config file comms.txt...
[2021-05-18 01:29:48.164] Loading config file antag_rep.txt...
[2021-05-18 01:29:48.166] Loading config file resources.txt...
[2021-05-18 01:29:48.168] Loading config file donator_groupings.txt...
[2021-05-18 01:29:48.169] Loading config file dynamic_config.txt...
[2021-05-18 01:29:48.180] Loading config file plushies/defines.txt...
[2021-05-18 01:29:48.182] Loading config file job_threats.txt...
[2021-05-18 01:29:48.183] Loading config file policy.txt...
[2021-05-18 01:29:48.189] Loading config file maps.txt...
[2021-05-18 01:29:48.200] Database connection established.
[2021-05-18 01:29:48.203] SQL: Could not get schema version from database
