[2021-05-18 01:29:48.214] Starting up round ID 18.
 - -------------------------
[2021-05-18 01:34:02.205] DarkPudding \ John Wick \ Wastelander \ NONE \ LATEJOIN
[2021-05-18 01:34:11.022] Zero9e1 \ Noton \ Citizen \ NONE \ LATEJOIN
[2021-05-18 01:34:13.874] BxsSvg \ Lia Pavlov \ Wastelander \ NONE \ LATEJOIN
[2021-05-18 01:39:42.531] Zircony \ Natasha Harding \ Wastelander \ NONE \ LATEJOIN
[2021-05-18 01:41:21.056] Kaduh \ Erika Miller \ Followers Guard \ NONE \ LATEJOIN
[2021-05-18 01:43:12.795] Comicao1 \ Allah HamduliLyah \ Outlaw \ NONE \ LATEJOIN
[2021-05-18 01:43:49.668] Luciam \ Skarlet D'Luker \ Wastelander \ NONE \ LATEJOIN
[2021-05-18 01:44:06.725] brunoasbahr \ Montagne Marshall \ Wastelander \ NONE \ LATEJOIN
[2021-05-18 02:00:52.768] luciam \ Victoria Valentine \ Auxilia \ NONE \ LATEJOIN
[2021-05-18 02:01:33.566] kaduh \ Erika Miller \ Followers Doctor \ NONE \ LATEJOIN
[2021-05-18 02:01:41.504] Hanonimo \ Jaiden Oppenheimer \ Followers Guard \ NONE \ LATEJOIN
[2021-05-18 02:02:16.678] Comicao1 \ Francis Catleay \ Outlaw \ NONE \ LATEJOIN
[2021-05-18 02:02:52.932] Thebanana3 \ Harmony Harding \ Legion Slave \ NONE \ LATEJOIN
[2021-05-18 02:03:06.296] Degusta00 \ Bob Loureiro \ Wastelander \ NONE \ LATEJOIN
[2021-05-18 02:03:24.425] Baeiou \ Augustus Malkav \ Recruit Legionary \ NONE \ LATEJOIN
[2021-05-18 02:08:19.454] comicao1 \ Noah Costello \ Outlaw \ NONE \ LATEJOIN
[2021-05-18 02:08:29.424] thebanana3 \ Angelina Seelig \ Outlaw \ NONE \ LATEJOIN
[2021-05-18 02:10:46.975] SpookyPineapple \ Payde Antonio \ Outlaw \ NONE \ LATEJOIN
[2021-05-18 02:11:38.988] darkpudding \ Brody Rathens \ Recruit Legionary \ NONE \ LATEJOIN
[2021-05-18 02:11:50.592] JohonasMexicanjo \ Maximus Wolfe \ Legion Venator \ NONE \ LATEJOIN
[2021-05-18 02:12:32.212] comicao1 \ Fitz Barnes \ Outlaw \ NONE \ LATEJOIN
[2021-05-18 02:16:43.439] BxsSvg \ Lia Pavlov \ Citizen \ NONE \ LATEJOIN
[2021-05-18 02:19:18.192] Stimusz \ Brad Legweak \ Outlaw \ NONE \ LATEJOIN
[2021-05-18 02:24:53.621] Kulzcow \ Derek Ackerley \ Wastelander \ NONE \ LATEJOIN
[2021-05-18 02:27:12.585] stimusz \ Luke Curry \ Outlaw \ NONE \ LATEJOIN
[2021-05-18 02:54:19.747] Tehii \ April Elliot \ Villager \ NONE \ LATEJOIN
[2021-05-18 04:15:46.761] DrCortexxx \ Erick Holdeman \ Wastelander \ NONE \ LATEJOIN
[2021-05-18 05:04:50.084] DropShip27 \ Drake Gibson \ Citizen \ NONE \ LATEJOIN
[2021-05-18 06:04:39.606] JP0809 \ Jon Doe \ Enclave Lieutenant \ NONE \ LATEJOIN
[2021-05-18 06:12:07.918] jp0809 \ Leonardo Bickerson \ Enclave Sergant \ NONE \ LATEJOIN
