/mob/living/carbon/human => 2214ms (26720) (avg:0.082859277725219727)
/obj/screen/healthdoll => 816ms (15268) (avg:0.053445115685462952)
/obj/machinery/light/fo13colored/Red => 635ms (17261) (avg:0.036788135766983032)
/turf/closed/mineral/random/low_chance => 404ms (51815) (avg:0.0077969701960682869)
/obj/machinery/power/smes/magical => 340ms (8588) (avg:0.039590124040842056)
/obj/machinery/hydroponics/soil => 319ms (21555) (avg:0.014799350872635841)
/obj/machinery/light/built => 180ms (5385) (avg:0.033426184207201004)
/obj/machinery/light/fo13colored/Aqua => 174ms (4217) (avg:0.041261561214923859)
/turf/open/space/basic => 135ms (39910) (avg:0.0033826108556240797)
/obj/machinery/light/fo13colored/Pink => 107ms (2453) (avg:0.04362005740404129)
/obj/screen/inventory/hand => 85ms (4165) (avg:0.020408162847161293)
/obj/item/weldingtool => 73ms (781) (avg:0.093469910323619843)
/obj/effect/decal/cleanable/blood/footprints => 71ms (2321) (avg:0.03059026226401329)
/obj/machinery/light/lampost => 63ms (2288) (avg:0.027534965425729752)
/obj/screen/inventory => 61ms (1291) (avg:0.047250192612409592)
/obj/structure/window/reinforced/fulltile => 60ms (4142) (avg:0.014485755935311317)
/turf/closed/mineral/random/high_chance => 58ms (6453) (avg:0.0089880675077438354)
/obj/machinery/hydroponics/constructable => 57ms (1514) (avg:0.037648614495992661)
/obj/screen/movable/action_button => 46ms (973) (avg:0.047276463359594345)
/obj/screen/sprintbutton => 41ms (679) (avg:0.060382917523384094)
/obj/effect/decal/cleanable/dirt => 39ms (3895) (avg:0.010012837126851082)
/turf/closed/mineral/iron => 39ms (3137) (avg:0.012432260438799858)
/mob/living/carbon/human/dummy => 32ms (651) (avg:0.049155145883560181)
/turf/closed/wall/r_wall/rust => 31ms (1728) (avg:0.017939815297722816)
/obj/machinery/door/airlock/grunge => 30ms (268) (avg:0.11194030195474625)
/turf/closed/indestructible/riveted => 27ms (2661) (avg:0.010146561078727245)
/obj/machinery/door/airlock/hatch => 24ms (197) (avg:0.12182740867137909)
/turf/closed/wall/rust => 23ms (2479) (avg:0.0092779342085123062)
/obj/screen/parallax_layer/layer_1 => 22ms (105) (avg:0.20952381193637848)
/obj/machinery/door/airlock/glass_large => 21ms (144) (avg:0.1458333283662796)
/obj/machinery/door/airlock/medical => 18ms (186) (avg:0.096774190664291382)
/obj/item/storage/belt/utility => 18ms (118) (avg:0.1525423675775528)
/turf/closed/wall/f13/store => 17ms (1229) (avg:0.013832383789122105)
/obj/machinery/door/airlock/abandoned => 17ms (121) (avg:0.14049586653709412)
/obj/screen/parallax_layer/layer_2 => 17ms (104) (avg:0.16346153616905212)
/turf/closed/wall/r_wall/f13vault => 16ms (1360) (avg:0.011764706112444401)
/turf/closed/wall/f13/ruins => 13ms (1114) (avg:0.011669659055769444)
/turf/closed/wall/f13/supermart => 13ms (886) (avg:0.014672686345875263)
/turf/closed/wall => 13ms (161) (avg:0.080745339393615723)
/turf/closed/wall/r_wall => 12ms (863) (avg:0.01390498224645853)
/turf/closed/wall/mineral/sandstone => 11ms (76) (avg:0.14473684132099152)
/obj/machinery/door/airlock/vault => 11ms (69) (avg:0.15942029654979706)
/obj/item/stack/ore/glass => 11ms (55) (avg:0.20000000298023224)
/turf/closed/mineral/lead => 10ms (1166) (avg:0.0085763288661837578)
/obj/item/weldingtool/advanced => 9ms (418) (avg:0.021531101316213608)
/obj/machinery/door/airlock/security/glass => 9ms (107) (avg:0.084112152457237244)
/turf/closed/mineral/plasma => 8ms (1212) (avg:0.0066006602719426155)
/turf/closed/mineral/titanium => 8ms (633) (avg:0.012638230808079243)
/obj/item/gun/ballistic/automatic/smg22 => 8ms (92) (avg:0.086956523358821869)
/obj/item/stack/ore/blackpowder/two => 8ms (36) (avg:0.2222222238779068)
/turf/open/space/transit => 7ms (1621) (avg:0.00431832205504179)
/obj/structure/table/wood => 7ms (754) (avg:0.0092838192358613014)
/obj/structure/table/reinforced => 7ms (737) (avg:0.0094979647547006607)
/turf/closed/mineral/silver => 7ms (707) (avg:0.009900989942252636)
/obj/structure/closet => 7ms (246) (avg:0.028455285355448723)
/obj/machinery/door/airlock/highsecurity => 7ms (64) (avg:0.109375)
/obj/screen/parallax_layer/layer_3 => 7ms (49) (avg:0.1428571492433548)
/obj/structure/table => 6ms (609) (avg:0.0098522165790200233)
/obj/effect/decal/cleanable/blood/gibs => 6ms (425) (avg:0.014117646962404251)
/obj/structure/barricade/sandbags => 6ms (217) (avg:0.027649769559502602)
/obj/item/gun/energy/laser/pistol => 6ms (151) (avg:0.039735101163387299)
/turf/closed/mineral/gold => 5ms (612) (avg:0.0081699350848793983)
/turf/open/floor/carpet/black => 5ms (448) (avg:0.01116071455180645)
/turf/open/floor/carpet => 5ms (259) (avg:0.019305018708109856)
/obj/effect/decal/cleanable/blood/drip => 5ms (253) (avg:0.01976284570991993)
/obj/machinery/door/airlock/command => 5ms (69) (avg:0.072463765740394592)
/mob/dead/observer => 5ms (68) (avg:0.07352941483259201)
/obj/item/weldingtool/largetank => 5ms (60) (avg:0.083333335816860199)
/obj/machinery/light => 4ms (795) (avg:0.00503144646063447)
/turf/closed/mineral/uranium => 4ms (411) (avg:0.0097323600202798843)
/obj/structure/table/wood/settler => 4ms (259) (avg:0.015444015152752399)
/obj/effect/decal/cleanable/blood/gibs/core => 4ms (104) (avg:0.038461539894342422)
/obj/item/storage/box/vendingmachine => 4ms (65) (avg:0.061538461595773697)
/obj/item/stack/ore/plasma => 4ms (9) (avg:0.4444444477558136)
/obj/item/reagent_containers/blood/random => 3ms (179) (avg:0.016759777441620827)
/turf/closed/indestructible => 3ms (168) (avg:0.01785714365541935)
/turf/closed/wall/mineral/titanium => 3ms (164) (avg:0.018292682245373726)
/obj/screen/movable/action_button/hide_toggle => 3ms (104) (avg:0.028846153989434242)
/obj/item/pda => 3ms (78) (avg:0.038461539894342422)
/obj/item/gun/energy/gammagun => 3ms (76) (avg:0.039473682641983032)
/obj/item/defibrillator/loaded => 3ms (73) (avg:0.04109589010477066)
/obj/item/reagent_containers/glass/beaker => 3ms (64) (avg:0.046875)
/turf/closed/wall/f13/wood => 3ms (56) (avg:0.0535714291036129)
/obj/machinery/door/airlock/public/glass => 3ms (38) (avg:0.078947365283966064)
/obj/machinery/light/small => 2ms (563) (avg:0.0035523979458957911)
/turf/open/floor/plasteel => 2ms (371) (avg:0.0053908354602754116)
/turf/closed/indestructible/f13vaultrusted => 2ms (192) (avg:0.010416666977107525)
/obj/structure/lattice/catwalk => 2ms (130) (avg:0.015384615398943424)
/turf/closed/wall/r_wall/syndicate => 2ms (97) (avg:0.020618556067347527)
/turf/open/floor/holofloor/carpet => 2ms (87) (avg:0.022988505661487579)
/obj/screen/combattoggle => 2ms (85) (avg:0.023529412224888802)
/obj/effect/decal/cleanable/trail_holder => 2ms (82) (avg:0.024390242993831635)
/obj/structure/window/fulltile => 2ms (77) (avg:0.025974025949835777)
/obj/screen/zone_sel => 2ms (76) (avg:0.026315789669752121)
/obj/item/reagent_containers/glass/beaker/large => 2ms (72) (avg:0.02777777798473835)
/obj/item/screwdriver => 2ms (71) (avg:0.028169013559818268)
/obj/item/gun/energy/laser/plasma/carbine => 2ms (55) (avg:0.036363635212182999)
/obj/effect/decal/cleanable/blood/gibs/down => 2ms (46) (avg:0.043478261679410934)
/obj/structure/closet/secure_closet/personal => 2ms (36) (avg:0.0555555559694767)
/turf/closed/indestructible/riveted/boss => 1ms (266) (avg:0.003759398590773344)
/turf/closed/mineral/diamond => 1ms (265) (avg:0.0037735849618911743)
/obj/item/reagent_containers/hypospray/medipen/stimpak => 1ms (214) (avg:0.0046728970482945442)
/turf/closed/mineral/bscrystal => 1ms (198) (avg:0.0050505050458014011)
/turf/closed/wall/r_wall/f13superstore => 1ms (150) (avg:0.0066666668280959129)
/obj/structure/closet/cabinet => 1ms (146) (avg:0.0068493150174617767)
/turf/closed/indestructible/riveted/uranium => 1ms (131) (avg:0.0076335878111422062)
/obj/machinery/computer/terminal => 1ms (108) (avg:0.0092592593282461166)
/turf/closed/indestructible/fakeglass => 1ms (108) (avg:0.0092592593282461166)
/obj/item/paper_bin => 1ms (98) (avg:0.010204081423580647)
/obj/item/gun/ballistic/automatic/autopipe => 1ms (82) (avg:0.012195121496915817)
/turf/closed/mineral/random => 1ms (78) (avg:0.012820512987673283)
/obj/machinery/light/floor => 1ms (57) (avg:0.017543859779834747)
/obj/structure/closet/fridge => 1ms (54) (avg:0.018518518656492233)
/obj/structure/window/fulltile/house => 1ms (47) (avg:0.021276595070958138)
/obj/structure/lattice => 1ms (45) (avg:0.02222222276031971)
/turf/open/floor/plasteel/darkred/side => 1ms (40) (avg:0.02500000037252903)
/obj/item/clothing/shoes/sneakers/black => 1ms (38) (avg:0.026315789669752121)
/obj/item/reagent_containers/glass/bottle/blackpowder => 1ms (37) (avg:0.027027027681469917)
/obj/machinery/power/smes/engineering => 1ms (35) (avg:0.02857142873108387)
/obj/structure/table/wood/fancy => 1ms (35) (avg:0.02857142873108387)
/obj/structure/window/plastitanium => 1ms (30) (avg:0.033333335071802139)
/obj/item/storage/toolbox/mechanical => 1ms (29) (avg:0.034482758492231369)
/obj/item/storage/box/drinkingglasses => 1ms (29) (avg:0.034482758492231369)
/obj/item/lighter => 1ms (28) (avg:0.035714287310838699)
/obj/item/reagent_containers/blood/radaway => 1ms (28) (avg:0.035714287310838699)
/obj/item/clothing/shoes/f13/military/leather => 1ms (26) (avg:0.038461539894342422)
/obj/structure/table/abductor => 1ms (24) (avg:0.041666667908430099)
/obj/machinery/iv_drip => 1ms (23) (avg:0.043478261679410934)
/turf/closed/wall/f13/wood/house => 1ms (15) (avg:0.066666670143604279)
/obj/structure/fireaxecabinet => 1ms (14) (avg:0.071428574621677399)
/obj/item/storage/belt/security/full => 1ms (13) (avg:0.076923079788684845)
/obj/structure/closet/crate/secure/weapon => 1ms (11) (avg:0.090909093618392944)
/obj/structure/closet/secure_closet/personal/cabinet => 1ms (10) (avg:0.10000000149011612)
/obj/item/reagent_containers/glass/bottle/epinephrine => 1ms (7) (avg:0.1428571492433548)
/obj/structure/necropolis_gate => 1ms (7) (avg:0.1428571492433548)
/turf/open/floor/plasteel/f13/vault_floor/yellow => 1ms (7) (avg:0.1428571492433548)
/obj/item/reagent_containers/glass/bottle/vial/small/breastreduction => 1ms (7) (avg:0.1428571492433548)
/obj/machinery/chem_dispenser => 1ms (6) (avg:0.1666666716337204)
/obj/item/storage/box/emps => 1ms (5) (avg:0.20000000298023224)
/obj/machinery/door/airlock/engineering/glass => 1ms (4) (avg:0.25)
/obj/machinery/computer/arcade/orion_trail => 1ms (3) (avg:0.3333333432674408)
/obj/item/pda/medical => 1ms (3) (avg:0.3333333432674408)
/obj/item/stack/ore/gold => 1ms (3) (avg:0.3333333432674408)
/turf/closed/wall/f13/wood/house/broken => 1ms (2) (avg:0.5)
/obj/item/storage/belt => 1ms (1) (avg:1)
/obj/item/kitchen/knife/combat => 1ms (1) (avg:1)
/obj/item/crafting/abraxo => 1ms (1) (avg:1)
/obj/item/clothing/gloves/botanic_leather => 1ms (1) (avg:1)
/turf/open/floor/plasteel/dark => 0ms (231) (avg:0)
/turf/open/space => 0ms (172) (avg:0)
/obj/structure/closet/crate/bin => 0ms (158) (avg:0)
/obj/effect/decal/cleanable/dirt/dust => 0ms (92) (avg:0)
/obj/machinery/door/airlock/centcom => 0ms (73) (avg:0)
/obj/item/clothing/shoes/jackboots => 0ms (71) (avg:0)
/obj/item/wirecutters => 0ms (70) (avg:0)
/obj/item/gun/ballistic/automatic/mini_uzi => 0ms (62) (avg:0)
/turf/open/floor/f13 => 0ms (59) (avg:0)
/obj/item/gun/energy/laser/plasma => 0ms (50) (avg:0)
/obj/item/bodypart/r_arm => 0ms (48) (avg:0)
/turf/open/floor/plasteel/f13/vault_floor/misc/vaultrust => 0ms (48) (avg:0)
/turf/open/indestructible/ground/outside/sidewalk => 0ms (46) (avg:0)
/obj/structure/table/wood/poker => 0ms (44) (avg:0)
/turf/closed/mineral/ash_rock => 0ms (42) (avg:0)
/obj/item/clothing/shoes/combat => 0ms (42) (avg:0)
/obj/structure/table/glass => 0ms (37) (avg:0)
/obj/item/clothing/shoes/f13/raidertreads => 0ms (35) (avg:0)
/obj/item/reagent_containers/syringe/charcoal => 0ms (34) (avg:0)
/obj/structure/table/booth => 0ms (29) (avg:0)
/obj/item/disk/plantgene => 0ms (28) (avg:0)
/turf/open/floor/plasteel/f13/vault_floor/floor => 0ms (28) (avg:0)
/obj/item/gun/energy/laser => 0ms (27) (avg:0)
/obj/structure/window/paperframe => 0ms (27) (avg:0)
/turf/open/floor/plasteel/f13/vault_floor/dark/darksolid => 0ms (26) (avg:0)
/obj/structure/window/fulltile/wood => 0ms (26) (avg:0)
/obj/machinery/door/airlock => 0ms (24) (avg:0)
/obj/item/storage/box/matches => 0ms (24) (avg:0)
/obj/item/reagent_containers/glass/beaker/waterbottle => 0ms (24) (avg:0)
/turf/open/floor/plating/airless => 0ms (24) (avg:0)
/obj/structure/table/wood/fancy/black => 0ms (24) (avg:0)
/obj/machinery/door/airlock/wood => 0ms (22) (avg:0)
/mob/living/simple_animal/hostile/handy => 0ms (21) (avg:0)
/obj/item/storage/box/handcuffs => 0ms (21) (avg:0)
/obj/item/gun/ballistic/automatic/smg10mm => 0ms (21) (avg:0)
/obj/machinery/door/airlock/maintenance/abandoned => 0ms (21) (avg:0)
/turf/closed/wall/mineral/plastitanium => 0ms (21) (avg:0)
/obj/item/reagent_containers/syringe/medx => 0ms (20) (avg:0)
/obj/item/clipboard => 0ms (19) (avg:0)
/obj/structure/window/shuttle => 0ms (19) (avg:0)
/obj/item/stock_parts/cell/upgraded => 0ms (18) (avg:0)
/obj/item/stock_parts/cell => 0ms (18) (avg:0)
/turf/open/floor/plating => 0ms (18) (avg:0)
/turf/open/floor/wood/wood_tiled => 0ms (18) (avg:0)
/turf/open/floor/plasteel/f13/vault_floor/floor/floorsolid => 0ms (18) (avg:0)
/obj/structure/table/wood/bar => 0ms (18) (avg:0)
/turf/open/floor/plasteel/darkblue/side => 0ms (17) (avg:0)
/turf/open/floor/f13/wood => 0ms (17) (avg:0)
/turf/open/floor/plasteel/f13/vault_floor/yellow/yellowchess/yellowchess2 => 0ms (17) (avg:0)
/obj/machinery/door/airlock/external => 0ms (16) (avg:0)
/turf/open/floor/plasteel/darkred/corner => 0ms (16) (avg:0)
/obj/item/clothing/shoes/f13/diesel/alt => 0ms (16) (avg:0)
/turf/open/floor/carpet/green => 0ms (15) (avg:0)
/obj/item/clothing/shoes/f13/explorer => 0ms (15) (avg:0)
/obj/machinery/airalarm => 0ms (14) (avg:0)
/turf/open/floor/grass => 0ms (14) (avg:0)
/mob/living/simple_animal/hostile/handy/gutsy => 0ms (13) (avg:0)
/turf/open/floor/plasteel/darkblue/corner => 0ms (13) (avg:0)
/obj/item/clothing/shoes/f13/military/plated => 0ms (13) (avg:0)
/obj/item/clothing/shoes/f13/brownie => 0ms (13) (avg:0)
/obj/item/reagent_containers/syringe/epinephrine => 0ms (12) (avg:0)
/obj/item/storage/box/syringes => 0ms (12) (avg:0)
/obj/item/storage/crayons => 0ms (12) (avg:0)
/obj/item/storage/belt/utility/full => 0ms (12) (avg:0)
/turf/open/floor/plasteel/showroomfloor => 0ms (12) (avg:0)
/obj/machinery/door/airlock/titanium => 0ms (11) (avg:0)
/obj/item/holochip => 0ms (11) (avg:0)
/obj/item/storage/box/gloves => 0ms (11) (avg:0)
/obj/item/reagent_containers/hypospray/medipen/stimpak/super => 0ms (11) (avg:0)
/obj/item/clothing/gloves/f13/handwraps => 0ms (11) (avg:0)
/obj/item/gun/energy/laser/plasma/glock/extended => 0ms (11) (avg:0)
/obj/item/storage/box/flashbangs => 0ms (10) (avg:0)
/obj/structure/closet/radiation => 0ms (10) (avg:0)
/obj/machinery/door/airlock/medical/glass => 0ms (10) (avg:0)
/obj/machinery/door/airlock/security => 0ms (10) (avg:0)
/turf/open/floor/plating/f13/outside/desert => 0ms (10) (avg:0)
/obj/item/stack/ore/iron => 0ms (10) (avg:0)
/obj/item/storage/belt/utility/full/engi => 0ms (10) (avg:0)
/obj/machinery/computer/operating => 0ms (9) (avg:0)
/obj/structure/closet/fridge/standard => 0ms (9) (avg:0)
/obj/item/gun/energy/laser/wattz => 0ms (9) (avg:0)
/obj/item/storage/box/ingredients/wildcard => 0ms (9) (avg:0)
/obj/item/storage/toolbox/electrical => 0ms (9) (avg:0)
/obj/machinery/door/airlock/shuttle => 0ms (9) (avg:0)
/obj/item/clothing/shoes/f13/rag => 0ms (9) (avg:0)
/obj/item/clothing/shoes/combat/swat => 0ms (9) (avg:0)
/obj/machinery/computer/secure_data => 0ms (8) (avg:0)
/obj/machinery/computer/security => 0ms (8) (avg:0)
/obj/machinery/computer/security/telescreen => 0ms (8) (avg:0)
/obj/structure/closet/abductor => 0ms (8) (avg:0)
/obj/item/storage/box/ingredients/fiesta => 0ms (8) (avg:0)
/obj/item/storage/box/ingredients/italian => 0ms (8) (avg:0)
/obj/item/storage/box/bodybags => 0ms (8) (avg:0)
/obj/item/storage/box/pillbottles => 0ms (8) (avg:0)
/obj/item/lighter/greyscale => 0ms (8) (avg:0)
/turf/open/floor/plasteel/goonplaque => 0ms (8) (avg:0)
/turf/open/floor/plasteel/vault => 0ms (8) (avg:0)
/turf/open/transparent/glass => 0ms (8) (avg:0)
/obj/item/reagent_containers/hypospray/medipen/stimpak/custom => 0ms (8) (avg:0)
/obj/machinery/door/airlock/silver => 0ms (7) (avg:0)
/obj/item/reagent_containers/glass/bottle/charcoal => 0ms (7) (avg:0)
/obj/item/dice/d20 => 0ms (7) (avg:0)
/obj/structure/closet/emcloset => 0ms (7) (avg:0)
/obj/item/dice => 0ms (7) (avg:0)
/obj/item/storage/box/ingredients/american => 0ms (7) (avg:0)
/obj/item/gun/ballistic/automatic/pistol/pistol22 => 0ms (7) (avg:0)
/obj/item/reagent_containers/honeycomb => 0ms (7) (avg:0)
/obj/item/storage/box/ingredients/grains => 0ms (7) (avg:0)
/obj/structure/table/greyscale => 0ms (7) (avg:0)
/obj/structure/table/reinforced/brass => 0ms (7) (avg:0)
/obj/structure/falsewall/sandstone => 0ms (7) (avg:0)
/mob/living/simple_animal/hostile/handy/protectron => 0ms (6) (avg:0)
/obj/structure/closet/secure_closet/security => 0ms (6) (avg:0)
/obj/item/gun/energy/ionrifle => 0ms (6) (avg:0)
/obj/machinery/computer/security/telescreen/entertainment => 0ms (6) (avg:0)
/obj/item/storage/toolbox/emergency => 0ms (6) (avg:0)
/obj/machinery/computer/cargo => 0ms (6) (avg:0)
/obj/structure/closet/syndicate/personal => 0ms (6) (avg:0)
/obj/effect/decal/cleanable/blood/gibs/body => 0ms (6) (avg:0)
/obj/item/storage/box/beakers => 0ms (6) (avg:0)
/obj/item/storage/box/ingredients/vegetarian => 0ms (6) (avg:0)
/obj/item/storage/box/ingredients/sweets => 0ms (6) (avg:0)
/obj/structure/closet/cabinet/anchored => 0ms (6) (avg:0)
/obj/machinery/computer/slot_machine => 0ms (6) (avg:0)
/obj/machinery/power/smes => 0ms (6) (avg:0)
/obj/item/clothing/under/shorts/polychromic => 0ms (6) (avg:0)
/obj/item/reagent_containers/food/drinks/mug/tea => 0ms (6) (avg:0)
/turf/open/floor/mineral/plastitanium => 0ms (6) (avg:0)
/turf/open/floor/plasteel/f13/vault_floor/red => 0ms (6) (avg:0)
/turf/open/floor/carpet/red => 0ms (6) (avg:0)
/obj/item/storage/backpack/satchel/explorer => 0ms (6) (avg:0)
/obj/item/bodypart/head => 0ms (6) (avg:0)
/obj/structure/door_assembly/door_assembly_grunge => 0ms (6) (avg:0)
/obj/item/clothing/shoes/laceup => 0ms (6) (avg:0)
/obj/item/reagent_containers/glass/bottle/vial/small/penisreduction => 0ms (6) (avg:0)
/obj/machinery/computer/card/centcom => 0ms (5) (avg:0)
/obj/structure/closet/secure_closet/freezer/meat => 0ms (5) (avg:0)
/obj/item/dice/d10 => 0ms (5) (avg:0)
/obj/item/gun/energy/laser/aer9 => 0ms (5) (avg:0)
/obj/machinery/computer/telecrystals/uplinker => 0ms (5) (avg:0)
/obj/machinery/computer/camera_advanced/abductor => 0ms (5) (avg:0)
/obj/item/storage/box/masks => 0ms (5) (avg:0)
/obj/item/storage/box/ingredients/delights => 0ms (5) (avg:0)
/turf/open/floor/plasteel/caution => 0ms (5) (avg:0)
/turf/closed/wall/f13 => 0ms (5) (avg:0)
/turf/closed/wall/mineral/titanium/nodiagonal => 0ms (5) (avg:0)
/obj/item/organ/cyberimp/eyes/hud/medical => 0ms (4) (avg:0)
/obj/structure/guncase/shotgun => 0ms (4) (avg:0)
/obj/structure/closet/secure_closet/freezer/fridge => 0ms (4) (avg:0)
/obj/structure/closet/secure_closet/freezer/kitchen => 0ms (4) (avg:0)
/obj/item/storage/box/dice => 0ms (4) (avg:0)
/obj/item/dice/d4 => 0ms (4) (avg:0)
/obj/item/dice/d6 => 0ms (4) (avg:0)
/obj/item/dice/d8 => 0ms (4) (avg:0)
/obj/item/dice/d12 => 0ms (4) (avg:0)
/obj/item/gun/ballistic/automatic/ar => 0ms (4) (avg:0)
/obj/item/stock_parts/cell/pulse/carbine => 0ms (4) (avg:0)
/obj/item/gun/energy/pulse/carbine/loyalpin => 0ms (4) (avg:0)
/obj/item/storage/box/disks_plantgene => 0ms (4) (avg:0)
/obj/machinery/door/airlock/command/glass => 0ms (4) (avg:0)
/obj/item/storage/box/alienhandcuffs => 0ms (4) (avg:0)
/obj/item/storage/box/ingredients/carnivore => 0ms (4) (avg:0)
/obj/structure/closet/bus => 0ms (4) (avg:0)
/obj/item/storage/toolbox/drone => 0ms (4) (avg:0)
/obj/item/reagent_containers/food/snacks/lollipop => 0ms (4) (avg:0)
/obj/machinery/computer/security/bos => 0ms (4) (avg:0)
/obj/item/gun/ballistic/automatic/greasegun => 0ms (4) (avg:0)
/obj/item/gun/ballistic/automatic/commando => 0ms (4) (avg:0)
/obj/item/storage/box/medsprays => 0ms (4) (avg:0)
/obj/effect/decal/cleanable/blood/gibs/old => 0ms (4) (avg:0)
/obj/item/gps/mining => 0ms (4) (avg:0)
/obj/item/reagent_containers/blood/OMinus => 0ms (4) (avg:0)
/obj/machinery/door/airlock/science/glass => 0ms (4) (avg:0)
/turf/open/indestructible/ground/inside/subway => 0ms (4) (avg:0)
/turf/open/floor/plasteel/f13/vault_floor/plating => 0ms (4) (avg:0)
/turf/closed/wall/mineral/titanium/interior => 0ms (4) (avg:0)
/turf/closed/wall/r_wall/f13composite => 0ms (4) (avg:0)
/obj/structure/table/wood/fancy/blackred => 0ms (4) (avg:0)
/turf/open/floor/carpet/blue => 0ms (4) (avg:0)
/turf/closed/wall/r_wall/syndicate/nodiagonal => 0ms (4) (avg:0)
/obj/item/claymore/machete/pipe/tireiron => 0ms (4) (avg:0)
/obj/structure/weightlifter => 0ms (4) (avg:0)
/obj/structure/door_assembly/door_assembly_hatch => 0ms (4) (avg:0)
/obj/item/twohanded/sledgehammer/supersledge => 0ms (4) (avg:0)
/obj/item/clothing/head/helmet/f13/power_armor/t45d => 0ms (4) (avg:0)
/obj/item/clothing/suit/armor/f13/power_armor/t45d/knightcaptain => 0ms (4) (avg:0)
/obj/screen/radial/slice => 0ms (4) (avg:0)
/obj/item/organ/cyberimp/chest/nutriment => 0ms (3) (avg:0)
/mob/living/simple_animal/hostile/handy/nsb => 0ms (3) (avg:0)
/mob/living/simple_animal/hostile/handy/gutsy/nsb => 0ms (3) (avg:0)
/obj/structure/guncase/ecase => 0ms (3) (avg:0)
/obj/item/storage/box/zipties => 0ms (3) (avg:0)
/obj/item/clothing/under/misc/polyjumpsuit => 0ms (3) (avg:0)
/obj/item/clothing/under/misc/poly_shirt => 0ms (3) (avg:0)
/obj/item/clothing/under/costume/kilt/polychromic => 0ms (3) (avg:0)
/obj/item/clothing/under/dress/skirt/polychromic => 0ms (3) (avg:0)
/obj/item/clothing/under/misc/polyshorts => 0ms (3) (avg:0)
/obj/item/gun/energy/e_gun => 0ms (3) (avg:0)
/obj/item/defibrillator/compact/combat/loaded => 0ms (3) (avg:0)
/obj/item/storage/box/teargas => 0ms (3) (avg:0)
/obj/item/gun/energy/laser/wattz/magneto => 0ms (3) (avg:0)
/obj/machinery/computer/communications => 0ms (3) (avg:0)
/obj/machinery/computer/auxillary_base => 0ms (3) (avg:0)
/obj/item/gps/internal/base => 0ms (3) (avg:0)
/obj/structure/closet/wardrobe/cargotech => 0ms (3) (avg:0)
/obj/item/storage/box/mousetraps => 0ms (3) (avg:0)
/obj/structure/closet/secure_closet/hydroponics => 0ms (3) (avg:0)
/obj/structure/closet/cardboard/metal => 0ms (3) (avg:0)
/obj/structure/closet/cardboard => 0ms (3) (avg:0)
/obj/machinery/computer/shuttle/bunkerelevator => 0ms (3) (avg:0)
/obj/item/storage/box/ingredients/fruity => 0ms (3) (avg:0)
/obj/item/gun/ballistic/automatic/assault_rifle/infiltrator => 0ms (3) (avg:0)
/obj/machinery/computer/shuttle/northbunkerelevator => 0ms (3) (avg:0)
/obj/item/storage/box/ingredients/exotic => 0ms (3) (avg:0)
/obj/item/reagent_containers/food/drinks/mug/coco => 0ms (3) (avg:0)
/obj/item/storage/box/lights => 0ms (3) (avg:0)
/obj/item/storage/box/papersack => 0ms (3) (avg:0)
/obj/item/storage/box/lights/bulbs => 0ms (3) (avg:0)
/obj/item/storage/box/lights/mixed => 0ms (3) (avg:0)
/obj/item/storage/box/cups => 0ms (3) (avg:0)
/obj/structure/guncase => 0ms (3) (avg:0)
/obj/item/bedsheet/gondola => 0ms (3) (avg:0)
/obj/machinery/computer/rdconsole/core/bos => 0ms (3) (avg:0)
/obj/machinery/computer/med_data => 0ms (3) (avg:0)
/obj/item/pda/chemist => 0ms (3) (avg:0)
/obj/machinery/door/airlock/mining => 0ms (3) (avg:0)
/obj/machinery/computer/crew => 0ms (3) (avg:0)
/obj/item/defibrillator => 0ms (3) (avg:0)
/obj/effect/decal/cleanable/blood/gibs/human => 0ms (3) (avg:0)
/obj/effect/decal/cleanable/blood/gibs/human/body => 0ms (3) (avg:0)
/obj/item/card/id/silver => 0ms (3) (avg:0)
/obj/structure/door_assembly/door_assembly_sec => 0ms (3) (avg:0)
/obj/screen/alert/restrained/handcuffed => 0ms (3) (avg:0)
/obj/item/storage/backpack/explorer => 0ms (3) (avg:0)
/obj/item/gun/ballistic/shotgun/trench => 0ms (3) (avg:0)
/obj/item/clothing/suit/armor/f13/raider/painspike => 0ms (3) (avg:0)
/obj/item/clothing/head/beret/black => 0ms (3) (avg:0)
/obj/structure/door_assembly/door_assembly_highsecurity => 0ms (3) (avg:0)
/obj/structure/closet/body_bag => 0ms (3) (avg:0)
/obj/item/twohanded/fireaxe => 0ms (3) (avg:0)
/obj/item/clothing/under/f13/bodyguard => 0ms (3) (avg:0)
/obj/item/clothing/head/helmet/f13/power_armor/t51b => 0ms (3) (avg:0)
/obj/item/clothing/suit/armor/f13/exile/bosexile => 0ms (3) (avg:0)
/obj/item/clothing/gloves/color/white/bos => 0ms (3) (avg:0)
/obj/item/melee/unarmed/lacerator => 0ms (3) (avg:0)
/obj/item/clothing/under/f13/wayfarer => 0ms (3) (avg:0)
/mob/living/simple_animal/hostile/handy/sentrybot => 0ms (2) (avg:0)
/mob/living/simple_animal/hostile/handy/robobrain/nsb => 0ms (2) (avg:0)
/obj/structure/tank_dispenser/oxygen => 0ms (2) (avg:0)
/obj/item/storage/box/firingpins => 0ms (2) (avg:0)
/obj/structure/closet/secure_closet/ertMed => 0ms (2) (avg:0)
/obj/structure/closet/secure_closet/ertSec => 0ms (2) (avg:0)
/obj/item/storage/box/flashes => 0ms (2) (avg:0)
/obj/item/gun/energy/laser/captain => 0ms (2) (avg:0)
/obj/machinery/computer/emergency_shuttle => 0ms (2) (avg:0)
/obj/structure/closet/secure_closet/ertEngi => 0ms (2) (avg:0)
/obj/item/storage/box/metalfoam => 0ms (2) (avg:0)
/obj/item/gun/ballistic/automatic/pistol/deagle => 0ms (2) (avg:0)
/obj/machinery/computer/shuttle/labor => 0ms (2) (avg:0)
/obj/machinery/computer/shuttle/mining => 0ms (2) (avg:0)
/obj/machinery/computer/security/mining => 0ms (2) (avg:0)
/obj/machinery/gibber => 0ms (2) (avg:0)
/obj/machinery/computer/mech_bay_power_console => 0ms (2) (avg:0)
/obj/machinery/computer/camera_advanced => 0ms (2) (avg:0)
/obj/machinery/computer/shuttle => 0ms (2) (avg:0)
/obj/machinery/computer/telecomms/monitor => 0ms (2) (avg:0)
/obj/machinery/computer/telecomms/server => 0ms (2) (avg:0)
/obj/machinery/computer/message_monitor => 0ms (2) (avg:0)
/obj/machinery/door/airlock/freezer => 0ms (2) (avg:0)
/obj/structure/closet/fridge/cannibal => 0ms (2) (avg:0)
/obj/item/gun/energy/laser/aer14 => 0ms (2) (avg:0)
/obj/effect/decal/cleanable/blood/gibs/limb => 0ms (2) (avg:0)
/obj/structure/closet/athletic_mixed => 0ms (2) (avg:0)
/obj/structure/closet/boxinggloves => 0ms (2) (avg:0)
/obj/item/lighter/gold => 0ms (2) (avg:0)
/obj/item/stack/ore/blackpowder/fifty => 0ms (2) (avg:0)
/obj/item/pda/engineering => 0ms (2) (avg:0)
/obj/structure/closet/secure_closet/contraband/armory => 0ms (2) (avg:0)
/obj/machinery/computer/operating/bos => 0ms (2) (avg:0)
/obj/structure/closet/secure_closet => 0ms (2) (avg:0)
/obj/item/storage/box/lights/tubes => 0ms (2) (avg:0)
/obj/item/pda/warden => 0ms (2) (avg:0)
/obj/machinery/computer/robotics => 0ms (2) (avg:0)
/obj/machinery/computer/upload/ai => 0ms (2) (avg:0)
/obj/machinery/door/airlock/engineering => 0ms (2) (avg:0)
/obj/item/stack/ore/blackpowder/five => 0ms (2) (avg:0)
/turf/open/floor/plasteel/blue/corner => 0ms (2) (avg:0)
/obj/structure/table/wood/fancy/royalblack => 0ms (2) (avg:0)
/obj/structure/falsewall/rust => 0ms (2) (avg:0)
/obj/structure/window/plasma/reinforced/fulltile => 0ms (2) (avg:0)
/obj/machinery/portable_atmospherics/canister/oxygen => 0ms (2) (avg:0)
/obj/item/gun/energy/laser/plasma/pistol => 0ms (2) (avg:0)
/obj/effect/decal/cleanable/blood/gibs/human/limb => 0ms (2) (avg:0)
/obj/effect/decal/cleanable/blood/gibs/human/lizard/up => 0ms (2) (avg:0)
/obj/effect/decal/cleanable/blood/gibs/slime => 0ms (2) (avg:0)
/obj/effect/decal/cleanable/blood/gibs/human/up => 0ms (2) (avg:0)
/obj/item/reagent_containers/blood/AMinus => 0ms (2) (avg:0)
/obj/item/reagent_containers/blood/APlus => 0ms (2) (avg:0)
/obj/item/reagent_containers/blood/BMinus => 0ms (2) (avg:0)
/obj/item/reagent_containers/blood/BPlus => 0ms (2) (avg:0)
/obj/item/reagent_containers/blood/OPlus => 0ms (2) (avg:0)
/obj/item/reagent_containers/blood/lizard => 0ms (2) (avg:0)
/obj/item/clothing/head/helmet/f13/raidermetal => 0ms (2) (avg:0)
/obj/item/clothing/suit/armor/f13/raider/raidermetal => 0ms (2) (avg:0)
/obj/item/clothing/gloves/f13/leather => 0ms (2) (avg:0)
/obj/item/storage/belt/holster => 0ms (2) (avg:0)
/obj/item/clothing/gloves/legion => 0ms (2) (avg:0)
/obj/structure/door_assembly/door_assembly_vault => 0ms (2) (avg:0)
/obj/item/storage/survivalkit_tribal => 0ms (2) (avg:0)
/obj/item/storage/trash_stack => 0ms (2) (avg:0)
/obj/item/twohanded/spear => 0ms (2) (avg:0)
/obj/item/clothing/head/helmet/f13/sulphitehelm => 0ms (2) (avg:0)
/obj/item/clothing/neck/cloak/grey => 0ms (2) (avg:0)
/obj/item/clothing/suit/armor/f13/sulphitearmor => 0ms (2) (avg:0)
/obj/machinery/vending/tool => 0ms (2) (avg:0)
/obj/item/clothing/head/helmet/f13/raider/psychotic => 0ms (2) (avg:0)
/obj/item/clothing/head/welding => 0ms (2) (avg:0)
/obj/item/book/granter/crafting_recipe/gunsmith_one => 0ms (2) (avg:0)
/obj/item/gun/ballistic/revolver/revolver44 => 0ms (2) (avg:0)
/obj/item/stack/ore/silver => 0ms (2) (avg:0)
/obj/structure/window/fulltile/ruins => 0ms (2) (avg:0)
/obj/item/clothing/under/sailordress => 0ms (2) (avg:0)
/obj/item/clothing/gloves/f13/lace => 0ms (2) (avg:0)
/obj/machinery/shower => 0ms (2) (avg:0)
/turf/open/floor/plasteel/freezer => 0ms (2) (avg:0)
/obj/item/clothing/mask/gas/sechailer/swat => 0ms (2) (avg:0)
/obj/item/ammo_box/m44 => 0ms (2) (avg:0)
/obj/item/stack/ore/diamond => 0ms (2) (avg:0)
/obj/item/clothing/head/f13/boscap => 0ms (2) (avg:0)
/obj/item/clothing/suit/jacket/leather/overcoat => 0ms (2) (avg:0)
/obj/item/bodypart/l_arm => 0ms (2) (avg:0)
/obj/item/kitchen/knife/combat/survival => 0ms (2) (avg:0)
/turf/closed/wall/f13/wood/interior => 0ms (2) (avg:0)
/obj/screen/alert/notify_cloning => 0ms (2) (avg:0)
/obj/structure/closet/crate/secure/hydroponics => 0ms (1) (avg:0)
/obj/item/organ/cyberimp/chest/nutriment/plus => 0ms (1) (avg:0)
/obj/structure/chair/e_chair => 0ms (1) (avg:0)
/mob/living/simple_animal/hostile/handy/sentrybot/nsb => 0ms (1) (avg:0)
/mob/living/simple_animal/hostile/handy/sentrybot/chew => 0ms (1) (avg:0)
/obj/structure/tank_dispenser/plasma => 0ms (1) (avg:0)
/obj/vehicle/ridden/space/speedbike => 0ms (1) (avg:0)
/obj/vehicle/ridden/space/speedbike/red => 0ms (1) (avg:0)
/obj/vehicle/ridden/space/speedwagon => 0ms (1) (avg:0)
/obj/structure/closet/gimmick/tacticool => 0ms (1) (avg:0)
/obj/structure/closet/gimmick/russian => 0ms (1) (avg:0)
/obj/structure/closet/syndicate/resources/everything => 0ms (1) (avg:0)
/obj/structure/closet/secure_closet/security/sec => 0ms (1) (avg:0)
/obj/structure/closet/secure_closet/warden => 0ms (1) (avg:0)
/obj/structure/closet/secure_closet/armory1 => 0ms (1) (avg:0)
/obj/vehicle/ridden/janicart/upgraded => 0ms (1) (avg:0)
/obj/structure/closet/firecloset/full => 0ms (1) (avg:0)
/obj/structure/closet/wardrobe/mixed => 0ms (1) (avg:0)
/obj/item/clothing/suit/hooded/wintercoat/polychromic => 0ms (1) (avg:0)
/obj/structure/closet/secure_closet/tac => 0ms (1) (avg:0)
/obj/structure/closet/secure_closet/armory2 => 0ms (1) (avg:0)
/obj/structure/closet/secure_closet/armory3 => 0ms (1) (avg:0)
/obj/item/gun/ballistic/automatic/m72 => 0ms (1) (avg:0)
/obj/item/gun/energy/e_gun/stun => 0ms (1) (avg:0)
/obj/item/dice/fudge => 0ms (1) (avg:0)
/obj/item/gun/energy/pulse/pistol/m1911 => 0ms (1) (avg:0)
/obj/structure/closet/secure_closet/ertCom => 0ms (1) (avg:0)
/obj/machinery/computer/shuttle/ferry => 0ms (1) (avg:0)
/obj/machinery/modular_computer/console/preset/command => 0ms (1) (avg:0)
/obj/machinery/computer/prisoner => 0ms (1) (avg:0)
/obj/structure/closet/secure_closet/quartermaster => 0ms (1) (avg:0)
/obj/structure/closet/chefcloset => 0ms (1) (avg:0)
/obj/machinery/modular_computer/console/preset/research => 0ms (1) (avg:0)
/obj/machinery/computer/telecrystals/boss => 0ms (1) (avg:0)
/obj/item/paicard => 0ms (1) (avg:0)
/obj/machinery/computer/shuttle/syndicate/recall => 0ms (1) (avg:0)
/obj/item/disk/data => 0ms (1) (avg:0)
/obj/item/gun/energy/laser/practice => 0ms (1) (avg:0)
/obj/machinery/computer/atmos_alert => 0ms (1) (avg:0)
/obj/machinery/computer/station_alert => 0ms (1) (avg:0)
/obj/machinery/gravity_generator/part => 0ms (1) (avg:0)
/obj/item/gun/energy/e_gun/mini/practice_phaser => 0ms (1) (avg:0)
/obj/machinery/computer/pandemic => 0ms (1) (avg:0)
/obj/structure/closet/wardrobe/white => 0ms (1) (avg:0)
/obj/item/dice/d00 => 0ms (1) (avg:0)
/obj/item/gun/ballistic/automatic/assault_rifle => 0ms (1) (avg:0)
/obj/structure/closet/secure_closet/freezer/fridge/open => 0ms (1) (avg:0)
/obj/machinery/power/solar_control => 0ms (1) (avg:0)
/obj/structure/closet/fridge/meat => 0ms (1) (avg:0)
/obj/item/storage/box/citizenship_permits => 0ms (1) (avg:0)
/obj/item/gun/ballistic/automatic/bozar => 0ms (1) (avg:0)
/obj/item/gun/energy/laser/wattz2k => 0ms (1) (avg:0)
/obj/item/gun/energy/laser/aer12 => 0ms (1) (avg:0)
/obj/item/gun/ballistic/automatic/r84 => 0ms (1) (avg:0)
/obj/machinery/computer/rdconsole => 0ms (1) (avg:0)
/obj/item/gun/ballistic/automatic/mp5 => 0ms (1) (avg:0)
/obj/effect/decal/cleanable/blood/gibs/torso => 0ms (1) (avg:0)
/obj/item/pda/captain => 0ms (1) (avg:0)
/obj/item/integrated_electronics/detailer => 0ms (1) (avg:0)
/obj/structure/closet/wardrobe/pjs => 0ms (1) (avg:0)
/obj/item/toy/crayon/spraycan => 0ms (1) (avg:0)
/obj/item/gps/computer => 0ms (1) (avg:0)
/obj/item/pda/heads/hos => 0ms (1) (avg:0)
/obj/item/pda/heads/hop => 0ms (1) (avg:0)
/obj/item/pda/heads/cmo => 0ms (1) (avg:0)
/obj/item/pda/quartermaster => 0ms (1) (avg:0)
/obj/machinery/gibber/autogibber => 0ms (1) (avg:0)
/obj/structure/closet/crate/secure/loot => 0ms (1) (avg:0)
/obj/machinery/computer/cargo/request => 0ms (1) (avg:0)
/obj/machinery/door/airlock/research => 0ms (1) (avg:0)
/obj/item/pda/lawyer => 0ms (1) (avg:0)
/obj/machinery/computer/rdconsole/core/vault => 0ms (1) (avg:0)
/obj/machinery/computer/aifixer => 0ms (1) (avg:0)
/obj/machinery/computer/upload/borg => 0ms (1) (avg:0)
/obj/item/storage/box/PDAs => 0ms (1) (avg:0)
/obj/machinery/computer/card => 0ms (1) (avg:0)
/obj/item/gun/ballistic/automatic/toy => 0ms (1) (avg:0)
/obj/structure/closet/secure_closet/freezer/kitchen/maintenance => 0ms (1) (avg:0)
/obj/machinery/modular_computer/console/preset/engineering => 0ms (1) (avg:0)
/obj/structure/closet/toolcloset => 0ms (1) (avg:0)
/area/tdome/arena => 0ms (1) (avg:0)
/area/syndicate_mothership => 0ms (1) (avg:0)
/area/ctf => 0ms (1) (avg:0)
/area/awaymission/errorroom => 0ms (1) (avg:0)
/area/tdome/arena_source => 0ms (1) (avg:0)
/area/abductor_ship => 0ms (1) (avg:0)
/area/holodeck/rec_center/refuel => 0ms (1) (avg:0)
/area/holodeck/rec_center/spacechess => 0ms (1) (avg:0)
/area/holodeck/rec_center/thunderdome1218 => 0ms (1) (avg:0)
/area/holodeck/rec_center/kobayashi => 0ms (1) (avg:0)
/area/holodeck/rec_center/chapelcourt => 0ms (1) (avg:0)
/area/holodeck/rec_center/school => 0ms (1) (avg:0)
/area/holodeck/rec_center/firingrange => 0ms (1) (avg:0)
/area/fabric_of_reality => 0ms (1) (avg:0)
/area/ai_multicam_room => 0ms (1) (avg:0)
/area/holodeck/rec_center/anthophila => 0ms (1) (avg:0)
/area/holodeck/rec_center/pet_lounge => 0ms (1) (avg:0)
/area/holodeck/rec_center/medical => 0ms (1) (avg:0)
/area/holodeck/rec_center/basketball => 0ms (1) (avg:0)
/area/holodeck/rec_center/beach => 0ms (1) (avg:0)
/area/holodeck/rec_center/thunderdome => 0ms (1) (avg:0)
/area/holodeck/rec_center/dodgeball => 0ms (1) (avg:0)
/area/start => 0ms (1) (avg:0)
/area/holodeck/rec_center/winterwonderland => 0ms (1) (avg:0)
/area/holodeck/rec_center/bunker => 0ms (1) (avg:0)
/area/holodeck/rec_center/lounge => 0ms (1) (avg:0)
/area/holodeck/rec_center/wildlife => 0ms (1) (avg:0)
/area/holodeck/rec_center/offline => 0ms (1) (avg:0)
/area/holodeck/rec_center/burn => 0ms (1) (avg:0)
/area/holodeck/rec_center/court => 0ms (1) (avg:0)
/area/space => 0ms (1) (avg:0)
/turf/open/floor/plasteel/darkpurple/side => 0ms (1) (avg:0)
/turf/open/floor/plasteel/f13/vault_floor/yellow/whiteyellowfull => 0ms (1) (avg:0)
/obj/machinery/atmospherics/components/unary/vent_pump/on => 0ms (1) (avg:0)
/obj/structure/window/reinforced/tinted/fulltile => 0ms (1) (avg:0)
/obj/structure/falsewall => 0ms (1) (avg:0)
/obj/structure/falsewall/reinforced => 0ms (1) (avg:0)
/obj/machinery/computer/shuttle/bos => 0ms (1) (avg:0)
/obj/machinery/computer/shuttle/ferry/request => 0ms (1) (avg:0)
/obj/machinery/computer/shuttle/syndicate/drop_pod => 0ms (1) (avg:0)
/obj/structure/closet/syndicate/nuclear => 0ms (1) (avg:0)
/obj/item/pda/syndicate => 0ms (1) (avg:0)
/obj/item/storage/toolbox/syndicate => 0ms (1) (avg:0)
/obj/machinery/computer/med_data/syndie => 0ms (1) (avg:0)
/obj/machinery/computer/crew/syndie => 0ms (1) (avg:0)
/obj/machinery/computer/camera_advanced/shuttle_docker/syndicate => 0ms (1) (avg:0)
/obj/machinery/computer/shuttle/syndicate => 0ms (1) (avg:0)
/obj/machinery/computer/camera_advanced/syndie => 0ms (1) (avg:0)
/obj/machinery/computer/secure_data/syndie => 0ms (1) (avg:0)
/obj/item/gun/ballistic/automatic/tommygun => 0ms (1) (avg:0)
/obj/item/gun/energy/laser/rcw => 0ms (1) (avg:0)
/obj/item/gun/ballistic/automatic/pistol/beretta/automatic => 0ms (1) (avg:0)
/mob/living/simple_animal/hostile/handy/securitron => 0ms (1) (avg:0)
/mob/living/simple_animal/hostile/handy/robobrain => 0ms (1) (avg:0)
/obj/effect/decal/cleanable/blood/gibs/slime/torso => 0ms (1) (avg:0)
/obj/effect/decal/cleanable/blood/gibs/ipc/limb => 0ms (1) (avg:0)
/obj/item/storage/box/hug/medical => 0ms (1) (avg:0)
/obj/item/storage/box/beakers/variety => 0ms (1) (avg:0)
/obj/item/storage/box/minibombs => 0ms (1) (avg:0)
/obj/item/switchblade => 0ms (1) (avg:0)
/obj/item/bedsheet => 0ms (1) (avg:0)
/obj/item/clothing/suit/armor/f13/kit => 0ms (1) (avg:0)
/obj/item/storage/backpack/duffelbag => 0ms (1) (avg:0)
/obj/item/kitchen/knife/butcher => 0ms (1) (avg:0)
/obj/item/stack/ore/titanium => 0ms (1) (avg:0)
/obj/screen/alert/restrained/legcuffed => 0ms (1) (avg:0)
/obj/item/stack/tile/wood => 0ms (1) (avg:0)
/obj/item/claymore/machete/pipe => 0ms (1) (avg:0)
/obj/item/clothing/suit/armor/f13/exile/ncrexile => 0ms (1) (avg:0)
/obj/item/clothing/head/f13/legion/auxilia => 0ms (1) (avg:0)
/obj/item/gun/ballistic/automatic/service => 0ms (1) (avg:0)
/obj/item/reagent_containers/pill/patch/healingpowder => 0ms (1) (avg:0)
/obj/item/claymore/machete/gladius => 0ms (1) (avg:0)
/obj/item/clothing/head/helmet/f13/legion/venator => 0ms (1) (avg:0)
/obj/item/clothing/suit/armor/f13/legion/venator => 0ms (1) (avg:0)
/obj/item/gun/ballistic/revolver/revolver45 => 0ms (1) (avg:0)
/obj/item/twohanded/sledgehammer => 0ms (1) (avg:0)
/obj/item/clothing/suit/armor/f13/raider/badlands => 0ms (1) (avg:0)
/obj/item/storage/survivalkit => 0ms (1) (avg:0)
/obj/machinery/vending/medical => 0ms (1) (avg:0)
/turf/closed/wall/f13/tunnel => 0ms (1) (avg:0)
/obj/item/clothing/gloves/color/brown => 0ms (1) (avg:0)
/obj/item/weldingtool/hugetank => 0ms (1) (avg:0)
/obj/item/gun/ballistic/automatic/pistol/n99 => 0ms (1) (avg:0)
/obj/item/clothing/head/helmet/riot/vaultsec => 0ms (1) (avg:0)
/obj/item/clothing/suit/armor/vest => 0ms (1) (avg:0)
/obj/item/ammo_box/magazine/m9mmds => 0ms (1) (avg:0)
/obj/item/grenade/iedcasing => 0ms (1) (avg:0)
/obj/item/clothing/head/helmet/f13/fiend => 0ms (1) (avg:0)
/obj/item/clothing/suit/armor/f13/raider/yankee => 0ms (1) (avg:0)
/obj/item/stack/ore/bluespace_crystal => 0ms (1) (avg:0)
/obj/item/flashlight/flare => 0ms (1) (avg:0)
/turf/open/indestructible/ground/outside/ruins => 0ms (1) (avg:0)
/obj/item/gun/ballistic/shotgun/hunting => 0ms (1) (avg:0)
/obj/item/clothing/under/f13/settler => 0ms (1) (avg:0)
/obj/item/reagent_containers/food/snacks/burger/superbite => 0ms (1) (avg:0)
/obj/item/stack/ore/lead => 0ms (1) (avg:0)
/obj/item/clothing/under/f13/ncrcf => 0ms (1) (avg:0)
/obj/item/clothing/under/f13/cowboyt => 0ms (1) (avg:0)
/obj/item/twohanded/fireaxe/bmprsword => 0ms (1) (avg:0)
/obj/item/organ/brain => 0ms (1) (avg:0)
/obj/effect/decal/cleanable/blood/gibs/human/down => 0ms (1) (avg:0)
/obj/effect/decal/cleanable/blood/gibs/human/core => 0ms (1) (avg:0)
/obj/machinery/defibrillator_mount/loaded => 0ms (1) (avg:0)
/obj/item/clothing/suit/toggle/labcoat/f13/wanderer => 0ms (1) (avg:0)
/obj/item/organ/lungs => 0ms (1) (avg:0)
