[2021-05-18 01:29:48.220] Starting up round ID 18.
 - -------------------------
[2021-05-18 01:29:49.398] INIT: Initialized Profiler subsystem within 0 seconds!
[2021-05-18 01:29:49.594] Fail2Topic: Failed to drop firewall rule. Exit code: 1.
[2021-05-18 01:29:49.595] INIT: Initialized Fail2Topic subsystem within 0.2 seconds!
[2021-05-18 01:29:49.640] INIT: Initialized Title Screen subsystem within 0.1 seconds!
[2021-05-18 01:29:49.640] INIT: Initialized Database subsystem within 0 seconds!
[2021-05-18 01:29:49.641] INIT: Initialized Stat Panels subsystem within 0 seconds!
[2021-05-18 01:29:49.641] INIT: Initialized Blackbox subsystem within 0 seconds!
[2021-05-18 01:29:49.642] INIT: Initialized Server Tasks subsystem within 0 seconds!
[2021-05-18 01:29:49.643] INIT: Initialized Input subsystem within 0 seconds!
[2021-05-18 01:29:49.646] INIT: Initialized Sounds subsystem within 0 seconds!
[2021-05-18 01:29:49.646] INIT: Initialized Vis contents overlays subsystem within 0 seconds!
[2021-05-18 01:29:49.711] INIT: Initialized Research subsystem within 0.1 seconds!
[2021-05-18 01:29:49.713] INIT: Initialized Events subsystem within 0 seconds!
[2021-05-18 01:29:49.719] INIT: Initialized Jobs subsystem within 0 seconds!
[2021-05-18 01:29:49.721] INIT: Initialized Quirks subsystem within 0 seconds!
[2021-05-18 01:29:49.734] INIT: Initialized Ticker subsystem within 0 seconds!
[2021-05-18 01:29:49.755] INIT: Initialized Instruments subsystem within 0 seconds!
[2021-05-18 01:30:09.623] INIT: Initialized Mapping subsystem within 19.9 seconds!
[2021-05-18 01:30:09.624] INIT: Initialized Economy subsystem within 0 seconds!
[2021-05-18 01:30:09.627] INIT: Initialized Networks subsystem within 0 seconds!
[2021-05-18 01:30:09.627] INIT: Initialized Holodeck subsystem within 0 seconds!
[2021-05-18 01:30:59.232] INIT: Initialized Atoms subsystem within 49.6 seconds!
[2021-05-18 01:30:59.367] INIT: Initialized Language subsystem within 0 seconds!
[2021-05-18 01:30:59.394] INIT: Initialized Machines subsystem within 0 seconds!
[2021-05-18 01:30:59.519] INIT: Initialized Circuit subsystem within 0.2 seconds!
[2021-05-18 01:30:59.893] INIT: Initialized Atmos Adjacency subsystem within 0.3 seconds!
[2021-05-18 01:30:59.893] INIT: Initialized Autotransfer Vote subsystem within 0 seconds!
[2021-05-18 01:30:59.894] INIT: Initialized Chemistry subsystem within 0 seconds!
[2021-05-18 01:30:59.894] INIT: Initialized Status Effects subsystem within 0 seconds!
[2021-05-18 01:30:59.897] INIT: Initialized Weather subsystem within 0 seconds!
[2021-05-18 01:30:59.902] INIT: Initialized Disease subsystem within 0.1 seconds!
[2021-05-18 01:30:59.903] INIT: Initialized Item Spawners subsystem within 0 seconds!
[2021-05-18 01:30:59.903] INIT: Initialized Jukeboxes subsystem within 0 seconds!
[2021-05-18 01:30:59.904] INIT: Initialized Medals subsystem within 0 seconds!
[2021-05-18 01:31:00.944] INIT: Initialized Minimaps subsystem within 1 second!
[2021-05-18 01:31:00.973] INIT: Initialized Mob Spawners subsystem within 0 seconds!
[2021-05-18 01:31:00.974] INIT: Initialized Monster Wave subsystem within 0 seconds!
[2021-05-18 01:31:00.974] INIT: Initialized Day/Night Cycle subsystem within 0 seconds!
[2021-05-18 01:31:00.975] INIT: Initialized Night Shift subsystem within 0 seconds!
[2021-05-18 01:31:00.976] INIT: Initialized Parallax subsystem within 0 seconds!
[2021-05-18 01:31:00.976] INIT: Initialized Sun subsystem within 0 seconds!
[2021-05-18 01:31:01.396] INIT: Initialized Traumas subsystem within 0.4 seconds!
[2021-05-18 01:31:09.164] INIT: Initialized Atmospherics subsystem within 7.7 seconds!
[2021-05-18 01:31:18.506] INIT: Initialized Assets subsystem within 9.4 seconds!
[2021-05-18 01:31:24.173] INIT: Initialized Icon Smoothing subsystem within 5.6 seconds!
[2021-05-18 01:31:25.442] INIT: Initialized Overlay subsystem within 1.3 seconds!
[2021-05-18 01:31:25.443] INIT: Initialized XKeyScore subsystem within 0 seconds!
[2021-05-18 01:31:25.514] INIT: Initialized Sticky Ban subsystem within 0.1 seconds!
[2021-05-18 01:31:35.395] INIT: Initialized Lighting subsystem within 9.8 seconds!
[2021-05-18 01:31:38.752] INIT: Initialized Shuttle subsystem within 3.4 seconds!
[2021-05-18 01:31:44.199] INIT: Initialized Minor Mapping subsystem within 5.4 seconds!
[2021-05-18 01:31:44.201] INIT: Initialized Pathfinder subsystem within 0.1 seconds!
[2021-05-18 01:31:44.266] INIT: Initialized Persistence subsystem within 0 seconds!
[2021-05-18 01:31:44.267] INIT: Initialized Chat subsystem within 0 seconds!
[2021-05-18 06:26:41.588] Fail2Topic: Failed to drop firewall rule. Exit code: 1.
