[2021-05-18 01:29:48.211] Starting up round ID 18.
 - -------------------------
[2021-05-18 02:02:48.678] TCOMMS: Kaduh/(Erika Miller) [Medical] (spans:  ) "Fiquei de SSD" (language: Galactic Common) (Followers of the Apocalypse (106, 42, 3))
[2021-05-18 02:03:01.135] TCOMMS: Kaduh/(Erika Miller) [Medical] (spans:  ) "Voltei agora" (language: Galactic Common) (Followers of the Apocalypse (106, 42, 3))
[2021-05-18 02:03:41.247] TCOMMS: Kaduh/(Erika Miller) [Medical] (spans:  ) "Essa facção aqui é pobre" (language: Galactic Common) (Followers of the Apocalypse (106, 38, 3))
[2021-05-18 02:03:49.937] TCOMMS: Kaduh/(Erika Miller) [Medical] (spans:  ) "Ela é medica" (language: Galactic Common) (Followers of the Apocalypse (107, 39, 3))
[2021-05-18 02:04:58.444] TCOMMS: luciam/(Victoria Valentine) [Common] (spans:  ) "Aoba" (language: Galactic Common) (Legion (205, 12, 2))
[2021-05-18 02:12:00.529] TCOMMS: JohonasMexicanjo/(Maximus Wolfe) [Legion] (spans:  ) "QUE PORRA TÁ ROLANDO?" (language: Galactic Common) (Legion (212, 37, 2))
[2021-05-18 02:13:30.128] TCOMMS: JohonasMexicanjo/(Maximus Wolfe) [Legion] (spans:  ) "Tá tudo limpo." (language: Galactic Common) (Legion (219, 43, 2))
[2021-05-18 02:13:41.704] TCOMMS: Baeiou/(Augustus Malkav) [Legion] (spans:  ) "Parece ser uma onda de bandidos ou algo do tipo." (language: Galactic Common) (Legion (222, 33, 2))
[2021-05-18 02:14:21.118] TCOMMS: JohonasMexicanjo/(Maximus Wolfe) [Legion] (spans:  ) "A gente tem pá?" (language: Galactic Common) (Wasteland (212, 57, 2))
[2021-05-18 02:17:37.779] TCOMMS: BxsSvg/(Lia Pavlov) [Common] (spans:  ) "Alo" (language: Galactic Common) (Wasteland (59, 26, 2))
[2021-05-18 02:18:11.804] TCOMMS: darkpudding/(Brody Rathens) [Legion] (spans:  ) "Porra." (language: Galactic Common) (Legion (224, 38, 2))
[2021-05-18 02:18:25.471] TCOMMS: darkpudding/(Brody Rathens) [Legion] (spans:  ) "Atacar esses caras de volta." (language: Galactic Common) (Legion (220, 40, 2))
[2021-05-18 02:18:29.527] TCOMMS: JohonasMexicanjo/(Maximus Wolfe) [Legion] (spans:  ) "O recruta aqui caiu no chão. Acho que perdeu muito sangue." (language: Galactic Common) (Legion (224, 30, 2))
[2021-05-18 02:18:37.443] TCOMMS: darkpudding/(Brody Rathens) [Legion] (spans:  ) "Onde?" (language: Galactic Common) (Legion (211, 51, 2))
[2021-05-18 02:18:52.250] TCOMMS: JohonasMexicanjo/(Maximus Wolfe) [Legion] (spans:  ) "Se o problema for sangue, não tem muito o que fazer." (language: Galactic Common) (Legion (211, 45, 2))
[2021-05-18 02:19:50.884] TCOMMS: Kaduh/(Erika Miller) [Medical] (spans:  ) "Se tive dentro da base acho que pode ate da tiro letal" (language: Galactic Common) (Followers of the Apocalypse (85, 50, 2))
[2021-05-18 02:20:04.984] TCOMMS: BxsSvg/(Lia Pavlov) [Common] (spans:  ) "Alo" (language: Galactic Common) (Wasteland (57, 57, 2))
[2021-05-18 02:20:06.644] TCOMMS: darkpudding/(Brody Rathens) [Legion] (spans:  ) "Vou chutar um O+" (language: Galactic Common) (Legion (241, 43, 2))
[2021-05-18 02:20:14.920] TCOMMS: darkpudding/(Brody Rathens) [Legion] (spans:  ) "Mais fácil de acertar." (language: Galactic Common) (Legion (241, 43, 2))
[2021-05-18 02:20:22.721] TCOMMS: Kaduh/(Erika Miller) [Medical] (spans:  ) "A gente é uma base neutral nao ataca ninguem sem motivo e a gente é tipo a cruz vemelha" (language: Galactic Common) (Followers of the Apocalypse (88, 47, 3))
[2021-05-18 02:20:32.874] TCOMMS: JohonasMexicanjo/(Maximus Wolfe) [Legion] (spans:  ) "Vou ir atrás de metal" (language: Galactic Common) (Legion (223, 31, 2))
[2021-05-18 02:20:41.598] TCOMMS: Hanonimo/(Jaiden Oppenheimer) [Common] (spans:  ) "H entendido" (language: Galactic Common) (Wasteland (97, 73, 2))
[2021-05-18 02:20:53.201] TCOMMS: BxsSvg/(Lia Pavlov) [Common] (spans:  ) "Alguem na escuta?" (language: Galactic Common) (Wasteland (47, 40, 2))
[2021-05-18 02:20:54.566] TCOMMS: darkpudding/(Brody Rathens) [Legion] (spans:  ) "Parece que o sangue dele não combinava com O+" (language: Galactic Common) (Legion (241, 44, 2))
[2021-05-18 02:20:56.433] TCOMMS: Hanonimo/(Jaiden Oppenheimer) [Medical] (spans:  ) "Entendido" (language: Galactic Common) (Wasteland (99, 73, 2))
[2021-05-18 02:21:02.224] TCOMMS: JohonasMexicanjo/(Maximus Wolfe) [Legion] (spans:  ) "Ele morreu?" (language: Galactic Common) (Building (216, 80, 2))
[2021-05-18 02:21:02.381] TCOMMS: Hanonimo/(Jaiden Oppenheimer) [Common] (spans:  ) "Aló" (language: Galactic Common) (Wasteland (105, 78, 2))
[2021-05-18 02:21:06.017] TCOMMS: darkpudding/(Brody Rathens) [Legion] (spans:  ) "É." (language: Galactic Common) (Legion (241, 43, 2))
[2021-05-18 02:21:09.831] TCOMMS: JohonasMexicanjo/(Maximus Wolfe) [Legion] (spans:  ) "Caralho..." (language: Galactic Common) (Building (215, 80, 2))
[2021-05-18 02:21:09.903] TCOMMS: BxsSvg/(Lia Pavlov) [Common] (spans:  ) "Aonde você está" (language: Galactic Common) (Wasteland (36, 61, 2))
[2021-05-18 02:21:15.365] TCOMMS: JohonasMexicanjo/(Maximus Wolfe) [Legion] (spans:  ) "Tira as coisas dele e enterra." (language: Galactic Common) (Building (215, 80, 2))
[2021-05-18 02:21:44.126] TCOMMS: Hanonimo/(Jaiden Oppenheimer) [Common] (spans:  ) "Perto de um poço" (language: Galactic Common) (Wasteland (120, 131, 2))
[2021-05-18 02:22:08.037] TCOMMS: BxsSvg/(Lia Pavlov) [Common] (spans:  ) "To na frente do poço do oasis" (language: Galactic Common) (Wasteland (47, 60, 2))
[2021-05-18 02:22:24.359] TCOMMS: JohonasMexicanjo/(Maximus Wolfe) [Legion] (spans:  ) "A nossa autolathe tá cheia de material, aliás." (language: Galactic Common) (Legion (242, 32, 2))
[2021-05-18 02:23:08.347] TCOMMS: darkpudding/(Brody Rathens) [Legion] (spans:  ) "Entendido." (language: Galactic Common) (Legion (221, 24, 2))
[2021-05-18 02:24:55.235] TCOMMS: JohonasMexicanjo/(Maximus Wolfe) [Legion] (spans:  ) "Onde você enterrou o recruta?" (language: Galactic Common) (Wasteland (218, 61, 2))
[2021-05-18 02:25:04.619] TCOMMS: darkpudding/(Brody Rathens) [Legion] (spans:  ) "Não tenho pá. Deixei ele nos fundos." (language: Galactic Common) (Wasteland (66, 61, 2))
[2021-05-18 02:25:16.397] TCOMMS: JohonasMexicanjo/(Maximus Wolfe) [Legion] (spans:  ) "Fundos de onde" (language: Galactic Common) (Legion (240, 26, 2))
[2021-05-18 02:25:35.864] TCOMMS: darkpudding/(Brody Rathens) [Legion] (spans:  ) "Baixo direita, perto dos dormitórios." (language: Galactic Common) (Wasteland (19, 63, 2))
[2021-05-18 02:36:59.149] TCOMMS: Kaduh/(Erika Miller) [Common] (spans:  ) "Bem vazia a cidade" (language: Galactic Common) (Wasteland (121, 124, 2))
[2021-05-18 02:40:18.995] TCOMMS: darkpudding/(Brody Rathens) [Legion] (spans:  ) "Olá?" (language: Galactic Common) (Wasteland (211, 59, 2))
[2021-05-18 02:43:57.476] TCOMMS: Kaduh/(Erika Miller) [Common] (spans:  ) "Tem alguem nos ouvindo?" (language: Galactic Common) (Followers of the Apocalypse (84, 54, 2))
[2021-05-18 02:44:02.646] TCOMMS: darkpudding/(Brody Rathens) [Common] (spans:  ) "Yeah." (language: Galactic Common) (Wasteland (66, 119, 2))
[2021-05-18 02:45:10.961] TCOMMS: Kaduh/(Erika Miller) [Common] (spans:  ) "Bem sou uma seguidora do apocalipse o que voces são?" (language: Galactic Common) (Followers of the Apocalypse (102, 39, 3))
[2021-05-18 02:46:50.720] TCOMMS: Kaduh/(Erika Miller) [Medical] (spans:  ) "UE ela ja foi?" (language: Galactic Common) (Followers of the Apocalypse (101, 38, 3))
[2021-05-18 02:48:36.775] TCOMMS: Kaduh/(Erika Miller) [Common] (spans:  ) "Lia ja foi?" (language: Galactic Common) (Followers of the Apocalypse (85, 55, 3))
[2021-05-18 02:52:28.075] TCOMMS: Kaduh/(Erika Miller) [Medical] (spans:  ) "Eu estou indo" (language: Galactic Common) (Followers of the Apocalypse (89, 55, 3))
[2021-05-18 02:52:36.339] TCOMMS: Kaduh/(Erika Miller) [Medical] (spans:  ) "Para matrix" (language: Galactic Common) (Followers of the Apocalypse (86, 53, 3))
[2021-05-18 02:53:02.875] TCOMMS: Kaduh/(Erika Miller) [Medical] (spans:  ) "Boa noirte" (language: Galactic Common) (Followers of the Apocalypse (89, 45, 3))
[2021-05-18 02:53:12.565] TCOMMS: Kaduh/(Erika Miller) [Medical] (spans:  ) "E boa sorte" (language: Galactic Common) (Followers of the Apocalypse (90, 45, 3))
[2021-05-18 03:06:30.154] TCOMMS: Degusta00/(Bob Loureiro) [Common] (spans:  ) "Alo sexo" (language: Galactic Common) (Wasteland (67, 167, 2))
