[2021-05-22 22:06:27.652] TGS Info: Activating API for version 3.2.6.2
[2021-05-22 22:06:27.655] TGS Error: Custom chat commands in /datum/tgs_version lacks the /datum/tgs_chat_user/sender.channel field!
[2021-05-22 22:06:27.661] TGS Error: Use of TgsRevision on 3.2.1.0 origin_commit only points to master!
[2021-05-22 22:06:27.661] Running /tg/ revision: 
 - origin/master: 03a83e2ef4473a3107578d22120b9150fe6284e5
[2021-05-22 22:06:27.676] Loading config file config.txt...
[2021-05-22 22:06:27.678] Loading config file game_options.txt...
[2021-05-22 22:06:27.682] LINE 103: Failed to validate setting "CLOWNOPS 0" for probability
[2021-05-22 22:06:27.688] Loading config file dbconfig.txt...
[2021-05-22 22:06:27.689] Loading config file comms.txt...
[2021-05-22 22:06:27.689] Loading config file antag_rep.txt...
[2021-05-22 22:06:27.690] Loading config file resources.txt...
[2021-05-22 22:06:27.690] Loading config file donator_groupings.txt...
[2021-05-22 22:06:27.690] Loading config file dynamic_config.txt...
[2021-05-22 22:06:27.700] Loading config file plushies/defines.txt...
[2021-05-22 22:06:27.701] Loading config file job_threats.txt...
[2021-05-22 22:06:27.701] Loading config file policy.txt...
[2021-05-22 22:06:27.706] Loading config file maps.txt...
[2021-05-22 22:06:27.714] Database connection established.
[2021-05-22 22:06:27.716] SQL: Could not get schema version from database
