[2021-05-22 22:06:27.726] Starting up round ID 29.
 - -------------------------
[2021-05-22 22:10:46.760] Luiz20 \ Luiz Borgos Primeiro \ Head Scribe \ NONE \ LATEJOIN
[2021-05-22 22:10:55.613] Rzyka \ Scott Woodworth \ Doctor \ NONE \ LATEJOIN
[2021-05-22 22:11:08.464] Senhordosdoguinho \ Ze Neguinho \ Wastelander \ NONE \ LATEJOIN
[2021-05-22 22:11:08.981] Goldencatc \ Giorno Giovanna II \ Legion Centurion \ NONE \ LATEJOIN
[2021-05-22 22:11:50.756] Dantesousa \ Declan Smith \ Elder \ NONE \ LATEJOIN
[2021-05-22 22:12:27.862] Josinhodasquebrada \ Belzebuth Azazel \ Paladin \ NONE \ LATEJOIN
[2021-05-22 22:13:53.492] AkamaruBR \ Akaigo Bia \ Outlaw \ NONE \ LATEJOIN
[2021-05-22 22:14:41.243] AlexAlbright \ Alex Magnus Primeiro \ Legion Explorer \ NONE \ LATEJOIN
[2021-05-22 22:14:42.212] kaduh \ Erika Miller \ Followers Volunteer \ NONE \ LATEJOIN
[2021-05-22 22:14:43.329] N0fun \ Makenna Coldsmith \ Head Paladin \ NONE \ LATEJOIN
[2021-05-22 22:16:17.096] Yurivel \ Yuri E \ Recruit Legionary \ NONE \ LATEJOIN
[2021-05-22 22:17:31.436] Baeiou \ Roderick Malkav \ Followers Doctor \ NONE \ LATEJOIN
[2021-05-22 22:19:04.229] XXLucasWesleyXx \ Will Riker \ Knight \ NONE \ LATEJOIN
[2021-05-22 22:19:30.824] alexalbright \ Alex Magnus Primeiro \ Legion Explorer \ NONE \ LATEJOIN
[2021-05-22 22:27:36.765] Shirozinha \ Tio Osso \ Head Knight \ NONE \ LATEJOIN
[2021-05-22 22:27:55.843] Darkrazor191 \ Nero Vilontius \ Recruit Legionary \ NONE \ LATEJOIN
[2021-05-22 22:29:34.183] alexalbright \ Alex Magnus Primeiro \ Legion Explorer \ NONE \ LATEJOIN
[2021-05-22 22:30:38.320] Italos \ Josef Polson \ NCR Captain \ NONE \ LATEJOIN
[2021-05-22 22:31:34.083] Seyagoldarmor \ Kennedy Bennett \ Hunter \ NONE \ LATEJOIN
[2021-05-22 22:31:45.396] goldencatc \ Roswell Sutton \ Star Paladin \ NONE \ LATEJOIN
[2021-05-22 22:32:05.963] alexalbright \ Alex Magnus II \ Legion Veteran Decanus \ NONE \ LATEJOIN
[2021-05-22 22:37:01.972] alexalbright \ Darios Scalicius \ Legion Explorer \ NONE \ LATEJOIN
[2021-05-22 22:42:08.819] FidgetyBacchus \ Aster Crowley \ Star Knight \ NONE \ LATEJOIN
[2021-05-22 22:57:56.543] Vegeta dragon ball z \ River Mckendrick \ Wastelander \ NONE \ LATEJOIN
[2021-05-22 23:08:13.434] brunoasbahr \ Montagne Marshall \ Wastelander \ NONE \ LATEJOIN
[2021-05-22 23:19:02.007] brunoasbahr \ Montagne Jorshall \ Wastelander \ NONE \ LATEJOIN
[2021-05-22 23:25:57.750] senhordosdoguinho \ Jose Neguinho \ Wastelander \ NONE \ LATEJOIN
[2021-05-22 23:48:41.921] Hue100 \ Miller Mike \ Wastelander \ NONE \ LATEJOIN
[2021-05-22 23:56:24.216] Syndi-Pudim \ James Betrayon \ Sheriff \ NONE \ LATEJOIN
[2021-05-22 23:58:03.869] Eversonblr \ Miguel Hastings \ Head Paladin \ NONE \ LATEJOIN
[2021-05-23 00:00:29.810] Fischer7 \ Star Fischer \ Vault-tec Scientist \ NONE \ LATEJOIN
[2021-05-23 00:02:27.879] Elvisaaron \ Elvis Aaron \ Hunter \ NONE \ LATEJOIN
[2021-05-23 00:14:58.543] syndipudim \ John 'Silver-Hand' \ NCR Veteran Ranger \ NONE \ LATEJOIN
[2021-05-23 00:29:09.749] OvelhaCosmica \ Adam Alves \ Outlaw \ NONE \ LATEJOIN
[2021-05-23 00:34:39.161] AlbertoVinhofino \ Zion Focell \ Proctor \ NONE \ LATEJOIN
[2021-05-23 00:40:10.436] albertovinhofino \ Zion Focell \ Vault-tec Doctor \ NONE \ LATEJOIN
[2021-05-23 00:41:54.470] BurningShingo \ Josisvaldo Joestar \ Outlaw \ NONE \ LATEJOIN
[2021-05-23 00:43:40.862] alexalbright \ Julio Maximus Pintus \ Recruit Legionary \ NONE \ LATEJOIN
[2021-05-23 00:50:37.936] SondTheAnime \ Courier \ Overseer \ NONE \ LATEJOIN
[2021-05-23 00:57:08.798] Gabrielmilla123 \ Gabriel Milla \ Camp Follower \ NONE \ LATEJOIN
[2021-05-23 01:49:31.837] 0aoD \ Heinz Ratcliff \ Enclave Lieutenant \ NONE \ LATEJOIN
[2021-05-23 01:49:58.580] DrCortexxx \ Puro Osso \ Enclave Sergeant \ NONE \ LATEJOIN
[2021-05-23 01:51:20.631] ComicDeath \ Jefferson Epstein \ Enclave Sergeant \ NONE \ LATEJOIN
[2021-05-23 01:58:46.632] Xandi_Masculu \ Arthur Severus \ Prime Legionary \ NONE \ LATEJOIN
[2021-05-23 02:26:16.518] Aert \ Keziah Wright \ Wastelander \ NONE \ LATEJOIN
[2021-05-23 02:30:16.652] goldencatc \ Drew Woodworth \ Star Knight \ NONE \ LATEJOIN
[2021-05-23 02:33:36.878] goldencatc \ Antonio Romero \ Legion Prime Decanus \ NONE \ LATEJOIN
[2021-05-23 02:38:19.475] kaduh \ Tomas Miller \ Followers Guard \ NONE \ LATEJOIN
[2021-05-23 02:45:52.068] kaduh \ Tomas Miller \ Followers Doctor \ NONE \ LATEJOIN
[2021-05-23 02:46:16.219] Pudinsboy \ Abby Glover \ Wastelander \ NONE \ LATEJOIN
[2021-05-23 02:47:06.061] Darkrazor191 \ Ajax Cronicous \ Veteran Legionary \ NONE \ LATEJOIN
[2021-05-23 02:48:12.749] aert \ Kamryn Cressman \ NCR Trooper \ NONE \ LATEJOIN
[2021-05-23 02:48:18.519] goldencatc \ Kameron Faqua \ Head Scribe \ NONE \ LATEJOIN
[2021-05-23 02:50:48.818] kaduh \ Erika Miller \ Followers Volunteer \ NONE \ LATEJOIN
[2021-05-23 02:53:35.829] goldencatc \ Everett Metzer \ Star Knight \ NONE \ LATEJOIN
[2021-05-23 03:00:48.230] Marco25555 \ Nydia S. Highlands \ Proctor \ NONE \ LATEJOIN
[2021-05-23 03:13:21.139] alexalbright \ Alex Magnus III \ Prime Legionary \ NONE \ LATEJOIN
