[2021-05-22 01:57:24.585] Starting up round ID 25.
 - -------------------------
[2021-05-22 02:01:38.704] AkamaruBR \ Akaigo Bia \ Head Paladin \ NONE \ LATEJOIN
[2021-05-22 02:01:46.240] Goldencatc \ Charlie Stroble \ Legion Centurion \ NONE \ LATEJOIN
[2021-05-22 02:01:52.532] Matheusgp9999 \ Nycolly Nywt \ Outlaw \ NONE \ LATEJOIN
[2021-05-22 02:02:00.429] AlexAlbright \ Alex Magnus Primeiro \ Legion Explorer \ NONE \ LATEJOIN
[2021-05-22 02:02:11.865] Italos \ Josef Polson \ Enclave Lieutenant \ NONE \ LATEJOIN
[2021-05-22 02:02:55.341] SondTheAnime \ Courier \ Head Knight \ NONE \ LATEJOIN
[2021-05-22 02:03:03.569] Dantesousa \ John Snow \ Outlaw \ NONE \ LATEJOIN
[2021-05-22 02:04:06.370] Jaspilf \ Dante Fleming \ Wastelander \ NONE \ LATEJOIN
[2021-05-22 02:04:06.888] Corvopimpolho \ Jerome Nabiev \ Outlaw \ NONE \ LATEJOIN
[2021-05-22 02:04:37.103] N0fun \ Makenna Coldsmith \ Outlaw \ NONE \ LATEJOIN
[2021-05-22 02:05:35.108] Kaduh \ Tomas Miller \ Wastelander \ NONE \ LATEJOIN
[2021-05-22 02:06:12.429] Baeiou \ Roderick Malkav \ Enclave Private \ NONE \ LATEJOIN
[2021-05-22 02:06:33.236] DrCortexxx \ Puro Osso \ Wastelander \ NONE \ LATEJOIN
[2021-05-22 02:09:27.330] Hurimiko \ Adolph Wile \ Prime Legionary \ NONE \ LATEJOIN
[2021-05-22 02:12:09.748] Shirozinha \ Tio Osso \ Enclave Private \ NONE \ LATEJOIN
[2021-05-22 02:13:10.047] Luciam \ Skarlet D'Luker \ Auxilia \ NONE \ LATEJOIN
[2021-05-22 02:14:24.562] DanteThanatos \ Dr Oswald Casket \ Doctor \ NONE \ LATEJOIN
[2021-05-22 02:14:35.960] NizimGamer \ Nizin Veerriene Primeiro \ Mayor \ NONE \ LATEJOIN
[2021-05-22 02:16:45.969] AlbertoVinhofino \ Jordan Sealis \ Proctor \ NONE \ LATEJOIN
[2021-05-22 02:28:15.332] DropShip27 \ Drake Gibson \ Outlaw \ NONE \ LATEJOIN
[2021-05-22 02:34:14.219] Xandi_Masculu \ Jeremus Hardson \ Great Khan \ NONE \ LATEJOIN
[2021-05-22 02:36:13.060] Richard-Campi \ Michael Rose \ Wastelander \ NONE \ LATEJOIN
[2021-05-22 02:36:19.522] Pudinsboy \ Abby Glover \ Wastelander \ NONE \ LATEJOIN
[2021-05-22 02:36:56.624] Nickenzo12345 \ Keith Clark \ Wastelander \ NONE \ LATEJOIN
[2021-05-22 02:37:28.592] FidgetyBacchus \ Klem \ Outlaw \ NONE \ LATEJOIN
[2021-05-22 02:50:24.210] shirozinha \ Joseph Joestar \ Legion Veteran Decanus \ NONE \ LATEJOIN
[2021-05-22 02:56:15.972] Euzinho123 \ Marcos Parker \ Villager \ NONE \ LATEJOIN
[2021-05-22 02:58:04.023] nickenzo12345 \ River Kuznetsov \ Wastelander \ NONE \ LATEJOIN
[2021-05-22 03:03:59.665] Marco25555 \ Nydia S. Highlands \ Outlaw \ NONE \ LATEJOIN
[2021-05-22 03:05:01.655] nickenzo12345 \ Francis Baer \ Wastelander \ NONE \ LATEJOIN
[2021-05-22 03:06:01.349] luciam \ Victoria Valentine \ Deputy \ NONE \ LATEJOIN
[2021-05-22 03:08:08.357] nickenzo12345 \ Dirk Kepplinger \ Outlaw \ NONE \ LATEJOIN
[2021-05-22 03:18:59.396] Zeewhel \ Kain Morgan \ Wastelander \ NONE \ LATEJOIN
[2021-05-22 03:27:58.213] fidgetybacchus \ Yuri Daruski \ Vault-tec Security \ NONE \ LATEJOIN
[2021-05-22 03:30:49.304] drcortexxx \ Leonard Roadman \ Vault-tec Scientist \ NONE \ LATEJOIN
[2021-05-22 03:36:22.813] nickenzo12345 \ Devin Lloyd \ Outlaw \ NONE \ LATEJOIN
[2021-05-22 03:36:24.929] bxssvg \ Lia Pavlov \ Wastelander \ NONE \ LATEJOIN
[2021-05-22 03:39:42.858] nickenzo12345 \ Flip Ryals \ Outlaw \ NONE \ LATEJOIN
[2021-05-22 03:45:34.149] nickenzo12345 \ Jim Kiefer \ NCR Trooper \ NONE \ LATEJOIN
[2021-05-22 03:49:54.072] nickenzo12345 \ Brody Kuster \ Outlaw \ NONE \ LATEJOIN
[2021-05-22 03:53:16.542] kaduh \ Erika Miller \ Legion Slave \ NONE \ LATEJOIN
[2021-05-22 03:58:05.745] sondtheanime \ Milton Cowper \ Star Paladin \ NONE \ LATEJOIN
[2021-05-22 04:03:12.307] kaduh \ Tim Miller \ Legion Explorer \ NONE \ LATEJOIN
[2021-05-22 04:03:36.909] sondtheanime \ Alexander Smail \ Paladin \ NONE \ LATEJOIN
[2021-05-22 04:05:56.158] albertovinhofino \ Moses Stephenson \ Star Knight \ NONE \ LATEJOIN
[2021-05-22 04:06:24.124] dantesousa \ Ocarith Northwoods \ Outlaw \ NONE \ LATEJOIN
[2021-05-22 04:19:36.273] goldencatc \ Charlie Stroble \ Legion Prime Decanus \ NONE \ LATEJOIN
[2021-05-22 04:19:56.539] shirozinha \ Dio Brandom \ Legion Venator \ NONE \ LATEJOIN
[2021-05-22 04:22:20.742] hurimiko \ Flick Spock \ Prime Legionary \ NONE \ LATEJOIN
[2021-05-22 04:24:45.204] shirozinha \ Jayden Sanders \ Veteran Legionary \ NONE \ LATEJOIN
[2021-05-22 04:27:55.350] nickenzo12345 \ Opie Green \ Great Khan \ NONE \ LATEJOIN
[2021-05-22 04:28:18.883] nickenzo12345 \ Marion Newton \ Head Scribe \ NONE \ LATEJOIN
[2021-05-22 04:29:59.768] richardcampi \ Owen Davis \ Enclave Private \ NONE \ LATEJOIN
[2021-05-22 04:33:32.701] brunoasbahr \ Montagne Marshall \ Wastelander \ NONE \ LATEJOIN
[2021-05-22 04:46:47.458] albertovinhofino \ Faith Rosensteel \ Proctor \ NONE \ LATEJOIN
[2021-05-22 04:51:14.577] richardcampi \ Ethan Brown \ Legion Slave \ NONE \ LATEJOIN
[2021-05-22 05:05:47.773] richardcampi \ Owen Davis \ NCR Trooper \ NONE \ LATEJOIN
[2021-05-22 05:14:03.300] Kaduh \ Tim Miller \ Vault-tec Doctor \ NONE \ LATEJOIN
[2021-05-22 05:40:38.025] goldencatc \ Charlie Stroble \ Scribe \ NONE \ LATEJOIN
[2021-05-22 10:21:51.618] Hue100 \ Miller Mike \ Vault-tec Scientist \ NONE \ LATEJOIN
[2021-05-22 10:59:52.362] n0fun \ Kyra Taggart \ Wastelander \ NONE \ LATEJOIN
[2021-05-22 11:00:33.991] Richard-Campi \ Owen Davis \ Overseer \ NONE \ LATEJOIN
