/mob/living/carbon/human => 5116ms (65962) (avg:0.077559806406497955)
/obj/screen/healthdoll => 2665ms (53548) (avg:0.049768432974815369)
/obj/machinery/door/airlock/abandoned => 946ms (7923) (avg:0.11939921975135803)
/obj/machinery/light/fo13colored/Red => 942ms (26580) (avg:0.035440180450677872)
/obj/machinery/power/smes/magical => 614ms (15444) (avg:0.039756540209054947)
/turf/closed/mineral/random/low_chance => 523ms (55414) (avg:0.0094380481168627739)
/obj/machinery/light/fo13colored/Aqua => 348ms (8906) (avg:0.039074782282114029)
/obj/machinery/door/airlock/freezer => 323ms (3325) (avg:0.097142860293388367)
/obj/screen/inventory => 278ms (4698) (avg:0.05917411670088768)
/obj/screen/inventory/hand => 260ms (10692) (avg:0.024317245930433273)
/obj/effect/decal/cleanable/blood/footprints => 220ms (6677) (avg:0.032948929816484451)
/obj/machinery/door/airlock/hatch => 198ms (1674) (avg:0.11827956885099411)
/obj/machinery/light/fo13colored/Pink => 196ms (5742) (avg:0.034134447574615479)
/obj/screen/movable/action_button => 186ms (2408) (avg:0.077242523431777954)
/obj/machinery/hydroponics/soil => 177ms (7701) (avg:0.022984027862548828)
/obj/machinery/hydroponics/constructable => 177ms (4063) (avg:0.043563868850469589)
/obj/machinery/light/lampost => 156ms (4287) (avg:0.036389082670211792)
/turf/open/space/basic => 123ms (39910) (avg:0.0030819342937320471)
/obj/machinery/door/airlock/grunge => 123ms (1103) (avg:0.11151405423879623)
/obj/structure/window/reinforced/fulltile => 116ms (4111) (avg:0.028216978535056114)
/mob/living/carbon/human/dummy => 89ms (1720) (avg:0.051744185388088226)
/obj/screen/parallax_layer/layer_1 => 84ms (304) (avg:0.27631577849388123)
/obj/screen/parallax_layer/layer_2 => 84ms (304) (avg:0.27631577849388123)
/obj/effect/decal/cleanable/dirt => 78ms (4656) (avg:0.0167525764554739)
/turf/closed/mineral/random/high_chance => 74ms (7171) (avg:0.010319341905415058)
/obj/screen/sprintbutton => 70ms (1847) (avg:0.03789929673075676)
/obj/item/weldingtool/largetank/cyborg => 56ms (513) (avg:0.10916179418563843)
/obj/machinery/door/airlock/science/glass => 45ms (311) (avg:0.14469453692436218)
/turf/closed/wall/r_wall => 44ms (1114) (avg:0.039497308433055878)
/turf/closed/wall/r_wall/rust => 42ms (2153) (avg:0.019507663324475288)
/obj/item/gun/ballistic/automatic/smg22 => 40ms (391) (avg:0.10230179131031036)
/turf/closed/mineral/iron => 38ms (3636) (avg:0.010451044887304306)
/obj/item/stack/ore/iron => 38ms (366) (avg:0.10382513701915741)
/obj/item/weldingtool/basic => 29ms (237) (avg:0.12236286699771881)
/turf/closed/wall/rust => 28ms (2548) (avg:0.010989011265337467)
/obj/structure/table/wood => 27ms (916) (avg:0.02947598323225975)
/obj/effect/decal/cleanable/blood/gibs => 27ms (748) (avg:0.036096256226301193)
/turf/closed/indestructible/riveted => 26ms (2661) (avg:0.0097707631066441536)
/obj/machinery/door/airlock/public/glass => 26ms (162) (avg:0.16049382090568542)
/turf/closed/wall/f13/store => 25ms (1281) (avg:0.019516002386808395)
/obj/item/storage/belt/utility/full/engi => 24ms (154) (avg:0.15584415197372437)
/obj/screen/zone_sel => 22ms (244) (avg:0.090163931250572205)
/obj/machinery/door/airlock/medical => 22ms (185) (avg:0.11891891807317734)
/obj/item/gun/ballistic/shotgun/automatic/hunting/trail => 20ms (356) (avg:0.056179776787757874)
/obj/machinery/door/airlock/medical/glass => 19ms (132) (avg:0.14393939077854156)
/obj/screen/combattoggle => 18ms (305) (avg:0.059016391634941101)
/obj/machinery/door/airlock/security => 18ms (152) (avg:0.11842105537652969)
/obj/screen/parallax_layer/layer_3 => 16ms (89) (avg:0.17977528274059296)
/turf/closed/mineral/lead => 15ms (1296) (avg:0.011574073694646358)
/obj/item/gun/energy/laser/rcw => 15ms (227) (avg:0.066079296171665192)
/obj/item/stack/ore/plasma => 15ms (176) (avg:0.085227273404598236)
/obj/item/weldingtool/experimental => 14ms (275) (avg:0.050909090787172318)
/obj/machinery/mecha_part_fabricator => 13ms (10051) (avg:0.001293403678573668)
/obj/effect/decal/cleanable/blood/drip => 13ms (619) (avg:0.021001614630222321)
/obj/item/stack/ore/silver => 12ms (113) (avg:0.10619468986988068)
/turf/closed/wall/f13/supermart => 11ms (882) (avg:0.012471655383706093)
/obj/item/stack/ore/glass/basalt => 11ms (34) (avg:0.32352942228317261)
/turf/closed/wall/r_wall/f13vault => 10ms (1360) (avg:0.0073529412038624287)
/turf/closed/mineral/plasma => 10ms (1317) (avg:0.0075930142775177956)
/turf/closed/mineral/silver => 10ms (738) (avg:0.013550135307013988)
/obj/structure/barricade/sandbags => 10ms (326) (avg:0.030674846842885017)
/turf/closed/wall => 10ms (97) (avg:0.10309278219938278)
/obj/item/stack/ore/glass => 10ms (58) (avg:0.17241379618644714)
/obj/item/weldingtool/hugetank => 10ms (52) (avg:0.19230769574642181)
/turf/closed/wall/f13/ruins => 9ms (1116) (avg:0.0080645158886909485)
/turf/closed/mineral/titanium => 9ms (679) (avg:0.013254786841571331)
/obj/structure/table => 9ms (613) (avg:0.014681892469525337)
/obj/screen/movable/action_button/hide_toggle => 9ms (276) (avg:0.032608695328235626)
/obj/item/stack/ore/lead => 9ms (113) (avg:0.079646021127700806)
/obj/machinery/door/airlock/security/glass => 9ms (97) (avg:0.092783503234386444)
/obj/item/stack/ore/titanium => 9ms (83) (avg:0.10843373835086823)
/turf/closed/wall/f13/wood/house => 9ms (65) (avg:0.13846154510974884)
/obj/machinery/door/airlock/highsecurity => 9ms (53) (avg:0.16981132328510284)
/obj/machinery/light/small => 8ms (792) (avg:0.010101010091602802)
/obj/structure/table/reinforced => 8ms (752) (avg:0.010638297535479069)
/mob/dead/observer => 8ms (169) (avg:0.047337278723716736)
/obj/item/reagent_containers/glass/beaker/large => 8ms (107) (avg:0.074766352772712708)
/obj/machinery/door/airlock/vault => 8ms (69) (avg:0.11594203114509583)
/obj/machinery/door/airlock/wood => 8ms (65) (avg:0.12307692319154739)
/obj/machinery/door/airlock/glass_large => 8ms (33) (avg:0.24242424964904785)
/turf/closed/mineral/gold => 7ms (597) (avg:0.011725293472409248)
/obj/item/clothing/shoes/jackboots => 7ms (315) (avg:0.02222222276031971)
/obj/structure/closet/cabinet => 7ms (222) (avg:0.031531531363725662)
/obj/item/weldingtool/largetank => 7ms (84) (avg:0.083333335816860199)
/area/tdome/arena => 7ms (1) (avg:7)
/obj/structure/closet => 6ms (336) (avg:0.01785714365541935)
/turf/closed/mineral/diamond => 6ms (296) (avg:0.020270269364118576)
/obj/machinery/cell_charger => 6ms (201) (avg:0.02985074557363987)
/turf/open/floor/plasteel/f13/vault_floor/misc/vaultrust => 6ms (176) (avg:0.034090910106897354)
/obj/item/gun/energy/laser/plasma => 6ms (104) (avg:0.057692307978868484)
/obj/item/stack/ore/uranium => 6ms (66) (avg:0.090909093618392944)
/obj/machinery/door/airlock/command => 6ms (61) (avg:0.098360657691955566)
/obj/machinery/power/smes/engineering => 6ms (58) (avg:0.10344827920198441)
/obj/item/storage/belt/utility => 6ms (58) (avg:0.10344827920198441)
/obj/effect/decal/cleanable/trail_holder => 5ms (188) (avg:0.026595745235681534)
/obj/item/pda => 5ms (132) (avg:0.037878789007663727)
/obj/item/weldingtool => 5ms (103) (avg:0.048543687909841537)
/obj/item/lighter => 5ms (60) (avg:0.083333335816860199)
/obj/item/stack/ore/diamond => 5ms (49) (avg:0.10204081982374191)
/obj/machinery/light => 4ms (846) (avg:0.0047281323932111263)
/obj/item/reagent_containers/hypospray/medipen/stimpak => 4ms (309) (avg:0.012944984249770641)
/turf/closed/indestructible/riveted/boss => 4ms (266) (avg:0.015037594363093376)
/obj/structure/table/wood/settler => 4ms (260) (avg:0.015384615398943424)
/obj/structure/closet/crate/bin => 4ms (228) (avg:0.017543859779834747)
/obj/item/gun/ballistic/automatic/assault_carbine => 4ms (193) (avg:0.020725388079881668)
/obj/item/storage/toolbox/mechanical => 4ms (185) (avg:0.021621622145175934)
/obj/item/gun/energy/laser/aer12 => 4ms (95) (avg:0.042105264961719513)
/obj/item/gun/ballistic/automatic/service/r82 => 4ms (93) (avg:0.043010752648115158)
/obj/item/gun/energy/laser/pistol => 4ms (77) (avg:0.051948051899671555)
/obj/item/stack/ore/gold => 4ms (62) (avg:0.064516127109527588)
/obj/machinery/door/airlock/maintenance/abandoned => 4ms (57) (avg:0.070175439119338989)
/obj/machinery/door/airlock/mining => 4ms (43) (avg:0.093023255467414856)
/obj/item/gun/energy/laser/plasma/glock => 4ms (42) (avg:0.095238097012042999)
/turf/closed/wall/f13/tunnel => 4ms (32) (avg:0.125)
/turf/closed/wall/f13/wood => 4ms (21) (avg:0.190476194024086)
/turf/open/floor/plasteel => 3ms (371) (avg:0.0080862529575824738)
/obj/effect/decal/cleanable/blood/gibs/core => 3ms (184) (avg:0.016304347664117813)
/obj/machinery/door/airlock => 3ms (68) (avg:0.044117648154497147)
/obj/item/gun/ballistic/automatic/greasegun => 3ms (47) (avg:0.063829787075519562)
/obj/item/gun/energy/ionrifle => 3ms (38) (avg:0.078947365283966064)
/turf/open/floor/carpet/red => 3ms (33) (avg:0.090909093618392944)
/obj/item/reagent_containers/glass/bottle => 3ms (32) (avg:0.09375)
/obj/machinery/defibrillator_mount/loaded => 3ms (31) (avg:0.096774190664291382)
/obj/machinery/door/airlock/engineering => 3ms (30) (avg:0.10000000149011612)
/obj/item/bodypart/head => 3ms (15) (avg:0.20000000298023224)
/obj/item/toy/crayon/spraycan => 3ms (12) (avg:0.25)
/turf/open/space/transit => 2ms (1621) (avg:0.0012338062515482306)
/turf/open/floor/carpet/black => 2ms (452) (avg:0.0044247787445783615)
/turf/closed/mineral/bscrystal => 2ms (191) (avg:0.010471204295754433)
/turf/closed/indestructible/f13vaultrusted => 2ms (191) (avg:0.010471204295754433)
/turf/closed/indestructible => 2ms (168) (avg:0.011904762126505375)
/obj/item/clothing/shoes/combat/swat => 2ms (166) (avg:0.012048192322254181)
/turf/open/floor/f13 => 2ms (133) (avg:0.015037594363093376)
/obj/structure/lattice/catwalk => 2ms (130) (avg:0.015384615398943424)
/obj/screen/radial/slice => 2ms (97) (avg:0.020618556067347527)
/obj/item/reagent_containers/glass/beaker/bluespace => 2ms (94) (avg:0.021276595070958138)
/obj/item/gun/ballistic/automatic/mini_uzi => 2ms (84) (avg:0.02380952425301075)
/obj/item/gun/ballistic/automatic/bozar => 2ms (82) (avg:0.024390242993831635)
/obj/structure/closet/fridge => 2ms (71) (avg:0.028169013559818268)
/obj/structure/falsewall/rust => 2ms (53) (avg:0.037735849618911743)
/obj/item/gun/energy/laser/aer9 => 2ms (44) (avg:0.045454546809196472)
/obj/structure/closet/bus => 2ms (43) (avg:0.046511627733707428)
/obj/machinery/rnd/production/protolathe => 2ms (39) (avg:0.05128205195069313)
/obj/structure/table/glass => 2ms (37) (avg:0.054054055362939835)
/obj/item/gun/ballistic/automatic/m72 => 2ms (26) (avg:0.076923079788684845)
/obj/structure/closet/crate/secure/weapon => 2ms (24) (avg:0.083333335816860199)
/obj/item/gun/ballistic/automatic/assault_rifle/infiltrator => 2ms (24) (avg:0.083333335816860199)
/turf/open/floor/plasteel/f13/vault_floor/floor/floorsolid => 2ms (18) (avg:0.1111111119389534)
/obj/item/stack/ore/slag => 2ms (17) (avg:0.11764705926179886)
/obj/item/defibrillator/compact => 2ms (15) (avg:0.13333334028720856)
/obj/structure/table/wood/fancy/royalblack => 2ms (13) (avg:0.15384615957736969)
/obj/item/defibrillator => 2ms (12) (avg:0.1666666716337204)
/obj/item/clothing/suit/armor/f13/kit => 2ms (12) (avg:0.1666666716337204)
/obj/structure/door_assembly/door_assembly_sec => 2ms (12) (avg:0.1666666716337204)
/obj/item/pda/heads/hos => 2ms (9) (avg:0.2222222238779068)
/obj/item/stack/ore/blackpowder => 2ms (9) (avg:0.2222222238779068)
/obj/item/clothing/mask/bandana/green => 2ms (6) (avg:0.3333333432674408)
/obj/machinery/door/airlock/engineering/glass => 2ms (4) (avg:0.5)
/turf/closed/mineral/uranium => 1ms (448) (avg:0.0022321429569274187)
/turf/open/floor/carpet => 1ms (259) (avg:0.0038610037881880999)
/obj/item/clothing/shoes/f13/military/plated => 1ms (191) (avg:0.0052356021478772163)
/turf/closed/wall/mineral/titanium => 1ms (164) (avg:0.0060975607484579086)
/turf/closed/wall/r_wall/f13superstore => 1ms (150) (avg:0.0066666668280959129)
/obj/item/reagent_containers/blood/random => 1ms (144) (avg:0.0069444444961845875)
/turf/closed/indestructible/riveted/uranium => 1ms (131) (avg:0.0076335878111422062)
/obj/item/paper_bin => 1ms (99) (avg:0.010101010091602802)
/turf/closed/mineral/random => 1ms (82) (avg:0.012195121496915817)
/obj/item/wirecutters => 1ms (73) (avg:0.013698630034923553)
/obj/structure/lattice => 1ms (57) (avg:0.017543859779834747)
/obj/item/defibrillator/loaded => 1ms (49) (avg:0.020408162847161293)
/turf/open/indestructible/ground/outside/sidewalk => 1ms (46) (avg:0.021739130839705467)
/obj/item/gun/ballistic/automatic/pistol/beretta/automatic => 1ms (41) (avg:0.024390242993831635)
/turf/open/floor/f13/wood => 1ms (41) (avg:0.024390242993831635)
/obj/item/reagent_containers/glass/beaker => 1ms (40) (avg:0.02500000037252903)
/obj/item/gun/ballistic/automatic/smg10mm => 1ms (37) (avg:0.027027027681469917)
/obj/item/gun/ballistic/automatic/autopipe => 1ms (36) (avg:0.02777777798473835)
/obj/item/reagent_containers/blood/radaway => 1ms (31) (avg:0.032258063554763794)
/obj/item/gun/energy/laser/plasma/glock/extended => 1ms (31) (avg:0.032258063554763794)
/obj/item/stack/ore/bluespace_crystal => 1ms (30) (avg:0.033333335071802139)
/obj/item/gun/ballistic/shotgun/mosin => 1ms (29) (avg:0.034482758492231369)
/obj/item/modular_computer/laptop/preset/civillian => 1ms (29) (avg:0.034482758492231369)
/turf/open/floor/plasteel/f13/vault_floor/dark/darksolid => 1ms (28) (avg:0.035714287310838699)
/obj/item/storage/box/gloves => 1ms (25) (avg:0.039999999105930328)
/obj/item/gun/ballistic/automatic/pistol/pistol22 => 1ms (24) (avg:0.041666667908430099)
/obj/item/storage/box => 1ms (24) (avg:0.041666667908430099)
/obj/item/storage/belt/security/full => 1ms (21) (avg:0.0476190485060215)
/obj/machinery/door/airlock/research => 1ms (21) (avg:0.0476190485060215)
/obj/item/stock_parts/cell => 1ms (20) (avg:0.05000000074505806)
/obj/structure/window/shuttle => 1ms (19) (avg:0.052631579339504242)
/obj/item/storage/toolbox/electrical => 1ms (17) (avg:0.058823529630899429)
/turf/open/floor/plasteel/darkred/corner => 1ms (16) (avg:0.0625)
/obj/item/clothing/under/syndicate/brotherhood => 1ms (16) (avg:0.0625)
/obj/item/storage/belt/holster => 1ms (15) (avg:0.066666670143604279)
/obj/item/clothing/neck/petcollar => 1ms (15) (avg:0.066666670143604279)
/obj/structure/door_assembly/door_assembly_hatch => 1ms (14) (avg:0.071428574621677399)
/obj/item/clothing/under/f13/recon => 1ms (14) (avg:0.071428574621677399)
/obj/structure/closet/cardboard/metal => 1ms (13) (avg:0.076923079788684845)
/obj/item/dice => 1ms (13) (avg:0.076923079788684845)
/obj/item/clothing/shoes/f13/tan => 1ms (12) (avg:0.083333335816860199)
/obj/machinery/door/airlock/titanium => 1ms (11) (avg:0.090909093618392944)
/obj/item/storage/box/ingredients/carnivore => 1ms (11) (avg:0.090909093618392944)
/obj/structure/window/fulltile/wood => 1ms (11) (avg:0.090909093618392944)
/obj/item/reagent_containers/glass/bottle/epinephrine => 1ms (10) (avg:0.10000000149011612)
/obj/item/pda/captain => 1ms (10) (avg:0.10000000149011612)
/obj/item/clothing/head/helmet/f13/power_armor/advanced => 1ms (10) (avg:0.10000000149011612)
/obj/structure/closet/body_bag => 1ms (10) (avg:0.10000000149011612)
/turf/closed/wall/f13/wood/interior => 1ms (8) (avg:0.125)
/obj/machinery/am_shielding => 1ms (8) (avg:0.125)
/obj/structure/chair/comfy/shuttle => 1ms (8) (avg:0.125)
/obj/item/clothing/under/f13/legskirt => 1ms (8) (avg:0.125)
/mob/living/simple_animal/hostile/handy/assaultron => 1ms (7) (avg:0.1428571492433548)
/obj/structure/closet/radiation => 1ms (6) (avg:0.1666666716337204)
/obj/structure/closet/syndicate/personal => 1ms (6) (avg:0.1666666716337204)
/obj/item/lighter/greyscale => 1ms (6) (avg:0.1666666716337204)
/obj/structure/falsewall => 1ms (6) (avg:0.1666666716337204)
/obj/item/storage/backpack/explorer => 1ms (6) (avg:0.1666666716337204)
/mob/living/simple_animal/pickle => 1ms (6) (avg:0.1666666716337204)
/obj/effect/decal/cleanable/blood/gibs/slime => 1ms (5) (avg:0.20000000298023224)
/obj/item/reagent_containers/pill/patch/healingpowder => 1ms (5) (avg:0.20000000298023224)
/obj/structure/door_assembly/door_assembly_grunge => 1ms (5) (avg:0.20000000298023224)
/obj/effect/decal/cleanable/blood/gibs/human/up => 1ms (5) (avg:0.20000000298023224)
/obj/item/storage/toolbox/drone => 1ms (4) (avg:0.25)
/obj/item/storage/box/pillbottles => 1ms (4) (avg:0.25)
/obj/machinery/computer/communications => 1ms (3) (avg:0.3333333432674408)
/obj/machinery/computer/shuttle/northbunkerelevator => 1ms (3) (avg:0.3333333432674408)
/obj/item/gun/ballistic/automatic/pistol/n99 => 1ms (3) (avg:0.3333333432674408)
/obj/item/clothing/head/helmet/f13/combat/enclave => 1ms (3) (avg:0.3333333432674408)
/obj/item/organ/cyberimp/brain/anti_drop => 1ms (3) (avg:0.3333333432674408)
/obj/item/clothing/under/f13/settler => 1ms (3) (avg:0.3333333432674408)
/obj/item/clothing/head/helmet/f13/raider/psychotic => 1ms (3) (avg:0.3333333432674408)
/obj/item/kitchen/knife/combat/survival => 1ms (2) (avg:0.5)
/turf/closed/wall/f13/tentwall => 1ms (2) (avg:0.5)
/obj/item/storage/fancy/cigarettes/cigpack_robustgold => 1ms (2) (avg:0.5)
/turf/closed/wall/f13/wood/house/broken => 1ms (2) (avg:0.5)
/obj/structure/nest/mirelurk => 1ms (2) (avg:0.5)
/obj/item/clothing/under/f13/cowboyb => 1ms (2) (avg:0.5)
/mob/living/simple_animal/hostile/handy/sentrybot/nsb => 1ms (1) (avg:1)
/obj/structure/closet/secure_closet/quartermaster => 1ms (1) (avg:1)
/area/ctf => 1ms (1) (avg:1)
/area/holodeck/rec_center/chapelcourt => 1ms (1) (avg:1)
/area/holodeck/rec_center/medical => 1ms (1) (avg:1)
/area/holodeck/rec_center/bunker => 1ms (1) (avg:1)
/obj/item/stack/crafting/electronicparts/five => 1ms (1) (avg:1)
/obj/item/reagent_containers/food/drinks/bottle/f13nukacola => 1ms (1) (avg:1)
/obj/item/gun/ballistic/revolver/police => 1ms (1) (avg:1)
/obj/item/stack/f13Cash/ncr => 1ms (1) (avg:1)
/obj/item/pickaxe/drill/diamonddrill => 1ms (1) (avg:1)
/obj/item/gun/ballistic/shotgun/hunting => 1ms (1) (avg:1)
/obj/item/reagent_containers/hypospray/CMO => 1ms (1) (avg:1)
/obj/item/ammo_casing/a762 => 1ms (1) (avg:1)
/obj/item/pda/janitor => 1ms (1) (avg:1)
/turf/open/space => 0ms (256) (avg:0)
/turf/open/floor/plasteel/dark => 0ms (231) (avg:0)
/obj/machinery/computer/terminal => 0ms (149) (avg:0)
/turf/closed/indestructible/fakeglass => 0ms (108) (avg:0)
/turf/closed/wall/r_wall/syndicate => 0ms (97) (avg:0)
/obj/effect/decal/cleanable/dirt/dust => 0ms (92) (avg:0)
/turf/open/floor/holofloor/carpet => 0ms (87) (avg:0)
/obj/item/screwdriver => 0ms (80) (avg:0)
/obj/structure/window/fulltile/house => 0ms (76) (avg:0)
/obj/machinery/door/airlock/centcom => 0ms (73) (avg:0)
/obj/item/clothing/shoes/f13/explorer => 0ms (71) (avg:0)
/obj/machinery/light/floor => 0ms (64) (avg:0)
/obj/item/clothing/shoes/combat => 0ms (52) (avg:0)
/obj/effect/decal/cleanable/blood/gibs/down => 0ms (46) (avg:0)
/obj/item/reagent_containers/hypospray/medipen/stimpak/super => 0ms (44) (avg:0)
/obj/structure/table/wood/poker => 0ms (44) (avg:0)
/obj/structure/closet/secure_closet/personal => 0ms (43) (avg:0)
/turf/closed/mineral/ash_rock => 0ms (42) (avg:0)
/turf/open/floor/plasteel/darkred/side => 0ms (40) (avg:0)
/obj/item/reagent_containers/syringe/charcoal => 0ms (35) (avg:0)
/obj/structure/table/wood/fancy => 0ms (35) (avg:0)
/obj/machinery/chem_dispenser => 0ms (32) (avg:0)
/obj/item/storage/toolbox/greyscale => 0ms (32) (avg:0)
/turf/open/floor/plasteel/f13/vault_floor/floor => 0ms (30) (avg:0)
/obj/structure/window/plastitanium => 0ms (30) (avg:0)
/obj/item/storage/box/drinkingglasses => 0ms (29) (avg:0)
/obj/structure/table/booth => 0ms (29) (avg:0)
/obj/item/disk/plantgene => 0ms (28) (avg:0)
/obj/item/gun/energy/laser => 0ms (27) (avg:0)
/obj/structure/window/paperframe => 0ms (27) (avg:0)
/obj/item/reagent_containers/syringe/medx => 0ms (27) (avg:0)
/obj/item/storage/box/matches => 0ms (26) (avg:0)
/obj/item/reagent_containers/glass/beaker/waterbottle => 0ms (25) (avg:0)
/obj/machinery/shower => 0ms (25) (avg:0)
/turf/open/floor/plating/airless => 0ms (24) (avg:0)
/obj/structure/table/abductor => 0ms (24) (avg:0)
/obj/structure/table/wood/fancy/black => 0ms (24) (avg:0)
/obj/item/clothing/gloves/legion => 0ms (24) (avg:0)
/obj/item/clothing/shoes/f13/raidertreads => 0ms (23) (avg:0)
/obj/item/storage/box/handcuffs => 0ms (22) (avg:0)
/obj/structure/window/fulltile => 0ms (22) (avg:0)
/obj/item/clothing/under/f13/ncr => 0ms (22) (avg:0)
/obj/item/clothing/gloves/combat => 0ms (22) (avg:0)
/obj/item/clothing/shoes/f13/military => 0ms (22) (avg:0)
/turf/closed/wall/mineral/plastitanium => 0ms (21) (avg:0)
/obj/machinery/door/airlock/command/glass => 0ms (20) (avg:0)
/mob/living/simple_animal/hostile/handy => 0ms (19) (avg:0)
/obj/item/clipboard => 0ms (19) (avg:0)
/obj/item/clothing/shoes/f13/brownie => 0ms (19) (avg:0)
/mob/living/simple_animal/hostile/handy/gutsy => 0ms (18) (avg:0)
/obj/item/stock_parts/cell/upgraded => 0ms (18) (avg:0)
/turf/open/floor/plating => 0ms (18) (avg:0)
/turf/open/floor/wood/wood_tiled => 0ms (18) (avg:0)
/obj/structure/table/wood/bar => 0ms (18) (avg:0)
/turf/open/floor/plasteel/darkblue/side => 0ms (17) (avg:0)
/turf/open/floor/plasteel/f13/vault_floor/yellow/yellowchess/yellowchess2 => 0ms (17) (avg:0)
/obj/machinery/door/airlock/external => 0ms (16) (avg:0)
/obj/item/storage/crayons => 0ms (16) (avg:0)
/obj/item/storage/box/ingredients/grains => 0ms (16) (avg:0)
/obj/item/gun/ballistic/automatic/g11/upgraded => 0ms (16) (avg:0)
/obj/item/reagent_containers/glass/bottle/blackpowder => 0ms (15) (avg:0)
/turf/open/floor/carpet/green => 0ms (15) (avg:0)
/obj/machinery/airalarm => 0ms (14) (avg:0)
/obj/item/clothing/gloves/f13/handwraps => 0ms (14) (avg:0)
/obj/structure/chair/comfy/brown => 0ms (14) (avg:0)
/obj/effect/decal/cleanable/blood/gibs/old => 0ms (13) (avg:0)
/obj/structure/closet/secure_closet/contraband/armory => 0ms (13) (avg:0)
/turf/open/floor/plasteel/darkblue/corner => 0ms (13) (avg:0)
/obj/item/kitchen/knife/combat => 0ms (13) (avg:0)
/obj/item/storage/backpack/satchel/explorer => 0ms (13) (avg:0)
/obj/item/clothing/shoes/f13/diesel => 0ms (13) (avg:0)
/obj/structure/closet/supplypod/centcompod => 0ms (13) (avg:0)
/obj/item/target => 0ms (13) (avg:0)
/obj/item/reagent_containers/syringe/epinephrine => 0ms (12) (avg:0)
/obj/item/holochip => 0ms (12) (avg:0)
/obj/structure/closet/fridge/standard => 0ms (12) (avg:0)
/obj/item/storage/box/ingredients/italian => 0ms (12) (avg:0)
/turf/open/floor/plasteel/showroomfloor => 0ms (12) (avg:0)
/obj/item/reagent_containers/hypospray/medipen/stimpak/custom => 0ms (12) (avg:0)
/obj/item/clothing/gloves/fingerless => 0ms (12) (avg:0)
/obj/item/storage/box/syringes => 0ms (11) (avg:0)
/obj/structure/closet/secure_closet/personal/cabinet => 0ms (11) (avg:0)
/obj/item/clothing/shoes/f13/diesel/alt => 0ms (11) (avg:0)
/obj/item/organ/cyberimp/eyes/hud/medical => 0ms (10) (avg:0)
/obj/item/reagent_containers/glass/bottle/charcoal => 0ms (10) (avg:0)
/obj/item/storage/box/flashbangs => 0ms (10) (avg:0)
/obj/item/storage/box/ingredients/vegetarian => 0ms (10) (avg:0)
/obj/item/reagent_containers/honeycomb => 0ms (10) (avg:0)
/obj/item/reagent_containers/food/drinks/mug/coco => 0ms (10) (avg:0)
/turf/open/floor/plating/f13/outside/desert => 0ms (10) (avg:0)
/obj/structure/closet/anchored => 0ms (10) (avg:0)
/obj/structure/closet/secure_closet/medical1 => 0ms (10) (avg:0)
/obj/item/clothing/neck/cloak/alt/polychromic => 0ms (10) (avg:0)
/obj/item/clothing/suit/armor/f13/power_armor/advanced => 0ms (10) (avg:0)
/obj/item/clothing/gloves/f13/blacksmith => 0ms (10) (avg:0)
/obj/item/gun/ballistic/automatic/service => 0ms (10) (avg:0)
/obj/item/clothing/shoes/f13/military/ncr => 0ms (10) (avg:0)
/obj/effect/decal/cleanable/blood/gibs/human => 0ms (10) (avg:0)
/obj/structure/closet/crate/secure/hydroponics => 0ms (9) (avg:0)
/obj/machinery/computer/operating => 0ms (9) (avg:0)
/obj/item/storage/box/bodybags => 0ms (9) (avg:0)
/obj/item/storage/box/ingredients/exotic => 0ms (9) (avg:0)
/obj/item/storage/box/ingredients/delights => 0ms (9) (avg:0)
/turf/open/floor/plasteel/f13/vault_floor/yellow => 0ms (9) (avg:0)
/obj/machinery/door/airlock/shuttle => 0ms (9) (avg:0)
/obj/item/claymore/machete/reinforced => 0ms (9) (avg:0)
/obj/item/clothing/shoes/f13/fancy => 0ms (9) (avg:0)
/obj/machinery/computer/secure_data => 0ms (8) (avg:0)
/obj/machinery/computer/security => 0ms (8) (avg:0)
/obj/item/dice/d20 => 0ms (8) (avg:0)
/obj/machinery/computer/security/telescreen => 0ms (8) (avg:0)
/obj/structure/closet/abductor => 0ms (8) (avg:0)
/obj/structure/closet/cabinet/anchored => 0ms (8) (avg:0)
/obj/item/gun/ballistic/automatic/r84 => 0ms (8) (avg:0)
/turf/open/floor/plasteel/goonplaque => 0ms (8) (avg:0)
/turf/open/floor/plasteel/vault => 0ms (8) (avg:0)
/obj/structure/table/greyscale => 0ms (8) (avg:0)
/obj/item/claymore/machete/pipe => 0ms (8) (avg:0)
/mob/living/simple_animal/hostile/handy/protectron => 0ms (7) (avg:0)
/obj/machinery/door/airlock/silver => 0ms (7) (avg:0)
/obj/machinery/computer/security/telescreen/entertainment => 0ms (7) (avg:0)
/obj/structure/closet/emcloset => 0ms (7) (avg:0)
/obj/structure/closet/secure_closet/hydroponics => 0ms (7) (avg:0)
/obj/item/storage/belt/utility/full => 0ms (7) (avg:0)
/obj/structure/table/reinforced/brass => 0ms (7) (avg:0)
/obj/item/storage/survivalkit => 0ms (7) (avg:0)
/obj/item/clothing/shoes/f13/cowboy => 0ms (7) (avg:0)
/obj/item/clothing/head/helmet/f13/hoodedmask => 0ms (7) (avg:0)
/obj/item/clothing/suit/armor/f13/combatrusted => 0ms (7) (avg:0)
/obj/item/clothing/shoes/sneakers/black => 0ms (7) (avg:0)
/obj/structure/door_assembly/door_assembly_med => 0ms (7) (avg:0)
/obj/structure/janitorialcart => 0ms (7) (avg:0)
/obj/item/reagent_containers/food/drinks/mug/tea/forest => 0ms (7) (avg:0)
/obj/item/gun/energy/kinetic_accelerator/premiumka => 0ms (7) (avg:0)
/obj/structure/closet/secure_closet/security => 0ms (6) (avg:0)
/obj/structure/closet/secure_closet/freezer/kitchen => 0ms (6) (avg:0)
/obj/item/dice/d10 => 0ms (6) (avg:0)
/obj/machinery/computer/cargo => 0ms (6) (avg:0)
/obj/effect/decal/cleanable/blood/gibs/body => 0ms (6) (avg:0)
/obj/item/storage/toolbox/emergency => 0ms (6) (avg:0)
/obj/item/storage/box/beakers => 0ms (6) (avg:0)
/obj/item/storage/box/ingredients/american => 0ms (6) (avg:0)
/obj/machinery/computer/slot_machine => 0ms (6) (avg:0)
/obj/item/gun/energy/laser/wattz2k => 0ms (6) (avg:0)
/obj/machinery/power/smes => 0ms (6) (avg:0)
/obj/item/clothing/under/shorts/polychromic => 0ms (6) (avg:0)
/obj/item/gun/energy/laser/plasma/pistol => 0ms (6) (avg:0)
/obj/item/reagent_containers/food/drinks/mug/tea => 0ms (6) (avg:0)
/turf/open/floor/mineral/plastitanium => 0ms (6) (avg:0)
/turf/open/floor/plasteel/f13/vault_floor/plating => 0ms (6) (avg:0)
/turf/open/floor/plasteel/f13/vault_floor/red => 0ms (6) (avg:0)
/obj/item/clothing/head/helmet/f13/legion/vet/explorer => 0ms (6) (avg:0)
/obj/item/stack/sheet/mineral/wood => 0ms (6) (avg:0)
/obj/item/claymore/machete => 0ms (6) (avg:0)
/obj/structure/nest/ghoul => 0ms (6) (avg:0)
/obj/item/ammo_casing/c38 => 0ms (6) (avg:0)
/obj/item/clothing/head/helmet/f13/legion/palacent => 0ms (6) (avg:0)
/obj/structure/chair/sofa/corp/left => 0ms (6) (avg:0)
/obj/item/clothing/under/f13/brahminm => 0ms (6) (avg:0)
/obj/item/clothing/mask/gas/sechailer/swat => 0ms (6) (avg:0)
/obj/machinery/computer/card/centcom => 0ms (5) (avg:0)
/obj/structure/closet/secure_closet/freezer/meat => 0ms (5) (avg:0)
/obj/structure/closet/secure_closet/freezer/fridge => 0ms (5) (avg:0)
/obj/item/defibrillator/compact/combat/loaded => 0ms (5) (avg:0)
/obj/item/storage/box/emps => 0ms (5) (avg:0)
/obj/item/storage/box/dice => 0ms (5) (avg:0)
/obj/item/dice/d4 => 0ms (5) (avg:0)
/obj/item/dice/d6 => 0ms (5) (avg:0)
/obj/item/dice/d8 => 0ms (5) (avg:0)
/obj/item/dice/d12 => 0ms (5) (avg:0)
/obj/machinery/computer/telecrystals/uplinker => 0ms (5) (avg:0)
/obj/machinery/computer/camera_advanced/abductor => 0ms (5) (avg:0)
/obj/item/storage/box/ingredients/fiesta => 0ms (5) (avg:0)
/obj/item/storage/box/lights/mixed => 0ms (5) (avg:0)
/obj/item/storage/box/citizenship_permits => 0ms (5) (avg:0)
/obj/machinery/computer/rdconsole/core/bos => 0ms (5) (avg:0)
/obj/structure/closet/secure_closet => 0ms (5) (avg:0)
/turf/open/floor/plasteel/caution => 0ms (5) (avg:0)
/turf/closed/wall/f13 => 0ms (5) (avg:0)
/turf/closed/wall/mineral/titanium/nodiagonal => 0ms (5) (avg:0)
/obj/structure/falsewall/reinforced => 0ms (5) (avg:0)
/obj/item/clothing/suit/armor/f13/legion/vet/explorer => 0ms (5) (avg:0)
/obj/item/clothing/suit/armor/f13/exile/ncrexile => 0ms (5) (avg:0)
/obj/screen/storage/volumetric_box/center => 0ms (5) (avg:0)
/obj/item/clothing/under/f13/medic => 0ms (5) (avg:0)
/obj/item/clothing/head/helmet/f13/brahmincowboyhat => 0ms (5) (avg:0)
/obj/item/clothing/suit/armor/f13/legion/palacent => 0ms (5) (avg:0)
/obj/item/twohanded/sledgehammer => 0ms (5) (avg:0)
/obj/effect/decal/cleanable/blood/gibs/human/down => 0ms (5) (avg:0)
/obj/effect/decal/cleanable/blood/gibs/human/body => 0ms (5) (avg:0)
/obj/effect/decal/cleanable/blood/gibs/human/limb => 0ms (5) (avg:0)
/obj/effect/decal/cleanable/blood/gibs/human/core => 0ms (5) (avg:0)
/obj/item/clothing/mask/cigarette/rollie/mindbreaker => 0ms (5) (avg:0)
/obj/structure/closet/secure_closet/goodies => 0ms (5) (avg:0)
/obj/item/organ/cyberimp/chest/nutriment => 0ms (4) (avg:0)
/obj/item/organ/cyberimp/chest/nutriment/plus => 0ms (4) (avg:0)
/mob/living/simple_animal/hostile/handy/sentrybot => 0ms (4) (avg:0)
/obj/structure/guncase/shotgun => 0ms (4) (avg:0)
/obj/item/gun/ballistic/automatic/pistol/deagle => 0ms (4) (avg:0)
/obj/item/gun/ballistic/automatic/ar => 0ms (4) (avg:0)
/obj/machinery/modular_computer/console/preset/command => 0ms (4) (avg:0)
/obj/item/stock_parts/cell/pulse/carbine => 0ms (4) (avg:0)
/obj/item/gun/energy/pulse/carbine/loyalpin => 0ms (4) (avg:0)
/obj/item/storage/box/disks_plantgene => 0ms (4) (avg:0)
/obj/item/storage/box/alienhandcuffs => 0ms (4) (avg:0)
/obj/item/pda/medical => 0ms (4) (avg:0)
/obj/item/storage/box/masks => 0ms (4) (avg:0)
/obj/item/storage/box/ingredients/wildcard => 0ms (4) (avg:0)
/obj/machinery/computer/security/bos => 0ms (4) (avg:0)
/obj/item/reagent_containers/food/snacks/lollipop => 0ms (4) (avg:0)
/obj/structure/closet/athletic_mixed => 0ms (4) (avg:0)
/obj/structure/closet/boxinggloves => 0ms (4) (avg:0)
/obj/item/gun/ballistic/automatic/assault_rifle => 0ms (4) (avg:0)
/obj/machinery/computer/rdconsole => 0ms (4) (avg:0)
/obj/structure/fireaxecabinet => 0ms (4) (avg:0)
/obj/item/gps/mining => 0ms (4) (avg:0)
/obj/item/gun/energy/laser/wattz => 0ms (4) (avg:0)
/turf/open/indestructible/ground/inside/subway => 0ms (4) (avg:0)
/turf/closed/wall/mineral/titanium/interior => 0ms (4) (avg:0)
/turf/closed/wall/r_wall/f13composite => 0ms (4) (avg:0)
/obj/structure/table/wood/fancy/blackred => 0ms (4) (avg:0)
/turf/open/floor/carpet/blue => 0ms (4) (avg:0)
/turf/closed/wall/r_wall/syndicate/nodiagonal => 0ms (4) (avg:0)
/obj/item/twohanded/spear => 0ms (4) (avg:0)
/obj/item/storage/backpack/duffelbag => 0ms (4) (avg:0)
/obj/structure/nest/radroach => 0ms (4) (avg:0)
/obj/item/clothing/gloves/color/brown => 0ms (4) (avg:0)
/obj/item/kitchen/knife => 0ms (4) (avg:0)
/obj/machinery/vending/tool => 0ms (4) (avg:0)
/obj/structure/window/fulltile/ruins => 0ms (4) (avg:0)
/obj/item/storage/backpack => 0ms (4) (avg:0)
/obj/item/clothing/under/syndicate/tacticool => 0ms (4) (avg:0)
/obj/item/bodypart/l_leg => 0ms (4) (avg:0)
/obj/item/bodypart/r_leg => 0ms (4) (avg:0)
/obj/item/bodypart/l_arm => 0ms (4) (avg:0)
/obj/item/bodypart/r_arm => 0ms (4) (avg:0)
/obj/item/gun/ballistic/automatic/commando => 0ms (4) (avg:0)
/obj/item/clothing/suit/armor/f13/town/deputy => 0ms (4) (avg:0)
/obj/item/clothing/suit/armor/f13/raider/sadist => 0ms (4) (avg:0)
/obj/item/storage/belt/security => 0ms (4) (avg:0)
/obj/item/clothing/head/helmet/f13/power_armor/t45d/sierra => 0ms (4) (avg:0)
/obj/item/clothing/suit/armor/f13/power_armor/t45d/sierra => 0ms (4) (avg:0)
/obj/item/claymore/machete/gladius => 0ms (4) (avg:0)
/obj/item/gun/energy/laser/plasma/carbine => 0ms (4) (avg:0)
/obj/item/clothing/under/f13/ncr/ncr_officer => 0ms (4) (avg:0)
/obj/item/modular_computer/processor => 0ms (4) (avg:0)
/area/shuttle/transit => 0ms (4) (avg:0)
/mob/living/simple_animal/hostile/handy/nsb => 0ms (3) (avg:0)
/mob/living/simple_animal/hostile/handy/gutsy/nsb => 0ms (3) (avg:0)
/obj/structure/guncase/ecase => 0ms (3) (avg:0)
/obj/item/storage/box/zipties => 0ms (3) (avg:0)
/obj/item/clothing/under/misc/polyjumpsuit => 0ms (3) (avg:0)
/obj/item/clothing/under/misc/poly_shirt => 0ms (3) (avg:0)
/obj/item/clothing/under/costume/kilt/polychromic => 0ms (3) (avg:0)
/obj/item/clothing/under/dress/skirt/polychromic => 0ms (3) (avg:0)
/obj/item/clothing/under/misc/polyshorts => 0ms (3) (avg:0)
/obj/item/gun/energy/e_gun => 0ms (3) (avg:0)
/obj/item/storage/box/teargas => 0ms (3) (avg:0)
/obj/item/gun/energy/laser/wattz/magneto => 0ms (3) (avg:0)
/obj/machinery/computer/auxillary_base => 0ms (3) (avg:0)
/obj/item/gps/internal/base => 0ms (3) (avg:0)
/obj/structure/closet/wardrobe/cargotech => 0ms (3) (avg:0)
/obj/structure/closet/cardboard => 0ms (3) (avg:0)
/obj/machinery/computer/arcade/orion_trail => 0ms (3) (avg:0)
/obj/structure/necropolis_gate => 0ms (3) (avg:0)
/obj/machinery/computer/shuttle/bunkerelevator => 0ms (3) (avg:0)
/obj/item/storage/box/ingredients/fruity => 0ms (3) (avg:0)
/obj/item/clothing/under/maid => 0ms (3) (avg:0)
/obj/item/storage/box/lights => 0ms (3) (avg:0)
/obj/item/storage/box/lights/bulbs => 0ms (3) (avg:0)
/obj/item/storage/box/papersack => 0ms (3) (avg:0)
/obj/structure/guncase => 0ms (3) (avg:0)
/obj/item/stack/ore/blackpowder/fifty => 0ms (3) (avg:0)
/obj/effect/decal/cleanable/blood/gibs/torso => 0ms (3) (avg:0)
/obj/machinery/computer/med_data => 0ms (3) (avg:0)
/obj/machinery/computer/crew => 0ms (3) (avg:0)
/obj/machinery/computer/med_data/syndie => 0ms (3) (avg:0)
/obj/item/clothing/neck/cloak/grey => 0ms (3) (avg:0)
/obj/item/storage/backpack/satchel/leather => 0ms (3) (avg:0)
/obj/item/clothing/head/helmet/f13/metalmask => 0ms (3) (avg:0)
/obj/item/clothing/suit/armor/f13/metalarmor => 0ms (3) (avg:0)
/obj/item/clothing/suit/armor/f13/combat/enclave => 0ms (3) (avg:0)
/obj/item/clothing/head/welding => 0ms (3) (avg:0)
/obj/item/clothing/neck/cloak => 0ms (3) (avg:0)
/obj/item/melee/unarmed/tigerclaw => 0ms (3) (avg:0)
/obj/item/gun/ballistic/revolver/colt357 => 0ms (3) (avg:0)
/obj/item/stack/ore/blackpowder/two => 0ms (3) (avg:0)
/obj/item/clothing/suit/armor/f13/legion/prime => 0ms (3) (avg:0)
/obj/item/clothing/under/f13/police => 0ms (3) (avg:0)
/obj/item/organ/cyberimp/brain/anti_stun => 0ms (3) (avg:0)
/obj/item/organ/cyberimp/chest/reviver => 0ms (3) (avg:0)
/obj/item/organ/cyberimp/eyes/hud/security => 0ms (3) (avg:0)
/obj/screen/alert/restrained/handcuffed => 0ms (3) (avg:0)
/obj/item/clothing/suit/armor/f13/power_armor/t45d/gunslinger => 0ms (3) (avg:0)
/obj/item/clothing/head/helmet/f13/raider => 0ms (3) (avg:0)
/obj/item/storage/trash_stack => 0ms (3) (avg:0)
/obj/item/clothing/under/f13/raider_leather => 0ms (3) (avg:0)
/obj/item/clothing/shoes/f13/military/leather => 0ms (3) (avg:0)
/obj/item/card/id => 0ms (3) (avg:0)
/obj/item/clothing/gloves/f13/leather => 0ms (3) (avg:0)
/obj/item/clothing/head/helmet/f13/power_armor/t45d => 0ms (3) (avg:0)
/obj/screen/alert/restrained/legcuffed => 0ms (3) (avg:0)
/obj/item/clothing/under/f13/cowboyg => 0ms (3) (avg:0)
/obj/item/melee/unarmed/deathclawgauntlet => 0ms (3) (avg:0)
/obj/item/gun/energy/laser/laer => 0ms (3) (avg:0)
/obj/machinery/modular_computer/console/preset/id => 0ms (3) (avg:0)
/mob/living/simple_animal/hostile/handy/robobrain/nsb => 0ms (2) (avg:0)
/obj/structure/tank_dispenser/oxygen => 0ms (2) (avg:0)
/obj/item/storage/box/firingpins => 0ms (2) (avg:0)
/obj/structure/closet/secure_closet/ertMed => 0ms (2) (avg:0)
/obj/structure/closet/secure_closet/ertSec => 0ms (2) (avg:0)
/obj/item/storage/box/flashes => 0ms (2) (avg:0)
/obj/item/gun/energy/laser/captain => 0ms (2) (avg:0)
/obj/machinery/computer/emergency_shuttle => 0ms (2) (avg:0)
/obj/structure/closet/secure_closet/ertEngi => 0ms (2) (avg:0)
/obj/item/storage/box/metalfoam => 0ms (2) (avg:0)
/obj/machinery/computer/shuttle/labor => 0ms (2) (avg:0)
/obj/machinery/computer/shuttle/mining => 0ms (2) (avg:0)
/obj/machinery/computer/security/mining => 0ms (2) (avg:0)
/obj/item/storage/box/mousetraps => 0ms (2) (avg:0)
/obj/machinery/computer/mech_bay_power_console => 0ms (2) (avg:0)
/obj/machinery/computer/camera_advanced => 0ms (2) (avg:0)
/obj/machinery/computer/shuttle => 0ms (2) (avg:0)
/obj/machinery/computer/telecomms/monitor => 0ms (2) (avg:0)
/obj/machinery/computer/telecomms/server => 0ms (2) (avg:0)
/obj/machinery/computer/message_monitor => 0ms (2) (avg:0)
/obj/structure/closet/fridge/cannibal => 0ms (2) (avg:0)
/obj/item/gun/ballistic/automatic/tommygun => 0ms (2) (avg:0)
/obj/effect/decal/cleanable/blood/gibs/limb => 0ms (2) (avg:0)
/obj/structure/closet/fridge/meat => 0ms (2) (avg:0)
/obj/item/lighter/gold => 0ms (2) (avg:0)
/obj/item/storage/box/cups => 0ms (2) (avg:0)
/obj/item/storage/box/medsprays => 0ms (2) (avg:0)
/obj/item/pda/engineering => 0ms (2) (avg:0)
/obj/item/reagent_containers/blood/OMinus => 0ms (2) (avg:0)
/obj/machinery/computer/operating/bos => 0ms (2) (avg:0)
/obj/item/pda/chemist => 0ms (2) (avg:0)
/obj/item/storage/box/lights/tubes => 0ms (2) (avg:0)
/obj/item/pda/warden => 0ms (2) (avg:0)
/obj/machinery/computer/robotics => 0ms (2) (avg:0)
/obj/machinery/computer/upload/ai => 0ms (2) (avg:0)
/obj/item/gun/ballistic/automatic/toy => 0ms (2) (avg:0)
/obj/item/stack/ore/blackpowder/five => 0ms (2) (avg:0)
/turf/open/floor/plasteel/blue/corner => 0ms (2) (avg:0)
/obj/structure/window/plasma/reinforced/fulltile => 0ms (2) (avg:0)
/obj/item/gun/energy/laser/scatter => 0ms (2) (avg:0)
/obj/effect/decal/cleanable/blood/gibs/slime/limb => 0ms (2) (avg:0)
/obj/effect/decal/cleanable/blood/gibs/human/lizard/limb => 0ms (2) (avg:0)
/obj/item/reagent_containers/glass/bottle/morphine => 0ms (2) (avg:0)
/obj/structure/closet/secure_closet/medical2 => 0ms (2) (avg:0)
/obj/structure/closet/secure_closet/freezer/meat/open => 0ms (2) (avg:0)
/obj/item/storage/box/vendingmachine => 0ms (2) (avg:0)
/obj/item/clothing/suit/armor/f13/raider/blastmaster => 0ms (2) (avg:0)
/obj/item/clothing/head/ushanka => 0ms (2) (avg:0)
/obj/item/clothing/head/helmet/f13/combat/brotherhood/captain => 0ms (2) (avg:0)
/obj/item/clothing/suit/armor/f13/combat/brotherhood/captain => 0ms (2) (avg:0)
/obj/machinery/vending/medical => 0ms (2) (avg:0)
/obj/item/ammo_box/magazine/m10mm_adv/simple => 0ms (2) (avg:0)
/obj/item/gun/ballistic/automatic/varmint => 0ms (2) (avg:0)
/obj/item/ammo_box/magazine/m556/rifle => 0ms (2) (avg:0)
/obj/item/gun/ballistic/revolver/zipgun => 0ms (2) (avg:0)
/obj/item/gun/ballistic/automatic/pistol/m1911/compact => 0ms (2) (avg:0)
/obj/item/clothing/suit/armor/vest/leather => 0ms (2) (avg:0)
/obj/item/clothing/head/helmet/alt => 0ms (2) (avg:0)
/obj/item/clothing/suit/armor/f13/rustedcowboy => 0ms (2) (avg:0)
/obj/item/gun/ballistic/revolver/widowmaker => 0ms (2) (avg:0)
/obj/item/claymore => 0ms (2) (avg:0)
/obj/item/clothing/head/helmet/f13/legion/prime => 0ms (2) (avg:0)
/obj/item/clothing/head/helmet/f13/power_armor/t45d/gunslinger => 0ms (2) (avg:0)
/obj/item/clothing/under/f13/machinist => 0ms (2) (avg:0)
/obj/item/clothing/under/f13/raiderrags => 0ms (2) (avg:0)
/obj/item/clothing/head/helmet/f13/fiend => 0ms (2) (avg:0)
/obj/item/melee/curator_whip => 0ms (2) (avg:0)
/obj/structure/chair/sofa/corp/right => 0ms (2) (avg:0)
/obj/item/clothing/suit/armor/f13/raider/painspike => 0ms (2) (avg:0)
/obj/item/ammo_box/a762 => 0ms (2) (avg:0)
/obj/item/clothing/under/f13/legslave => 0ms (2) (avg:0)
/obj/item/assembly/flash/handheld => 0ms (2) (avg:0)
/obj/item/clothing/head/helmet/f13/raider/blastmaster => 0ms (2) (avg:0)
/obj/item/clothing/glasses/night => 0ms (2) (avg:0)
/obj/item/clothing/head/helmet/f13/combat/brotherhood/initiate => 0ms (2) (avg:0)
/obj/item/clothing/head/helmet/f13/power_armor/t51b => 0ms (2) (avg:0)
/obj/item/gun/ballistic/revolver/detective => 0ms (2) (avg:0)
/obj/item/clothing/under/f13/gentlesuit => 0ms (2) (avg:0)
/obj/item/clothing/head/helmet/f13/khan => 0ms (2) (avg:0)
/obj/item/clothing/suit/toggle/labcoat/f13/khan_jacket => 0ms (2) (avg:0)
/obj/structure/window/fulltile/store => 0ms (2) (avg:0)
/obj/item/clothing/suit/armor/f13/raider/badlands => 0ms (2) (avg:0)
/obj/item/organ/brain => 0ms (2) (avg:0)
/obj/item/circular_saw => 0ms (2) (avg:0)
/mob/living/simple_animal/hostile/ghoul/wyomingghost => 0ms (2) (avg:0)
/obj/item/clockwork/slab/traitor => 0ms (2) (avg:0)
/obj/item/target/alien => 0ms (2) (avg:0)
/obj/structure/chair/e_chair => 0ms (1) (avg:0)
/mob/living/simple_animal/hostile/handy/sentrybot/chew => 0ms (1) (avg:0)
/obj/structure/tank_dispenser/plasma => 0ms (1) (avg:0)
/obj/vehicle/ridden/space/speedbike => 0ms (1) (avg:0)
/obj/vehicle/ridden/space/speedbike/red => 0ms (1) (avg:0)
/obj/vehicle/ridden/space/speedwagon => 0ms (1) (avg:0)
/obj/structure/closet/gimmick/tacticool => 0ms (1) (avg:0)
/obj/structure/closet/gimmick/russian => 0ms (1) (avg:0)
/obj/structure/closet/syndicate/resources/everything => 0ms (1) (avg:0)
/obj/structure/closet/secure_closet/security/sec => 0ms (1) (avg:0)
/obj/structure/closet/secure_closet/warden => 0ms (1) (avg:0)
/obj/structure/closet/secure_closet/armory1 => 0ms (1) (avg:0)
/obj/vehicle/ridden/janicart/upgraded => 0ms (1) (avg:0)
/obj/structure/closet/firecloset/full => 0ms (1) (avg:0)
/obj/structure/closet/wardrobe/mixed => 0ms (1) (avg:0)
/obj/structure/closet/secure_closet/tac => 0ms (1) (avg:0)
/obj/structure/closet/secure_closet/armory2 => 0ms (1) (avg:0)
/obj/structure/closet/secure_closet/armory3 => 0ms (1) (avg:0)
/obj/item/gun/energy/e_gun/stun => 0ms (1) (avg:0)
/obj/item/dice/d6/space => 0ms (1) (avg:0)
/obj/item/gun/energy/pulse/pistol/m1911 => 0ms (1) (avg:0)
/obj/structure/closet/secure_closet/ertCom => 0ms (1) (avg:0)
/obj/machinery/computer/shuttle/ferry => 0ms (1) (avg:0)
/obj/machinery/computer/prisoner => 0ms (1) (avg:0)
/obj/structure/closet/chefcloset => 0ms (1) (avg:0)
/obj/machinery/gibber => 0ms (1) (avg:0)
/obj/machinery/modular_computer/console/preset/research => 0ms (1) (avg:0)
/obj/machinery/computer/telecrystals/boss => 0ms (1) (avg:0)
/obj/item/paicard => 0ms (1) (avg:0)
/obj/machinery/computer/shuttle/syndicate/recall => 0ms (1) (avg:0)
/obj/item/disk/data => 0ms (1) (avg:0)
/obj/item/dice/d00 => 0ms (1) (avg:0)
/obj/item/gun/energy/laser/practice => 0ms (1) (avg:0)
/obj/machinery/computer/atmos_alert => 0ms (1) (avg:0)
/obj/machinery/computer/station_alert => 0ms (1) (avg:0)
/obj/machinery/gravity_generator/part => 0ms (1) (avg:0)
/obj/item/gun/energy/e_gun/mini/practice_phaser => 0ms (1) (avg:0)
/obj/machinery/computer/pandemic => 0ms (1) (avg:0)
/obj/structure/closet/wardrobe/white => 0ms (1) (avg:0)
/obj/structure/closet/secure_closet/freezer/fridge/open => 0ms (1) (avg:0)
/obj/machinery/power/solar_control => 0ms (1) (avg:0)
/obj/item/bedsheet/gondola => 0ms (1) (avg:0)
/obj/item/dice/d2 => 0ms (1) (avg:0)
/obj/item/storage/box/ingredients/sweets => 0ms (1) (avg:0)
/obj/item/integrated_electronics/detailer => 0ms (1) (avg:0)
/obj/structure/closet/wardrobe/pjs => 0ms (1) (avg:0)
/obj/item/gps/computer => 0ms (1) (avg:0)
/obj/item/pda/heads/hop => 0ms (1) (avg:0)
/obj/item/pda/heads/cmo => 0ms (1) (avg:0)
/obj/item/pda/quartermaster => 0ms (1) (avg:0)
/obj/machinery/gibber/autogibber => 0ms (1) (avg:0)
/obj/machinery/computer/cargo/request => 0ms (1) (avg:0)
/obj/item/pda/lawyer => 0ms (1) (avg:0)
/obj/machinery/computer/rdconsole/core/vault => 0ms (1) (avg:0)
/obj/machinery/computer/aifixer => 0ms (1) (avg:0)
/obj/machinery/computer/upload/borg => 0ms (1) (avg:0)
/obj/item/storage/box/PDAs => 0ms (1) (avg:0)
/obj/machinery/computer/card => 0ms (1) (avg:0)
/obj/structure/closet/secure_closet/freezer/kitchen/maintenance => 0ms (1) (avg:0)
/obj/machinery/modular_computer/console/preset/engineering => 0ms (1) (avg:0)
/obj/structure/closet/toolcloset => 0ms (1) (avg:0)
/area/syndicate_mothership => 0ms (1) (avg:0)
/area/awaymission/errorroom => 0ms (1) (avg:0)
/area/tdome/arena_source => 0ms (1) (avg:0)
/area/abductor_ship => 0ms (1) (avg:0)
/area/holodeck/rec_center/refuel => 0ms (1) (avg:0)
/area/holodeck/rec_center/spacechess => 0ms (1) (avg:0)
/area/holodeck/rec_center/thunderdome1218 => 0ms (1) (avg:0)
/area/holodeck/rec_center/kobayashi => 0ms (1) (avg:0)
/area/holodeck/rec_center/school => 0ms (1) (avg:0)
/area/holodeck/rec_center/firingrange => 0ms (1) (avg:0)
/area/fabric_of_reality => 0ms (1) (avg:0)
/area/ai_multicam_room => 0ms (1) (avg:0)
/area/holodeck/rec_center/anthophila => 0ms (1) (avg:0)
/area/holodeck/rec_center/pet_lounge => 0ms (1) (avg:0)
/area/holodeck/rec_center/basketball => 0ms (1) (avg:0)
/area/holodeck/rec_center/beach => 0ms (1) (avg:0)
/area/holodeck/rec_center/thunderdome => 0ms (1) (avg:0)
/area/holodeck/rec_center/dodgeball => 0ms (1) (avg:0)
/area/start => 0ms (1) (avg:0)
/area/holodeck/rec_center/winterwonderland => 0ms (1) (avg:0)
/area/holodeck/rec_center/lounge => 0ms (1) (avg:0)
/area/holodeck/rec_center/wildlife => 0ms (1) (avg:0)
/area/holodeck/rec_center/offline => 0ms (1) (avg:0)
/area/holodeck/rec_center/burn => 0ms (1) (avg:0)
/area/holodeck/rec_center/court => 0ms (1) (avg:0)
/area/space => 0ms (1) (avg:0)
/turf/open/floor/plasteel/darkpurple/side => 0ms (1) (avg:0)
/turf/open/floor/plasteel/f13/vault_floor/yellow/whiteyellowfull => 0ms (1) (avg:0)
/obj/machinery/atmospherics/components/unary/vent_pump/on => 0ms (1) (avg:0)
/obj/structure/window/reinforced/tinted/fulltile => 0ms (1) (avg:0)
/obj/machinery/computer/shuttle/bos => 0ms (1) (avg:0)
/obj/machinery/computer/shuttle/ferry/request => 0ms (1) (avg:0)
/obj/machinery/computer/shuttle/syndicate/drop_pod => 0ms (1) (avg:0)
/obj/machinery/portable_atmospherics/canister/oxygen => 0ms (1) (avg:0)
/obj/structure/closet/syndicate/nuclear => 0ms (1) (avg:0)
/obj/item/pda/syndicate => 0ms (1) (avg:0)
/obj/item/storage/toolbox/syndicate => 0ms (1) (avg:0)
/obj/machinery/computer/crew/syndie => 0ms (1) (avg:0)
/obj/machinery/computer/camera_advanced/shuttle_docker/syndicate => 0ms (1) (avg:0)
/obj/machinery/computer/shuttle/syndicate => 0ms (1) (avg:0)
/obj/machinery/computer/camera_advanced/syndie => 0ms (1) (avg:0)
/obj/machinery/computer/secure_data/syndie => 0ms (1) (avg:0)
/obj/machinery/portable_atmospherics/canister/air => 0ms (1) (avg:0)
/obj/effect/decal/cleanable/blood/gibs/slime/body => 0ms (1) (avg:0)
/obj/item/paper_bin/carbon => 0ms (1) (avg:0)
/turf/open/floor/plasteel/barber => 0ms (1) (avg:0)
/obj/item/reagent_containers/glass/bottle/toxin => 0ms (1) (avg:0)
/obj/item/storage/box/rxglasses => 0ms (1) (avg:0)
/obj/effect/decal/cleanable/blood/gibs/human/lizard/body => 0ms (1) (avg:0)
/obj/effect/decal/cleanable/blood/gibs/human/lizard/down => 0ms (1) (avg:0)
/obj/machinery/computer/secure_data/laptop => 0ms (1) (avg:0)
/obj/item/clothing/head/helmet/knight/f13/metal/reinforced => 0ms (1) (avg:0)
/obj/item/clothing/under/f13/exile => 0ms (1) (avg:0)
/obj/item/clothing/head/helmet/f13/raidercombathelmet => 0ms (1) (avg:0)
/obj/item/clothing/suit/armor/f13/raider/combatduster => 0ms (1) (avg:0)
/obj/item/hatchet => 0ms (1) (avg:0)
/obj/item/book/granter/trait/lowsurgery => 0ms (1) (avg:0)
/obj/item/gun/ballistic/revolver/colt6520 => 0ms (1) (avg:0)
/obj/item/clothing/neck/cloak/polychromic => 0ms (1) (avg:0)
/obj/item/melee/unarmed/lacerator => 0ms (1) (avg:0)
/obj/item/crowbar => 0ms (1) (avg:0)
/obj/item/clothing/head/f13/cowboy => 0ms (1) (avg:0)
/obj/item/clothing/suit/f13/veteran => 0ms (1) (avg:0)
/obj/item/stack/sheet/bone => 0ms (1) (avg:0)
/obj/item/stack/sheet/animalhide/human => 0ms (1) (avg:0)
/obj/item/reagent_containers/food/snacks/meat/slab/human/ghoul => 0ms (1) (avg:0)
/obj/item/ammo_box/a308 => 0ms (1) (avg:0)
/obj/item/storage/belt/military/army => 0ms (1) (avg:0)
/obj/item/reagent_containers/food/drinks/bottle/sunset => 0ms (1) (avg:0)
/obj/item/clothing/suit/armor/bulletproof => 0ms (1) (avg:0)
/obj/item/clothing/shoes/roman => 0ms (1) (avg:0)
/obj/item/clothing/head/f13/stalkerpelt => 0ms (1) (avg:0)
/obj/item/gun/ballistic/revolver/m29 => 0ms (1) (avg:0)
/obj/item/twohanded/fireaxe/bmprsword => 0ms (1) (avg:0)
/obj/item/melee/unarmed/maceglove => 0ms (1) (avg:0)
/obj/item/ammo_box/c38 => 0ms (1) (avg:0)
/obj/item/storage/pill_bottle/chem_tin/radx => 0ms (1) (avg:0)
/obj/item/storage/fancy/cigarettes/cigpack_robust => 0ms (1) (avg:0)
/obj/item/storage/bag/money/small/raider => 0ms (1) (avg:0)
/obj/item/reagent_containers/food/snacks/enchiladas => 0ms (1) (avg:0)
/obj/item/clothing/under/f13/navy => 0ms (1) (avg:0)
/obj/item/kitchen/knife/butcher => 0ms (1) (avg:0)
/obj/item/flashlight/flare/torch => 0ms (1) (avg:0)
/obj/item/clothing/under/f13/legauxiliaf => 0ms (1) (avg:0)
/obj/item/gun/ballistic/shotgun/kar98k => 0ms (1) (avg:0)
/obj/item/clothing/head/helmet/f13/legion/heavy => 0ms (1) (avg:0)
/obj/item/clothing/suit/armor/f13/legion/heavy => 0ms (1) (avg:0)
/obj/item/restraints/legcuffs/bola => 0ms (1) (avg:0)
/obj/item/clothing/under/costume/maid => 0ms (1) (avg:0)
/obj/item/melee/smith/twohand/katana => 0ms (1) (avg:0)
/obj/item/clothing/mask/bandana/skull => 0ms (1) (avg:0)
/obj/item/clothing/suit/armor/f13/exile/bosexile => 0ms (1) (avg:0)
/obj/item/restraints/handcuffs => 0ms (1) (avg:0)
/obj/item/clothing/suit/armor/f13/raider/iconoclast => 0ms (1) (avg:0)
/obj/item/clothing/gloves/color/yellow => 0ms (1) (avg:0)
/obj/item/storage/box/security => 0ms (1) (avg:0)
/obj/item/seeds/wheat => 0ms (1) (avg:0)
/obj/item/clothing/under/f13/vault13 => 0ms (1) (avg:0)
/obj/item/gun/ballistic/revolver/revolver45 => 0ms (1) (avg:0)
/obj/item/twohanded/fireaxe => 0ms (1) (avg:0)
/obj/item/clothing/mask/bandana/black => 0ms (1) (avg:0)
/obj/item/clothing/glasses/sunglasses => 0ms (1) (avg:0)
/obj/item/gun/ballistic/shotgun/trench => 0ms (1) (avg:0)
/obj/item/stock_parts/cell/empty => 0ms (1) (avg:0)
/obj/item/gun/ballistic/revolver/thatgun => 0ms (1) (avg:0)
/obj/item/stack/medical/gauze => 0ms (1) (avg:0)
/obj/item/clothing/under/f13/ncrcf => 0ms (1) (avg:0)
/obj/item/clothing/head/helmet/f13/raider/yankee => 0ms (1) (avg:0)
/obj/item/ammo_box/magazine/m9mmds => 0ms (1) (avg:0)
/obj/item/ammo_casing/shotgun => 0ms (1) (avg:0)
/obj/item/clothing/gloves/f13/military => 0ms (1) (avg:0)
/obj/item/storage/backpack/backsheath => 0ms (1) (avg:0)
/obj/item/clothing/suit/armor/f13/power_armor/t45d/knightcaptain => 0ms (1) (avg:0)
/obj/item/am_containment => 0ms (1) (avg:0)
/obj/item/clothing/glasses/f13/biker => 0ms (1) (avg:0)
/obj/item/clothing/suit/armor/f13/combat/brotherhood/initiate => 0ms (1) (avg:0)
/obj/item/flag/bos => 0ms (1) (avg:0)
/obj/item/clothing/head/helmet/f13/combat/brotherhood/senior => 0ms (1) (avg:0)
/obj/item/clothing/suit/armor/f13/combat/brotherhood/senior => 0ms (1) (avg:0)
/obj/item/clothing/suit/armor/f13/town/mayor => 0ms (1) (avg:0)
/obj/item/clothing/neck/cloak/bos/paladin => 0ms (1) (avg:0)
/obj/item/clothing/suit/armor/f13/power_armor/t45d => 0ms (1) (avg:0)
/obj/item/clothing/under/f13/enclave_officer => 0ms (1) (avg:0)
/obj/item/stack/sheet/animalhide/wolf => 0ms (1) (avg:0)
/obj/item/gun/ballistic/shotgun/remington => 0ms (1) (avg:0)
/obj/item/clothing/mask/bandana/legcenturion => 0ms (1) (avg:0)
/obj/item/clothing/glasses/legionpolarizing => 0ms (1) (avg:0)
/obj/item/kitchen/knife/cosmic => 0ms (1) (avg:0)
/obj/item/gun/ballistic/automatic/pistol/ninemil => 0ms (1) (avg:0)
/obj/item/gun/ballistic/revolver/single_shotgun => 0ms (1) (avg:0)
/obj/item/storage/bag/money/small/wastelander => 0ms (1) (avg:0)
/obj/item/clothing/head/f13/town/big => 0ms (1) (avg:0)
/obj/item/clothing/mask/bandana/legprime => 0ms (1) (avg:0)
/obj/item/scalpel => 0ms (1) (avg:0)
/obj/item/retractor => 0ms (1) (avg:0)
/obj/item/hemostat => 0ms (1) (avg:0)
/obj/item/clothing/glasses/orange => 0ms (1) (avg:0)
/obj/item/greentext => 0ms (1) (avg:0)
/obj/item/clothing/head/helmet/f13/power_armor/tesla => 0ms (1) (avg:0)
/obj/item/clothing/neck/cloak/ranger => 0ms (1) (avg:0)
/obj/item/clothing/suit/armor/f13/power_armor/tesla => 0ms (1) (avg:0)
/obj/item/key => 0ms (1) (avg:0)
/obj/item/kitchen/knife/envy => 0ms (1) (avg:0)
/obj/item/clothing/under/misc/assistantformal => 0ms (1) (avg:0)
/obj/item/pda/neko => 0ms (1) (avg:0)
/obj/item/melee/smith/hammer/toolbox => 0ms (1) (avg:0)
/obj/machinery/computer/rdservercontrol => 0ms (1) (avg:0)
/obj/structure/door_assembly/door_assembly_vault => 0ms (1) (avg:0)
/obj/item/reagent_containers/food/snacks/meat/slab => 0ms (1) (avg:0)
/obj/item/reagent_containers/food/snacks/rawbrahminliver => 0ms (1) (avg:0)
/obj/structure/door_assembly => 0ms (1) (avg:0)
/obj/machinery/atmospherics/components/unary/cryo_cell => 0ms (1) (avg:0)
/turf/open/transparent/glass => 0ms (1) (avg:0)
/obj/item/gps => 0ms (1) (avg:0)
/obj/item/gun/energy/temperature => 0ms (1) (avg:0)
/obj/item/healthanalyzer => 0ms (1) (avg:0)
/obj/item/gun/ballistic/automatic/m1carbine => 0ms (1) (avg:0)
/obj/item/ammo_casing/c10mm => 0ms (1) (avg:0)
/obj/item/storage/box/ids => 0ms (1) (avg:0)
/obj/item/card/id/gold => 0ms (1) (avg:0)
/obj/item/paper => 0ms (1) (avg:0)
/obj/item/paper/fluff/jobs/cargo/manifest => 0ms (1) (avg:0)
