[2021-05-22 01:57:24.609] Starting up round ID 25.
 - -------------------------
[2021-05-22 01:57:31.735] INIT: Initialized Profiler subsystem within 0 seconds!
[2021-05-22 01:57:31.883] Fail2Topic: Failed to drop firewall rule. Exit code: 1.
[2021-05-22 01:57:31.883] INIT: Initialized Fail2Topic subsystem within 0.1 seconds!
[2021-05-22 01:57:31.917] INIT: Initialized Title Screen subsystem within 0.1 seconds!
[2021-05-22 01:57:31.917] INIT: Initialized Database subsystem within 0 seconds!
[2021-05-22 01:57:31.917] INIT: Initialized Stat Panels subsystem within 0 seconds!
[2021-05-22 01:57:31.917] INIT: Initialized Blackbox subsystem within 0 seconds!
[2021-05-22 01:57:31.918] INIT: Initialized Server Tasks subsystem within 0 seconds!
[2021-05-22 01:57:31.919] INIT: Initialized Input subsystem within 0 seconds!
[2021-05-22 01:57:31.921] INIT: Initialized Sounds subsystem within 0 seconds!
[2021-05-22 01:57:31.922] INIT: Initialized Vis contents overlays subsystem within 0 seconds!
[2021-05-22 01:57:31.990] INIT: Initialized Research subsystem within 0 seconds!
[2021-05-22 01:57:31.993] INIT: Initialized Events subsystem within 0 seconds!
[2021-05-22 01:57:31.999] INIT: Initialized Jobs subsystem within 0 seconds!
[2021-05-22 01:57:32.001] INIT: Initialized Quirks subsystem within 0.1 seconds!
[2021-05-22 01:57:32.041] INIT: Initialized Ticker subsystem within 0 seconds!
[2021-05-22 01:57:32.063] INIT: Initialized Instruments subsystem within 0 seconds!
[2021-05-22 01:57:49.951] INIT: Initialized Mapping subsystem within 17.9 seconds!
[2021-05-22 01:57:49.951] INIT: Initialized Economy subsystem within 0 seconds!
[2021-05-22 01:57:49.953] INIT: Initialized Networks subsystem within 0 seconds!
[2021-05-22 01:57:49.953] INIT: Initialized Holodeck subsystem within 0 seconds!
[2021-05-22 01:58:36.769] INIT: Initialized Atoms subsystem within 46.8 seconds!
[2021-05-22 01:58:36.797] INIT: Initialized Language subsystem within 0 seconds!
[2021-05-22 01:58:36.825] INIT: Initialized Machines subsystem within 0.1 seconds!
[2021-05-22 01:58:36.922] INIT: Initialized Circuit subsystem within 0.1 seconds!
[2021-05-22 01:58:37.182] INIT: Initialized Atmos Adjacency subsystem within 0.2 seconds!
[2021-05-22 01:58:37.182] INIT: Initialized Autotransfer Vote subsystem within 0 seconds!
[2021-05-22 01:58:37.183] INIT: Initialized Chemistry subsystem within 0 seconds!
[2021-05-22 01:58:37.183] INIT: Initialized Status Effects subsystem within 0 seconds!
[2021-05-22 01:58:37.185] INIT: Initialized Weather subsystem within 0 seconds!
[2021-05-22 01:58:37.190] INIT: Initialized Disease subsystem within 0 seconds!
[2021-05-22 01:58:37.190] INIT: Initialized Item Spawners subsystem within 0 seconds!
[2021-05-22 01:58:37.191] INIT: Initialized Jukeboxes subsystem within 0 seconds!
[2021-05-22 01:58:37.191] INIT: Initialized Medals subsystem within 0 seconds!
[2021-05-22 01:58:38.296] INIT: Initialized Minimaps subsystem within 1.1 seconds!
[2021-05-22 01:58:38.340] INIT: Initialized Mob Spawners subsystem within 0 seconds!
[2021-05-22 01:58:38.341] INIT: Initialized Monster Wave subsystem within 0 seconds!
[2021-05-22 01:58:38.341] INIT: Initialized Day/Night Cycle subsystem within 0 seconds!
[2021-05-22 01:58:38.341] INIT: Initialized Night Shift subsystem within 0 seconds!
[2021-05-22 01:58:38.341] INIT: Initialized Parallax subsystem within 0 seconds!
[2021-05-22 01:58:38.341] INIT: Initialized Sun subsystem within 0 seconds!
[2021-05-22 01:58:38.769] INIT: Initialized Traumas subsystem within 0.4 seconds!
[2021-05-22 01:58:55.778] INIT: Initialized Atmospherics subsystem within 17 seconds!
[2021-05-22 01:59:04.100] INIT: Initialized Assets subsystem within 8.3 seconds!
[2021-05-22 01:59:10.011] INIT: Initialized Icon Smoothing subsystem within 5.9 seconds!
[2021-05-22 01:59:11.246] INIT: Initialized Overlay subsystem within 1.2 seconds!
[2021-05-22 01:59:11.247] INIT: Initialized XKeyScore subsystem within 0 seconds!
[2021-05-22 01:59:11.306] INIT: Initialized Sticky Ban subsystem within 0.1 seconds!
[2021-05-22 01:59:21.318] INIT: Initialized Lighting subsystem within 10 seconds!
[2021-05-22 01:59:25.213] INIT: Initialized Shuttle subsystem within 3.9 seconds!
[2021-05-22 01:59:31.332] INIT: Initialized Minor Mapping subsystem within 6.1 seconds!
[2021-05-22 01:59:31.335] INIT: Initialized Pathfinder subsystem within 0 seconds!
[2021-05-22 01:59:31.463] INIT: Initialized Persistence subsystem within 0.1 seconds!
[2021-05-22 01:59:31.464] INIT: Initialized Chat subsystem within 0 seconds!
[2021-05-22 11:48:57.135] Fail2Topic: Failed to drop firewall rule. Exit code: 1.
