[2021-05-23 23:37:37.140] ASSET: Sending asset `tgui-common.chunk.js` to client `Italos` as `tgui-common.chunk.js`
[2021-05-23 23:37:37.141] ASSET: Sending asset `tgui-panel.bundle.js` to client `Italos` as `tgui-panel.bundle.js`
[2021-05-23 23:37:37.141] ASSET: Sending asset `tgui-panel.bundle.css` to client `Italos` as `tgui-panel.bundle.css`
[2021-05-23 23:37:38.979] ASSET: Sending asset `fa-regular-400.eot` to client `Italos` as `fa-regular-400.eot`
[2021-05-23 23:37:38.979] ASSET: Sending asset `fa-regular-400.woff` to client `Italos` as `fa-regular-400.woff`
[2021-05-23 23:37:38.979] ASSET: Sending asset `fa-solid-900.eot` to client `Italos` as `fa-solid-900.eot`
[2021-05-23 23:37:38.979] ASSET: Sending asset `fa-solid-900.woff` to client `Italos` as `fa-solid-900.woff`
[2021-05-23 23:37:38.981] ASSET: Sending asset `font-awesome.css` to client `Italos` as `font-awesome.css`
[2021-05-23 23:37:38.981] ASSET: Sending asset `v4shim.css` to client `Italos` as `v4shim.css`
[2021-05-23 23:37:39.191] ASSET: Sending asset `spritesheet_chat.css` to client `Italos` as `asset.9d9c5d18011d0acb1e27b98bc6cd295f.css`
[2021-05-23 23:37:39.191] ASSET: Sending asset `chat_16x16.png` to client `Italos` as `asset.253bbc52a19928fa3bb250b9d2a425c6.png`
[2021-05-23 23:37:39.191] ASSET: Sending asset `chat_32x32.png` to client `Italos` as `asset.9fb3455e39c1c40b9eb331534ba43cf4.png`
[2021-05-23 23:37:39.246] ASSET: Sending asset `padlock.png` to client `Italos` as `padlock.png`
[2021-05-23 23:37:39.246] ASSET: Sending asset `common.css` to client `Italos` as `asset.622312737bbe2cc2ca8ae98407fe605a.css`
[2021-05-23 23:37:42.123] ASSET: Sending asset `jquery.min.js` to client `Italos` as `jquery.min.js`
[2021-05-23 23:37:42.354] ASSET: Sending asset `tgui-common.chunk.js` to client `Mr.Universo` as `tgui-common.chunk.js`
[2021-05-23 23:37:42.355] ASSET: Sending asset `tgui-panel.bundle.js` to client `Mr.Universo` as `tgui-panel.bundle.js`
[2021-05-23 23:37:42.355] ASSET: Sending asset `tgui-panel.bundle.css` to client `Mr.Universo` as `tgui-panel.bundle.css`
[2021-05-23 23:37:46.934] ASSET: Sending asset `fa-regular-400.eot` to client `Mr.Universo` as `fa-regular-400.eot`
[2021-05-23 23:37:46.934] ASSET: Sending asset `fa-regular-400.woff` to client `Mr.Universo` as `fa-regular-400.woff`
[2021-05-23 23:37:46.934] ASSET: Sending asset `fa-solid-900.eot` to client `Mr.Universo` as `fa-solid-900.eot`
[2021-05-23 23:37:46.934] ASSET: Sending asset `fa-solid-900.woff` to client `Mr.Universo` as `fa-solid-900.woff`
[2021-05-23 23:37:46.934] ASSET: Sending asset `font-awesome.css` to client `Mr.Universo` as `font-awesome.css`
[2021-05-23 23:37:46.934] ASSET: Sending asset `v4shim.css` to client `Mr.Universo` as `v4shim.css`
[2021-05-23 23:37:46.935] ASSET: Sending asset `spritesheet_chat.css` to client `Mr.Universo` as `asset.9d9c5d18011d0acb1e27b98bc6cd295f.css`
[2021-05-23 23:37:46.935] ASSET: Sending asset `chat_16x16.png` to client `Mr.Universo` as `asset.253bbc52a19928fa3bb250b9d2a425c6.png`
[2021-05-23 23:37:46.935] ASSET: Sending asset `chat_32x32.png` to client `Mr.Universo` as `asset.9fb3455e39c1c40b9eb331534ba43cf4.png`
[2021-05-23 23:37:46.943] ASSET: Sending asset `padlock.png` to client `Mr.Universo` as `padlock.png`
[2021-05-23 23:37:46.943] ASSET: Sending asset `common.css` to client `Mr.Universo` as `asset.622312737bbe2cc2ca8ae98407fe605a.css`
[2021-05-23 23:37:52.890] ASSET: Sending asset `tgui-common.chunk.js` to client `Baeiou` as `tgui-common.chunk.js`
[2021-05-23 23:37:52.891] ASSET: Sending asset `tgui-panel.bundle.js` to client `Baeiou` as `tgui-panel.bundle.js`
[2021-05-23 23:37:52.891] ASSET: Sending asset `tgui-panel.bundle.css` to client `Baeiou` as `tgui-panel.bundle.css`
[2021-05-23 23:37:52.919] ASSET: Sending asset `tgui-common.chunk.js` to client `Matheusgp9999` as `tgui-common.chunk.js`
[2021-05-23 23:37:52.920] ASSET: Sending asset `tgui-panel.bundle.js` to client `Matheusgp9999` as `tgui-panel.bundle.js`
[2021-05-23 23:37:52.920] ASSET: Sending asset `tgui-panel.bundle.css` to client `Matheusgp9999` as `tgui-panel.bundle.css`
[2021-05-23 23:37:55.110] ASSET: Sending asset `fa-regular-400.eot` to client `Baeiou` as `fa-regular-400.eot`
[2021-05-23 23:37:55.110] ASSET: Sending asset `fa-regular-400.woff` to client `Baeiou` as `fa-regular-400.woff`
[2021-05-23 23:37:55.110] ASSET: Sending asset `fa-solid-900.eot` to client `Baeiou` as `fa-solid-900.eot`
[2021-05-23 23:37:55.110] ASSET: Sending asset `fa-solid-900.woff` to client `Baeiou` as `fa-solid-900.woff`
[2021-05-23 23:37:55.110] ASSET: Sending asset `font-awesome.css` to client `Baeiou` as `font-awesome.css`
[2021-05-23 23:37:55.110] ASSET: Sending asset `v4shim.css` to client `Baeiou` as `v4shim.css`
[2021-05-23 23:37:55.110] ASSET: Sending asset `spritesheet_chat.css` to client `Baeiou` as `asset.9d9c5d18011d0acb1e27b98bc6cd295f.css`
[2021-05-23 23:37:55.111] ASSET: Sending asset `chat_16x16.png` to client `Baeiou` as `asset.253bbc52a19928fa3bb250b9d2a425c6.png`
[2021-05-23 23:37:55.111] ASSET: Sending asset `chat_32x32.png` to client `Baeiou` as `asset.9fb3455e39c1c40b9eb331534ba43cf4.png`
[2021-05-23 23:37:55.386] ASSET: Sending asset `padlock.png` to client `Baeiou` as `padlock.png`
[2021-05-23 23:37:55.386] ASSET: Sending asset `common.css` to client `Baeiou` as `asset.622312737bbe2cc2ca8ae98407fe605a.css`
[2021-05-23 23:37:56.152] ASSET: Sending asset `jquery.min.js` to client `Baeiou` as `jquery.min.js`
[2021-05-23 23:37:56.660] ASSET: Sending asset `fa-regular-400.eot` to client `Matheusgp9999` as `fa-regular-400.eot`
[2021-05-23 23:37:56.660] ASSET: Sending asset `fa-regular-400.woff` to client `Matheusgp9999` as `fa-regular-400.woff`
[2021-05-23 23:37:56.660] ASSET: Sending asset `fa-solid-900.eot` to client `Matheusgp9999` as `fa-solid-900.eot`
[2021-05-23 23:37:56.660] ASSET: Sending asset `fa-solid-900.woff` to client `Matheusgp9999` as `fa-solid-900.woff`
[2021-05-23 23:37:56.660] ASSET: Sending asset `font-awesome.css` to client `Matheusgp9999` as `font-awesome.css`
[2021-05-23 23:37:56.660] ASSET: Sending asset `v4shim.css` to client `Matheusgp9999` as `v4shim.css`
[2021-05-23 23:37:56.661] ASSET: Sending asset `spritesheet_chat.css` to client `Matheusgp9999` as `asset.9d9c5d18011d0acb1e27b98bc6cd295f.css`
[2021-05-23 23:37:56.661] ASSET: Sending asset `chat_16x16.png` to client `Matheusgp9999` as `asset.253bbc52a19928fa3bb250b9d2a425c6.png`
[2021-05-23 23:37:56.661] ASSET: Sending asset `chat_32x32.png` to client `Matheusgp9999` as `asset.9fb3455e39c1c40b9eb331534ba43cf4.png`
[2021-05-23 23:37:56.914] ASSET: Sending asset `padlock.png` to client `Matheusgp9999` as `padlock.png`
[2021-05-23 23:37:56.914] ASSET: Sending asset `common.css` to client `Matheusgp9999` as `asset.622312737bbe2cc2ca8ae98407fe605a.css`
[2021-05-23 23:37:57.984] ASSET: Sending asset `jquery.min.js` to client `Matheusgp9999` as `jquery.min.js`
[2021-05-23 23:37:58.813] ASSET: Sending asset `tgui-common.chunk.js` to client `FidgetyBacchus` as `tgui-common.chunk.js`
[2021-05-23 23:37:58.813] ASSET: Sending asset `tgui-panel.bundle.js` to client `FidgetyBacchus` as `tgui-panel.bundle.js`
[2021-05-23 23:37:58.813] ASSET: Sending asset `tgui-panel.bundle.css` to client `FidgetyBacchus` as `tgui-panel.bundle.css`
[2021-05-23 23:38:08.454] ASSET: Sending asset `fa-regular-400.eot` to client `FidgetyBacchus` as `fa-regular-400.eot`
[2021-05-23 23:38:08.454] ASSET: Sending asset `fa-regular-400.woff` to client `FidgetyBacchus` as `fa-regular-400.woff`
[2021-05-23 23:38:08.454] ASSET: Sending asset `fa-solid-900.eot` to client `FidgetyBacchus` as `fa-solid-900.eot`
[2021-05-23 23:38:08.454] ASSET: Sending asset `fa-solid-900.woff` to client `FidgetyBacchus` as `fa-solid-900.woff`
[2021-05-23 23:38:08.454] ASSET: Sending asset `font-awesome.css` to client `FidgetyBacchus` as `font-awesome.css`
[2021-05-23 23:38:08.454] ASSET: Sending asset `v4shim.css` to client `FidgetyBacchus` as `v4shim.css`
[2021-05-23 23:38:08.455] ASSET: Sending asset `spritesheet_chat.css` to client `FidgetyBacchus` as `asset.9d9c5d18011d0acb1e27b98bc6cd295f.css`
[2021-05-23 23:38:08.455] ASSET: Sending asset `chat_16x16.png` to client `FidgetyBacchus` as `asset.253bbc52a19928fa3bb250b9d2a425c6.png`
[2021-05-23 23:38:08.455] ASSET: Sending asset `chat_32x32.png` to client `FidgetyBacchus` as `asset.9fb3455e39c1c40b9eb331534ba43cf4.png`
[2021-05-23 23:38:08.760] ASSET: Sending asset `padlock.png` to client `FidgetyBacchus` as `padlock.png`
[2021-05-23 23:38:08.760] ASSET: Sending asset `common.css` to client `FidgetyBacchus` as `asset.622312737bbe2cc2ca8ae98407fe605a.css`
[2021-05-23 23:38:10.555] ASSET: Sending asset `jquery.min.js` to client `FidgetyBacchus` as `jquery.min.js`
