[2021-05-23 23:37:36.012] TGS Info: Activating API for version 3.2.6.2
[2021-05-23 23:37:36.015] TGS Error: Custom chat commands in /datum/tgs_version lacks the /datum/tgs_chat_user/sender.channel field!
[2021-05-23 23:37:36.021] TGS Error: Use of TgsRevision on 3.2.1.0 origin_commit only points to master!
[2021-05-23 23:37:36.021] Running /tg/ revision: 
 - origin/master: 03a83e2ef4473a3107578d22120b9150fe6284e5
[2021-05-23 23:37:36.034] Loading config file config.txt...
[2021-05-23 23:37:36.036] Loading config file game_options.txt...
[2021-05-23 23:37:36.040] LINE 103: Failed to validate setting "CLOWNOPS 0" for probability
[2021-05-23 23:37:36.046] Loading config file dbconfig.txt...
[2021-05-23 23:37:36.047] Loading config file comms.txt...
[2021-05-23 23:37:36.047] Loading config file antag_rep.txt...
[2021-05-23 23:37:36.048] Loading config file resources.txt...
[2021-05-23 23:37:36.048] Loading config file donator_groupings.txt...
[2021-05-23 23:37:36.048] Loading config file dynamic_config.txt...
[2021-05-23 23:37:36.058] Loading config file plushies/defines.txt...
[2021-05-23 23:37:36.058] Loading config file job_threats.txt...
[2021-05-23 23:37:36.058] Loading config file policy.txt...
[2021-05-23 23:37:36.063] Loading config file maps.txt...
[2021-05-23 23:37:36.073] Database connection established.
[2021-05-23 23:37:36.074] SQL: Could not get schema version from database
