[2021-05-25 21:12:11.534] Starting up round ID 38.
 - -------------------------
[2021-05-25 21:15:55.066] ATTACK: *no key*/(protectron) has fired at *no key*/(super mutant) with [laser beam] from Bunker (NEWHP: 300)  (Bunker (228, 243, 4))
[2021-05-25 21:15:55.093] ATTACK: *no key*/(mother deathclaw) has attacked *no key*/(molerat) (NEWHP: 25)  (Bunker (18, 118, 3))
[2021-05-25 21:15:56.657] ATTACK: *no key*/(cazador) has attacked *no key*/(legendary super mutant) (NEWHP: 950)  (Bunker (61, 236, 4))
[2021-05-25 21:15:56.660] ATTACK: *no key*/(young cazador) has attacked *no key*/(legendary super mutant) (NEWHP: 930)  (Bunker (59, 236, 4))
[2021-05-25 21:15:56.662] ATTACK: *no key*/(young cazador) has attacked *no key*/(legendary super mutant) (NEWHP: 930)  (Bunker (60, 236, 4))
[2021-05-25 21:15:56.664] ATTACK: *no key*/(cazador) has attacked *no key*/(legendary super mutant) (NEWHP: 930)  (Bunker (59, 235, 4))
[2021-05-25 21:15:56.666] ATTACK: *no key*/(legendary super mutant) has attacked *no key*/(young cazador) (NEWHP: 40)  (Bunker (60, 235, 4))
[2021-05-25 21:15:56.671] ATTACK: *no key*/(young cazador) has attacked *no key*/(legendary super mutant) (NEWHP: 910)  (Bunker (60, 234, 4))
[2021-05-25 21:15:56.677] ATTACK: *no key*/(molerat) has attacked *no key*/(deathclaw) (NEWHP: 750)  (Tunnel (26, 120, 3))
[2021-05-25 21:15:56.681] ATTACK: *no key*/(deathclaw) has attacked *no key*/(molerat) (NEWHP: 25)  (Tunnel (25, 120, 3))
[2021-05-25 21:15:58.274] ATTACK: *no key*/(cazador) has attacked *no key*/(legendary super mutant) (NEWHP: 910)  (Bunker (61, 236, 4))
[2021-05-25 21:15:58.275] ATTACK: *no key*/(young cazador) has attacked *no key*/(legendary super mutant) (NEWHP: 890)  (Bunker (60, 236, 4))
[2021-05-25 21:15:58.277] ATTACK: *no key*/(cazador) has attacked *no key*/(legendary super mutant) (NEWHP: 890)  (Bunker (59, 235, 4))
[2021-05-25 21:15:58.281] ATTACK: *no key*/(legendary super mutant) has attacked *no key*/(young cazador) (NEWHP: 40)  (Bunker (60, 235, 4))
[2021-05-25 21:15:58.283] ATTACK: *no key*/(cazador) has attacked *no key*/(legendary super mutant) (NEWHP: 870)  (Bunker (61, 234, 4))
[2021-05-25 21:15:58.294] ATTACK: *no key*/(feral dog) has attacked *no key*/(feral ghoul reaver) (NEWHP: 150)  (Village (182, 117, 2))
[2021-05-25 21:15:58.297] ATTACK: *no key*/(feral ghoul reaver) has attacked *no key*/(feral dog) (NEWHP: 60)  (Village (181, 117, 2))
[2021-05-25 21:16:00.318] ATTACK: *no key*/(cazador) has attacked *no key*/(legendary super mutant) (NEWHP: 850)  (Bunker (61, 236, 4))
[2021-05-25 21:16:00.320] ATTACK: *no key*/(young cazador) has attacked *no key*/(legendary super mutant) (NEWHP: 830)  (Bunker (60, 236, 4))
[2021-05-25 21:16:00.322] ATTACK: *no key*/(cazador) has attacked *no key*/(legendary super mutant) (NEWHP: 830)  (Bunker (59, 235, 4))
[2021-05-25 21:16:00.324] ATTACK: *no key*/(legendary super mutant) has attacked *no key*/(cazador) (NEWHP: 40)  (Bunker (60, 235, 4))
[2021-05-25 21:16:00.327] ATTACK: *no key*/(cazador) has attacked *no key*/(legendary super mutant) (NEWHP: 810)  (Bunker (61, 234, 4))
[2021-05-25 21:16:00.337] ATTACK: *no key*/(feral dog) has attacked *no key*/(feral ghoul reaver) (NEWHP: 130)  (Village (182, 117, 2))
[2021-05-25 21:16:00.340] ATTACK: *no key*/(feral ghoul reaver) has attacked *no key*/(feral dog) (NEWHP: 35)  (Village (181, 117, 2))
[2021-05-25 21:16:02.385] ATTACK: *no key*/(young cazador) has attacked *no key*/(legendary super mutant) (NEWHP: 790)  (Bunker (60, 236, 4))
[2021-05-25 21:16:02.387] ATTACK: *no key*/(cazador) has attacked *no key*/(legendary super mutant) (NEWHP: 790)  (Bunker (59, 235, 4))
[2021-05-25 21:16:02.397] ATTACK: *no key*/(legendary super mutant) has attacked *no key*/(cazador) (NEWHP: 40)  (Bunker (60, 235, 4))
[2021-05-25 21:16:02.400] ATTACK: *no key*/(cazador) has attacked *no key*/(legendary super mutant) (NEWHP: 770)  (Bunker (61, 234, 4))
[2021-05-25 21:16:02.408] ATTACK: *no key*/(feral dog) has attacked *no key*/(feral ghoul reaver) (NEWHP: 110)  (Village (182, 117, 2))
[2021-05-25 21:16:02.410] ATTACK: *no key*/(feral ghoul reaver) has attacked *no key*/(feral dog) (NEWHP: 10)  (Village (181, 117, 2))
[2021-05-25 21:16:04.387] ATTACK: *no key*/(young cazador) has attacked *no key*/(legendary super mutant) (NEWHP: 750)  (Bunker (60, 236, 4))
[2021-05-25 21:16:04.392] ATTACK: *no key*/(cazador) has attacked *no key*/(legendary super mutant) (NEWHP: 750)  (Bunker (61, 234, 4))
[2021-05-25 21:16:06.442] ATTACK: *no key*/(young cazador) has attacked *no key*/(legendary super mutant) (NEWHP: 730)  (Bunker (60, 236, 4))
[2021-05-25 21:16:06.445] ATTACK: *no key*/(cazador) has attacked *no key*/(legendary super mutant) (NEWHP: 730)  (Bunker (61, 234, 4))
[2021-05-25 21:16:08.534] ATTACK: *no key*/(young cazador) has attacked *no key*/(legendary super mutant) (NEWHP: 710)  (Bunker (59, 235, 4))
[2021-05-25 21:16:08.546] ATTACK: *no key*/(cazador) has attacked *no key*/(legendary super mutant) (NEWHP: 710)  (Bunker (60, 234, 4))
[2021-05-25 21:16:08.553] ATTACK: *no key*/(feral ghoul reaver) has attacked *no key*/(feral dog) (NEWHP: 60)  (Wasteland (185, 120, 2))
[2021-05-25 21:16:10.541] ATTACK: *no key*/(young cazador) has attacked *no key*/(legendary super mutant) (NEWHP: 690)  (Bunker (59, 235, 4))
[2021-05-25 21:16:10.543] ATTACK: *no key*/(legendary super mutant) has attacked *no key*/(young cazador) (NEWHP: 40)  (Bunker (59, 234, 4))
[2021-05-25 21:16:10.546] ATTACK: *no key*/(cazador) has attacked *no key*/(legendary super mutant) (NEWHP: 690)  (Bunker (60, 234, 4))
[2021-05-25 21:16:12.577] ATTACK: *no key*/(feral dog) has attacked *no key*/(feral ghoul reaver) (NEWHP: 90)  (Wasteland (186, 122, 2))
[2021-05-25 21:16:12.614] ATTACK: *no key*/(cazador) has attacked *no key*/(legendary super mutant) (NEWHP: 670)  (Bunker (60, 234, 4))
[2021-05-25 21:16:12.632] ATTACK: *no key*/(feral ghoul reaver) has attacked *no key*/(feral dog) (NEWHP: 35)  (Wasteland (186, 121, 2))
[2021-05-25 21:16:14.630] ATTACK: *no key*/(feral dog) has attacked *no key*/(feral ghoul reaver) (NEWHP: 70)  (Wasteland (186, 122, 2))
[2021-05-25 21:16:14.634] ATTACK: *no key*/(cazador) has attacked *no key*/(legendary super mutant) (NEWHP: 650)  (Bunker (60, 234, 4))
[2021-05-25 21:16:14.647] ATTACK: *no key*/(feral ghoul reaver) has attacked *no key*/(feral dog) (NEWHP: 10)  (Wasteland (186, 121, 2))
[2021-05-25 21:16:16.673] ATTACK: *no key*/(legendary super mutant) has attacked *no key*/(cazador) (NEWHP: 40)  (Bunker (59, 234, 4))
[2021-05-25 21:16:16.675] ATTACK: *no key*/(cazador) has attacked *no key*/(legendary super mutant) (NEWHP: 630)  (Bunker (60, 234, 4))
[2021-05-25 21:16:18.683] ATTACK: *no key*/(cazador) has attacked *no key*/(legendary super mutant) (NEWHP: 610)  (Bunker (60, 234, 4))
[2021-05-25 21:16:20.751] ATTACK: *no key*/(legendary super mutant) has attacked *no key*/(cazador) (NEWHP: 40)  (Bunker (59, 233, 4))
[2021-05-25 21:16:22.871] ATTACK: *no key*/(feral ghoul reaver) has attacked *no key*/(feral dog) (NEWHP: 60)  (Wasteland (194, 122, 2))
[2021-05-25 21:16:24.871] ATTACK: *no key*/(feral dog) has attacked *no key*/(feral ghoul reaver) (NEWHP: 50)  (Wasteland (194, 122, 2))
[2021-05-25 21:16:24.888] ATTACK: *no key*/(feral ghoul reaver) has attacked *no key*/(feral dog) (NEWHP: 35)  (Wasteland (193, 122, 2))
[2021-05-25 21:16:26.946] ATTACK: *no key*/(feral dog) has attacked *no key*/(feral ghoul reaver) (NEWHP: 30)  (Wasteland (194, 122, 2))
[2021-05-25 21:16:26.958] ATTACK: *no key*/(feral ghoul reaver) has attacked *no key*/(feral dog) (NEWHP: 10)  (Wasteland (193, 122, 2))
[2021-05-25 21:16:33.023] ATTACK: *no key*/(feral ghoul reaver) has attacked *no key*/(feral dog) (NEWHP: 60)  (Wasteland (199, 123, 2))
[2021-05-25 21:16:37.095] ATTACK: *no key*/(feral dog) has attacked *no key*/(feral ghoul reaver) (NEWHP: 10)  (Wasteland (201, 123, 2))
[2021-05-25 21:19:29.716] ATTACK: *no key*/(giant radscorpion) has attacked *no key*/(radroach) (NEWHP: 40)  (Tunnel (82, 191, 3))
[2021-05-25 21:19:29.726] ATTACK: *no key*/(giant rad scorpion) has attacked *no key*/(radroach) (NEWHP: 5)  (Tunnel (82, 192, 3))
[2021-05-25 21:19:59.821] ATTACK: *no key*/(radroach) has attacked *no key*/(giant rad scorpion) (NEWHP: 150)  (Tunnel (87, 190, 3))
[2021-05-25 21:20:01.854] ATTACK: *no key*/(radroach) has attacked *no key*/(giant rad scorpion) (NEWHP: 140)  (Tunnel (87, 190, 3))
[2021-05-25 21:20:03.896] ATTACK: *no key*/(radroach) has attacked *no key*/(giant rad scorpion) (NEWHP: 130)  (Tunnel (87, 190, 3))
[2021-05-25 21:20:05.851] ATTACK: *no key*/(radroach) has attacked *no key*/(giant rad scorpion) (NEWHP: 120)  (Tunnel (87, 190, 3))
[2021-05-25 21:20:07.858] ATTACK: *no key*/(radroach) has attacked *no key*/(giant rad scorpion) (NEWHP: 110)  (Tunnel (87, 190, 3))
[2021-05-25 21:20:07.860] ATTACK: *no key*/(radroach) has attacked *no key*/(giant rad scorpion) (NEWHP: 100)  (Tunnel (88, 190, 3))
[2021-05-25 21:20:07.887] ATTACK: *no key*/(giant rad scorpion) has attacked *no key*/(radroach) (NEWHP: 40)  (Tunnel (87, 191, 3))
[2021-05-25 21:20:09.923] ATTACK: *no key*/(radroach) has attacked *no key*/(giant rad scorpion) (NEWHP: 90)  (Tunnel (87, 190, 3))
[2021-05-25 21:20:09.926] ATTACK: *no key*/(radroach) has attacked *no key*/(giant rad scorpion) (NEWHP: 80)  (Tunnel (88, 190, 3))
[2021-05-25 21:20:09.930] ATTACK: *no key*/(giant rad scorpion) has attacked *no key*/(radroach) (NEWHP: 40)  (Tunnel (87, 191, 3))
[2021-05-25 21:20:11.875] ATTACK: *no key*/(radroach) has attacked *no key*/(giant rad scorpion) (NEWHP: 70)  (Tunnel (87, 190, 3))
[2021-05-25 21:20:11.931] ATTACK: *no key*/(radroach) has attacked *no key*/(giant rad scorpion) (NEWHP: 60)  (Tunnel (88, 190, 3))
[2021-05-25 21:20:11.935] ATTACK: *no key*/(giant rad scorpion) has attacked *no key*/(radroach) (NEWHP: 29)  (Tunnel (87, 191, 3))
[2021-05-25 21:20:13.897] ATTACK: *no key*/(radroach) has attacked *no key*/(giant rad scorpion) (NEWHP: 50)  (Tunnel (87, 190, 3))
[2021-05-25 21:20:13.925] ATTACK: *no key*/(radroach) has attacked *no key*/(giant rad scorpion) (NEWHP: 40)  (Tunnel (88, 190, 3))
[2021-05-25 21:20:13.929] ATTACK: *no key*/(giant rad scorpion) has attacked *no key*/(radroach) (NEWHP: 16)  (Tunnel (87, 191, 3))
[2021-05-25 21:20:15.957] ATTACK: *no key*/(radroach) has attacked *no key*/(giant rad scorpion) (NEWHP: 30)  (Tunnel (87, 190, 3))
[2021-05-25 21:20:15.961] ATTACK: *no key*/(radroach) has attacked *no key*/(giant rad scorpion) (NEWHP: 20)  (Tunnel (88, 190, 3))
[2021-05-25 21:20:15.978] ATTACK: *no key*/(giant rad scorpion) has attacked *no key*/(radroach) (NEWHP: 1)  (Tunnel (87, 191, 3))
[2021-05-25 21:20:17.884] ATTACK: *no key*/(radroach) has attacked *no key*/(giant rad scorpion) (NEWHP: 10)  (Tunnel (87, 190, 3))
