[2021-05-25 21:12:11.534] Starting up round ID 38.
 - -------------------------
[2021-05-25 21:14:25.401] HREF: Kosolov325 (usr:Kosolov325[(180,247,1)]) : tgui=1&window_id=browseroutput&type=ready
[2021-05-25 21:14:26.141] HREF: Kosolov325 (usr:Kosolov325[(180,247,1)]) : tgui=1&window_id=browseroutput&type=ping&payload=%7B%22index%22%3A0%7D
[2021-05-25 21:14:28.329] HREF: Kosolov325 (usr:Kosolov325[(180,247,1)]) : tgui=1&window_id=browseroutput&type=telemetry&payload=%7B%22connections%22%3A%5B%7B%22ckey%22%3A%22kosolov325%22%2C%22address%22%3A%22187.19.213.74%22%2C%22computer_id%22%3A%22540227776%22%7D%2C%7B%22ckey%22%3A%22kosolov325%22%2C%22address%22%3A%22187.19.213.50%22%2C%22computer_id%22%3A%22540227776%22%7D%2C%7B%22ckey%22%3A%22kosolov325%22%2C%22address%22%3A%22187.19.213.146%22%2C%22computer_id%22%3A%22540227776%22%7D%2C%7B%22ckey%22%3A%22kosolov325%22%2C%22address%22%3A%22187.19.213.2%22%2C%22computer_id%22%3A%22540227776%22%7D%2C%7B%22ckey%22%3A%22kosolov325%22%2C%22address%22%3A%22187.19.213.170%22%2C%22computer_id%22%3A%22540227776%22%7D%5D%7D
[2021-05-25 21:14:28.394] HREF: Kosolov325 (usr:Kosolov325[(180,247,1)]) : 
[2021-05-25 21:14:28.395] HREF: Kosolov325 (usr:Kosolov325[(180,247,1)]) : 
[2021-05-25 21:14:28.733] HREF: Kosolov325 (usr:Kosolov325[(180,247,1)]) : tgui=1&window_id=browseroutput&type=ping&payload=%7B%22index%22%3A1%7D
[2021-05-25 21:14:29.274] HREF: Kosolov325 (usr:Kosolov325[(180,247,1)]) : asset_cache_preload_data=%7B%22tgui-common.chunk.js%22%3A%22e3cc0789f56d9f18bdf66307c4008b40%22%2C%22tgui-panel.bundle.js%22%3A%229faa9bf7e314ef05529e6a4a8785af54%22%2C%22tgui-panel.bundle.css%22%3A%22c3ff98002b61d02d18f71f2a310a654d%22%7D
[2021-05-25 21:14:31.247] HREF: Kosolov325 (usr:Kosolov325[(180,247,1)]) : tgui=1&window_id=browseroutput&type=ping&payload=%7B%22index%22%3A2%7D
[2021-05-25 21:14:33.772] HREF: Kosolov325 (usr:Kosolov325[(180,247,1)]) : tgui=1&window_id=browseroutput&type=ping&payload=%7B%22index%22%3A3%7D
[2021-05-25 21:14:36.279] HREF: Kosolov325 (usr:Kosolov325[(180,247,1)]) : tgui=1&window_id=browseroutput&type=ping&payload=%7B%22index%22%3A4%7D
[2021-05-25 21:14:38.807] HREF: Kosolov325 (usr:Kosolov325[(180,247,1)]) : tgui=1&window_id=browseroutput&type=ping&payload=%7B%22index%22%3A5%7D
[2021-05-25 21:14:41.308] HREF: Kosolov325 (usr:Kosolov325[(180,247,1)]) : tgui=1&window_id=browseroutput&type=ping&payload=%7B%22index%22%3A6%7D
[2021-05-25 21:14:43.816] HREF: Kosolov325 (usr:Kosolov325[(180,247,1)]) : tgui=1&window_id=browseroutput&type=ping&payload=%7B%22index%22%3A7%7D
[2021-05-25 21:14:46.333] HREF: Kosolov325 (usr:Kosolov325[(180,247,1)]) : tgui=1&window_id=browseroutput&type=ping&payload=%7B%22index%22%3A0%7D
[2021-05-25 21:14:48.835] HREF: Kosolov325 (usr:Kosolov325[(180,247,1)]) : tgui=1&window_id=browseroutput&type=ping&payload=%7B%22index%22%3A1%7D
[2021-05-25 21:14:51.356] HREF: Kosolov325 (usr:Kosolov325[(180,247,1)]) : tgui=1&window_id=browseroutput&type=ping&payload=%7B%22index%22%3A2%7D
[2021-05-25 21:14:53.859] HREF: Kosolov325 (usr:Kosolov325[(180,247,1)]) : tgui=1&window_id=browseroutput&type=ping&payload=%7B%22index%22%3A3%7D
[2021-05-25 21:14:56.374] HREF: Kosolov325 (usr:Kosolov325[(180,247,1)]) : tgui=1&window_id=browseroutput&type=ping&payload=%7B%22index%22%3A4%7D
[2021-05-25 21:14:58.847] HREF: Kosolov325 (usr:Kosolov325[(180,247,1)]) : tgui=1&window_id=browseroutput&type=ping&payload=%7B%22index%22%3A5%7D
[2021-05-25 21:15:01.342] HREF: Kosolov325 (usr:Kosolov325[(180,247,1)]) : tgui=1&window_id=browseroutput&type=ping&payload=%7B%22index%22%3A6%7D
[2021-05-25 21:15:03.868] HREF: Kosolov325 (usr:Kosolov325[(180,247,1)]) : tgui=1&window_id=browseroutput&type=ping&payload=%7B%22index%22%3A7%7D
[2021-05-25 21:15:06.378] HREF: Kosolov325 (usr:Kosolov325[(180,247,1)]) : tgui=1&window_id=browseroutput&type=ping&payload=%7B%22index%22%3A0%7D
[2021-05-25 21:15:08.886] HREF: Kosolov325 (usr:Kosolov325[(180,247,1)]) : tgui=1&window_id=browseroutput&type=ping&payload=%7B%22index%22%3A1%7D
[2021-05-25 21:15:11.427] HREF: Kosolov325 (usr:Kosolov325[(180,247,1)]) : tgui=1&window_id=browseroutput&type=ping&payload=%7B%22index%22%3A2%7D
[2021-05-25 21:15:13.919] HREF: Kosolov325 (usr:Kosolov325[(180,247,1)]) : tgui=1&window_id=browseroutput&type=ping&payload=%7B%22index%22%3A3%7D
[2021-05-25 21:15:16.430] HREF: Kosolov325 (usr:Kosolov325[(180,247,1)]) : tgui=1&window_id=browseroutput&type=ping&payload=%7B%22index%22%3A4%7D
[2021-05-25 21:15:18.925] HREF: Kosolov325 (usr:Kosolov325[(180,247,1)]) : tgui=1&window_id=browseroutput&type=ping&payload=%7B%22index%22%3A5%7D
[2021-05-25 21:15:21.437] HREF: Kosolov325 (usr:Kosolov325[(180,247,1)]) : tgui=1&window_id=browseroutput&type=ping&payload=%7B%22index%22%3A6%7D
[2021-05-25 21:15:23.972] HREF: Kosolov325 (usr:Kosolov325[(180,247,1)]) : tgui=1&window_id=browseroutput&type=ping&payload=%7B%22index%22%3A7%7D
[2021-05-25 21:15:26.485] HREF: Kosolov325 (usr:Kosolov325[(180,247,1)]) : tgui=1&window_id=browseroutput&type=ping&payload=%7B%22index%22%3A0%7D
[2021-05-25 21:15:29.017] HREF: Kosolov325 (usr:Kosolov325[(180,247,1)]) : tgui=1&window_id=browseroutput&type=ping&payload=%7B%22index%22%3A1%7D
[2021-05-25 21:15:31.533] HREF: Kosolov325 (usr:Kosolov325[(180,247,1)]) : tgui=1&window_id=browseroutput&type=ping&payload=%7B%22index%22%3A2%7D
[2021-05-25 21:15:34.024] HREF: Kosolov325 (usr:Kosolov325[(180,247,1)]) : tgui=1&window_id=browseroutput&type=ping&payload=%7B%22index%22%3A3%7D
[2021-05-25 21:15:36.539] HREF: Kosolov325 (usr:Kosolov325[(180,247,1)]) : tgui=1&window_id=browseroutput&type=ping&payload=%7B%22index%22%3A4%7D
[2021-05-25 21:15:38.055] HREF: Kosolov325 (usr:Kosolov325[(180,247,1)]) : Kosolov325 src=[mob_1019];refresh=1
[2021-05-25 21:15:39.044] HREF: Kosolov325 (usr:Kosolov325[(180,247,1)]) : tgui=1&window_id=browseroutput&type=ping&payload=%7B%22index%22%3A5%7D
[2021-05-25 21:15:39.101] HREF: Kosolov325 (usr:Kosolov325[(180,247,1)]) : Kosolov325 src=[mob_1019];refresh=1
[2021-05-25 21:15:40.260] HREF: Kosolov325 (usr:Kosolov325[(180,247,1)]) : Kosolov325 src=[mob_1019];refresh=1
[2021-05-25 21:15:41.023] HREF: Kosolov325 (usr:Kosolov325[(180,247,1)]) : Kosolov325 src=[mob_1019];refresh=1
[2021-05-25 21:15:41.580] HREF: Kosolov325 (usr:Kosolov325[(180,247,1)]) : tgui=1&window_id=browseroutput&type=ping&payload=%7B%22index%22%3A6%7D
[2021-05-25 21:15:43.981] HREF: Kosolov325 (usr:Kosolov325[(180,247,1)]) : Kosolov325 src=[mob_1019];refresh=1
[2021-05-25 21:15:44.136] HREF: Kosolov325 (usr:Kosolov325[(180,247,1)]) : tgui=1&window_id=browseroutput&type=ping&payload=%7B%22index%22%3A7%7D
[2021-05-25 21:15:44.978] HREF: Kosolov325 (usr:Kosolov325[(180,247,1)]) : Kosolov325 src=[mob_1019];refresh=1
[2021-05-25 21:15:45.797] HREF: Kosolov325 (usr:Kosolov325[(180,247,1)]) : Kosolov325 src=[mob_1019];refresh=1
[2021-05-25 21:15:46.635] HREF: Kosolov325 (usr:Kosolov325[(180,247,1)]) : tgui=1&window_id=browseroutput&type=ping&payload=%7B%22index%22%3A0%7D
[2021-05-25 21:15:47.488] HREF: Kosolov325 (usr:Kosolov325[(180,247,1)]) : Kosolov325 src=[mob_1019];late_join=1
[2021-05-25 21:15:48.719] HREF: Kosolov325 (usr:Kosolov325[(180,247,1)]) : Kosolov325 src=[mob_1019];late_join=1
[2021-05-25 21:15:49.136] HREF: Kosolov325 (usr:Kosolov325[(180,247,1)]) : tgui=1&window_id=browseroutput&type=ping&payload=%7B%22index%22%3A1%7D
[2021-05-25 21:15:51.666] HREF: Kosolov325 (usr:Kosolov325[(180,247,1)]) : tgui=1&window_id=browseroutput&type=ping&payload=%7B%22index%22%3A2%7D
[2021-05-25 21:15:51.714] HREF: Kosolov325 (usr:Kosolov325[(180,247,1)]) : Kosolov325 src=[mob_1019];SelectedJob=Outlaw
[2021-05-25 21:15:56.917] HREF: Kosolov325 (usr:Unknown[(153,131,3)]) : tgui=1&window_id=browseroutput&type=ping&payload=%7B%22index%22%3A3%7D
[2021-05-25 21:15:59.412] HREF: Kosolov325 (usr:Unknown[(153,131,3)]) : tgui=1&window_id=browseroutput&type=ping&payload=%7B%22index%22%3A4%7D
[2021-05-25 21:16:01.944] HREF: Kosolov325 (usr:Unknown[(155,131,3)]) : tgui=1&window_id=browseroutput&type=ping&payload=%7B%22index%22%3A5%7D
[2021-05-25 21:16:04.467] HREF: Kosolov325 (usr:Unknown[(158,131,3)]) : tgui=1&window_id=browseroutput&type=ping&payload=%7B%22index%22%3A6%7D
[2021-05-25 21:16:06.963] HREF: Kosolov325 (usr:Unknown[(158,131,3)]) : tgui=1&window_id=browseroutput&type=ping&payload=%7B%22index%22%3A7%7D
[2021-05-25 21:16:09.470] HREF: Kosolov325 (usr:Unknown[(158,131,3)]) : tgui=1&window_id=browseroutput&type=ping&payload=%7B%22index%22%3A0%7D
[2021-05-25 21:16:11.980] HREF: Kosolov325 (usr:Unknown[(158,131,3)]) : tgui=1&window_id=browseroutput&type=ping&payload=%7B%22index%22%3A1%7D
[2021-05-25 21:16:14.489] HREF: Kosolov325 (usr:Unknown[(158,131,3)]) : tgui=1&window_id=browseroutput&type=ping&payload=%7B%22index%22%3A2%7D
[2021-05-25 21:16:17.059] HREF: Kosolov325 (usr:Unknown[(158,131,3)]) : tgui=1&window_id=browseroutput&type=ping&payload=%7B%22index%22%3A3%7D
[2021-05-25 21:16:19.518] HREF: Kosolov325 (usr:Unknown[(158,131,3)]) : tgui=1&window_id=browseroutput&type=ping&payload=%7B%22index%22%3A4%7D
[2021-05-25 21:16:22.021] HREF: Kosolov325 (usr:Unknown[(158,131,3)]) : tgui=1&window_id=browseroutput&type=ping&payload=%7B%22index%22%3A5%7D
[2021-05-25 21:16:24.481] HREF: Kosolov325 (usr:Unknown[(158,131,3)]) : tgui=1&window_id=browseroutput&type=ping&payload=%7B%22index%22%3A6%7D
[2021-05-25 21:16:27.009] HREF: Kosolov325 (usr:Unknown[(158,131,3)]) : tgui=1&window_id=browseroutput&type=ping&payload=%7B%22index%22%3A7%7D
[2021-05-25 21:16:29.498] HREF: Kosolov325 (usr:Unknown[(158,131,3)]) : tgui=1&window_id=browseroutput&type=ping&payload=%7B%22index%22%3A0%7D
[2021-05-25 21:16:32.005] HREF: Kosolov325 (usr:Unknown[(158,131,3)]) : tgui=1&window_id=browseroutput&type=ping&payload=%7B%22index%22%3A1%7D
[2021-05-25 21:16:34.513] HREF: Kosolov325 (usr:Unknown[(158,131,3)]) : tgui=1&window_id=browseroutput&type=ping&payload=%7B%22index%22%3A2%7D
[2021-05-25 21:16:37.076] HREF: Kosolov325 (usr:Unknown[(158,131,3)]) : tgui=1&window_id=browseroutput&type=ping&payload=%7B%22index%22%3A3%7D
[2021-05-25 21:16:39.529] HREF: Kosolov325 (usr:Unknown[(158,131,3)]) : tgui=1&window_id=browseroutput&type=ping&payload=%7B%22index%22%3A4%7D
[2021-05-25 21:16:42.029] HREF: Kosolov325 (usr:Unknown[(158,131,3)]) : tgui=1&window_id=browseroutput&type=ping&payload=%7B%22index%22%3A5%7D
[2021-05-25 21:16:44.539] HREF: Kosolov325 (usr:Unknown[(158,131,3)]) : tgui=1&window_id=browseroutput&type=ping&payload=%7B%22index%22%3A6%7D
[2021-05-25 21:16:47.100] HREF: Kosolov325 (usr:Unknown[(158,131,3)]) : tgui=1&window_id=browseroutput&type=ping&payload=%7B%22index%22%3A7%7D
[2021-05-25 21:16:49.576] HREF: Kosolov325 (usr:Unknown[(158,131,3)]) : tgui=1&window_id=browseroutput&type=ping&payload=%7B%22index%22%3A0%7D
[2021-05-25 21:16:52.084] HREF: Kosolov325 (usr:Unknown[(158,131,3)]) : tgui=1&window_id=browseroutput&type=ping&payload=%7B%22index%22%3A1%7D
[2021-05-25 21:16:54.590] HREF: Kosolov325 (usr:Unknown[(158,131,3)]) : tgui=1&window_id=browseroutput&type=ping&payload=%7B%22index%22%3A2%7D
[2021-05-25 21:16:57.120] HREF: Kosolov325 (usr:Unknown[(158,131,3)]) : tgui=1&window_id=browseroutput&type=ping&payload=%7B%22index%22%3A3%7D
[2021-05-25 21:16:59.610] HREF: Kosolov325 (usr:Unknown[(158,131,3)]) : tgui=1&window_id=browseroutput&type=ping&payload=%7B%22index%22%3A4%7D
[2021-05-25 21:17:02.108] HREF: Kosolov325 (usr:Unknown[(158,131,3)]) : tgui=1&window_id=browseroutput&type=ping&payload=%7B%22index%22%3A5%7D
[2021-05-25 21:17:04.615] HREF: Kosolov325 (usr:Unknown[(158,131,3)]) : tgui=1&window_id=browseroutput&type=ping&payload=%7B%22index%22%3A6%7D
[2021-05-25 21:17:07.130] HREF: Kosolov325 (usr:Unknown[(158,131,3)]) : tgui=1&window_id=browseroutput&type=ping&payload=%7B%22index%22%3A7%7D
[2021-05-25 21:17:09.645] HREF: Kosolov325 (usr:Unknown[(158,131,3)]) : tgui=1&window_id=browseroutput&type=ping&payload=%7B%22index%22%3A0%7D
[2021-05-25 21:17:12.160] HREF: Kosolov325 (usr:Unknown[(158,131,3)]) : tgui=1&window_id=browseroutput&type=ping&payload=%7B%22index%22%3A1%7D
[2021-05-25 21:17:14.671] HREF: Kosolov325 (usr:Unknown[(158,131,3)]) : tgui=1&window_id=browseroutput&type=ping&payload=%7B%22index%22%3A2%7D
[2021-05-25 21:17:17.185] HREF: Kosolov325 (usr:Unknown[(158,131,3)]) : tgui=1&window_id=browseroutput&type=ping&payload=%7B%22index%22%3A3%7D
[2021-05-25 21:17:19.682] HREF: Kosolov325 (usr:Unknown[(158,131,3)]) : tgui=1&window_id=browseroutput&type=ping&payload=%7B%22index%22%3A4%7D
[2021-05-25 21:17:22.186] HREF: Kosolov325 (usr:Unknown[(158,131,3)]) : tgui=1&window_id=browseroutput&type=ping&payload=%7B%22index%22%3A5%7D
[2021-05-25 21:17:24.686] HREF: Kosolov325 (usr:Unknown[(158,131,3)]) : tgui=1&window_id=browseroutput&type=ping&payload=%7B%22index%22%3A6%7D
[2021-05-25 21:17:27.190] HREF: Kosolov325 (usr:Unknown[(158,131,3)]) : tgui=1&window_id=browseroutput&type=ping&payload=%7B%22index%22%3A7%7D
[2021-05-25 21:17:29.710] HREF: Kosolov325 (usr:Unknown[(158,131,3)]) : tgui=1&window_id=browseroutput&type=ping&payload=%7B%22index%22%3A0%7D
[2021-05-25 21:17:32.225] HREF: Kosolov325 (usr:Unknown[(158,131,3)]) : tgui=1&window_id=browseroutput&type=ping&payload=%7B%22index%22%3A1%7D
[2021-05-25 21:17:34.743] HREF: Kosolov325 (usr:Unknown[(158,131,3)]) : tgui=1&window_id=browseroutput&type=ping&payload=%7B%22index%22%3A2%7D
[2021-05-25 21:17:37.257] HREF: Kosolov325 (usr:Unknown[(158,131,3)]) : tgui=1&window_id=browseroutput&type=ping&payload=%7B%22index%22%3A3%7D
[2021-05-25 21:17:39.760] HREF: Kosolov325 (usr:Unknown[(158,131,3)]) : tgui=1&window_id=browseroutput&type=ping&payload=%7B%22index%22%3A4%7D
[2021-05-25 21:17:42.266] HREF: Kosolov325 (usr:Unknown[(158,131,3)]) : tgui=1&window_id=browseroutput&type=ping&payload=%7B%22index%22%3A5%7D
[2021-05-25 21:17:44.777] HREF: Kosolov325 (usr:Unknown[(158,131,3)]) : tgui=1&window_id=browseroutput&type=ping&payload=%7B%22index%22%3A6%7D
[2021-05-25 21:17:47.299] HREF: Kosolov325 (usr:Unknown[(158,131,3)]) : tgui=1&window_id=browseroutput&type=ping&payload=%7B%22index%22%3A7%7D
[2021-05-25 21:17:49.812] HREF: Kosolov325 (usr:Unknown[(158,131,3)]) : tgui=1&window_id=browseroutput&type=ping&payload=%7B%22index%22%3A0%7D
[2021-05-25 21:17:52.310] HREF: Kosolov325 (usr:Unknown[(158,131,3)]) : tgui=1&window_id=browseroutput&type=ping&payload=%7B%22index%22%3A1%7D
[2021-05-25 21:17:54.833] HREF: Kosolov325 (usr:Unknown[(158,131,3)]) : tgui=1&window_id=browseroutput&type=ping&payload=%7B%22index%22%3A2%7D
[2021-05-25 21:17:57.375] HREF: Kosolov325 (usr:Unknown[(158,131,3)]) : tgui=1&window_id=browseroutput&type=ping&payload=%7B%22index%22%3A3%7D
[2021-05-25 21:17:59.874] HREF: Kosolov325 (usr:Unknown[(158,131,3)]) : tgui=1&window_id=browseroutput&type=ping&payload=%7B%22index%22%3A4%7D
[2021-05-25 21:18:02.370] HREF: Kosolov325 (usr:Unknown[(158,131,3)]) : tgui=1&window_id=browseroutput&type=ping&payload=%7B%22index%22%3A5%7D
[2021-05-25 21:18:04.872] HREF: Kosolov325 (usr:Unknown[(158,131,3)]) : tgui=1&window_id=browseroutput&type=ping&payload=%7B%22index%22%3A6%7D
[2021-05-25 21:18:07.398] HREF: Kosolov325 (usr:Unknown[(158,131,3)]) : tgui=1&window_id=browseroutput&type=ping&payload=%7B%22index%22%3A7%7D
[2021-05-25 21:18:09.992] HREF: Kosolov325 (usr:Unknown[(158,131,3)]) : tgui=1&window_id=browseroutput&type=ping&payload=%7B%22index%22%3A0%7D
[2021-05-25 21:18:12.386] HREF: Kosolov325 (usr:Unknown[(158,131,3)]) : tgui=1&window_id=browseroutput&type=ping&payload=%7B%22index%22%3A1%7D
[2021-05-25 21:18:14.911] HREF: Kosolov325 (usr:Unknown[(158,131,3)]) : tgui=1&window_id=browseroutput&type=ping&payload=%7B%22index%22%3A2%7D
[2021-05-25 21:18:17.434] HREF: Kosolov325 (usr:Unknown[(158,131,3)]) : tgui=1&window_id=browseroutput&type=ping&payload=%7B%22index%22%3A3%7D
[2021-05-25 21:18:19.887] HREF: Kosolov325 (usr:Unknown[(158,131,3)]) : tgui=1&window_id=browseroutput&type=ping&payload=%7B%22index%22%3A4%7D
[2021-05-25 21:18:22.395] HREF: Kosolov325 (usr:Unknown[(158,131,3)]) : tgui=1&window_id=browseroutput&type=ping&payload=%7B%22index%22%3A5%7D
[2021-05-25 21:18:24.895] HREF: Kosolov325 (usr:Unknown[(158,131,3)]) : tgui=1&window_id=browseroutput&type=ping&payload=%7B%22index%22%3A6%7D
[2021-05-25 21:18:27.461] HREF: Kosolov325 (usr:Unknown[(158,131,3)]) : tgui=1&window_id=browseroutput&type=ping&payload=%7B%22index%22%3A7%7D
[2021-05-25 21:18:29.918] HREF: Kosolov325 (usr:Unknown[(158,131,3)]) : tgui=1&window_id=browseroutput&type=ping&payload=%7B%22index%22%3A0%7D
[2021-05-25 21:18:32.441] HREF: Kosolov325 (usr:Unknown[(158,131,3)]) : tgui=1&window_id=browseroutput&type=ping&payload=%7B%22index%22%3A1%7D
[2021-05-25 21:18:34.980] HREF: Kosolov325 (usr:Unknown[(158,131,3)]) : tgui=1&window_id=browseroutput&type=ping&payload=%7B%22index%22%3A2%7D
[2021-05-25 21:18:37.492] HREF: Kosolov325 (usr:Unknown[(158,131,3)]) : tgui=1&window_id=browseroutput&type=ping&payload=%7B%22index%22%3A3%7D
[2021-05-25 21:18:39.969] HREF: Kosolov325 (usr:Unknown[(158,131,3)]) : tgui=1&window_id=browseroutput&type=ping&payload=%7B%22index%22%3A4%7D
[2021-05-25 21:18:42.473] HREF: Kosolov325 (usr:Unknown[(158,131,3)]) : tgui=1&window_id=browseroutput&type=ping&payload=%7B%22index%22%3A5%7D
[2021-05-25 21:18:44.967] HREF: Kosolov325 (usr:Unknown[(158,131,3)]) : tgui=1&window_id=browseroutput&type=ping&payload=%7B%22index%22%3A6%7D
[2021-05-25 21:18:47.463] HREF: Kosolov325 (usr:Unknown[(158,131,3)]) : tgui=1&window_id=browseroutput&type=ping&payload=%7B%22index%22%3A7%7D
[2021-05-25 21:18:49.965] HREF: Kosolov325 (usr:Unknown[(158,131,3)]) : tgui=1&window_id=browseroutput&type=ping&payload=%7B%22index%22%3A0%7D
[2021-05-25 21:18:52.466] HREF: Kosolov325 (usr:Unknown[(158,131,3)]) : tgui=1&window_id=browseroutput&type=ping&payload=%7B%22index%22%3A1%7D
[2021-05-25 21:18:54.981] HREF: Kosolov325 (usr:Unknown[(158,131,3)]) : tgui=1&window_id=browseroutput&type=ping&payload=%7B%22index%22%3A2%7D
[2021-05-25 21:18:57.479] HREF: Kosolov325 (usr:Unknown[(158,131,3)]) : tgui=1&window_id=browseroutput&type=ping&payload=%7B%22index%22%3A3%7D
[2021-05-25 21:18:59.991] HREF: Kosolov325 (usr:Unknown[(158,131,3)]) : tgui=1&window_id=browseroutput&type=ping&payload=%7B%22index%22%3A4%7D
[2021-05-25 21:19:02.484] HREF: Kosolov325 (usr:Unknown[(158,131,3)]) : tgui=1&window_id=browseroutput&type=ping&payload=%7B%22index%22%3A5%7D
[2021-05-25 21:19:04.984] HREF: Kosolov325 (usr:Unknown[(158,131,3)]) : tgui=1&window_id=browseroutput&type=ping&payload=%7B%22index%22%3A6%7D
[2021-05-25 21:19:07.478] HREF: Kosolov325 (usr:Unknown[(158,131,3)]) : tgui=1&window_id=browseroutput&type=ping&payload=%7B%22index%22%3A7%7D
[2021-05-25 21:19:09.981] HREF: Kosolov325 (usr:Unknown[(158,131,3)]) : tgui=1&window_id=browseroutput&type=ping&payload=%7B%22index%22%3A0%7D
[2021-05-25 21:19:12.491] HREF: Kosolov325 (usr:Unknown[(158,131,3)]) : tgui=1&window_id=browseroutput&type=ping&payload=%7B%22index%22%3A1%7D
[2021-05-25 21:19:15.087] HREF: Kosolov325 (usr:Unknown[(158,131,3)]) : tgui=1&window_id=browseroutput&type=ping&payload=%7B%22index%22%3A2%7D
[2021-05-25 21:19:17.503] HREF: Kosolov325 (usr:Unknown[(158,131,3)]) : tgui=1&window_id=browseroutput&type=ping&payload=%7B%22index%22%3A3%7D
[2021-05-25 21:19:20.065] HREF: Kosolov325 (usr:Unknown[(158,131,3)]) : tgui=1&window_id=browseroutput&type=ping&payload=%7B%22index%22%3A4%7D
[2021-05-25 21:19:22.539] HREF: Kosolov325 (usr:Unknown[(158,131,3)]) : tgui=1&window_id=browseroutput&type=ping&payload=%7B%22index%22%3A5%7D
[2021-05-25 21:19:25.039] HREF: Kosolov325 (usr:Unknown[(158,131,3)]) : tgui=1&window_id=browseroutput&type=ping&payload=%7B%22index%22%3A6%7D
[2021-05-25 21:19:27.566] HREF: Kosolov325 (usr:Unknown[(158,131,3)]) : tgui=1&window_id=browseroutput&type=ping&payload=%7B%22index%22%3A7%7D
[2021-05-25 21:19:30.078] HREF: Kosolov325 (usr:Unknown[(158,131,3)]) : tgui=1&window_id=browseroutput&type=ping&payload=%7B%22index%22%3A0%7D
[2021-05-25 21:19:32.613] HREF: Kosolov325 (usr:Unknown[(158,131,3)]) : tgui=1&window_id=browseroutput&type=ping&payload=%7B%22index%22%3A1%7D
[2021-05-25 21:19:35.121] HREF: Kosolov325 (usr:Unknown[(158,131,3)]) : tgui=1&window_id=browseroutput&type=ping&payload=%7B%22index%22%3A2%7D
[2021-05-25 21:19:37.669] HREF: Kosolov325 (usr:Unknown[(158,131,3)]) : tgui=1&window_id=browseroutput&type=ping&payload=%7B%22index%22%3A3%7D
[2021-05-25 21:19:40.135] HREF: Kosolov325 (usr:Unknown[(158,131,3)]) : tgui=1&window_id=browseroutput&type=ping&payload=%7B%22index%22%3A4%7D
[2021-05-25 21:19:42.649] HREF: Kosolov325 (usr:Unknown[(158,131,3)]) : tgui=1&window_id=browseroutput&type=ping&payload=%7B%22index%22%3A5%7D
[2021-05-25 21:19:45.159] HREF: Kosolov325 (usr:Unknown[(158,131,3)]) : tgui=1&window_id=browseroutput&type=ping&payload=%7B%22index%22%3A6%7D
[2021-05-25 21:19:47.713] HREF: Kosolov325 (usr:Unknown[(158,131,3)]) : tgui=1&window_id=browseroutput&type=ping&payload=%7B%22index%22%3A7%7D
[2021-05-25 21:19:50.181] HREF: Kosolov325 (usr:Unknown[(158,131,3)]) : tgui=1&window_id=browseroutput&type=ping&payload=%7B%22index%22%3A0%7D
[2021-05-25 21:19:52.721] HREF: Kosolov325 (usr:Unknown[(158,131,3)]) : tgui=1&window_id=browseroutput&type=ping&payload=%7B%22index%22%3A1%7D
[2021-05-25 21:19:55.189] HREF: Kosolov325 (usr:Unknown[(158,131,3)]) : tgui=1&window_id=browseroutput&type=ping&payload=%7B%22index%22%3A2%7D
[2021-05-25 21:19:57.733] HREF: Kosolov325 (usr:Unknown[(158,131,3)]) : tgui=1&window_id=browseroutput&type=ping&payload=%7B%22index%22%3A3%7D
[2021-05-25 21:20:00.209] HREF: Kosolov325 (usr:Unknown[(158,131,3)]) : tgui=1&window_id=browseroutput&type=ping&payload=%7B%22index%22%3A4%7D
[2021-05-25 21:20:02.720] HREF: Kosolov325 (usr:Unknown[(158,131,3)]) : tgui=1&window_id=browseroutput&type=ping&payload=%7B%22index%22%3A5%7D
[2021-05-25 21:20:05.271] HREF: Kosolov325 (usr:Unknown[(158,131,3)]) : tgui=1&window_id=browseroutput&type=ping&payload=%7B%22index%22%3A6%7D
[2021-05-25 21:20:07.776] HREF: Kosolov325 (usr:Unknown[(158,131,3)]) : tgui=1&window_id=browseroutput&type=ping&payload=%7B%22index%22%3A7%7D
[2021-05-25 21:20:10.255] HREF: Kosolov325 (usr:Unknown[(158,131,3)]) : tgui=1&window_id=browseroutput&type=ping&payload=%7B%22index%22%3A0%7D
[2021-05-25 21:20:12.767] HREF: Kosolov325 (usr:Unknown[(158,131,3)]) : tgui=1&window_id=browseroutput&type=ping&payload=%7B%22index%22%3A1%7D
[2021-05-25 21:20:15.279] HREF: Kosolov325 (usr:Unknown[(158,131,3)]) : tgui=1&window_id=browseroutput&type=ping&payload=%7B%22index%22%3A2%7D
[2021-05-25 21:20:17.861] HREF: Kosolov325 (usr:Unknown[(158,131,3)]) : tgui=1&window_id=browseroutput&type=ping&payload=%7B%22index%22%3A3%7D
