[2021-05-25 21:12:11.535] Starting up round ID 38.
 - -------------------------
[2021-05-25 21:12:12.499] INIT: Initialized Profiler subsystem within 0 seconds!
[2021-05-25 21:12:12.547] Fail2Topic: Failed to drop firewall rule. Exit code: 1.
[2021-05-25 21:12:12.547] INIT: Initialized Fail2Topic subsystem within 0.1 seconds!
[2021-05-25 21:12:12.555] INIT: Initialized Title Screen subsystem within 0 seconds!
[2021-05-25 21:12:12.555] INIT: Initialized Database subsystem within 0 seconds!
[2021-05-25 21:12:12.555] INIT: Initialized Stat Panels subsystem within 0 seconds!
[2021-05-25 21:12:12.555] INIT: Initialized Blackbox subsystem within 0 seconds!
[2021-05-25 21:12:12.555] INIT: Initialized Server Tasks subsystem within 0 seconds!
[2021-05-25 21:12:12.556] INIT: Initialized Input subsystem within 0 seconds!
[2021-05-25 21:12:12.557] INIT: Initialized Sounds subsystem within 0 seconds!
[2021-05-25 21:12:12.557] INIT: Initialized Vis contents overlays subsystem within 0 seconds!
[2021-05-25 21:12:12.612] INIT: Initialized Research subsystem within 0.1 seconds!
[2021-05-25 21:12:12.614] INIT: Initialized Events subsystem within 0 seconds!
[2021-05-25 21:12:12.619] INIT: Initialized Jobs subsystem within 0 seconds!
[2021-05-25 21:12:12.621] INIT: Initialized Quirks subsystem within 0 seconds!
[2021-05-25 21:12:12.624] INIT: Initialized Ticker subsystem within 0 seconds!
[2021-05-25 21:12:12.640] INIT: Initialized Instruments subsystem within 0 seconds!
[2021-05-25 21:12:20.609] INIT: Initialized Mapping subsystem within 8 seconds!
[2021-05-25 21:12:20.609] INIT: Initialized Economy subsystem within 0 seconds!
[2021-05-25 21:12:20.611] INIT: Initialized Networks subsystem within 0 seconds!
[2021-05-25 21:12:20.611] INIT: Initialized Holodeck subsystem within 0 seconds!
[2021-05-25 21:12:58.228] INIT: Initialized Atoms subsystem within 37.6 seconds!
[2021-05-25 21:12:58.241] INIT: Initialized Language subsystem within 0 seconds!
[2021-05-25 21:12:58.266] INIT: Initialized Machines subsystem within 0 seconds!
[2021-05-25 21:12:58.335] INIT: Initialized Circuit subsystem within 0.1 seconds!
[2021-05-25 21:12:58.554] INIT: Initialized Atmos Adjacency subsystem within 0.2 seconds!
[2021-05-25 21:12:58.554] INIT: Initialized Autotransfer Vote subsystem within 0 seconds!
[2021-05-25 21:12:58.554] INIT: Initialized Chemistry subsystem within 0 seconds!
[2021-05-25 21:12:58.554] INIT: Initialized Status Effects subsystem within 0 seconds!
[2021-05-25 21:12:58.556] INIT: Initialized Weather subsystem within 0 seconds!
[2021-05-25 21:12:58.561] INIT: Initialized Disease subsystem within 0 seconds!
[2021-05-25 21:12:58.561] INIT: Initialized Item Spawners subsystem within 0 seconds!
[2021-05-25 21:12:58.561] INIT: Initialized Jukeboxes subsystem within 0 seconds!
[2021-05-25 21:12:58.561] INIT: Initialized Medals subsystem within 0 seconds!
[2021-05-25 21:12:59.327] INIT: Initialized Minimaps subsystem within 0.8 seconds!
[2021-05-25 21:12:59.328] INIT: Initialized Mob Spawners subsystem within 0 seconds!
[2021-05-25 21:12:59.328] INIT: Initialized Monster Wave subsystem within 0 seconds!
[2021-05-25 21:12:59.328] INIT: Initialized Day/Night Cycle subsystem within 0 seconds!
[2021-05-25 21:12:59.328] INIT: Initialized Night Shift subsystem within 0 seconds!
[2021-05-25 21:12:59.328] INIT: Initialized Parallax subsystem within 0 seconds!
[2021-05-25 21:12:59.328] INIT: Initialized Sun subsystem within 0 seconds!
[2021-05-25 21:12:59.707] INIT: Initialized Traumas subsystem within 0.4 seconds!
[2021-05-25 21:13:06.531] INIT: Initialized Atmospherics subsystem within 6.8 seconds!
[2021-05-25 21:13:13.633] INIT: Initialized Assets subsystem within 7.1 seconds!
[2021-05-25 21:13:18.383] INIT: Initialized Icon Smoothing subsystem within 4.7 seconds!
[2021-05-25 21:13:19.641] INIT: Initialized Overlay subsystem within 1.3 seconds!
[2021-05-25 21:13:19.641] INIT: Initialized XKeyScore subsystem within 0 seconds!
[2021-05-25 21:13:19.641] INIT: Initialized Sticky Ban subsystem within 0 seconds!
[2021-05-25 21:13:28.232] INIT: Initialized Lighting subsystem within 8.6 seconds!
[2021-05-25 21:13:31.005] INIT: Initialized Shuttle subsystem within 2.8 seconds!
[2021-05-25 21:13:36.809] INIT: Initialized Minor Mapping subsystem within 5.8 seconds!
[2021-05-25 21:13:36.811] INIT: Initialized Pathfinder subsystem within 0 seconds!
[2021-05-25 21:13:36.858] INIT: Initialized Persistence subsystem within 0 seconds!
[2021-05-25 21:13:36.858] INIT: Initialized Chat subsystem within 0 seconds!
