[2021-05-17 01:43:30.932] TGS Info: Activating API for version 3.2.6.2
[2021-05-17 01:43:30.956] runtime error: list index out of bounds
 - proc name: OnWorldNew (/datum/tgs_api/v3210/OnWorldNew)
 -   source file: api.dm,69
 -   usr: null
 -   src: /datum/tgs_api/v3210 (/datum/tgs_api/v3210)
 -   call stack:
 - /datum/tgs_api/v3210 (/datum/tgs_api/v3210): OnWorldNew(0)
 - world: TgsNew(/datum/tgs_event_handler/impl (/datum/tgs_event_handler/impl), 0)
 - world: InitTgs()
 - world: New()
 - 
[2021-05-17 01:43:30.956] TGS Error: Failed to activate API!
[2021-05-17 01:43:30.959] Running /tg/ revision: 
 - No commit information
[2021-05-17 01:43:30.974] Loading config file config.txt...
[2021-05-17 01:43:30.976] Loading config file game_options.txt...
[2021-05-17 01:43:30.987] Loading config file dbconfig.txt...
[2021-05-17 01:43:30.989] Loading config file comms.txt...
[2021-05-17 01:43:30.990] Loading config file antag_rep.txt...
[2021-05-17 01:43:30.991] Loading config file resources.txt...
[2021-05-17 01:43:30.992] Loading config file donator_groupings.txt...
[2021-05-17 01:43:30.993] Loading config file dynamic_config.txt...
[2021-05-17 01:43:31.004] Loading config file plushies/defines.txt...
[2021-05-17 01:43:31.005] Loading config file job_threats.txt...
[2021-05-17 01:43:31.007] Loading config file policy.txt...
[2021-05-17 01:43:31.012] Loading config file maps.txt...
[2021-05-17 01:43:31.033] Database connection established.
[2021-05-17 01:43:31.036] SQL: Could not get schema version from database
