[2021-05-17 01:43:31.068] Starting up round ID 13.
 - -------------------------
[2021-05-17 01:47:48.525] Luciam \ Victoria Valentine \ Detective \ NONE \ LATEJOIN
[2021-05-17 01:47:57.972] Zero9e1 \ Zack \ Outlaw \ NONE \ LATEJOIN
[2021-05-17 01:48:13.090] InicialPlayss \ Rayan Lindgrey \ Wastelander \ NONE \ LATEJOIN
[2021-05-17 01:48:30.453] Bruno-Asbahr \ Montagne Marshall \ Wastelander \ NONE \ LATEJOIN
[2021-05-17 01:48:47.171] Dantesousa \ Dante Sousa \ Followers Administrator \ NONE \ LATEJOIN
[2021-05-17 01:49:31.158] Syndi-Pudim \ Fernadinho Beiramar \ Outlaw \ NONE \ LATEJOIN
[2021-05-17 01:49:58.754] Guizog \ Bob Merlin \ Outlaw \ NONE \ LATEJOIN
[2021-05-17 01:50:12.913] Zircony \ Natasha Harding \ Wastelander \ NONE \ LATEJOIN
[2021-05-17 01:51:36.081] Euzinho123 \ Marcos Parker \ Overseer \ NONE \ LATEJOIN
[2021-05-17 01:52:30.432] JP0809 \ Jon Doe \ Enclave Private \ NONE \ LATEJOIN
[2021-05-17 01:53:00.124] Grauber_Games \ Cleitinho Da Silva \ Outlaw \ NONE \ LATEJOIN
[2021-05-17 01:54:26.110] Marco25555 \ Nydia S. Highlands \ Followers Volunteer \ NONE \ LATEJOIN
[2021-05-17 01:57:17.854] AlexAlbright \ Alex Magnus Primeiro \ Wastelander \ NONE \ LATEJOIN
[2021-05-17 01:58:21.531] Eversonblr \ Miguel Hastings \ Head Scribe \ NONE \ LATEJOIN
[2021-05-17 01:59:47.131] DanteThanatos \ Dr Oswald Casket \ Followers Doctor \ NONE \ LATEJOIN
[2021-05-17 02:01:57.556] Kaduh \ Tim Miller \ Followers Doctor \ NONE \ LATEJOIN
[2021-05-17 02:06:41.884] Baeiou \ Roderick Malkav \ Followers Volunteer \ NONE \ LATEJOIN
[2021-05-17 02:08:18.865] FidgetyBacchus \ Yun-Seo Kierst \ Followers Guard \ NONE \ LATEJOIN
[2021-05-17 02:09:12.468] SondTheAnime \ Courier \ Head Paladin \ NONE \ LATEJOIN
[2021-05-17 02:11:48.985] AdderVFX \ Default Cyborg Name \ Cyborg \ NONE \ LATEJOIN
[2021-05-17 02:21:06.723] DropShip27 \ Eliza Otis \ Wastelander \ NONE \ LATEJOIN
[2021-05-17 02:22:00.334] addervfx \ Xingling Tong \ Hunter \ NONE \ LATEJOIN
[2021-05-17 02:37:17.151] eversonblr \ Caitlin Ackerley \ Star Paladin \ NONE \ LATEJOIN
[2021-05-17 02:53:33.958] Nickenzo12345 \ Rylie Mildred \ Outlaw \ NONE \ LATEJOIN
[2021-05-17 02:54:22.248] eversonblr \ Lilly Wible \ Head Knight \ NONE \ LATEJOIN
[2021-05-17 02:55:46.385] eversonblr \ Daria Basinger \ Star Knight \ NONE \ LATEJOIN
[2021-05-17 03:14:41.967] zero9e1 \ Garrety Wells \ Druid \ NONE \ LATEJOIN
[2021-05-17 03:28:34.167] AlbertoVinhofino \ Elias Ivanov \ Vault-tec Doctor \ NONE \ LATEJOIN
[2021-05-17 04:07:16.399] zero9e1 \ Jack \ Hunter \ NONE \ LATEJOIN
[2021-05-17 04:39:24.722] Sselesu \ Aileen Palmer \ Legion Slave \ NONE \ LATEJOIN
[2021-05-17 04:40:10.849] johonasmexicanjo \ Heather Rose \ Star Knight \ NONE \ LATEJOIN
[2021-05-17 05:32:20.922] Comicao1 \ Bashar Al-Assad \ Wastelander \ NONE \ LATEJOIN
[2021-05-17 05:50:27.332] Ageum \ Sierra Prescott \ Vault Dweller \ NONE \ LATEJOIN
[2021-05-17 05:58:29.088] comicao1 \ Damian Stern \ Wastelander \ NONE \ LATEJOIN
