[2021-05-17 01:43:31.067] Starting up round ID 13.
 - -------------------------
[2021-05-17 02:04:16.266] TCOMMS: DanteThanatos/(Dr Oswald Casket) [Common] (spans:  ) "Sério?" (language: Galactic Common) (Followers of the Apocalypse (88, 55, 3))
[2021-05-17 02:05:53.425] TCOMMS: Kaduh/(Tim Miller) [Medical] (spans:  ) "Ola a todos" (language: Galactic Common) (Followers of the Apocalypse (107, 43, 3))
[2021-05-17 02:06:30.422] TCOMMS: Eversonblr/(Miguel Hastings) [BOS] (spans:  ) "Alguem ai ?" (language: Galactic Common) (Brotherhood of Steel Reactor (217, 206, 3))
[2021-05-17 02:08:53.874] TCOMMS: Kaduh/(Tim Miller) [Medical] (spans:  ) "Qual a nossa missão mesmo?" (language: Galactic Common) (Followers of the Apocalypse (102, 43, 3))
[2021-05-17 02:09:09.546] TCOMMS: Baeiou/(Roderick Malkav) [Medical] (spans:  ) "Você não se lembra?" (language: Galactic Common) (Followers of the Apocalypse (94, 52, 2))
[2021-05-17 02:09:25.816] TCOMMS: Kaduh/(Tim Miller) [Medical] (spans:  ) "Mais ou menos" (language: Galactic Common) (Followers of the Apocalypse (85, 52, 3))
[2021-05-17 02:09:35.343] TCOMMS: Kaduh/(Tim Miller) [Medical] (spans:  ) "Nao gostamos muito da legion" (language: Galactic Common) (Followers of the Apocalypse (85, 49, 3))
[2021-05-17 02:10:16.266] TCOMMS: SondTheAnime/(Courier) [BOS] (spans:  ) "Alo, alguém na escuta?" (language: Galactic Common) (Brotherhood of Steel 1st Floor Offices (221, 223, 3))
[2021-05-17 02:10:44.809] TCOMMS: baeiou/(Roderick Malkav) [Medical] (spans:  ) "Bem... Desejamos providenciar uma melhor condição de vida para todos..." (language: Galactic Common) (Followers of the Apocalypse (94, 53, 2))
[2021-05-17 02:10:54.307] TCOMMS: baeiou/(Roderick Malkav) [Medical] (spans:  ) "Tratamos e educamos aqueles que desejam..." (language: Galactic Common) (Followers of the Apocalypse (94, 53, 2))
[2021-05-17 02:11:18.160] TCOMMS: Kaduh/(Tim Miller) [Medical] (spans:  ) "Ata lembrei por isso mesmo virei medico" (language: Galactic Common) (Followers of the Apocalypse (90, 48, 2))
[2021-05-17 02:11:42.413] TCOMMS: Dantesousa/(Dante Sousa) [Medical] (spans:  ) "Yun é a nossa guarda?" (language: Galactic Common) (Followers of the Apocalypse (86, 47, 3))
[2021-05-17 02:11:50.260] TCOMMS: FidgetyBacchus/(Yun-Seo Kierst) [Medical] (spans:  ) "Sim." (language: Galactic Common) (Caves (91, 72, 3))
[2021-05-17 02:12:14.237] TCOMMS: Dantesousa/(Dante Sousa) [Medical] (spans:  ) "Cuidado com os invasores por favor, e lembre-seque sempre podemos te trazer devolta se algo ruim acontecer" (language: Galactic Common) (Followers of the Apocalypse (85, 55, 3))
[2021-05-17 02:12:36.079] TCOMMS: baeiou/(Roderick Malkav) [Medical] (spans:  ) "Bem... Nem sempre." (language: Galactic Common) (Followers of the Apocalypse (94, 52, 2))
[2021-05-17 02:12:55.213] TCOMMS: baeiou/(Roderick Malkav) [Medical] (spans:  ) "Dante nunca se lembra daquela vez onde o cérebro do cara virou um almoço dos tribais." (language: Galactic Common) (Followers of the Apocalypse (94, 52, 2))
[2021-05-17 02:13:11.355] TCOMMS: Dantesousa/(Dante Sousa) [Medical] (spans:  ) "Não quero.. me lembrar disso." (language: Galactic Common) (Followers of the Apocalypse (86, 55, 3))
[2021-05-17 02:13:37.146] TCOMMS: Dantesousa/(Dante Sousa) [Common] (spans:  ) "Teste" (language: Galactic Common) (Followers of the Apocalypse (81, 54, 2))
[2021-05-17 02:14:31.352] TCOMMS: Kaduh/(Tim Miller) [Medical] (spans:  ) "A gente tem uma area para pesquisa ne?" (language: Galactic Common) (Followers of the Apocalypse (88, 50, 3))
[2021-05-17 02:14:49.969] TCOMMS: DanteThanatos/(Dr Oswald Casket) [Medical] (spans:  ) "Temos ORM agora" (language: Galactic Common) (Caves (87, 69, 3))
[2021-05-17 02:15:33.349] TCOMMS: FidgetyBacchus/(Yun-Seo Kierst) [Medical] (spans:  ) "Cuidado com os deathclaw." (language: Galactic Common) (Caves (99, 80, 3))
[2021-05-17 02:18:05.987] TCOMMS: Dantesousa/(Dante Sousa) [Common] (spans:  ) "Quantum medicine stimpak na clinica." (language: Galactic Common) (Followers of the Apocalypse (83, 55, 3))
[2021-05-17 02:18:13.276] TCOMMS: guizog/(Bob Merlin) [Common] (spans:  ) "Eh memo" (language: Galactic Common) (Wasteland (67, 167, 2))
[2021-05-17 02:18:19.179] TCOMMS: Dantesousa/(Dante Sousa) [Common] (spans:  ) "Eh mesmo" (language: Galactic Common) (Followers of the Apocalypse (82, 50, 3))
[2021-05-17 02:19:11.147] TCOMMS: Eversonblr/(Miguel Hastings) [BOS] (spans:  ) "Estarei saindo pra pega sucatas" (language: Galactic Common) (Brotherhood of Steel (170, 218, 2))
[2021-05-17 02:19:13.532] TCOMMS: Dantesousa/(Dante Sousa) [Common] (spans:  ) "A vending machine do lado de fora tem 3, 20 caps cada" (language: Galactic Common) (Followers of the Apocalypse (85, 55, 2))
[2021-05-17 02:19:18.669] TCOMMS: SondTheAnime/(Courier) [BOS] (spans:  ) "Cuidado" (language: Galactic Common) (Brotherhood of Steel (148, 228, 2))
[2021-05-17 02:20:23.368] TCOMMS: SondTheAnime/(Courier) [BOS] (spans:  ) "Qualquer relate no radio que eu vou correndo" (language: Galactic Common) (Brotherhood of Steel (155, 234, 2))
[2021-05-17 02:20:39.514] TCOMMS: SondTheAnime/(Courier) [BOS] (spans:  ) "Qualquer coisa..." (language: Galactic Common) (Brotherhood of Steel (153, 234, 2))
[2021-05-17 02:21:01.345] TCOMMS: baeiou/(Roderick Malkav) [Medical] (spans:  ) "Raiders na entrada." (language: Galactic Common) (Followers of the Apocalypse (94, 53, 2))
[2021-05-17 02:21:02.901] TCOMMS: baeiou/(Roderick Malkav) [Medical] (spans:  ) "Dois." (language: Galactic Common) (Followers of the Apocalypse (94, 53, 2))
[2021-05-17 02:22:20.077] TCOMMS: Eversonblr/(Miguel Hastings) [Common] (spans:  ) "Waterland que quiser se junta ao Bos so comparecer a porta" (language: Galactic Common) (Brotherhood of Steel Operations Department (228, 239, 3))
[2021-05-17 02:22:37.813] TCOMMS: SondTheAnime/(Courier) [BOS] (spans:  ) "Waterland é foda hehe" (language: Galactic Common) (Brotherhood of Steel (125, 237, 2))
[2021-05-17 02:24:13.047] TCOMMS: baeiou/(Roderick Malkav) [Medical] (spans:  ) "Dois invasores." (language: Galactic Common) (Followers of the Apocalypse (94, 54, 2))
[2021-05-17 02:24:16.619] TCOMMS: baeiou/(Roderick Malkav) [Medical] (spans:  ) "Parte de baixo." (language: Galactic Common) (Followers of the Apocalypse (94, 54, 2))
[2021-05-17 02:24:45.463] TCOMMS: Dantesousa/(Dante Sousa) [Medical] (spans:  ) "Cade a mecanica" (language: Galactic Common) (Caves (117, 39, 3))
[2021-05-17 02:24:57.177] TCOMMS: Marco25555/(Nydia S. Highlands) [Medical] (spans:  ) "Aqui" (language: Galactic Common) (Followers of the Apocalypse (85, 52, 3))
[2021-05-17 02:25:15.947] TCOMMS: Kaduh/(Tim Miller) [Medical] (spans:  ) "Eles tem que espera la fora" (language: Galactic Common) (Followers of the Apocalypse (86, 50, 3))
[2021-05-17 02:25:21.156] TCOMMS: Baeiou/(Roderick Malkav) [Medical] (spans:  ) "Eles estão dentro." (language: Galactic Common) (Followers of the Apocalypse (88, 50, 2))
[2021-05-17 02:25:29.754] TCOMMS: Kaduh/(Tim Miller) [Medical] (spans:  ) "Os dois entraram no armazem" (language: Galactic Common) (Followers of the Apocalypse (86, 49, 3))
[2021-05-17 02:27:30.438] TCOMMS: Eversonblr/(Miguel Hastings) [Common] (spans: command_headset  ) "ALOOOOOOOOO" (language: Galactic Common) (Brotherhood of Steel RnD Department (236, 194, 3))
[2021-05-17 02:27:41.753] TCOMMS: guizog/(Bob Merlin) [Common] (spans:  ) "O de baixo é gay" (language: Galactic Common) (Village (156, 177, 2))
[2021-05-17 02:27:50.257] TCOMMS: Eversonblr/(Miguel Hastings) [Common] (spans: command_headset  ) "O DE CIMA TA MENTINDO" (language: Galactic Common) (Brotherhood of Steel RnD Department (232, 209, 3))
[2021-05-17 02:27:59.695] TCOMMS: Kaduh/(Tim Miller) [Medical] (spans:  ) "Povo apresado nem deixou eu aplicar o remedio" (language: Galactic Common) (Followers of the Apocalypse (81, 57, 2))
[2021-05-17 02:28:09.244] TCOMMS: Eversonblr/(Miguel Hastings) [Common] (spans: command_headset  ) "EU VENDO ESSE MAGPHONE QUEM QUER COMPRA ?" (language: Galactic Common) (Brotherhood of Steel RnD Department (235, 204, 3))
[2021-05-17 02:29:01.699] TCOMMS: Baeiou/(Roderick Malkav) [Medical] (spans:  ) "Herou? Chefia?" (language: Galactic Common) (Followers of the Apocalypse (98, 45, 3))
[2021-05-17 02:29:08.336] TCOMMS: Baeiou/(Roderick Malkav) [Medical] (spans:  ) "Posso precisar de sementes para MADEIRA!" (language: Galactic Common) (Followers of the Apocalypse (98, 45, 3))
[2021-05-17 02:29:10.378] TCOMMS: Dantesousa/(Dante Sousa) [Medical] (spans:  ) "Diz" (language: Galactic Common) (Caves (118, 82, 3))
[2021-05-17 02:29:26.644] TCOMMS: Eversonblr/(Miguel Hastings) [BOS] (spans:  ) "To pegando sucatas" (language: Galactic Common) (Wasteland (160, 206, 2))
[2021-05-17 02:29:30.688] TCOMMS: SondTheAnime/(Courier) [BOS] (spans:  ) "Certo" (language: Galactic Common) (Caves (221, 183, 3))
[2021-05-17 02:31:55.083] TCOMMS: Dantesousa/(Dante Sousa) [Medical] (spans:  ) "Ajuda aqui, rapido." (language: Galactic Common) (Enclave (137, 20, 3))
[2021-05-17 02:32:00.047] TCOMMS: Kaduh/(Tim Miller) [Medical] (spans:  ) "Onde?" (language: Galactic Common) (Followers of the Apocalypse (85, 55, 3))
[2021-05-17 02:32:31.993] TCOMMS: Kaduh/(Tim Miller) [Medical] (spans:  ) "Ta na mina?" (language: Galactic Common) (Followers of the Apocalypse (88, 55, 3))
[2021-05-17 02:34:05.770] TCOMMS: Kaduh/(Tim Miller) [Medical] (spans:  ) "Tinha que ter ligado os sensores" (language: Galactic Common) (Followers of the Apocalypse (105, 42, 3))
[2021-05-17 02:34:14.370] TCOMMS: Baeiou/(Roderick Malkav) [Medical] (spans:  ) "Não dá, rapaz." (language: Galactic Common) (Followers of the Apocalypse (90, 44, 2))
[2021-05-17 02:34:18.635] TCOMMS: Eversonblr/(Miguel Hastings) [BOS] (spans:  ) "Ajuda" (language: Galactic Common) (Wasteland (176, 201, 2))
[2021-05-17 02:34:19.664] TCOMMS: Baeiou/(Roderick Malkav) [Medical] (spans:  ) "Sensores não existe nesses uniformes." (language: Galactic Common) (Followers of the Apocalypse (90, 44, 2))
[2021-05-17 02:34:23.086] TCOMMS: SondTheAnime/(Courier) [BOS] (spans:  ) "Onde?!" (language: Galactic Common) (Brotherhood of Steel (143, 237, 2))
[2021-05-17 02:34:40.958] TCOMMS: Kaduh/(Tim Miller) [Medical] (spans:  ) "Ata a gente é pobre" (language: Galactic Common) (Followers of the Apocalypse (101, 41, 3))
[2021-05-17 02:34:54.014] TCOMMS: Baeiou/(Roderick Malkav) [Medical] (spans:  ) "Descobriu isso agora?" (language: Galactic Common) (Followers of the Apocalypse (80, 56, 2))
[2021-05-17 02:35:09.903] TCOMMS: Kaduh/(Tim Miller) [Medical] (spans:  ) "Sera que o dante ta bem?" (language: Galactic Common) (Followers of the Apocalypse (85, 56, 3))
[2021-05-17 02:35:19.431] TCOMMS: Baeiou/(Roderick Malkav) [Medical] (spans:  ) "Não. Possa ter morrido logo." (language: Galactic Common) (Followers of the Apocalypse (85, 57, 2))
[2021-05-17 02:35:24.653] TCOMMS: Dantesousa/(Dante Sousa) [Medical] (spans:  ) "Nos metemos em problemas com a enclave, espere." (language: Galactic Common) (Enclave (132, 20, 3))
[2021-05-17 02:35:24.665] TCOMMS: Baeiou/(Roderick Malkav) [Medical] (spans:  ) "Problema é, onde?" (language: Galactic Common) (Followers of the Apocalypse (85, 57, 2))
[2021-05-17 02:35:37.814] TCOMMS: Kaduh/(Tim Miller) [Medical] (spans:  ) "Provavelmente na mina eu acho" (language: Galactic Common) (Followers of the Apocalypse (101, 42, 3))
[2021-05-17 02:35:45.573] TCOMMS: Baeiou/(Roderick Malkav) [Medical] (spans:  ) "Deve ser." (language: Galactic Common) (Followers of the Apocalypse (79, 57, 2))
[2021-05-17 02:36:22.446] TCOMMS: Syndi-Pudim/(Fernadinho Beiramar) [148.9] (spans:  ) "Comando vermelho recrutando" (language: Galactic Common) (Brotherhood of Steel (168, 216, 2))
[2021-05-17 02:36:46.146] TCOMMS: FidgetyBacchus/(Yun-Seo Kierst) [Medical] (spans:  ) "A gente descobriu que a gente é vizinho dos enclave remnants." (language: Galactic Common) (Caves (118, 74, 3))
[2021-05-17 02:37:17.202] TCOMMS: Kaduh/(Tim Miller) [Medical] (spans:  ) "Vou fica de SSD por uns 3 minutos" (language: Galactic Common) (Followers of the Apocalypse (91, 59, 3))
[2021-05-17 02:37:51.399] TCOMMS: eversonblr/(Caitlin Ackerley) [BOS] (spans:  ) "Tudo bem ?" (language: Galactic Common) (Brotherhood of Steel Operations Department (228, 237, 3))
[2021-05-17 02:39:06.403] TCOMMS: Baeiou/(Roderick Malkav) [Medical] (spans:  ) "Seguinte... Precisa de mais semente não." (language: Galactic Common) (Wasteland (84, 60, 2))
[2021-05-17 02:40:17.485] TCOMMS: eversonblr/(Caitlin Ackerley) [BOS] (spans:  ) "Acho ?" (language: Galactic Common) (Wasteland (109, 181, 2))
[2021-05-17 02:41:11.176] TCOMMS: Kaduh/(Tim Miller) [Medical] (spans:  ) "Voltei quem ainda ta vivo" (language: Galactic Common) (Followers of the Apocalypse (86, 55, 3))
[2021-05-17 02:41:22.653] TCOMMS: FidgetyBacchus/(Yun-Seo Kierst) [Medical] (spans:  ) "Eu." (language: Galactic Common) (Followers of the Apocalypse (85, 51, 2))
[2021-05-17 02:41:28.443] TCOMMS: Baeiou/(Roderick Malkav) [Medical] (spans:  ) "Ainda vivo." (language: Galactic Common) (Followers of the Apocalypse (94, 56, 2))
[2021-05-17 02:41:34.828] TCOMMS: Kaduh/(Tim Miller) [Medical] (spans:  ) "Acho que nosso lider sumiu" (language: Galactic Common) (Followers of the Apocalypse (88, 55, 3))
[2021-05-17 02:41:42.460] TCOMMS: eversonblr/(Caitlin Ackerley) [BOS] (spans:  ) "Acho ?" (language: Galactic Common) (Wasteland (195, 132, 2))
[2021-05-17 02:41:44.569] TCOMMS: Baeiou/(Roderick Malkav) [Medical] (spans:  ) "Dava pra esperar." (language: Galactic Common) (Followers of the Apocalypse (94, 56, 2))
[2021-05-17 02:42:08.145] TCOMMS: FidgetyBacchus/(Yun-Seo Kierst) [Medical] (spans:  ) "Dante, tá vivo?" (language: Galactic Common) (Followers of the Apocalypse (84, 50, 2))
[2021-05-17 02:42:19.376] TCOMMS: eversonblr/(Caitlin Ackerley) [BOS] (spans:  ) "Acho eles ?" (language: Galactic Common) (Wasteland (175, 183, 2))
[2021-05-17 02:42:39.189] TCOMMS: Baeiou/(Roderick Malkav) [Medical] (spans:  ) "É... Morreu." (language: Galactic Common) (Followers of the Apocalypse (86, 50, 2))
[2021-05-17 02:42:48.924] TCOMMS: Kaduh/(Tim Miller) [Medical] (spans:  ) "Nem sensor a gente tem" (language: Galactic Common) (Followers of the Apocalypse (86, 54, 3))
[2021-05-17 02:43:05.639] TCOMMS: SondTheAnime/(Courier) [BOS] (spans:  ) "Alo" (language: Galactic Common) (Brotherhood of Steel (169, 220, 2))
[2021-05-17 02:43:05.660] TCOMMS: SondTheAnime/(Courier) [Common] (spans:  italics ) "Alo" (language: Galactic Common) (Brotherhood of Steel (169, 220, 2))
[2021-05-17 02:43:11.960] TCOMMS: guizog/(Bob Merlin) [Common] (spans:  ) "Alo quem fala" (language: Galactic Common) (City (71, 37, 2))
[2021-05-17 02:43:16.998] TCOMMS: Dantesousa/(Dante Sousa) [Medical] (spans:  ) "To voltando." (language: Galactic Common) (Bunker (174, 102, 3))
[2021-05-17 02:43:19.209] TCOMMS: eversonblr/(Caitlin Ackerley) [BOS] (spans:  ) "Acho eles ?" (language: Galactic Common) (Wasteland (119, 110, 2))
[2021-05-17 02:43:26.633] TCOMMS: FidgetyBacchus/(Yun-Seo Kierst) [Medical] (spans:  ) "Que susto porra." (language: Galactic Common) (Followers of the Apocalypse (85, 57, 3))
[2021-05-17 02:43:31.034] TCOMMS: SondTheAnime/(Courier) [BOS] (spans:  ) "Teste" (language: Galactic Common) (Brotherhood of Steel (169, 221, 2))
[2021-05-17 02:43:49.262] TCOMMS: SondTheAnime/(Courier) [BOS] (spans:  ) "PaladinO?" (language: Galactic Common) (Brotherhood of Steel (169, 221, 2))
[2021-05-17 02:43:54.648] TCOMMS: eversonblr/(Caitlin Ackerley) [BOS] (spans:  ) "Oi" (language: Galactic Common) (Wasteland (141, 64, 2))
[2021-05-17 02:44:00.605] TCOMMS: SondTheAnime/(Courier) [BOS] (spans:  ) "Cade você?" (language: Galactic Common) (Brotherhood of Steel (169, 222, 2))
[2021-05-17 02:44:04.635] TCOMMS: SondTheAnime/(Courier) [BOS] (spans:  ) "Matei um" (language: Galactic Common) (Brotherhood of Steel (169, 222, 2))
[2021-05-17 02:44:08.490] TCOMMS: eversonblr/(Caitlin Ackerley) [BOS] (spans:  ) "To andando pra ver se acho eles" (language: Galactic Common) (Wasteland (147, 66, 2))
[2021-05-17 02:44:10.257] TCOMMS: Kaduh/(Tim Miller) [Medical] (spans:  ) "Fiz aqui" (language: Galactic Common) (Followers of the Apocalypse (83, 56, 3))
[2021-05-17 02:44:19.699] TCOMMS: SondTheAnime/(Courier) [BOS] (spans:  ) "Levei o das nossas costas" (language: Galactic Common) (Brotherhood of Steel (169, 221, 2))
[2021-05-17 02:44:52.239] TCOMMS: SondTheAnime/(Courier) [BOS] (spans:  ) "Ta escuro acho melhorvoltar" (language: Galactic Common) (Brotherhood of Steel (168, 221, 2))
[2021-05-17 02:45:14.448] TCOMMS: eversonblr/(Caitlin Ackerley) [BOS] (spans:  ) "Qual clan era eles ?" (language: Galactic Common) (Wasteland (179, 196, 2))
[2021-05-17 02:45:21.062] TCOMMS: SondTheAnime/(Courier) [BOS] (spans:  ) "Wastelands eu acho" (language: Galactic Common) (Brotherhood of Steel (169, 222, 2))
[2021-05-17 02:45:23.931] TCOMMS: SondTheAnime/(Courier) [BOS] (spans:  ) "Não sei ao certo" (language: Galactic Common) (Brotherhood of Steel (169, 222, 2))
[2021-05-17 02:45:32.065] TCOMMS: SondTheAnime/(Courier) [BOS] (spans:  ) "Esse aqui tava cheio dos scraps" (language: Galactic Common) (Brotherhood of Steel (169, 222, 2))
[2021-05-17 02:45:41.964] TCOMMS: eversonblr/(Caitlin Ackerley) [BOS] (spans:  ) "Cade você" (language: Galactic Common) (Wasteland (178, 182, 2))
[2021-05-17 02:45:45.304] TCOMMS: SondTheAnime/(Courier) [BOS] (spans:  ) "QG" (language: Galactic Common) (Brotherhood of Steel (170, 220, 2))
[2021-05-17 02:47:05.088] TCOMMS: SondTheAnime/(Courier) [BOS] (spans:  ) "Levaram o ele" (language: Galactic Common) (Brotherhood of Steel (136, 237, 2))
[2021-05-17 02:49:15.036] TCOMMS: eversonblr/(Caitlin Ackerley) [BOS] (spans:  ) "Amanha vou atras dos water land" (language: Galactic Common) (Brotherhood of Steel Leisure Areas (219, 235, 3))
[2021-05-17 02:49:31.627] TCOMMS: FidgetyBacchus/(Yun-Seo Kierst) [Medical] (spans:  ) "Vocês sabem onde tem abraxo?" (language: Galactic Common) (Wasteland (118, 89, 2))
[2021-05-17 02:49:42.999] TCOMMS: SondTheAnime/(Courier) [BOS] (spans:  ) "Certo" (language: Galactic Common) (Brotherhood of Steel Medbay (236, 223, 3))
[2021-05-17 02:50:58.683] TCOMMS: FidgetyBacchus/(Yun-Seo Kierst) [Medical] (spans:  ) "Fudeu." (language: Galactic Common) (Followers of the Apocalypse (85, 53, 2))
[2021-05-17 02:52:28.420] TCOMMS: eversonblr/(Caitlin Ackerley) [BOS] (spans:  ) "To achando nãp" (language: Galactic Common) (Brotherhood of Steel Leisure Areas (229, 248, 3))
[2021-05-17 02:52:32.701] TCOMMS: eversonblr/(Caitlin Ackerley) [BOS] (spans:  ) "Achei" (language: Galactic Common) (Brotherhood of Steel Leisure Areas (230, 248, 3))
[2021-05-17 02:53:24.674] TCOMMS: Zero9e1/(Zack) [148.9] (spans:  ) "Abre" (language: Galactic Common) (Wasteland (168, 215, 2))
[2021-05-17 02:55:13.369] TCOMMS: Kaduh/(Tim Miller) [Medical] (spans:  ) "Chefe tem uma pessoa querendo entrar para usar o ORM" (language: Galactic Common) (Followers of the Apocalypse (86, 56, 2))
[2021-05-17 02:55:19.589] TCOMMS: Kaduh/(Tim Miller) [Medical] (spans:  ) "Pode deixar?" (language: Galactic Common) (Followers of the Apocalypse (86, 56, 2))
[2021-05-17 02:57:09.817] TCOMMS: SondTheAnime/(Courier) [BOS] (spans:  ) "Daria, poder checar la encima?" (language: Galactic Common) (Brotherhood of Steel Operations Department (232, 229, 3))
[2021-05-17 02:57:25.571] TCOMMS: SondTheAnime/(Courier) [BOS] (spans:  ) "Ver se ta tudo em ordem e mais nenhuma invasão" (language: Galactic Common) (Brotherhood of Steel Operations Department (232, 220, 3))
[2021-05-17 02:57:55.859] TCOMMS: eversonblr/(Daria Basinger) [BOS] (spans:  ) "Você deixo o portão aberto ?" (language: Galactic Common) (Brotherhood of Steel (170, 219, 2))
[2021-05-17 02:58:04.570] TCOMMS: SondTheAnime/(Courier) [BOS] (spans:  ) "Não..." (language: Galactic Common) (Brotherhood of Steel RnD Department (237, 194, 3))
[2021-05-17 02:58:12.772] TCOMMS: eversonblr/(Daria Basinger) [BOS] (spans:  ) "Pegaram id de alguem de nois então" (language: Galactic Common) (Brotherhood of Steel (175, 219, 2))
[2021-05-17 02:58:29.992] TCOMMS: Baeiou/(Roderick Malkav) [Medical] (spans:  ) "Bem... Troquei o local do caixão." (language: Galactic Common) (Followers of the Apocalypse (85, 49, 2))
[2021-05-17 02:58:34.890] TCOMMS: Baeiou/(Roderick Malkav) [Medical] (spans:  ) "Talvez possam limpar agora sem problemas." (language: Galactic Common) (Followers of the Apocalypse (85, 49, 2))
[2021-05-17 02:58:40.428] TCOMMS: SondTheAnime/(Courier) [BOS] (spans:  yell ) "O ID DO ESCRIBÃO!!" (language: Galactic Common) (Brotherhood of Steel Medbay (237, 218, 3))
[2021-05-17 02:58:44.712] TCOMMS: Nickenzo12345/(Rylie Mildred) [Common] (spans:  ) "Ncr daminada" (language: Galactic Common) (Wasteland (26, 215, 2))
[2021-05-17 02:58:47.379] TCOMMS: SondTheAnime/(Courier) [BOS] (spans:  ) "Vasculhe tudo" (language: Galactic Common) (Brotherhood of Steel Medbay (237, 218, 3))
[2021-05-17 02:58:50.688] TCOMMS: guizog/(Bob Merlin) [Common] (spans:  ) "Tabom puta" (language: Galactic Common) (North Bunker Elevator (45, 233, 4))
[2021-05-17 02:58:53.449] TCOMMS: guizog/(Bob Merlin) [Common] (spans:  ) "Ninguem perguntou" (language: Galactic Common) (North Bunker Elevator (45, 233, 4))
[2021-05-17 02:59:03.259] TCOMMS: eversonblr/(Daria Basinger) [BOS] (spans:  ) "Achei um palsma rifle" (language: Galactic Common) (Brotherhood of Steel RnD Department (233, 198, 3))
[2021-05-17 02:59:09.772] TCOMMS: Nickenzo12345/(Rylie Mildred) [Common] (spans:  ) "Quer tomar bala na cara?" (language: Galactic Common) (Wasteland (42, 186, 2))
[2021-05-17 02:59:18.554] TCOMMS: eversonblr/(Daria Basinger) [BOS] (spans:  ) "Oh" (language: Galactic Common) (Brotherhood of Steel RnD Department (235, 194, 3))
[2021-05-17 02:59:20.209] TCOMMS: SondTheAnime/(Courier) [BOS] (spans:  ) "Onde?" (language: Galactic Common) (Brotherhood of Steel Operations Department (244, 244, 3))
[2021-05-17 02:59:22.350] TCOMMS: eversonblr/(Daria Basinger) [BOS] (spans:  ) "É bem op" (language: Galactic Common) (Brotherhood of Steel RnD Department (235, 194, 3))
[2021-05-17 02:59:29.046] TCOMMS: eversonblr/(Daria Basinger) [BOS] (spans:  ) "Lá em cima" (language: Galactic Common) (Brotherhood of Steel RnD Department (236, 194, 3))
[2021-05-17 02:59:32.238] TCOMMS: SondTheAnime/(Courier) [BOS] (spans:  ) "Usaram em mim isso" (language: Galactic Common) (Brotherhood of Steel Operations Department (242, 238, 3))
[2021-05-17 02:59:36.909] TCOMMS: SondTheAnime/(Courier) [BOS] (spans:  ) "Eu deixei ai lembrei" (language: Galactic Common) (Brotherhood of Steel Operations Department (242, 238, 3))
[2021-05-17 03:01:16.034] TCOMMS: eversonblr/(Daria Basinger) [BOS] (spans:  ) "Vidro da botanica ta quebrado" (language: Galactic Common) (Brotherhood of Steel (161, 242, 2))
[2021-05-17 03:01:28.591] TCOMMS: SondTheAnime/(Courier) [BOS] (spans:  ) "Foi no tiroteio" (language: Galactic Common) (Brotherhood of Steel (133, 241, 2))
[2021-05-17 03:02:16.179] TCOMMS: guizog/(Bob Merlin) [Common] (spans:  ) "Putamerda tem deathclaw dentro da base da nc" (language: Galactic Common) (Wasteland (35, 199, 2))
[2021-05-17 03:02:17.844] TCOMMS: guizog/(Bob Merlin) [Common] (spans:  ) "Ncr" (language: Galactic Common) (Wasteland (35, 199, 2))
[2021-05-17 03:02:22.216] TCOMMS: guizog/(Bob Merlin) [Common] (spans:  ) "Tri bom" (language: Galactic Common) (Wasteland (35, 199, 2))
[2021-05-17 03:02:22.795] TCOMMS: Kaduh/(Tim Miller) [Medical] (spans:  ) "Nao tem como fazer patch?" (language: Galactic Common) (Followers of the Apocalypse (80, 56, 3))
[2021-05-17 03:02:46.253] TCOMMS: SondTheAnime/(Courier) [BOS] (spans:  ) "Star Knight cade você?" (language: Galactic Common) (Brotherhood of Steel (165, 232, 2))
[2021-05-17 03:03:09.039] TCOMMS: SondTheAnime/(Courier) [BOS] (spans:  ) "Daria?" (language: Galactic Common) (Brotherhood of Steel (154, 244, 2))
[2021-05-17 03:03:19.341] TCOMMS: eversonblr/(Daria Basinger) [BOS] (spans:  ) "Oi" (language: Galactic Common) (Brotherhood of Steel 1st Floor Offices (237, 249, 3))
[2021-05-17 03:03:19.854] TCOMMS: Baeiou/(Roderick Malkav) [Medical] (spans:  ) "Bem. Hora de dormir." (language: Galactic Common) (Caves (88, 64, 3))
[2021-05-17 03:03:26.255] TCOMMS: SondTheAnime/(Courier) [BOS] (spans:  ) "Cade você?" (language: Galactic Common) (Brotherhood of Steel (135, 237, 2))
[2021-05-17 03:03:30.010] TCOMMS: Baeiou/(Roderick Malkav) [Medical] (spans:  ) "Por um tempo, claro." (language: Galactic Common) (Caves (88, 64, 3))
[2021-05-17 03:03:31.536] TCOMMS: eversonblr/(Daria Basinger) [BOS] (spans:  ) "Estou subindo" (language: Galactic Common) (Brotherhood of Steel Operations Department (240, 230, 3))
[2021-05-17 03:03:58.417] TCOMMS: eversonblr/(Daria Basinger) [BOS] (spans:  ) "Mas vou sair de dia pra recupera as tecnologia" (language: Galactic Common) (Brotherhood of Steel (130, 237, 2))
[2021-05-17 03:04:20.939] TCOMMS: eversonblr/(Daria Basinger) [BOS] (spans:  ) "Pelo cara morto aque fora foi os waterland ne ?" (language: Galactic Common) (Brotherhood of Steel (165, 221, 2))
[2021-05-17 03:04:37.888] TCOMMS: SondTheAnime/(Courier) [BOS] (spans:  ) "Sim, mas talvez alguém ajudou" (language: Galactic Common) (Caves (221, 191, 3))
[2021-05-17 03:04:49.524] TCOMMS: SondTheAnime/(Courier) [BOS] (spans:  ) "Suspeito dos seguidores" (language: Galactic Common) (Brotherhood of Steel Mining (221, 197, 3))
[2021-05-17 03:04:52.258] TCOMMS: guizog/(Bob Merlin) [Common] (spans:  ) "Menos um engraçadao" (language: Galactic Common) (Wasteland (62, 185, 2))
[2021-05-17 03:04:56.873] TCOMMS: eversonblr/(Daria Basinger) [BOS] (spans:  ) "Deixa fica de dia" (language: Galactic Common) (Brotherhood of Steel (169, 224, 2))
[2021-05-17 03:05:00.331] TCOMMS: eversonblr/(Daria Basinger) [BOS] (spans:  ) "Que vou atras" (language: Galactic Common) (Brotherhood of Steel (168, 226, 2))
[2021-05-17 03:05:04.079] TCOMMS: Kaduh/(Tim Miller) [Medical] (spans:  ) "Js socorro" (language: Galactic Common) (Followers of the Apocalypse (93, 48, 2))
[2021-05-17 03:05:11.516] TCOMMS: eversonblr/(Daria Basinger) [BOS] (spans:  ) "Ou tu prefere que vou agora ?" (language: Galactic Common) (Brotherhood of Steel (162, 233, 2))
[2021-05-17 03:05:18.159] TCOMMS: Marco25555/(Nydia S. Highlands) [Medical] (spans:  yell ) "Nossa!!" (language: Galactic Common) (Followers of the Apocalypse (82, 51, 2))
[2021-05-17 03:05:40.324] TCOMMS: eversonblr/(Daria Basinger) [BOS] (spans:  ) "Sei um luga do lado aque que normalmente eles ficam" (language: Galactic Common) (Brotherhood of Steel (168, 222, 2))
[2021-05-17 03:05:44.832] TCOMMS: eversonblr/(Daria Basinger) [BOS] (spans:  ) "Quer ir lá ?" (language: Galactic Common) (Brotherhood of Steel (168, 222, 2))
[2021-05-17 03:05:49.238] TCOMMS: SondTheAnime/(Courier) [BOS] (spans:  ) "Humm" (language: Galactic Common) (Brotherhood of Steel RnD Department (231, 206, 3))
[2021-05-17 03:05:56.805] TCOMMS: SondTheAnime/(Courier) [BOS] (spans:  ) "Problema é a base ficar desprotegida" (language: Galactic Common) (Brotherhood of Steel RnD Department (231, 205, 3))
[2021-05-17 03:06:05.954] TCOMMS: SondTheAnime/(Courier) [BOS] (spans:  ) "Mas da pra ir agora" (language: Galactic Common) (Brotherhood of Steel RnD Department (234, 206, 3))
[2021-05-17 03:06:07.916] TCOMMS: eversonblr/(Daria Basinger) [BOS] (spans:  ) "Vai ser rapido" (language: Galactic Common) (Brotherhood of Steel (148, 237, 2))
[2021-05-17 03:06:15.409] TCOMMS: SondTheAnime/(Courier) [BOS] (spans:  ) "Tu tem night vision?" (language: Galactic Common) (Brotherhood of Steel RnD Department (234, 206, 3))
[2021-05-17 03:06:15.699] TCOMMS: eversonblr/(Daria Basinger) [BOS] (spans:  ) "To esperando você aque no portão" (language: Galactic Common) (Brotherhood of Steel (152, 237, 2))
[2021-05-17 03:06:18.764] TCOMMS: eversonblr/(Daria Basinger) [BOS] (spans:  ) "Tenho" (language: Galactic Common) (Brotherhood of Steel (156, 237, 2))
[2021-05-17 03:06:55.939] TCOMMS: SondTheAnime/(Courier) [BOS] (spans:  ) "Certo to subindo" (language: Galactic Common) (Brotherhood of Steel Operations Department (231, 227, 3))
[2021-05-17 03:11:50.242] TCOMMS: SondTheAnime/(Courier) [BOS] (spans:  ) "O Oasis fica perto dos seguidores" (language: Galactic Common) (Wasteland (92, 189, 2))
[2021-05-17 03:11:53.495] TCOMMS: SondTheAnime/(Courier) [BOS] (spans:  ) "Podem ser aliados" (language: Galactic Common) (Wasteland (92, 189, 2))
[2021-05-17 03:12:33.545] TCOMMS: eversonblr/(Daria Basinger) [BOS] (spans:  ) "Cade você" (language: Galactic Common) (Wasteland (107, 95, 2))
[2021-05-17 03:14:20.796] TCOMMS: Syndi-Pudim/(Fernadinho Beiramar) [Common] (spans:  ) "Eu declaro o oasis propriedade do comando vermelho." (language: Galactic Common) (Followers of the Apocalypse (86, 53, 2))
[2021-05-17 03:21:12.336] TCOMMS: eversonblr/(Daria Basinger) [BOS] (spans:  ) "To quebrando" (language: Galactic Common) (Village (159, 158, 2))
[2021-05-17 03:25:41.412] TCOMMS: SondTheAnime/(Courier) [Common] (spans:  ) "Infelizmente depois de declarar o Oasis properiedade do Comando Vermelho, foi abatido e morto." (language: Galactic Common) (Brotherhood of Steel Operations Department (231, 224, 3))
[2021-05-17 03:26:14.217] TCOMMS: marco25555/(Nydia S. Highlands) [Medical] (spans:  ) "Ny" (language: Galactic Common) (Followers of the Apocalypse (90, 50, 2))
[2021-05-17 03:31:20.885] TCOMMS: AlbertoVinhofino/(Elias Ivanov) [Vault] (spans:  ) "Alguém?" (language: Galactic Common) (Vault (49, 158, 4))
[2021-05-17 03:33:18.880] TCOMMS: SondTheAnime/(Courier) [BOS] (spans:  ) "Achei silver nas cavez" (language: Galactic Common) (Caves (212, 196, 3))
[2021-05-17 03:33:19.497] TCOMMS: eversonblr/(Daria Basinger) [Common] (spans:  ) "Tanta chuva que cai quero saber como esse deserto é seco" (language: Galactic Common) (Brotherhood of Steel (143, 237, 2))
[2021-05-17 03:33:33.065] TCOMMS: SondTheAnime/(Courier) [Common] (spans:  ) "Bomba Nuclear?" (language: Galactic Common) (Caves (214, 196, 3))
[2021-05-17 03:33:44.878] TCOMMS: SondTheAnime/(Courier) [Common] (spans:  ) "Radiação?" (language: Galactic Common) (Caves (213, 198, 3))
[2021-05-17 03:35:11.413] TCOMMS: eversonblr/(Daria Basinger) [BOS] (spans:  ) "Ta vivo ?" (language: Galactic Common) (Brotherhood of Steel RnD Department (233, 201, 3))
[2021-05-17 03:35:15.664] TCOMMS: SondTheAnime/(Courier) [BOS] (spans:  ) "To" (language: Galactic Common) (Caves (221, 192, 3))
[2021-05-17 03:35:22.256] TCOMMS: eversonblr/(Daria Basinger) [BOS] (spans:  ) "Onde tu ta" (language: Galactic Common) (Brotherhood of Steel RnD Department (233, 209, 3))
[2021-05-17 03:35:25.417] TCOMMS: SondTheAnime/(Courier) [BOS] (spans:  ) "Caves" (language: Galactic Common) (Brotherhood of Steel Mining (221, 197, 3))
[2021-05-17 03:36:19.002] TCOMMS: baeiou/(Roderick Malkav) [Medical] (spans:  ) "Alô?" (language: Galactic Common) (Wasteland (65, 119, 2))
[2021-05-17 03:36:23.912] TCOMMS: dantesousa/(Dante Sousa) [Medical] (spans:  ) "Vivo?!" (language: Galactic Common) (Followers of the Apocalypse (86, 47, 2))
[2021-05-17 03:36:27.324] TCOMMS: baeiou/(Roderick Malkav) [Medical] (spans:  ) "Dante. Você soube que eu fui sequestrado por um índio, né?" (language: Galactic Common) (Wasteland (70, 119, 2))
[2021-05-17 03:36:34.252] TCOMMS: dantesousa/(Dante Sousa) [Medical] (spans:  ) "Sim..." (language: Galactic Common) (Followers of the Apocalypse (86, 47, 2))
[2021-05-17 03:36:35.468] TCOMMS: eversonblr/(Daria Basinger) [BOS] (spans:  ) "Cade ce" (language: Galactic Common) (Caves (222, 190, 3))
[2021-05-17 03:36:41.214] TCOMMS: FidgetyBacchus/(Yun-Seo Kierst) [Medical] (spans:  ) "MEU DEUS" (language: Galactic Common) (Enclave (130, 18, 3))
[2021-05-17 03:36:41.255] TCOMMS: SondTheAnime/(Courier) [BOS] (spans:  ) "Caves" (language: Galactic Common) (Caves (208, 195, 3))
[2021-05-17 03:36:44.043] TCOMMS: baeiou/(Roderick Malkav) [Medical] (spans:  ) "Então? Posso matar este depois?" (language: Galactic Common) (Wasteland (78, 88, 2))
[2021-05-17 03:37:00.863] TCOMMS: dantesousa/(Dante Sousa) [Medical] (spans:  ) "Sim" (language: Galactic Common) (Followers of the Apocalypse (86, 46, 2))
[2021-05-17 03:37:07.989] TCOMMS: baeiou/(Roderick Malkav) [Medical] (spans:  ) "Ótimo. Ele quebrou a porta." (language: Galactic Common) (Wasteland (118, 40, 2))
[2021-05-17 03:37:08.651] TCOMMS: dantesousa/(Dante Sousa) [Medical] (spans:  ) "Chupe o sangue do mesmo" (language: Galactic Common) (Followers of the Apocalypse (86, 46, 2))
[2021-05-17 03:37:26.512] TCOMMS: SondTheAnime/(Courier) [BOS] (spans:  ) "Eu ja tava com essa drill..." (language: Galactic Common) (Caves (210, 196, 3))
[2021-05-17 03:38:00.497] TCOMMS: Luciam/(Victoria Valentine) [147.3] (spans:  ) "Foi" (language: Galactic Common) (Caves (85, 239, 2))
[2021-05-17 03:38:10.890] TCOMMS: eversonblr/(Daria Basinger) [BOS] (spans:  ) "Tirei o ninho do bixo" (language: Galactic Common) (Caves (218, 180, 3))
[2021-05-17 03:38:11.469] TCOMMS: brunoasbahr/(Montagne Marshall) [147.3] (spans:  ) "Alo" (language: Galactic Common) (Caves (84, 242, 2))
[2021-05-17 03:38:16.406] TCOMMS: SondTheAnime/(Courier) [BOS] (spans:  ) "Como?" (language: Galactic Common) (Caves (204, 197, 3))
[2021-05-17 03:38:23.994] TCOMMS: eversonblr/(Daria Basinger) [BOS] (spans:  ) "So passei a faca no ninho" (language: Galactic Common) (Caves (214, 183, 3))
[2021-05-17 03:38:24.000] TCOMMS: FidgetyBacchus/(Yun-Seo Kierst) [Medical] (spans:  ) "Dante, onde tu tá?" (language: Galactic Common) (Followers of the Apocalypse (85, 56, 2))
[2021-05-17 03:38:28.649] TCOMMS: SondTheAnime/(Courier) [BOS] (spans:  ) "Aa..." (language: Galactic Common) (Caves (204, 201, 3))
[2021-05-17 03:38:32.354] TCOMMS: FidgetyBacchus/(Yun-Seo Kierst) [Medical] (spans:  ) "Achei umas combat armor" (language: Galactic Common) (Followers of the Apocalypse (85, 56, 2))
[2021-05-17 03:38:32.462] TCOMMS: dantesousa/(Dante Sousa) [Medical] (spans:  ) "Na clinica" (language: Galactic Common) (Wasteland (84, 62, 2))
[2021-05-17 03:38:37.886] TCOMMS: brunoasbahr/(Montagne Marshall) [147.3] (spans:  ) "147.3" (language: Galactic Common) (Caves (84, 241, 2))
[2021-05-17 03:38:37.912] TCOMMS: brunoasbahr/(Montagne Marshall) [Common] (spans:  ) "147.3" (language: Galactic Common) (Caves (84, 241, 2))
[2021-05-17 03:38:40.303] TCOMMS: Luciam/(Victoria Valentine) [147.3] (spans:  ) "Tem bala e cartunho?" (language: Galactic Common) (Caves (87, 239, 2))
[2021-05-17 03:38:40.323] TCOMMS: Luciam/(Victoria Valentine) [Common] (spans:  ) "Tem bala e cartunho?" (language: Galactic Common) (Caves (87, 239, 2))
[2021-05-17 03:38:41.857] TCOMMS: Luciam/(Victoria Valentine) [147.3] (spans:  ) "Aoba" (language: Galactic Common) (Caves (87, 239, 2))
[2021-05-17 03:38:41.878] TCOMMS: Luciam/(Victoria Valentine) [Common] (spans:  italics ) "Aoba" (language: Galactic Common) (Caves (87, 239, 2))
[2021-05-17 03:39:06.032] TCOMMS: eversonblr/(Daria Basinger) [BOS] (spans:  ) "Tirei não" (language: Galactic Common) (Caves (215, 193, 3))
[2021-05-17 03:39:12.099] TCOMMS: SondTheAnime/(Courier) [BOS] (spans:  ) "Sabia" (language: Galactic Common) (Caves (200, 202, 3))
[2021-05-17 03:39:23.168] TCOMMS: SondTheAnime/(Courier) [BOS] (spans:  ) "Eu tentei tirar na faca" (language: Galactic Common) (Caves (202, 200, 3))
[2021-05-17 03:39:42.456] TCOMMS: eversonblr/(Daria Basinger) [BOS] (spans:  ) "Tu tem madeira ai ?" (language: Galactic Common) (Brotherhood of Steel RnD Department (235, 200, 3))
[2021-05-17 03:39:47.526] TCOMMS: SondTheAnime/(Courier) [BOS] (spans:  ) "Nope" (language: Galactic Common) (Caves (199, 196, 3))
[2021-05-17 03:39:56.791] TCOMMS: SondTheAnime/(Courier) [BOS] (spans:  ) "Comigo não" (language: Galactic Common) (Caves (199, 201, 3))
[2021-05-17 03:39:57.559] TCOMMS: baeiou/(Roderick Malkav) [Medical] (spans:  ) "Temos um desfibrilador?" (language: Galactic Common) (Followers of the Apocalypse (82, 44, 2))
[2021-05-17 03:40:05.231] TCOMMS: eversonblr/(Daria Basinger) [BOS] (spans:  ) "Vou fazer" (language: Galactic Common) (Brotherhood of Steel (133, 237, 2))
[2021-05-17 03:42:29.900] TCOMMS: SondTheAnime/(Courier) [BOS] (spans:  ) "Tu ta la encima?" (language: Galactic Common) (Brotherhood of Steel RnD Department (234, 202, 3))
[2021-05-17 03:44:21.286] TCOMMS: eversonblr/(Daria Basinger) [BOS] (spans:  ) "Saiu arma no buraco" (language: Galactic Common) (Caves (203, 178, 3))
[2021-05-17 03:44:26.789] TCOMMS: SondTheAnime/(Courier) [BOS] (spans:  ) "Arma?" (language: Galactic Common) (Caves (202, 192, 3))
[2021-05-17 03:44:43.165] TCOMMS: SondTheAnime/(Courier) [BOS] (spans:  ) "Interessante" (language: Galactic Common) (Caves (212, 184, 3))
[2021-05-17 03:45:33.844] TCOMMS: eversonblr/(Daria Basinger) [BOS] (spans:  ) "Saiu mais arma" (language: Galactic Common) (Caves (186, 188, 3))
[2021-05-17 03:45:44.958] TCOMMS: SondTheAnime/(Courier) [BOS] (spans:  ) "Se for forte leva pra dentro" (language: Galactic Common) (Caves (198, 189, 3))
[2021-05-17 03:45:46.467] TCOMMS: eversonblr/(Daria Basinger) [BOS] (spans:  ) "Acho que coloca escravo pra minerar seria perigoso" (language: Galactic Common) (Caves (188, 188, 3))
[2021-05-17 03:45:51.509] TCOMMS: SondTheAnime/(Courier) [BOS] (spans:  ) "Se não deixa ai e depois pega" (language: Galactic Common) (Caves (198, 189, 3))
[2021-05-17 03:46:00.323] TCOMMS: eversonblr/(Daria Basinger) [BOS] (spans:  ) "É uma hunting shotgun" (language: Galactic Common) (Caves (186, 188, 3))
[2021-05-17 03:46:06.654] TCOMMS: SondTheAnime/(Courier) [BOS] (spans:  ) "Depois pega" (language: Galactic Common) (Caves (196, 191, 3))
[2021-05-17 03:46:33.217] TCOMMS: eversonblr/(Daria Basinger) [BOS] (spans:  ) "Acho que somos os unico que temos um local de mineração na abse" (language: Galactic Common) (Caves (200, 191, 3))
[2021-05-17 03:46:41.397] TCOMMS: SondTheAnime/(Courier) [BOS] (spans:  ) "Os outros tem" (language: Galactic Common) (Caves (197, 204, 3))
[2021-05-17 03:46:51.742] TCOMMS: SondTheAnime/(Courier) [BOS] (spans:  ) "Legião, enclave, NCR" (language: Galactic Common) (Caves (198, 201, 3))
[2021-05-17 03:46:54.404] TCOMMS: SondTheAnime/(Courier) [BOS] (spans:  ) "Tudo tem" (language: Galactic Common) (Caves (198, 201, 3))
[2021-05-17 03:46:59.529] TCOMMS: eversonblr/(Daria Basinger) [BOS] (spans:  ) "Tendi" (language: Galactic Common) (Caves (200, 200, 3))
[2021-05-17 03:47:09.886] TCOMMS: SondTheAnime/(Courier) [BOS] (spans:  ) "Mas a nossa é maior eu acho" (language: Galactic Common) (Caves (201, 205, 3))
[2021-05-17 03:47:14.056] TCOMMS: SondTheAnime/(Courier) [BOS] (spans:  ) "E tem mais monstro" (language: Galactic Common) (Caves (201, 205, 3))
[2021-05-17 03:47:21.984] TCOMMS: SondTheAnime/(Courier) [BOS] (spans:  ) "Cuidado pode ter deathclaw aqui" (language: Galactic Common) (Caves (201, 205, 3))
[2021-05-17 03:47:48.994] TCOMMS: eversonblr/(Daria Basinger) [BOS] (spans:  ) "To pegando os minerio do chão" (language: Galactic Common) (Caves (196, 190, 3))
[2021-05-17 03:47:55.061] TCOMMS: FidgetyBacchus/(Yun-Seo Kierst) [Medical] (spans:  ) "Achei dois guns and bullets" (language: Galactic Common) (Radiation (228, 240, 4))
[2021-05-17 03:47:59.749] TCOMMS: SondTheAnime/(Courier) [BOS] (spans:  ) "Pega com a caixa e leva pra dentro" (language: Galactic Common) (Caves (195, 205, 3))
[2021-05-17 03:48:01.334] TCOMMS: FidgetyBacchus/(Yun-Seo Kierst) [Medical] (spans:  ) "Falta o volume 1" (language: Galactic Common) (Radiation (228, 240, 4))
[2021-05-17 03:48:05.540] TCOMMS: SondTheAnime/(Courier) [BOS] (spans:  ) "E joga a caixa na esteira" (language: Galactic Common) (Caves (195, 204, 3))
[2021-05-17 03:49:26.694] TCOMMS: eversonblr/(Daria Basinger) [BOS] (spans:  ) "Oque vai querer de equipamentos ?" (language: Galactic Common) (Brotherhood of Steel RnD Department (235, 199, 3))
[2021-05-17 03:49:59.924] TCOMMS: SondTheAnime/(Courier) [BOS] (spans:  ) "Não sei" (language: Galactic Common) (Caves (196, 204, 3))
[2021-05-17 03:50:15.389] TCOMMS: baeiou/(Roderick Malkav) [Medical] (spans:  ) "O índio quebrou a janela da entrada." (language: Galactic Common) (Followers of the Apocalypse (89, 56, 2))
[2021-05-17 03:50:17.323] TCOMMS: SondTheAnime/(Courier) [BOS] (spans:  ) "Seria bom Ion pra combater o Enclave, mas não sei se tem como fazer" (language: Galactic Common) (Caves (196, 204, 3))
[2021-05-17 03:50:24.035] TCOMMS: eversonblr/(Daria Basinger) [BOS] (spans:  ) "Tem não" (language: Galactic Common) (Brotherhood of Steel Mining (225, 203, 3))
[2021-05-17 03:50:28.767] TCOMMS: SondTheAnime/(Courier) [BOS] (spans:  ) "Triste" (language: Galactic Common) (Caves (198, 207, 3))
[2021-05-17 03:50:36.415] TCOMMS: eversonblr/(Daria Basinger) [BOS] (spans:  ) "Tu não tem ion ?" (language: Galactic Common) (Brotherhood of Steel Mining (225, 203, 3))
[2021-05-17 03:50:43.932] TCOMMS: SondTheAnime/(Courier) [BOS] (spans:  ) "Tenho pior" (language: Galactic Common) (Caves (201, 208, 3))
[2021-05-17 03:50:46.862] TCOMMS: SondTheAnime/(Courier) [BOS] (spans:  ) "É verdade" (language: Galactic Common) (Caves (201, 208, 3))
[2021-05-17 03:50:51.641] TCOMMS: SondTheAnime/(Courier) [BOS] (spans:  ) "Tinha esquecido" (language: Galactic Common) (Caves (201, 208, 3))
[2021-05-17 03:53:59.636] TCOMMS: SondTheAnime/(Courier) [BOS] (spans:  ) "Achei uranio até que fim" (language: Galactic Common) (Caves (195, 217, 3))
[2021-05-17 03:55:55.046] TCOMMS: baeiou/(Roderick Malkav) [Medical] (spans:  ) "Teste... Um." (language: Galactic Common) (Followers of the Apocalypse (86, 46, 2))
[2021-05-17 03:56:12.977] TCOMMS: eversonblr/(Daria Basinger) [BOS] (spans:  ) "Atualzei umas maquinas" (language: Galactic Common) (Brotherhood of Steel Operations Department (223, 223, 3))
[2021-05-17 03:56:17.661] TCOMMS: eversonblr/(Daria Basinger) [BOS] (spans:  ) "Vou ver lá em cima" (language: Galactic Common) (Brotherhood of Steel Operations Department (224, 226, 3))
[2021-05-17 03:56:23.362] TCOMMS: SondTheAnime/(Courier) [BOS] (spans:  ) "Certo" (language: Galactic Common) (Caves (188, 201, 3))
[2021-05-17 03:56:39.610] TCOMMS: eversonblr/(Daria Basinger) [BOS] (spans:  ) "Se quiser ja pode para de minerar" (language: Galactic Common) (Brotherhood of Steel Operations Department (228, 237, 3))
[2021-05-17 03:56:57.010] TCOMMS: eversonblr/(Daria Basinger) [Common] (spans:  ) "Alguem vivo ainda ?" (language: Galactic Common) (Brotherhood of Steel (165, 231, 2))
[2021-05-17 03:57:15.731] TCOMMS: eversonblr/(Daria Basinger) [Common] (spans:  ) "Vixe todo mundo morreu" (language: Galactic Common) (Brotherhood of Steel (171, 221, 2))
[2021-05-17 03:57:28.797] TCOMMS: eversonblr/(Daria Basinger) [BOS] (spans:  ) "Irei da uma saida" (language: Galactic Common) (Brotherhood of Steel (169, 219, 2))
[2021-05-17 03:57:35.173] TCOMMS: SondTheAnime/(Courier) [BOS] (spans:  ) "Talvez não queriam responder" (language: Galactic Common) (Brotherhood of Steel Mining (221, 197, 3))
[2021-05-17 03:57:43.330] TCOMMS: SondTheAnime/(Courier) [BOS] (spans:  ) "Cuidado" (language: Galactic Common) (Brotherhood of Steel Mining (220, 197, 3))
[2021-05-17 03:57:43.729] TCOMMS: eversonblr/(Daria Basinger) [BOS] (spans:  ) "Eu sei" (language: Galactic Common) (Wasteland (182, 188, 2))
[2021-05-17 03:59:04.922] TCOMMS: eversonblr/(Daria Basinger) [BOS] (spans:  ) "Tem gente viva sim" (language: Galactic Common) (Wasteland (142, 168, 2))
[2021-05-17 03:59:29.411] TCOMMS: SondTheAnime/(Courier) [BOS] (spans:  ) "Aqueles sucateiros eles não tretam com ninguém, vivem bem." (language: Galactic Common) (Brotherhood of Steel RnD Department (231, 206, 3))
[2021-05-17 03:59:41.435] TCOMMS: eversonblr/(Daria Basinger) [BOS] (spans:  ) "Eles tavam me perseguindo" (language: Galactic Common) (Wasteland (169, 208, 2))
[2021-05-17 03:59:50.799] TCOMMS: eversonblr/(Daria Basinger) [BOS] (spans:  ) "Dibrei eles" (language: Galactic Common) (Brotherhood of Steel (170, 218, 2))
[2021-05-17 04:00:08.515] TCOMMS: eversonblr/(Daria Basinger) [BOS] (spans:  ) "So não atirei porque não atiraram" (language: Galactic Common) (Brotherhood of Steel (164, 231, 2))
[2021-05-17 04:00:44.651] TCOMMS: SondTheAnime/(Courier) [BOS] (spans:  ) "Não atire em estranho antes deles atirarem em você." (language: Galactic Common) (Brotherhood of Steel RnD Department (234, 200, 3))
[2021-05-17 04:00:45.201] TCOMMS: eversonblr/(Daria Basinger) [BOS] (spans:  ) "Podemos vender equipametnos de engenharia pros sucateiro" (language: Galactic Common) (Brotherhood of Steel (175, 218, 2))
[2021-05-17 04:01:00.587] TCOMMS: eversonblr/(Daria Basinger) [BOS] (spans:  ) "Que tu acha ?" (language: Galactic Common) (Brotherhood of Steel (175, 220, 2))
[2021-05-17 04:01:05.254] TCOMMS: baeiou/(Roderick Malkav) [Medical] (spans:  ) "Tchu. Tchu. Alguém na escuta?" (language: Galactic Common) (Followers of the Apocalypse (83, 44, 2))
[2021-05-17 04:01:09.928] TCOMMS: SondTheAnime/(Courier) [BOS] (spans:  ) "Hummm se eles tiverem caps pra comprar" (language: Galactic Common) (Brotherhood of Steel RnD Department (235, 199, 3))
[2021-05-17 04:01:20.232] TCOMMS: eversonblr/(Daria Basinger) [BOS] (spans:  ) "Ou se eles tiverem cosias tecnologicos" (language: Galactic Common) (Brotherhood of Steel (140, 237, 2))
[2021-05-17 04:01:28.330] TCOMMS: SondTheAnime/(Courier) [BOS] (spans:  ) "Também" (language: Galactic Common) (Brotherhood of Steel RnD Department (228, 199, 3))
[2021-05-17 04:01:29.275] TCOMMS: baeiou/(Roderick Malkav) [Medical] (spans:  ) "Ninguém? Que pena." (language: Galactic Common) (Followers of the Apocalypse (83, 44, 2))
[2021-05-17 04:01:56.487] TCOMMS: baeiou/(Roderick Malkav) [Medical] (spans:  ) "Alô?" (language: Galactic Common) (Followers of the Apocalypse (83, 44, 2))
[2021-05-17 04:02:02.556] TCOMMS: baeiou/(Roderick Malkav) [Medical] (spans:  ) "Tchu. Tchu. Se lembram do índio?" (language: Galactic Common) (Followers of the Apocalypse (83, 44, 2))
[2021-05-17 04:07:51.508] TCOMMS: SondTheAnime/(Courier) [BOS] (spans:  ) "Pesquisei o bagulho de granada" (language: Galactic Common) (Brotherhood of Steel RnD Department (232, 205, 3))
[2021-05-17 04:10:38.452] TCOMMS: SondTheAnime/(Courier) [BOS] (spans:  ) "To lendo essas blueprint para aprender a fazer as armas" (language: Galactic Common) (Brotherhood of Steel RnD Department (238, 194, 3))
[2021-05-17 04:10:52.480] TCOMMS: eversonblr/(Daria Basinger) [BOS] (spans:  ) "Ela so ensina fazer uma arma" (language: Galactic Common) (Brotherhood of Steel RnD Department (235, 199, 3))
[2021-05-17 04:11:04.731] TCOMMS: SondTheAnime/(Courier) [BOS] (spans:  ) "Cada blueprint é pra cada arma" (language: Galactic Common) (Brotherhood of Steel RnD Department (238, 195, 3))
[2021-05-17 04:13:06.732] TCOMMS: SondTheAnime/(Courier) [BOS] (spans:  ) "To com 223 caps" (language: Galactic Common) (Brotherhood of Steel Operations Department (231, 223, 3))
[2021-05-17 04:13:17.551] TCOMMS: SondTheAnime/(Courier) [BOS] (spans:  ) "Da pra comprar livro numas loja de robos" (language: Galactic Common) (Brotherhood of Steel Operations Department (231, 223, 3))
[2021-05-17 04:13:28.257] TCOMMS: eversonblr/(Daria Basinger) [BOS] (spans:  ) "COmpra lá" (language: Galactic Common) (Brotherhood of Steel RnD Department (233, 194, 3))
[2021-05-17 04:14:11.999] TCOMMS: fidgetybacchus/(Yun-Seo Kierst) [Medical] (spans:  ) "A gente encontrou uma power armor" (language: Galactic Common) (Radiation (229, 229, 4))
[2021-05-17 04:19:34.616] TCOMMS: eversonblr/(Daria Basinger) [Common] (spans:  ) "Sucateiros ?" (language: Galactic Common) (Brotherhood of Steel RnD Department (235, 204, 3))
[2021-05-17 04:19:52.534] TCOMMS: eversonblr/(Daria Basinger) [Common] (spans:  ) "Sucateiros ?" (language: Galactic Common) (Brotherhood of Steel (127, 237, 2))
[2021-05-17 04:20:03.540] TCOMMS: eversonblr/(Daria Basinger) [Common] (spans:  ) "Se estiverem ouvindo respondam é novidade pra vocês" (language: Galactic Common) (Brotherhood of Steel (132, 237, 2))
[2021-05-17 04:20:30.671] TCOMMS: SondTheAnime/(Courier) [BOS] (spans:  ) "Aff os livros aqui ta mais caro do que lembrava" (language: Galactic Common) (Wasteland (240, 93, 2))
[2021-05-17 04:20:36.812] TCOMMS: eversonblr/(Daria Basinger) [BOS] (spans:  ) "Vixe" (language: Galactic Common) (Brotherhood of Steel (173, 218, 2))
[2021-05-17 04:20:50.427] TCOMMS: eversonblr/(Daria Basinger) [Common] (spans:  ) "Sucateiros ?" (language: Galactic Common) (Brotherhood of Steel (173, 216, 2))
[2021-05-17 04:20:53.886] TCOMMS: eversonblr/(Daria Basinger) [Common] (spans:  ) "Waterland ?" (language: Galactic Common) (Brotherhood of Steel (173, 216, 2))
[2021-05-17 04:21:04.850] TCOMMS: eversonblr/(Daria Basinger) [BOS] (spans:  ) "Vou ir na base deles tenta conversa com eles" (language: Galactic Common) (Brotherhood of Steel (175, 220, 2))
[2021-05-17 04:21:28.708] TCOMMS: SondTheAnime/(Courier) [BOS] (spans:  ) "Ok" (language: Galactic Common) (Legion (243, 31, 2))
[2021-05-17 04:22:20.848] TCOMMS: eversonblr/(Daria Basinger) [BOS] (spans:  ) "Achei um negocio doido" (language: Galactic Common) (Wasteland (101, 229, 2))
[2021-05-17 04:22:26.455] TCOMMS: SondTheAnime/(Courier) [BOS] (spans:  ) "O que?" (language: Galactic Common) (Wasteland (149, 65, 2))
[2021-05-17 04:22:34.907] TCOMMS: eversonblr/(Daria Basinger) [BOS] (spans:  ) "Na parte do sucateiro tem um elevador que leva pr aum luga doido" (language: Galactic Common) (Wasteland (98, 227, 2))
[2021-05-17 04:22:49.187] TCOMMS: SondTheAnime/(Courier) [BOS] (spans:  ) "Acho que sei o que, cuidado pode ter monstro" (language: Galactic Common) (Wasteland (98, 66, 2))
[2021-05-17 04:23:33.399] TCOMMS: SondTheAnime/(Courier) [BOS] (spans:  ) "To no oasis" (language: Galactic Common) (Caves (72, 34, 3))
[2021-05-17 04:24:26.365] TCOMMS: SondTheAnime/(Courier) [BOS] (spans:  ) "Daria" (language: Galactic Common) (Wasteland (60, 79, 2))
[2021-05-17 04:24:40.406] TCOMMS: fidgetybacchus/(Yun-Seo Kierst) [Medical] (spans:  ) "Roderick tá vivo?" (language: Galactic Common) (Followers of the Apocalypse (86, 45, 2))
[2021-05-17 04:24:41.864] TCOMMS: eversonblr/(Daria Basinger) [BOS] (spans:  ) "Sim ?" (language: Galactic Common) (Wasteland (108, 186, 2))
[2021-05-17 04:24:50.490] TCOMMS: SondTheAnime/(Courier) [BOS] (spans:  ) "Eu roubei umas blueprints do Oasis hehe" (language: Galactic Common) (Wasteland (79, 132, 2))
[2021-05-17 04:24:58.412] TCOMMS: eversonblr/(Daria Basinger) [BOS] (spans:  ) "Boa" (language: Galactic Common) (Wasteland (177, 184, 2))
[2021-05-17 04:25:10.689] TCOMMS: SondTheAnime/(Courier) [BOS] (spans:  ) "Tinha muita coisa la, mas não tinha como levar" (language: Galactic Common) (Wasteland (97, 159, 2))
[2021-05-17 04:25:16.014] TCOMMS: SondTheAnime/(Courier) [BOS] (spans:  ) "Peguei so as blueprints" (language: Galactic Common) (Wasteland (97, 164, 2))
[2021-05-17 04:26:02.151] TCOMMS: baeiou/(Roderick Malkav) [Medical] (spans:  ) "Sim." (language: Galactic Common) (Caves (85, 64, 3))
[2021-05-17 04:26:16.492] TCOMMS: fidgetybacchus/(Yun-Seo Kierst) [Medical] (spans:  ) "A gente encontrou muita coisa" (language: Galactic Common) (Followers of the Apocalypse (85, 46, 2))
[2021-05-17 04:26:26.803] TCOMMS: SondTheAnime/(Courier) [BOS] (spans:  ) "Daria, posição." (language: Galactic Common) (Wasteland (95, 220, 2))
[2021-05-17 04:26:27.782] TCOMMS: fidgetybacchus/(Yun-Seo Kierst) [Medical] (spans:  ) "Inclusive uma power armor e uma deathclaw cloak" (language: Galactic Common) (Followers of the Apocalypse (85, 46, 2))
[2021-05-17 04:26:56.131] TCOMMS: SondTheAnime/(Courier) [BOS] (spans:  ) "Daria?" (language: Galactic Common) (Wasteland (142, 183, 2))
[2021-05-17 04:27:02.566] TCOMMS: eversonblr/(Daria Basinger) [BOS] (spans:  ) "To na base" (language: Galactic Common) (Brotherhood of Steel (173, 217, 2))
[2021-05-17 04:27:06.533] TCOMMS: SondTheAnime/(Courier) [BOS] (spans:  ) "Ata susto" (language: Galactic Common) (Wasteland (178, 185, 2))
[2021-05-17 04:27:13.541] TCOMMS: SondTheAnime/(Courier) [BOS] (spans:  ) "Pensei que tinha ido dessa pra pior" (language: Galactic Common) (Wasteland (178, 185, 2))
[2021-05-17 04:27:36.033] TCOMMS: Luciam/(Victoria Valentine) [147.3] (spans:  ) "Aoba?" (language: Galactic Common) (Caves (90, 240, 2))
[2021-05-17 04:27:46.574] TCOMMS: SondTheAnime/(Courier) [BOS] (spans:  ) "Vou levar as blueprints la pra baixo" (language: Galactic Common) (Brotherhood of Steel (166, 228, 2))
[2021-05-17 04:28:19.660] TCOMMS: eversonblr/(Daria Basinger) [BOS] (spans:  ) "Negocio 3 blueprints" (language: Galactic Common) (Brotherhood of Steel (170, 218, 2))
[2021-05-17 04:28:35.847] TCOMMS: eversonblr/(Daria Basinger) [BOS] (spans:  ) "Acho que vai da pra epsquisa tudo" (language: Galactic Common) (Brotherhood of Steel (175, 219, 2))
[2021-05-17 04:28:48.227] TCOMMS: SondTheAnime/(Courier) [BOS] (spans:  ) "Ta negociando o que?" (language: Galactic Common) (Brotherhood of Steel RnD Department (236, 194, 3))
[2021-05-17 04:29:01.022] TCOMMS: eversonblr/(Daria Basinger) [BOS] (spans:  ) "Negocie 3 blue prints" (language: Galactic Common) (Brotherhood of Steel (127, 237, 2))
[2021-05-17 04:29:11.641] TCOMMS: SondTheAnime/(Courier) [BOS] (spans:  ) "Se quer negociar as blueprints?" (language: Galactic Common) (Brotherhood of Steel RnD Department (237, 193, 3))
[2021-05-17 04:29:24.308] TCOMMS: eversonblr/(Daria Basinger) [BOS] (spans:  ) "O cara me deu 3 blue prints" (language: Galactic Common) (Brotherhood of Steel Operations Department (228, 240, 3))
[2021-05-17 04:29:28.969] TCOMMS: SondTheAnime/(Courier) [BOS] (spans:  ) "Aa" (language: Galactic Common) (Brotherhood of Steel RnD Department (237, 193, 3))
[2021-05-17 04:29:34.274] TCOMMS: SondTheAnime/(Courier) [BOS] (spans:  ) "Em troca do que?" (language: Galactic Common) (Brotherhood of Steel RnD Department (237, 193, 3))
[2021-05-17 04:29:36.102] TCOMMS: eversonblr/(Daria Basinger) [BOS] (spans:  ) "Por weld e por dril e por uma jaw sla oq" (language: Galactic Common) (Brotherhood of Steel Operations Department (228, 240, 3))
[2021-05-17 04:29:46.614] TCOMMS: SondTheAnime/(Courier) [BOS] (spans:  ) "Posso fazer aqui" (language: Galactic Common) (Brotherhood of Steel RnD Department (230, 199, 3))
[2021-05-17 04:29:50.610] TCOMMS: SondTheAnime/(Courier) [BOS] (spans:  ) "So falar que eu levro" (language: Galactic Common) (Brotherhood of Steel RnD Department (230, 199, 3))
[2021-05-17 04:29:52.349] TCOMMS: eversonblr/(Daria Basinger) [BOS] (spans:  ) "Vou fazer ferramenta mas avançanda ainda heheh" (language: Galactic Common) (Brotherhood of Steel Operations Department (228, 231, 3))
[2021-05-17 04:30:13.745] TCOMMS: SondTheAnime/(Courier) [BOS] (spans:  ) "Vou ler as blueprints" (language: Galactic Common) (Brotherhood of Steel RnD Department (238, 194, 3))
[2021-05-17 04:31:58.681] TCOMMS: eversonblr/(Daria Basinger) [Common] (spans:  ) "Alguem tem ferramenta aleligena ?" (language: Galactic Common) (Brotherhood of Steel RnD Department (235, 199, 3))
[2021-05-17 04:32:07.029] TCOMMS: SondTheAnime/(Courier) [BOS] (spans:  ) "Vou tentar fazer esse rifle de anti-material" (language: Galactic Common) (Brotherhood of Steel RnD Department (238, 194, 3))
[2021-05-17 04:37:00.276] TCOMMS: SondTheAnime/(Courier) [BOS] (spans:  ) "Vou pegar scraps" (language: Galactic Common) (Brotherhood of Steel RnD Department (227, 209, 3))
[2021-05-17 04:40:17.652] TCOMMS: johonasmexicanjo/(Heather Rose) [BOS] (spans:  ) "Hola." (language: Galactic Common) (Brotherhood of Steel 1st Floor Offices (235, 247, 3))
[2021-05-17 04:40:28.692] TCOMMS: SondTheAnime/(Courier) [BOS] (spans:  ) "Ola" (language: Galactic Common) (Brotherhood of Steel (170, 222, 2))
[2021-05-17 04:40:47.248] TCOMMS: SondTheAnime/(Courier) [BOS] (spans:  ) "Identifique-se, Heather." (language: Galactic Common) (Brotherhood of Steel (170, 222, 2))
[2021-05-17 04:41:01.112] TCOMMS: johonasmexicanjo/(Heather Rose) [BOS] (spans:  ) "Star Knight Heather Rose." (language: Galactic Common) (Brotherhood of Steel 1st Floor Offices (236, 245, 3))
[2021-05-17 04:41:13.062] TCOMMS: SondTheAnime/(Courier) [BOS] (spans:  ) "Certo, Dina onde se tá?" (language: Galactic Common) (Brotherhood of Steel (169, 221, 2))
[2021-05-17 04:41:23.629] TCOMMS: SondTheAnime/(Courier) [BOS] (spans:  ) "Diara" (language: Galactic Common) (Brotherhood of Steel (169, 221, 2))
[2021-05-17 04:41:50.516] TCOMMS: SondTheAnime/(Courier) [BOS] (spans:  ) "Daira?" (language: Galactic Common) (Brotherhood of Steel (169, 221, 2))
[2021-05-17 04:42:18.245] TCOMMS: SondTheAnime/(Courier) [BOS] (spans:  ) "Daira, posição." (language: Galactic Common) (Brotherhood of Steel (168, 220, 2))
[2021-05-17 04:43:24.096] TCOMMS: SondTheAnime/(Courier) [BOS] (spans:  ) "Heather, posição." (language: Galactic Common) (Brotherhood of Steel (170, 219, 2))
[2021-05-17 04:44:01.182] TCOMMS: SondTheAnime/(Courier) [BOS] (spans:  ) "Heather?" (language: Galactic Common) (Brotherhood of Steel (170, 219, 2))
[2021-05-17 04:44:07.695] TCOMMS: johonasmexicanjo/(Heather Rose) [BOS] (spans:  ) "Eu tô na base." (language: Galactic Common) (Brotherhood of Steel Leisure Areas (231, 248, 3))
[2021-05-17 04:44:12.568] TCOMMS: SondTheAnime/(Courier) [BOS] (spans:  ) "Certo" (language: Galactic Common) (Wasteland (170, 215, 2))
[2021-05-17 04:47:07.494] TCOMMS: eversonblr/(Daria Basinger) [BOS] (spans:  ) "Temos como produzir lança chamas ?" (language: Galactic Common) (Caves (92, 240, 2))
[2021-05-17 04:47:18.049] TCOMMS: SondTheAnime/(Courier) [BOS] (spans:  ) "Até que fim se respondeu Daria" (language: Galactic Common) (Brotherhood of Steel RnD Department (238, 193, 3))
[2021-05-17 04:47:23.998] TCOMMS: SondTheAnime/(Courier) [BOS] (spans:  ) "Achei que tinha morrido" (language: Galactic Common) (Brotherhood of Steel RnD Department (238, 193, 3))
[2021-05-17 04:47:32.338] TCOMMS: eversonblr/(Daria Basinger) [BOS] (spans:  ) "To negociando com os cara aque" (language: Galactic Common) (Caves (92, 240, 2))
[2021-05-17 04:47:36.100] TCOMMS: SondTheAnime/(Courier) [BOS] (spans:  ) "Heather, pode ficar de olho na encima?" (language: Galactic Common) (Brotherhood of Steel RnD Department (238, 193, 3))
[2021-05-17 04:47:53.011] TCOMMS: eversonblr/(Daria Basinger) [BOS] (spans:  ) "Eles pergutaram se termos lança chamas" (language: Galactic Common) (Caves (92, 240, 2))
[2021-05-17 04:48:01.316] TCOMMS: SondTheAnime/(Courier) [BOS] (spans:  ) "Deixa eu ver" (language: Galactic Common) (Brotherhood of Steel RnD Department (238, 193, 3))
[2021-05-17 04:48:06.656] TCOMMS: eversonblr/(Daria Basinger) [BOS] (spans:  ) "Certo" (language: Galactic Common) (Caves (92, 240, 2))
[2021-05-17 04:48:56.746] TCOMMS: SondTheAnime/(Courier) [BOS] (spans:  ) "Temos não" (language: Galactic Common) (Brotherhood of Steel RnD Department (238, 194, 3))
[2021-05-17 04:50:47.834] TCOMMS: SondTheAnime/(Courier) [BOS] (spans:  ) "Daira" (language: Galactic Common) (Brotherhood of Steel RnD Department (235, 193, 3))
[2021-05-17 04:50:51.470] TCOMMS: eversonblr/(Daria Basinger) [BOS] (spans:  ) "Sim ?" (language: Galactic Common) (Caves (93, 240, 2))
[2021-05-17 04:50:54.098] TCOMMS: SondTheAnime/(Courier) [BOS] (spans:  ) "Pergunta se eles tem 4 high quality metal parts" (language: Galactic Common) (Brotherhood of Steel RnD Department (235, 193, 3))
[2021-05-17 04:51:32.911] TCOMMS: SondTheAnime/(Courier) [BOS] (spans:  ) "Heather, desce aqui no bunker." (language: Galactic Common) (Brotherhood of Steel RnD Department (233, 200, 3))
[2021-05-17 04:51:38.179] TCOMMS: eversonblr/(Daria Basinger) [BOS] (spans:  ) "Eles tem" (language: Galactic Common) (Caves (92, 240, 2))
[2021-05-17 04:51:50.868] TCOMMS: SondTheAnime/(Courier) [BOS] (spans:  ) "O que eles querem trocar pela 4 high quality metal parts?" (language: Galactic Common) (Brotherhood of Steel RnD Department (234, 194, 3))
[2021-05-17 04:53:28.018] TCOMMS: SondTheAnime/(Courier) [BOS] (spans:  ) "Tenta levar algo pra tazer os scraps" (language: Galactic Common) (Brotherhood of Steel RnD Department (231, 199, 3))
[2021-05-17 04:53:34.437] TCOMMS: SondTheAnime/(Courier) [BOS] (spans:  ) "Mochila ou alguma coisa" (language: Galactic Common) (Brotherhood of Steel RnD Department (231, 199, 3))
[2021-05-17 04:54:02.698] TCOMMS: JohonasMexicanjo/(Heather Rose) [BOS] (spans:  ) "Tem como você vir aqui pra fechar o portão?" (language: Galactic Common) (Brotherhood of Steel (168, 220, 2))
[2021-05-17 04:54:19.085] TCOMMS: SondTheAnime/(Courier) [BOS] (spans:  ) "Daira, o que eles querem em troc?" (language: Galactic Common) (Brotherhood of Steel RnD Department (235, 203, 3))
[2021-05-17 04:54:21.527] TCOMMS: eversonblr/(Daria Basinger) [BOS] (spans:  ) "Estou com um convidade que vai comprar coisas" (language: Galactic Common) (Wasteland (169, 213, 2))
[2021-05-17 04:54:30.192] TCOMMS: SondTheAnime/(Courier) [BOS] (spans:  ) "Tá" (language: Galactic Common) (Brotherhood of Steel RnD Department (235, 204, 3))
[2021-05-17 04:54:48.823] TCOMMS: eversonblr/(Daria Basinger) [BOS] (spans:  ) "Eu deixo ele na parte de cima ou levo pra parte de baixo ?" (language: Galactic Common) (Brotherhood of Steel (165, 234, 2))
[2021-05-17 04:56:37.450] TCOMMS: JohonasMexicanjo/(Heather Rose) [BOS] (spans:  ) "Essa máscara não me protege." (language: Galactic Common) (Wasteland (208, 185, 2))
[2021-05-17 04:56:56.389] TCOMMS: SondTheAnime/(Courier) [BOS] (spans:  ) "Se tem que colocar ela na sua cara e nao deixar levantada" (language: Galactic Common) (Brotherhood of Steel (164, 237, 2))
[2021-05-17 04:57:00.489] TCOMMS: SondTheAnime/(Courier) [BOS] (spans:  ) "Deixa a mascara abaixada" (language: Galactic Common) (Brotherhood of Steel (164, 237, 2))
[2021-05-17 04:57:06.176] TCOMMS: JohonasMexicanjo/(Heather Rose) [BOS] (spans:  ) "Sim, ela tava abaixada." (language: Galactic Common) (Wasteland (198, 185, 2))
[2021-05-17 04:57:34.441] TCOMMS: JohonasMexicanjo/(Heather Rose) [BOS] (spans:  ) "Eu tô voltando, fabrica um welding helmet pra mim, por favor." (language: Galactic Common) (Wasteland (173, 201, 2))
[2021-05-17 04:59:55.254] TCOMMS: Luciam/(Victoria Valentine) [147.3] (spans:  ) "Oi?" (language: Galactic Common) (Wasteland (96, 213, 2))
[2021-05-17 05:02:57.094] TCOMMS: SondTheAnime/(Courier) [BOS] (spans:  ) "Estamos terminandos todas pesquisas." (language: Galactic Common) (Brotherhood of Steel RnD Department (232, 205, 3))
[2021-05-17 05:04:01.475] TCOMMS: eversonblr/(Daria Basinger) [BOS] (spans:  ) "O ore redemption é conetado com as maquina ?" (language: Galactic Common) (Brotherhood of Steel RnD Department (229, 201, 3))
[2021-05-17 05:06:58.743] TCOMMS: SondTheAnime/(Courier) [BOS] (spans:  ) "Pode ficar fora de serviço Heather, ou fica no portão cuidando" (language: Galactic Common) (Brotherhood of Steel RnD Department (236, 194, 3))
[2021-05-17 05:11:47.248] TCOMMS: eversonblr/(Daria Basinger) [BOS] (spans:  ) "Chefe ?" (language: Galactic Common) (Brotherhood of Steel RnD Department (234, 194, 3))
[2021-05-17 05:12:01.648] TCOMMS: eversonblr/(Daria Basinger) [BOS] (spans:  ) "Chefe ?" (language: Galactic Common) (Brotherhood of Steel RnD Department (232, 211, 3))
[2021-05-17 05:12:04.942] TCOMMS: SondTheAnime/(Courier) [BOS] (spans:  ) "Sim?" (language: Galactic Common) (Brotherhood of Steel RnD Department (240, 204, 3))
[2021-05-17 05:14:58.981] TCOMMS: eversonblr/(Daria Basinger) [BOS] (spans:  ) "Ea gora ?" (language: Galactic Common) (Brotherhood of Steel RnD Department (234, 208, 3))
[2021-05-17 05:17:12.264] TCOMMS: baeiou/(Roderick Malkav) [Medical] (spans:  ) "Irei entrar em torpor." (language: Galactic Common) (Followers of the Apocalypse (86, 53, 3))
[2021-05-17 05:17:21.519] TCOMMS: marco25555/(Nydia S. Highlands) [Medical] (spans:  ) "Um?!" (language: Galactic Common) (Followers of the Apocalypse (86, 52, 3))
[2021-05-17 05:21:06.882] TCOMMS: eversonblr/(Daria Basinger) [BOS] (spans:  ) "Esqueci de pega uma caixa que merda" (language: Galactic Common) (Wasteland (187, 183, 2))
[2021-05-17 05:21:08.625] TCOMMS: JohonasMexicanjo/(Heather Rose) [BOS] (spans:  ) "Vou andar por aí." (language: Galactic Common) (Brotherhood of Steel (126, 238, 2))
[2021-05-17 05:21:41.900] TCOMMS: SondTheAnime/(Courier) [BOS] (spans:  ) "Galera precisamos de scraps, blackpowder para craftar mais paradas. Como a bala .50 do rifle que  é cara de recurso pra fazer." (language: Galactic Common) (Brotherhood of Steel RnD Department (237, 194, 3))
[2021-05-17 05:21:57.698] TCOMMS: SondTheAnime/(Courier) [BOS] (spans:  ) "Vou minerar atrás de recursos como iron" (language: Galactic Common) (Brotherhood of Steel RnD Department (233, 194, 3))
[2021-05-17 05:22:13.981] TCOMMS: SondTheAnime/(Courier) [BOS] (spans:  ) "Ses puderem fazer os scraps por ai e trazer, seria pica" (language: Galactic Common) (Brotherhood of Steel RnD Department (228, 201, 3))
[2021-05-17 05:31:04.129] TCOMMS: JohonasMexicanjo/(Heather Rose) [BOS] (spans:  ) "Cês tão sabendo dessa base no meio da parede?" (language: Galactic Common) (Wasteland (93, 224, 2))
[2021-05-17 05:31:17.584] TCOMMS: SondTheAnime/(Courier) [BOS] (spans:  ) "Sim" (language: Galactic Common) (Brotherhood of Steel RnD Department (235, 193, 3))
[2021-05-17 05:31:23.184] TCOMMS: SondTheAnime/(Courier) [BOS] (spans:  ) "É dos Sucateiros" (language: Galactic Common) (Brotherhood of Steel RnD Department (235, 193, 3))
[2021-05-17 05:31:24.490] TCOMMS: JohonasMexicanjo/(Heather Rose) [BOS] (spans:  ) "O que tem lá?" (language: Galactic Common) (Bunker (44, 235, 4))
[2021-05-17 05:31:27.331] TCOMMS: JohonasMexicanjo/(Heather Rose) [BOS] (spans:  ) "Ah." (language: Galactic Common) (Bunker (44, 236, 4))
[2021-05-17 05:31:29.203] TCOMMS: SondTheAnime/(Courier) [BOS] (spans:  ) "Que fizemos a troca" (language: Galactic Common) (Brotherhood of Steel RnD Department (235, 193, 3))
[2021-05-17 05:31:56.852] TCOMMS: SondTheAnime/(Courier) [BOS] (spans:  ) "Mano eu to a muito tempo me coçando pra invadir a base do Enclave a roubar as parada de lá" (language: Galactic Common) (Brotherhood of Steel RnD Department (231, 194, 3))
[2021-05-17 05:32:18.192] TCOMMS: JohonasMexicanjo/(Heather Rose) [BOS] (spans:  ) "Tem Enclave?" (language: Galactic Common) (North Bunker Elevator (44, 233, 4))
[2021-05-17 05:32:26.848] TCOMMS: SondTheAnime/(Courier) [BOS] (spans:  ) "Sim, ele tem uma base no esgoto" (language: Galactic Common) (Brotherhood of Steel RnD Department (233, 201, 3))
[2021-05-17 05:32:32.703] TCOMMS: SondTheAnime/(Courier) [BOS] (spans:  ) "Atrás de uma parede secreta" (language: Galactic Common) (Brotherhood of Steel RnD Department (233, 201, 3))
[2021-05-17 05:32:36.554] TCOMMS: JohonasMexicanjo/(Heather Rose) [BOS] (spans:  ) "Tá, mas tem Enclave ++agora++?" (language: Galactic Common) (North Bunker Elevator (44, 233, 4))
[2021-05-17 05:33:02.852] TCOMMS: SondTheAnime/(Courier) [BOS] (spans:  ) "Tinha, mas não sei ainda." (language: Galactic Common) (Brotherhood of Steel Operations Department (231, 227, 3))
[2021-05-17 05:33:10.984] TCOMMS: SondTheAnime/(Courier) [BOS] (spans:  ) "Foi fazer uma visita no Oasis" (language: Galactic Common) (Brotherhood of Steel Operations Department (230, 229, 3))
[2021-05-17 05:33:11.917] TCOMMS: baeiou/(Roderick Malkav) [Medical] (spans:  ) "Lembre-se que há o rádio." (language: Galactic Common) (Wasteland (96, 61, 2))
[2021-05-17 05:33:16.668] TCOMMS: SondTheAnime/(Courier) [BOS] (spans:  ) "Ver se tem alguém la" (language: Galactic Common) (Brotherhood of Steel Operations Department (228, 230, 3))
[2021-05-17 05:33:18.606] TCOMMS: marco25555/(Nydia S. Highlands) [Medical] (spans:  ) "Sim claro" (language: Galactic Common) (Followers of the Apocalypse (84, 58, 2))
[2021-05-17 05:33:36.978] TCOMMS: marco25555/(Nydia S. Highlands) [Medical] (spans:  ) "Sera que ela morreu?" (language: Galactic Common) (Followers of the Apocalypse (84, 57, 2))
[2021-05-17 05:33:44.194] TCOMMS: JohonasMexicanjo/(Heather Rose) [BOS] (spans:  ) "CARALHO" (language: Galactic Common) (North Bunker Elevator (44, 233, 4))
[2021-05-17 05:33:46.908] TCOMMS: JohonasMexicanjo/(Heather Rose) [BOS] (spans:  ) "Odeio Wanamingo" (language: Galactic Common) (North Bunker Elevator (44, 233, 4))
[2021-05-17 05:33:48.919] TCOMMS: SondTheAnime/(Courier) [BOS] (spans:  ) "O QUE?" (language: Galactic Common) (Brotherhood of Steel (151, 247, 2))
[2021-05-17 05:33:53.266] TCOMMS: SondTheAnime/(Courier) [BOS] (spans:  ) "..." (language: Galactic Common) (Brotherhood of Steel (151, 241, 2))
[2021-05-17 05:34:09.170] TCOMMS: JohonasMexicanjo/(Heather Rose) [BOS] (spans:  ) "Eu quase morri pra uns três wanamingo." (language: Galactic Common) (North Bunker Elevator (45, 233, 4))
[2021-05-17 05:34:15.751] TCOMMS: SondTheAnime/(Courier) [BOS] (spans:  ) "Cuidado" (language: Galactic Common) (Wasteland (181, 192, 2))
[2021-05-17 05:34:33.315] TCOMMS: Zircony/(Natasha Harding) [147.3] (spans:  ) "Alo" (language: Galactic Common) (Caves (93, 238, 2))
[2021-05-17 05:34:34.779] TCOMMS: brunoasbahr/(Montagne Marshall) [147.3] (spans:  ) "Alo" (language: Galactic Common) (Caves (91, 245, 2))
[2021-05-17 05:34:38.113] TCOMMS: brunoasbahr/(Montagne Marshall) [147.3] (spans:  ) "Ala foi" (language: Galactic Common) (Caves (91, 245, 2))
[2021-05-17 05:34:40.333] TCOMMS: SondTheAnime/(Courier) [BOS] (spans:  ) "Alias não sei se tu sabe, temos um prisoneiro na cela" (language: Galactic Common) (Wasteland (129, 184, 2))
[2021-05-17 05:34:41.537] TCOMMS: Luciam/(Victoria Valentine) [147.3] (spans:  ) "Aoba" (language: Galactic Common) (Caves (98, 237, 2))
[2021-05-17 05:34:44.514] TCOMMS: Zircony/(Natasha Harding) [147.3] (spans:  ) "Show" (language: Galactic Common) (Caves (92, 238, 2))
[2021-05-17 05:34:45.077] TCOMMS: Luciam/(Victoria Valentine) [147.3] (spans:  ) "Foi?" (language: Galactic Common) (Caves (98, 237, 2))
[2021-05-17 05:34:45.562] TCOMMS: brunoasbahr/(Montagne Marshall) [147.3] (spans:  ) "Tem que deixar o fone aberto" (language: Galactic Common) (Caves (91, 245, 2))
[2021-05-17 05:34:46.119] TCOMMS: SondTheAnime/(Courier) [BOS] (spans:  ) "Ta na prisão" (language: Galactic Common) (Wasteland (126, 183, 2))
[2021-05-17 05:34:52.588] TCOMMS: brunoasbahr/(Montagne Marshall) [147.3] (spans:  ) "Funcionou" (language: Galactic Common) (Caves (91, 240, 2))
[2021-05-17 05:34:56.582] TCOMMS: Luciam/(Victoria Valentine) [147.3] (spans:  ) "Beleza" (language: Galactic Common) (Caves (93, 240, 2))
[2021-05-17 05:35:04.245] TCOMMS: brunoasbahr/(Montagne Marshall) [147.3] (spans:  ) "Acho que a gente pode deixar o fone aberto" (language: Galactic Common) (Caves (91, 240, 2))
[2021-05-17 05:35:12.762] TCOMMS: Luciam/(Victoria Valentine) [147.3] (spans:  ) "Tranquilo" (language: Galactic Common) (Caves (93, 240, 2))
[2021-05-17 05:35:43.993] TCOMMS: Zircony/(Natasha Harding) [147.3] (spans:  ) "Vo quebra sei tirar não" (language: Galactic Common) (Caves (91, 237, 2))
[2021-05-17 05:35:44.050] TCOMMS: Luciam/(Victoria Valentine) [147.3] (spans:  ) "Seria bom deixa essa de ferro.." (language: Galactic Common) (Caves (93, 239, 2))
[2021-05-17 05:36:03.227] TCOMMS: Luciam/(Victoria Valentine) [147.3] (spans:  ) "Pra proteção" (language: Galactic Common) (Caves (93, 239, 2))
[2021-05-17 05:36:03.234] TCOMMS: Luciam/(Victoria Valentine) [147.3] (spans:  ) "Contra exploões algo do tipo" (language: Galactic Common) (Caves (93, 239, 2))
[2021-05-17 05:36:03.258] TCOMMS: brunoasbahr/(Montagne Marshall) [147.3] (spans:  ) "Deixar essa e colocar outra" (language: Galactic Common) (Caves (90, 238, 2))
[2021-05-17 05:36:09.024] TCOMMS: Zircony/(Natasha Harding) [147.3] (spans:  ) "Okay" (language: Galactic Common) (Caves (91, 238, 2))
[2021-05-17 05:36:11.817] TCOMMS: JohonasMexicanjo/(Heather Rose) [147.3] (spans:  ) "E" (language: Galactic Common) (Caves (91, 235, 2))
[2021-05-17 05:36:14.068] TCOMMS: brunoasbahr/(Montagne Marshall) [147.3] (spans:  ) "Opa" (language: Galactic Common) (Caves (90, 238, 2))
[2021-05-17 05:36:15.308] TCOMMS: Zircony/(Natasha Harding) [147.3] (spans:  ) "Eae" (language: Galactic Common) (Caves (91, 238, 2))
[2021-05-17 05:36:24.819] TCOMMS: JohonasMexicanjo/(Heather Rose) [147.3] (spans:  ) "Vocês têm alguma stimpack por aqui?" (language: Galactic Common) (Caves (91, 235, 2))
[2021-05-17 05:36:27.565] TCOMMS: JohonasMexicanjo/(Heather Rose) [147.3] (spans:  ) "Só preciso de uma." (language: Galactic Common) (Caves (91, 235, 2))
[2021-05-17 05:36:30.756] TCOMMS: brunoasbahr/(Montagne Marshall) [147.3] (spans:  ) "Sim" (language: Galactic Common) (Caves (90, 238, 2))
[2021-05-17 05:36:36.758] TCOMMS: JohonasMexicanjo/(Heather Rose) [147.3] (spans:  ) "Obrigada." (language: Galactic Common) (Caves (91, 236, 2))
[2021-05-17 05:36:38.950] TCOMMS: brunoasbahr/(Montagne Marshall) [147.3] (spans:  ) "De nada" (language: Galactic Common) (Caves (90, 238, 2))
[2021-05-17 05:36:41.175] TCOMMS: baeiou/(Roderick Malkav) [Medical] (spans:  ) "Havia avistado um homem na estrada principal, estava com cobertura médica." (language: Galactic Common) (Wasteland (233, 80, 2))
[2021-05-17 05:36:52.562] TCOMMS: Zircony/(Natasha Harding) [147.3] (spans:  ) "Pro botão funcionar" (language: Galactic Common) (Caves (91, 238, 2))
[2021-05-17 05:36:58.224] TCOMMS: Zircony/(Natasha Harding) [147.3] (spans:  ) "E por a airlock ali" (language: Galactic Common) (Caves (90, 238, 2))
[2021-05-17 05:36:58.794] TCOMMS: Luciam/(Victoria Valentine) [147.3] (spans:  ) "Puts.." (language: Galactic Common) (Caves (93, 239, 2))
[2021-05-17 05:36:59.932] TCOMMS: brunoasbahr/(Montagne Marshall) [147.3] (spans:  ) "Acho que funciona" (language: Galactic Common) (Caves (90, 240, 2))
[2021-05-17 05:37:03.594] TCOMMS: brunoasbahr/(Montagne Marshall) [147.3] (spans:  ) "Com sistema" (language: Galactic Common) (Caves (90, 240, 2))
[2021-05-17 05:37:03.833] TCOMMS: marco25555/(Nydia S. Highlands) [Medical] (spans:  ) "Ele esta bem?" (language: Galactic Common) (Followers of the Apocalypse (84, 56, 2))
[2021-05-17 05:37:06.455] TCOMMS: Zircony/(Natasha Harding) [147.3] (spans:  ) "Vamo ve" (language: Galactic Common) (Caves (90, 238, 2))
[2021-05-17 05:37:09.095] TCOMMS: baeiou/(Roderick Malkav) [Medical] (spans:  ) "Sim." (language: Galactic Common) (Wasteland (211, 61, 2))
[2021-05-17 05:37:16.597] TCOMMS: Luciam/(Victoria Valentine) [147.3] (spans:  ) "Deixa o radio" (language: Galactic Common) (Caves (90, 239, 2))
[2021-05-17 05:37:19.435] TCOMMS: brunoasbahr/(Montagne Marshall) [147.3] (spans:  ) "Sim" (language: Galactic Common) (Caves (92, 238, 2))
[2021-05-17 05:37:21.147] TCOMMS: Luciam/(Victoria Valentine) [147.3] (spans:  ) "Em outra sala" (language: Galactic Common) (Caves (90, 239, 2))
[2021-05-17 05:37:27.433] TCOMMS: brunoasbahr/(Montagne Marshall) [147.3] (spans:  ) "Pode ser" (language: Galactic Common) (Caves (92, 237, 2))
[2021-05-17 05:37:27.803] TCOMMS: Luciam/(Victoria Valentine) [147.3] (spans:  ) "Ta meio chato" (language: Galactic Common) (Caves (92, 239, 2))
[2021-05-17 05:38:00.732] TCOMMS: marco25555/(Nydia S. Highlands) [Medical] (spans:  ) "Ele falou algo?" (language: Galactic Common) (Followers of the Apocalypse (84, 55, 2))
[2021-05-17 05:44:03.371] TCOMMS: JohonasMexicanjo/(Heather Rose) [BOS] (spans:  ) "Eu vou tirar um cochilo e já volto." (language: Galactic Common) (Brotherhood of Steel Operations Department (242, 240, 3))
[2021-05-17 05:44:29.555] TCOMMS: SondTheAnime/(Courier) [BOS] (spans:  ) "Certo" (language: Galactic Common) (Brotherhood of Steel Operations Department (236, 231, 3))
[2021-05-17 05:46:19.700] TCOMMS: SondTheAnime/(Courier) [Common] (spans:  ) "Sucateiros?" (language: Galactic Common) (Wasteland (91, 229, 2))
[2021-05-17 05:53:10.366] TCOMMS: baeiou/(Roderick Malkav) [Medical] (spans:  ) "Testando..." (language: Galactic Common) (Wasteland (140, 182, 2))
[2021-05-17 05:53:12.178] TCOMMS: baeiou/(Roderick Malkav) [Medical] (spans:  ) "Na escuta?" (language: Galactic Common) (Wasteland (140, 182, 2))
[2021-05-17 05:53:16.474] TCOMMS: marco25555/(Nydia S. Highlands) [Medical] (spans:  ) "Sim" (language: Galactic Common) (Followers of the Apocalypse (84, 56, 2))
[2021-05-17 05:53:22.315] TCOMMS: baeiou/(Roderick Malkav) [Medical] (spans:  ) "Bem recuperei os pertences." (language: Galactic Common) (Wasteland (141, 182, 2))
[2021-05-17 05:53:30.857] TCOMMS: marco25555/(Nydia S. Highlands) [Medical] (spans:  ) "Que bom nyhi" (language: Galactic Common) (Followers of the Apocalypse (84, 56, 2))
[2021-05-17 05:53:43.061] TCOMMS: baeiou/(Roderick Malkav) [Medical] (spans:  ) "Certo..." (language: Galactic Common) (Wasteland (140, 182, 2))
[2021-05-17 05:53:57.272] TCOMMS: baeiou/(Roderick Malkav) [Medical] (spans:  ) "O médico coberto estava procurando pela Vault." (language: Galactic Common) (Wasteland (140, 182, 2))
[2021-05-17 05:54:02.787] TCOMMS: baeiou/(Roderick Malkav) [Medical] (spans:  ) "Disse que estaria no norte." (language: Galactic Common) (Wasteland (140, 182, 2))
[2021-05-17 05:54:16.392] TCOMMS: marco25555/(Nydia S. Highlands) [Medical] (spans:  ) "Eu tambem acho que foi o mesmo que passou aqui" (language: Galactic Common) (Followers of the Apocalypse (84, 57, 2))
[2021-05-17 05:54:49.429] TCOMMS: baeiou/(Roderick Malkav) [Medical] (spans:  ) "Muito bem." (language: Galactic Common) (Building (128, 193, 2))
[2021-05-17 05:54:59.883] TCOMMS: baeiou/(Roderick Malkav) [Medical] (spans:  ) "Estarei adormecendo para sempre. A morte final." (language: Galactic Common) (Building (131, 193, 2))
[2021-05-17 05:55:06.910] TCOMMS: baeiou/(Roderick Malkav) [Medical] (spans:  ) "Mantenha caudela com os dois em sua posse." (language: Galactic Common) (Building (131, 193, 2))
[2021-05-17 05:55:13.677] TCOMMS: baeiou/(Roderick Malkav) [Medical] (spans:  ) "Cautela, digo. Não cadelas." (language: Galactic Common) (Building (131, 193, 2))
[2021-05-17 05:55:16.929] TCOMMS: marco25555/(Nydia S. Highlands) [Medical] (spans:  ) "Certo tomarei" (language: Galactic Common) (Followers of the Apocalypse (84, 58, 2))
[2021-05-17 06:01:17.954] TCOMMS: JohonasMexicanjo/(Heather Rose) [BOS] (spans:  ) "Voltei." (language: Galactic Common) (Brotherhood of Steel Leisure Areas (219, 251, 3))
[2021-05-17 06:01:21.744] TCOMMS: JohonasMexicanjo/(Heather Rose) [BOS] (spans:  ) "Tem algo acontecendo?" (language: Galactic Common) (Brotherhood of Steel Leisure Areas (220, 249, 3))
[2021-05-17 06:18:41.837] TCOMMS: JohonasMexicanjo/(Heather Rose) [Common] (spans: command_headset  ) "Peida" (language: Galactic Common) (Tunnel (54, 42, 3))
[2021-05-17 06:28:16.298] TCOMMS: JohonasMexicanjo/(Heather Rose) [Common] (spans:  ) "VOU PEIDAR NA SUA BOCA" (language: Galactic Common) (Bunker (43, 246, 4))
