[2021-05-18 06:27:09.831] TGS Info: Activating API for version 3.2.6.2
[2021-05-18 06:27:09.850] runtime error: list index out of bounds
 - proc name: OnWorldNew (/datum/tgs_api/v3210/OnWorldNew)
 -   source file: api.dm,69
 -   usr: null
 -   src: /datum/tgs_api/v3210 (/datum/tgs_api/v3210)
 -   call stack:
 - /datum/tgs_api/v3210 (/datum/tgs_api/v3210): OnWorldNew(0)
 - world: TgsNew(/datum/tgs_event_handler/impl (/datum/tgs_event_handler/impl), 0)
 - world: InitTgs()
 - world: New()
 - 
[2021-05-18 06:27:09.850] TGS Error: Failed to activate API!
[2021-05-18 06:27:09.852] Running /tg/ revision: 
 - No commit information
[2021-05-18 06:27:09.867] Loading config file config.txt...
[2021-05-18 06:27:09.878] Loading config file game_options.txt...
[2021-05-18 06:27:09.896] Loading config file dbconfig.txt...
[2021-05-18 06:27:09.906] Loading config file comms.txt...
[2021-05-18 06:27:09.914] Loading config file antag_rep.txt...
[2021-05-18 06:27:09.921] Loading config file resources.txt...
[2021-05-18 06:27:09.930] Loading config file donator_groupings.txt...
[2021-05-18 06:27:09.937] Loading config file dynamic_config.txt...
[2021-05-18 06:27:09.956] Loading config file plushies/defines.txt...
[2021-05-18 06:27:09.963] Loading config file job_threats.txt...
[2021-05-18 06:27:09.970] Loading config file policy.txt...
[2021-05-18 06:27:09.981] Loading config file maps.txt...
[2021-05-18 06:27:10.020] Database connection established.
[2021-05-18 06:27:10.023] SQL: Could not get schema version from database
