[2021-05-18 06:27:10.033] Starting up round ID 19.
 - -------------------------
[2021-05-18 12:20:05.282] N0fun \ Peter Quill \ Outlaw \ NONE \ LATEJOIN
[2021-05-18 12:27:51.002] Thebanana3 \ Harmony Harding \ Followers Doctor \ NONE \ LATEJOIN
[2021-05-18 12:38:15.771] Coffee_MasterOri \ Nickolas Priebe \ Wastelander \ NONE \ LATEJOIN
[2021-05-18 12:44:46.083] thebanana3 \ Jacquetta Taggart \ Outlaw \ NONE \ LATEJOIN
[2021-05-18 13:07:41.083] Dfrenando \ Fernando Araujo \ Wastelander \ NONE \ LATEJOIN
[2021-05-18 13:13:06.640] thebanana3 \ Hailee Muggins \ Star Paladin \ NONE \ LATEJOIN
[2021-05-18 13:14:58.528] dfrenando \ Ronald Gomes \ Paladin \ NONE \ LATEJOIN
[2021-05-18 13:20:24.920] AlbertoVinhofino \ Elias Ivanov \ Vault-tec Doctor \ NONE \ LATEJOIN
[2021-05-18 13:29:33.225] Zeewhel \ Kain Morgan \ Wastelander \ NONE \ LATEJOIN
[2021-05-18 13:35:56.673] thebanana3 \ Emely Riker \ Vault Dweller \ NONE \ LATEJOIN
[2021-05-18 13:43:52.471] thebanana3 \ Alissa Osteen \ Hunter \ NONE \ LATEJOIN
[2021-05-18 14:27:43.118] Luciam \ Skarlet D'Luker \ Wastelander \ NONE \ LATEJOIN
[2021-05-18 14:41:49.281] albertovinhofino \ Helmut Stone \ Prospector \ NONE \ LATEJOIN
[2021-05-18 14:52:35.858] Jhonatan lima \ Luicio Notav \ Wastelander \ NONE \ LATEJOIN
[2021-05-18 15:00:20.406] Gatossj \ John Grave \ Wastelander \ NONE \ LATEJOIN
[2021-05-18 15:08:22.610] Nickenzo12345 \ Katelyn Edwards \ Wastelander \ NONE \ LATEJOIN
[2021-05-18 15:11:09.179] albertovinhofino \ Kade Tanner \ Proctor \ NONE \ LATEJOIN
[2021-05-18 15:15:23.971] Bruno-Asbahr \ Montagne Marshall \ Wastelander \ NONE \ LATEJOIN
[2021-05-18 15:25:44.777] Matheusgp9999 \ Nykix Nywt \ Wastelander \ NONE \ LATEJOIN
[2021-05-18 15:39:10.675] Aert \ Keziah Wright \ Wastelander \ NONE \ LATEJOIN
