[2021-05-18 06:27:10.032] Starting up round ID 19.
 - -------------------------
[2021-05-18 13:15:22.911] TCOMMS: dfrenando/(Ronald Gomes) [BOS] (spans:  ) "Bom dia, paladino Ronald Gomes se apresentando para serviço" (language: Galactic Common) (Brotherhood of Steel 1st Floor Offices (228, 214, 3))
[2021-05-18 13:20:38.443] TCOMMS: dfrenando/(Ronald Gomes) [Common] (spans:  ) "Oh fuck" (language: Galactic Common) (Brotherhood of Steel (161, 241, 2))
[2021-05-18 13:20:46.024] TCOMMS: thebanana3/(Hailee Muggins) [Common] (spans:  ) "Porra" (language: Galactic Common) (Building (197, 192, 2))
[2021-05-18 15:15:19.600] TCOMMS: Gatossj/(John Grave) [Common] (spans:  ) "Teste" (language: Galactic Common) (Wasteland (197, 132, 2))
[2021-05-18 15:22:38.992] TCOMMS: Jhonatan lima/(Luicio Notav) [Common] (spans:  ) "Alo" (language: Galactic Common) (Village (134, 175, 2))
[2021-05-18 15:22:42.055] TCOMMS: Gatossj/(John Grave) [Common] (spans:  ) "Alo" (language: Galactic Common) (Wasteland (245, 230, 2))
[2021-05-18 15:22:49.968] TCOMMS: Gatossj/(John Grave) [BOS] (spans:  ) "Alo?" (language: Galactic Common) (Wasteland (245, 229, 2))
[2021-05-18 15:22:52.171] TCOMMS: albertovinhofino/(Kade Tanner) [Common] (spans:  ) "A" (language: Galactic Common) (Brotherhood of Steel Leisure Areas (219, 241, 3))
[2021-05-18 15:22:57.608] TCOMMS: albertovinhofino/(Kade Tanner) [BOS] (spans:  ) "Alo" (language: Galactic Common) (Brotherhood of Steel Leisure Areas (224, 246, 3))
[2021-05-18 15:24:18.025] TCOMMS: Gatossj/(John Grave) [BOS] (spans:  ) "Hailee muggins, reconhece o nome?" (language: Galactic Common) (Wasteland (245, 226, 2))
[2021-05-18 15:24:39.706] TCOMMS: albertovinhofino/(Kade Tanner) [BOS] (spans:  ) "Quem?" (language: Galactic Common) (Brotherhood of Steel Operations Department (231, 218, 3))
[2021-05-18 15:24:59.366] TCOMMS: Gatossj/(John Grave) [BOS] (spans:  ) "Ailee muggins star paladin" (language: Galactic Common) (Wasteland (245, 226, 2))
[2021-05-18 15:25:29.540] TCOMMS: Gatossj/(John Grave) [BOS] (spans:  ) "Hailee muggins star paladin, acehi o corpo morto numa fogueira" (language: Galactic Common) (Wasteland (245, 226, 2))
[2021-05-18 15:25:45.817] TCOMMS: albertovinhofino/(Kade Tanner) [BOS] (spans:  ) "Morto a quanto tempo?" (language: Galactic Common) (Brotherhood of Steel Medbay (237, 225, 3))
[2021-05-18 15:25:54.069] TCOMMS: Jhonatan lima/(Luicio Notav) [Common] (spans:  ) "Que breu" (language: Galactic Common) (Wasteland (207, 185, 2))
[2021-05-18 15:25:58.160] TCOMMS: Gatossj/(John Grave) [BOS] (spans:  ) "O suficiente pra estar soul departed" (language: Galactic Common) (Wasteland (243, 233, 2))
[2021-05-18 15:26:06.345] TCOMMS: Gatossj/(John Grave) [BOS] (spans:  ) "Tinha power armor e tudo" (language: Galactic Common) (Wasteland (243, 233, 2))
[2021-05-18 15:26:06.585] TCOMMS: albertovinhofino/(Kade Tanner) [BOS] (spans:  ) "Droga..." (language: Galactic Common) (Brotherhood of Steel Medbay (236, 216, 3))
[2021-05-18 15:26:27.486] TCOMMS: albertovinhofino/(Kade Tanner) [BOS] (spans:  ) "Consegue trazer o corpo?" (language: Galactic Common) (Brotherhood of Steel Medbay (237, 214, 3))
[2021-05-18 15:26:46.471] TCOMMS: Gatossj/(John Grave) [BOS] (spans:  ) "Certo eu vou achar o corpo novamente so um minuto" (language: Galactic Common) (Wasteland (243, 226, 2))
[2021-05-18 15:30:45.266] TCOMMS: Gatossj/(John Grave) [BOS] (spans:  ) "To levando o crpo pra estaçqao de trem" (language: Galactic Common) (Wasteland (196, 131, 2))
[2021-05-18 15:30:56.757] TCOMMS: albertovinhofino/(Kade Tanner) [BOS] (spans:  ) "Droga, não acho a saida da nossa base" (language: Galactic Common) (Brotherhood of Steel Medbay (238, 222, 3))
