[2021-05-16 03:43:50.063] TGS Info: Activating API for version 3.2.6.2
[2021-05-16 03:43:50.073] runtime error: list index out of bounds
 - proc name: OnWorldNew (/datum/tgs_api/v3210/OnWorldNew)
 -   source file: api.dm,69
 -   usr: null
 -   src: /datum/tgs_api/v3210 (/datum/tgs_api/v3210)
 -   call stack:
 - /datum/tgs_api/v3210 (/datum/tgs_api/v3210): OnWorldNew(0)
 - world: TgsNew(/datum/tgs_event_handler/impl (/datum/tgs_event_handler/impl), 0)
 - world: InitTgs()
 - world: New()
 - 
[2021-05-16 03:43:50.074] TGS Error: Failed to activate API!
[2021-05-16 03:43:50.076] Running /tg/ revision: 
 - No commit information
[2021-05-16 03:43:50.091] Loading config file config.txt...
[2021-05-16 03:43:50.094] Loading config file game_options.txt...
[2021-05-16 03:43:50.103] Loading config file dbconfig.txt...
[2021-05-16 03:43:50.105] Loading config file comms.txt...
[2021-05-16 03:43:50.106] Loading config file antag_rep.txt...
[2021-05-16 03:43:50.107] Loading config file resources.txt...
[2021-05-16 03:43:50.109] Loading config file donator_groupings.txt...
[2021-05-16 03:43:50.111] Loading config file dynamic_config.txt...
[2021-05-16 03:43:50.122] Loading config file plushies/defines.txt...
[2021-05-16 03:43:50.123] Loading config file job_threats.txt...
[2021-05-16 03:43:50.125] Loading config file policy.txt...
[2021-05-16 03:43:50.130] Loading config file maps.txt...
[2021-05-16 03:43:50.139] Database connection established.
[2021-05-16 03:43:50.141] SQL: Could not get schema version from database
