[2021-05-16 03:43:50.151] Starting up round ID 8.
 - -------------------------
[2021-05-16 03:47:49.763] SondTheAnime \ Courier \ Star Paladin \ NONE \ LATEJOIN
[2021-05-16 03:48:21.636] Rerom \ Ringa Copas \ Wastelander \ NONE \ LATEJOIN
[2021-05-16 03:49:11.048] John_egbert3 \ Chris Lombardi \ Spirit-Pledged \ NONE \ LATEJOIN
[2021-05-16 03:49:29.333] BebeYoshi \ Crush Easter \ Wastelander \ NONE \ LATEJOIN
[2021-05-16 03:49:32.702] Comicao1 \ Bashar Al-Assad \ Outlaw \ NONE \ LATEJOIN
[2021-05-16 03:49:52.338] Dantesousa \ Dante Sousa \ Head Paladin \ NONE \ LATEJOIN
[2021-05-16 03:50:12.885] Shirozinha \ Tio Osso \ Wastelander \ NONE \ LATEJOIN
[2021-05-16 03:51:30.389] BxsSvg \ Lia Pavlov \ Wastelander \ NONE \ LATEJOIN
[2021-05-16 03:52:07.261] Baeiou \ Roderick Malkav \ Scribe \ NONE \ LATEJOIN
[2021-05-16 03:53:09.673] Italos \ Josef Polson \ Enclave Lieutenant \ NONE \ LATEJOIN
[2021-05-16 03:54:59.256] Zircony \ Natasha Harding \ Wastelander \ NONE \ LATEJOIN
[2021-05-16 03:57:10.691] shirozinha \ Joseph Joestar \ Star Paladin \ NONE \ LATEJOIN
[2021-05-16 03:59:58.355] johnegbert3 \ Terry Easter \ Legion Venator \ NONE \ LATEJOIN
[2021-05-16 04:02:16.714] AdderVFX \ Default Cyborg Name \ Cyborg \ NONE \ LATEJOIN
[2021-05-16 04:02:49.166] Kaduh \ B.U.G. \ Cyborg \ NONE \ LATEJOIN
[2021-05-16 04:04:11.370] brunoasbahr \ Montagne Marshall \ Wastelander \ NONE \ LATEJOIN
[2021-05-16 04:13:42.620] bxssvg \ Lesly Echard \ Wastelander \ NONE \ LATEJOIN
[2021-05-16 04:15:11.833] addervfx \ Xingling Tong \ Vault-tec Scientist \ NONE \ LATEJOIN
[2021-05-16 04:17:04.105] kaduh \ Tim Miller \ Wastelander \ NONE \ LATEJOIN
[2021-05-16 04:19:59.262] Marco25555 \ Nydia S. Highlands \ Proctor \ NONE \ LATEJOIN
[2021-05-16 04:24:14.618] bxssvg \ Jennifer Gardner \ Knight \ NONE \ LATEJOIN
[2021-05-16 04:55:38.968] alexalbright \ Alex Albright III \ Wastelander \ NONE \ LATEJOIN
[2021-05-16 06:33:17.138] Space Slug \ Rexana Faqua \ Enclave Private \ NONE \ LATEJOIN
[2021-05-16 08:28:09.870] sondtheanime \ Jay James \ Head Knight \ NONE \ LATEJOIN
[2021-05-16 08:31:21.248] sondtheanime \ Jacks \ Legion Centurion \ NONE \ LATEJOIN
[2021-05-16 08:40:36.629] dantesousa \ Dante Sousa \ Vault-tec Engineer \ NONE \ LATEJOIN
[2021-05-16 09:10:20.368] sondtheanime \ Duke Cowart \ Legion Veteran Decanus \ NONE \ LATEJOIN
[2021-05-16 10:05:28.180] InicialPlayss \ Rayan Lindgrey \ Druid \ NONE \ LATEJOIN
[2021-05-16 11:41:04.360] hue100 \ Miller Mike \ Followers Doctor \ NONE \ LATEJOIN
[2021-05-16 12:04:07.052] Dantesousa \ John Snow \ Followers Administrator \ NONE \ LATEJOIN
[2021-05-16 12:35:57.998] N0fun \ Makenna Coldsmith \ Wastelander \ NONE \ LATEJOIN
