/mob/living/carbon/human => 3388ms (44732) (avg:0.075739964842796326)
/obj/machinery/door/airlock/hatch => 1179ms (10985) (avg:0.10732817649841309)
/obj/screen/healthdoll => 1102ms (33515) (avg:0.032880797982215881)
/obj/machinery/light/fo13colored/Red => 875ms (26237) (avg:0.033349849283695221)
/obj/machinery/power/smes/magical => 654ms (15625) (avg:0.041855998337268829)
/turf/closed/mineral/random/low_chance => 398ms (52499) (avg:0.0075810966081917286)
/obj/machinery/light/fo13colored/Aqua => 383ms (8860) (avg:0.043227989226579666)
/obj/machinery/light/fo13colored/Pink => 228ms (5886) (avg:0.038735982030630112)
/obj/effect/decal/cleanable/blood/footprints => 224ms (6090) (avg:0.036781609058380127)
/obj/machinery/light/lampost => 147ms (4480) (avg:0.032812498509883881)
/turf/open/space/basic => 117ms (39910) (avg:0.0029315960127860308)
/obj/screen/inventory => 117ms (3192) (avg:0.036654137074947357)
/obj/screen/movable/action_button => 112ms (2203) (avg:0.050839763134717941)
/mob/living/carbon/human/dummy => 97ms (1963) (avg:0.049414161592721939)
/obj/machinery/door/airlock/grunge => 92ms (986) (avg:0.093306288123130798)
/obj/screen/inventory/hand => 86ms (6521) (avg:0.013188160955905914)
/obj/structure/window/reinforced/fulltile => 84ms (4134) (avg:0.020319303497672081)
/obj/machinery/hydroponics/soil => 63ms (7248) (avg:0.0086920531466603279)
/turf/closed/mineral/random/high_chance => 58ms (6502) (avg:0.0089203324168920517)
/obj/machinery/light/built => 53ms (1586) (avg:0.033417403697967529)
/obj/screen/parallax_layer/layer_1 => 50ms (186) (avg:0.26881721615791321)
/obj/machinery/hydroponics/constructable => 47ms (1608) (avg:0.029228854924440384)
/obj/machinery/door/airlock/abandoned => 44ms (402) (avg:0.1094527393579483)
/turf/closed/wall/r_wall/rust => 38ms (2177) (avg:0.017455212771892548)
/obj/screen/parallax_layer/layer_2 => 38ms (186) (avg:0.20430107414722443)
/obj/item/storage/belt/utility/full/engi => 35ms (365) (avg:0.095890410244464874)
/obj/effect/decal/cleanable/dirt => 34ms (4212) (avg:0.0080721750855445862)
/obj/item/gun/ballistic/automatic/smg22 => 33ms (681) (avg:0.048458151519298553)
/turf/closed/mineral/iron => 26ms (3175) (avg:0.0081889759749174118)
/obj/item/weldingtool/largetank => 22ms (386) (avg:0.056994818150997162)
/turf/closed/wall/f13/store => 21ms (1303) (avg:0.016116654500365257)
/obj/machinery/light/small/built => 21ms (704) (avg:0.029829544946551323)
/turf/closed/wall/rust => 18ms (2520) (avg:0.0071428571827709675)
/obj/screen/sprintbutton => 17ms (409) (avg:0.041564792394638062)
/obj/effect/decal/cleanable/blood/gibs => 16ms (948) (avg:0.016877636313438416)
/turf/closed/mineral/lead => 15ms (1179) (avg:0.01272264588624239)
/turf/closed/indestructible/riveted => 14ms (2661) (avg:0.0052611799910664558)
/obj/machinery/door/airlock/science/glass => 14ms (78) (avg:0.17948718369007111)
/obj/item/weldingtool => 13ms (220) (avg:0.059090908616781235)
/obj/structure/table/reinforced => 12ms (754) (avg:0.015915120020508766)
/turf/closed/wall/f13/ruins => 11ms (1119) (avg:0.0098302057012915611)
/turf/closed/wall/f13/supermart => 11ms (878) (avg:0.012528473511338234)
/obj/machinery/door/airlock/public/glass => 11ms (70) (avg:0.15714286267757416)
/obj/machinery/light => 10ms (937) (avg:0.010672358796000481)
/mob/dead/observer => 10ms (138) (avg:0.072463765740394592)
/turf/open/space/transit => 9ms (1644) (avg:0.0054744523949921131)
/obj/machinery/light/small => 9ms (890) (avg:0.010112359188497066)
/turf/closed/mineral/silver => 9ms (806) (avg:0.011166253127157688)
/obj/structure/closet => 9ms (508) (avg:0.017716536298394203)
/obj/machinery/door/airlock/medical => 9ms (144) (avg:0.0625)
/obj/screen/parallax_layer/layer_3 => 9ms (63) (avg:0.1428571492433548)
/turf/closed/wall/r_wall => 8ms (895) (avg:0.0089385472238063812)
/obj/item/gun/ballistic/automatic/assault_carbine => 8ms (216) (avg:0.037037037312984467)
/obj/machinery/door/airlock/command => 8ms (113) (avg:0.070796459913253784)
/turf/closed/wall/r_wall/f13vault => 7ms (1373) (avg:0.0050983247347176075)
/obj/item/gun/ballistic/automatic/greasegun => 7ms (108) (avg:0.064814813435077667)
/obj/item/weldingtool/hugetank => 7ms (88) (avg:0.079545453190803528)
/obj/machinery/door/airlock/vault => 7ms (78) (avg:0.089743591845035553)
/obj/machinery/door/airlock => 7ms (67) (avg:0.10447761416435242)
/obj/structure/table/wood => 6ms (758) (avg:0.0079155676066875458)
/turf/open/floor/carpet/black => 6ms (522) (avg:0.01149425283074379)
/obj/structure/barricade/sandbags => 6ms (229) (avg:0.026200873777270317)
/obj/machinery/door/airlock/glass_large => 6ms (74) (avg:0.081081077456474304)
/obj/item/stack/ore/iron => 6ms (55) (avg:0.10909090936183929)
/turf/closed/wall/f13/wood/interior => 6ms (18) (avg:0.3333333432674408)
/turf/closed/mineral/plasma => 5ms (1214) (avg:0.0041186162270605564)
/turf/closed/mineral/titanium => 5ms (615) (avg:0.0081300809979438782)
/obj/structure/table => 5ms (610) (avg:0.0081967208534479141)
/turf/closed/mineral/uranium => 5ms (459) (avg:0.010893246158957481)
/obj/structure/table/wood/settler => 5ms (259) (avg:0.019305018708109856)
/obj/effect/decal/cleanable/blood/drip => 5ms (223) (avg:0.022421523928642273)
/obj/screen/radial/slice => 5ms (181) (avg:0.027624309062957764)
/obj/item/gun/energy/laser/pistol => 5ms (164) (avg:0.030487805604934692)
/obj/screen/zone_sel => 5ms (116) (avg:0.043103449046611786)
/turf/closed/wall => 5ms (108) (avg:0.046296294778585434)
/obj/item/gun/energy/laser/aer14 => 5ms (100) (avg:0.05000000074505806)
/turf/closed/mineral/gold => 4ms (541) (avg:0.0073937154375016689)
/turf/closed/wall/mineral/titanium => 4ms (317) (avg:0.012618296779692173)
/turf/closed/indestructible/riveted/boss => 4ms (266) (avg:0.015037594363093376)
/turf/open/floor/carpet => 4ms (259) (avg:0.015444015152752399)
/obj/screen/movable/action_button/hide_toggle => 4ms (168) (avg:0.02380952425301075)
/obj/item/reagent_containers/blood/random => 4ms (163) (avg:0.024539876729249954)
/obj/screen/combattoggle => 4ms (118) (avg:0.033898305147886276)
/turf/open/floor/plasteel/f13/vault_floor/misc/vaultrust => 4ms (100) (avg:0.039999999105930328)
/obj/item/pda => 4ms (95) (avg:0.042105264961719513)
/obj/item/storage/belt/utility/chief/full => 4ms (43) (avg:0.093023255467414856)
/obj/item/stack/ore/glass => 4ms (20) (avg:0.20000000298023224)
/turf/open/floor/plasteel/dark => 3ms (254) (avg:0.011811023578047752)
/obj/structure/closet/crate/bin => 3ms (220) (avg:0.013636363670229912)
/turf/closed/indestructible/f13vaultrusted => 3ms (192) (avg:0.015625)
/turf/closed/mineral/bscrystal => 3ms (170) (avg:0.017647059634327888)
/obj/item/gun/energy/laser/plasma/glock/extended => 3ms (167) (avg:0.017964072525501251)
/obj/structure/lattice => 3ms (121) (avg:0.024793388321995735)
/mob/living/silicon/robot => 3ms (71) (avg:0.042253520339727402)
/obj/machinery/door/airlock/freezer => 3ms (67) (avg:0.044776119291782379)
/obj/structure/window/fulltile/house => 3ms (56) (avg:0.0535714291036129)
/obj/item/clothing/under/f13/recon => 3ms (37) (avg:0.081081077456474304)
/obj/machinery/shower => 3ms (17) (avg:0.17647059261798859)
/obj/item/gun/energy/laser/plasma/glock => 3ms (15) (avg:0.20000000298023224)
/obj/machinery/door/airlock/engineering => 3ms (10) (avg:0.30000001192092896)
/turf/closed/mineral/diamond => 2ms (287) (avg:0.0069686411879956722)
/obj/effect/decal/cleanable/blood/gibs/core => 2ms (234) (avg:0.0085470089688897133)
/obj/structure/closet/cabinet => 2ms (191) (avg:0.010471204295754433)
/turf/closed/indestructible => 2ms (168) (avg:0.011904762126505375)
/obj/item/bodypart/r_arm => 2ms (133) (avg:0.015037594363093376)
/obj/item/gun/ballistic/automatic/toy/unrestricted => 2ms (111) (avg:0.018018018454313278)
/turf/closed/indestructible/fakeglass => 2ms (108) (avg:0.018518518656492233)
/turf/closed/wall/r_wall/syndicate => 2ms (97) (avg:0.020618556067347527)
/turf/open/floor/holofloor/carpet => 2ms (87) (avg:0.022988505661487579)
/obj/item/screwdriver => 2ms (86) (avg:0.023255813866853714)
/obj/item/reagent_containers/glass/beaker/large => 2ms (71) (avg:0.028169013559818268)
/obj/machinery/power/smes/engineering => 2ms (62) (avg:0.032258063554763794)
/obj/machinery/door/airlock/wood => 2ms (50) (avg:0.039999999105930328)
/obj/item/gun/energy/laser/plasma => 2ms (45) (avg:0.04444444552063942)
/obj/structure/closet/secure_closet => 2ms (42) (avg:0.0476190485060215)
/obj/structure/table/glass => 2ms (38) (avg:0.052631579339504242)
/obj/item/reagent_containers/syringe => 2ms (31) (avg:0.064516127109527588)
/obj/item/gun/ballistic/automatic/pistol/deagle => 2ms (25) (avg:0.079999998211860657)
/obj/machinery/door/airlock/mining => 2ms (19) (avg:0.10526315867900848)
/obj/structure/closet/cabinet/anchored => 2ms (18) (avg:0.1111111119389534)
/obj/machinery/door/airlock/medical/glass => 2ms (18) (avg:0.1111111119389534)
/obj/item/stack/ore/plasma => 2ms (17) (avg:0.11764705926179886)
/obj/item/stack/ore/titanium => 2ms (17) (avg:0.11764705926179886)
/obj/item/dice/d20 => 2ms (13) (avg:0.15384615957736969)
/obj/machinery/door/airlock/highsecurity => 2ms (11) (avg:0.18181818723678589)
/obj/item/clothing/neck/cloak/polychromic => 2ms (9) (avg:0.2222222238779068)
/turf/open/floor/plasteel => 1ms (371) (avg:0.0026954177301377058)
/turf/open/space => 1ms (267) (avg:0.0037453183904290199)
/turf/closed/wall/r_wall/f13superstore => 1ms (150) (avg:0.0066666668280959129)
/obj/machinery/computer/terminal => 1ms (133) (avg:0.0075187971815466881)
/obj/item/paper_bin => 1ms (101) (avg:0.009900989942252636)
/obj/machinery/newscaster/security_unit => 1ms (97) (avg:0.010309278033673763)
/obj/structure/closet/fridge => 1ms (95) (avg:0.010526316240429878)
/obj/item/clothing/shoes/f13/diesel/alt => 1ms (63) (avg:0.01587301678955555)
/obj/item/gun/ballistic/automatic/smg10mm => 1ms (58) (avg:0.017241379246115685)
/turf/closed/wall/mineral/plastitanium/nodiagonal => 1ms (58) (avg:0.017241379246115685)
/obj/item/gun/energy/laser/aer12 => 1ms (52) (avg:0.019230769947171211)
/obj/structure/table/wood/poker => 1ms (44) (avg:0.022727273404598236)
/obj/item/reagent_containers/glass/bottle/vial/small/bicaridine => 1ms (41) (avg:0.024390242993831635)
/obj/item/reagent_containers/hypospray/medipen/stimpak/super => 1ms (37) (avg:0.027027027681469917)
/obj/item/reagent_containers/glass/bottle/vial/small/kelotane => 1ms (37) (avg:0.027027027681469917)
/obj/item/gun/ballistic/automatic/autopipe => 1ms (36) (avg:0.02777777798473835)
/obj/item/storage/box/vendingmachine => 1ms (36) (avg:0.02777777798473835)
/obj/machinery/newscaster => 1ms (36) (avg:0.02777777798473835)
/obj/item/bodypart/r_leg => 1ms (31) (avg:0.032258063554763794)
/turf/closed/wall/f13/wood/house => 1ms (29) (avg:0.034482758492231369)
/obj/item/reagent_containers/glass/beaker => 1ms (28) (avg:0.035714287310838699)
/turf/open/floor/plasteel/f13/vault_floor/dark/darksolid => 1ms (28) (avg:0.035714287310838699)
/turf/open/floor/plasteel/f13/vault_floor/floor => 1ms (28) (avg:0.035714287310838699)
/obj/item/gun/energy/laser => 1ms (27) (avg:0.037037037312984467)
/obj/structure/window/paperframe => 1ms (27) (avg:0.037037037312984467)
/obj/item/reagent_containers/syringe/medx => 1ms (27) (avg:0.037037037312984467)
/obj/machinery/door/airlock/maintenance/abandoned => 1ms (26) (avg:0.038461539894342422)
/obj/item/stack/ore/lead => 1ms (25) (avg:0.039999999105930328)
/turf/open/floor/plating/airless => 1ms (24) (avg:0.041666667908430099)
/obj/structure/table/abductor => 1ms (24) (avg:0.041666667908430099)
/obj/machinery/iv_drip => 1ms (23) (avg:0.043478261679410934)
/obj/item/clipboard => 1ms (19) (avg:0.052631579339504242)
/obj/item/stack/ore/silver => 1ms (19) (avg:0.052631579339504242)
/obj/item/stock_parts/cell => 1ms (17) (avg:0.058823529630899429)
/obj/machinery/door/airlock/external => 1ms (16) (avg:0.0625)
/obj/item/bodypart/head => 1ms (16) (avg:0.0625)
/obj/machinery/door/airlock/security => 1ms (15) (avg:0.066666670143604279)
/turf/open/floor/carpet/green => 1ms (15) (avg:0.066666670143604279)
/obj/item/storage/belt/utility => 1ms (15) (avg:0.066666670143604279)
/obj/item/pda/medical => 1ms (14) (avg:0.071428574621677399)
/obj/machinery/rnd/production/protolathe => 1ms (14) (avg:0.071428574621677399)
/obj/effect/decal/cleanable/blood/gibs/old => 1ms (13) (avg:0.076923079788684845)
/obj/item/pda/captain => 1ms (13) (avg:0.076923079788684845)
/obj/item/pda/engineering => 1ms (13) (avg:0.076923079788684845)
/obj/item/reagent_containers/glass/bottle/charcoal => 1ms (12) (avg:0.083333335816860199)
/obj/item/reagent_containers/glass/bottle/epinephrine => 1ms (10) (avg:0.10000000149011612)
/obj/item/storage/box/ingredients/fiesta => 1ms (10) (avg:0.10000000149011612)
/obj/item/gun/ballistic/automatic/pistol/pistol22 => 1ms (10) (avg:0.10000000149011612)
/turf/open/floor/carpet/red => 1ms (10) (avg:0.10000000149011612)
/obj/structure/closet/anchored => 1ms (10) (avg:0.10000000149011612)
/obj/item/target => 1ms (10) (avg:0.10000000149011612)
/obj/item/reagent_containers/glass/bottle/salglu_solution => 1ms (10) (avg:0.10000000149011612)
/obj/structure/door_assembly/door_assembly_hatch => 1ms (9) (avg:0.1111111119389534)
/obj/item/stack/ore/gold => 1ms (9) (avg:0.1111111119389534)
/obj/item/reagent_containers/food/drinks/mug/tea => 1ms (8) (avg:0.125)
/obj/machinery/am_shielding => 1ms (8) (avg:0.125)
/obj/item/clothing/suit/armor/f13/combat/mk2/raider => 1ms (7) (avg:0.1428571492433548)
/obj/item/clothing/shoes/f13/military/plated => 1ms (7) (avg:0.1428571492433548)
/obj/item/stack/ore/blackpowder/fifty => 1ms (6) (avg:0.1666666716337204)
/obj/item/stack/ore/blackpowder => 1ms (6) (avg:0.1666666716337204)
/obj/item/stack/ore/glass/basalt => 1ms (6) (avg:0.1666666716337204)
/obj/item/clothing/under/f13/tribe => 1ms (6) (avg:0.1666666716337204)
/obj/machinery/door/airlock/research => 1ms (5) (avg:0.20000000298023224)
/obj/structure/falsewall/reinforced => 1ms (5) (avg:0.20000000298023224)
/turf/closed/wall/f13/tunnel => 1ms (4) (avg:0.25)
/obj/structure/guillotine => 1ms (4) (avg:0.25)
/obj/item/storage/box/teargas => 1ms (3) (avg:0.3333333432674408)
/obj/item/gun/ballistic/automatic/pistol/ninemil => 1ms (3) (avg:0.3333333432674408)
/obj/item/storage/survivalkit => 1ms (3) (avg:0.3333333432674408)
/obj/structure/table/wood/fancy/royalblack => 1ms (2) (avg:0.5)
/obj/item/storage/fancy/cigarettes/cigpack_bigboss => 1ms (2) (avg:0.5)
/obj/item/ammo_box/l10mm => 1ms (1) (avg:1)
/obj/item/tank/internals/oxygen => 1ms (1) (avg:1)
/obj/item/storage/belt/military/assault => 1ms (1) (avg:1)
/obj/item/organ/appendix => 1ms (1) (avg:1)
/obj/item/gun/ballistic/shotgun/remington => 1ms (1) (avg:1)
/obj/item/claymore/machete/pipe => 1ms (1) (avg:1)
/obj/item/clothing/shoes/combat => 0ms (366) (avg:0)
/obj/item/reagent_containers/hypospray/medipen/stimpak => 0ms (224) (avg:0)
/obj/item/clothing/shoes/combat/swat => 0ms (155) (avg:0)
/obj/item/weldingtool/advanced => 0ms (140) (avg:0)
/turf/closed/indestructible/riveted/uranium => 0ms (131) (avg:0)
/obj/structure/lattice/catwalk => 0ms (130) (avg:0)
/obj/item/clothing/shoes/f13/explorer => 0ms (103) (avg:0)
/obj/effect/decal/cleanable/dirt/dust => 0ms (93) (avg:0)
/obj/item/wirecutters => 0ms (84) (avg:0)
/turf/closed/mineral/random => 0ms (74) (avg:0)
/obj/effect/decal/cleanable/trail_holder => 0ms (74) (avg:0)
/obj/machinery/door/airlock/centcom => 0ms (73) (avg:0)
/turf/open/floor/f13 => 0ms (69) (avg:0)
/obj/item/defibrillator => 0ms (64) (avg:0)
/obj/machinery/light/floor => 0ms (63) (avg:0)
/obj/item/gun/ballistic/automatic/m72 => 0ms (49) (avg:0)
/turf/open/indestructible/ground/outside/sidewalk => 0ms (48) (avg:0)
/obj/effect/decal/cleanable/blood/gibs/down => 0ms (46) (avg:0)
/obj/item/gun/ballistic/automatic/pistol/beretta/automatic => 0ms (45) (avg:0)
/obj/structure/closet/secure_closet/personal => 0ms (42) (avg:0)
/turf/closed/mineral/ash_rock => 0ms (42) (avg:0)
/obj/structure/window/plastitanium => 0ms (41) (avg:0)
/turf/open/floor/plasteel/darkred/side => 0ms (40) (avg:0)
/obj/item/reagent_containers/syringe/charcoal => 0ms (36) (avg:0)
/obj/structure/table/wood/fancy => 0ms (35) (avg:0)
/obj/item/gun/energy/laser/aer9 => 0ms (31) (avg:0)
/obj/item/storage/box/drinkingglasses => 0ms (30) (avg:0)
/obj/item/reagent_containers/blood/radaway => 0ms (30) (avg:0)
/obj/structure/weightmachine/weightlifter => 0ms (30) (avg:0)
/obj/item/gun/ballistic/automatic/pps => 0ms (30) (avg:0)
/obj/structure/table/booth => 0ms (29) (avg:0)
/obj/item/lighter => 0ms (28) (avg:0)
/obj/item/disk/plantgene => 0ms (28) (avg:0)
/obj/item/reagent_containers/glass/beaker/waterbottle => 0ms (25) (avg:0)
/obj/item/gun/ballistic/automatic/commando => 0ms (25) (avg:0)
/turf/closed/wall/mineral/plastitanium => 0ms (25) (avg:0)
/obj/item/storage/toolbox/mechanical => 0ms (24) (avg:0)
/turf/open/floor/plating => 0ms (24) (avg:0)
/obj/structure/table/wood/fancy/black => 0ms (24) (avg:0)
/obj/item/defibrillator/loaded => 0ms (23) (avg:0)
/obj/item/storage/box/matches => 0ms (23) (avg:0)
/obj/item/storage/box/handcuffs => 0ms (21) (avg:0)
/obj/structure/window/fulltile => 0ms (21) (avg:0)
/obj/item/reagent_containers/glass/bottle/blackpowder => 0ms (20) (avg:0)
/obj/item/clothing/under/syndicate/brotherhood => 0ms (20) (avg:0)
/mob/living/simple_animal/hostile/handy => 0ms (19) (avg:0)
/obj/item/stock_parts/cell/upgraded => 0ms (19) (avg:0)
/obj/structure/window/shuttle => 0ms (19) (avg:0)
/mob/living/simple_animal/hostile/handy/gutsy => 0ms (18) (avg:0)
/obj/item/storage/belt/security/full => 0ms (18) (avg:0)
/turf/open/floor/wood/wood_tiled => 0ms (18) (avg:0)
/turf/open/floor/plasteel/f13/vault_floor/floor/floorsolid => 0ms (18) (avg:0)
/obj/structure/table/wood/bar => 0ms (18) (avg:0)
/obj/item/storage/crayons => 0ms (17) (avg:0)
/turf/open/floor/plasteel/darkblue/side => 0ms (17) (avg:0)
/turf/open/floor/f13/wood => 0ms (17) (avg:0)
/turf/open/floor/plasteel/f13/vault_floor/yellow/yellowchess/yellowchess2 => 0ms (17) (avg:0)
/turf/closed/wall/mineral/titanium/nodiagonal => 0ms (17) (avg:0)
/obj/item/clothing/shoes/sneakers/black => 0ms (17) (avg:0)
/obj/structure/closet/crate/secure/weapon => 0ms (16) (avg:0)
/obj/item/gun/energy/ionrifle => 0ms (16) (avg:0)
/turf/open/floor/plasteel/darkred/corner => 0ms (16) (avg:0)
/obj/structure/falsewall/rust => 0ms (16) (avg:0)
/turf/open/indestructible/ground/outside/desert => 0ms (16) (avg:0)
/obj/machinery/chem_dispenser/drinks => 0ms (16) (avg:0)
/obj/item/reagent_containers/food/drinks/drinkingglass/shotglass => 0ms (15) (avg:0)
/obj/item/gun/ballistic/automatic/tommygun => 0ms (15) (avg:0)
/obj/machinery/airalarm => 0ms (14) (avg:0)
/obj/item/gun/energy/laser/plasma/pistol => 0ms (14) (avg:0)
/turf/open/floor/mineral/plastitanium => 0ms (14) (avg:0)
/obj/item/clothing/shoes/f13/brownie => 0ms (14) (avg:0)
/turf/open/floor/plasteel/darkblue/corner => 0ms (13) (avg:0)
/obj/item/reagent_containers/syringe/epinephrine => 0ms (12) (avg:0)
/obj/structure/closet/secure_closet/personal/cabinet => 0ms (12) (avg:0)
/obj/item/holochip => 0ms (12) (avg:0)
/turf/open/floor/plasteel/showroomfloor => 0ms (12) (avg:0)
/obj/structure/weightlifter => 0ms (12) (avg:0)
/obj/item/storage/box/syringes => 0ms (11) (avg:0)
/obj/machinery/door/airlock/titanium => 0ms (11) (avg:0)
/obj/structure/necropolis_gate => 0ms (11) (avg:0)
/obj/machinery/computer/slot_machine => 0ms (11) (avg:0)
/obj/item/clothing/gloves/f13/blacksmith => 0ms (11) (avg:0)
/obj/item/storage/box/flashbangs => 0ms (10) (avg:0)
/obj/item/storage/box/ingredients/carnivore => 0ms (10) (avg:0)
/obj/item/storage/box/gloves => 0ms (10) (avg:0)
/turf/open/floor/plating/f13/outside/desert => 0ms (10) (avg:0)
/obj/structure/window/fulltile/wood => 0ms (10) (avg:0)
/obj/item/clothing/head/welding => 0ms (10) (avg:0)
/obj/item/stack/ore/uranium => 0ms (10) (avg:0)
/obj/item/clothing/gloves/f13/lace => 0ms (10) (avg:0)
/obj/machinery/chem_dispenser => 0ms (10) (avg:0)
/obj/structure/closet/radiation => 0ms (9) (avg:0)
/obj/machinery/computer/operating => 0ms (9) (avg:0)
/obj/structure/closet/cardboard => 0ms (9) (avg:0)
/obj/structure/closet/fridge/standard => 0ms (9) (avg:0)
/obj/item/storage/box/ingredients/sweets => 0ms (9) (avg:0)
/obj/machinery/door/airlock/security/glass => 0ms (9) (avg:0)
/obj/item/storage/toolbox/electrical => 0ms (9) (avg:0)
/obj/machinery/door/airlock/shuttle => 0ms (9) (avg:0)
/obj/item/clothing/shoes/f13/raidertreads => 0ms (9) (avg:0)
/obj/item/stack/ore/blackpowder/two => 0ms (9) (avg:0)
/obj/machinery/computer/secure_data => 0ms (8) (avg:0)
/obj/machinery/computer/security => 0ms (8) (avg:0)
/obj/machinery/computer/security/telescreen => 0ms (8) (avg:0)
/obj/structure/closet/abductor => 0ms (8) (avg:0)
/obj/item/storage/box/ingredients/american => 0ms (8) (avg:0)
/obj/structure/closet/bus => 0ms (8) (avg:0)
/obj/machinery/power/smes => 0ms (8) (avg:0)
/turf/open/floor/plasteel/goonplaque => 0ms (8) (avg:0)
/turf/open/floor/plasteel/vault => 0ms (8) (avg:0)
/obj/item/claymore/machete/spatha => 0ms (8) (avg:0)
/obj/item/clothing/gloves/combat => 0ms (8) (avg:0)
/obj/structure/closet/syndicate => 0ms (8) (avg:0)
/mob/living/simple_animal/hostile/handy/protectron => 0ms (7) (avg:0)
/obj/machinery/door/airlock/silver => 0ms (7) (avg:0)
/obj/machinery/computer/security/telescreen/entertainment => 0ms (7) (avg:0)
/obj/structure/closet/emcloset => 0ms (7) (avg:0)
/obj/item/storage/toolbox/emergency => 0ms (7) (avg:0)
/obj/structure/closet/cardboard/metal => 0ms (7) (avg:0)
/obj/item/dice => 0ms (7) (avg:0)
/obj/item/storage/box/beakers => 0ms (7) (avg:0)
/obj/item/gun/energy/laser/wattz => 0ms (7) (avg:0)
/obj/item/storage/box/bodybags => 0ms (7) (avg:0)
/obj/item/storage/box/lights/mixed => 0ms (7) (avg:0)
/obj/machinery/power/solar_control => 0ms (7) (avg:0)
/turf/open/floor/plasteel/f13/vault_floor/yellow => 0ms (7) (avg:0)
/turf/closed/wall/f13 => 0ms (7) (avg:0)
/obj/structure/table/greyscale => 0ms (7) (avg:0)
/obj/structure/table/reinforced/brass => 0ms (7) (avg:0)
/mob/living/simple_animal/hostile/handy/assaultron => 0ms (7) (avg:0)
/obj/item/clothing/gloves/f13/handwraps => 0ms (7) (avg:0)
/obj/item/stack/ore/bluespace_crystal => 0ms (7) (avg:0)
/obj/item/clothing/head/helmet/f13/combat/mk2/raider => 0ms (7) (avg:0)
/obj/item/melee/unarmed/deathclawgauntlet => 0ms (7) (avg:0)
/obj/item/clothing/under/f13/legskirt => 0ms (7) (avg:0)
/obj/item/clothing/shoes/f13/rag => 0ms (7) (avg:0)
/obj/structure/closet/secure_closet/security => 0ms (6) (avg:0)
/obj/structure/closet/secure_closet/freezer/kitchen => 0ms (6) (avg:0)
/obj/machinery/computer/cargo => 0ms (6) (avg:0)
/obj/structure/closet/syndicate/personal => 0ms (6) (avg:0)
/obj/effect/decal/cleanable/blood/gibs/body => 0ms (6) (avg:0)
/obj/item/storage/box/ingredients/vegetarian => 0ms (6) (avg:0)
/obj/item/storage/belt/utility/full => 0ms (6) (avg:0)
/obj/item/reagent_containers/food/snacks/lollipop => 0ms (6) (avg:0)
/obj/item/clothing/under/shorts/polychromic => 0ms (6) (avg:0)
/turf/open/floor/plasteel/f13/vault_floor/red => 0ms (6) (avg:0)
/obj/structure/chair/comfy/black => 0ms (6) (avg:0)
/obj/structure/chair/comfy/shuttle => 0ms (6) (avg:0)
/obj/item/modular_computer/laptop/preset/civillian => 0ms (6) (avg:0)
/obj/item/clothing/gloves/fingerless => 0ms (6) (avg:0)
/obj/machinery/computer/card/centcom => 0ms (5) (avg:0)
/obj/structure/closet/secure_closet/freezer/meat => 0ms (5) (avg:0)
/obj/structure/closet/secure_closet/freezer/fridge => 0ms (5) (avg:0)
/obj/item/storage/box/emps => 0ms (5) (avg:0)
/obj/item/dice/d10 => 0ms (5) (avg:0)
/obj/machinery/computer/telecrystals/uplinker => 0ms (5) (avg:0)
/obj/machinery/computer/camera_advanced/abductor => 0ms (5) (avg:0)
/obj/machinery/computer/shuttle/bunkerelevator => 0ms (5) (avg:0)
/obj/item/storage/box/ingredients/fruity => 0ms (5) (avg:0)
/obj/item/storage/box/ingredients/wildcard => 0ms (5) (avg:0)
/turf/open/floor/plasteel/caution => 0ms (5) (avg:0)
/obj/effect/decal/cleanable/blood/gibs/slime => 0ms (5) (avg:0)
/obj/item/gun/energy/laser/rcw => 0ms (5) (avg:0)
/obj/item/storage/backpack/satchel/explorer => 0ms (5) (avg:0)
/obj/item/stack/ore/diamond => 0ms (5) (avg:0)
/obj/item/stock_parts/cell/ammo/ec => 0ms (5) (avg:0)
/obj/machinery/vending/nukacolavend => 0ms (5) (avg:0)
/obj/item/storage/box/syndie_kit/imp_microbomb => 0ms (5) (avg:0)
/obj/structure/janitorialcart => 0ms (5) (avg:0)
/area/shuttle/transit => 0ms (5) (avg:0)
/obj/item/clothing/shoes/sneakers/red => 0ms (5) (avg:0)
/obj/item/clothing/gloves/legion => 0ms (5) (avg:0)
/turf/closed/wall/f13wood => 0ms (5) (avg:0)
/obj/item/clothing/under/f13/combat_shirt => 0ms (5) (avg:0)
/obj/item/organ/cyberimp/eyes/hud/medical => 0ms (4) (avg:0)
/mob/living/simple_animal/hostile/handy/sentrybot => 0ms (4) (avg:0)
/obj/structure/guncase/shotgun => 0ms (4) (avg:0)
/obj/item/storage/box/dice => 0ms (4) (avg:0)
/obj/item/dice/d4 => 0ms (4) (avg:0)
/obj/item/dice/d6 => 0ms (4) (avg:0)
/obj/item/dice/d8 => 0ms (4) (avg:0)
/obj/item/dice/d12 => 0ms (4) (avg:0)
/obj/machinery/computer/auxillary_base => 0ms (4) (avg:0)
/obj/item/gun/ballistic/automatic/ar => 0ms (4) (avg:0)
/obj/item/stock_parts/cell/pulse/carbine => 0ms (4) (avg:0)
/obj/item/gun/energy/pulse/carbine/loyalpin => 0ms (4) (avg:0)
/obj/item/storage/box/disks_plantgene => 0ms (4) (avg:0)
/obj/machinery/door/airlock/engineering/glass => 0ms (4) (avg:0)
/obj/machinery/door/airlock/command/glass => 0ms (4) (avg:0)
/obj/item/storage/box/alienhandcuffs => 0ms (4) (avg:0)
/obj/item/reagent_containers/honeycomb => 0ms (4) (avg:0)
/obj/item/storage/box/masks => 0ms (4) (avg:0)
/obj/item/gun/ballistic/automatic/mini_uzi => 0ms (4) (avg:0)
/obj/item/storage/toolbox/drone => 0ms (4) (avg:0)
/obj/machinery/computer/security/bos => 0ms (4) (avg:0)
/obj/structure/closet/athletic_mixed => 0ms (4) (avg:0)
/obj/structure/closet/boxinggloves => 0ms (4) (avg:0)
/obj/item/storage/box/lights/bulbs => 0ms (4) (avg:0)
/obj/item/storage/box/pillbottles => 0ms (4) (avg:0)
/obj/structure/fireaxecabinet => 0ms (4) (avg:0)
/obj/item/gps/mining => 0ms (4) (avg:0)
/obj/machinery/computer/rdconsole/core/bos => 0ms (4) (avg:0)
/obj/item/storage/box/lights/tubes => 0ms (4) (avg:0)
/obj/machinery/computer/crew => 0ms (4) (avg:0)
/turf/open/indestructible/ground/inside/subway => 0ms (4) (avg:0)
/turf/open/floor/plasteel/f13/vault_floor/plating => 0ms (4) (avg:0)
/turf/closed/wall/mineral/titanium/interior => 0ms (4) (avg:0)
/turf/closed/wall/r_wall/f13composite => 0ms (4) (avg:0)
/obj/structure/table/wood/fancy/blackred => 0ms (4) (avg:0)
/turf/open/floor/carpet/blue => 0ms (4) (avg:0)
/turf/closed/wall/r_wall/syndicate/nodiagonal => 0ms (4) (avg:0)
/turf/closed/wall/f13/wood => 0ms (4) (avg:0)
/obj/item/clothing/neck/cloak/bos/paladin => 0ms (4) (avg:0)
/obj/machinery/vending/tool => 0ms (4) (avg:0)
/obj/item/clothing/head/helmet/f13/power_armor/t51b => 0ms (4) (avg:0)
/obj/item/clothing/suit/armor/f13/power_armor/t51b => 0ms (4) (avg:0)
/obj/item/storage/backpack => 0ms (4) (avg:0)
/obj/item/electropack/shockcollar => 0ms (4) (avg:0)
/obj/item/clothing/under/f13/ncr => 0ms (4) (avg:0)
/obj/item/clothing/suit/armor/f13/legion/palacent => 0ms (4) (avg:0)
/turf/closed/wall/f13/wood/house/broken => 0ms (4) (avg:0)
/obj/item/organ/cyberimp/chest/nutriment => 0ms (3) (avg:0)
/mob/living/simple_animal/hostile/handy/nsb => 0ms (3) (avg:0)
/mob/living/simple_animal/hostile/handy/gutsy/nsb => 0ms (3) (avg:0)
/obj/structure/guncase/ecase => 0ms (3) (avg:0)
/obj/item/storage/box/zipties => 0ms (3) (avg:0)
/obj/item/clothing/under/misc/polyjumpsuit => 0ms (3) (avg:0)
/obj/item/clothing/under/misc/poly_shirt => 0ms (3) (avg:0)
/obj/item/clothing/under/costume/kilt/polychromic => 0ms (3) (avg:0)
/obj/item/clothing/under/dress/skirt/polychromic => 0ms (3) (avg:0)
/obj/item/clothing/under/misc/polyshorts => 0ms (3) (avg:0)
/obj/item/gun/energy/e_gun => 0ms (3) (avg:0)
/obj/item/defibrillator/compact/combat/loaded => 0ms (3) (avg:0)
/obj/item/gun/energy/laser/wattz/magneto => 0ms (3) (avg:0)
/obj/machinery/computer/communications => 0ms (3) (avg:0)
/obj/item/gps/internal/base => 0ms (3) (avg:0)
/obj/structure/closet/wardrobe/cargotech => 0ms (3) (avg:0)
/obj/item/storage/box/mousetraps => 0ms (3) (avg:0)
/obj/structure/closet/secure_closet/hydroponics => 0ms (3) (avg:0)
/obj/machinery/computer/arcade/orion_trail => 0ms (3) (avg:0)
/obj/item/storage/box/ingredients/italian => 0ms (3) (avg:0)
/obj/machinery/computer/shuttle/northbunkerelevator => 0ms (3) (avg:0)
/obj/structure/closet/secure_closet/freezer/fridge/open => 0ms (3) (avg:0)
/obj/item/reagent_containers/food/drinks/mug/coco => 0ms (3) (avg:0)
/obj/item/storage/box/lights => 0ms (3) (avg:0)
/obj/structure/guncase => 0ms (3) (avg:0)
/obj/item/gun/ballistic/automatic/mp5 => 0ms (3) (avg:0)
/obj/effect/decal/cleanable/blood/gibs/torso => 0ms (3) (avg:0)
/obj/structure/closet/wardrobe/pjs => 0ms (3) (avg:0)
/obj/item/toy/crayon/spraycan => 0ms (3) (avg:0)
/obj/machinery/computer/med_data => 0ms (3) (avg:0)
/obj/item/pda/warden => 0ms (3) (avg:0)
/obj/machinery/computer/med_data/syndie => 0ms (3) (avg:0)
/obj/structure/closet/secure_closet/freezer/meat/open => 0ms (3) (avg:0)
/obj/item/clothing/neck/cloak => 0ms (3) (avg:0)
/obj/item/clothing/suit/toggle/labcoat/f13/wanderer => 0ms (3) (avg:0)
/obj/item/clothing/gloves/color/brown => 0ms (3) (avg:0)
/obj/item/twohanded/spear => 0ms (3) (avg:0)
/obj/item/kitchen/knife/combat => 0ms (3) (avg:0)
/obj/item/clothing/neck/petcollar => 0ms (3) (avg:0)
/obj/machinery/vending/medical => 0ms (3) (avg:0)
/obj/item/storage/trash_stack => 0ms (3) (avg:0)
/obj/item/clothing/suit/armor/f13/raider/sadist => 0ms (3) (avg:0)
/obj/item/clothing/head/mob_holder => 0ms (3) (avg:0)
/obj/item/clothing/under/f13/doctor => 0ms (3) (avg:0)
/obj/item/gun/ballistic/automatic/pistol/beretta => 0ms (3) (avg:0)
/obj/item/clothing/neck/cloak/grey => 0ms (3) (avg:0)
/obj/item/weldingtool/experimental => 0ms (3) (avg:0)
/obj/item/kitchen/knife/combat/survival => 0ms (3) (avg:0)
/obj/item/clothing/suit/armor/f13/leather_jacket/combat/coat => 0ms (3) (avg:0)
/turf/closed/wall/f13/tentwall => 0ms (3) (avg:0)
/obj/item/storage/belt/holster => 0ms (3) (avg:0)
/obj/item/clothing/suit/armor/f13/battlecoat/vault/armoured => 0ms (3) (avg:0)
/obj/item/card/id/silver => 0ms (3) (avg:0)
/obj/item/clothing/under/f13/followers => 0ms (3) (avg:0)
/obj/item/reagent_containers/syringe/alien => 0ms (3) (avg:0)
/obj/machinery/airalarm/syndicate => 0ms (3) (avg:0)
/obj/item/reagent_containers/glass/beaker/bluespace => 0ms (3) (avg:0)
/mob/living/simple_animal/hostile/handy/robobrain/nsb => 0ms (2) (avg:0)
/obj/structure/tank_dispenser/oxygen => 0ms (2) (avg:0)
/obj/item/storage/box/firingpins => 0ms (2) (avg:0)
/obj/structure/closet/secure_closet/ertMed => 0ms (2) (avg:0)
/obj/structure/closet/secure_closet/ertSec => 0ms (2) (avg:0)
/obj/item/storage/box/flashes => 0ms (2) (avg:0)
/obj/item/gun/energy/laser/captain => 0ms (2) (avg:0)
/obj/machinery/computer/emergency_shuttle => 0ms (2) (avg:0)
/obj/structure/closet/secure_closet/ertEngi => 0ms (2) (avg:0)
/obj/item/storage/box/metalfoam => 0ms (2) (avg:0)
/obj/machinery/computer/shuttle/labor => 0ms (2) (avg:0)
/obj/machinery/computer/shuttle/mining => 0ms (2) (avg:0)
/obj/machinery/computer/security/mining => 0ms (2) (avg:0)
/obj/machinery/computer/mech_bay_power_console => 0ms (2) (avg:0)
/obj/machinery/computer/camera_advanced => 0ms (2) (avg:0)
/obj/machinery/computer/shuttle => 0ms (2) (avg:0)
/obj/machinery/computer/telecomms/monitor => 0ms (2) (avg:0)
/obj/machinery/computer/telecomms/server => 0ms (2) (avg:0)
/obj/machinery/computer/message_monitor => 0ms (2) (avg:0)
/obj/item/storage/box/ingredients/grains => 0ms (2) (avg:0)
/obj/structure/closet/fridge/cannibal => 0ms (2) (avg:0)
/obj/item/storage/box/ingredients/delights => 0ms (2) (avg:0)
/obj/item/dice/d1 => 0ms (2) (avg:0)
/obj/item/gun/ballistic/automatic/assault_rifle/infiltrator => 0ms (2) (avg:0)
/obj/effect/decal/cleanable/blood/gibs/limb => 0ms (2) (avg:0)
/obj/item/storage/box/papersack => 0ms (2) (avg:0)
/obj/item/lighter/gold => 0ms (2) (avg:0)
/obj/item/storage/box/cups => 0ms (2) (avg:0)
/obj/item/gun/energy/laser/scatter => 0ms (2) (avg:0)
/obj/item/storage/box/medsprays => 0ms (2) (avg:0)
/obj/item/reagent_containers/blood/OMinus => 0ms (2) (avg:0)
/obj/machinery/computer/operating/bos => 0ms (2) (avg:0)
/obj/item/pda/chemist => 0ms (2) (avg:0)
/obj/machinery/computer/robotics => 0ms (2) (avg:0)
/obj/machinery/computer/upload/ai => 0ms (2) (avg:0)
/obj/machinery/modular_computer/console/preset/engineering => 0ms (2) (avg:0)
/obj/structure/closet/toolcloset => 0ms (2) (avg:0)
/obj/item/stack/ore/blackpowder/five => 0ms (2) (avg:0)
/turf/open/floor/plasteel/blue/corner => 0ms (2) (avg:0)
/obj/structure/window/plasma/reinforced/fulltile => 0ms (2) (avg:0)
/obj/effect/decal/cleanable/blood/gibs/slime/limb => 0ms (2) (avg:0)
/obj/effect/decal/cleanable/blood/gibs/human/lizard/limb => 0ms (2) (avg:0)
/obj/structure/closet/secure_closet/medical1 => 0ms (2) (avg:0)
/obj/item/reagent_containers/glass/bottle/morphine => 0ms (2) (avg:0)
/obj/item/storage/box/rxglasses => 0ms (2) (avg:0)
/obj/structure/closet/secure_closet/medical2 => 0ms (2) (avg:0)
/obj/item/grenade/iedcasing => 0ms (2) (avg:0)
/obj/item/twohanded/fireaxe => 0ms (2) (avg:0)
/obj/item/clothing/head/helmet/f13/raider/blastmaster => 0ms (2) (avg:0)
/obj/item/clothing/suit/armor/f13/raider/blastmaster => 0ms (2) (avg:0)
/obj/item/reagent_containers/pill/patch/healingpowder => 0ms (2) (avg:0)
/obj/item/clothing/head/f13/stormchaser => 0ms (2) (avg:0)
/obj/screen/zone_sel/robot => 0ms (2) (avg:0)
/obj/item/clothing/head/helmet/f13/power_armor/advanced => 0ms (2) (avg:0)
/obj/item/kitchen/knife => 0ms (2) (avg:0)
/obj/item/card/id => 0ms (2) (avg:0)
/obj/structure/chair/sofa/corp/right => 0ms (2) (avg:0)
/obj/structure/chair/sofa/corp/left => 0ms (2) (avg:0)
/obj/item/clothing/suit/armor/f13/leatherarmor => 0ms (2) (avg:0)
/obj/machinery/computer/rdservercontrol => 0ms (2) (avg:0)
/obj/item/clothing/suit/curator => 0ms (2) (avg:0)
/obj/item/clothing/gloves/color/black => 0ms (2) (avg:0)
/obj/item/storage/backpack/satchel/leather => 0ms (2) (avg:0)
/obj/item/clothing/head/helmet/f13/raider/arclight => 0ms (2) (avg:0)
/obj/item/clothing/head/helmet/f13/power_armor/t60 => 0ms (2) (avg:0)
/obj/item/clothing/suit/armor/f13/power_armor/t60 => 0ms (2) (avg:0)
/obj/item/bedsheet => 0ms (2) (avg:0)
/obj/item/stack/medical/gauze => 0ms (2) (avg:0)
/obj/item/ammo_box/magazine/m9mmds => 0ms (2) (avg:0)
/obj/item/clothing/suit/armor/f13/raider/combatduster => 0ms (2) (avg:0)
/obj/machinery/chem_dispenser/drinks/beer => 0ms (2) (avg:0)
/obj/item/twohanded/fireaxe/bmprsword => 0ms (2) (avg:0)
/obj/item/storage/survivalkit_adv => 0ms (2) (avg:0)
/obj/item/ammo_casing/shotgun/buckshot => 0ms (2) (avg:0)
/obj/machinery/cell_charger => 0ms (2) (avg:0)
/obj/item/gun/ballistic/automatic/pistol/modular => 0ms (2) (avg:0)
/obj/item/clothing/under/f13/lumberjack => 0ms (2) (avg:0)
/obj/item/bedsheet/cosmos => 0ms (2) (avg:0)
/obj/item/stack/f13Cash/ncr => 0ms (2) (avg:0)
/obj/item/clothing/suit/armor/f13/ncrarmor/reinforced => 0ms (2) (avg:0)
/obj/item/clothing/gloves/f13/leather/fingerless => 0ms (2) (avg:0)
/obj/item/clothing/shoes/f13/military/ncr => 0ms (2) (avg:0)
/obj/item/clothing/head/helmet/f13/legion/palacent => 0ms (2) (avg:0)
/obj/item/shield/legion/buckler => 0ms (2) (avg:0)
/obj/item/melee/curator_whip => 0ms (2) (avg:0)
/obj/machinery/vending/snack => 0ms (2) (avg:0)
/obj/item/kitchen/knife/combat/bone => 0ms (2) (avg:0)
/obj/item/clothing/head/helmet/f13/deathskull => 0ms (2) (avg:0)
/obj/machinery/vending/games => 0ms (2) (avg:0)
/obj/machinery/vending/boozeomat => 0ms (2) (avg:0)
/obj/machinery/vending/cola/starkist => 0ms (2) (avg:0)
/obj/item/clothing/shoes/jackboots => 0ms (2) (avg:0)
/obj/item/clothing/neck/cloak/alt/polychromic => 0ms (2) (avg:0)
/obj/structure/closet/crate/secure/hydroponics => 0ms (1) (avg:0)
/obj/item/organ/cyberimp/chest/nutriment/plus => 0ms (1) (avg:0)
/obj/structure/chair/e_chair => 0ms (1) (avg:0)
/mob/living/simple_animal/hostile/handy/sentrybot/nsb => 0ms (1) (avg:0)
/mob/living/simple_animal/hostile/handy/sentrybot/chew => 0ms (1) (avg:0)
/obj/structure/tank_dispenser/plasma => 0ms (1) (avg:0)
/obj/vehicle/ridden/space/speedbike => 0ms (1) (avg:0)
/obj/vehicle/ridden/space/speedbike/red => 0ms (1) (avg:0)
/obj/vehicle/ridden/space/speedwagon => 0ms (1) (avg:0)
/obj/structure/closet/gimmick/tacticool => 0ms (1) (avg:0)
/obj/structure/closet/gimmick/russian => 0ms (1) (avg:0)
/obj/structure/closet/syndicate/resources/everything => 0ms (1) (avg:0)
/obj/structure/closet/secure_closet/security/sec => 0ms (1) (avg:0)
/obj/structure/closet/secure_closet/warden => 0ms (1) (avg:0)
/obj/structure/closet/secure_closet/armory1 => 0ms (1) (avg:0)
/obj/vehicle/ridden/janicart/upgraded => 0ms (1) (avg:0)
/obj/structure/closet/firecloset/full => 0ms (1) (avg:0)
/obj/structure/closet/wardrobe/mixed => 0ms (1) (avg:0)
/obj/structure/closet/secure_closet/tac => 0ms (1) (avg:0)
/obj/structure/closet/secure_closet/armory2 => 0ms (1) (avg:0)
/obj/structure/closet/secure_closet/armory3 => 0ms (1) (avg:0)
/obj/item/gun/energy/e_gun/stun => 0ms (1) (avg:0)
/obj/item/dice/d2 => 0ms (1) (avg:0)
/obj/item/gun/energy/pulse/pistol/m1911 => 0ms (1) (avg:0)
/obj/structure/closet/secure_closet/ertCom => 0ms (1) (avg:0)
/obj/machinery/computer/shuttle/ferry => 0ms (1) (avg:0)
/obj/machinery/modular_computer/console/preset/command => 0ms (1) (avg:0)
/obj/machinery/computer/prisoner => 0ms (1) (avg:0)
/obj/structure/closet/secure_closet/quartermaster => 0ms (1) (avg:0)
/obj/structure/closet/chefcloset => 0ms (1) (avg:0)
/obj/machinery/gibber => 0ms (1) (avg:0)
/obj/machinery/modular_computer/console/preset/research => 0ms (1) (avg:0)
/obj/machinery/computer/telecrystals/boss => 0ms (1) (avg:0)
/obj/item/paicard => 0ms (1) (avg:0)
/obj/machinery/computer/shuttle/syndicate/recall => 0ms (1) (avg:0)
/obj/item/disk/data => 0ms (1) (avg:0)
/obj/item/gun/energy/laser/practice => 0ms (1) (avg:0)
/obj/machinery/computer/atmos_alert => 0ms (1) (avg:0)
/obj/machinery/computer/station_alert => 0ms (1) (avg:0)
/obj/machinery/gravity_generator/part => 0ms (1) (avg:0)
/obj/item/gun/energy/e_gun/mini/practice_phaser => 0ms (1) (avg:0)
/obj/machinery/computer/pandemic => 0ms (1) (avg:0)
/obj/structure/closet/wardrobe/white => 0ms (1) (avg:0)
/obj/item/clothing/under/maid => 0ms (1) (avg:0)
/obj/structure/closet/fridge/meat => 0ms (1) (avg:0)
/obj/item/storage/box/citizenship_permits => 0ms (1) (avg:0)
/obj/item/storage/box/ingredients/exotic => 0ms (1) (avg:0)
/obj/item/gun/ballistic/automatic/r84 => 0ms (1) (avg:0)
/obj/machinery/computer/rdconsole => 0ms (1) (avg:0)
/obj/item/integrated_electronics/detailer => 0ms (1) (avg:0)
/obj/item/gps/computer => 0ms (1) (avg:0)
/obj/item/pda/heads/hos => 0ms (1) (avg:0)
/obj/structure/closet/secure_closet/contraband/armory => 0ms (1) (avg:0)
/obj/item/pda/heads/hop => 0ms (1) (avg:0)
/obj/item/pda/heads/cmo => 0ms (1) (avg:0)
/obj/item/pda/quartermaster => 0ms (1) (avg:0)
/obj/machinery/gibber/autogibber => 0ms (1) (avg:0)
/obj/machinery/computer/cargo/request => 0ms (1) (avg:0)
/obj/item/pda/lawyer => 0ms (1) (avg:0)
/obj/machinery/computer/rdconsole/core/vault => 0ms (1) (avg:0)
/obj/machinery/computer/aifixer => 0ms (1) (avg:0)
/obj/machinery/computer/upload/borg => 0ms (1) (avg:0)
/obj/item/storage/box/PDAs => 0ms (1) (avg:0)
/obj/machinery/computer/card => 0ms (1) (avg:0)
/obj/item/gun/ballistic/automatic/toy => 0ms (1) (avg:0)
/obj/structure/closet/secure_closet/freezer/kitchen/maintenance => 0ms (1) (avg:0)
/obj/item/gun/ballistic/automatic/service/r82 => 0ms (1) (avg:0)
/obj/item/lighter/greyscale => 0ms (1) (avg:0)
/area/tdome/arena => 0ms (1) (avg:0)
/area/syndicate_mothership => 0ms (1) (avg:0)
/area/ctf => 0ms (1) (avg:0)
/area/awaymission/errorroom => 0ms (1) (avg:0)
/area/tdome/arena_source => 0ms (1) (avg:0)
/area/abductor_ship => 0ms (1) (avg:0)
/area/holodeck/rec_center/refuel => 0ms (1) (avg:0)
/area/holodeck/rec_center/spacechess => 0ms (1) (avg:0)
/area/holodeck/rec_center/thunderdome1218 => 0ms (1) (avg:0)
/area/holodeck/rec_center/kobayashi => 0ms (1) (avg:0)
/area/holodeck/rec_center/chapelcourt => 0ms (1) (avg:0)
/area/holodeck/rec_center/school => 0ms (1) (avg:0)
/area/holodeck/rec_center/firingrange => 0ms (1) (avg:0)
/area/fabric_of_reality => 0ms (1) (avg:0)
/area/ai_multicam_room => 0ms (1) (avg:0)
/area/holodeck/rec_center/anthophila => 0ms (1) (avg:0)
/area/holodeck/rec_center/pet_lounge => 0ms (1) (avg:0)
/area/holodeck/rec_center/medical => 0ms (1) (avg:0)
/area/holodeck/rec_center/basketball => 0ms (1) (avg:0)
/area/holodeck/rec_center/beach => 0ms (1) (avg:0)
/area/holodeck/rec_center/thunderdome => 0ms (1) (avg:0)
/area/holodeck/rec_center/dodgeball => 0ms (1) (avg:0)
/area/start => 0ms (1) (avg:0)
/area/holodeck/rec_center/winterwonderland => 0ms (1) (avg:0)
/area/holodeck/rec_center/bunker => 0ms (1) (avg:0)
/area/holodeck/rec_center/lounge => 0ms (1) (avg:0)
/area/holodeck/rec_center/wildlife => 0ms (1) (avg:0)
/area/holodeck/rec_center/offline => 0ms (1) (avg:0)
/area/holodeck/rec_center/burn => 0ms (1) (avg:0)
/area/holodeck/rec_center/court => 0ms (1) (avg:0)
/area/space => 0ms (1) (avg:0)
/turf/open/floor/plasteel/darkpurple/side => 0ms (1) (avg:0)
/turf/open/floor/plasteel/f13/vault_floor/yellow/whiteyellowfull => 0ms (1) (avg:0)
/obj/machinery/atmospherics/components/unary/vent_pump/on => 0ms (1) (avg:0)
/obj/structure/window/reinforced/tinted/fulltile => 0ms (1) (avg:0)
/obj/structure/falsewall => 0ms (1) (avg:0)
/obj/machinery/computer/shuttle/bos => 0ms (1) (avg:0)
/obj/machinery/computer/shuttle/ferry/request => 0ms (1) (avg:0)
/obj/machinery/computer/shuttle/syndicate/drop_pod => 0ms (1) (avg:0)
/obj/machinery/portable_atmospherics/canister/oxygen => 0ms (1) (avg:0)
/obj/structure/closet/syndicate/nuclear => 0ms (1) (avg:0)
/obj/item/pda/syndicate => 0ms (1) (avg:0)
/obj/item/storage/toolbox/syndicate => 0ms (1) (avg:0)
/obj/machinery/computer/crew/syndie => 0ms (1) (avg:0)
/obj/machinery/computer/camera_advanced/shuttle_docker/syndicate => 0ms (1) (avg:0)
/obj/machinery/computer/shuttle/syndicate => 0ms (1) (avg:0)
/obj/machinery/computer/camera_advanced/syndie => 0ms (1) (avg:0)
/obj/machinery/computer/secure_data/syndie => 0ms (1) (avg:0)
/obj/machinery/portable_atmospherics/canister/air => 0ms (1) (avg:0)
/obj/effect/decal/cleanable/blood/gibs/slime/body => 0ms (1) (avg:0)
/obj/item/paper_bin/carbon => 0ms (1) (avg:0)
/turf/open/floor/plasteel/barber => 0ms (1) (avg:0)
/obj/item/reagent_containers/glass/bottle/toxin => 0ms (1) (avg:0)
/obj/effect/decal/cleanable/blood/gibs/human/lizard/body => 0ms (1) (avg:0)
/obj/effect/decal/cleanable/blood/gibs/human/lizard/down => 0ms (1) (avg:0)
/obj/machinery/computer/secure_data/laptop => 0ms (1) (avg:0)
/obj/item/clothing/under/f13/ncr/ncr_officer => 0ms (1) (avg:0)
/obj/item/storage/box/minibombs => 0ms (1) (avg:0)
/obj/item/gun/energy/laser/plasma/carbine => 0ms (1) (avg:0)
/obj/item/pickaxe/drill => 0ms (1) (avg:0)
/obj/item/clothing/suit/f13/veteran => 0ms (1) (avg:0)
/obj/item/metaldetector => 0ms (1) (avg:0)
/obj/item/clothing/under/f13/settler => 0ms (1) (avg:0)
/obj/item/clothing/under/f13/machinist => 0ms (1) (avg:0)
/obj/item/storage/backpack/duffelbag/med/surgery => 0ms (1) (avg:0)
/obj/item/clothing/suit/armor/f13/power_armor/advanced => 0ms (1) (avg:0)
/obj/item/shield/riot => 0ms (1) (avg:0)
/obj/item/weldingtool/largetank/cyborg => 0ms (1) (avg:0)
/obj/item/clothing/under/f13/roving => 0ms (1) (avg:0)
/obj/item/clothing/under/costume/maid => 0ms (1) (avg:0)
/obj/item/salvage/low => 0ms (1) (avg:0)
/obj/item/radio/off => 0ms (1) (avg:0)
/turf/open/transparent/glass => 0ms (1) (avg:0)
/obj/item/clothing/head/scarecrow_hat => 0ms (1) (avg:0)
/obj/item/stack/f13Cash/aureus => 0ms (1) (avg:0)
/obj/item/gun/ballistic/revolver/colt6520 => 0ms (1) (avg:0)
/obj/item/binoculars => 0ms (1) (avg:0)
/obj/item/clothing/head/maid => 0ms (1) (avg:0)
/obj/item/clothing/suit/f13/seniorscribe => 0ms (1) (avg:0)
/obj/item/pickaxe/rosegold => 0ms (1) (avg:0)
/obj/item/storage/bag/ore/holding => 0ms (1) (avg:0)
/obj/item/clothing/gloves/color/yellow => 0ms (1) (avg:0)
/obj/item/modular_computer/processor => 0ms (1) (avg:0)
/obj/item/clothing/under/rank/engineering/chief_engineer => 0ms (1) (avg:0)
/obj/item/clothing/under/rank/civilian/janitor => 0ms (1) (avg:0)
/obj/item/clothing/under/rank/civilian/janitor/skirt => 0ms (1) (avg:0)
/obj/item/gun/ballistic/automatic/pistol/sig => 0ms (1) (avg:0)
/obj/item/ammo_box/magazine/m9mm => 0ms (1) (avg:0)
/obj/screen/alert/restrained/handcuffed => 0ms (1) (avg:0)
/obj/item/gun/ballistic/automatic/varmint => 0ms (1) (avg:0)
/obj/item/clothing/head/helmet/f13/power_armor/t45d => 0ms (1) (avg:0)
/obj/item/clothing/suit/armor/f13/power_armor/t45d => 0ms (1) (avg:0)
/obj/item/gun/ballistic/automatic/pistol/m1911 => 0ms (1) (avg:0)
/obj/item/ammo_box/magazine/m45 => 0ms (1) (avg:0)
/obj/item/gun/ballistic/shotgun/hunting => 0ms (1) (avg:0)
/obj/item/ammo_box/shotgun/buck => 0ms (1) (avg:0)
/obj/item/stack/f13Cash/caps => 0ms (1) (avg:0)
/obj/structure/door_assembly => 0ms (1) (avg:0)
/obj/item/coin/titanium => 0ms (1) (avg:0)
/obj/item/storage/firstaid => 0ms (1) (avg:0)
/obj/item/gun/ballistic/revolver/police => 0ms (1) (avg:0)
/obj/item/ammo_box/c38 => 0ms (1) (avg:0)
/obj/item/gun/ballistic/automatic/shotgun/riot => 0ms (1) (avg:0)
/obj/item/clothing/glasses/sunglasses/big => 0ms (1) (avg:0)
/obj/item/storage/backpack/holding/satchel => 0ms (1) (avg:0)
/obj/machinery/defibrillator_mount/loaded => 0ms (1) (avg:0)
/obj/item/ammo_box/magazine/m556/rifle => 0ms (1) (avg:0)
/obj/item/storage/bag/money/small/wastelander => 0ms (1) (avg:0)
/obj/item/storage/hypospraykit/fire => 0ms (1) (avg:0)
/obj/item/hypospray/mkii/burn => 0ms (1) (avg:0)
/obj/item/healthanalyzer/advanced => 0ms (1) (avg:0)
/obj/item/clothing/neck/cloak/bos/left => 0ms (1) (avg:0)
/obj/item/storage/box/engineer => 0ms (1) (avg:0)
/obj/screen/alert/restrained/legcuffed => 0ms (1) (avg:0)
/obj/item/clothing/head/f13/ncr => 0ms (1) (avg:0)
/obj/item/organ/stomach => 0ms (1) (avg:0)
/obj/item/organ/brain => 0ms (1) (avg:0)
/obj/item/wrench => 0ms (1) (avg:0)
/obj/item/clothing/under/f13/vault13 => 0ms (1) (avg:0)
/obj/item/clothing/head/helmet/f13/legion/heavy => 0ms (1) (avg:0)
/obj/item/clothing/suit/armor/f13/legion/heavy => 0ms (1) (avg:0)
/obj/machinery/vending/cigarette => 0ms (1) (avg:0)
/obj/item/gun/ballistic/revolver/needler => 0ms (1) (avg:0)
/obj/item/clothing/under/f13/wayfarer/acolyte => 0ms (1) (avg:0)
/obj/item/clothing/suit/armor/f13/leather_jacket => 0ms (1) (avg:0)
/obj/item/storage/backpack/explorer => 0ms (1) (avg:0)
/obj/item/storage/survivalkit_tribal => 0ms (1) (avg:0)
/obj/item/clothing/mask/surgical => 0ms (1) (avg:0)
/obj/item/clothing/suit/toggle/labcoat/f13/followers => 0ms (1) (avg:0)
/obj/item/clothing/gloves/color/latex/nitrile => 0ms (1) (avg:0)
/obj/machinery/computer/shuttle/caravan/syndicate3 => 0ms (1) (avg:0)
/obj/machinery/computer/camera_advanced/shuttle_docker/caravan/syndicate3 => 0ms (1) (avg:0)
/obj/item/card/id/syndicate => 0ms (1) (avg:0)
/obj/item/clothing/head/helmet/f13/sulphitehelm => 0ms (1) (avg:0)
/obj/item/clothing/suit/armor/f13/sulphitearmor => 0ms (1) (avg:0)
/obj/item/storage/pill_bottle/chem_tin/radx => 0ms (1) (avg:0)
/obj/screen/alert/notify_cloning => 0ms (1) (avg:0)
/obj/item/reagent_containers/dropper/SR/NotVault => 0ms (1) (avg:0)
