[2021-05-16 03:43:50.157] Starting up round ID 8.
 - -------------------------
[2021-05-16 03:43:51.249] INIT: Initialized Profiler subsystem within 0 seconds!
[2021-05-16 03:43:51.397] Fail2Topic: Failed to drop firewall rule. Exit code: 1.
[2021-05-16 03:43:51.397] INIT: Initialized Fail2Topic subsystem within 0.1 seconds!
[2021-05-16 03:43:51.452] INIT: Initialized Title Screen subsystem within 0.1 seconds!
[2021-05-16 03:43:51.453] INIT: Initialized Database subsystem within 0 seconds!
[2021-05-16 03:43:51.453] INIT: Initialized Stat Panels subsystem within 0 seconds!
[2021-05-16 03:43:51.453] INIT: Initialized Blackbox subsystem within 0 seconds!
[2021-05-16 03:43:51.454] INIT: Initialized Server Tasks subsystem within 0 seconds!
[2021-05-16 03:43:51.455] INIT: Initialized Input subsystem within 0 seconds!
[2021-05-16 03:43:51.457] INIT: Initialized Sounds subsystem within 0 seconds!
[2021-05-16 03:43:51.457] INIT: Initialized Vis contents overlays subsystem within 0 seconds!
[2021-05-16 03:43:51.517] INIT: Initialized Research subsystem within 0.1 seconds!
[2021-05-16 03:43:51.519] INIT: Initialized Events subsystem within 0 seconds!
[2021-05-16 03:43:51.524] INIT: Initialized Jobs subsystem within 0 seconds!
[2021-05-16 03:43:51.526] INIT: Initialized Quirks subsystem within 0 seconds!
[2021-05-16 03:43:51.537] INIT: Initialized Ticker subsystem within 0 seconds!
[2021-05-16 03:43:51.556] INIT: Initialized Instruments subsystem within 0 seconds!
[2021-05-16 03:44:07.786] INIT: Initialized Mapping subsystem within 16.2 seconds!
[2021-05-16 03:44:07.879] INIT: Initialized Economy subsystem within 0 seconds!
[2021-05-16 03:44:07.881] INIT: Initialized Networks subsystem within 0 seconds!
[2021-05-16 03:44:07.881] INIT: Initialized Holodeck subsystem within 0 seconds!
[2021-05-16 03:44:54.477] INIT: Initialized Atoms subsystem within 46.6 seconds!
[2021-05-16 03:44:54.530] INIT: Initialized Language subsystem within 0 seconds!
[2021-05-16 03:44:54.556] INIT: Initialized Machines subsystem within 0 seconds!
[2021-05-16 03:44:54.647] INIT: Initialized Circuit subsystem within 0.1 seconds!
[2021-05-16 03:44:54.894] INIT: Initialized Atmos Adjacency subsystem within 0.2 seconds!
[2021-05-16 03:44:54.894] INIT: Initialized Autotransfer Vote subsystem within 0 seconds!
[2021-05-16 03:44:54.894] INIT: Initialized Chemistry subsystem within 0 seconds!
[2021-05-16 03:44:54.895] INIT: Initialized Status Effects subsystem within 0 seconds!
[2021-05-16 03:44:54.897] INIT: Initialized Weather subsystem within 0 seconds!
[2021-05-16 03:44:54.902] INIT: Initialized Disease subsystem within 0.1 seconds!
[2021-05-16 03:44:54.903] INIT: Initialized Item Spawners subsystem within 0 seconds!
[2021-05-16 03:44:54.904] INIT: Initialized Jukeboxes subsystem within 0 seconds!
[2021-05-16 03:44:54.904] INIT: Initialized Medals subsystem within 0 seconds!
[2021-05-16 03:44:56.030] INIT: Initialized Minimaps subsystem within 1.1 seconds!
[2021-05-16 03:44:56.033] INIT: Initialized Mob Spawners subsystem within 0 seconds!
[2021-05-16 03:44:56.033] INIT: Initialized Monster Wave subsystem within 0 seconds!
[2021-05-16 03:44:56.034] INIT: Initialized Day/Night Cycle subsystem within 0 seconds!
[2021-05-16 03:44:56.034] INIT: Initialized Night Shift subsystem within 0 seconds!
[2021-05-16 03:44:56.035] INIT: Initialized Parallax subsystem within 0 seconds!
[2021-05-16 03:44:56.035] INIT: Initialized Sun subsystem within 0 seconds!
[2021-05-16 03:44:56.440] INIT: Initialized Traumas subsystem within 0.4 seconds!
[2021-05-16 03:45:03.815] INIT: Initialized Atmospherics subsystem within 7.4 seconds!
[2021-05-16 03:45:12.176] INIT: Initialized Assets subsystem within 8.3 seconds!
[2021-05-16 03:45:17.387] INIT: Initialized Icon Smoothing subsystem within 5.1 seconds!
[2021-05-16 03:45:18.576] INIT: Initialized Overlay subsystem within 1.2 seconds!
[2021-05-16 03:45:18.577] INIT: Initialized XKeyScore subsystem within 0 seconds!
[2021-05-16 03:45:18.648] INIT: Initialized Sticky Ban subsystem within 0.1 seconds!
[2021-05-16 03:45:28.049] INIT: Initialized Lighting subsystem within 9.4 seconds!
[2021-05-16 03:45:31.217] INIT: Initialized Shuttle subsystem within 3.2 seconds!
[2021-05-16 03:45:37.021] INIT: Initialized Minor Mapping subsystem within 5.8 seconds!
[2021-05-16 03:45:37.023] INIT: Initialized Pathfinder subsystem within 0 seconds!
[2021-05-16 03:45:37.078] INIT: Initialized Persistence subsystem within 0 seconds!
[2021-05-16 03:45:37.078] INIT: Initialized Chat subsystem within 0 seconds!
[2021-05-16 13:06:51.430] Fail2Topic: Failed to drop firewall rule. Exit code: 1.
