[2021-05-16 03:43:50.151] Starting up round ID 8.
 - -------------------------
[2021-05-16 03:50:38.331] TCOMMS: SondTheAnime/(Courier) [BOS] (spans:  ) "Alo?" (language: Galactic Common) (Brotherhood of Steel 1st Floor Offices (220, 212, 3))
[2021-05-16 03:52:30.965] TCOMMS: SondTheAnime/(Courier) [BOS] (spans:  ) "Alguém?" (language: Galactic Common) (Brotherhood of Steel Operations Department (242, 241, 3))
[2021-05-16 03:52:32.794] TCOMMS: Dantesousa/(Dante Sousa) [BOS] (spans:  ) "Salve salve" (language: Galactic Common) (Brotherhood of Steel Operations Department (224, 220, 3))
[2021-05-16 03:52:42.714] TCOMMS: SondTheAnime/(Courier) [BOS] (spans:  ) "Opa." (language: Galactic Common) (Brotherhood of Steel Operations Department (242, 245, 3))
[2021-05-16 03:52:43.469] TCOMMS: Baeiou/(Roderick Malkav) [BOS] (spans:  ) "Escrivão presente." (language: Galactic Common) (Brotherhood of Steel Medbay (237, 218, 3))
[2021-05-16 03:52:54.743] TCOMMS: Dantesousa/(Dante Sousa) [BOS] (spans:  ) "Head paladin." (language: Galactic Common) (Brotherhood of Steel Operations Department (224, 221, 3))
[2021-05-16 03:52:56.969] TCOMMS: SondTheAnime/(Courier) [BOS] (spans:  ) "Star Paladine" (language: Galactic Common) (Brotherhood of Steel Operations Department (240, 242, 3))
[2021-05-16 03:53:19.441] TCOMMS: SondTheAnime/(Courier) [BOS] (spans:  ) "Algum paladino?" (language: Galactic Common) (Brotherhood of Steel Leisure Areas (228, 248, 3))
[2021-05-16 03:55:49.745] TCOMMS: SondTheAnime/(Courier) [BOS] (spans:  ) "Estou subindo..." (language: Galactic Common) (Brotherhood of Steel Operations Department (227, 239, 3))
[2021-05-16 03:56:08.289] TCOMMS: Baeiou/(Roderick Malkav) [BOS] (spans:  ) "Iniciando operações?" (language: Galactic Common) (Brotherhood of Steel RnD Department (243, 200, 3))
[2021-05-16 03:56:14.820] TCOMMS: SondTheAnime/(Courier) [BOS] (spans:  ) "Ainda não." (language: Galactic Common) (Brotherhood of Steel (138, 234, 2))
[2021-05-16 03:56:34.980] TCOMMS: SondTheAnime/(Courier) [BOS] (spans:  ) "Estou checando o base, para ver se está tudo em ordem." (language: Galactic Common) (Brotherhood of Steel (139, 231, 2))
[2021-05-16 03:56:51.651] TCOMMS: Italos/(Josef Polson) [Common] (spans:  ) "Alguem?" (language: Galactic Common) (Wasteland (56, 30, 2))
[2021-05-16 03:57:47.141] TCOMMS: SondTheAnime/(Courier) [BOS] (spans:  ) "Caso alguém saia da base, avise. Temos inimigos la fora." (language: Galactic Common) (Brotherhood of Steel (165, 231, 2))
[2021-05-16 03:57:53.860] TCOMMS: Dantesousa/(Dante Sousa) [BOS] (spans:  ) "Ok." (language: Galactic Common) (Brotherhood of Steel 1st Floor Offices (220, 224, 3))
[2021-05-16 03:58:34.014] TCOMMS: SondTheAnime/(Courier) [BOS] (spans:  ) "E não atire em estranhos antes deles atirarem na gente, sigam as regurlamentações  do capitulo." (language: Galactic Common) (Brotherhood of Steel (140, 241, 2))
[2021-05-16 03:58:46.598] TCOMMS: shirozinha/(Joseph Joestar) [BOS] (spans:  ) "Alo alo testando" (language: Galactic Common) (Brotherhood of Steel 1st Floor Offices (219, 216, 3))
[2021-05-16 03:58:55.119] TCOMMS: shirozinha/(Joseph Joestar) [BOS] (spans:  ) "Paladino na escuta" (language: Galactic Common) (Brotherhood of Steel 1st Floor Offices (219, 216, 3))
[2021-05-16 03:58:55.247] TCOMMS: SondTheAnime/(Courier) [BOS] (spans:  ) "Testado, meu bom" (language: Galactic Common) (Brotherhood of Steel (132, 233, 2))
[2021-05-16 03:59:04.212] TCOMMS: SondTheAnime/(Courier) [BOS] (spans:  ) "Um paladino que bom" (language: Galactic Common) (Brotherhood of Steel (133, 237, 2))
[2021-05-16 03:59:20.261] TCOMMS: SondTheAnime/(Courier) [BOS] (spans:  ) "Joseph né?" (language: Galactic Common) (Brotherhood of Steel Operations Department (230, 230, 3))
[2021-05-16 03:59:28.082] TCOMMS: shirozinha/(Joseph Joestar) [BOS] (spans:  ) "Isso mesmo" (language: Galactic Common) (Brotherhood of Steel 1st Floor Offices (220, 216, 3))
[2021-05-16 03:59:34.496] TCOMMS: shirozinha/(Joseph Joestar) [BOS] (spans:  ) "Alguma orden?" (language: Galactic Common) (Brotherhood of Steel 1st Floor Offices (220, 216, 3))
[2021-05-16 04:01:48.878] TCOMMS: SondTheAnime/(Courier) [BOS] (spans:  ) "Quem quiser falar comigo, qualquer coisa estou em minha sala." (language: Galactic Common) (Brotherhood of Steel 1st Floor Offices (219, 213, 3))
[2021-05-16 04:02:05.218] TCOMMS: SondTheAnime/(Courier) [BOS] (spans:  ) "Ultima sala, perto das salas dos paladinos." (language: Galactic Common) (Brotherhood of Steel 1st Floor Offices (219, 213, 3))
[2021-05-16 04:04:06.747] TCOMMS: Kaduh/(B.U.G.) [Common] (spans: robot ) "AHHH" (language: Galactic Common) (Wasteland (12, 188, 2))
[2021-05-16 04:04:13.310] TCOMMS: Kaduh/(B.U.G.) [Common] (spans: robot ) "Onde eu to" (language: Galactic Common) (Wasteland (18, 183, 2))
[2021-05-16 04:04:43.205] TCOMMS: Italos/(Josef Polson) [Enclave] (spans:  ) "Alguem?" (language: Galactic Common) (Wasteland (221, 73, 2))
[2021-05-16 04:07:44.508] TCOMMS: shirozinha/(Joseph Joestar) [BOS] (spans:  ) "Algum serviço pra hoje?" (language: Galactic Common) (Brotherhood of Steel 1st Floor Offices (219, 217, 3))
[2021-05-16 04:07:55.199] TCOMMS: SondTheAnime/(Courier) [BOS] (spans:  ) "Ainda não, paladino." (language: Galactic Common) (Brotherhood of Steel RnD Department (233, 199, 3))
[2021-05-16 04:08:00.171] TCOMMS: SondTheAnime/(Courier) [BOS] (spans:  ) "Fique a postos." (language: Galactic Common) (Brotherhood of Steel RnD Department (233, 199, 3))
[2021-05-16 04:09:06.172] TCOMMS: SondTheAnime/(Courier) [BOS] (spans:  ) "Chefe Paladino?" (language: Galactic Common) (Brotherhood of Steel 1st Floor Offices (222, 223, 3))
[2021-05-16 04:09:49.983] TCOMMS: SondTheAnime/(Courier) [BOS] (spans:  ) "Chefe Paladino na escuta?" (language: Galactic Common) (Brotherhood of Steel Leisure Areas (223, 236, 3))
[2021-05-16 04:10:11.535] TCOMMS: dantesousa/(Dante Sousa) [BOS] (spans:  ) "Sim? estive dormindo por um tempo" (language: Galactic Common) (Brotherhood of Steel 1st Floor Offices (219, 223, 3))
[2021-05-16 04:10:23.976] TCOMMS: Baeiou/(Roderick Malkav) [BOS] (spans:  ) "Lâmpada substiuída." (language: Galactic Common) (Brotherhood of Steel 1st Floor Offices (224, 215, 3))
[2021-05-16 04:10:39.820] TCOMMS: SondTheAnime/(Courier) [BOS] (spans:  ) "Obrigado, sribe." (language: Galactic Common) (Brotherhood of Steel 1st Floor Offices (222, 224, 3))
[2021-05-16 04:10:44.251] TCOMMS: SondTheAnime/(Courier) [BOS] (spans:  ) "Scribe" (language: Galactic Common) (Brotherhood of Steel 1st Floor Offices (221, 224, 3))
[2021-05-16 04:15:39.149] TCOMMS: addervfx/(Xingling Tong) [Common] (spans:  ) "Olá." (language: Galactic Common) (Vault (36, 163, 4))
[2021-05-16 04:15:43.218] TCOMMS: SondTheAnime/(Courier) [BOS] (spans:  ) "Paladino, na escuta/" (language: Galactic Common) (Brotherhood of Steel 1st Floor Offices (223, 217, 3))
[2021-05-16 04:15:46.116] TCOMMS: Italos/(Josef Polson) [Common] (spans:  ) "Eae" (language: Galactic Common) (Enclave (128, 19, 3))
[2021-05-16 04:15:47.657] TCOMMS: SondTheAnime/(Courier) [BOS] (spans:  ) "?" (language: Galactic Common) (Brotherhood of Steel 1st Floor Offices (223, 217, 3))
[2021-05-16 04:15:49.546] TCOMMS: shirozinha/(Joseph Joestar) [BOS] (spans:  ) "Afirmativo" (language: Galactic Common) (Brotherhood of Steel Leisure Areas (224, 248, 3))
[2021-05-16 04:15:50.167] TCOMMS: Italos/(Josef Polson) [Common] (spans:  ) "Tem algo pra vender?" (language: Galactic Common) (Enclave (128, 19, 3))
[2021-05-16 04:15:54.973] TCOMMS: SondTheAnime/(Courier) [BOS] (spans:  ) "Onde você está?" (language: Galactic Common) (Brotherhood of Steel 1st Floor Offices (223, 217, 3))
[2021-05-16 04:16:25.028] TCOMMS: addervfx/(Xingling Tong) [Common] (spans:  ) "Não, estou realizando pesquisas." (language: Galactic Common) (Vault (44, 164, 4))
[2021-05-16 04:17:49.068] TCOMMS: addervfx/(Xingling Tong) [Common] (spans:  ) "O mais importante é o futuro." (language: Galactic Common) (Vault (43, 161, 4))
[2021-05-16 04:17:55.012] TCOMMS: Italos/(Josef Polson) [Common] (spans:  ) "Com mutantes?" (language: Galactic Common) (Enclave (128, 18, 3))
[2021-05-16 04:17:59.277] TCOMMS: shirozinha/(Joseph Joestar) [BOS] (spans:  ) "Saindo da base agora" (language: Galactic Common) (Brotherhood of Steel Operations Department (228, 236, 3))
[2021-05-16 04:18:05.339] TCOMMS: SondTheAnime/(Courier) [BOS] (spans:  ) "Cuidado, paladino." (language: Galactic Common) (Brotherhood of Steel Operations Department (226, 219, 3))
[2021-05-16 04:18:12.411] TCOMMS: SondTheAnime/(Courier) [BOS] (spans:  ) "Dependemos de você" (language: Galactic Common) (Brotherhood of Steel Operations Department (226, 219, 3))
[2021-05-16 04:18:15.717] TCOMMS: addervfx/(Xingling Tong) [Common] (spans:  ) "O que acha de mechas?" (language: Galactic Common) (Vault (37, 163, 4))
[2021-05-16 04:18:18.288] TCOMMS: SondTheAnime/(Courier) [BOS] (spans:  ) "Qualquer coisa, avise no radio." (language: Galactic Common) (Brotherhood of Steel Operations Department (226, 219, 3))
[2021-05-16 04:18:26.650] TCOMMS: SondTheAnime/(Courier) [BOS] (spans:  ) "Vou está pronto." (language: Galactic Common) (Brotherhood of Steel Operations Department (226, 219, 3))
[2021-05-16 04:18:38.215] TCOMMS: Italos/(Josef Polson) [Common] (spans:  ) "Quero uma PA" (language: Galactic Common) (Enclave (128, 18, 3))
[2021-05-16 04:18:49.253] TCOMMS: SondTheAnime/(Courier) [BOS] (spans:  ) "Lembrando que a NCR é nossa inimiga." (language: Galactic Common) (Brotherhood of Steel Operations Department (243, 231, 3))
[2021-05-16 04:18:49.315] TCOMMS: addervfx/(Xingling Tong) [Common] (spans:  ) "Já foi minerar?" (language: Galactic Common) (Vault (44, 162, 4))
[2021-05-16 04:19:09.448] TCOMMS: Baeiou/(Roderick Malkav) [BOS] (spans:  ) "A Enclave é também?" (language: Galactic Common) (Brotherhood of Steel RnD Department (226, 203, 3))
[2021-05-16 04:19:14.504] TCOMMS: SondTheAnime/(Courier) [BOS] (spans:  ) "Sim" (language: Galactic Common) (Brotherhood of Steel Leisure Areas (215, 241, 3))
[2021-05-16 04:19:28.257] TCOMMS: SondTheAnime/(Courier) [BOS] (spans:  ) "Somos &#34;Rivais&#34; por assim dizer." (language: Galactic Common) (Brotherhood of Steel Leisure Areas (215, 241, 3))
[2021-05-16 04:25:57.628] TCOMMS: SondTheAnime/(Courier) [BOS] (spans:  ) "Queria saber porque os livros que estão nos arquivos estão em branco." (language: Galactic Common) (Brotherhood of Steel RnD Department (242, 198, 3))
[2021-05-16 04:26:19.522] TCOMMS: dantesousa/(Dante Sousa) [BOS] (spans:  ) "Cade o escriba para arrumar? haha." (language: Galactic Common) (Brotherhood of Steel 1st Floor Offices (219, 224, 3))
[2021-05-16 04:26:37.068] TCOMMS: SondTheAnime/(Courier) [BOS] (spans:  ) "Proctor, na escuta?" (language: Galactic Common) (Brotherhood of Steel 1st Floor Offices (223, 214, 3))
[2021-05-16 04:26:40.722] TCOMMS: Baeiou/(Roderick Malkav) [BOS] (spans:  ) "Arquivos?" (language: Galactic Common) (Brotherhood of Steel RnD Department (230, 196, 3))
[2021-05-16 04:27:00.223] TCOMMS: Marco25555/(Nydia S. Highlands) [BOS] (spans:  ) "Sim?" (language: Galactic Common) (Brotherhood of Steel 1st Floor Offices (221, 224, 3))
[2021-05-16 04:27:44.872] TCOMMS: Marco25555/(Nydia S. Highlands) [BOS] (spans:  ) "Onde esta?" (language: Galactic Common) (Brotherhood of Steel Operations Department (228, 230, 3))
[2021-05-16 04:27:51.967] TCOMMS: kaduh/(Tim Miller) [Common] (spans:  italics ) "Teste" (language: Galactic Common) (Wasteland (180, 180, 2))
[2021-05-16 04:28:04.911] TCOMMS: SondTheAnime/(Courier) [BOS] (spans:  ) "Desce para a area de pesquisa" (language: Galactic Common) (Brotherhood of Steel RnD Department (243, 198, 3))
[2021-05-16 04:28:12.558] TCOMMS: SondTheAnime/(Courier) [BOS] (spans:  ) "E va para a direia proctor" (language: Galactic Common) (Brotherhood of Steel RnD Department (243, 198, 3))
[2021-05-16 04:29:21.573] TCOMMS: shirozinha/(Joseph Joestar) [BOS] (spans:  ) "Base do alvo ao norte" (language: Galactic Common) (Wasteland (118, 81, 2))
[2021-05-16 04:29:28.394] TCOMMS: shirozinha/(Joseph Joestar) [BOS] (spans:  ) "Repito base do alvo ao norte" (language: Galactic Common) (Wasteland (118, 81, 2))
[2021-05-16 04:29:35.400] TCOMMS: *no key*/(Raider) [Common] (spans:  yell ) "HURRY, HURRY, HURRY!!!" (language: Galactic Common) (Wasteland (240, 184, 2))
[2021-05-16 04:29:39.854] TCOMMS: Baeiou/(Roderick Malkav) [BOS] (spans:  ) "Head Paladin, na escuta?" (language: Galactic Common) (Brotherhood of Steel RnD Department (241, 200, 3))
[2021-05-16 04:29:48.465] TCOMMS: Baeiou/(Roderick Malkav) [BOS] (spans:  ) "Aparenta que o Proctor é um mutante." (language: Galactic Common) (Brotherhood of Steel RnD Department (241, 200, 3))
[2021-05-16 04:29:58.994] TCOMMS: shirozinha/(Joseph Joestar) [BOS] (spans:  ) "Nao consgo fica a frente..terei que ir pelos tuneis pra pega o alvo" (language: Galactic Common) (Wasteland (118, 81, 2))
[2021-05-16 04:30:10.308] TCOMMS: SondTheAnime/(Courier) [BOS] (spans:  ) "Afirmativo, paladino." (language: Galactic Common) (Brotherhood of Steel RnD Department (243, 200, 3))
[2021-05-16 04:31:37.232] TCOMMS: SondTheAnime/(Courier) [BOS] (spans:  ) "Scribes, segundo o regurlamento do capitulo qualquer tecnologia de clonagem é proibida. Deixando bem claro." (language: Galactic Common) (Brotherhood of Steel RnD Department (244, 202, 3))
[2021-05-16 04:32:14.020] TCOMMS: SondTheAnime/(Courier) [BOS] (spans:  ) "Paladino, situação?" (language: Galactic Common) (Brotherhood of Steel Operations Department (224, 225, 3))
[2021-05-16 04:32:44.052] TCOMMS: SondTheAnime/(Courier) [BOS] (spans:  ) "Joseph, na escuta?" (language: Galactic Common) (Brotherhood of Steel (139, 237, 2))
[2021-05-16 04:32:57.393] TCOMMS: shirozinha/(Joseph Joestar) [BOS] (spans:  ) "Ops" (language: Galactic Common) (Tunnel (184, 92, 3))
[2021-05-16 04:33:02.248] TCOMMS: shirozinha/(Joseph Joestar) [BOS] (spans:  ) "Sim sim" (language: Galactic Common) (Tunnel (184, 92, 3))
[2021-05-16 04:33:02.596] TCOMMS: SondTheAnime/(Courier) [BOS] (spans:  ) "Situação?" (language: Galactic Common) (Brotherhood of Steel (166, 220, 2))
[2021-05-16 04:33:06.319] TCOMMS: shirozinha/(Joseph Joestar) [BOS] (spans:  ) "Estou nos tuneis" (language: Galactic Common) (Tunnel (184, 92, 3))
[2021-05-16 04:33:09.623] TCOMMS: shirozinha/(Joseph Joestar) [BOS] (spans:  ) "Esta tudo bem" (language: Galactic Common) (Tunnel (184, 92, 3))
[2021-05-16 04:33:13.830] TCOMMS: SondTheAnime/(Courier) [BOS] (spans:  ) "Certo" (language: Galactic Common) (Brotherhood of Steel (171, 221, 2))
[2021-05-16 04:33:17.693] TCOMMS: rerom/(Ringa Copas) [148.9] (spans:  ) "Alo ?" (language: Galactic Common) (Wasteland (168, 215, 2))
[2021-05-16 04:33:27.619] TCOMMS: SondTheAnime/(Courier) [BOS] (spans:  ) "Viu o alvo? Qual a decorrencia da missão?" (language: Galactic Common) (Brotherhood of Steel (170, 221, 2))
[2021-05-16 04:33:36.901] TCOMMS: shirozinha/(Joseph Joestar) [BOS] (spans:  ) "So tive contato com ghouls mais tudo normal..esse tunel é um labirindo sem fim" (language: Galactic Common) (Tunnel (184, 92, 3))
[2021-05-16 04:33:38.448] TCOMMS: rerom/(Ringa Copas) [148.9] (spans:  ) "Ah" (language: Galactic Common) (Wasteland (168, 215, 2))
[2021-05-16 04:33:59.061] TCOMMS: rerom/(Ringa Copas) [148.9] (spans:  ) "Nenhuma" (language: Galactic Common) (Wasteland (168, 215, 2))
[2021-05-16 04:34:10.101] TCOMMS: SondTheAnime/(Courier) [148.9] (spans:  ) "O que quer aqui?" (language: Galactic Common) (Brotherhood of Steel (166, 216, 2))
[2021-05-16 04:34:11.457] TCOMMS: rerom/(Ringa Copas) [148.9] (spans:  ) "Sou apenas um homen querendo um lugar para me abrigar" (language: Galactic Common) (Wasteland (168, 215, 2))
[2021-05-16 04:34:21.405] TCOMMS: SondTheAnime/(Courier) [148.9] (spans:  ) "Infelizmente aqui não da, amigo." (language: Galactic Common) (Brotherhood of Steel (166, 216, 2))
[2021-05-16 04:34:35.943] TCOMMS: SondTheAnime/(Courier) [148.9] (spans:  ) "Somos restritos a so pessoal da irmandade" (language: Galactic Common) (Brotherhood of Steel (166, 216, 2))
[2021-05-16 04:34:46.466] TCOMMS: rerom/(Ringa Copas) [148.9] (spans:  ) "Hm" (language: Galactic Common) (Wasteland (168, 215, 2))
[2021-05-16 04:35:01.127] TCOMMS: rerom/(Ringa Copas) [148.9] (spans:  ) "Seria possivel eu ser um da irmandade ?" (language: Galactic Common) (Wasteland (168, 215, 2))
[2021-05-16 04:36:10.574] TCOMMS: SondTheAnime/(Courier) [BOS] (spans:  ) "Chefe Paladin" (language: Galactic Common) (Brotherhood of Steel (165, 221, 2))
[2021-05-16 04:36:22.138] TCOMMS: SondTheAnime/(Courier) [BOS] (spans:  ) "Tem um Estranho no portão da base." (language: Galactic Common) (Brotherhood of Steel (165, 221, 2))
[2021-05-16 04:36:27.299] TCOMMS: dantesousa/(Dante Sousa) [BOS] (spans:  ) "Sim?" (language: Galactic Common) (Brotherhood of Steel RnD Department (235, 193, 3))
[2021-05-16 04:36:35.950] TCOMMS: SondTheAnime/(Courier) [BOS] (spans:  ) "Diz querer ser da irmandade" (language: Galactic Common) (Brotherhood of Steel (165, 221, 2))
[2021-05-16 04:37:01.009] TCOMMS: SondTheAnime/(Courier) [BOS] (spans:  ) "Mando o embora, ou digo algo?" (language: Galactic Common) (Brotherhood of Steel (166, 222, 2))
[2021-05-16 04:37:08.367] TCOMMS: dantesousa/(Dante Sousa) [BOS] (spans:  ) "Chame-o para uma audiência." (language: Galactic Common) (Brotherhood of Steel Operations Department (227, 236, 3))
[2021-05-16 04:37:18.143] TCOMMS: SondTheAnime/(Courier) [BOS] (spans:  ) "Certo." (language: Galactic Common) (Brotherhood of Steel (169, 220, 2))
[2021-05-16 04:37:22.258] TCOMMS: dantesousa/(Dante Sousa) [BOS] (spans:  ) "Veremos se o mesmo é digno" (language: Galactic Common) (Brotherhood of Steel 1st Floor Offices (221, 224, 3))
[2021-05-16 04:37:35.395] TCOMMS: shirozinha/(Joseph Joestar) [BOS] (spans:  ) "Sem sinal do marshal nos tuneis" (language: Galactic Common) (Tunnel (193, 134, 3))
[2021-05-16 04:37:46.993] TCOMMS: shirozinha/(Joseph Joestar) [BOS] (spans:  ) "Apenas tem ninhos de ghouls e etc" (language: Galactic Common) (Tunnel (193, 134, 3))
[2021-05-16 04:38:19.494] TCOMMS: dantesousa/(Dante Sousa) [BOS] (spans:  ) "Aliás, qual o nome dele?" (language: Galactic Common) (Brotherhood of Steel 1st Floor Offices (219, 226, 3))
[2021-05-16 04:38:33.037] TCOMMS: SondTheAnime/(Courier) [BOS] (spans:  ) "Um momento, chefe." (language: Galactic Common) (Brotherhood of Steel (166, 216, 2))
[2021-05-16 04:38:56.583] TCOMMS: SondTheAnime/(Courier) [BOS] (spans:  ) "Ringa copas, chefe paladino." (language: Galactic Common) (Brotherhood of Steel (166, 216, 2))
[2021-05-16 04:39:12.531] TCOMMS: dantesousa/(Dante Sousa) [BOS] (spans:  ) "Ok, traga-o" (language: Galactic Common) (Brotherhood of Steel 1st Floor Offices (219, 226, 3))
[2021-05-16 04:39:36.179] TCOMMS: SondTheAnime/(Courier) [BOS] (spans:  ) "Ok, chefe paladino." (language: Galactic Common) (Brotherhood of Steel (166, 216, 2))
[2021-05-16 04:40:28.927] TCOMMS: Baeiou/(Roderick Malkav) [BOS] (spans:  ) "O caso dos arquivos, em específico os livros. É pior do que esperado. Não há gravações anteriores destes." (language: Galactic Common) (Brotherhood of Steel RnD Department (243, 199, 3))
[2021-05-16 04:40:32.429] TCOMMS: Baeiou/(Roderick Malkav) [BOS] (spans:  ) "Tudo havia sido perdido." (language: Galactic Common) (Brotherhood of Steel RnD Department (243, 199, 3))
[2021-05-16 04:40:43.398] TCOMMS: SondTheAnime/(Courier) [BOS] (spans:  ) "Certo, scribe." (language: Galactic Common) (Brotherhood of Steel (146, 238, 2))
[2021-05-16 04:40:55.314] TCOMMS: SondTheAnime/(Courier) [BOS] (spans:  ) "Se puder fazer algo, faça se possivel." (language: Galactic Common) (Brotherhood of Steel (146, 238, 2))
[2021-05-16 04:40:59.473] TCOMMS: SondTheAnime/(Courier) [BOS] (spans:  ) "Se não, deixe." (language: Galactic Common) (Brotherhood of Steel (146, 238, 2))
[2021-05-16 04:41:19.814] TCOMMS: Baeiou/(Roderick Malkav) [BOS] (spans:  ) "Fazer, é possível. Criação de livros a partir dos novos projetos para serem dados." (language: Galactic Common) (Brotherhood of Steel RnD Department (242, 199, 3))
[2021-05-16 04:41:41.851] TCOMMS: SondTheAnime/(Courier) [BOS] (spans:  ) "Faça isso." (language: Galactic Common) (Brotherhood of Steel (146, 238, 2))
[2021-05-16 04:41:50.623] TCOMMS: Baeiou/(Roderick Malkav) [BOS] (spans:  ) "Entendido." (language: Galactic Common) (Brotherhood of Steel RnD Department (231, 200, 3))
[2021-05-16 04:42:23.122] TCOMMS: SondTheAnime/(Courier) [BOS] (spans:  ) "Paladino, situação da missão." (language: Galactic Common) (Brotherhood of Steel (146, 238, 2))
[2021-05-16 04:42:28.013] TCOMMS: shirozinha/(Joseph Joestar) [BOS] (spans:  ) "Nada" (language: Galactic Common) (Wasteland (121, 102, 2))
[2021-05-16 04:42:38.532] TCOMMS: SondTheAnime/(Courier) [BOS] (spans:  ) "Certo, continue e colete informações." (language: Galactic Common) (Brotherhood of Steel (151, 244, 2))
[2021-05-16 04:42:48.851] TCOMMS: SondTheAnime/(Courier) [BOS] (spans:  ) "Qualquer informação é bem vinda." (language: Galactic Common) (Brotherhood of Steel (151, 239, 2))
[2021-05-16 04:47:00.157] TCOMMS: SondTheAnime/(Courier) [BOS] (spans:  ) "Chefe paladino, guardei o equipamento do mesmo na ala da prisão para manter seguro." (language: Galactic Common) (Brotherhood of Steel Operations Department (244, 233, 3))
[2021-05-16 04:47:09.608] TCOMMS: dantesousa/(Dante Sousa) [BOS] (spans:  ) "Certo." (language: Galactic Common) (Brotherhood of Steel Operations Department (241, 247, 3))
[2021-05-16 04:47:58.717] TCOMMS: SondTheAnime/(Courier) [BOS] (spans:  ) "Entrei em um lugar onde não era pra entrar hehe" (language: Galactic Common) (Brotherhood of Steel Mining (222, 198, 3))
[2021-05-16 04:49:33.354] TCOMMS: SondTheAnime/(Courier) [BOS] (spans:  ) "Situação, paladino." (language: Galactic Common) (Brotherhood of Steel Operations Department (223, 226, 3))
[2021-05-16 04:49:51.621] TCOMMS: shirozinha/(Joseph Joestar) [BOS] (spans:  ) "Nada ainda...apenas mutantes mortos na cidade" (language: Galactic Common) (Wasteland (99, 113, 2))
[2021-05-16 04:50:03.491] TCOMMS: shirozinha/(Joseph Joestar) [BOS] (spans:  ) "E o corpo de um civil desconheçido" (language: Galactic Common) (Wasteland (99, 113, 2))
[2021-05-16 04:50:16.789] TCOMMS: SondTheAnime/(Courier) [BOS] (spans:  ) "Certo, pode voltar para o QG paladino." (language: Galactic Common) (Brotherhood of Steel Operations Department (239, 241, 3))
[2021-05-16 04:50:24.803] TCOMMS: SondTheAnime/(Courier) [BOS] (spans:  ) "Veremos o proseguimento da missão." (language: Galactic Common) (Brotherhood of Steel Operations Department (239, 241, 3))
[2021-05-16 04:50:30.883] TCOMMS: shirozinha/(Joseph Joestar) [BOS] (spans:  ) "Afirmativo" (language: Galactic Common) (Wasteland (144, 121, 2))
[2021-05-16 04:50:41.940] TCOMMS: SondTheAnime/(Courier) [BOS] (spans:  ) "E trás comida se possivel hehe" (language: Galactic Common) (Brotherhood of Steel Operations Department (239, 241, 3))
[2021-05-16 04:51:36.096] TCOMMS: SondTheAnime/(Courier) [BOS] (spans:  ) "Ao chegar no portão da base, avise" (language: Galactic Common) (Brotherhood of Steel (166, 216, 2))
[2021-05-16 04:55:17.423] TCOMMS: shirozinha/(Joseph Joestar) [BOS] (spans:  ) "Estou no portao" (language: Galactic Common) (Wasteland (170, 213, 2))
[2021-05-16 04:55:24.467] TCOMMS: shirozinha/(Joseph Joestar) [BOS] (spans:  ) "E cheio de comida" (language: Galactic Common) (Wasteland (170, 213, 2))
[2021-05-16 04:58:51.883] TCOMMS: SondTheAnime/(Courier) [BOS] (spans:  ) "Tem comida na cozinha dentro do freezer" (language: Galactic Common) (Brotherhood of Steel Leisure Areas (221, 240, 3))
[2021-05-16 04:59:00.092] TCOMMS: SondTheAnime/(Courier) [BOS] (spans:  ) "E uns MRE na pratileira" (language: Galactic Common) (Brotherhood of Steel Leisure Areas (221, 239, 3))
[2021-05-16 05:03:04.627] TCOMMS: SondTheAnime/(Courier) [BOS] (spans:  ) "Joguei o corpo fora" (language: Galactic Common) (Brotherhood of Steel (168, 228, 2))
[2021-05-16 05:03:08.802] TCOMMS: dantesousa/(Dante Sousa) [BOS] (spans:  ) "Ok.." (language: Galactic Common) (Brotherhood of Steel RnD Department (233, 200, 3))
[2021-05-16 05:05:26.577] TCOMMS: SondTheAnime/(Courier) [BOS] (spans:  ) "Chefe Paladino, sabe a localização de alguma Vault?" (language: Galactic Common) (Brotherhood of Steel (166, 234, 2))
[2021-05-16 05:13:36.744] TCOMMS: SondTheAnime/(Courier) [BOS] (spans:  ) "Nossah eu não paro &#39;de ficar com fome" (language: Galactic Common) (Brotherhood of Steel Leisure Areas (220, 234, 3))
[2021-05-16 05:14:06.661] TCOMMS: shirozinha/(Joseph Joestar) [BOS] (spans:  ) "Si acabar com o estoque..o chefe vai ti meter paulada" (language: Galactic Common) (Brotherhood of Steel (168, 235, 2))
[2021-05-16 05:14:30.529] TCOMMS: SondTheAnime/(Courier) [BOS] (spans:  ) "Car&#39;a eu to com dor" (language: Galactic Common) (Brotherhood of Steel Operations Department (232, 220, 3))
[2021-05-16 05:14:39.517] TCOMMS: SondTheAnime/(Courier) [BOS] (spans:  ) "Minha vida foi para laranja, se que se me entende" (language: Galactic Common) (Brotherhood of Steel Operations Department (232, 221, 3))
[2021-05-16 05:14:51.462] TCOMMS: SondTheAnime/(Courier) [BOS] (spans:  ) "Bebe isso ai não" (language: Galactic Common) (Brotherhood of Steel Medbay (242, 225, 3))
[2021-05-16 05:14:59.503] TCOMMS: SondTheAnime/(Courier) [BOS] (spans:  ) "Vai ti matar de fome, literalmen&#39;te" (language: Galactic Common) (Brotherhood of Steel Medbay (242, 224, 3))
[2021-05-16 05:15:04.077] TCOMMS: shirozinha/(Joseph Joestar) [BOS] (spans:  ) "Ook ne" (language: Galactic Common) (Brotherhood of Steel (168, 235, 2))
[2021-05-16 05:18:01.047] TCOMMS: shirozinha/(Joseph Joestar) [Common] (spans:  ) "Alguem na escuta?" (language: Galactic Common) (Brotherhood of Steel (168, 235, 2))
[2021-05-16 05:19:36.312] TCOMMS: dantesousa/(Dante Sousa) [BOS] (spans:  ) "Alguem sabe como funciona a reloading bench?" (language: Galactic Common) (Brotherhood of Steel RnD Department (237, 194, 3))
[2021-05-16 05:19:49.551] TCOMMS: shirozinha/(Joseph Joestar) [BOS] (spans:  ) "Negativo" (language: Galactic Common) (Brotherhood of Steel (168, 235, 2))
[2021-05-16 05:19:52.903] TCOMMS: SondTheAnime/(Courier) [BOS] (spans:  ) "Não" (language: Galactic Common) (Brotherhood of Steel (166, 234, 2))
[2021-05-16 05:20:28.288] TCOMMS: dantesousa/(Dante Sousa) [BOS] (spans:  ) "Q ela não me parece criar nada mesmo com material." (language: Galactic Common) (Brotherhood of Steel RnD Department (237, 194, 3))
[2021-05-16 05:20:49.598] TCOMMS: SondTheAnime/(Courier) [BOS] (spans:  ) "Que coisa" (language: Galactic Common) (Brotherhood of Steel (167, 234, 2))
[2021-05-16 05:21:26.065] TCOMMS: SondTheAnime/(Courier) [BOS] (spans:  ) "Ta ficando de dia" (language: Galactic Common) (Brotherhood of Steel (156, 235, 2))
[2021-05-16 05:21:36.049] TCOMMS: shirozinha/(Joseph Joestar) [BOS] (spans:  ) "Legal" (language: Galactic Common) (Brotherhood of Steel (168, 235, 2))
[2021-05-16 05:21:51.371] TCOMMS: SondTheAnime/(Courier) [BOS] (spans:  ) "Joseph se arma ai, quero que tu vai ver as coisas la fora." (language: Galactic Common) (Brotherhood of Steel (128, 237, 2))
[2021-05-16 05:22:01.269] TCOMMS: SondTheAnime/(Courier) [BOS] (spans:  ) "Esquece a missão do alvo, vai patrulhar e ver se tem gente viva" (language: Galactic Common) (Brotherhood of Steel (128, 237, 2))
[2021-05-16 05:22:01.867] TCOMMS: shirozinha/(Joseph Joestar) [BOS] (spans:  ) "Ok ok" (language: Galactic Common) (Brotherhood of Steel (169, 233, 2))
[2021-05-16 05:22:15.181] TCOMMS: shirozinha/(Joseph Joestar) [BOS] (spans:  ) "Saindo" (language: Galactic Common) (Brotherhood of Steel (170, 218, 2))
[2021-05-16 05:22:19.450] TCOMMS: SondTheAnime/(Courier) [BOS] (spans:  ) "Certo" (language: Galactic Common) (Brotherhood of Steel Operations Department (232, 223, 3))
[2021-05-16 05:22:23.148] TCOMMS: SondTheAnime/(Courier) [BOS] (spans:  ) "Cuidado" (language: Galactic Common) (Brotherhood of Steel Operations Department (232, 220, 3))
[2021-05-16 05:29:07.869] TCOMMS: SondTheAnime/(Courier) [BOS] (spans:  ) "Paladino, caso ache algum livro traga para cá.  Livros são importantes, conhecimento." (language: Galactic Common) (Brotherhood of Steel RnD Department (239, 204, 3))
[2021-05-16 05:29:17.376] TCOMMS: shirozinha/(Joseph Joestar) [BOS] (spans:  ) "Ok" (language: Galactic Common) (Wasteland (34, 184, 2))
[2021-05-16 05:32:24.302] TCOMMS: shirozinha/(Joseph Joestar) [BOS] (spans:  ) "Outro corpo" (language: Galactic Common) (Wasteland (94, 191, 2))
[2021-05-16 05:32:42.104] TCOMMS: SondTheAnime/(Courier) [BOS] (spans:  ) "Consegue identifica o cadaver?" (language: Galactic Common) (Brotherhood of Steel (162, 234, 2))
[2021-05-16 05:32:54.223] TCOMMS: shirozinha/(Joseph Joestar) [BOS] (spans:  ) "Lesly echard" (language: Galactic Common) (Wasteland (94, 188, 2))
[2021-05-16 05:33:19.518] TCOMMS: SondTheAnime/(Courier) [BOS] (spans:  ) "Certo." (language: Galactic Common) (Brotherhood of Steel (171, 234, 2))
[2021-05-16 05:33:28.429] TCOMMS: shirozinha/(Joseph Joestar) [BOS] (spans:  ) "MEU DEUS UM DOS BORG TENTOU ME MATA" (language: Galactic Common) (Wasteland (68, 184, 2))
[2021-05-16 05:33:37.383] TCOMMS: SondTheAnime/(Courier) [BOS] (spans:  ) "DEstroi" (language: Galactic Common) (Brotherhood of Steel (173, 220, 2))
[2021-05-16 05:33:46.486] TCOMMS: SondTheAnime/(Courier) [BOS] (spans:  ) "Qualquer coisa que tentar ti matar, destroi" (language: Galactic Common) (Brotherhood of Steel (172, 220, 2))
[2021-05-16 05:34:01.541] TCOMMS: SondTheAnime/(Courier) [BOS] (spans:  ) "Borg que atacam, pelo menos alguns." (language: Galactic Common) (Brotherhood of Steel (170, 221, 2))
[2021-05-16 05:34:14.599] TCOMMS: shirozinha/(Joseph Joestar) [BOS] (spans:  ) "Eeeh..foi voce que atirou ai?" (language: Galactic Common) (Wasteland (96, 208, 2))
[2021-05-16 05:34:25.486] TCOMMS: SondTheAnime/(Courier) [BOS] (spans:  ) "Negativo" (language: Galactic Common) (Brotherhood of Steel (170, 221, 2))
[2021-05-16 05:34:49.197] TCOMMS: dantesousa/(Dante Sousa) [BOS] (spans:  ) "COURIER" (language: Galactic Common) (Brotherhood of Steel RnD Department (236, 193, 3))
[2021-05-16 05:34:58.953] TCOMMS: SondTheAnime/(Courier) [BOS] (spans:  ) "TO INDO" (language: Galactic Common) (Brotherhood of Steel (170, 218, 2))
[2021-05-16 05:34:59.155] TCOMMS: dantesousa/(Dante Sousa) [BOS] (spans:  yell ) "O joseph foi abatido por um deathclaw!!" (language: Galactic Common) (Brotherhood of Steel RnD Department (236, 193, 3))
[2021-05-16 05:35:15.385] TCOMMS: SondTheAnime/(Courier) [BOS] (spans:  ) "JOSEPH" (language: Galactic Common) (Wasteland (154, 211, 2))
[2021-05-16 05:35:27.084] TCOMMS: dantesousa/(Dante Sousa) [BOS] (spans:  ) "Sabe onde ele se encontra?" (language: Galactic Common) (Brotherhood of Steel Operations Department (229, 230, 3))
[2021-05-16 05:35:44.808] TCOMMS: SondTheAnime/(Courier) [BOS] (spans:  ) "Não, não sei quando caminho ele foi" (language: Galactic Common) (Wasteland (168, 205, 2))
[2021-05-16 05:36:17.370] TCOMMS: SondTheAnime/(Courier) [BOS] (spans:  ) "To fora da base" (language: Galactic Common) (Wasteland (169, 183, 2))
[2021-05-16 05:37:12.736] TCOMMS: SondTheAnime/(Courier) [BOS] (spans:  ) "Fui atacado por um ghoul, que porra" (language: Galactic Common) (Wasteland (121, 186, 2))
[2021-05-16 05:38:31.956] TCOMMS: SondTheAnime/(Courier) [BOS] (spans:  ) "Cheio de ghoul essa porra" (language: Galactic Common) (Wasteland (89, 165, 2))
[2021-05-16 05:38:54.716] TCOMMS: SondTheAnime/(Courier) [BOS] (spans:  ) "Achei o corpo que o Joseph falou" (language: Galactic Common) (Wasteland (95, 188, 2))
[2021-05-16 05:39:17.747] TCOMMS: dantesousa/(Dante Sousa) [BOS] (spans:  ) "Achei ele" (language: Galactic Common) (Wasteland (91, 188, 2))
[2021-05-16 05:43:22.719] TCOMMS: shirozinha/(Joseph Joestar) [BOS] (spans:  ) "Achei um corpo" (language: Galactic Common) (Wasteland (183, 196, 2))
[2021-05-16 05:43:28.887] TCOMMS: shirozinha/(Joseph Joestar) [BOS] (spans:  ) "Perto da nossa bae" (language: Galactic Common) (Wasteland (183, 196, 2))
[2021-05-16 05:43:33.463] TCOMMS: shirozinha/(Joseph Joestar) [BOS] (spans:  ) "Roderick" (language: Galactic Common) (Wasteland (183, 196, 2))
[2021-05-16 05:43:40.555] TCOMMS: SondTheAnime/(Courier) [BOS] (spans:  ) "Foi do Scribe que se matou" (language: Galactic Common) (Wasteland (124, 183, 2))
[2021-05-16 05:43:46.422] TCOMMS: shirozinha/(Joseph Joestar) [BOS] (spans:  ) "A" (language: Galactic Common) (Wasteland (169, 207, 2))
[2021-05-16 05:44:08.511] TCOMMS: shirozinha/(Joseph Joestar) [BOS] (spans:  ) "Oque eu faço com o grandão?" (language: Galactic Common) (Brotherhood of Steel (162, 234, 2))
[2021-05-16 05:44:14.840] TCOMMS: SondTheAnime/(Courier) [BOS] (spans:  ) "Leva pra dentro" (language: Galactic Common) (Wasteland (208, 186, 2))
[2021-05-16 05:44:19.566] TCOMMS: dantesousa/(Dante Sousa) [BOS] (spans:  ) "Assar e comer" (language: Galactic Common) (Brotherhood of Steel (157, 237, 2))
[2021-05-16 05:44:24.260] TCOMMS: SondTheAnime/(Courier) [BOS] (spans:  ) "Isso" (language: Galactic Common) (Wasteland (227, 187, 2))
[2021-05-16 05:44:33.898] TCOMMS: SondTheAnime/(Courier) [BOS] (spans:  ) "Se achasse ovo de deathclaw, seria otimo" (language: Galactic Common) (Wasteland (229, 189, 2))
[2021-05-16 05:44:39.082] TCOMMS: SondTheAnime/(Courier) [BOS] (spans:  ) "Suculento" (language: Galactic Common) (Wasteland (229, 191, 2))
[2021-05-16 05:47:18.126] TCOMMS: SondTheAnime/(Courier) [BOS] (spans:  ) "Cade o death?" (language: Galactic Common) (Brotherhood of Steel Operations Department (226, 229, 3))
[2021-05-16 05:50:23.830] TCOMMS: SondTheAnime/(Courier) [BOS] (spans:  ) "Na armory não tem bala da minha arma, foda" (language: Galactic Common) (Brotherhood of Steel Operations Department (241, 241, 3))
[2021-05-16 06:00:40.309] TCOMMS: dantesousa/(Dante Sousa) [BOS] (spans:  yell ) "Outro deathclaw!!" (language: Galactic Common) (Brotherhood of Steel Mining (222, 198, 3))
[2021-05-16 06:00:45.483] TCOMMS: SondTheAnime/(Courier) [BOS] (spans:  ) "ONDE?!" (language: Galactic Common) (Brotherhood of Steel RnD Department (227, 202, 3))
[2021-05-16 06:00:47.957] TCOMMS: shirozinha/(Joseph Joestar) [BOS] (spans:  ) "AONDE?" (language: Galactic Common) (Brotherhood of Steel (156, 236, 2))
[2021-05-16 06:00:50.008] TCOMMS: dantesousa/(Dante Sousa) [BOS] (spans:  ) "Nossa base" (language: Galactic Common) (Brotherhood of Steel Mining (222, 199, 3))
[2021-05-16 06:00:54.358] TCOMMS: dantesousa/(Dante Sousa) [BOS] (spans:  ) "Na mineração" (language: Galactic Common) (Brotherhood of Steel Mining (222, 199, 3))
[2021-05-16 06:01:04.653] TCOMMS: SondTheAnime/(Courier) [BOS] (spans:  ) "Nas CAves?" (language: Galactic Common) (Brotherhood of Steel (125, 238, 2))
[2021-05-16 06:01:10.535] TCOMMS: dantesousa/(Dante Sousa) [BOS] (spans:  ) "Sim" (language: Galactic Common) (Brotherhood of Steel Mining (222, 199, 3))
[2021-05-16 06:01:16.936] TCOMMS: dantesousa/(Dante Sousa) [BOS] (spans:  ) "Ajuda aqui" (language: Galactic Common) (Brotherhood of Steel Mining (222, 199, 3))
[2021-05-16 06:01:19.215] TCOMMS: SondTheAnime/(Courier) [BOS] (spans:  ) "La embaixo Joseph, to indo" (language: Galactic Common) (Brotherhood of Steel (140, 237, 2))
[2021-05-16 06:01:21.386] TCOMMS: dantesousa/(Dante Sousa) [BOS] (spans:  ) "Tem mais outro" (language: Galactic Common) (Brotherhood of Steel Mining (222, 199, 3))
[2021-05-16 06:01:42.875] TCOMMS: shirozinha/(Joseph Joestar) [BOS] (spans:  ) "DESCENDO" (language: Galactic Common) (Brotherhood of Steel (132, 237, 2))
[2021-05-16 06:11:33.454] TCOMMS: shirozinha/(Joseph Joestar) [BOS] (spans:  ) "Chefe" (language: Galactic Common) (Wasteland (175, 202, 2))
[2021-05-16 06:11:39.420] TCOMMS: shirozinha/(Joseph Joestar) [BOS] (spans:  ) "Aonde voce viu a base?" (language: Galactic Common) (Wasteland (175, 202, 2))
[2021-05-16 06:11:42.349] TCOMMS: SondTheAnime/(Courier) [BOS] (spans:  ) "Onde era a base?" (language: Galactic Common) (Wasteland (176, 200, 2))
[2021-05-16 06:14:06.374] TCOMMS: SondTheAnime/(Courier) [BOS] (spans:  ) "Achei a base da legião" (language: Galactic Common) (Wasteland (215, 67, 2))
[2021-05-16 06:14:17.912] TCOMMS: shirozinha/(Joseph Joestar) [BOS] (spans:  ) "Estou nela" (language: Galactic Common) (Legion (221, 40, 2))
[2021-05-16 06:14:23.519] TCOMMS: SondTheAnime/(Courier) [BOS] (spans:  ) "Certo" (language: Galactic Common) (Wasteland (230, 99, 2))
[2021-05-16 06:14:43.307] TCOMMS: SondTheAnime/(Courier) [BOS] (spans:  ) "Entrando nela agora" (language: Galactic Common) (Wasteland (212, 56, 2))
[2021-05-16 06:14:56.994] TCOMMS: SondTheAnime/(Courier) [BOS] (spans:  ) "Corpo morto" (language: Galactic Common) (Legion (210, 41, 2))
[2021-05-16 06:15:49.908] TCOMMS: shirozinha/(Joseph Joestar) [BOS] (spans:  ) "ACHEI ALGUEM" (language: Galactic Common) (Legion (220, 22, 2))
[2021-05-16 06:16:36.419] TCOMMS: SondTheAnime/(Courier) [BOS] (spans:  ) "Onde?" (language: Galactic Common) (Legion (223, 37, 2))
[2021-05-16 06:17:54.472] TCOMMS: shirozinha/(Joseph Joestar) [BOS] (spans:  ) "EXTRAINDO CORPO ATE O QG" (language: Galactic Common) (Legion (213, 21, 2))
[2021-05-16 06:20:28.375] TCOMMS: SondTheAnime/(Courier) [BOS] (spans:  ) "Cade o sujeito?" (language: Galactic Common) (Brotherhood of Steel Operations Department (249, 234, 3))
[2021-05-16 06:21:06.205] TCOMMS: SondTheAnime/(Courier) [BOS] (spans:  ) "Joseph" (language: Galactic Common) (Brotherhood of Steel 1st Floor Offices (246, 209, 3))
[2021-05-16 06:21:08.488] TCOMMS: SondTheAnime/(Courier) [BOS] (spans:  ) "?" (language: Galactic Common) (Brotherhood of Steel 1st Floor Offices (246, 210, 3))
[2021-05-16 06:21:11.670] TCOMMS: shirozinha/(Joseph Joestar) [BOS] (spans:  ) "Ah oi" (language: Galactic Common) (Wasteland (152, 183, 2))
[2021-05-16 06:21:16.892] TCOMMS: SondTheAnime/(Courier) [BOS] (spans:  ) "Onde se ta?" (language: Galactic Common) (Brotherhood of Steel Medbay (237, 223, 3))
[2021-05-16 06:21:54.727] TCOMMS: SondTheAnime/(Courier) [BOS] (spans:  ) "Alo?" (language: Galactic Common) (Brotherhood of Steel Operations Department (228, 237, 3))
[2021-05-16 06:21:59.041] TCOMMS: shirozinha/(Joseph Joestar) [BOS] (spans:  ) "Calmae" (language: Galactic Common) (Wasteland (152, 183, 2))
[2021-05-16 06:22:02.721] TCOMMS: dantesousa/(Dante Sousa) [BOS] (spans:  ) "Opa, vivos?" (language: Galactic Common) (Tunnel (152, 136, 3))
[2021-05-16 06:22:04.044] TCOMMS: SondTheAnime/(Courier) [BOS] (spans:  ) "Tá" (language: Galactic Common) (Brotherhood of Steel (126, 237, 2))
[2021-05-16 06:22:07.887] TCOMMS: SondTheAnime/(Courier) [BOS] (spans:  ) "Vivos" (language: Galactic Common) (Brotherhood of Steel (129, 237, 2))
[2021-05-16 06:23:12.137] TCOMMS: shirozinha/(Joseph Joestar) [BOS] (spans:  ) "Voltei" (language: Galactic Common) (Wasteland (181, 194, 2))
[2021-05-16 06:23:18.904] TCOMMS: shirozinha/(Joseph Joestar) [BOS] (spans:  ) "Extraindo corpo" (language: Galactic Common) (Wasteland (181, 194, 2))
[2021-05-16 06:23:20.086] TCOMMS: SondTheAnime/(Courier) [BOS] (spans:  ) "Onde se tá?" (language: Galactic Common) (Brotherhood of Steel (163, 227, 2))
[2021-05-16 06:23:29.028] TCOMMS: shirozinha/(Joseph Joestar) [BOS] (spans:  ) "Portao do QG" (language: Galactic Common) (Wasteland (173, 200, 2))
[2021-05-16 07:35:03.146] TCOMMS: dantesousa/(Dante Sousa) [Common] (spans:  ) "Alo" (language: Galactic Common) (Bunker (26, 237, 4))
[2021-05-16 07:35:08.753] TCOMMS: Marco25555/(Nydia S. Highlands) [Common] (spans:  ) "Alo" (language: Galactic Common) (Bunker (24, 237, 4))
[2021-05-16 07:35:15.811] TCOMMS: alexalbright/(Alex Albright III) [Common] (spans:  ) "Alo" (language: Galactic Common) (Wasteland (150, 65, 2))
[2021-05-16 07:35:28.760] TCOMMS: dantesousa/(Dante Sousa) [Common] (spans:  ) "Tamo explorando umas ruinas" (language: Galactic Common) (Bunker (24, 236, 4))
[2021-05-16 07:35:33.463] TCOMMS: dantesousa/(Dante Sousa) [Common] (spans:  ) "Chei de blueprint de arma" (language: Galactic Common) (Bunker (24, 236, 4))
[2021-05-16 07:36:08.101] TCOMMS: alexalbright/(Alex Albright III) [Common] (spans:  ) "Ruinas ou bunker?" (language: Galactic Common) (Wasteland (196, 73, 2))
[2021-05-16 07:37:26.900] TCOMMS: alexalbright/(Alex Albright III) [Common] (spans:  ) "Porque tem um monte de deathclaw perto do treem?" (language: Galactic Common) (Wasteland (229, 201, 2))
[2021-05-16 07:37:48.258] TCOMMS: dantesousa/(Dante Sousa) [Common] (spans:  ) "Matamo" (language: Galactic Common) (Bunker (52, 242, 4))
[2021-05-16 07:38:04.519] TCOMMS: alexalbright/(Alex Albright III) [Common] (spans:  ) "Tem 1 vivo ainda" (language: Galactic Common) (Wasteland (233, 210, 2))
[2021-05-16 07:41:34.430] TCOMMS: dantesousa/(Dante Sousa) [Common] (spans:  ) "Onde era a base de vocês mesmo" (language: Galactic Common) (Wasteland (97, 168, 2))
[2021-05-16 09:01:01.796] TCOMMS: zircony/(Natasha Harding) [Common] (spans:  ) "Teste" (language: Galactic Common) (Building (193, 43, 2))
[2021-05-16 12:04:41.566] TCOMMS: Dantesousa/(John Snow) [Common] (spans:  ) "A ciência é magnifica!" (language: Galactic Common) (Followers of the Apocalypse (96, 42, 3))
[2021-05-16 12:05:19.717] TCOMMS: Dantesousa/(John Snow) [Common] (spans:  ) "Sabe meu amigo" (language: Galactic Common) (Followers of the Apocalypse (96, 42, 3))
[2021-05-16 12:05:41.560] TCOMMS: Dantesousa/(John Snow) [Common] (spans:  ) "O nosso trabalho, de um follower, de medicina... saca? não acha meio.. complicado?" (language: Galactic Common) (Followers of the Apocalypse (96, 42, 3))
[2021-05-16 12:06:26.355] TCOMMS: dantesousa/(John Snow) [Common] (spans:  ) "Digo.. as vezes é meio foda" (language: Galactic Common) (Followers of the Apocalypse (98, 41, 3))
[2021-05-16 12:07:22.077] TCOMMS: dantesousa/(John Snow) [Common] (spans:  ) "Puta dorzinha de cabeça..." (language: Galactic Common) (Followers of the Apocalypse (105, 37, 3))
[2021-05-16 12:09:02.319] TCOMMS: dantesousa/(John Snow) [Common] (spans:  ) "As coisas devem ser.. complicadas quando morremos." (language: Galactic Common) (Followers of the Apocalypse (92, 51, 3))
[2021-05-16 12:09:27.645] TCOMMS: dantesousa/(John Snow) [Common] (spans:  yell ) "Oh yeah, lets pray for the lord!!" (language: Galactic Common) (Followers of the Apocalypse (92, 51, 3))
[2021-05-16 12:36:48.243] TCOMMS: dantesousa/(John Snow) [Common] (spans:  ) "Como é dificil ser um médico hoje em dia.." (language: Galactic Common) (Wasteland (36, 75, 2))
