[2021-05-25 18:06:35.371] Starting up round ID .
 - -------------------------
[2021-05-25 18:06:35.372] Running /tg/ revision: 2021-05-25
 - origin/master: 2a55ea0b0d891d1b30b295f484b98b2be5f73928
[2021-05-25 18:06:35.393] Failed to connect to database in load_mentors(). Reverting to legacy system.
[2021-05-25 18:06:36.470] Loading Yuma...
[2021-05-25 18:06:41.293] runtime error: /usr/local/lib/libbyond.so: undefined symbol: auxtools_init
 - proc name: AUXTOOLS CHECK (/proc/AUXTOOLS_CHECK)
 -   source file: _extools_api.dm,14
 -   usr: (src)
 -   src: null
 -   call stack:
 - AUXTOOLS CHECK("libauxmos.so")
 - /datum/gas_mixture (/datum/gas_mixture): New(200)
 - the air vent (/obj/machinery/atmospherics/components/unary/vent_pump/on): New(the vault floor (235,194,3) (/turf/open/floor/plasteel/f13/vault_floor/plating))
 - the air vent (/obj/machinery/atmospherics/components/unary/vent_pump/on): New(the vault floor (235,194,3) (/turf/open/floor/plasteel/f13/vault_floor/plating))
 - /datum/parsed_map (/datum/parsed_map): create atom(/obj/machinery/atmospherics/co... (/obj/machinery/atmospherics/components/unary/vent_pump/on), the vault floor (235,194,3) (/turf/open/floor/plasteel/f13/vault_floor/plating))
 - /datum/parsed_map (/datum/parsed_map): instance atom(/obj/machinery/atmospherics/co... (/obj/machinery/atmospherics/components/unary/vent_pump/on), /list (/list), the vault floor (235,194,3) (/turf/open/floor/plasteel/f13/vault_floor/plating), 1, 0, 0, 0, 0, 0)
 - /datum/parsed_map (/datum/parsed_map): build coordinate(/list (/list), /list (/list), the vault floor (235,194,3) (/turf/open/floor/plasteel/f13/vault_floor/plating), 1, 0, 0, 0, 0, 0, 0)
 - /datum/parsed_map (/datum/parsed_map):  load impl(1, 1, 3, 0, 1, -1e+31, 1e+31, -1e+31, 1e+31, 0, 2, 0, null)
 - /datum/parsed_map (/datum/parsed_map): load(1, 1, 3, null, 1, null, null, null, null, null, 2, null, null)
 - Mapping (/datum/controller/subsystem/mapping): LoadGroup(/list (/list), "Wasteland", "map_files/Pahrump", /list (/list), /list (/list), /list (/list), 0, 2)
 - Mapping (/datum/controller/subsystem/mapping): loadWorld()
 - Mapping (/datum/controller/subsystem/mapping): Initialize(651964)
 - Master (/datum/controller/master): Initialize(10, 0, 1)
 - 
[2021-05-25 18:06:41.295] runtime error: /usr/local/lib/libbyond.so: undefined symbol: auxtools_init
 - proc name: AUXTOOLS CHECK (/proc/AUXTOOLS_CHECK)
 -   source file: _extools_api.dm,14
 -   usr: (src)
 -   src: null
 -   call stack:
 - AUXTOOLS CHECK("libauxmos.so")
 - /datum/gas_mixture (/datum/gas_mixture): New(200)
 - the air vent (/obj/machinery/atmospherics/components/unary/vent_pump/on): New(the metal floor (235,191,3) (/turf/open/floor/plating/tunnel))
 - the air vent (/obj/machinery/atmospherics/components/unary/vent_pump/on): New(the metal floor (235,191,3) (/turf/open/floor/plating/tunnel))
 - /datum/parsed_map (/datum/parsed_map): create atom(/obj/machinery/atmospherics/co... (/obj/machinery/atmospherics/components/unary/vent_pump/on), the metal floor (235,191,3) (/turf/open/floor/plating/tunnel))
 - /datum/parsed_map (/datum/parsed_map): instance atom(/obj/machinery/atmospherics/co... (/obj/machinery/atmospherics/components/unary/vent_pump/on), /list (/list), the metal floor (235,191,3) (/turf/open/floor/plating/tunnel), 1, 0, 0, 0, 0, 0)
 - /datum/parsed_map (/datum/parsed_map): build coordinate(/list (/list), /list (/list), the metal floor (235,191,3) (/turf/open/floor/plating/tunnel), 1, 0, 0, 0, 0, 0, 0)
 - /datum/parsed_map (/datum/parsed_map):  load impl(1, 1, 3, 0, 1, -1e+31, 1e+31, -1e+31, 1e+31, 0, 2, 0, null)
 - /datum/parsed_map (/datum/parsed_map): load(1, 1, 3, null, 1, null, null, null, null, null, 2, null, null)
 - Mapping (/datum/controller/subsystem/mapping): LoadGroup(/list (/list), "Wasteland", "map_files/Pahrump", /list (/list), /list (/list), /list (/list), 0, 2)
 - Mapping (/datum/controller/subsystem/mapping): loadWorld()
 - Mapping (/datum/controller/subsystem/mapping): Initialize(651964)
 - Master (/datum/controller/master): Initialize(10, 0, 1)
 - 
[2021-05-25 18:06:41.429] Loaded Wasteland in 5s!
[2021-05-25 18:06:42.923] runtime error: /usr/local/lib/libbyond.so: undefined symbol: auxtools_init
 - proc name: AUXTOOLS CHECK (/proc/AUXTOOLS_CHECK)
 -   source file: _extools_api.dm,14
 -   usr: (src)
 -   src: null
 -   call stack:
 - AUXTOOLS CHECK("libauxmos.so")
 - /datum/gas_mixture (/datum/gas_mixture): New(1000)
 - the portable air pump (/obj/machinery/portable_atmospherics/pump): New(the floor (217,71,4) (/turf/open/floor/plasteel/f13))
 - /datum/parsed_map (/datum/parsed_map): create atom(/obj/machinery/portable_atmosp... (/obj/machinery/portable_atmospherics/pump), the floor (217,71,4) (/turf/open/floor/plasteel/f13))
 - /datum/parsed_map (/datum/parsed_map): instance atom(/obj/machinery/portable_atmosp... (/obj/machinery/portable_atmospherics/pump), /list (/list), the floor (217,71,4) (/turf/open/floor/plasteel/f13), 1, 0, 0, 0, 0, 0)
 - /datum/parsed_map (/datum/parsed_map): build coordinate(/list (/list), /list (/list), the floor (217,71,4) (/turf/open/floor/plasteel/f13), 1, 0, 0, 0, 0, 0, 0)
 - /datum/parsed_map (/datum/parsed_map):  load impl(1, 1, 4, 0, 1, -1e+31, 1e+31, -1e+31, 1e+31, 0, 2, 0, null)
 - /datum/parsed_map (/datum/parsed_map): load(1, 1, 4, null, 1, null, null, null, null, null, 2, null, null)
 - Mapping (/datum/controller/subsystem/mapping): LoadGroup(/list (/list), "Dungeons", "map_files/Pahrump", /list (/list), /list (/list), /list (/list), 0, 2)
 - Mapping (/datum/controller/subsystem/mapping): loadWorld()
 - Mapping (/datum/controller/subsystem/mapping): Initialize(651964)
 - Master (/datum/controller/master): Initialize(10, 0, 1)
 - 
[2021-05-25 18:06:43.094] Loaded Dungeons in 1.6s!
[2021-05-25 18:06:44.035] Ruin loader finished with 0 left to spend.
[2021-05-25 18:06:44.592] runtime error: /usr/local/lib/libbyond.so: undefined symbol: auxtools_init
 - proc name: AUXTOOLS CHECK (/proc/AUXTOOLS_CHECK)
 -   source file: _extools_api.dm,14
 -   usr: (src)
 -   src: null
 -   call stack:
 - AUXTOOLS CHECK("libauxmos.so")
 - /datum/gas_mixture (/datum/gas_mixture): New(70)
 - the plasma tank (/obj/item/tank/internals/plasma): Initialize(1)
 - Atoms (/datum/controller/subsystem/atoms): InitAtom(the plasma tank (/obj/item/tank/internals/plasma), /list (/list))
 - the plasma tank (/obj/item/tank/internals/plasma): New(1)
 - the tank dispenser (/obj/structure/tank_dispenser/plasma): Initialize(1)
 - Atoms (/datum/controller/subsystem/atoms): InitAtom(the tank dispenser (/obj/structure/tank_dispenser/plasma), /list (/list))
 - Atoms (/datum/controller/subsystem/atoms): InitializeAtoms(null)
 - Atoms (/datum/controller/subsystem/atoms): Initialize(652041)
 - Master (/datum/controller/master): Initialize(10, 0, 1)
 - 
[2021-05-25 18:06:44.593] runtime error: /usr/local/lib/libbyond.so: undefined symbol: auxtools_init
 - proc name: AUXTOOLS CHECK (/proc/AUXTOOLS_CHECK)
 -   source file: _extools_api.dm,14
 -   usr: (src)
 -   src: null
 -   call stack:
 - AUXTOOLS CHECK("libauxmos.so")
 - /datum/gas_mixture (/datum/gas_mixture): New(70)
 - the plasma tank (/obj/item/tank/internals/plasma): Initialize(1)
 - Atoms (/datum/controller/subsystem/atoms): InitAtom(the plasma tank (/obj/item/tank/internals/plasma), /list (/list))
 - the plasma tank (/obj/item/tank/internals/plasma): New(1)
 - the tank dispenser (/obj/structure/tank_dispenser/plasma): Initialize(1)
 - Atoms (/datum/controller/subsystem/atoms): InitAtom(the tank dispenser (/obj/structure/tank_dispenser/plasma), /list (/list))
 - Atoms (/datum/controller/subsystem/atoms): InitializeAtoms(null)
 - Atoms (/datum/controller/subsystem/atoms): Initialize(652041)
 - Master (/datum/controller/master): Initialize(10, 0, 1)
 - 
[2021-05-25 18:06:44.593] runtime error: /usr/local/lib/libbyond.so: undefined symbol: auxtools_init
 - proc name: AUXTOOLS CHECK (/proc/AUXTOOLS_CHECK)
 -   source file: _extools_api.dm,14
 -   usr: (src)
 -   src: null
 -   call stack:
 - AUXTOOLS CHECK("libauxmos.so")
 - /datum/gas_mixture (/datum/gas_mixture): New(70)
 - the plasma tank (/obj/item/tank/internals/plasma): Initialize(1)
 - Atoms (/datum/controller/subsystem/atoms): InitAtom(the plasma tank (/obj/item/tank/internals/plasma), /list (/list))
 - the plasma tank (/obj/item/tank/internals/plasma): New(1)
 - the tank dispenser (/obj/structure/tank_dispenser/plasma): Initialize(1)
 - Atoms (/datum/controller/subsystem/atoms): InitAtom(the tank dispenser (/obj/structure/tank_dispenser/plasma), /list (/list))
 - Atoms (/datum/controller/subsystem/atoms): InitializeAtoms(null)
 - Atoms (/datum/controller/subsystem/atoms): Initialize(652041)
 - Master (/datum/controller/master): Initialize(10, 0, 1)
 - 
[2021-05-25 18:06:44.594] runtime error: /usr/local/lib/libbyond.so: undefined symbol: auxtools_init
 - proc name: AUXTOOLS CHECK (/proc/AUXTOOLS_CHECK)
 -   source file: _extools_api.dm,14
 -   usr: (src)
 -   src: null
 -   call stack:
 - AUXTOOLS CHECK("libauxmos.so")
 - /datum/gas_mixture (/datum/gas_mixture): New(70)
 - the plasma tank (/obj/item/tank/internals/plasma): Initialize(1)
 - Atoms (/datum/controller/subsystem/atoms): InitAtom(the plasma tank (/obj/item/tank/internals/plasma), /list (/list))
 - the plasma tank (/obj/item/tank/internals/plasma): New(1)
 - the tank dispenser (/obj/structure/tank_dispenser/plasma): Initialize(1)
 - Atoms (/datum/controller/subsystem/atoms): InitAtom(the tank dispenser (/obj/structure/tank_dispenser/plasma), /list (/list))
 - Atoms (/datum/controller/subsystem/atoms): InitializeAtoms(null)
 - Atoms (/datum/controller/subsystem/atoms): Initialize(652041)
 - Master (/datum/controller/master): Initialize(10, 0, 1)
 - 
[2021-05-25 18:06:44.595] runtime error: /usr/local/lib/libbyond.so: undefined symbol: auxtools_init
 - proc name: AUXTOOLS CHECK (/proc/AUXTOOLS_CHECK)
 -   source file: _extools_api.dm,14
 -   usr: (src)
 -   src: null
 -   call stack:
 - AUXTOOLS CHECK("libauxmos.so")
 - /datum/gas_mixture (/datum/gas_mixture): New(70)
 - the plasma tank (/obj/item/tank/internals/plasma): Initialize(1)
 - Atoms (/datum/controller/subsystem/atoms): InitAtom(the plasma tank (/obj/item/tank/internals/plasma), /list (/list))
 - the plasma tank (/obj/item/tank/internals/plasma): New(1)
 - the tank dispenser (/obj/structure/tank_dispenser/plasma): Initialize(1)
 - Atoms (/datum/controller/subsystem/atoms): InitAtom(the tank dispenser (/obj/structure/tank_dispenser/plasma), /list (/list))
 - Atoms (/datum/controller/subsystem/atoms): InitializeAtoms(null)
 - Atoms (/datum/controller/subsystem/atoms): Initialize(652041)
 - Master (/datum/controller/master): Initialize(10, 0, 1)
 - 
[2021-05-25 18:06:44.596] runtime error: /usr/local/lib/libbyond.so: undefined symbol: auxtools_init
 - proc name: AUXTOOLS CHECK (/proc/AUXTOOLS_CHECK)
 -   source file: _extools_api.dm,14
 -   usr: (src)
 -   src: null
 -   call stack:
 - AUXTOOLS CHECK("libauxmos.so")
 - /datum/gas_mixture (/datum/gas_mixture): New(70)
 - the plasma tank (/obj/item/tank/internals/plasma): Initialize(1)
 - Atoms (/datum/controller/subsystem/atoms): InitAtom(the plasma tank (/obj/item/tank/internals/plasma), /list (/list))
 - the plasma tank (/obj/item/tank/internals/plasma): New(1)
 - the tank dispenser (/obj/structure/tank_dispenser/plasma): Initialize(1)
 - Atoms (/datum/controller/subsystem/atoms): InitAtom(the tank dispenser (/obj/structure/tank_dispenser/plasma), /list (/list))
 - Atoms (/datum/controller/subsystem/atoms): InitializeAtoms(null)
 - Atoms (/datum/controller/subsystem/atoms): Initialize(652041)
 - Master (/datum/controller/master): Initialize(10, 0, 1)
 - 
[2021-05-25 18:06:44.597] runtime error: /usr/local/lib/libbyond.so: undefined symbol: auxtools_init
 - proc name: AUXTOOLS CHECK (/proc/AUXTOOLS_CHECK)
 -   source file: _extools_api.dm,14
 -   usr: (src)
 -   src: null
 -   call stack:
 - AUXTOOLS CHECK("libauxmos.so")
 - /datum/gas_mixture (/datum/gas_mixture): New(70)
 - the plasma tank (/obj/item/tank/internals/plasma): Initialize(1)
 - Atoms (/datum/controller/subsystem/atoms): InitAtom(the plasma tank (/obj/item/tank/internals/plasma), /list (/list))
 - the plasma tank (/obj/item/tank/internals/plasma): New(1)
 - the tank dispenser (/obj/structure/tank_dispenser/plasma): Initialize(1)
 - Atoms (/datum/controller/subsystem/atoms): InitAtom(the tank dispenser (/obj/structure/tank_dispenser/plasma), /list (/list))
 - Atoms (/datum/controller/subsystem/atoms): InitializeAtoms(null)
 - Atoms (/datum/controller/subsystem/atoms): Initialize(652041)
 - Master (/datum/controller/master): Initialize(10, 0, 1)
 - 
[2021-05-25 18:06:44.598] runtime error: /usr/local/lib/libbyond.so: undefined symbol: auxtools_init
 - proc name: AUXTOOLS CHECK (/proc/AUXTOOLS_CHECK)
 -   source file: _extools_api.dm,14
 -   usr: (src)
 -   src: null
 -   call stack:
 - AUXTOOLS CHECK("libauxmos.so")
 - /datum/gas_mixture (/datum/gas_mixture): New(70)
 - the plasma tank (/obj/item/tank/internals/plasma): Initialize(1)
 - Atoms (/datum/controller/subsystem/atoms): InitAtom(the plasma tank (/obj/item/tank/internals/plasma), /list (/list))
 - the plasma tank (/obj/item/tank/internals/plasma): New(1)
 - the tank dispenser (/obj/structure/tank_dispenser/plasma): Initialize(1)
 - Atoms (/datum/controller/subsystem/atoms): InitAtom(the tank dispenser (/obj/structure/tank_dispenser/plasma), /list (/list))
 - Atoms (/datum/controller/subsystem/atoms): InitializeAtoms(null)
 - Atoms (/datum/controller/subsystem/atoms): Initialize(652041)
 - Master (/datum/controller/master): Initialize(10, 0, 1)
 - 
[2021-05-25 18:06:44.598] runtime error: /usr/local/lib/libbyond.so: undefined symbol: auxtools_init
 - proc name: AUXTOOLS CHECK (/proc/AUXTOOLS_CHECK)
 -   source file: _extools_api.dm,14
 -   usr: (src)
 -   src: null
 -   call stack:
 - AUXTOOLS CHECK("libauxmos.so")
 - /datum/gas_mixture (/datum/gas_mixture): New(70)
 - the plasma tank (/obj/item/tank/internals/plasma): Initialize(1)
 - Atoms (/datum/controller/subsystem/atoms): InitAtom(the plasma tank (/obj/item/tank/internals/plasma), /list (/list))
 - the plasma tank (/obj/item/tank/internals/plasma): New(1)
 - the tank dispenser (/obj/structure/tank_dispenser/plasma): Initialize(1)
 - Atoms (/datum/controller/subsystem/atoms): InitAtom(the tank dispenser (/obj/structure/tank_dispenser/plasma), /list (/list))
 - Atoms (/datum/controller/subsystem/atoms): InitializeAtoms(null)
 - Atoms (/datum/controller/subsystem/atoms): Initialize(652041)
 - Master (/datum/controller/master): Initialize(10, 0, 1)
 - 
[2021-05-25 18:06:44.599] runtime error: /usr/local/lib/libbyond.so: undefined symbol: auxtools_init
 - proc name: AUXTOOLS CHECK (/proc/AUXTOOLS_CHECK)
 -   source file: _extools_api.dm,14
 -   usr: (src)
 -   src: null
 -   call stack:
 - AUXTOOLS CHECK("libauxmos.so")
 - /datum/gas_mixture (/datum/gas_mixture): New(70)
 - the plasma tank (/obj/item/tank/internals/plasma): Initialize(1)
 - Atoms (/datum/controller/subsystem/atoms): InitAtom(the plasma tank (/obj/item/tank/internals/plasma), /list (/list))
 - the plasma tank (/obj/item/tank/internals/plasma): New(1)
 - the tank dispenser (/obj/structure/tank_dispenser/plasma): Initialize(1)
 - Atoms (/datum/controller/subsystem/atoms): InitAtom(the tank dispenser (/obj/structure/tank_dispenser/plasma), /list (/list))
 - Atoms (/datum/controller/subsystem/atoms): InitializeAtoms(null)
 - Atoms (/datum/controller/subsystem/atoms): Initialize(652041)
 - Master (/datum/controller/master): Initialize(10, 0, 1)
 - 
[2021-05-25 18:06:44.601] runtime error: /usr/local/lib/libbyond.so: undefined symbol: auxtools_init
 - proc name: AUXTOOLS CHECK (/proc/AUXTOOLS_CHECK)
 -   source file: _extools_api.dm,14
 -   usr: (src)
 -   src: null
 -   call stack:
 - AUXTOOLS CHECK("libauxmos.so")
 - /datum/gas_mixture (/datum/gas_mixture): New(70)
 - the oxygen tank (/obj/item/tank/internals/oxygen): Initialize(1)
 - Atoms (/datum/controller/subsystem/atoms): InitAtom(the oxygen tank (/obj/item/tank/internals/oxygen), /list (/list))
 - the oxygen tank (/obj/item/tank/internals/oxygen): New(1)
 - the tank dispenser (/obj/structure/tank_dispenser/oxygen): Initialize(1)
 - Atoms (/datum/controller/subsystem/atoms): InitAtom(the tank dispenser (/obj/structure/tank_dispenser/oxygen), /list (/list))
 - Atoms (/datum/controller/subsystem/atoms): InitializeAtoms(null)
 - Atoms (/datum/controller/subsystem/atoms): Initialize(652041)
 - Master (/datum/controller/master): Initialize(10, 0, 1)
 - 
[2021-05-25 18:06:44.602] runtime error: /usr/local/lib/libbyond.so: undefined symbol: auxtools_init
 - proc name: AUXTOOLS CHECK (/proc/AUXTOOLS_CHECK)
 -   source file: _extools_api.dm,14
 -   usr: (src)
 -   src: null
 -   call stack:
 - AUXTOOLS CHECK("libauxmos.so")
 - /datum/gas_mixture (/datum/gas_mixture): New(70)
 - the oxygen tank (/obj/item/tank/internals/oxygen): Initialize(1)
 - Atoms (/datum/controller/subsystem/atoms): InitAtom(the oxygen tank (/obj/item/tank/internals/oxygen), /list (/list))
 - the oxygen tank (/obj/item/tank/internals/oxygen): New(1)
 - the tank dispenser (/obj/structure/tank_dispenser/oxygen): Initialize(1)
 - Atoms (/datum/controller/subsystem/atoms): InitAtom(the tank dispenser (/obj/structure/tank_dispenser/oxygen), /list (/list))
 - Atoms (/datum/controller/subsystem/atoms): InitializeAtoms(null)
 - Atoms (/datum/controller/subsystem/atoms): Initialize(652041)
 - Master (/datum/controller/master): Initialize(10, 0, 1)
 - 
[2021-05-25 18:06:44.602] runtime error: /usr/local/lib/libbyond.so: undefined symbol: auxtools_init
 - proc name: AUXTOOLS CHECK (/proc/AUXTOOLS_CHECK)
 -   source file: _extools_api.dm,14
 - 
[2021-05-25 18:06:44.602] runtime error: /usr/local/lib/libbyond.so: undefined symbol: auxtools_init
 - proc name: AUXTOOLS CHECK (/proc/AUXTOOLS_CHECK)
 -   source file: _extools_api.dm,14
 - 
[2021-05-25 18:06:44.603] runtime error: /usr/local/lib/libbyond.so: undefined symbol: auxtools_init
 - proc name: AUXTOOLS CHECK (/proc/AUXTOOLS_CHECK)
 -   source file: _extools_api.dm,14
 - 
[2021-05-25 18:06:44.603] runtime error: /usr/local/lib/libbyond.so: undefined symbol: auxtools_init
 - proc name: AUXTOOLS CHECK (/proc/AUXTOOLS_CHECK)
 -   source file: _extools_api.dm,14
 - 
[2021-05-25 18:06:44.603] runtime error: /usr/local/lib/libbyond.so: undefined symbol: auxtools_init
 - proc name: AUXTOOLS CHECK (/proc/AUXTOOLS_CHECK)
 -   source file: _extools_api.dm,14
 - 
[2021-05-25 18:06:44.604] runtime error: /usr/local/lib/libbyond.so: undefined symbol: auxtools_init
 - proc name: AUXTOOLS CHECK (/proc/AUXTOOLS_CHECK)
 -   source file: _extools_api.dm,14
 - 
[2021-05-25 18:06:44.604] runtime error: /usr/local/lib/libbyond.so: undefined symbol: auxtools_init
 - proc name: AUXTOOLS CHECK (/proc/AUXTOOLS_CHECK)
 -   source file: _extools_api.dm,14
 - 
[2021-05-25 18:06:44.605] runtime error: /usr/local/lib/libbyond.so: undefined symbol: auxtools_init
 - proc name: AUXTOOLS CHECK (/proc/AUXTOOLS_CHECK)
 -   source file: _extools_api.dm,14
 - 
[2021-05-25 18:06:44.812] runtime error: /usr/local/lib/libbyond.so: undefined symbol: auxtools_init
 - proc name: AUXTOOLS CHECK (/proc/AUXTOOLS_CHECK)
 -   source file: _extools_api.dm,14
 - 
[2021-05-25 18:06:44.814] runtime error: /usr/local/lib/libbyond.so: undefined symbol: auxtools_init
 - proc name: AUXTOOLS CHECK (/proc/AUXTOOLS_CHECK)
 -   source file: _extools_api.dm,14
 - 
[2021-05-25 18:06:45.066] runtime error: /usr/local/lib/libbyond.so: undefined symbol: auxtools_init
 - proc name: AUXTOOLS CHECK (/proc/AUXTOOLS_CHECK)
 -   source file: _extools_api.dm,14
 - 
[2021-05-25 18:06:45.070] runtime error: /usr/local/lib/libbyond.so: undefined symbol: auxtools_init
 - proc name: AUXTOOLS CHECK (/proc/AUXTOOLS_CHECK)
 -   source file: _extools_api.dm,14
 - 
[2021-05-25 18:06:45.369] runtime error: /usr/local/lib/libbyond.so: undefined symbol: auxtools_init
 - proc name: AUXTOOLS CHECK (/proc/AUXTOOLS_CHECK)
 -   source file: _extools_api.dm,14
 - 
[2021-05-25 18:06:45.370] runtime error: /usr/local/lib/libbyond.so: undefined symbol: auxtools_init
 - proc name: AUXTOOLS CHECK (/proc/AUXTOOLS_CHECK)
 -   source file: _extools_api.dm,14
 - 
[2021-05-25 18:06:45.371] runtime error: /usr/local/lib/libbyond.so: undefined symbol: auxtools_init
 - proc name: AUXTOOLS CHECK (/proc/AUXTOOLS_CHECK)
 -   source file: _extools_api.dm,14
 - 
[2021-05-25 18:06:45.371] runtime error: /usr/local/lib/libbyond.so: undefined symbol: auxtools_init
 - proc name: AUXTOOLS CHECK (/proc/AUXTOOLS_CHECK)
 -   source file: _extools_api.dm,14
 - 
[2021-05-25 18:06:45.371] runtime error: /usr/local/lib/libbyond.so: undefined symbol: auxtools_init
 - proc name: AUXTOOLS CHECK (/proc/AUXTOOLS_CHECK)
 -   source file: _extools_api.dm,14
 - 
[2021-05-25 18:06:45.575] runtime error: /usr/local/lib/libbyond.so: undefined symbol: auxtools_init
 - proc name: AUXTOOLS CHECK (/proc/AUXTOOLS_CHECK)
 -   source file: _extools_api.dm,14
 - 
[2021-05-25 18:06:45.576] runtime error: /usr/local/lib/libbyond.so: undefined symbol: auxtools_init
 - proc name: AUXTOOLS CHECK (/proc/AUXTOOLS_CHECK)
 -   source file: _extools_api.dm,14
 - 
[2021-05-25 18:06:45.576] runtime error: /usr/local/lib/libbyond.so: undefined symbol: auxtools_init
 - proc name: AUXTOOLS CHECK (/proc/AUXTOOLS_CHECK)
 -   source file: _extools_api.dm,14
 - 
[2021-05-25 18:06:45.833] runtime error: /usr/local/lib/libbyond.so: undefined symbol: auxtools_init
 - proc name: AUXTOOLS CHECK (/proc/AUXTOOLS_CHECK)
 -   source file: _extools_api.dm,14
 - 
[2021-05-25 18:06:45.869] runtime error: /usr/local/lib/libbyond.so: undefined symbol: auxtools_init
 - proc name: AUXTOOLS CHECK (/proc/AUXTOOLS_CHECK)
 -   source file: _extools_api.dm,14
 - 
[2021-05-25 18:06:46.244] runtime error: /usr/local/lib/libbyond.so: undefined symbol: auxtools_init
 - proc name: AUXTOOLS CHECK (/proc/AUXTOOLS_CHECK)
 -   source file: _extools_api.dm,14
 - 
[2021-05-25 18:06:46.378] runtime error: /usr/local/lib/libbyond.so: undefined symbol: auxtools_init
 - proc name: AUXTOOLS CHECK (/proc/AUXTOOLS_CHECK)
 -   source file: _extools_api.dm,14
 - 
[2021-05-25 18:06:46.448] runtime error: /usr/local/lib/libbyond.so: undefined symbol: auxtools_init
 - proc name: AUXTOOLS CHECK (/proc/AUXTOOLS_CHECK)
 -   source file: _extools_api.dm,14
 - 
[2021-05-25 18:06:46.449] runtime error: /usr/local/lib/libbyond.so: undefined symbol: auxtools_init
 - proc name: AUXTOOLS CHECK (/proc/AUXTOOLS_CHECK)
 -   source file: _extools_api.dm,14
 - 
[2021-05-25 18:06:46.490] runtime error: /usr/local/lib/libbyond.so: undefined symbol: auxtools_init
 - proc name: AUXTOOLS CHECK (/proc/AUXTOOLS_CHECK)
 -   source file: _extools_api.dm,14
 - 
[2021-05-25 18:06:47.450] runtime error: /usr/local/lib/libbyond.so: undefined symbol: auxtools_init
 - proc name: AUXTOOLS CHECK (/proc/AUXTOOLS_CHECK)
 -   source file: _extools_api.dm,14
 - 
[2021-05-25 18:06:47.450] runtime error: /usr/local/lib/libbyond.so: undefined symbol: auxtools_init
 - proc name: AUXTOOLS CHECK (/proc/AUXTOOLS_CHECK)
 -   source file: _extools_api.dm,14
 - 
[2021-05-25 18:06:47.662] runtime error: /usr/local/lib/libbyond.so: undefined symbol: auxtools_init
 - proc name: AUXTOOLS CHECK (/proc/AUXTOOLS_CHECK)
 -   source file: _extools_api.dm,14
 - 
[2021-05-25 18:06:47.663] runtime error: /usr/local/lib/libbyond.so: undefined symbol: auxtools_init
 - proc name: AUXTOOLS CHECK (/proc/AUXTOOLS_CHECK)
 -   source file: _extools_api.dm,14
 - 
[2021-05-25 18:06:48.410] runtime error: /usr/local/lib/libbyond.so: undefined symbol: auxtools_init
 - proc name: AUXTOOLS CHECK (/proc/AUXTOOLS_CHECK)
 -   source file: _extools_api.dm,14
 - 
[2021-05-25 18:06:48.411] runtime error: /usr/local/lib/libbyond.so: undefined symbol: auxtools_init
 - proc name: AUXTOOLS CHECK (/proc/AUXTOOLS_CHECK)
 -   source file: _extools_api.dm,14
 - 
[2021-05-25 18:06:48.411] runtime error: /usr/local/lib/libbyond.so: undefined symbol: auxtools_init
 - proc name: AUXTOOLS CHECK (/proc/AUXTOOLS_CHECK)
 -   source file: _extools_api.dm,14
 - 
[2021-05-25 18:07:51.914] runtime error: Division by zero
 - 
[2021-05-25 18:07:52.742] ## WARNING: No /obj/docking_port/mobile/arrivals placed on the map! in code/controllers/subsystem/shuttle.dm at line 80 src: Shuttle usr: .
[2021-05-25 18:07:55.922] runtime error: Division by zero
 - 
[2021-05-25 18:07:57.141] Loaded 0 engraved messages on map Yuma
[2021-05-25 18:07:57.143] Initializations complete within 80.8 seconds!
