[2021-05-25 18:06:35.371] Starting up round ID .
 - -------------------------
[2021-05-25 18:06:36.337] INIT: Initialized Profiler subsystem within 0 seconds!
[2021-05-25 18:06:36.385] Fail2Topic: Failed to drop firewall rule. Exit code: 1.
[2021-05-25 18:06:36.385] INIT: Initialized Fail2Topic subsystem within 0 seconds!
[2021-05-25 18:06:36.387] INIT: Initialized Title Screen subsystem within 0 seconds!
[2021-05-25 18:06:36.387] INIT: Initialized Database subsystem within 0 seconds!
[2021-05-25 18:06:36.387] INIT: Initialized Stat Panels subsystem within 0 seconds!
[2021-05-25 18:06:36.387] INIT: Initialized Blackbox subsystem within 0 seconds!
[2021-05-25 18:06:36.387] INIT: Initialized Server Tasks subsystem within 0 seconds!
[2021-05-25 18:06:36.388] INIT: Initialized Input subsystem within 0 seconds!
[2021-05-25 18:06:36.390] INIT: Initialized Sounds subsystem within 0 seconds!
[2021-05-25 18:06:36.390] INIT: Initialized Vis contents overlays subsystem within 0 seconds!
[2021-05-25 18:06:36.443] INIT: Initialized Research subsystem within 0.1 seconds!
[2021-05-25 18:06:36.445] INIT: Initialized Events subsystem within 0 seconds!
[2021-05-25 18:06:36.450] INIT: Initialized Jobs subsystem within 0 seconds!
[2021-05-25 18:06:36.452] INIT: Initialized Quirks subsystem within 0 seconds!
[2021-05-25 18:06:36.455] INIT: Initialized Ticker subsystem within 0 seconds!
[2021-05-25 18:06:36.470] INIT: Initialized Instruments subsystem within 0 seconds!
[2021-05-25 18:06:44.136] INIT: Initialized Mapping subsystem within 7.7 seconds!
[2021-05-25 18:06:44.136] INIT: Initialized Economy subsystem within 0 seconds!
[2021-05-25 18:06:44.138] INIT: Initialized Networks subsystem within 0 seconds!
[2021-05-25 18:06:44.138] INIT: Initialized Holodeck subsystem within 0 seconds!
[2021-05-25 18:07:21.706] INIT: Initialized Atoms subsystem within 37.6 seconds!
[2021-05-25 18:07:21.718] INIT: Initialized Language subsystem within 0 seconds!
[2021-05-25 18:07:21.743] INIT: Initialized Machines subsystem within 0 seconds!
[2021-05-25 18:07:21.815] INIT: Initialized Circuit subsystem within 0.1 seconds!
[2021-05-25 18:07:22.005] INIT: Initialized Atmos Adjacency subsystem within 0.2 seconds!
[2021-05-25 18:07:22.005] INIT: Initialized Autotransfer Vote subsystem within 0 seconds!
[2021-05-25 18:07:22.005] INIT: Initialized Chemistry subsystem within 0 seconds!
[2021-05-25 18:07:22.005] INIT: Initialized Status Effects subsystem within 0 seconds!
[2021-05-25 18:07:22.007] INIT: Initialized Weather subsystem within 0 seconds!
[2021-05-25 18:07:22.011] INIT: Initialized Disease subsystem within 0 seconds!
[2021-05-25 18:07:22.011] INIT: Initialized Item Spawners subsystem within 0 seconds!
[2021-05-25 18:07:22.011] INIT: Initialized Jukeboxes subsystem within 0 seconds!
[2021-05-25 18:07:22.011] INIT: Initialized Medals subsystem within 0 seconds!
[2021-05-25 18:07:22.783] INIT: Initialized Minimaps subsystem within 0.7 seconds!
[2021-05-25 18:07:22.783] INIT: Initialized Mob Spawners subsystem within 0 seconds!
[2021-05-25 18:07:22.783] INIT: Initialized Monster Wave subsystem within 0 seconds!
[2021-05-25 18:07:22.783] INIT: Initialized Day/Night Cycle subsystem within 0 seconds!
[2021-05-25 18:07:22.783] INIT: Initialized Night Shift subsystem within 0 seconds!
[2021-05-25 18:07:22.783] INIT: Initialized Parallax subsystem within 0 seconds!
[2021-05-25 18:07:22.783] INIT: Initialized Sun subsystem within 0 seconds!
[2021-05-25 18:07:23.156] INIT: Initialized Traumas subsystem within 0.4 seconds!
[2021-05-25 18:07:28.739] INIT: Initialized Atmospherics subsystem within 5.6 seconds!
[2021-05-25 18:07:35.960] INIT: Initialized Assets subsystem within 7.2 seconds!
[2021-05-25 18:07:40.472] INIT: Initialized Icon Smoothing subsystem within 4.5 seconds!
[2021-05-25 18:07:41.738] INIT: Initialized Overlay subsystem within 1.3 seconds!
[2021-05-25 18:07:41.738] INIT: Initialized XKeyScore subsystem within 0 seconds!
[2021-05-25 18:07:41.738] INIT: Initialized Sticky Ban subsystem within 0 seconds!
[2021-05-25 18:07:50.055] INIT: Initialized Lighting subsystem within 8.3 seconds!
[2021-05-25 18:07:52.743] INIT: Initialized Shuttle subsystem within 2.7 seconds!
[2021-05-25 18:07:57.093] INIT: Initialized Minor Mapping subsystem within 4.3 seconds!
[2021-05-25 18:07:57.095] INIT: Initialized Pathfinder subsystem within 0 seconds!
[2021-05-25 18:07:57.142] INIT: Initialized Persistence subsystem within 0.1 seconds!
[2021-05-25 18:07:57.143] INIT: Initialized Chat subsystem within 0 seconds!
