[2021-05-18 21:36:09.365] Starting up round ID 21.
 - -------------------------
[2021-05-18 21:40:23.552] SpookyPineapple \ Yuri De Bandejas \ Enclave Lieutenant \ NONE \ LATEJOIN
[2021-05-18 21:40:32.338] Thebanana3 \ Renie Stone \ Overseer \ NONE \ LATEJOIN
[2021-05-18 21:40:36.247] AkamaruBR \ Akaigo Bia \ Chief of Security \ NONE \ LATEJOIN
[2021-05-18 21:40:41.350] BxsSvg \ Lia Pavlov \ Followers Doctor \ NONE \ LATEJOIN
[2021-05-18 21:41:51.541] 2006F \ Paget Chauvin \ Vault-tec Scientist \ NONE \ LATEJOIN
[2021-05-18 21:42:05.101] Baeiou \ Roderick Malkav \ Vault-tec Doctor \ NONE \ LATEJOIN
[2021-05-18 21:42:47.799] Zero9e1 \ Noton \ NCR Combat Medic \ NONE \ LATEJOIN
[2021-05-18 21:44:07.357] FidgetyBacchus \ Klem \ Vault-tec Security \ NONE \ LATEJOIN
[2021-05-18 21:44:53.765] Seyagoldarmor \ Kennedy Bennett \ Legion Recruit Decanus \ NONE \ LATEJOIN
[2021-05-18 21:45:47.624] bxssvg \ Lesly Echard \ Vault Dweller \ NONE \ LATEJOIN
[2021-05-18 21:50:33.020] Syndi-Pudim \ Ronaldinho Beiramar \ Vault-tec Security \ NONE \ LATEJOIN
[2021-05-18 21:50:41.283] OvelhaCosmica \ Adam Alves Terceiro \ Outlaw \ NONE \ LATEJOIN
[2021-05-18 21:53:39.559] Xandi_Masculu \ Jeremus Hardson \ Great Khan \ NONE \ LATEJOIN
[2021-05-18 21:54:10.304] Kaduh \ Erika Miller \ Vault-tec Doctor \ NONE \ LATEJOIN
[2021-05-18 21:55:28.099] NizimGamer \ Nizin Veerriene Primeiro \ Sheriff \ NONE \ LATEJOIN
[2021-05-18 21:55:41.321] StinkethStonketh \ Tyson Teagarden \ Legion Centurion \ NONE \ LATEJOIN
[2021-05-18 21:56:35.518] alexalbright \ Alex Magnus Primeiro \ Legion Explorer \ NONE \ LATEJOIN
[2021-05-18 21:58:23.650] Luciam \ Skarlet D'Luker \ Auxilia \ NONE \ LATEJOIN
[2021-05-18 22:06:03.257] Matheusgp9999 \ Nykix Nywt \ Wastelander \ NONE \ LATEJOIN
[2021-05-18 22:13:25.822] Goldencatc \ Kazuhira Hower \ Prime Legionary \ NONE \ LATEJOIN
[2021-05-18 22:14:24.021] DrCortexxx \ Erick Holdeman \ Wastelander \ NONE \ LATEJOIN
[2021-05-18 22:18:04.733] Hurimiko \ Giorno Giovane \ Prime Legionary \ NONE \ LATEJOIN
[2021-05-18 22:47:38.959] Nickenzo12345 \ Jerry Baxter \ Wastelander \ NONE \ LATEJOIN
[2021-05-18 23:03:49.390] nickenzo12345 \ Loreto Woodworth \ Wastelander \ NONE \ LATEJOIN
[2021-05-18 23:07:49.248] goldencatc \ Kazuhira Hower \ Prime Legionary \ NONE \ LATEJOIN
[2021-05-18 23:08:42.387] alexalbright \ Alex Magnus II \ Veteran Legionary \ NONE \ LATEJOIN
[2021-05-18 23:12:32.903] Jaspilf \ Dante Fleming \ Wastelander \ NONE \ LATEJOIN
[2021-05-18 23:20:56.141] dantethanatos \ Meryl Schaeffer \ Wastelander \ NONE \ LATEJOIN
[2021-05-18 23:22:03.398] 2006F \ Paget Chauvin \ Overseer \ NONE \ LATEJOIN
[2021-05-18 23:26:36.365] Thebanana3 \ Stella Ackerley \ Vault-tec Security \ NONE \ LATEJOIN
[2021-05-18 23:27:49.875] luciam \ Xavier Ellis \ Legion Explorer \ NONE \ LATEJOIN
[2021-05-18 23:28:27.492] Ronny14 \ Bartholomew Parker \ Followers Doctor \ NONE \ LATEJOIN
[2021-05-18 23:31:05.035] Corvopimpolho \ Jerome Nabiev \ Outlaw \ NONE \ LATEJOIN
[2021-05-18 23:50:19.340] John_egbert3 \ Borgos Comiamaedofelipe \ Vault-tec Engineer \ NONE \ LATEJOIN
[2021-05-18 23:55:30.287] Matheusgp9999 \ Nycolly Nywt \ Scribe \ NONE \ LATEJOIN
[2021-05-18 23:57:14.466] thebanana3 \ Ambrosine Ryals \ Vault Dweller \ NONE \ LATEJOIN
[2021-05-19 00:01:08.109] DropShip27 \ Drake Gibson \ Outlaw \ NONE \ LATEJOIN
[2021-05-19 00:02:43.762] Coffee_MasterOri \ Amir Turner \ Wastelander \ NONE \ LATEJOIN
[2021-05-19 00:05:20.913] Harm Brade \ Tristen Jenner \ Wastelander \ NONE \ LATEJOIN
[2021-05-19 00:06:00.613] N0fun \ Kyra Taggart \ Wastelander \ NONE \ LATEJOIN
[2021-05-19 00:06:31.052] thebanana3 \ May Houston \ Vault-tec Security \ NONE \ LATEJOIN
[2021-05-19 00:08:14.923] goldencatc \ Kazuhira Hower \ Star Paladin \ NONE \ LATEJOIN
[2021-05-19 00:09:53.227] XXLucasWesleyXx \ Will Riker \ Wastelander \ NONE \ LATEJOIN
[2021-05-19 00:10:13.611] ThuxTK \ Shiro Hashiro \ Enclave Private \ NONE \ LATEJOIN
[2021-05-19 00:10:25.750] SpookyPineapple \ Josefia Comedordefelips \ Vault Dweller \ NONE \ LATEJOIN
[2021-05-19 00:10:51.987] SondTheAnime \ Courier \ Head Paladin \ NONE \ LATEJOIN
[2021-05-19 00:11:37.424] Kulzcow \ Fulton Demuth \ Outlaw \ NONE \ LATEJOIN
[2021-05-19 00:11:42.685] alexalbright \ Alex Magnus III \ Legion Veteran Decanus \ NONE \ LATEJOIN
[2021-05-19 00:13:56.617] johonasmexicanjo \ Johonas Contreras \ Vault Dweller \ NONE \ LATEJOIN
[2021-05-19 00:30:20.966] thebanana3 \ Aubrie Thomson \ Vault-tec Scientist \ NONE \ LATEJOIN
[2021-05-19 00:33:04.829] 2006f \ Damon Neely \ Vault Dweller \ NONE \ LATEJOIN
[2021-05-19 00:35:00.146] goldencatc \ Hayden Schofield \ Outlaw \ NONE \ LATEJOIN
[2021-05-19 00:43:33.943] thuxtk \ Andrea Johnson \ Enclave Sergant \ NONE \ LATEJOIN
[2021-05-19 00:43:34.412] 2006f \ Erik Stocker \ Star Paladin \ NONE \ LATEJOIN
[2021-05-19 00:44:14.071] spookypineapple \ Viviane Bruna \ Paladin \ NONE \ LATEJOIN
[2021-05-19 00:44:23.182] kulzcow \ Derek Ackerley \ Star Paladin \ NONE \ LATEJOIN
[2021-05-19 00:44:53.438] Guizog \ Bob Merlin \ Outlaw \ NONE \ LATEJOIN
[2021-05-19 00:45:15.784] johnegbert3 \ Borgos Comiamaedofelipe \ Head Knight \ NONE \ LATEJOIN
[2021-05-19 00:46:54.102] Shirozinha \ Dio Brandom \ Paladin \ NONE \ LATEJOIN
[2021-05-19 00:47:43.164] hurimiko \ Linda Sealis \ Outlaw \ NONE \ LATEJOIN
[2021-05-19 00:48:22.641] Hexfive \ Marco Silva \ Citizen \ NONE \ LATEJOIN
[2021-05-19 00:51:13.423] goldencatc \ Clinton Webb \ Vault-tec Scientist \ NONE \ LATEJOIN
[2021-05-19 00:54:00.877] hurimiko \ Ana Sealis \ Vault Dweller \ NONE \ LATEJOIN
[2021-05-19 00:58:31.003] Comicao1 \ Soulbreaker Bashar \ NCR Ranger \ NONE \ LATEJOIN
[2021-05-19 01:00:35.354] n0fun \ Roscoe Mortland \ NCR Ranger \ NONE \ LATEJOIN
[2021-05-19 01:04:13.976] thebanana3 \ Vivyan Wentzel \ Legion Vexillarius \ NONE \ LATEJOIN
[2021-05-19 01:10:59.676] comicao1 \ Josiah Owens \ Wastelander \ NONE \ LATEJOIN
[2021-05-19 01:20:35.090] goldencatc \ Clinton Webb \ Knight \ NONE \ LATEJOIN
[2021-05-19 01:21:05.943] hurimiko \ Ana Sealis \ Knight \ NONE \ LATEJOIN
[2021-05-19 01:25:34.972] thebanana3 \ Nettie Christopher \ Outlaw \ NONE \ LATEJOIN
[2021-05-19 01:26:53.062] thebanana3 \ Carry Fiddler \ Chief \ NONE \ LATEJOIN
[2021-05-19 01:30:55.358] n0fun \ Makenna Coldsmith \ Star Knight \ NONE \ LATEJOIN
[2021-05-19 01:35:27.040] Eversonblr \ Melvyn Hunt \ Head Scribe \ NONE \ LATEJOIN
[2021-05-19 01:38:23.096] sondtheanime \ John \ Wastelander \ NONE \ LATEJOIN
[2021-05-19 01:39:08.241] brunoasbahr \ Montagne Marshall \ Knight \ NONE \ LATEJOIN
[2021-05-19 01:39:11.754] shirozinha \ Tio Osso \ Star Knight \ NONE \ LATEJOIN
[2021-05-19 01:40:25.241] hurimiko \ Anna Sealis \ Initiate \ NONE \ LATEJOIN
[2021-05-19 01:50:03.417] fidgetybacchus \ Yuri Daruski \ Scribe \ NONE \ LATEJOIN
