[2021-05-18 21:43:17.670] SQL: Undeleted query: "SELECT ckey FROM mentor" LA: NextRow LAT: 0
[2021-05-19 01:13:13.021] SQL: MySqlError { ERROR 1366 (22007): Incorrect string value: '\xD0\xA1\xD0\xBB\xD0\xB0...' for column `vault13`.`death`.`last_words` at row 1 } | Query used: 
 - 		INSERT INTO death (pod, x_coord, y_coord, z_coord, mapname, server_ip, server_port, round_id, tod, job, special, name, byondkey, laname, lakey, bruteloss, fireloss, brainloss, oxyloss, toxloss, cloneloss, staminaloss, last_words, suicide)
 - 		VALUES (:pod, :x_coord, :y_coord, :z_coord, :map, INET_ATON(:internet_address), :port, :round_id, :time, :job, :special, :name, :key, :laname, :lakey, :brute, :fire, :brain, :oxy, :tox, :clone, :stamina, :last_words, :suicide)
 - 	
[2021-05-19 02:05:20.978] SQL: MySqlError { ERROR 1264 (22003): Out of range value for column 'flags' at row 7 } | Query used: INSERT INTO admin_ranks
 - (rank, flags, exclude_flags, can_edit_flags)
 - VALUES
 -   (:p0, :p1, :p2, :p3),
 -   (:p4, :p5, :p6, :p7),
 -   (:p8, :p9, :p10, :p11),
 -   (:p12, :p13, :p14, :p15),
 -   (:p16, :p17, :p18, :p19),
 -   (:p20, :p21, :p22, :p23),
 -   (:p24, :p25, :p26, :p27),
 -   (:p28, :p29, :p30, :p31),
 -   (:p32, :p33, :p34, :p35),
 -   (:p36, :p37, :p38, :p39)
 - ON DUPLICATE KEY UPDATE rank = VALUES(rank), flags = VALUES(flags), exclude_flags = VALUES(exclude_flags), can_edit_flags = VALUES(can_edit_flags)
[2021-05-19 02:05:20.996] SQL: MySqlError { ERROR 1264 (22003): Out of range value for column 'flags' at row 1 } | Query used: UPDATE admin_ranks SET flags = 1.67772e+007, can_edit_flags = 1.67772e+007 WHERE rank = :rank
