[2021-05-19 02:05:53.946] ASSET: Sending asset `tgui-common.chunk.js` to client `Kaduh` as `tgui-common.chunk.js`
[2021-05-19 02:05:53.947] ASSET: Sending asset `tgui-panel.bundle.js` to client `Kaduh` as `tgui-panel.bundle.js`
[2021-05-19 02:05:53.947] ASSET: Sending asset `tgui-panel.bundle.css` to client `Kaduh` as `tgui-panel.bundle.css`
[2021-05-19 02:05:55.532] ASSET: Sending asset `fa-regular-400.eot` to client `Kaduh` as `fa-regular-400.eot`
[2021-05-19 02:05:55.532] ASSET: Sending asset `fa-regular-400.woff` to client `Kaduh` as `fa-regular-400.woff`
[2021-05-19 02:05:55.532] ASSET: Sending asset `fa-solid-900.eot` to client `Kaduh` as `fa-solid-900.eot`
[2021-05-19 02:05:55.532] ASSET: Sending asset `fa-solid-900.woff` to client `Kaduh` as `fa-solid-900.woff`
[2021-05-19 02:05:55.533] ASSET: Sending asset `font-awesome.css` to client `Kaduh` as `font-awesome.css`
[2021-05-19 02:05:55.533] ASSET: Sending asset `v4shim.css` to client `Kaduh` as `v4shim.css`
[2021-05-19 02:05:55.826] ASSET: Sending asset `spritesheet_chat.css` to client `Kaduh` as `asset.9d9c5d18011d0acb1e27b98bc6cd295f.css`
[2021-05-19 02:05:55.826] ASSET: Sending asset `chat_16x16.png` to client `Kaduh` as `asset.253bbc52a19928fa3bb250b9d2a425c6.png`
[2021-05-19 02:05:55.826] ASSET: Sending asset `chat_32x32.png` to client `Kaduh` as `asset.9fb3455e39c1c40b9eb331534ba43cf4.png`
[2021-05-19 02:05:55.835] ASSET: Sending asset `padlock.png` to client `Kaduh` as `padlock.png`
[2021-05-19 02:05:55.835] ASSET: Sending asset `common.css` to client `Kaduh` as `asset.622312737bbe2cc2ca8ae98407fe605a.css`
[2021-05-19 02:05:55.864] ASSET: Sending asset `tgui-common.chunk.js` to client `Bruno-Asbahr` as `tgui-common.chunk.js`
[2021-05-19 02:05:55.865] ASSET: Sending asset `tgui-panel.bundle.js` to client `Bruno-Asbahr` as `tgui-panel.bundle.js`
[2021-05-19 02:05:55.865] ASSET: Sending asset `tgui-panel.bundle.css` to client `Bruno-Asbahr` as `tgui-panel.bundle.css`
[2021-05-19 02:05:57.408] ASSET: Sending asset `fa-regular-400.eot` to client `Bruno-Asbahr` as `fa-regular-400.eot`
[2021-05-19 02:05:57.408] ASSET: Sending asset `fa-regular-400.woff` to client `Bruno-Asbahr` as `fa-regular-400.woff`
[2021-05-19 02:05:57.408] ASSET: Sending asset `fa-solid-900.eot` to client `Bruno-Asbahr` as `fa-solid-900.eot`
[2021-05-19 02:05:57.408] ASSET: Sending asset `fa-solid-900.woff` to client `Bruno-Asbahr` as `fa-solid-900.woff`
[2021-05-19 02:05:57.408] ASSET: Sending asset `font-awesome.css` to client `Bruno-Asbahr` as `font-awesome.css`
[2021-05-19 02:05:57.409] ASSET: Sending asset `v4shim.css` to client `Bruno-Asbahr` as `v4shim.css`
[2021-05-19 02:05:57.409] ASSET: Sending asset `spritesheet_chat.css` to client `Bruno-Asbahr` as `asset.9d9c5d18011d0acb1e27b98bc6cd295f.css`
[2021-05-19 02:05:57.409] ASSET: Sending asset `chat_16x16.png` to client `Bruno-Asbahr` as `asset.253bbc52a19928fa3bb250b9d2a425c6.png`
[2021-05-19 02:05:57.409] ASSET: Sending asset `chat_32x32.png` to client `Bruno-Asbahr` as `asset.9fb3455e39c1c40b9eb331534ba43cf4.png`
[2021-05-19 02:05:57.424] ASSET: Sending asset `padlock.png` to client `Bruno-Asbahr` as `padlock.png`
[2021-05-19 02:05:57.424] ASSET: Sending asset `common.css` to client `Bruno-Asbahr` as `asset.622312737bbe2cc2ca8ae98407fe605a.css`
[2021-05-19 02:05:57.988] ASSET: Sending asset `jquery.min.js` to client `Kaduh` as `jquery.min.js`
[2021-05-19 02:05:58.436] ASSET: Sending asset `jquery.min.js` to client `Bruno-Asbahr` as `jquery.min.js`
[2021-05-19 02:06:07.445] ASSET: Sending asset `tgui-common.chunk.js` to client `Baeiou` as `tgui-common.chunk.js`
[2021-05-19 02:06:07.446] ASSET: Sending asset `tgui-panel.bundle.js` to client `Baeiou` as `tgui-panel.bundle.js`
[2021-05-19 02:06:07.446] ASSET: Sending asset `tgui-panel.bundle.css` to client `Baeiou` as `tgui-panel.bundle.css`
[2021-05-19 02:06:07.838] ASSET: Sending asset `tgui-common.chunk.js` to client `Eversonblr` as `tgui-common.chunk.js`
[2021-05-19 02:06:07.838] ASSET: Sending asset `tgui-panel.bundle.js` to client `Eversonblr` as `tgui-panel.bundle.js`
[2021-05-19 02:06:07.838] ASSET: Sending asset `tgui-panel.bundle.css` to client `Eversonblr` as `tgui-panel.bundle.css`
[2021-05-19 02:06:08.991] ASSET: Sending asset `tgui-common.chunk.js` to client `N0fun` as `tgui-common.chunk.js`
[2021-05-19 02:06:08.991] ASSET: Sending asset `tgui-panel.bundle.js` to client `N0fun` as `tgui-panel.bundle.js`
[2021-05-19 02:06:08.992] ASSET: Sending asset `tgui-panel.bundle.css` to client `N0fun` as `tgui-panel.bundle.css`
[2021-05-19 02:06:09.771] ASSET: Sending asset `fa-regular-400.eot` to client `Baeiou` as `fa-regular-400.eot`
[2021-05-19 02:06:09.771] ASSET: Sending asset `fa-regular-400.woff` to client `Baeiou` as `fa-regular-400.woff`
[2021-05-19 02:06:09.771] ASSET: Sending asset `fa-solid-900.eot` to client `Baeiou` as `fa-solid-900.eot`
[2021-05-19 02:06:09.771] ASSET: Sending asset `fa-solid-900.woff` to client `Baeiou` as `fa-solid-900.woff`
[2021-05-19 02:06:09.771] ASSET: Sending asset `font-awesome.css` to client `Baeiou` as `font-awesome.css`
[2021-05-19 02:06:09.771] ASSET: Sending asset `v4shim.css` to client `Baeiou` as `v4shim.css`
[2021-05-19 02:06:09.772] ASSET: Sending asset `spritesheet_chat.css` to client `Baeiou` as `asset.9d9c5d18011d0acb1e27b98bc6cd295f.css`
[2021-05-19 02:06:09.772] ASSET: Sending asset `chat_16x16.png` to client `Baeiou` as `asset.253bbc52a19928fa3bb250b9d2a425c6.png`
[2021-05-19 02:06:09.772] ASSET: Sending asset `chat_32x32.png` to client `Baeiou` as `asset.9fb3455e39c1c40b9eb331534ba43cf4.png`
[2021-05-19 02:06:10.540] ASSET: Sending asset `padlock.png` to client `Baeiou` as `padlock.png`
[2021-05-19 02:06:10.540] ASSET: Sending asset `common.css` to client `Baeiou` as `asset.622312737bbe2cc2ca8ae98407fe605a.css`
[2021-05-19 02:06:10.795] ASSET: Sending asset `jquery.min.js` to client `Baeiou` as `jquery.min.js`
[2021-05-19 02:06:11.051] ASSET: Sending asset `fa-regular-400.eot` to client `N0fun` as `fa-regular-400.eot`
[2021-05-19 02:06:11.051] ASSET: Sending asset `fa-regular-400.woff` to client `N0fun` as `fa-regular-400.woff`
[2021-05-19 02:06:11.051] ASSET: Sending asset `fa-solid-900.eot` to client `N0fun` as `fa-solid-900.eot`
[2021-05-19 02:06:11.051] ASSET: Sending asset `fa-solid-900.woff` to client `N0fun` as `fa-solid-900.woff`
[2021-05-19 02:06:11.051] ASSET: Sending asset `font-awesome.css` to client `N0fun` as `font-awesome.css`
[2021-05-19 02:06:11.051] ASSET: Sending asset `v4shim.css` to client `N0fun` as `v4shim.css`
[2021-05-19 02:06:11.052] ASSET: Sending asset `spritesheet_chat.css` to client `N0fun` as `asset.9d9c5d18011d0acb1e27b98bc6cd295f.css`
[2021-05-19 02:06:11.052] ASSET: Sending asset `chat_16x16.png` to client `N0fun` as `asset.253bbc52a19928fa3bb250b9d2a425c6.png`
[2021-05-19 02:06:11.052] ASSET: Sending asset `chat_32x32.png` to client `N0fun` as `asset.9fb3455e39c1c40b9eb331534ba43cf4.png`
[2021-05-19 02:06:11.060] ASSET: Sending asset `padlock.png` to client `N0fun` as `padlock.png`
[2021-05-19 02:06:11.060] ASSET: Sending asset `common.css` to client `N0fun` as `asset.622312737bbe2cc2ca8ae98407fe605a.css`
[2021-05-19 02:06:12.164] ASSET: Sending asset `tgui-common.chunk.js` to client `AdderVFX` as `tgui-common.chunk.js`
[2021-05-19 02:06:12.164] ASSET: Sending asset `tgui-panel.bundle.js` to client `AdderVFX` as `tgui-panel.bundle.js`
[2021-05-19 02:06:12.164] ASSET: Sending asset `tgui-panel.bundle.css` to client `AdderVFX` as `tgui-panel.bundle.css`
[2021-05-19 02:06:12.166] ASSET: Sending asset `jquery.min.js` to client `N0fun` as `jquery.min.js`
[2021-05-19 02:06:12.469] ASSET: Sending asset `tgui-common.chunk.js` to client `SondTheAnime` as `tgui-common.chunk.js`
[2021-05-19 02:06:12.470] ASSET: Sending asset `tgui-panel.bundle.js` to client `SondTheAnime` as `tgui-panel.bundle.js`
[2021-05-19 02:06:12.470] ASSET: Sending asset `tgui-panel.bundle.css` to client `SondTheAnime` as `tgui-panel.bundle.css`
[2021-05-19 02:06:12.471] ASSET: Sending asset `fa-regular-400.eot` to client `Eversonblr` as `fa-regular-400.eot`
[2021-05-19 02:06:12.471] ASSET: Sending asset `fa-regular-400.woff` to client `Eversonblr` as `fa-regular-400.woff`
[2021-05-19 02:06:12.471] ASSET: Sending asset `fa-solid-900.eot` to client `Eversonblr` as `fa-solid-900.eot`
[2021-05-19 02:06:12.471] ASSET: Sending asset `fa-solid-900.woff` to client `Eversonblr` as `fa-solid-900.woff`
[2021-05-19 02:06:12.471] ASSET: Sending asset `font-awesome.css` to client `Eversonblr` as `font-awesome.css`
[2021-05-19 02:06:12.471] ASSET: Sending asset `v4shim.css` to client `Eversonblr` as `v4shim.css`
[2021-05-19 02:06:12.471] ASSET: Sending asset `spritesheet_chat.css` to client `Eversonblr` as `asset.9d9c5d18011d0acb1e27b98bc6cd295f.css`
[2021-05-19 02:06:12.472] ASSET: Sending asset `chat_16x16.png` to client `Eversonblr` as `asset.253bbc52a19928fa3bb250b9d2a425c6.png`
[2021-05-19 02:06:12.472] ASSET: Sending asset `chat_32x32.png` to client `Eversonblr` as `asset.9fb3455e39c1c40b9eb331534ba43cf4.png`
[2021-05-19 02:06:12.478] ASSET: Sending asset `padlock.png` to client `Eversonblr` as `padlock.png`
[2021-05-19 02:06:12.478] ASSET: Sending asset `common.css` to client `Eversonblr` as `asset.622312737bbe2cc2ca8ae98407fe605a.css`
[2021-05-19 02:06:13.919] ASSET: Sending asset `tgui-common.chunk.js` to client `Luciam` as `tgui-common.chunk.js`
[2021-05-19 02:06:13.920] ASSET: Sending asset `tgui-panel.bundle.js` to client `Luciam` as `tgui-panel.bundle.js`
[2021-05-19 02:06:13.920] ASSET: Sending asset `tgui-panel.bundle.css` to client `Luciam` as `tgui-panel.bundle.css`
[2021-05-19 02:06:13.923] ASSET: Sending asset `fa-regular-400.eot` to client `AdderVFX` as `fa-regular-400.eot`
[2021-05-19 02:06:13.923] ASSET: Sending asset `fa-regular-400.woff` to client `AdderVFX` as `fa-regular-400.woff`
[2021-05-19 02:06:13.923] ASSET: Sending asset `fa-solid-900.eot` to client `AdderVFX` as `fa-solid-900.eot`
[2021-05-19 02:06:13.923] ASSET: Sending asset `fa-solid-900.woff` to client `AdderVFX` as `fa-solid-900.woff`
[2021-05-19 02:06:13.923] ASSET: Sending asset `font-awesome.css` to client `AdderVFX` as `font-awesome.css`
[2021-05-19 02:06:13.923] ASSET: Sending asset `v4shim.css` to client `AdderVFX` as `v4shim.css`
[2021-05-19 02:06:13.924] ASSET: Sending asset `spritesheet_chat.css` to client `AdderVFX` as `asset.9d9c5d18011d0acb1e27b98bc6cd295f.css`
[2021-05-19 02:06:13.924] ASSET: Sending asset `chat_16x16.png` to client `AdderVFX` as `asset.253bbc52a19928fa3bb250b9d2a425c6.png`
[2021-05-19 02:06:13.924] ASSET: Sending asset `chat_32x32.png` to client `AdderVFX` as `asset.9fb3455e39c1c40b9eb331534ba43cf4.png`
[2021-05-19 02:06:14.186] ASSET: Sending asset `padlock.png` to client `AdderVFX` as `padlock.png`
[2021-05-19 02:06:14.186] ASSET: Sending asset `common.css` to client `AdderVFX` as `asset.622312737bbe2cc2ca8ae98407fe605a.css`
[2021-05-19 02:06:15.211] ASSET: Sending asset `jquery.min.js` to client `Eversonblr` as `jquery.min.js`
[2021-05-19 02:06:15.218] ASSET: Sending asset `jquery.min.js` to client `AdderVFX` as `jquery.min.js`
[2021-05-19 02:06:17.698] ASSET: Sending asset `fa-regular-400.eot` to client `SondTheAnime` as `fa-regular-400.eot`
[2021-05-19 02:06:17.698] ASSET: Sending asset `fa-regular-400.woff` to client `SondTheAnime` as `fa-regular-400.woff`
[2021-05-19 02:06:17.698] ASSET: Sending asset `fa-solid-900.eot` to client `SondTheAnime` as `fa-solid-900.eot`
[2021-05-19 02:06:17.698] ASSET: Sending asset `fa-solid-900.woff` to client `SondTheAnime` as `fa-solid-900.woff`
[2021-05-19 02:06:17.698] ASSET: Sending asset `font-awesome.css` to client `SondTheAnime` as `font-awesome.css`
[2021-05-19 02:06:17.698] ASSET: Sending asset `v4shim.css` to client `SondTheAnime` as `v4shim.css`
[2021-05-19 02:06:17.699] ASSET: Sending asset `spritesheet_chat.css` to client `SondTheAnime` as `asset.9d9c5d18011d0acb1e27b98bc6cd295f.css`
[2021-05-19 02:06:17.699] ASSET: Sending asset `chat_16x16.png` to client `SondTheAnime` as `asset.253bbc52a19928fa3bb250b9d2a425c6.png`
[2021-05-19 02:06:17.699] ASSET: Sending asset `chat_32x32.png` to client `SondTheAnime` as `asset.9fb3455e39c1c40b9eb331534ba43cf4.png`
[2021-05-19 02:06:17.955] ASSET: Sending asset `padlock.png` to client `SondTheAnime` as `padlock.png`
[2021-05-19 02:06:17.955] ASSET: Sending asset `common.css` to client `SondTheAnime` as `asset.622312737bbe2cc2ca8ae98407fe605a.css`
[2021-05-19 02:06:18.760] ASSET: Sending asset `fa-regular-400.eot` to client `Luciam` as `fa-regular-400.eot`
[2021-05-19 02:06:18.760] ASSET: Sending asset `fa-regular-400.woff` to client `Luciam` as `fa-regular-400.woff`
[2021-05-19 02:06:18.760] ASSET: Sending asset `fa-solid-900.eot` to client `Luciam` as `fa-solid-900.eot`
[2021-05-19 02:06:18.760] ASSET: Sending asset `fa-solid-900.woff` to client `Luciam` as `fa-solid-900.woff`
[2021-05-19 02:06:18.760] ASSET: Sending asset `font-awesome.css` to client `Luciam` as `font-awesome.css`
[2021-05-19 02:06:18.760] ASSET: Sending asset `v4shim.css` to client `Luciam` as `v4shim.css`
[2021-05-19 02:06:18.761] ASSET: Sending asset `spritesheet_chat.css` to client `Luciam` as `asset.9d9c5d18011d0acb1e27b98bc6cd295f.css`
[2021-05-19 02:06:18.761] ASSET: Sending asset `chat_16x16.png` to client `Luciam` as `asset.253bbc52a19928fa3bb250b9d2a425c6.png`
[2021-05-19 02:06:18.761] ASSET: Sending asset `chat_32x32.png` to client `Luciam` as `asset.9fb3455e39c1c40b9eb331534ba43cf4.png`
[2021-05-19 02:06:19.047] ASSET: Sending asset `padlock.png` to client `Luciam` as `padlock.png`
[2021-05-19 02:06:19.047] ASSET: Sending asset `common.css` to client `Luciam` as `asset.622312737bbe2cc2ca8ae98407fe605a.css`
[2021-05-19 02:06:20.391] ASSET: Sending asset `tgui-common.chunk.js` to client `Matheusgp9999` as `tgui-common.chunk.js`
[2021-05-19 02:06:20.392] ASSET: Sending asset `tgui-panel.bundle.js` to client `Matheusgp9999` as `tgui-panel.bundle.js`
[2021-05-19 02:06:20.392] ASSET: Sending asset `tgui-panel.bundle.css` to client `Matheusgp9999` as `tgui-panel.bundle.css`
[2021-05-19 02:06:20.394] ASSET: Sending asset `jquery.min.js` to client `SondTheAnime` as `jquery.min.js`
[2021-05-19 02:06:21.042] ASSET: Sending asset `tgui-common.chunk.js` to client `Diolko` as `tgui-common.chunk.js`
[2021-05-19 02:06:21.043] ASSET: Sending asset `tgui-panel.bundle.js` to client `Diolko` as `tgui-panel.bundle.js`
[2021-05-19 02:06:21.043] ASSET: Sending asset `tgui-panel.bundle.css` to client `Diolko` as `tgui-panel.bundle.css`
[2021-05-19 02:06:21.314] ASSET: Sending asset `jquery.min.js` to client `Luciam` as `jquery.min.js`
[2021-05-19 02:06:23.460] ASSET: Sending asset `tgui-common.chunk.js` to client `AkamaruBR` as `tgui-common.chunk.js`
[2021-05-19 02:06:23.460] ASSET: Sending asset `tgui-panel.bundle.js` to client `AkamaruBR` as `tgui-panel.bundle.js`
[2021-05-19 02:06:23.460] ASSET: Sending asset `tgui-panel.bundle.css` to client `AkamaruBR` as `tgui-panel.bundle.css`
[2021-05-19 02:06:23.747] ASSET: Sending asset `fa-regular-400.eot` to client `Diolko` as `fa-regular-400.eot`
[2021-05-19 02:06:23.747] ASSET: Sending asset `fa-regular-400.woff` to client `Diolko` as `fa-regular-400.woff`
[2021-05-19 02:06:23.747] ASSET: Sending asset `fa-solid-900.eot` to client `Diolko` as `fa-solid-900.eot`
[2021-05-19 02:06:23.747] ASSET: Sending asset `fa-solid-900.woff` to client `Diolko` as `fa-solid-900.woff`
[2021-05-19 02:06:23.747] ASSET: Sending asset `font-awesome.css` to client `Diolko` as `font-awesome.css`
[2021-05-19 02:06:23.747] ASSET: Sending asset `v4shim.css` to client `Diolko` as `v4shim.css`
[2021-05-19 02:06:23.748] ASSET: Sending asset `spritesheet_chat.css` to client `Diolko` as `asset.9d9c5d18011d0acb1e27b98bc6cd295f.css`
[2021-05-19 02:06:23.748] ASSET: Sending asset `chat_16x16.png` to client `Diolko` as `asset.253bbc52a19928fa3bb250b9d2a425c6.png`
[2021-05-19 02:06:23.748] ASSET: Sending asset `chat_32x32.png` to client `Diolko` as `asset.9fb3455e39c1c40b9eb331534ba43cf4.png`
[2021-05-19 02:06:24.591] ASSET: Sending asset `padlock.png` to client `Diolko` as `padlock.png`
[2021-05-19 02:06:24.591] ASSET: Sending asset `common.css` to client `Diolko` as `asset.622312737bbe2cc2ca8ae98407fe605a.css`
[2021-05-19 02:06:24.596] ASSET: Sending asset `fa-regular-400.eot` to client `Matheusgp9999` as `fa-regular-400.eot`
[2021-05-19 02:06:24.596] ASSET: Sending asset `fa-regular-400.woff` to client `Matheusgp9999` as `fa-regular-400.woff`
[2021-05-19 02:06:24.596] ASSET: Sending asset `fa-solid-900.eot` to client `Matheusgp9999` as `fa-solid-900.eot`
[2021-05-19 02:06:24.596] ASSET: Sending asset `fa-solid-900.woff` to client `Matheusgp9999` as `fa-solid-900.woff`
[2021-05-19 02:06:24.596] ASSET: Sending asset `font-awesome.css` to client `Matheusgp9999` as `font-awesome.css`
[2021-05-19 02:06:24.596] ASSET: Sending asset `v4shim.css` to client `Matheusgp9999` as `v4shim.css`
[2021-05-19 02:06:24.597] ASSET: Sending asset `spritesheet_chat.css` to client `Matheusgp9999` as `asset.9d9c5d18011d0acb1e27b98bc6cd295f.css`
[2021-05-19 02:06:24.597] ASSET: Sending asset `chat_16x16.png` to client `Matheusgp9999` as `asset.253bbc52a19928fa3bb250b9d2a425c6.png`
[2021-05-19 02:06:24.597] ASSET: Sending asset `chat_32x32.png` to client `Matheusgp9999` as `asset.9fb3455e39c1c40b9eb331534ba43cf4.png`
[2021-05-19 02:06:24.867] ASSET: Sending asset `jquery.min.js` to client `Diolko` as `jquery.min.js`
[2021-05-19 02:06:24.877] ASSET: Sending asset `padlock.png` to client `Matheusgp9999` as `padlock.png`
[2021-05-19 02:06:24.877] ASSET: Sending asset `common.css` to client `Matheusgp9999` as `asset.622312737bbe2cc2ca8ae98407fe605a.css`
[2021-05-19 02:06:25.141] ASSET: Sending asset `fa-regular-400.eot` to client `AkamaruBR` as `fa-regular-400.eot`
[2021-05-19 02:06:25.141] ASSET: Sending asset `fa-regular-400.woff` to client `AkamaruBR` as `fa-regular-400.woff`
[2021-05-19 02:06:25.141] ASSET: Sending asset `fa-solid-900.eot` to client `AkamaruBR` as `fa-solid-900.eot`
[2021-05-19 02:06:25.141] ASSET: Sending asset `fa-solid-900.woff` to client `AkamaruBR` as `fa-solid-900.woff`
[2021-05-19 02:06:25.141] ASSET: Sending asset `font-awesome.css` to client `AkamaruBR` as `font-awesome.css`
[2021-05-19 02:06:25.141] ASSET: Sending asset `v4shim.css` to client `AkamaruBR` as `v4shim.css`
[2021-05-19 02:06:25.142] ASSET: Sending asset `spritesheet_chat.css` to client `AkamaruBR` as `asset.9d9c5d18011d0acb1e27b98bc6cd295f.css`
[2021-05-19 02:06:25.142] ASSET: Sending asset `chat_16x16.png` to client `AkamaruBR` as `asset.253bbc52a19928fa3bb250b9d2a425c6.png`
[2021-05-19 02:06:25.142] ASSET: Sending asset `chat_32x32.png` to client `AkamaruBR` as `asset.9fb3455e39c1c40b9eb331534ba43cf4.png`
[2021-05-19 02:06:25.149] ASSET: Sending asset `padlock.png` to client `AkamaruBR` as `padlock.png`
[2021-05-19 02:06:25.149] ASSET: Sending asset `common.css` to client `AkamaruBR` as `asset.622312737bbe2cc2ca8ae98407fe605a.css`
[2021-05-19 02:06:26.627] ASSET: Sending asset `jquery.min.js` to client `AkamaruBR` as `jquery.min.js`
[2021-05-19 02:06:26.883] ASSET: Sending asset `jquery.min.js` to client `Matheusgp9999` as `jquery.min.js`
