[2021-05-19 02:05:53.089] Starting up round ID 22.
 - -------------------------
[2021-05-19 02:05:54.252] INIT: Initialized Profiler subsystem within 0 seconds!
[2021-05-19 02:05:54.400] Fail2Topic: Failed to drop firewall rule. Exit code: 1.
[2021-05-19 02:05:54.401] INIT: Initialized Fail2Topic subsystem within 0.2 seconds!
[2021-05-19 02:05:54.430] INIT: Initialized Title Screen subsystem within 0 seconds!
[2021-05-19 02:05:54.431] INIT: Initialized Database subsystem within 0 seconds!
[2021-05-19 02:05:54.431] INIT: Initialized Stat Panels subsystem within 0 seconds!
[2021-05-19 02:05:54.431] INIT: Initialized Blackbox subsystem within 0 seconds!
[2021-05-19 02:05:54.432] INIT: Initialized Server Tasks subsystem within 0 seconds!
[2021-05-19 02:05:54.433] INIT: Initialized Input subsystem within 0 seconds!
[2021-05-19 02:05:54.436] INIT: Initialized Sounds subsystem within 0 seconds!
[2021-05-19 02:05:54.436] INIT: Initialized Vis contents overlays subsystem within 0 seconds!
[2021-05-19 02:05:54.504] INIT: Initialized Research subsystem within 0.1 seconds!
[2021-05-19 02:05:54.508] INIT: Initialized Events subsystem within 0 seconds!
[2021-05-19 02:05:54.514] INIT: Initialized Jobs subsystem within 0 seconds!
[2021-05-19 02:05:54.516] INIT: Initialized Quirks subsystem within 0 seconds!
[2021-05-19 02:05:54.532] INIT: Initialized Ticker subsystem within 0 seconds!
[2021-05-19 02:05:54.553] INIT: Initialized Instruments subsystem within 0 seconds!
[2021-05-19 02:06:13.217] INIT: Initialized Mapping subsystem within 18.7 seconds!
[2021-05-19 02:06:13.217] INIT: Initialized Economy subsystem within 0 seconds!
[2021-05-19 02:06:13.220] INIT: Initialized Networks subsystem within 0 seconds!
[2021-05-19 02:06:13.220] INIT: Initialized Holodeck subsystem within 0 seconds!
