[2021-05-15 23:13:32.989] ASSET: Sending asset `tgui-common.chunk.js` to client `Dantesousa` as `tgui-common.chunk.js`
[2021-05-15 23:13:32.989] ASSET: Sending asset `tgui-panel.bundle.js` to client `Dantesousa` as `tgui-panel.bundle.js`
[2021-05-15 23:13:32.989] ASSET: Sending asset `tgui-panel.bundle.css` to client `Dantesousa` as `tgui-panel.bundle.css`
[2021-05-15 23:13:44.436] ASSET: Sending asset `fa-regular-400.eot` to client `Dantesousa` as `fa-regular-400.eot`
[2021-05-15 23:13:44.436] ASSET: Sending asset `fa-regular-400.woff` to client `Dantesousa` as `fa-regular-400.woff`
[2021-05-15 23:13:44.436] ASSET: Sending asset `fa-solid-900.eot` to client `Dantesousa` as `fa-solid-900.eot`
[2021-05-15 23:13:44.436] ASSET: Sending asset `fa-solid-900.woff` to client `Dantesousa` as `fa-solid-900.woff`
[2021-05-15 23:13:44.438] ASSET: Sending asset `font-awesome.css` to client `Dantesousa` as `font-awesome.css`
[2021-05-15 23:13:44.438] ASSET: Sending asset `v4shim.css` to client `Dantesousa` as `v4shim.css`
[2021-05-15 23:13:44.438] ASSET: Sending asset `spritesheet_chat.css` to client `Dantesousa` as `asset.9d9c5d18011d0acb1e27b98bc6cd295f.css`
[2021-05-15 23:13:44.438] ASSET: Sending asset `chat_16x16.png` to client `Dantesousa` as `asset.253bbc52a19928fa3bb250b9d2a425c6.png`
[2021-05-15 23:13:44.438] ASSET: Sending asset `chat_32x32.png` to client `Dantesousa` as `asset.9fb3455e39c1c40b9eb331534ba43cf4.png`
[2021-05-15 23:13:46.796] ASSET: Sending asset `padlock.png` to client `Dantesousa` as `padlock.png`
[2021-05-15 23:13:46.796] ASSET: Sending asset `common.css` to client `Dantesousa` as `asset.622312737bbe2cc2ca8ae98407fe605a.css`
[2021-05-15 23:13:46.804] ASSET: Sending asset `jquery.min.js` to client `Dantesousa` as `jquery.min.js`
[2021-05-15 23:15:43.630] ASSET: Sending asset `tgui-common.chunk.js` to client `SondTheAnime` as `tgui-common.chunk.js`
[2021-05-15 23:15:43.630] ASSET: Sending asset `tgui-panel.bundle.js` to client `SondTheAnime` as `tgui-panel.bundle.js`
[2021-05-15 23:15:43.630] ASSET: Sending asset `tgui-panel.bundle.css` to client `SondTheAnime` as `tgui-panel.bundle.css`
[2021-05-15 23:16:03.332] ASSET: Sending asset `fa-regular-400.eot` to client `SondTheAnime` as `fa-regular-400.eot`
[2021-05-15 23:16:03.332] ASSET: Sending asset `fa-regular-400.woff` to client `SondTheAnime` as `fa-regular-400.woff`
[2021-05-15 23:16:03.332] ASSET: Sending asset `fa-solid-900.eot` to client `SondTheAnime` as `fa-solid-900.eot`
[2021-05-15 23:16:03.332] ASSET: Sending asset `fa-solid-900.woff` to client `SondTheAnime` as `fa-solid-900.woff`
[2021-05-15 23:16:03.332] ASSET: Sending asset `font-awesome.css` to client `SondTheAnime` as `font-awesome.css`
[2021-05-15 23:16:03.332] ASSET: Sending asset `v4shim.css` to client `SondTheAnime` as `v4shim.css`
[2021-05-15 23:16:03.333] ASSET: Sending asset `spritesheet_chat.css` to client `SondTheAnime` as `asset.9d9c5d18011d0acb1e27b98bc6cd295f.css`
[2021-05-15 23:16:03.333] ASSET: Sending asset `chat_16x16.png` to client `SondTheAnime` as `asset.253bbc52a19928fa3bb250b9d2a425c6.png`
[2021-05-15 23:16:03.333] ASSET: Sending asset `chat_32x32.png` to client `SondTheAnime` as `asset.9fb3455e39c1c40b9eb331534ba43cf4.png`
[2021-05-15 23:16:06.284] ASSET: Sending asset `padlock.png` to client `SondTheAnime` as `padlock.png`
[2021-05-15 23:16:06.284] ASSET: Sending asset `common.css` to client `SondTheAnime` as `asset.622312737bbe2cc2ca8ae98407fe605a.css`
[2021-05-15 23:16:40.514] ASSET: Sending asset `playeroptions.css` to client `Dantesousa` as `asset.143178d91780fe7aea4f34ff59b89234.css`
