[2021-05-15 23:11:21.162] Starting up round ID 3.
 - -------------------------
[2021-05-15 23:15:47.987] ATTACK: *no key*/(Centaur) has fired at *no key*/(giant radscorpion) with [spit] from Bunker (NEWHP: 142)  (Bunker (51, 248, 4))
[2021-05-15 23:15:47.991] ATTACK: *no key*/(super mutant) has fired at *no key*/(giant radscorpion) with [.308 bullet] from Bunker (NEWHP: 142)  (Bunker (49, 248, 4))
[2021-05-15 23:15:48.015] ATTACK: *no key*/(mother deathclaw) has attacked *no key*/(molerat) (NEWHP: 17)  (Bunker (19, 118, 3))
[2021-05-15 23:15:48.063] ATTACK: *no key*/(Centaur) has shot *no key*/(super mutant) with [spit] (NEWHP: 262)  (Bunker (51, 248, 4))
[2021-05-15 23:15:48.220] ATTACK: *no key*/(super mutant) has shot *no key*/(giant radscorpion) with [.308 bullet] (NEWHP: 107)  (Bunker (49, 248, 4))
[2021-05-15 23:15:50.126] ATTACK: *no key*/(super mutant) has attacked *no key*/(giant radscorpion) (NEWHP: 103)  (Bunker (51, 247, 4))
[2021-05-15 23:15:50.132] ATTACK: *no key*/(giant radscorpion) has attacked *no key*/(super mutant) (NEWHP: 258)  (Bunker (51, 246, 4))
[2021-05-15 23:15:50.145] ATTACK: *no key*/(molerat) has attacked *no key*/(deathclaw) (NEWHP: 720)  (Tunnel (26, 120, 3))
[2021-05-15 23:15:50.148] ATTACK: *no key*/(deathclaw) has attacked *no key*/(molerat) (NEWHP: 13)  (Tunnel (25, 120, 3))
[2021-05-15 23:15:50.170] ATTACK: *no key*/(big horner) has attacked *no key*/(big horner) (NEWHP: 108)  (Wasteland (175, 17, 2))
[2021-05-15 23:15:50.172] ATTACK: *no key*/(big horner) has attacked *no key*/(big horner) (NEWHP: 108)  (Wasteland (174, 17, 2))
[2021-05-15 23:15:50.175] ATTACK: *no key*/(big horner) has attacked *no key*/(big horner) (NEWHP: 108)  (Wasteland (141, 9, 2))
[2021-05-15 23:15:50.183] ATTACK: *no key*/(big horner) has attacked *no key*/(big horner) (NEWHP: 85)  (Wasteland (140, 10, 2))
[2021-05-15 23:15:52.313] ATTACK: *no key*/(big horner) has attacked *no key*/(big horner) (NEWHP: 104)  (Wasteland (140, 9, 2))
[2021-05-15 23:15:52.317] ATTACK: *no key*/(super mutant) has attacked *no key*/(giant radscorpion) (NEWHP: 49)  (Bunker (48, 249, 4))
[2021-05-15 23:15:52.345] ATTACK: *no key*/(big horner) has attacked *no key*/(big horner) (NEWHP: 82)  (Wasteland (175, 17, 2))
[2021-05-15 23:15:52.348] ATTACK: *no key*/(big horner) has attacked *no key*/(big horner) (NEWHP: 58)  (Wasteland (141, 9, 2))
[2021-05-15 23:15:52.350] ATTACK: *no key*/(big horner) has attacked *no key*/(big horner) (NEWHP: 36)  (Wasteland (140, 10, 2))
[2021-05-15 23:15:54.808] ATTACK: *no key*/(big horner) has attacked *no key*/(big horner) (NEWHP: 78)  (Wasteland (140, 9, 2))
[2021-05-15 23:15:54.839] ATTACK: *no key*/(big horner) has attacked *no key*/(big horner) (NEWHP: 53)  (Wasteland (175, 17, 2))
[2021-05-15 23:15:54.842] ATTACK: *no key*/(big horner) has attacked *no key*/(big horner) (NEWHP: 76)  (Wasteland (174, 17, 2))
[2021-05-15 23:15:54.845] ATTACK: *no key*/(big horner) has attacked *no key*/(big horner) (NEWHP: 7)  (Wasteland (141, 9, 2))
[2021-05-15 23:15:56.881] ATTACK: *no key*/(big horner) has attacked *no key*/(big horner) (NEWHP: 27)  (Wasteland (175, 17, 2))
[2021-05-15 23:15:56.883] ATTACK: *no key*/(big horner) has attacked *no key*/(big horner) (NEWHP: 47)  (Wasteland (174, 17, 2))
[2021-05-15 23:15:56.886] ATTACK: *no key*/(big horner) has attacked *no key*/(big horner) (NEWHP: 52)  (Wasteland (141, 9, 2))
[2021-05-15 23:15:56.889] ATTACK: *no key*/(big horner) has attacked *no key*/(big horner) (NEWHP: 96)  (Wasteland (140, 10, 2))
[2021-05-15 23:15:58.896] ATTACK: *no key*/(big horner) has attacked *no key*/(big horner) (NEWHP: 1)  (Wasteland (175, 17, 2))
[2021-05-15 23:15:58.899] ATTACK: *no key*/(big horner) has attacked *no key*/(big horner) (NEWHP: 26)  (Wasteland (141, 9, 2))
[2021-05-15 23:15:58.917] ATTACK: *no key*/(big horner) has attacked *no key*/(big horner) (NEWHP: 67)  (Wasteland (140, 10, 2))
[2021-05-15 23:16:17.595] ATTACK: *no key*/(super mutant) has fired at *no key*/(giant radscorpion) with [.308 bullet] from Bunker (NEWHP: 82)  (Bunker (66, 228, 4))
[2021-05-15 23:16:17.603] ATTACK: *no key*/(super mutant) has attacked *no key*/(giant radscorpion) (NEWHP: 82)  (Bunker (38, 245, 4))
[2021-05-15 23:16:17.616] ATTACK: *no key*/(super mutant) has attacked *no key*/(giant radscorpion) (NEWHP: 31)  (Bunker (40, 245, 4))
[2021-05-15 23:16:17.642] ATTACK: *no key*/(super mutant) has shot *no key*/(super mutant) with [.308 bullet] (NEWHP: 197)  (Bunker (66, 228, 4))
[2021-05-15 23:16:21.460] ATTACK: *no key*/(giant radscorpion) has attacked *no key*/(super mutant) (NEWHP: 224)  (Bunker (39, 244, 4))
[2021-05-15 23:16:21.463] ATTACK: *no key*/(super mutant) has fired at *no key*/(giant radscorpion) with [.308 bullet] from Bunker (NEWHP: 78)  (Bunker (67, 227, 4))
[2021-05-15 23:16:21.466] ATTACK: *no key*/(super mutant) has attacked *no key*/(giant radscorpion) (NEWHP: 74)  (Bunker (38, 245, 4))
[2021-05-15 23:16:21.541] ATTACK: *no key*/(super mutant) has shot *no key*/(super mutant) with [.308 bullet] (NEWHP: 154)  (Bunker (67, 227, 4))
[2021-05-15 23:16:23.806] ATTACK: *no key*/(super mutant) has attacked *no key*/(giant radscorpion) (NEWHP: 21)  (Bunker (39, 245, 4))
[2021-05-15 23:16:25.755] ATTACK: *no key*/(super mutant) has fired at *no key*/(giant radscorpion) with [.308 bullet] from Bunker (NEWHP: 66)  (Bunker (66, 226, 4))
[2021-05-15 23:16:25.898] ATTACK: *no key*/(super mutant) has shot *no key*/(super mutant) with [.308 bullet] (NEWHP: 181)  (Bunker (66, 226, 4))
[2021-05-15 23:16:29.671] ATTACK: *no key*/(super mutant) has fired at *no key*/(giant radscorpion) with [.308 bullet] from Bunker (NEWHP: 58)  (Bunker (66, 226, 4))
[2021-05-15 23:16:29.750] ATTACK: *no key*/(super mutant) has shot *no key*/(super mutant) with [.308 bullet] (NEWHP: 103)  (Bunker (66, 226, 4))
[2021-05-15 23:16:33.538] ATTACK: *no key*/(super mutant) has fired at *no key*/(giant radscorpion) with [.308 bullet] from Bunker (NEWHP: 50)  (Bunker (66, 226, 4))
[2021-05-15 23:16:33.651] ATTACK: *no key*/(super mutant) has shot *no key*/(super mutant) with [.308 bullet] (NEWHP: 130)  (Bunker (66, 226, 4))
[2021-05-15 23:16:37.609] ATTACK: *no key*/(super mutant) has fired at *no key*/(giant radscorpion) with [.308 bullet] from Bunker (NEWHP: 42)  (Bunker (66, 226, 4))
[2021-05-15 23:16:37.758] ATTACK: *no key*/(super mutant) has shot *no key*/(super mutant) with [.308 bullet] (NEWHP: 87)  (Bunker (66, 226, 4))
[2021-05-15 23:16:41.603] ATTACK: *no key*/(super mutant) has fired at *no key*/(giant radscorpion) with [.308 bullet] from Bunker (NEWHP: 34)  (Bunker (66, 226, 4))
[2021-05-15 23:16:41.743] ATTACK: *no key*/(super mutant) has shot *no key*/(super mutant) with [.308 bullet] (NEWHP: 44)  (Bunker (66, 226, 4))
[2021-05-15 23:16:43.648] ATTACK: *no key*/(super mutant) has attacked *no key*/(giant radscorpion) (NEWHP: 30)  (Bunker (66, 230, 4))
[2021-05-15 23:16:49.648] ATTACK: *no key*/(giant radscorpion) has attacked *no key*/(super mutant) (NEWHP: 168)  (Bunker (54, 242, 4))
[2021-05-15 23:16:49.656] ATTACK: *no key*/(super mutant) has attacked *no key*/(giant radscorpion) (NEWHP: 18)  (Bunker (55, 242, 4))
[2021-05-15 23:16:51.688] ATTACK: *no key*/(super mutant) has attacked *no key*/(mr. gutsy) (NEWHP: 200)  (Bunker (28, 247, 4))
[2021-05-15 23:16:51.692] ATTACK: *no key*/(super mutant) has attacked *no key*/(mr. gutsy) (NEWHP: 145)  (Bunker (28, 246, 4))
[2021-05-15 23:16:53.641] ATTACK: *no key*/(mr. gutsy) has attacked *no key*/(super mutant) (NEWHP: 160)  (Bunker (28, 247, 4))
[2021-05-15 23:16:53.690] ATTACK: *no key*/(super mutant) has attacked *no key*/(mr. gutsy) (NEWHP: 93)  (Bunker (27, 247, 4))
[2021-05-15 23:16:53.693] ATTACK: *no key*/(super mutant) has attacked *no key*/(mr. gutsy) (NEWHP: 39)  (Bunker (29, 246, 4))
[2021-05-15 23:16:58.565] ATTACK: *no key*/(super mutant) has attacked *no key*/(mr. gutsy) (NEWHP: 200)  (Bunker (26, 246, 4))
[2021-05-15 23:17:00.643] ATTACK: *no key*/(mr. gutsy) has attacked *no key*/(super mutant) (NEWHP: 148)  (Bunker (25, 246, 4))
[2021-05-15 23:17:00.837] ATTACK: *no key*/(super mutant) has attacked *no key*/(mr. gutsy) (NEWHP: 152)  (Bunker (26, 247, 4))
[2021-05-15 23:17:00.839] ATTACK: *no key*/(super mutant) has attacked *no key*/(mr. gutsy) (NEWHP: 107)  (Bunker (26, 246, 4))
[2021-05-15 23:17:00.847] ATTACK: *no key*/(super mutant) has attacked *no key*/(mr. gutsy) (NEWHP: 200)  (Bunker (70, 231, 4))
[2021-05-15 23:17:02.536] ATTACK: *no key*/(mr. gutsy) has attacked *no key*/(super mutant) (NEWHP: 4)  (Bunker (70, 231, 4))
[2021-05-15 23:17:02.583] ATTACK: *no key*/(mr. gutsy) has fired at *no key*/(super mutant) with [plasma bolt] from Bunker (NEWHP: 72)  (Bunker (22, 244, 4))
[2021-05-15 23:17:02.606] ATTACK: *no key*/(super mutant) has attacked *no key*/(mr. gutsy) (NEWHP: 200)  (Bunker (23, 245, 4))
[2021-05-15 23:17:02.625] ATTACK: *no key*/(mr. gutsy) has shot *no key*/(super mutant) with [plasma bolt] (NEWHP: 41)  (Bunker (22, 244, 4))
[2021-05-15 23:17:02.772] ATTACK: *no key*/(mr. gutsy) has fired at *no key*/(super mutant) with [plasma bolt] from Bunker (NEWHP: 72)  (Bunker (22, 245, 4))
[2021-05-15 23:17:02.822] ATTACK: *no key*/(mr. gutsy) has shot *no key*/(super mutant) with [plasma bolt] (NEWHP: 10)  (Bunker (22, 245, 4))
[2021-05-15 23:17:02.972] ATTACK: *no key*/(mr. gutsy) has fired at *no key*/(super mutant) with [plasma bolt] from Bunker (NEWHP: 72)  (Bunker (22, 245, 4))
[2021-05-15 23:17:02.974] ATTACK: *no key*/(mr. gutsy) has shot *no key*/(super mutant) with [plasma bolt] (NEWHP: 0)  (Bunker (22, 245, 4))
[2021-05-15 23:17:04.590] ATTACK: *no key*/(super mutant) has attacked *no key*/(mr. gutsy) (NEWHP: 153)  (Bunker (69, 232, 4))
[2021-05-15 23:17:04.593] ATTACK: *no key*/(super mutant) has attacked *no key*/(mr. gutsy) (NEWHP: 53)  (Bunker (24, 246, 4))
[2021-05-15 23:17:06.608] ATTACK: *no key*/(mr. gutsy) has attacked *no key*/(super mutant) (NEWHP: 136)  (Bunker (22, 246, 4))
[2021-05-15 23:17:06.613] ATTACK: *no key*/(mr. gutsy) has fired at *no key*/(super mutant) with [plasma bolt] from Bunker (NEWHP: 31)  (Bunker (67, 231, 4))
[2021-05-15 23:17:06.615] ATTACK: *no key*/(mr. gutsy) has fired at *no key*/(super mutant) with [plasma bolt] from Bunker (NEWHP: 64)  (Bunker (19, 246, 4))
[2021-05-15 23:17:06.628] ATTACK: *no key*/(mr. gutsy) has shot *no key*/(super mutant) with [plasma bolt] (NEWHP: 33)  (Bunker (18, 246, 4))
[2021-05-15 23:17:06.631] ATTACK: *no key*/(super mutant) has attacked *no key*/(mr. gutsy) (NEWHP: 145)  (Bunker (22, 247, 4))
[2021-05-15 23:17:06.634] ATTACK: *no key*/(super mutant) has attacked *no key*/(mr. gutsy) (NEWHP: 97)  (Bunker (21, 246, 4))
[2021-05-15 23:17:06.776] ATTACK: *no key*/(mr. gutsy) has fired at *no key*/(super mutant) with [plasma bolt] from Bunker (NEWHP: 31)  (Bunker (67, 231, 4))
[2021-05-15 23:17:06.778] ATTACK: *no key*/(mr. gutsy) has shot *no key*/(super mutant) with [plasma bolt] (NEWHP: 0)  (Bunker (67, 231, 4))
[2021-05-15 23:17:06.779] ATTACK: *no key*/(mr. gutsy) has fired at *no key*/(super mutant) with [plasma bolt] from Bunker (NEWHP: 33)  (Bunker (18, 246, 4))
[2021-05-15 23:17:06.876] ATTACK: *no key*/(mr. gutsy) has shot *no key*/(super mutant) with [plasma bolt] (NEWHP: 2)  (Bunker (18, 246, 4))
[2021-05-15 23:17:06.975] ATTACK: *no key*/(mr. gutsy) has fired at *no key*/(super mutant) with [plasma bolt] from Bunker (NEWHP: 0)  (Bunker (66, 231, 4))
[2021-05-15 23:17:06.976] ATTACK: *no key*/(mr. gutsy) has fired at *no key*/(super mutant) with [plasma bolt] from Bunker (NEWHP: 2)  (Bunker (18, 246, 4))
[2021-05-15 23:17:07.025] ATTACK: *no key*/(mr. gutsy) has shot *no key*/(super mutant) with [plasma bolt] (NEWHP: 0)  (Bunker (66, 231, 4))
[2021-05-15 23:17:07.126] ATTACK: *no key*/(mr. gutsy) has shot *no key*/(super mutant) with [plasma bolt] (NEWHP: 0)  (Bunker (18, 246, 4))
[2021-05-15 23:17:08.505] ATTACK: *no key*/(super mutant) has attacked *no key*/(mr. gutsy) (NEWHP: 45)  (Bunker (24, 246, 4))
[2021-05-15 23:17:10.597] ATTACK: *no key*/(mr. gutsy) has fired at *no key*/(super mutant) with [plasma bolt] from Bunker (NEWHP: 228)  (Bunker (65, 231, 4))
[2021-05-15 23:17:10.599] ATTACK: *no key*/(mr. gutsy) has fired at *no key*/(super mutant) with [plasma bolt] from Bunker (NEWHP: 56)  (Bunker (19, 246, 4))
[2021-05-15 23:17:10.727] ATTACK: *no key*/(mr. gutsy) has shot *no key*/(super mutant) with [plasma bolt] (NEWHP: 25)  (Bunker (19, 246, 4))
[2021-05-15 23:17:10.777] ATTACK: *no key*/(mr. gutsy) has fired at *no key*/(super mutant) with [plasma bolt] from Bunker (NEWHP: 228)  (Bunker (65, 231, 4))
[2021-05-15 23:17:10.778] ATTACK: *no key*/(mr. gutsy) has fired at *no key*/(super mutant) with [plasma bolt] from Bunker (NEWHP: 25)  (Bunker (19, 246, 4))
[2021-05-15 23:17:10.929] ATTACK: *no key*/(mr. gutsy) has shot *no key*/(super mutant) with [plasma bolt] (NEWHP: 0)  (Bunker (20, 246, 4))
[2021-05-15 23:17:10.977] ATTACK: *no key*/(mr. gutsy) has fired at *no key*/(super mutant) with [plasma bolt] from Bunker (NEWHP: 228)  (Bunker (66, 230, 4))
[2021-05-15 23:17:10.978] ATTACK: *no key*/(mr. gutsy) has fired at *no key*/(super mutant) with [plasma bolt] from Bunker (NEWHP: 0)  (Bunker (20, 246, 4))
[2021-05-15 23:17:11.079] ATTACK: *no key*/(mr. gutsy) has shot *no key*/(super mutant) with [plasma bolt] (NEWHP: 197)  (Bunker (66, 230, 4))
[2021-05-15 23:17:11.127] ATTACK: *no key*/(mr. gutsy) has shot *no key*/(super mutant) with [plasma bolt] (NEWHP: 0)  (Bunker (20, 246, 4))
[2021-05-15 23:17:12.611] ATTACK: *no key*/(super mutant) has fired at *no key*/(mr. gutsy) with [.308 bullet] from Bunker (NEWHP: 104)  (Bunker (67, 227, 4))
[2021-05-15 23:17:14.593] ATTACK: *no key*/(mr. gutsy) has fired at *no key*/(super mutant) with [plasma bolt] from Bunker (NEWHP: 189)  (Bunker (66, 230, 4))
[2021-05-15 23:17:14.782] ATTACK: *no key*/(mr. gutsy) has fired at *no key*/(super mutant) with [plasma bolt] from Bunker (NEWHP: 189)  (Bunker (65, 229, 4))
[2021-05-15 23:17:14.981] ATTACK: *no key*/(mr. gutsy) has fired at *no key*/(super mutant) with [plasma bolt] from Bunker (NEWHP: 189)  (Bunker (65, 229, 4))
[2021-05-15 23:17:16.597] ATTACK: *no key*/(super mutant) has fired at *no key*/(mr. gutsy) with [.308 bullet] from Bunker (NEWHP: 104)  (Bunker (65, 225, 4))
[2021-05-15 23:17:16.691] ATTACK: *no key*/(super mutant) has shot *no key*/(mr. gutsy) with [.308 bullet] (NEWHP: 69)  (Bunker (65, 225, 4))
[2021-05-15 23:17:18.629] ATTACK: *no key*/(mr. gutsy) has fired at *no key*/(super mutant) with [plasma bolt] from Bunker (NEWHP: 181)  (Bunker (67, 228, 4))
[2021-05-15 23:17:18.791] ATTACK: *no key*/(mr. gutsy) has fired at *no key*/(super mutant) with [plasma bolt] from Bunker (NEWHP: 181)  (Bunker (66, 227, 4))
[2021-05-15 23:17:18.992] ATTACK: *no key*/(mr. gutsy) has fired at *no key*/(super mutant) with [plasma bolt] from Bunker (NEWHP: 181)  (Bunker (65, 226, 4))
[2021-05-15 23:17:19.042] ATTACK: *no key*/(mr. gutsy) has shot *no key*/(super mutant) with [plasma bolt] (NEWHP: 150)  (Bunker (65, 226, 4))
[2021-05-15 23:17:20.692] ATTACK: *no key*/(super mutant) has attacked *no key*/(mr. gutsy) (NEWHP: 69)  (Bunker (63, 228, 4))
[2021-05-15 23:17:20.694] ATTACK: *no key*/(mr. gutsy) has attacked *no key*/(super mutant) (NEWHP: 146)  (Bunker (64, 228, 4))
[2021-05-15 23:17:22.607] ATTACK: *no key*/(super mutant) has fired at *no key*/(mr. gutsy) with [.308 bullet] from Bunker (NEWHP: 15)  (Bunker (64, 229, 4))
[2021-05-15 23:17:22.609] ATTACK: *no key*/(mr. gutsy) has fired at *no key*/(super mutant) with [plasma bolt] from Bunker (NEWHP: 70)  (Bunker (67, 227, 4))
[2021-05-15 23:17:22.693] ATTACK: *no key*/(mr. gutsy) has shot *no key*/(super mutant) with [plasma bolt] (NEWHP: 39)  (Bunker (67, 227, 4))
[2021-05-15 23:17:22.746] ATTACK: *no key*/(super mutant) has shot *no key*/(mr. gutsy) with [.308 bullet] (NEWHP: 0)  (Bunker (64, 229, 4))
[2021-05-15 23:17:36.806] ATTACK: *no key*/(super mutant) has attacked *no key*/(mr. handy) (NEWHP: 160)  (Bunker (21, 228, 4))
[2021-05-15 23:17:38.915] ATTACK: *no key*/(mr. handy) has attacked *no key*/(super mutant) (NEWHP: 72)  (Bunker (21, 227, 4))
[2021-05-15 23:17:38.919] ATTACK: *no key*/(super mutant) has attacked *no key*/(mr. handy) (NEWHP: 113)  (Bunker (21, 228, 4))
[2021-05-15 23:17:42.874] ATTACK: *no key*/(super mutant) has fired at *no key*/(mr. handy) with [.308 bullet] from Bunker (NEWHP: 65)  (Bunker (24, 231, 4))
[2021-05-15 23:17:42.880] ATTACK: *no key*/(mr. handy) has attacked *no key*/(super mutant) (NEWHP: 36)  (Bunker (22, 228, 4))
[2021-05-15 23:17:42.882] ATTACK: *no key*/(super mutant) has attacked *no key*/(mr. handy) (NEWHP: 65)  (Bunker (22, 229, 4))
[2021-05-15 23:17:44.826] ATTACK: *no key*/(mr. handy) has attacked *no key*/(super mutant) (NEWHP: 4)  (Bunker (22, 228, 4))
