[2021-05-15 23:11:20.874] TGS Info: Activating API for version 3.2.6.2
[2021-05-15 23:11:20.886] runtime error: list index out of bounds
 - proc name: OnWorldNew (/datum/tgs_api/v3210/OnWorldNew)
 -   source file: api.dm,69
 -   usr: null
 -   src: /datum/tgs_api/v3210 (/datum/tgs_api/v3210)
 -   call stack:
 - /datum/tgs_api/v3210 (/datum/tgs_api/v3210): OnWorldNew(0)
 - world: TgsNew(/datum/tgs_event_handler/impl (/datum/tgs_event_handler/impl), 0)
 - world: InitTgs()
 - world: New()
 - 
[2021-05-15 23:11:20.887] TGS Error: Failed to activate API!
[2021-05-15 23:11:20.889] Running /tg/ revision: 
 - No commit information
[2021-05-15 23:11:20.913] Loading config file config.txt...
[2021-05-15 23:11:20.917] Loading config file game_options.txt...
[2021-05-15 23:11:20.930] Loading config file dbconfig.txt...
[2021-05-15 23:11:20.933] Loading config file comms.txt...
[2021-05-15 23:11:20.934] Loading config file antag_rep.txt...
[2021-05-15 23:11:20.935] Loading config file resources.txt...
[2021-05-15 23:11:20.937] Loading config file donator_groupings.txt...
[2021-05-15 23:11:20.939] Loading config file dynamic_config.txt...
[2021-05-15 23:11:20.954] Loading config file plushies/defines.txt...
[2021-05-15 23:11:20.955] Loading config file job_threats.txt...
[2021-05-15 23:11:20.957] Loading config file policy.txt...
[2021-05-15 23:11:20.964] Loading config file maps.txt...
[2021-05-15 23:11:21.149] Database connection established.
[2021-05-15 23:11:21.153] SQL: Could not get schema version from database
