[2021-05-25 18:00:18.777] Starting up round ID .
 - -------------------------
[2021-05-25 18:00:18.779] Running /tg/ revision: 2021-05-25
 - origin/master: 2a55ea0b0d891d1b30b295f484b98b2be5f73928
[2021-05-25 18:00:18.799] Failed to connect to database in load_mentors(). Reverting to legacy system.
[2021-05-25 18:00:19.873] Loading Yuma...
[2021-05-25 18:00:24.707] runtime error: /usr/local/lib/libbyond.so: undefined symbol: auxtools_init
 - proc name: AUXTOOLS CHECK (/proc/AUXTOOLS_CHECK)
 -   source file: _extools_api.dm,14
 -   usr: (src)
 -   src: null
 -   call stack:
 - AUXTOOLS CHECK("libauxmos.so")
 - /datum/gas_mixture (/datum/gas_mixture): New(200)
 - the air vent (/obj/machinery/atmospherics/components/unary/vent_pump/on): New(the vault floor (235,194,3) (/turf/open/floor/plasteel/f13/vault_floor/plating))
 - the air vent (/obj/machinery/atmospherics/components/unary/vent_pump/on): New(the vault floor (235,194,3) (/turf/open/floor/plasteel/f13/vault_floor/plating))
 - /datum/parsed_map (/datum/parsed_map): create atom(/obj/machinery/atmospherics/co... (/obj/machinery/atmospherics/components/unary/vent_pump/on), the vault floor (235,194,3) (/turf/open/floor/plasteel/f13/vault_floor/plating))
 - /datum/parsed_map (/datum/parsed_map): instance atom(/obj/machinery/atmospherics/co... (/obj/machinery/atmospherics/components/unary/vent_pump/on), /list (/list), the vault floor (235,194,3) (/turf/open/floor/plasteel/f13/vault_floor/plating), 1, 0, 0, 0, 0, 0)
 - /datum/parsed_map (/datum/parsed_map): build coordinate(/list (/list), /list (/list), the vault floor (235,194,3) (/turf/open/floor/plasteel/f13/vault_floor/plating), 1, 0, 0, 0, 0, 0, 0)
 - /datum/parsed_map (/datum/parsed_map):  load impl(1, 1, 3, 0, 1, -1e+31, 1e+31, -1e+31, 1e+31, 0, 2, 0, null)
 - /datum/parsed_map (/datum/parsed_map): load(1, 1, 3, null, 1, null, null, null, null, null, 2, null, null)
 - Mapping (/datum/controller/subsystem/mapping): LoadGroup(/list (/list), "Wasteland", "map_files/Pahrump", /list (/list), /list (/list), /list (/list), 0, 2)
 - Mapping (/datum/controller/subsystem/mapping): loadWorld()
 - Mapping (/datum/controller/subsystem/mapping): Initialize(648198)
 - Master (/datum/controller/master): Initialize(10, 0, 1)
 - 
[2021-05-25 18:00:24.708] runtime error: /usr/local/lib/libbyond.so: undefined symbol: auxtools_init
 - proc name: AUXTOOLS CHECK (/proc/AUXTOOLS_CHECK)
 -   source file: _extools_api.dm,14
 -   usr: (src)
 -   src: null
 -   call stack:
 - AUXTOOLS CHECK("libauxmos.so")
 - /datum/gas_mixture (/datum/gas_mixture): New(200)
 - the air vent (/obj/machinery/atmospherics/components/unary/vent_pump/on): New(the metal floor (235,191,3) (/turf/open/floor/plating/tunnel))
 - the air vent (/obj/machinery/atmospherics/components/unary/vent_pump/on): New(the metal floor (235,191,3) (/turf/open/floor/plating/tunnel))
 - /datum/parsed_map (/datum/parsed_map): create atom(/obj/machinery/atmospherics/co... (/obj/machinery/atmospherics/components/unary/vent_pump/on), the metal floor (235,191,3) (/turf/open/floor/plating/tunnel))
 - /datum/parsed_map (/datum/parsed_map): instance atom(/obj/machinery/atmospherics/co... (/obj/machinery/atmospherics/components/unary/vent_pump/on), /list (/list), the metal floor (235,191,3) (/turf/open/floor/plating/tunnel), 1, 0, 0, 0, 0, 0)
 - /datum/parsed_map (/datum/parsed_map): build coordinate(/list (/list), /list (/list), the metal floor (235,191,3) (/turf/open/floor/plating/tunnel), 1, 0, 0, 0, 0, 0, 0)
 - /datum/parsed_map (/datum/parsed_map):  load impl(1, 1, 3, 0, 1, -1e+31, 1e+31, -1e+31, 1e+31, 0, 2, 0, null)
 - /datum/parsed_map (/datum/parsed_map): load(1, 1, 3, null, 1, null, null, null, null, null, 2, null, null)
 - Mapping (/datum/controller/subsystem/mapping): LoadGroup(/list (/list), "Wasteland", "map_files/Pahrump", /list (/list), /list (/list), /list (/list), 0, 2)
 - Mapping (/datum/controller/subsystem/mapping): loadWorld()
 - Mapping (/datum/controller/subsystem/mapping): Initialize(648198)
 - Master (/datum/controller/master): Initialize(10, 0, 1)
 - 
[2021-05-25 18:00:24.835] Loaded Wasteland in 5s!
[2021-05-25 18:00:26.327] runtime error: /usr/local/lib/libbyond.so: undefined symbol: auxtools_init
 - proc name: AUXTOOLS CHECK (/proc/AUXTOOLS_CHECK)
 -   source file: _extools_api.dm,14
 -   usr: (src)
 -   src: null
 -   call stack:
 - AUXTOOLS CHECK("libauxmos.so")
 - /datum/gas_mixture (/datum/gas_mixture): New(1000)
 - the portable air pump (/obj/machinery/portable_atmospherics/pump): New(the floor (217,71,4) (/turf/open/floor/plasteel/f13))
 - /datum/parsed_map (/datum/parsed_map): create atom(/obj/machinery/portable_atmosp... (/obj/machinery/portable_atmospherics/pump), the floor (217,71,4) (/turf/open/floor/plasteel/f13))
 - /datum/parsed_map (/datum/parsed_map): instance atom(/obj/machinery/portable_atmosp... (/obj/machinery/portable_atmospherics/pump), /list (/list), the floor (217,71,4) (/turf/open/floor/plasteel/f13), 1, 0, 0, 0, 0, 0)
 - /datum/parsed_map (/datum/parsed_map): build coordinate(/list (/list), /list (/list), the floor (217,71,4) (/turf/open/floor/plasteel/f13), 1, 0, 0, 0, 0, 0, 0)
 - /datum/parsed_map (/datum/parsed_map):  load impl(1, 1, 4, 0, 1, -1e+31, 1e+31, -1e+31, 1e+31, 0, 2, 0, null)
 - /datum/parsed_map (/datum/parsed_map): load(1, 1, 4, null, 1, null, null, null, null, null, 2, null, null)
 - Mapping (/datum/controller/subsystem/mapping): LoadGroup(/list (/list), "Dungeons", "map_files/Pahrump", /list (/list), /list (/list), /list (/list), 0, 2)
 - Mapping (/datum/controller/subsystem/mapping): loadWorld()
 - Mapping (/datum/controller/subsystem/mapping): Initialize(648198)
 - Master (/datum/controller/master): Initialize(10, 0, 1)
 - 
[2021-05-25 18:00:26.499] Loaded Dungeons in 1.6s!
[2021-05-25 18:00:27.446] Ruin loader finished with 0 left to spend.
[2021-05-25 18:00:28.006] runtime error: /usr/local/lib/libbyond.so: undefined symbol: auxtools_init
 - proc name: AUXTOOLS CHECK (/proc/AUXTOOLS_CHECK)
 -   source file: _extools_api.dm,14
 -   usr: (src)
 -   src: null
 -   call stack:
 - AUXTOOLS CHECK("libauxmos.so")
 - /datum/gas_mixture (/datum/gas_mixture): New(70)
 - the plasma tank (/obj/item/tank/internals/plasma): Initialize(1)
 - Atoms (/datum/controller/subsystem/atoms): InitAtom(the plasma tank (/obj/item/tank/internals/plasma), /list (/list))
 - the plasma tank (/obj/item/tank/internals/plasma): New(1)
 - the tank dispenser (/obj/structure/tank_dispenser/plasma): Initialize(1)
 - Atoms (/datum/controller/subsystem/atoms): InitAtom(the tank dispenser (/obj/structure/tank_dispenser/plasma), /list (/list))
 - Atoms (/datum/controller/subsystem/atoms): InitializeAtoms(null)
 - Atoms (/datum/controller/subsystem/atoms): Initialize(648275)
 - Master (/datum/controller/master): Initialize(10, 0, 1)
 - 
[2021-05-25 18:00:28.007] runtime error: /usr/local/lib/libbyond.so: undefined symbol: auxtools_init
 - proc name: AUXTOOLS CHECK (/proc/AUXTOOLS_CHECK)
 -   source file: _extools_api.dm,14
 -   usr: (src)
 -   src: null
 -   call stack:
 - AUXTOOLS CHECK("libauxmos.so")
 - /datum/gas_mixture (/datum/gas_mixture): New(70)
 - the plasma tank (/obj/item/tank/internals/plasma): Initialize(1)
 - Atoms (/datum/controller/subsystem/atoms): InitAtom(the plasma tank (/obj/item/tank/internals/plasma), /list (/list))
 - the plasma tank (/obj/item/tank/internals/plasma): New(1)
 - the tank dispenser (/obj/structure/tank_dispenser/plasma): Initialize(1)
 - Atoms (/datum/controller/subsystem/atoms): InitAtom(the tank dispenser (/obj/structure/tank_dispenser/plasma), /list (/list))
 - Atoms (/datum/controller/subsystem/atoms): InitializeAtoms(null)
 - Atoms (/datum/controller/subsystem/atoms): Initialize(648275)
 - Master (/datum/controller/master): Initialize(10, 0, 1)
 - 
[2021-05-25 18:00:28.008] runtime error: /usr/local/lib/libbyond.so: undefined symbol: auxtools_init
 - proc name: AUXTOOLS CHECK (/proc/AUXTOOLS_CHECK)
 -   source file: _extools_api.dm,14
 -   usr: (src)
 -   src: null
 -   call stack:
 - AUXTOOLS CHECK("libauxmos.so")
 - /datum/gas_mixture (/datum/gas_mixture): New(70)
 - the plasma tank (/obj/item/tank/internals/plasma): Initialize(1)
 - Atoms (/datum/controller/subsystem/atoms): InitAtom(the plasma tank (/obj/item/tank/internals/plasma), /list (/list))
 - the plasma tank (/obj/item/tank/internals/plasma): New(1)
 - the tank dispenser (/obj/structure/tank_dispenser/plasma): Initialize(1)
 - Atoms (/datum/controller/subsystem/atoms): InitAtom(the tank dispenser (/obj/structure/tank_dispenser/plasma), /list (/list))
 - Atoms (/datum/controller/subsystem/atoms): InitializeAtoms(null)
 - Atoms (/datum/controller/subsystem/atoms): Initialize(648275)
 - Master (/datum/controller/master): Initialize(10, 0, 1)
 - 
[2021-05-25 18:00:28.009] runtime error: /usr/local/lib/libbyond.so: undefined symbol: auxtools_init
 - proc name: AUXTOOLS CHECK (/proc/AUXTOOLS_CHECK)
 -   source file: _extools_api.dm,14
 -   usr: (src)
 -   src: null
 -   call stack:
 - AUXTOOLS CHECK("libauxmos.so")
 - /datum/gas_mixture (/datum/gas_mixture): New(70)
 - the plasma tank (/obj/item/tank/internals/plasma): Initialize(1)
 - Atoms (/datum/controller/subsystem/atoms): InitAtom(the plasma tank (/obj/item/tank/internals/plasma), /list (/list))
 - the plasma tank (/obj/item/tank/internals/plasma): New(1)
 - the tank dispenser (/obj/structure/tank_dispenser/plasma): Initialize(1)
 - Atoms (/datum/controller/subsystem/atoms): InitAtom(the tank dispenser (/obj/structure/tank_dispenser/plasma), /list (/list))
 - Atoms (/datum/controller/subsystem/atoms): InitializeAtoms(null)
 - Atoms (/datum/controller/subsystem/atoms): Initialize(648275)
 - Master (/datum/controller/master): Initialize(10, 0, 1)
 - 
[2021-05-25 18:00:28.009] runtime error: /usr/local/lib/libbyond.so: undefined symbol: auxtools_init
 - proc name: AUXTOOLS CHECK (/proc/AUXTOOLS_CHECK)
 -   source file: _extools_api.dm,14
 -   usr: (src)
 -   src: null
 -   call stack:
 - AUXTOOLS CHECK("libauxmos.so")
 - /datum/gas_mixture (/datum/gas_mixture): New(70)
 - the plasma tank (/obj/item/tank/internals/plasma): Initialize(1)
 - Atoms (/datum/controller/subsystem/atoms): InitAtom(the plasma tank (/obj/item/tank/internals/plasma), /list (/list))
 - the plasma tank (/obj/item/tank/internals/plasma): New(1)
 - the tank dispenser (/obj/structure/tank_dispenser/plasma): Initialize(1)
 - Atoms (/datum/controller/subsystem/atoms): InitAtom(the tank dispenser (/obj/structure/tank_dispenser/plasma), /list (/list))
 - Atoms (/datum/controller/subsystem/atoms): InitializeAtoms(null)
 - Atoms (/datum/controller/subsystem/atoms): Initialize(648275)
 - Master (/datum/controller/master): Initialize(10, 0, 1)
 - 
[2021-05-25 18:00:28.010] runtime error: /usr/local/lib/libbyond.so: undefined symbol: auxtools_init
 - proc name: AUXTOOLS CHECK (/proc/AUXTOOLS_CHECK)
 -   source file: _extools_api.dm,14
 -   usr: (src)
 -   src: null
 -   call stack:
 - AUXTOOLS CHECK("libauxmos.so")
 - /datum/gas_mixture (/datum/gas_mixture): New(70)
 - the plasma tank (/obj/item/tank/internals/plasma): Initialize(1)
 - Atoms (/datum/controller/subsystem/atoms): InitAtom(the plasma tank (/obj/item/tank/internals/plasma), /list (/list))
 - the plasma tank (/obj/item/tank/internals/plasma): New(1)
 - the tank dispenser (/obj/structure/tank_dispenser/plasma): Initialize(1)
 - Atoms (/datum/controller/subsystem/atoms): InitAtom(the tank dispenser (/obj/structure/tank_dispenser/plasma), /list (/list))
 - Atoms (/datum/controller/subsystem/atoms): InitializeAtoms(null)
 - Atoms (/datum/controller/subsystem/atoms): Initialize(648275)
 - Master (/datum/controller/master): Initialize(10, 0, 1)
 - 
[2021-05-25 18:00:28.011] runtime error: /usr/local/lib/libbyond.so: undefined symbol: auxtools_init
 - proc name: AUXTOOLS CHECK (/proc/AUXTOOLS_CHECK)
 -   source file: _extools_api.dm,14
 -   usr: (src)
 -   src: null
 -   call stack:
 - AUXTOOLS CHECK("libauxmos.so")
 - /datum/gas_mixture (/datum/gas_mixture): New(70)
 - the plasma tank (/obj/item/tank/internals/plasma): Initialize(1)
 - Atoms (/datum/controller/subsystem/atoms): InitAtom(the plasma tank (/obj/item/tank/internals/plasma), /list (/list))
 - the plasma tank (/obj/item/tank/internals/plasma): New(1)
 - the tank dispenser (/obj/structure/tank_dispenser/plasma): Initialize(1)
 - Atoms (/datum/controller/subsystem/atoms): InitAtom(the tank dispenser (/obj/structure/tank_dispenser/plasma), /list (/list))
 - Atoms (/datum/controller/subsystem/atoms): InitializeAtoms(null)
 - Atoms (/datum/controller/subsystem/atoms): Initialize(648275)
 - Master (/datum/controller/master): Initialize(10, 0, 1)
 - 
[2021-05-25 18:00:28.012] runtime error: /usr/local/lib/libbyond.so: undefined symbol: auxtools_init
 - proc name: AUXTOOLS CHECK (/proc/AUXTOOLS_CHECK)
 -   source file: _extools_api.dm,14
 -   usr: (src)
 -   src: null
 -   call stack:
 - AUXTOOLS CHECK("libauxmos.so")
 - /datum/gas_mixture (/datum/gas_mixture): New(70)
 - the plasma tank (/obj/item/tank/internals/plasma): Initialize(1)
 - Atoms (/datum/controller/subsystem/atoms): InitAtom(the plasma tank (/obj/item/tank/internals/plasma), /list (/list))
 - the plasma tank (/obj/item/tank/internals/plasma): New(1)
 - the tank dispenser (/obj/structure/tank_dispenser/plasma): Initialize(1)
 - Atoms (/datum/controller/subsystem/atoms): InitAtom(the tank dispenser (/obj/structure/tank_dispenser/plasma), /list (/list))
 - Atoms (/datum/controller/subsystem/atoms): InitializeAtoms(null)
 - Atoms (/datum/controller/subsystem/atoms): Initialize(648275)
 - Master (/datum/controller/master): Initialize(10, 0, 1)
 - 
[2021-05-25 18:00:28.013] runtime error: /usr/local/lib/libbyond.so: undefined symbol: auxtools_init
 - proc name: AUXTOOLS CHECK (/proc/AUXTOOLS_CHECK)
 -   source file: _extools_api.dm,14
 -   usr: (src)
 -   src: null
 -   call stack:
 - AUXTOOLS CHECK("libauxmos.so")
 - /datum/gas_mixture (/datum/gas_mixture): New(70)
 - the plasma tank (/obj/item/tank/internals/plasma): Initialize(1)
 - Atoms (/datum/controller/subsystem/atoms): InitAtom(the plasma tank (/obj/item/tank/internals/plasma), /list (/list))
 - the plasma tank (/obj/item/tank/internals/plasma): New(1)
 - the tank dispenser (/obj/structure/tank_dispenser/plasma): Initialize(1)
 - Atoms (/datum/controller/subsystem/atoms): InitAtom(the tank dispenser (/obj/structure/tank_dispenser/plasma), /list (/list))
 - Atoms (/datum/controller/subsystem/atoms): InitializeAtoms(null)
 - Atoms (/datum/controller/subsystem/atoms): Initialize(648275)
 - Master (/datum/controller/master): Initialize(10, 0, 1)
 - 
[2021-05-25 18:00:28.014] runtime error: /usr/local/lib/libbyond.so: undefined symbol: auxtools_init
 - proc name: AUXTOOLS CHECK (/proc/AUXTOOLS_CHECK)
 -   source file: _extools_api.dm,14
 -   usr: (src)
 -   src: null
 -   call stack:
 - AUXTOOLS CHECK("libauxmos.so")
 - /datum/gas_mixture (/datum/gas_mixture): New(70)
 - the plasma tank (/obj/item/tank/internals/plasma): Initialize(1)
 - Atoms (/datum/controller/subsystem/atoms): InitAtom(the plasma tank (/obj/item/tank/internals/plasma), /list (/list))
 - the plasma tank (/obj/item/tank/internals/plasma): New(1)
 - the tank dispenser (/obj/structure/tank_dispenser/plasma): Initialize(1)
 - Atoms (/datum/controller/subsystem/atoms): InitAtom(the tank dispenser (/obj/structure/tank_dispenser/plasma), /list (/list))
 - Atoms (/datum/controller/subsystem/atoms): InitializeAtoms(null)
 - Atoms (/datum/controller/subsystem/atoms): Initialize(648275)
 - Master (/datum/controller/master): Initialize(10, 0, 1)
 - 
[2021-05-25 18:00:28.015] runtime error: /usr/local/lib/libbyond.so: undefined symbol: auxtools_init
 - proc name: AUXTOOLS CHECK (/proc/AUXTOOLS_CHECK)
 -   source file: _extools_api.dm,14
 - 
[2021-05-25 18:00:28.016] runtime error: /usr/local/lib/libbyond.so: undefined symbol: auxtools_init
 - proc name: AUXTOOLS CHECK (/proc/AUXTOOLS_CHECK)
 -   source file: _extools_api.dm,14
 - 
[2021-05-25 18:00:28.016] runtime error: /usr/local/lib/libbyond.so: undefined symbol: auxtools_init
 - proc name: AUXTOOLS CHECK (/proc/AUXTOOLS_CHECK)
 -   source file: _extools_api.dm,14
 - 
[2021-05-25 18:00:28.016] runtime error: /usr/local/lib/libbyond.so: undefined symbol: auxtools_init
 - proc name: AUXTOOLS CHECK (/proc/AUXTOOLS_CHECK)
 -   source file: _extools_api.dm,14
 - 
[2021-05-25 18:00:28.017] runtime error: /usr/local/lib/libbyond.so: undefined symbol: auxtools_init
 - proc name: AUXTOOLS CHECK (/proc/AUXTOOLS_CHECK)
 -   source file: _extools_api.dm,14
 - 
[2021-05-25 18:00:28.017] runtime error: /usr/local/lib/libbyond.so: undefined symbol: auxtools_init
 - proc name: AUXTOOLS CHECK (/proc/AUXTOOLS_CHECK)
 -   source file: _extools_api.dm,14
 - 
[2021-05-25 18:00:28.018] runtime error: /usr/local/lib/libbyond.so: undefined symbol: auxtools_init
 - proc name: AUXTOOLS CHECK (/proc/AUXTOOLS_CHECK)
 -   source file: _extools_api.dm,14
 - 
[2021-05-25 18:00:28.018] runtime error: /usr/local/lib/libbyond.so: undefined symbol: auxtools_init
 - proc name: AUXTOOLS CHECK (/proc/AUXTOOLS_CHECK)
 -   source file: _extools_api.dm,14
 - 
[2021-05-25 18:00:28.018] runtime error: /usr/local/lib/libbyond.so: undefined symbol: auxtools_init
 - proc name: AUXTOOLS CHECK (/proc/AUXTOOLS_CHECK)
 -   source file: _extools_api.dm,14
 - 
[2021-05-25 18:00:28.019] runtime error: /usr/local/lib/libbyond.so: undefined symbol: auxtools_init
 - proc name: AUXTOOLS CHECK (/proc/AUXTOOLS_CHECK)
 -   source file: _extools_api.dm,14
 - 
[2021-05-25 18:00:28.229] runtime error: /usr/local/lib/libbyond.so: undefined symbol: auxtools_init
 - proc name: AUXTOOLS CHECK (/proc/AUXTOOLS_CHECK)
 -   source file: _extools_api.dm,14
 - 
[2021-05-25 18:00:28.230] runtime error: /usr/local/lib/libbyond.so: undefined symbol: auxtools_init
 - proc name: AUXTOOLS CHECK (/proc/AUXTOOLS_CHECK)
 -   source file: _extools_api.dm,14
 - 
[2021-05-25 18:00:28.496] runtime error: /usr/local/lib/libbyond.so: undefined symbol: auxtools_init
 - proc name: AUXTOOLS CHECK (/proc/AUXTOOLS_CHECK)
 -   source file: _extools_api.dm,14
 - 
[2021-05-25 18:00:28.501] runtime error: /usr/local/lib/libbyond.so: undefined symbol: auxtools_init
 - proc name: AUXTOOLS CHECK (/proc/AUXTOOLS_CHECK)
 -   source file: _extools_api.dm,14
 - 
[2021-05-25 18:00:28.799] runtime error: /usr/local/lib/libbyond.so: undefined symbol: auxtools_init
 - proc name: AUXTOOLS CHECK (/proc/AUXTOOLS_CHECK)
 -   source file: _extools_api.dm,14
 - 
[2021-05-25 18:00:28.801] runtime error: /usr/local/lib/libbyond.so: undefined symbol: auxtools_init
 - proc name: AUXTOOLS CHECK (/proc/AUXTOOLS_CHECK)
 -   source file: _extools_api.dm,14
 - 
[2021-05-25 18:00:28.801] runtime error: /usr/local/lib/libbyond.so: undefined symbol: auxtools_init
 - proc name: AUXTOOLS CHECK (/proc/AUXTOOLS_CHECK)
 -   source file: _extools_api.dm,14
 - 
[2021-05-25 18:00:28.802] runtime error: /usr/local/lib/libbyond.so: undefined symbol: auxtools_init
 - proc name: AUXTOOLS CHECK (/proc/AUXTOOLS_CHECK)
 -   source file: _extools_api.dm,14
 - 
[2021-05-25 18:00:29.004] runtime error: /usr/local/lib/libbyond.so: undefined symbol: auxtools_init
 - proc name: AUXTOOLS CHECK (/proc/AUXTOOLS_CHECK)
 -   source file: _extools_api.dm,14
 - 
[2021-05-25 18:00:29.005] runtime error: /usr/local/lib/libbyond.so: undefined symbol: auxtools_init
 - proc name: AUXTOOLS CHECK (/proc/AUXTOOLS_CHECK)
 -   source file: _extools_api.dm,14
 - 
[2021-05-25 18:00:29.005] runtime error: /usr/local/lib/libbyond.so: undefined symbol: auxtools_init
 - proc name: AUXTOOLS CHECK (/proc/AUXTOOLS_CHECK)
 -   source file: _extools_api.dm,14
 - 
[2021-05-25 18:00:29.006] runtime error: /usr/local/lib/libbyond.so: undefined symbol: auxtools_init
 - proc name: AUXTOOLS CHECK (/proc/AUXTOOLS_CHECK)
 -   source file: _extools_api.dm,14
 - 
[2021-05-25 18:00:29.006] runtime error: /usr/local/lib/libbyond.so: undefined symbol: auxtools_init
 - proc name: AUXTOOLS CHECK (/proc/AUXTOOLS_CHECK)
 -   source file: _extools_api.dm,14
 - 
[2021-05-25 18:00:29.266] runtime error: /usr/local/lib/libbyond.so: undefined symbol: auxtools_init
 - proc name: AUXTOOLS CHECK (/proc/AUXTOOLS_CHECK)
 -   source file: _extools_api.dm,14
 - 
[2021-05-25 18:00:29.302] runtime error: /usr/local/lib/libbyond.so: undefined symbol: auxtools_init
 - proc name: AUXTOOLS CHECK (/proc/AUXTOOLS_CHECK)
 -   source file: _extools_api.dm,14
 - 
[2021-05-25 18:00:29.681] runtime error: /usr/local/lib/libbyond.so: undefined symbol: auxtools_init
 - proc name: AUXTOOLS CHECK (/proc/AUXTOOLS_CHECK)
 -   source file: _extools_api.dm,14
 - 
[2021-05-25 18:00:29.822] runtime error: /usr/local/lib/libbyond.so: undefined symbol: auxtools_init
 - proc name: AUXTOOLS CHECK (/proc/AUXTOOLS_CHECK)
 -   source file: _extools_api.dm,14
 - 
[2021-05-25 18:00:29.823] runtime error: /usr/local/lib/libbyond.so: undefined symbol: auxtools_init
 - proc name: AUXTOOLS CHECK (/proc/AUXTOOLS_CHECK)
 -   source file: _extools_api.dm,14
 - 
[2021-05-25 18:00:29.895] runtime error: /usr/local/lib/libbyond.so: undefined symbol: auxtools_init
 - proc name: AUXTOOLS CHECK (/proc/AUXTOOLS_CHECK)
 -   source file: _extools_api.dm,14
 - 
[2021-05-25 18:00:29.934] runtime error: /usr/local/lib/libbyond.so: undefined symbol: auxtools_init
 - proc name: AUXTOOLS CHECK (/proc/AUXTOOLS_CHECK)
 -   source file: _extools_api.dm,14
 - 
[2021-05-25 18:00:30.949] runtime error: /usr/local/lib/libbyond.so: undefined symbol: auxtools_init
 - proc name: AUXTOOLS CHECK (/proc/AUXTOOLS_CHECK)
 -   source file: _extools_api.dm,14
 - 
[2021-05-25 18:00:30.950] runtime error: /usr/local/lib/libbyond.so: undefined symbol: auxtools_init
 - proc name: AUXTOOLS CHECK (/proc/AUXTOOLS_CHECK)
 -   source file: _extools_api.dm,14
 - 
[2021-05-25 18:00:31.069] runtime error: /usr/local/lib/libbyond.so: undefined symbol: auxtools_init
 - proc name: AUXTOOLS CHECK (/proc/AUXTOOLS_CHECK)
 -   source file: _extools_api.dm,14
 - 
[2021-05-25 18:00:31.070] runtime error: /usr/local/lib/libbyond.so: undefined symbol: auxtools_init
 - proc name: AUXTOOLS CHECK (/proc/AUXTOOLS_CHECK)
 -   source file: _extools_api.dm,14
 - 
[2021-05-25 18:00:31.772] runtime error: /usr/local/lib/libbyond.so: undefined symbol: auxtools_init
 - proc name: AUXTOOLS CHECK (/proc/AUXTOOLS_CHECK)
 -   source file: _extools_api.dm,14
 - 
[2021-05-25 18:01:35.714] runtime error: Division by zero
 - 
[2021-05-25 18:01:36.548] ## WARNING: No /obj/docking_port/mobile/arrivals placed on the map! in code/controllers/subsystem/shuttle.dm at line 80 src: Shuttle usr: .
[2021-05-25 18:01:38.092] runtime error: Division by zero
 - 
[2021-05-25 18:01:40.911] Loaded 0 engraved messages on map Yuma
[2021-05-25 18:01:40.914] Initializations complete within 81.2 seconds!
