[2021-05-25 18:00:18.778] Starting up round ID .
 - -------------------------
[2021-05-25 18:00:19.739] INIT: Initialized Profiler subsystem within 0 seconds!
[2021-05-25 18:00:19.787] Fail2Topic: Failed to drop firewall rule. Exit code: 1.
[2021-05-25 18:00:19.788] INIT: Initialized Fail2Topic subsystem within 0 seconds!
[2021-05-25 18:00:19.790] INIT: Initialized Title Screen subsystem within 0 seconds!
[2021-05-25 18:00:19.790] INIT: Initialized Database subsystem within 0 seconds!
[2021-05-25 18:00:19.790] INIT: Initialized Stat Panels subsystem within 0 seconds!
[2021-05-25 18:00:19.790] INIT: Initialized Blackbox subsystem within 0 seconds!
[2021-05-25 18:00:19.790] INIT: Initialized Server Tasks subsystem within 0 seconds!
[2021-05-25 18:00:19.791] INIT: Initialized Input subsystem within 0 seconds!
[2021-05-25 18:00:19.793] INIT: Initialized Sounds subsystem within 0 seconds!
[2021-05-25 18:00:19.793] INIT: Initialized Vis contents overlays subsystem within 0 seconds!
[2021-05-25 18:00:19.845] INIT: Initialized Research subsystem within 0.1 seconds!
[2021-05-25 18:00:19.847] INIT: Initialized Events subsystem within 0 seconds!
[2021-05-25 18:00:19.852] INIT: Initialized Jobs subsystem within 0 seconds!
[2021-05-25 18:00:19.854] INIT: Initialized Quirks subsystem within 0 seconds!
[2021-05-25 18:00:19.857] INIT: Initialized Ticker subsystem within 0 seconds!
[2021-05-25 18:00:19.873] INIT: Initialized Instruments subsystem within 0 seconds!
[2021-05-25 18:00:27.546] INIT: Initialized Mapping subsystem within 7.7 seconds!
[2021-05-25 18:00:27.546] INIT: Initialized Economy subsystem within 0 seconds!
[2021-05-25 18:00:27.548] INIT: Initialized Networks subsystem within 0 seconds!
[2021-05-25 18:00:27.548] INIT: Initialized Holodeck subsystem within 0 seconds!
[2021-05-25 18:01:04.972] INIT: Initialized Atoms subsystem within 37.4 seconds!
[2021-05-25 18:01:04.985] INIT: Initialized Language subsystem within 0 seconds!
[2021-05-25 18:01:05.010] INIT: Initialized Machines subsystem within 0.1 seconds!
[2021-05-25 18:01:05.080] INIT: Initialized Circuit subsystem within 0 seconds!
[2021-05-25 18:01:05.275] INIT: Initialized Atmos Adjacency subsystem within 0.2 seconds!
[2021-05-25 18:01:05.275] INIT: Initialized Autotransfer Vote subsystem within 0 seconds!
[2021-05-25 18:01:05.275] INIT: Initialized Chemistry subsystem within 0 seconds!
[2021-05-25 18:01:05.275] INIT: Initialized Status Effects subsystem within 0 seconds!
[2021-05-25 18:01:05.277] INIT: Initialized Weather subsystem within 0 seconds!
[2021-05-25 18:01:05.281] INIT: Initialized Disease subsystem within 0 seconds!
[2021-05-25 18:01:05.281] INIT: Initialized Item Spawners subsystem within 0 seconds!
[2021-05-25 18:01:05.281] INIT: Initialized Jukeboxes subsystem within 0 seconds!
[2021-05-25 18:01:05.282] INIT: Initialized Medals subsystem within 0 seconds!
[2021-05-25 18:01:06.043] INIT: Initialized Minimaps subsystem within 0.8 seconds!
[2021-05-25 18:01:06.043] INIT: Initialized Mob Spawners subsystem within 0 seconds!
[2021-05-25 18:01:06.044] INIT: Initialized Monster Wave subsystem within 0 seconds!
[2021-05-25 18:01:06.044] INIT: Initialized Day/Night Cycle subsystem within 0 seconds!
[2021-05-25 18:01:06.044] INIT: Initialized Night Shift subsystem within 0 seconds!
[2021-05-25 18:01:06.044] INIT: Initialized Parallax subsystem within 0 seconds!
[2021-05-25 18:01:06.044] INIT: Initialized Sun subsystem within 0 seconds!
[2021-05-25 18:01:06.449] INIT: Initialized Traumas subsystem within 0.4 seconds!
[2021-05-25 18:01:12.361] INIT: Initialized Atmospherics subsystem within 5.9 seconds!
[2021-05-25 18:01:19.926] INIT: Initialized Assets subsystem within 7.6 seconds!
[2021-05-25 18:01:24.406] INIT: Initialized Icon Smoothing subsystem within 4.5 seconds!
[2021-05-25 18:01:25.656] INIT: Initialized Overlay subsystem within 1.2 seconds!
[2021-05-25 18:01:25.656] INIT: Initialized XKeyScore subsystem within 0 seconds!
[2021-05-25 18:01:25.657] INIT: Initialized Sticky Ban subsystem within 0 seconds!
[2021-05-25 18:01:33.872] INIT: Initialized Lighting subsystem within 8.2 seconds!
[2021-05-25 18:01:36.549] INIT: Initialized Shuttle subsystem within 2.7 seconds!
[2021-05-25 18:01:40.862] INIT: Initialized Minor Mapping subsystem within 4.3 seconds!
[2021-05-25 18:01:40.864] INIT: Initialized Pathfinder subsystem within 0 seconds!
[2021-05-25 18:01:40.912] INIT: Initialized Persistence subsystem within 0.1 seconds!
[2021-05-25 18:01:40.914] INIT: Initialized Chat subsystem within 0 seconds!
