[2021-05-16 22:25:49.048] TGS Info: Activating API for version 3.2.6.2
[2021-05-16 22:25:49.059] runtime error: list index out of bounds
 - proc name: OnWorldNew (/datum/tgs_api/v3210/OnWorldNew)
 -   source file: api.dm,69
 -   usr: null
 -   src: /datum/tgs_api/v3210 (/datum/tgs_api/v3210)
 -   call stack:
 - /datum/tgs_api/v3210 (/datum/tgs_api/v3210): OnWorldNew(0)
 - world: TgsNew(/datum/tgs_event_handler/impl (/datum/tgs_event_handler/impl), 0)
 - world: InitTgs()
 - world: New()
 - 
[2021-05-16 22:25:49.060] TGS Error: Failed to activate API!
[2021-05-16 22:25:49.062] Running /tg/ revision: 
 - No commit information
[2021-05-16 22:25:49.076] Loading config file config.txt...
[2021-05-16 22:25:49.079] Loading config file game_options.txt...
[2021-05-16 22:25:49.089] Loading config file dbconfig.txt...
[2021-05-16 22:25:49.091] Loading config file comms.txt...
[2021-05-16 22:25:49.093] Loading config file antag_rep.txt...
[2021-05-16 22:25:49.094] Loading config file resources.txt...
[2021-05-16 22:25:49.095] Loading config file donator_groupings.txt...
[2021-05-16 22:25:49.097] Loading config file dynamic_config.txt...
[2021-05-16 22:25:49.108] Loading config file plushies/defines.txt...
[2021-05-16 22:25:49.109] Loading config file job_threats.txt...
[2021-05-16 22:25:49.110] Loading config file policy.txt...
[2021-05-16 22:25:49.116] Loading config file maps.txt...
[2021-05-16 22:25:49.126] Database connection established.
[2021-05-16 22:25:49.128] SQL: Could not get schema version from database
