[2021-05-16 22:25:49.136] Starting up round ID 12.
 - -------------------------
[2021-05-16 22:29:52.262] Luiz20 \ Luiz Borgos Primeiro \ Legion Centurion \ NONE \ LATEJOIN
[2021-05-16 22:29:52.667] SondTheAnime \ Courier \ Head Paladin \ NONE \ LATEJOIN
[2021-05-16 22:29:53.539] InicialPlayss \ Rayan Lindgrey \ Legion Explorer \ NONE \ LATEJOIN
[2021-05-16 22:29:54.350] Italos \ Josef Polson \ Enclave Lieutenant \ NONE \ LATEJOIN
[2021-05-16 22:29:57.696] GabrielDoomBR \ Baam Frest \ Enclave Sergant \ NONE \ LATEJOIN
[2021-05-16 22:29:57.803] Malocous \ Default Cyborg Name \ Cyborg \ NONE \ LATEJOIN
[2021-05-16 22:30:10.096] 2006F \ Milo Swabey \ Shopkeeper \ NONE \ LATEJOIN
[2021-05-16 22:30:11.889] Zero9e1 \ Fatima Noton \ Sheriff \ NONE \ LATEJOIN
[2021-05-16 22:30:15.092] Shirozinha \ Tio Osso \ Legion Venator \ NONE \ LATEJOIN
[2021-05-16 22:30:32.221] Harm Brade \ Tristen Jenner \ Outlaw \ NONE \ LATEJOIN
[2021-05-16 22:30:32.653] NizimGamer \ Nizin Veerriene \ Enclave Private \ NONE \ LATEJOIN
[2021-05-16 22:30:32.743] Luciam \ Sky \ Cyborg \ NONE \ LATEJOIN
[2021-05-16 22:30:38.725] Nickenzo12345 \ Clover Curry \ Followers Volunteer \ NONE \ LATEJOIN
[2021-05-16 22:31:14.671] Zircony \ Natasha Harding \ Wastelander \ NONE \ LATEJOIN
[2021-05-16 22:31:16.741] OvelhaCosmica \ Adam Alves \ Enclave Private \ NONE \ LATEJOIN
[2021-05-16 22:31:37.693] FidgetyBacchus \ Yuri Daruski \ Legion Vexillarius \ NONE \ LATEJOIN
[2021-05-16 22:32:37.913] Gatossj \ John Grave \ Wastelander \ NONE \ LATEJOIN
[2021-05-16 22:34:01.717] AlexAlbright \ Alex Magnus Primeiro \ Legion Veteran Decanus \ NONE \ LATEJOIN
[2021-05-16 22:34:22.874] Camadas \ Tom Tonnos \ Farmer \ NONE \ LATEJOIN
[2021-05-16 22:35:07.923] Baeiou \ Roderick Malkav \ Followers Doctor \ NONE \ LATEJOIN
[2021-05-16 22:37:22.526] luciam \ Sky \ Cyborg \ NONE \ LATEJOIN
[2021-05-16 22:37:36.328] SpookyPineapple \ Gabriel T. Kratos \ Shopkeeper \ NONE \ LATEJOIN
[2021-05-16 22:38:37.024] Eversonblr \ Caitlin Ackerley \ Head Scribe \ NONE \ LATEJOIN
[2021-05-16 22:38:56.500] luciam \ Sky \ Cyborg \ NONE \ LATEJOIN
[2021-05-16 22:42:06.381] brunoasbahr \ Montagne Marshall \ Hunter \ NONE \ LATEJOIN
[2021-05-16 22:45:09.069] luciam \ Sky \ Cyborg \ NONE \ LATEJOIN
[2021-05-16 22:46:52.826] luciam \ Luciam D'Luker \ Hunter \ NONE \ LATEJOIN
[2021-05-16 22:50:36.583] JohonasMexicanjo \ Maximus Wolfe \ Legion Explorer \ NONE \ LATEJOIN
[2021-05-16 22:51:29.517] camadas \ Terry Stahl \ Followers Volunteer \ NONE \ LATEJOIN
[2021-05-16 22:54:31.184] shirozinha \ Joseph Joestar \ Legion Slave \ NONE \ LATEJOIN
[2021-05-16 22:54:42.131] camadas \ Terry Stahl \ Prospector \ NONE \ LATEJOIN
[2021-05-16 22:55:46.128] shirozinha \ Braylon Dean \ Legion Prime Decanus \ NONE \ LATEJOIN
[2021-05-16 22:57:21.790] 2006f \ Bryce Rathens \ Head Hunter \ NONE \ LATEJOIN
[2021-05-16 22:58:03.019] 2006f \ Henry Warren \ Prime Legionary \ NONE \ LATEJOIN
[2021-05-16 23:00:29.706] Corvopimpolho \ Shaun Richter \ Outlaw \ NONE \ LATEJOIN
[2021-05-16 23:02:04.411] harmbrade \ Kale Glover \ Prime Legionary \ NONE \ LATEJOIN
[2021-05-16 23:06:40.667] brunoasbahr \ Montgane Jorshall \ Wastelander \ NONE \ LATEJOIN
[2021-05-16 23:08:39.550] malocous \ Mondreu Ken \ NCR Trooper \ NONE \ LATEJOIN
[2021-05-16 23:08:50.141] Coffee_MasterOri \ Nickolas Priebe \ Outlaw \ NONE \ LATEJOIN
[2021-05-16 23:10:24.989] SpookyPineapple \ Caixeta Junior \ Detective \ NONE \ LATEJOIN
[2021-05-16 23:10:58.725] kaduh \ Tim Miller \ Wastelander \ NONE \ LATEJOIN
[2021-05-16 23:20:26.223] JP0809 \ Jon Doe \ Enclave Private \ NONE \ LATEJOIN
[2021-05-16 23:23:46.028] eversonblr \ Miguel Hastings \ Star Knight \ NONE \ LATEJOIN
[2021-05-16 23:23:56.734] zero9e1 \ Jack \ Shaman \ NONE \ LATEJOIN
[2021-05-16 23:32:24.538] DropShip27 \ Eliza Otis \ Outlaw \ NONE \ LATEJOIN
[2021-05-16 23:36:00.993] 2006f \ Fitz Best \ Outlaw \ NONE \ LATEJOIN
[2021-05-16 23:37:32.042] luciam \ Dav Jones \ Recruit Legionary \ NONE \ LATEJOIN
[2021-05-16 23:42:59.854] N0fun \ Shantae Brindle \ Head Knight \ NONE \ LATEJOIN
[2021-05-16 23:51:50.454] Comicao1 \ Bashar Al-Assad \ Wastelander \ NONE \ LATEJOIN
[2021-05-17 00:02:18.349] comicao1 \ Andrew McShain \ Outlaw \ NONE \ LATEJOIN
[2021-05-17 00:20:45.929] 2006F \ Nick Prechtl \ Star Paladin \ NONE \ LATEJOIN
[2021-05-17 00:21:35.056] comicao1 \ Arturo Stainforth \ Veteran Legionary \ NONE \ LATEJOIN
[2021-05-17 00:25:12.790] Grauber_Games \ Joel Gensen \ NCR Ranger \ NONE \ LATEJOIN
[2021-05-17 00:26:56.923] alexalbright \ Alex Magunus Segundo \ Veteran Legionary \ NONE \ LATEJOIN
[2021-05-17 00:26:57.964] Aert \ Keziah Wright \ NCR Trooper \ NONE \ LATEJOIN
[2021-05-17 00:30:52.572] DrCortexxx \ Erick Holdeman \ Wastelander \ NONE \ LATEJOIN
[2021-05-17 00:36:24.621] comicao1 \ Milton Ewing \ Outlaw \ NONE \ LATEJOIN
[2021-05-17 00:44:21.253] graubergames \ Joshua Davidson \ Outlaw \ NONE \ LATEJOIN
[2021-05-17 00:59:27.983] zero9e1 \ Paris Winton \ Wastelander \ NONE \ LATEJOIN
[2021-05-17 01:01:30.066] luciam \ Carl Briggs \ Legion Recruit Decanus \ NONE \ LATEJOIN
[2021-05-17 01:04:04.836] Guizog \ Bob Merlin \ Outlaw \ NONE \ LATEJOIN
[2021-05-17 01:08:02.089] zero9e1 \ Han Whiteman \ Wastelander \ NONE \ LATEJOIN
[2021-05-17 01:09:48.790] shirozinha \ Alexis Hill \ Legion Orator \ NONE \ LATEJOIN
[2021-05-17 01:10:51.321] alexalbright \ Eliott Briggs \ Recruit Legionary \ NONE \ LATEJOIN
[2021-05-17 01:12:26.262] alexalbright \ Raul Pearsall \ Prime Legionary \ NONE \ LATEJOIN
[2021-05-17 01:12:44.014] Shirozinha \ Carson Swarner \ Legion Slave \ NONE \ LATEJOIN
[2021-05-17 01:13:36.495] zero9e1 \ Armando Marshall \ Outlaw \ NONE \ LATEJOIN
[2021-05-17 01:13:59.344] alexalbright \ Carson Staymates \ Recruit Legionary \ NONE \ LATEJOIN
[2021-05-17 01:15:21.677] alexalbright \ Donny Marcotte \ Veteran Legionary \ NONE \ LATEJOIN
[2021-05-17 01:15:31.422] shirozinha \ Carly Semenov \ NCR Sergeant First Class \ NONE \ LATEJOIN
[2021-05-17 01:24:23.478] luiz20 \ Luiz Borgos Segundo \ Outlaw \ NONE \ LATEJOIN
[2021-05-17 01:24:43.711] fidgetybacchus \ Yun-Seo Kierst \ Paladin \ NONE \ LATEJOIN
[2021-05-17 01:29:37.582] zero9e1 \ Zack \ Outlaw \ NONE \ LATEJOIN
[2021-05-17 01:31:35.712] dantethanatos \ Dr Oswald Casket \ Knight \ NONE \ LATEJOIN
