[2021-05-16 22:25:49.141] Starting up round ID 12.
 - -------------------------
[2021-05-16 22:25:50.344] INIT: Initialized Profiler subsystem within 0 seconds!
[2021-05-16 22:25:50.513] Fail2Topic: Failed to drop firewall rule. Exit code: 1.
[2021-05-16 22:25:50.514] INIT: Initialized Fail2Topic subsystem within 0.2 seconds!
[2021-05-16 22:25:50.561] INIT: Initialized Title Screen subsystem within 0 seconds!
[2021-05-16 22:25:50.562] INIT: Initialized Database subsystem within 0 seconds!
[2021-05-16 22:25:50.562] INIT: Initialized Stat Panels subsystem within 0 seconds!
[2021-05-16 22:25:50.562] INIT: Initialized Blackbox subsystem within 0 seconds!
[2021-05-16 22:25:50.564] INIT: Initialized Server Tasks subsystem within 0 seconds!
[2021-05-16 22:25:50.565] INIT: Initialized Input subsystem within 0 seconds!
[2021-05-16 22:25:50.567] INIT: Initialized Sounds subsystem within 0 seconds!
[2021-05-16 22:25:50.567] INIT: Initialized Vis contents overlays subsystem within 0 seconds!
[2021-05-16 22:25:50.632] INIT: Initialized Research subsystem within 0.1 seconds!
[2021-05-16 22:25:50.634] INIT: Initialized Events subsystem within 0 seconds!
[2021-05-16 22:25:50.640] INIT: Initialized Jobs subsystem within 0 seconds!
[2021-05-16 22:25:50.643] INIT: Initialized Quirks subsystem within 0 seconds!
[2021-05-16 22:25:50.660] INIT: Initialized Ticker subsystem within 0 seconds!
[2021-05-16 22:25:50.682] INIT: Initialized Instruments subsystem within 0 seconds!
[2021-05-16 22:26:09.519] INIT: Initialized Mapping subsystem within 18.9 seconds!
[2021-05-16 22:26:09.519] INIT: Initialized Economy subsystem within 0 seconds!
[2021-05-16 22:26:09.522] INIT: Initialized Networks subsystem within 0 seconds!
[2021-05-16 22:26:09.522] INIT: Initialized Holodeck subsystem within 0 seconds!
[2021-05-16 22:26:57.274] INIT: Initialized Atoms subsystem within 47.7 seconds!
[2021-05-16 22:26:57.296] INIT: Initialized Language subsystem within 0 seconds!
[2021-05-16 22:26:57.324] INIT: Initialized Machines subsystem within 0.1 seconds!
[2021-05-16 22:26:57.415] INIT: Initialized Circuit subsystem within 0.1 seconds!
[2021-05-16 22:26:57.689] INIT: Initialized Atmos Adjacency subsystem within 0.2 seconds!
[2021-05-16 22:26:57.690] INIT: Initialized Autotransfer Vote subsystem within 0 seconds!
[2021-05-16 22:26:57.690] INIT: Initialized Chemistry subsystem within 0 seconds!
[2021-05-16 22:26:57.691] INIT: Initialized Status Effects subsystem within 0 seconds!
[2021-05-16 22:26:57.693] INIT: Initialized Weather subsystem within 0 seconds!
[2021-05-16 22:26:57.699] INIT: Initialized Disease subsystem within 0 seconds!
[2021-05-16 22:26:57.701] INIT: Initialized Item Spawners subsystem within 0 seconds!
[2021-05-16 22:26:57.701] INIT: Initialized Jukeboxes subsystem within 0 seconds!
[2021-05-16 22:26:57.702] INIT: Initialized Medals subsystem within 0 seconds!
[2021-05-16 22:26:58.829] INIT: Initialized Minimaps subsystem within 1.1 seconds!
[2021-05-16 22:26:58.885] INIT: Initialized Mob Spawners subsystem within 0 seconds!
[2021-05-16 22:26:58.885] INIT: Initialized Monster Wave subsystem within 0 seconds!
[2021-05-16 22:26:58.886] INIT: Initialized Day/Night Cycle subsystem within 0 seconds!
[2021-05-16 22:26:58.886] INIT: Initialized Night Shift subsystem within 0 seconds!
[2021-05-16 22:26:58.887] INIT: Initialized Parallax subsystem within 0 seconds!
[2021-05-16 22:26:58.888] INIT: Initialized Sun subsystem within 0 seconds!
[2021-05-16 22:26:59.298] INIT: Initialized Traumas subsystem within 0.4 seconds!
[2021-05-16 22:27:07.214] INIT: Initialized Atmospherics subsystem within 7.9 seconds!
[2021-05-16 22:27:16.409] INIT: Initialized Assets subsystem within 9.2 seconds!
[2021-05-16 22:27:22.485] INIT: Initialized Icon Smoothing subsystem within 5.5 seconds!
[2021-05-16 22:27:23.840] INIT: Initialized Overlay subsystem within 1.4 seconds!
[2021-05-16 22:27:23.841] INIT: Initialized XKeyScore subsystem within 0 seconds!
[2021-05-16 22:27:23.921] INIT: Initialized Sticky Ban subsystem within 0.1 seconds!
[2021-05-16 22:27:34.407] INIT: Initialized Lighting subsystem within 10.5 seconds!
[2021-05-16 22:27:37.890] INIT: Initialized Shuttle subsystem within 3.4 seconds!
[2021-05-16 22:27:44.342] INIT: Initialized Minor Mapping subsystem within 6.5 seconds!
[2021-05-16 22:27:44.345] INIT: Initialized Pathfinder subsystem within 0 seconds!
[2021-05-16 22:27:44.407] INIT: Initialized Persistence subsystem within 0.1 seconds!
[2021-05-16 22:27:44.407] INIT: Initialized Chat subsystem within 0 seconds!
