[2021-05-15 23:44:59.059] TGS Info: Activating API for version 3.2.6.2
[2021-05-15 23:44:59.069] runtime error: list index out of bounds
 - proc name: OnWorldNew (/datum/tgs_api/v3210/OnWorldNew)
 -   source file: api.dm,69
 -   usr: null
 -   src: /datum/tgs_api/v3210 (/datum/tgs_api/v3210)
 -   call stack:
 - /datum/tgs_api/v3210 (/datum/tgs_api/v3210): OnWorldNew(0)
 - world: TgsNew(/datum/tgs_event_handler/impl (/datum/tgs_event_handler/impl), 0)
 - world: InitTgs()
 - world: New()
 - 
[2021-05-15 23:44:59.069] TGS Error: Failed to activate API!
[2021-05-15 23:44:59.072] Running /tg/ revision: 
 - No commit information
[2021-05-15 23:44:59.087] Loading config file config.txt...
[2021-05-15 23:44:59.089] Loading config file game_options.txt...
[2021-05-15 23:44:59.099] Loading config file dbconfig.txt...
[2021-05-15 23:44:59.101] Loading config file comms.txt...
[2021-05-15 23:44:59.102] Loading config file antag_rep.txt...
[2021-05-15 23:44:59.103] Loading config file resources.txt...
[2021-05-15 23:44:59.104] Loading config file donator_groupings.txt...
[2021-05-15 23:44:59.105] Loading config file dynamic_config.txt...
[2021-05-15 23:44:59.115] Loading config file plushies/defines.txt...
[2021-05-15 23:44:59.116] Loading config file job_threats.txt...
[2021-05-15 23:44:59.117] Loading config file policy.txt...
[2021-05-15 23:44:59.122] Loading config file maps.txt...
[2021-05-15 23:44:59.130] Database connection established.
[2021-05-15 23:44:59.132] SQL: Could not get schema version from database
