[2021-05-25 21:24:45.309] Starting up round ID 39.
 - -------------------------
[2021-05-25 21:28:52.045] ATTACK: *no key*/(mother deathclaw) has attacked *no key*/(molerat) (NEWHP: 25)  (Bunker (18, 118, 3))
[2021-05-25 21:28:53.651] ATTACK: *no key*/(young cazador) has attacked *no key*/(legendary super mutant) (NEWHP: 950)  (Bunker (62, 234, 4))
[2021-05-25 21:28:53.653] ATTACK: *no key*/(cazador) has attacked *no key*/(legendary super mutant) (NEWHP: 950)  (Bunker (61, 233, 4))
[2021-05-25 21:28:53.654] ATTACK: *no key*/(legendary super mutant) has attacked *no key*/(young cazador) (NEWHP: 40)  (Bunker (62, 233, 4))
[2021-05-25 21:28:53.671] ATTACK: *no key*/(cazador) has attacked *no key*/(legendary super mutant) (NEWHP: 930)  (Bunker (61, 232, 4))
[2021-05-25 21:28:53.676] ATTACK: *no key*/(molerat) has attacked *no key*/(deathclaw) (NEWHP: 750)  (Tunnel (26, 120, 3))
[2021-05-25 21:28:53.679] ATTACK: *no key*/(deathclaw) has attacked *no key*/(molerat) (NEWHP: 25)  (Tunnel (25, 120, 3))
[2021-05-25 21:28:55.226] ATTACK: *no key*/(cazador) has attacked *no key*/(legendary super mutant) (NEWHP: 910)  (Bunker (63, 234, 4))
[2021-05-25 21:28:55.229] ATTACK: *no key*/(young cazador) has attacked *no key*/(legendary super mutant) (NEWHP: 890)  (Bunker (61, 234, 4))
[2021-05-25 21:28:55.231] ATTACK: *no key*/(young cazador) has attacked *no key*/(legendary super mutant) (NEWHP: 890)  (Bunker (62, 234, 4))
[2021-05-25 21:28:55.233] ATTACK: *no key*/(cazador) has attacked *no key*/(legendary super mutant) (NEWHP: 890)  (Bunker (61, 233, 4))
[2021-05-25 21:28:55.234] ATTACK: *no key*/(legendary super mutant) has attacked *no key*/(cazador) (NEWHP: 40)  (Bunker (62, 233, 4))
[2021-05-25 21:28:57.320] ATTACK: *no key*/(cazador) has attacked *no key*/(legendary super mutant) (NEWHP: 870)  (Bunker (63, 234, 4))
[2021-05-25 21:28:57.322] ATTACK: *no key*/(young cazador) has attacked *no key*/(legendary super mutant) (NEWHP: 850)  (Bunker (61, 234, 4))
[2021-05-25 21:28:57.323] ATTACK: *no key*/(young cazador) has attacked *no key*/(legendary super mutant) (NEWHP: 850)  (Bunker (62, 234, 4))
[2021-05-25 21:28:57.325] ATTACK: *no key*/(cazador) has attacked *no key*/(legendary super mutant) (NEWHP: 850)  (Bunker (61, 233, 4))
[2021-05-25 21:28:59.411] ATTACK: *no key*/(cazador) has attacked *no key*/(legendary super mutant) (NEWHP: 830)  (Bunker (63, 234, 4))
[2021-05-25 21:28:59.414] ATTACK: *no key*/(young cazador) has attacked *no key*/(legendary super mutant) (NEWHP: 810)  (Bunker (61, 234, 4))
[2021-05-25 21:28:59.416] ATTACK: *no key*/(young cazador) has attacked *no key*/(legendary super mutant) (NEWHP: 810)  (Bunker (62, 234, 4))
[2021-05-25 21:28:59.417] ATTACK: *no key*/(cazador) has attacked *no key*/(legendary super mutant) (NEWHP: 810)  (Bunker (61, 233, 4))
[2021-05-25 21:28:59.421] ATTACK: *no key*/(legendary super mutant) has attacked *no key*/(cazador) (NEWHP: 40)  (Bunker (62, 233, 4))
[2021-05-25 21:29:01.503] ATTACK: *no key*/(cazador) has attacked *no key*/(legendary super mutant) (NEWHP: 790)  (Bunker (63, 234, 4))
[2021-05-25 21:29:01.505] ATTACK: *no key*/(young cazador) has attacked *no key*/(legendary super mutant) (NEWHP: 770)  (Bunker (61, 234, 4))
[2021-05-25 21:29:01.507] ATTACK: *no key*/(young cazador) has attacked *no key*/(legendary super mutant) (NEWHP: 770)  (Bunker (62, 234, 4))
[2021-05-25 21:29:03.594] ATTACK: *no key*/(cazador) has attacked *no key*/(legendary super mutant) (NEWHP: 770)  (Bunker (63, 234, 4))
[2021-05-25 21:29:03.597] ATTACK: *no key*/(young cazador) has attacked *no key*/(legendary super mutant) (NEWHP: 750)  (Bunker (61, 234, 4))
[2021-05-25 21:29:03.599] ATTACK: *no key*/(young cazador) has attacked *no key*/(legendary super mutant) (NEWHP: 750)  (Bunker (62, 234, 4))
[2021-05-25 21:29:03.601] ATTACK: *no key*/(legendary super mutant) has attacked *no key*/(young cazador) (NEWHP: 40)  (Bunker (62, 233, 4))
[2021-05-25 21:29:05.650] ATTACK: *no key*/(cazador) has attacked *no key*/(legendary super mutant) (NEWHP: 750)  (Bunker (63, 234, 4))
[2021-05-25 21:29:05.653] ATTACK: *no key*/(young cazador) has attacked *no key*/(legendary super mutant) (NEWHP: 730)  (Bunker (61, 234, 4))
[2021-05-25 21:29:05.655] ATTACK: *no key*/(legendary super mutant) has attacked *no key*/(cazador) (NEWHP: 40)  (Bunker (62, 233, 4))
[2021-05-25 21:29:07.706] ATTACK: *no key*/(young cazador) has attacked *no key*/(legendary super mutant) (NEWHP: 730)  (Bunker (61, 234, 4))
[2021-05-25 21:29:09.754] ATTACK: *no key*/(young cazador) has attacked *no key*/(legendary super mutant) (NEWHP: 730)  (Bunker (61, 234, 4))
[2021-05-25 21:29:11.810] ATTACK: *no key*/(young cazador) has attacked *no key*/(legendary super mutant) (NEWHP: 730)  (Bunker (60, 234, 4))
[2021-05-25 21:29:13.902] ATTACK: *no key*/(young cazador) has attacked *no key*/(legendary super mutant) (NEWHP: 730)  (Bunker (60, 234, 4))
[2021-05-25 21:29:13.907] ATTACK: *no key*/(cazador) has attacked *no key*/(legendary super mutant) (NEWHP: 730)  (Bunker (58, 233, 4))
