[2021-05-25 21:24:45.309] Starting up round ID 39.
 - -------------------------
[2021-05-25 21:26:29.712] HREF: Kosolov325 (usr:Kosolov325[(180,247,1)]) : tgui=1&window_id=browseroutput&type=ready
[2021-05-25 21:26:30.015] HREF: Kosolov325 (usr:Kosolov325[(180,247,1)]) : tgui=1&window_id=browseroutput&type=ping&payload=%7B%22index%22%3A0%7D
[2021-05-25 21:26:30.090] HREF: Kosolov325 (usr:Kosolov325[(180,247,1)]) : 
[2021-05-25 21:26:30.090] HREF: Kosolov325 (usr:Kosolov325[(180,247,1)]) : 
[2021-05-25 21:26:31.329] HREF: Kosolov325 (usr:Kosolov325[(180,247,1)]) : tgui=1&window_id=browseroutput&type=telemetry&payload=%7B%22connections%22%3A%5B%7B%22ckey%22%3A%22kosolov325%22%2C%22address%22%3A%22187.19.213.74%22%2C%22computer_id%22%3A%22540227776%22%7D%2C%7B%22ckey%22%3A%22kosolov325%22%2C%22address%22%3A%22187.19.213.50%22%2C%22computer_id%22%3A%22540227776%22%7D%2C%7B%22ckey%22%3A%22kosolov325%22%2C%22address%22%3A%22187.19.213.146%22%2C%22computer_id%22%3A%22540227776%22%7D%2C%7B%22ckey%22%3A%22kosolov325%22%2C%22address%22%3A%22187.19.213.2%22%2C%22computer_id%22%3A%22540227776%22%7D%2C%7B%22ckey%22%3A%22kosolov325%22%2C%22address%22%3A%22187.19.213.170%22%2C%22computer_id%22%3A%22540227776%22%7D%5D%7D
[2021-05-25 21:26:31.902] HREF: Kosolov325 (usr:Kosolov325[(180,247,1)]) : asset_cache_preload_data=%7B%22tgui-common.chunk.js%22%3A%22e3cc0789f56d9f18bdf66307c4008b40%22%2C%22tgui-panel.bundle.js%22%3A%229faa9bf7e314ef05529e6a4a8785af54%22%2C%22tgui-panel.bundle.css%22%3A%22c3ff98002b61d02d18f71f2a310a654d%22%7D
[2021-05-25 21:26:32.528] HREF: Kosolov325 (usr:Kosolov325[(180,247,1)]) : tgui=1&window_id=browseroutput&type=ping&payload=%7B%22index%22%3A1%7D
[2021-05-25 21:26:35.030] HREF: Kosolov325 (usr:Kosolov325[(180,247,1)]) : tgui=1&window_id=browseroutput&type=ping&payload=%7B%22index%22%3A2%7D
[2021-05-25 21:26:37.543] HREF: Kosolov325 (usr:Kosolov325[(180,247,1)]) : tgui=1&window_id=browseroutput&type=ping&payload=%7B%22index%22%3A3%7D
[2021-05-25 21:26:40.069] HREF: Kosolov325 (usr:Kosolov325[(180,247,1)]) : tgui=1&window_id=browseroutput&type=ping&payload=%7B%22index%22%3A4%7D
[2021-05-25 21:26:42.573] HREF: Kosolov325 (usr:Kosolov325[(180,247,1)]) : tgui=1&window_id=browseroutput&type=ping&payload=%7B%22index%22%3A5%7D
[2021-05-25 21:26:45.084] HREF: Kosolov325 (usr:Kosolov325[(180,247,1)]) : tgui=1&window_id=browseroutput&type=ping&payload=%7B%22index%22%3A6%7D
[2021-05-25 21:26:47.588] HREF: Kosolov325 (usr:Kosolov325[(180,247,1)]) : tgui=1&window_id=browseroutput&type=ping&payload=%7B%22index%22%3A7%7D
[2021-05-25 21:26:50.094] HREF: Kosolov325 (usr:Kosolov325[(180,247,1)]) : tgui=1&window_id=browseroutput&type=ping&payload=%7B%22index%22%3A0%7D
[2021-05-25 21:26:52.597] HREF: Kosolov325 (usr:Kosolov325[(180,247,1)]) : tgui=1&window_id=browseroutput&type=ping&payload=%7B%22index%22%3A1%7D
[2021-05-25 21:26:55.111] HREF: Kosolov325 (usr:Kosolov325[(180,247,1)]) : tgui=1&window_id=browseroutput&type=ping&payload=%7B%22index%22%3A2%7D
[2021-05-25 21:26:57.582] HREF: Kosolov325 (usr:Kosolov325[(180,247,1)]) : tgui=1&window_id=browseroutput&type=ping&payload=%7B%22index%22%3A3%7D
[2021-05-25 21:27:00.095] HREF: Kosolov325 (usr:Kosolov325[(180,247,1)]) : tgui=1&window_id=browseroutput&type=ping&payload=%7B%22index%22%3A4%7D
[2021-05-25 21:27:02.614] HREF: Kosolov325 (usr:Kosolov325[(180,247,1)]) : tgui=1&window_id=browseroutput&type=ping&payload=%7B%22index%22%3A5%7D
[2021-05-25 21:27:05.161] HREF: Kosolov325 (usr:Kosolov325[(180,247,1)]) : tgui=1&window_id=browseroutput&type=ping&payload=%7B%22index%22%3A6%7D
[2021-05-25 21:27:07.646] HREF: Kosolov325 (usr:Kosolov325[(180,247,1)]) : tgui=1&window_id=browseroutput&type=ping&payload=%7B%22index%22%3A7%7D
[2021-05-25 21:27:10.172] HREF: Kosolov325 (usr:Kosolov325[(180,247,1)]) : tgui=1&window_id=browseroutput&type=ping&payload=%7B%22index%22%3A0%7D
[2021-05-25 21:27:12.657] HREF: Kosolov325 (usr:Kosolov325[(180,247,1)]) : tgui=1&window_id=browseroutput&type=ping&payload=%7B%22index%22%3A1%7D
[2021-05-25 21:27:15.156] HREF: Kosolov325 (usr:Kosolov325[(180,247,1)]) : tgui=1&window_id=browseroutput&type=ping&payload=%7B%22index%22%3A2%7D
[2021-05-25 21:27:17.694] HREF: Kosolov325 (usr:Kosolov325[(180,247,1)]) : tgui=1&window_id=browseroutput&type=ping&payload=%7B%22index%22%3A3%7D
[2021-05-25 21:27:20.215] HREF: Kosolov325 (usr:Kosolov325[(180,247,1)]) : tgui=1&window_id=browseroutput&type=ping&payload=%7B%22index%22%3A4%7D
[2021-05-25 21:27:22.726] HREF: Kosolov325 (usr:Kosolov325[(180,247,1)]) : tgui=1&window_id=browseroutput&type=ping&payload=%7B%22index%22%3A5%7D
[2021-05-25 21:27:25.231] HREF: Kosolov325 (usr:Kosolov325[(180,247,1)]) : tgui=1&window_id=browseroutput&type=ping&payload=%7B%22index%22%3A6%7D
[2021-05-25 21:27:27.732] HREF: Kosolov325 (usr:Kosolov325[(180,247,1)]) : tgui=1&window_id=browseroutput&type=ping&payload=%7B%22index%22%3A7%7D
[2021-05-25 21:27:30.242] HREF: Kosolov325 (usr:Kosolov325[(180,247,1)]) : tgui=1&window_id=browseroutput&type=ping&payload=%7B%22index%22%3A0%7D
[2021-05-25 21:27:32.754] HREF: Kosolov325 (usr:Kosolov325[(180,247,1)]) : tgui=1&window_id=browseroutput&type=ping&payload=%7B%22index%22%3A1%7D
[2021-05-25 21:27:35.289] HREF: Kosolov325 (usr:Kosolov325[(180,247,1)]) : tgui=1&window_id=browseroutput&type=ping&payload=%7B%22index%22%3A2%7D
[2021-05-25 21:27:37.790] HREF: Kosolov325 (usr:Kosolov325[(180,247,1)]) : tgui=1&window_id=browseroutput&type=ping&payload=%7B%22index%22%3A3%7D
[2021-05-25 21:27:40.295] HREF: Kosolov325 (usr:Kosolov325[(180,247,1)]) : tgui=1&window_id=browseroutput&type=ping&payload=%7B%22index%22%3A4%7D
[2021-05-25 21:27:42.834] HREF: Kosolov325 (usr:Kosolov325[(180,247,1)]) : tgui=1&window_id=browseroutput&type=ping&payload=%7B%22index%22%3A5%7D
[2021-05-25 21:27:45.341] HREF: Kosolov325 (usr:Kosolov325[(180,247,1)]) : tgui=1&window_id=browseroutput&type=ping&payload=%7B%22index%22%3A6%7D
[2021-05-25 21:27:47.852] HREF: Kosolov325 (usr:Kosolov325[(180,247,1)]) : tgui=1&window_id=browseroutput&type=ping&payload=%7B%22index%22%3A7%7D
[2021-05-25 21:27:50.357] HREF: Kosolov325 (usr:Kosolov325[(180,247,1)]) : tgui=1&window_id=browseroutput&type=ping&payload=%7B%22index%22%3A0%7D
[2021-05-25 21:27:52.856] HREF: Kosolov325 (usr:Kosolov325[(180,247,1)]) : tgui=1&window_id=browseroutput&type=ping&payload=%7B%22index%22%3A1%7D
[2021-05-25 21:27:55.362] HREF: Kosolov325 (usr:Kosolov325[(180,247,1)]) : tgui=1&window_id=browseroutput&type=ping&payload=%7B%22index%22%3A2%7D
[2021-05-25 21:27:57.857] HREF: Kosolov325 (usr:Kosolov325[(180,247,1)]) : tgui=1&window_id=browseroutput&type=ping&payload=%7B%22index%22%3A3%7D
[2021-05-25 21:28:00.381] HREF: Kosolov325 (usr:Kosolov325[(180,247,1)]) : tgui=1&window_id=browseroutput&type=ping&payload=%7B%22index%22%3A4%7D
[2021-05-25 21:28:02.901] HREF: Kosolov325 (usr:Kosolov325[(180,247,1)]) : tgui=1&window_id=browseroutput&type=ping&payload=%7B%22index%22%3A5%7D
[2021-05-25 21:28:05.415] HREF: Kosolov325 (usr:Kosolov325[(180,247,1)]) : tgui=1&window_id=browseroutput&type=ping&payload=%7B%22index%22%3A6%7D
[2021-05-25 21:28:07.935] HREF: Kosolov325 (usr:Kosolov325[(180,247,1)]) : tgui=1&window_id=browseroutput&type=ping&payload=%7B%22index%22%3A7%7D
[2021-05-25 21:28:10.440] HREF: Kosolov325 (usr:Kosolov325[(180,247,1)]) : tgui=1&window_id=browseroutput&type=ping&payload=%7B%22index%22%3A0%7D
[2021-05-25 21:28:12.938] HREF: Kosolov325 (usr:Kosolov325[(180,247,1)]) : tgui=1&window_id=browseroutput&type=ping&payload=%7B%22index%22%3A1%7D
[2021-05-25 21:28:15.444] HREF: Kosolov325 (usr:Kosolov325[(180,247,1)]) : tgui=1&window_id=browseroutput&type=ping&payload=%7B%22index%22%3A2%7D
[2021-05-25 21:28:17.943] HREF: Kosolov325 (usr:Kosolov325[(180,247,1)]) : tgui=1&window_id=browseroutput&type=ping&payload=%7B%22index%22%3A3%7D
[2021-05-25 21:28:20.456] HREF: Kosolov325 (usr:Kosolov325[(180,247,1)]) : tgui=1&window_id=browseroutput&type=ping&payload=%7B%22index%22%3A4%7D
[2021-05-25 21:28:22.951] HREF: Kosolov325 (usr:Kosolov325[(180,247,1)]) : tgui=1&window_id=browseroutput&type=ping&payload=%7B%22index%22%3A5%7D
[2021-05-25 21:28:25.486] HREF: Kosolov325 (usr:Kosolov325[(180,247,1)]) : tgui=1&window_id=browseroutput&type=ping&payload=%7B%22index%22%3A6%7D
[2021-05-25 21:28:27.982] HREF: Kosolov325 (usr:Kosolov325[(180,247,1)]) : tgui=1&window_id=browseroutput&type=ping&payload=%7B%22index%22%3A7%7D
[2021-05-25 21:28:30.502] HREF: Kosolov325 (usr:Kosolov325[(180,247,1)]) : tgui=1&window_id=browseroutput&type=ping&payload=%7B%22index%22%3A0%7D
[2021-05-25 21:28:33.036] HREF: Kosolov325 (usr:Kosolov325[(180,247,1)]) : tgui=1&window_id=browseroutput&type=ping&payload=%7B%22index%22%3A1%7D
[2021-05-25 21:28:35.530] HREF: Kosolov325 (usr:Kosolov325[(180,247,1)]) : tgui=1&window_id=browseroutput&type=ping&payload=%7B%22index%22%3A2%7D
[2021-05-25 21:28:38.046] HREF: Kosolov325 (usr:Kosolov325[(180,247,1)]) : tgui=1&window_id=browseroutput&type=ping&payload=%7B%22index%22%3A3%7D
[2021-05-25 21:28:40.562] HREF: Kosolov325 (usr:Kosolov325[(180,247,1)]) : tgui=1&window_id=browseroutput&type=ping&payload=%7B%22index%22%3A4%7D
[2021-05-25 21:28:43.109] HREF: Kosolov325 (usr:Kosolov325[(180,247,1)]) : tgui=1&window_id=browseroutput&type=ping&payload=%7B%22index%22%3A5%7D
[2021-05-25 21:28:45.616] HREF: Kosolov325 (usr:Kosolov325[(180,247,1)]) : tgui=1&window_id=browseroutput&type=ping&payload=%7B%22index%22%3A6%7D
[2021-05-25 21:28:48.107] HREF: Kosolov325 (usr:Kosolov325[(180,247,1)]) : tgui=1&window_id=browseroutput&type=ping&payload=%7B%22index%22%3A7%7D
[2021-05-25 21:28:50.632] HREF: Kosolov325 (usr:Kosolov325[(180,247,1)]) : tgui=1&window_id=browseroutput&type=ping&payload=%7B%22index%22%3A0%7D
[2021-05-25 21:28:53.128] HREF: Kosolov325 (usr:Kosolov325[(180,247,1)]) : tgui=1&window_id=browseroutput&type=ping&payload=%7B%22index%22%3A1%7D
[2021-05-25 21:28:55.612] HREF: Kosolov325 (usr:Kosolov325[(180,247,1)]) : tgui=1&window_id=browseroutput&type=ping&payload=%7B%22index%22%3A2%7D
[2021-05-25 21:28:58.104] HREF: Kosolov325 (usr:Kosolov325[(180,247,1)]) : tgui=1&window_id=browseroutput&type=ping&payload=%7B%22index%22%3A3%7D
[2021-05-25 21:29:00.612] HREF: Kosolov325 (usr:Kosolov325[(180,247,1)]) : tgui=1&window_id=browseroutput&type=ping&payload=%7B%22index%22%3A4%7D
[2021-05-25 21:29:03.141] HREF: Kosolov325 (usr:Kosolov325[(180,247,1)]) : tgui=1&window_id=browseroutput&type=ping&payload=%7B%22index%22%3A5%7D
[2021-05-25 21:29:05.609] HREF: Kosolov325 (usr:Kosolov325[(180,247,1)]) : tgui=1&window_id=browseroutput&type=ping&payload=%7B%22index%22%3A6%7D
[2021-05-25 21:29:08.113] HREF: Kosolov325 (usr:Kosolov325[(180,247,1)]) : tgui=1&window_id=browseroutput&type=ping&payload=%7B%22index%22%3A7%7D
[2021-05-25 21:29:10.624] HREF: Kosolov325 (usr:Kosolov325[(180,247,1)]) : tgui=1&window_id=browseroutput&type=ping&payload=%7B%22index%22%3A0%7D
[2021-05-25 21:29:13.151] HREF: Kosolov325 (usr:Kosolov325[(180,247,1)]) : tgui=1&window_id=browseroutput&type=ping&payload=%7B%22index%22%3A1%7D
[2021-05-25 21:29:15.698] HREF: Kosolov325 (usr:Kosolov325[(180,247,1)]) : tgui=1&window_id=browseroutput&type=ping&payload=%7B%22index%22%3A2%7D
