[2021-05-25 21:24:45.309] Starting up round ID 39.
 - -------------------------
[2021-05-25 21:24:45.311] Running /tg/ revision: 2021-05-25
 - origin/master: 2a55ea0b0d891d1b30b295f484b98b2be5f73928
[2021-05-25 21:24:46.408] Loading Yuma...
[2021-05-25 21:24:51.546] Loaded Wasteland in 5.1s!
[2021-05-25 21:24:53.282] Loaded Dungeons in 1.7s!
[2021-05-25 21:24:54.226] Ruin loader finished with 0 left to spend.
[2021-05-25 21:26:03.795] ## WARNING: No /obj/docking_port/mobile/arrivals placed on the map! in code/controllers/subsystem/shuttle.dm at line 80 src: Shuttle usr: .
[2021-05-25 21:26:08.772] Loaded 0 engraved messages on map Yuma
[2021-05-25 21:26:08.774] Initializations complete within 82.5 seconds!
[2021-05-25 21:26:20.917] runtime error: Auxtools not found! Callback subsystem shutting itself off.
 - proc name: process callbacks (/proc/process_callbacks)
 -   source file: callback.dm,10
 -   usr: (src)
 -   src: null
 -   call stack:
 - process callbacks(null, 48.37)
 - Auxtools Callbacks (/datum/controller/subsystem/callbacks): fire(0)
 - Auxtools Callbacks (/datum/controller/subsystem/callbacks): ignite(0)
 - Master (/datum/controller/master): RunQueue()
 - Master (/datum/controller/master): Loop()
 - Master (/datum/controller/master): StartProcessing(0)
 - 
[2021-05-25 21:28:45.583] Game start took 0s
