[2021-05-25 21:24:45.309] Starting up round ID 39.
 - -------------------------
[2021-05-25 21:24:46.274] INIT: Initialized Profiler subsystem within 0 seconds!
[2021-05-25 21:24:46.322] Fail2Topic: Failed to drop firewall rule. Exit code: 1.
[2021-05-25 21:24:46.322] INIT: Initialized Fail2Topic subsystem within 0.1 seconds!
[2021-05-25 21:24:46.324] INIT: Initialized Title Screen subsystem within 0 seconds!
[2021-05-25 21:24:46.324] INIT: Initialized Database subsystem within 0 seconds!
[2021-05-25 21:24:46.324] INIT: Initialized Stat Panels subsystem within 0 seconds!
[2021-05-25 21:24:46.324] INIT: Initialized Blackbox subsystem within 0 seconds!
[2021-05-25 21:24:46.324] INIT: Initialized Server Tasks subsystem within 0 seconds!
[2021-05-25 21:24:46.325] INIT: Initialized Input subsystem within 0 seconds!
[2021-05-25 21:24:46.326] INIT: Initialized Sounds subsystem within 0 seconds!
[2021-05-25 21:24:46.326] INIT: Initialized Vis contents overlays subsystem within 0 seconds!
[2021-05-25 21:24:46.381] INIT: Initialized Research subsystem within 0 seconds!
[2021-05-25 21:24:46.383] INIT: Initialized Events subsystem within 0 seconds!
[2021-05-25 21:24:46.388] INIT: Initialized Jobs subsystem within 0 seconds!
[2021-05-25 21:24:46.390] INIT: Initialized Quirks subsystem within 0 seconds!
[2021-05-25 21:24:46.392] INIT: Initialized Ticker subsystem within 0 seconds!
[2021-05-25 21:24:46.408] INIT: Initialized Instruments subsystem within 0.1 seconds!
[2021-05-25 21:24:54.327] INIT: Initialized Mapping subsystem within 7.9 seconds!
[2021-05-25 21:24:54.328] INIT: Initialized Economy subsystem within 0 seconds!
[2021-05-25 21:24:54.329] INIT: Initialized Networks subsystem within 0 seconds!
[2021-05-25 21:24:54.330] INIT: Initialized Holodeck subsystem within 0 seconds!
[2021-05-25 21:25:31.214] INIT: Initialized Atoms subsystem within 36.9 seconds!
[2021-05-25 21:25:31.227] INIT: Initialized Language subsystem within 0 seconds!
[2021-05-25 21:25:31.252] INIT: Initialized Machines subsystem within 0 seconds!
[2021-05-25 21:25:31.321] INIT: Initialized Circuit subsystem within 0.1 seconds!
[2021-05-25 21:25:31.539] INIT: Initialized Atmos Adjacency subsystem within 0.2 seconds!
[2021-05-25 21:25:31.539] INIT: Initialized Autotransfer Vote subsystem within 0 seconds!
[2021-05-25 21:25:31.539] INIT: Initialized Chemistry subsystem within 0 seconds!
[2021-05-25 21:25:31.539] INIT: Initialized Status Effects subsystem within 0 seconds!
[2021-05-25 21:25:31.541] INIT: Initialized Weather subsystem within 0 seconds!
[2021-05-25 21:25:31.545] INIT: Initialized Disease subsystem within 0 seconds!
[2021-05-25 21:25:31.545] INIT: Initialized Item Spawners subsystem within 0 seconds!
[2021-05-25 21:25:31.546] INIT: Initialized Jukeboxes subsystem within 0 seconds!
[2021-05-25 21:25:31.546] INIT: Initialized Medals subsystem within 0 seconds!
[2021-05-25 21:25:32.363] INIT: Initialized Minimaps subsystem within 0.8 seconds!
[2021-05-25 21:25:32.363] INIT: Initialized Mob Spawners subsystem within 0 seconds!
[2021-05-25 21:25:32.363] INIT: Initialized Monster Wave subsystem within 0 seconds!
[2021-05-25 21:25:32.363] INIT: Initialized Day/Night Cycle subsystem within 0 seconds!
[2021-05-25 21:25:32.364] INIT: Initialized Night Shift subsystem within 0 seconds!
[2021-05-25 21:25:32.364] INIT: Initialized Parallax subsystem within 0 seconds!
[2021-05-25 21:25:32.364] INIT: Initialized Sun subsystem within 0 seconds!
[2021-05-25 21:25:32.736] INIT: Initialized Traumas subsystem within 0.4 seconds!
[2021-05-25 21:25:39.644] INIT: Initialized Atmospherics subsystem within 6.9 seconds!
[2021-05-25 21:25:46.555] INIT: Initialized Assets subsystem within 6.9 seconds!
[2021-05-25 21:25:51.272] INIT: Initialized Icon Smoothing subsystem within 4.7 seconds!
[2021-05-25 21:25:52.524] INIT: Initialized Overlay subsystem within 1.3 seconds!
[2021-05-25 21:25:52.524] INIT: Initialized XKeyScore subsystem within 0 seconds!
[2021-05-25 21:25:52.524] INIT: Initialized Sticky Ban subsystem within 0 seconds!
[2021-05-25 21:26:01.044] INIT: Initialized Lighting subsystem within 8.5 seconds!
[2021-05-25 21:26:03.795] INIT: Initialized Shuttle subsystem within 2.7 seconds!
[2021-05-25 21:26:08.724] INIT: Initialized Minor Mapping subsystem within 5 seconds!
[2021-05-25 21:26:08.726] INIT: Initialized Pathfinder subsystem within 0 seconds!
[2021-05-25 21:26:08.773] INIT: Initialized Persistence subsystem within 0 seconds!
[2021-05-25 21:26:08.774] INIT: Initialized Chat subsystem within 0 seconds!
