[2021-05-15 23:20:29.524] ASSET: Sending asset `tgui-common.chunk.js` to client `Dantesousa` as `tgui-common.chunk.js`
[2021-05-15 23:20:29.524] ASSET: Sending asset `tgui-panel.bundle.js` to client `Dantesousa` as `tgui-panel.bundle.js`
[2021-05-15 23:20:29.524] ASSET: Sending asset `tgui-panel.bundle.css` to client `Dantesousa` as `tgui-panel.bundle.css`
[2021-05-15 23:20:40.121] ASSET: Sending asset `fa-regular-400.eot` to client `Dantesousa` as `fa-regular-400.eot`
[2021-05-15 23:20:40.121] ASSET: Sending asset `fa-regular-400.woff` to client `Dantesousa` as `fa-regular-400.woff`
[2021-05-15 23:20:40.121] ASSET: Sending asset `fa-solid-900.eot` to client `Dantesousa` as `fa-solid-900.eot`
[2021-05-15 23:20:40.121] ASSET: Sending asset `fa-solid-900.woff` to client `Dantesousa` as `fa-solid-900.woff`
[2021-05-15 23:20:40.122] ASSET: Sending asset `font-awesome.css` to client `Dantesousa` as `font-awesome.css`
[2021-05-15 23:20:40.122] ASSET: Sending asset `v4shim.css` to client `Dantesousa` as `v4shim.css`
[2021-05-15 23:20:40.123] ASSET: Sending asset `spritesheet_chat.css` to client `Dantesousa` as `asset.9d9c5d18011d0acb1e27b98bc6cd295f.css`
[2021-05-15 23:20:40.123] ASSET: Sending asset `chat_16x16.png` to client `Dantesousa` as `asset.253bbc52a19928fa3bb250b9d2a425c6.png`
[2021-05-15 23:20:40.123] ASSET: Sending asset `chat_32x32.png` to client `Dantesousa` as `asset.9fb3455e39c1c40b9eb331534ba43cf4.png`
[2021-05-15 23:20:40.139] ASSET: Sending asset `padlock.png` to client `Dantesousa` as `padlock.png`
[2021-05-15 23:20:40.139] ASSET: Sending asset `common.css` to client `Dantesousa` as `asset.622312737bbe2cc2ca8ae98407fe605a.css`
[2021-05-15 23:20:42.666] ASSET: Sending asset `jquery.min.js` to client `Dantesousa` as `jquery.min.js`
[2021-05-15 23:22:36.520] ASSET: Sending asset `tgui-common.chunk.js` to client `Bruno-Asbahr` as `tgui-common.chunk.js`
[2021-05-15 23:22:36.520] ASSET: Sending asset `tgui-panel.bundle.js` to client `Bruno-Asbahr` as `tgui-panel.bundle.js`
[2021-05-15 23:22:36.520] ASSET: Sending asset `tgui-panel.bundle.css` to client `Bruno-Asbahr` as `tgui-panel.bundle.css`
[2021-05-15 23:22:39.733] ASSET: Sending asset `tgui-common.chunk.js` to client `Italos` as `tgui-common.chunk.js`
[2021-05-15 23:22:39.734] ASSET: Sending asset `tgui-panel.bundle.js` to client `Italos` as `tgui-panel.bundle.js`
[2021-05-15 23:22:39.734] ASSET: Sending asset `tgui-panel.bundle.css` to client `Italos` as `tgui-panel.bundle.css`
[2021-05-15 23:22:39.762] ASSET: Sending asset `fa-regular-400.eot` to client `Bruno-Asbahr` as `fa-regular-400.eot`
[2021-05-15 23:22:39.763] ASSET: Sending asset `fa-regular-400.woff` to client `Bruno-Asbahr` as `fa-regular-400.woff`
[2021-05-15 23:22:39.763] ASSET: Sending asset `fa-solid-900.eot` to client `Bruno-Asbahr` as `fa-solid-900.eot`
[2021-05-15 23:22:39.763] ASSET: Sending asset `fa-solid-900.woff` to client `Bruno-Asbahr` as `fa-solid-900.woff`
[2021-05-15 23:22:39.763] ASSET: Sending asset `font-awesome.css` to client `Bruno-Asbahr` as `font-awesome.css`
[2021-05-15 23:22:39.763] ASSET: Sending asset `v4shim.css` to client `Bruno-Asbahr` as `v4shim.css`
[2021-05-15 23:22:39.763] ASSET: Sending asset `spritesheet_chat.css` to client `Bruno-Asbahr` as `asset.9d9c5d18011d0acb1e27b98bc6cd295f.css`
[2021-05-15 23:22:39.763] ASSET: Sending asset `chat_16x16.png` to client `Bruno-Asbahr` as `asset.253bbc52a19928fa3bb250b9d2a425c6.png`
[2021-05-15 23:22:39.763] ASSET: Sending asset `chat_32x32.png` to client `Bruno-Asbahr` as `asset.9fb3455e39c1c40b9eb331534ba43cf4.png`
[2021-05-15 23:22:40.285] ASSET: Sending asset `padlock.png` to client `Bruno-Asbahr` as `padlock.png`
[2021-05-15 23:22:40.285] ASSET: Sending asset `common.css` to client `Bruno-Asbahr` as `asset.622312737bbe2cc2ca8ae98407fe605a.css`
[2021-05-15 23:22:46.893] ASSET: Sending asset `fa-regular-400.eot` to client `Italos` as `fa-regular-400.eot`
[2021-05-15 23:22:46.893] ASSET: Sending asset `fa-regular-400.woff` to client `Italos` as `fa-regular-400.woff`
[2021-05-15 23:22:46.893] ASSET: Sending asset `fa-solid-900.eot` to client `Italos` as `fa-solid-900.eot`
[2021-05-15 23:22:46.894] ASSET: Sending asset `fa-solid-900.woff` to client `Italos` as `fa-solid-900.woff`
[2021-05-15 23:22:46.894] ASSET: Sending asset `font-awesome.css` to client `Italos` as `font-awesome.css`
[2021-05-15 23:22:46.894] ASSET: Sending asset `v4shim.css` to client `Italos` as `v4shim.css`
[2021-05-15 23:22:46.894] ASSET: Sending asset `spritesheet_chat.css` to client `Italos` as `asset.9d9c5d18011d0acb1e27b98bc6cd295f.css`
[2021-05-15 23:22:46.894] ASSET: Sending asset `chat_16x16.png` to client `Italos` as `asset.253bbc52a19928fa3bb250b9d2a425c6.png`
[2021-05-15 23:22:46.894] ASSET: Sending asset `chat_32x32.png` to client `Italos` as `asset.9fb3455e39c1c40b9eb331534ba43cf4.png`
[2021-05-15 23:22:47.153] ASSET: Sending asset `padlock.png` to client `Italos` as `padlock.png`
[2021-05-15 23:22:47.153] ASSET: Sending asset `common.css` to client `Italos` as `asset.622312737bbe2cc2ca8ae98407fe605a.css`
