[2021-05-15 23:18:54.933] TGS Info: Activating API for version 3.2.6.2
[2021-05-15 23:18:54.943] runtime error: list index out of bounds
 - proc name: OnWorldNew (/datum/tgs_api/v3210/OnWorldNew)
 -   source file: api.dm,69
 -   usr: null
 -   src: /datum/tgs_api/v3210 (/datum/tgs_api/v3210)
 -   call stack:
 - /datum/tgs_api/v3210 (/datum/tgs_api/v3210): OnWorldNew(0)
 - world: TgsNew(/datum/tgs_event_handler/impl (/datum/tgs_event_handler/impl), 0)
 - world: InitTgs()
 - world: New()
 - 
[2021-05-15 23:18:54.943] TGS Error: Failed to activate API!
[2021-05-15 23:18:54.945] Running /tg/ revision: 
 - No commit information
[2021-05-15 23:18:54.960] Loading config file config.txt...
[2021-05-15 23:18:54.963] Loading config file game_options.txt...
[2021-05-15 23:18:54.972] Loading config file dbconfig.txt...
[2021-05-15 23:18:54.974] Loading config file comms.txt...
[2021-05-15 23:18:54.975] Loading config file antag_rep.txt...
[2021-05-15 23:18:54.976] Loading config file resources.txt...
[2021-05-15 23:18:54.977] Loading config file donator_groupings.txt...
[2021-05-15 23:18:54.978] Loading config file dynamic_config.txt...
[2021-05-15 23:18:54.990] Loading config file plushies/defines.txt...
[2021-05-15 23:18:54.992] Loading config file job_threats.txt...
[2021-05-15 23:18:54.993] Loading config file policy.txt...
[2021-05-15 23:18:55.000] Loading config file maps.txt...
[2021-05-15 23:18:55.009] Database connection established.
[2021-05-15 23:18:55.011] SQL: Could not get schema version from database
