[2021-05-15 23:18:55.023] Starting up round ID 4.
 - -------------------------
[2021-05-15 23:20:44.467] HREF: Dantesousa (usr:Dantesousa[(180,247,1)]) : tgui=1&window_id=browseroutput&type=ready
[2021-05-15 23:20:44.974] HREF: Dantesousa (usr:Dantesousa[(180,247,1)]) : tgui=1&window_id=browseroutput&type=ping&payload=%7B%22index%22%3A0%7D
[2021-05-15 23:20:46.046] HREF: Dantesousa (usr:Dantesousa[(180,247,1)]) : tgui=1&window_id=browseroutput&type=telemetry&payload=%7B%22connections%22%3A%5B%7B%22ckey%22%3A%22dantesousa%22%2C%22address%22%3A%22177.208.168.171%22%2C%22computer_id%22%3A%222479746605%22%7D%2C%7B%22ckey%22%3A%22dantesousa%22%2C%22address%22%3A%22186.241.205.11%22%2C%22computer_id%22%3A%222479746605%22%7D%2C%7B%22ckey%22%3A%22dantesousa%22%2C%22address%22%3A%22187.14.90.175%22%2C%22computer_id%22%3A%222479746605%22%7D%2C%7B%22ckey%22%3A%22dantesousa%22%2C%22address%22%3A%22187.126.229.115%22%2C%22computer_id%22%3A%223010063259%22%7D%2C%7B%22ckey%22%3A%22dantesousa%22%2C%22address%22%3A%22187.126.229.115%22%2C%22computer_id%22%3A%222479746605%22%7D%5D%7D
[2021-05-15 23:20:47.321] HREF: Dantesousa (usr:Dantesousa[(180,247,1)]) : tgui=1&window_id=browseroutput&type=ping&payload=%7B%22index%22%3A1%7D
[2021-05-15 23:20:48.986] HREF: Dantesousa (usr:Dantesousa[(180,247,1)]) : 
[2021-05-15 23:20:48.987] HREF: Dantesousa (usr:Dantesousa[(180,247,1)]) : 
[2021-05-15 23:20:49.859] HREF: Dantesousa (usr:Dantesousa[(180,247,1)]) : tgui=1&window_id=browseroutput&type=ping&payload=%7B%22index%22%3A2%7D
[2021-05-15 23:20:52.296] HREF: Dantesousa (usr:Dantesousa[(180,247,1)]) : tgui=1&window_id=browseroutput&type=ping&payload=%7B%22index%22%3A3%7D
[2021-05-15 23:20:54.815] HREF: Dantesousa (usr:Dantesousa[(180,247,1)]) : tgui=1&window_id=browseroutput&type=ping&payload=%7B%22index%22%3A4%7D
[2021-05-15 23:20:57.314] HREF: Dantesousa (usr:Dantesousa[(180,247,1)]) : tgui=1&window_id=browseroutput&type=ping&payload=%7B%22index%22%3A5%7D
[2021-05-15 23:20:59.834] HREF: Dantesousa (usr:Dantesousa[(180,247,1)]) : tgui=1&window_id=browseroutput&type=ping&payload=%7B%22index%22%3A6%7D
[2021-05-15 23:21:02.321] HREF: Dantesousa (usr:Dantesousa[(180,247,1)]) : tgui=1&window_id=browseroutput&type=ping&payload=%7B%22index%22%3A7%7D
[2021-05-15 23:21:04.840] HREF: Dantesousa (usr:Dantesousa[(180,247,1)]) : tgui=1&window_id=browseroutput&type=ping&payload=%7B%22index%22%3A0%7D
[2021-05-15 23:21:07.359] HREF: Dantesousa (usr:Dantesousa[(180,247,1)]) : tgui=1&window_id=browseroutput&type=ping&payload=%7B%22index%22%3A1%7D
[2021-05-15 23:21:09.876] HREF: Dantesousa (usr:Dantesousa[(180,247,1)]) : tgui=1&window_id=browseroutput&type=ping&payload=%7B%22index%22%3A2%7D
[2021-05-15 23:21:12.386] HREF: Dantesousa (usr:Dantesousa[(180,247,1)]) : tgui=1&window_id=browseroutput&type=ping&payload=%7B%22index%22%3A3%7D
[2021-05-15 23:21:14.905] HREF: Dantesousa (usr:Dantesousa[(180,247,1)]) : tgui=1&window_id=browseroutput&type=ping&payload=%7B%22index%22%3A4%7D
[2021-05-15 23:21:17.408] HREF: Dantesousa (usr:Dantesousa[(180,247,1)]) : tgui=1&window_id=browseroutput&type=ping&payload=%7B%22index%22%3A5%7D
[2021-05-15 23:21:19.920] HREF: Dantesousa (usr:Dantesousa[(180,247,1)]) : tgui=1&window_id=browseroutput&type=ping&payload=%7B%22index%22%3A6%7D
[2021-05-15 23:21:22.432] HREF: Dantesousa (usr:Dantesousa[(180,247,1)]) : tgui=1&window_id=browseroutput&type=ping&payload=%7B%22index%22%3A7%7D
[2021-05-15 23:21:24.918] HREF: Dantesousa (usr:Dantesousa[(180,247,1)]) : tgui=1&window_id=browseroutput&type=ping&payload=%7B%22index%22%3A0%7D
[2021-05-15 23:21:27.408] HREF: Dantesousa (usr:Dantesousa[(180,247,1)]) : tgui=1&window_id=browseroutput&type=ping&payload=%7B%22index%22%3A1%7D
[2021-05-15 23:21:29.914] HREF: Dantesousa (usr:Dantesousa[(180,247,1)]) : tgui=1&window_id=browseroutput&type=ping&payload=%7B%22index%22%3A2%7D
[2021-05-15 23:21:32.414] HREF: Dantesousa (usr:Dantesousa[(180,247,1)]) : tgui=1&window_id=browseroutput&type=ping&payload=%7B%22index%22%3A3%7D
[2021-05-15 23:21:34.965] HREF: Dantesousa (usr:Dantesousa[(180,247,1)]) : tgui=1&window_id=browseroutput&type=ping&payload=%7B%22index%22%3A4%7D
[2021-05-15 23:21:37.430] HREF: Dantesousa (usr:Dantesousa[(180,247,1)]) : tgui=1&window_id=browseroutput&type=ping&payload=%7B%22index%22%3A5%7D
[2021-05-15 23:21:40.188] HREF: Dantesousa (usr:Dantesousa[(180,247,1)]) : tgui=1&window_id=browseroutput&type=ping&payload=%7B%22index%22%3A6%7D
[2021-05-15 23:21:42.545] HREF: Dantesousa (usr:Dantesousa[(180,247,1)]) : tgui=1&window_id=browseroutput&type=ping&payload=%7B%22index%22%3A7%7D
[2021-05-15 23:21:44.954] HREF: Dantesousa (usr:Dantesousa[(180,247,1)]) : tgui=1&window_id=browseroutput&type=ping&payload=%7B%22index%22%3A0%7D
[2021-05-15 23:21:52.847] HREF: Dantesousa (usr:Dantesousa[(180,247,1)]) : tgui=1&window_id=browseroutput&type=ping&payload=%7B%22index%22%3A1%7D
[2021-05-15 23:21:52.847] HREF: Dantesousa (usr:Dantesousa[(180,247,1)]) : tgui=1&window_id=browseroutput&type=ping&payload=%7B%22index%22%3A2%7D
[2021-05-15 23:21:52.847] HREF: Dantesousa (usr:Dantesousa[(180,247,1)]) : tgui=1&window_id=browseroutput&type=ping&payload=%7B%22index%22%3A3%7D
[2021-05-15 23:21:54.970] HREF: Dantesousa (usr:Dantesousa[(180,247,1)]) : tgui=1&window_id=browseroutput&type=ping&payload=%7B%22index%22%3A4%7D
[2021-05-15 23:21:57.477] HREF: Dantesousa (usr:Dantesousa[(180,247,1)]) : tgui=1&window_id=browseroutput&type=ping&payload=%7B%22index%22%3A5%7D
[2021-05-15 23:21:59.978] HREF: Dantesousa (usr:Dantesousa[(180,247,1)]) : tgui=1&window_id=browseroutput&type=ping&payload=%7B%22index%22%3A6%7D
[2021-05-15 23:22:02.492] HREF: Dantesousa (usr:Dantesousa[(180,247,1)]) : tgui=1&window_id=browseroutput&type=ping&payload=%7B%22index%22%3A7%7D
[2021-05-15 23:22:04.999] HREF: Dantesousa (usr:Dantesousa[(180,247,1)]) : tgui=1&window_id=browseroutput&type=ping&payload=%7B%22index%22%3A0%7D
[2021-05-15 23:22:07.503] HREF: Dantesousa (usr:Dantesousa[(180,247,1)]) : tgui=1&window_id=browseroutput&type=ping&payload=%7B%22index%22%3A1%7D
[2021-05-15 23:22:10.004] HREF: Dantesousa (usr:Dantesousa[(180,247,1)]) : tgui=1&window_id=browseroutput&type=ping&payload=%7B%22index%22%3A2%7D
[2021-05-15 23:22:12.505] HREF: Dantesousa (usr:Dantesousa[(180,247,1)]) : tgui=1&window_id=browseroutput&type=ping&payload=%7B%22index%22%3A3%7D
[2021-05-15 23:22:15.011] HREF: Dantesousa (usr:Dantesousa[(180,247,1)]) : tgui=1&window_id=browseroutput&type=ping&payload=%7B%22index%22%3A4%7D
[2021-05-15 23:22:17.506] HREF: Dantesousa (usr:Dantesousa[(180,247,1)]) : tgui=1&window_id=browseroutput&type=ping&payload=%7B%22index%22%3A5%7D
[2021-05-15 23:22:20.004] HREF: Dantesousa (usr:Dantesousa[(180,247,1)]) : tgui=1&window_id=browseroutput&type=ping&payload=%7B%22index%22%3A6%7D
[2021-05-15 23:22:22.525] HREF: Dantesousa (usr:Dantesousa[(180,247,1)]) : tgui=1&window_id=browseroutput&type=ping&payload=%7B%22index%22%3A7%7D
[2021-05-15 23:22:25.018] HREF: Dantesousa (usr:Dantesousa[(180,247,1)]) : tgui=1&window_id=browseroutput&type=ping&payload=%7B%22index%22%3A0%7D
[2021-05-15 23:22:27.518] HREF: Dantesousa (usr:Dantesousa[(180,247,1)]) : tgui=1&window_id=browseroutput&type=ping&payload=%7B%22index%22%3A1%7D
[2021-05-15 23:22:30.045] HREF: Dantesousa (usr:Dantesousa[(180,247,1)]) : tgui=1&window_id=browseroutput&type=ping&payload=%7B%22index%22%3A2%7D
[2021-05-15 23:22:32.520] HREF: Dantesousa (usr:Dantesousa[(180,247,1)]) : tgui=1&window_id=browseroutput&type=ping&payload=%7B%22index%22%3A3%7D
[2021-05-15 23:22:35.024] HREF: Dantesousa (usr:Dantesousa[(180,247,1)]) : tgui=1&window_id=browseroutput&type=ping&payload=%7B%22index%22%3A4%7D
[2021-05-15 23:22:37.525] HREF: Dantesousa (usr:Dantesousa[(180,247,1)]) : tgui=1&window_id=browseroutput&type=ping&payload=%7B%22index%22%3A5%7D
[2021-05-15 23:22:40.042] HREF: Dantesousa (usr:Dantesousa[(180,247,1)]) : tgui=1&window_id=browseroutput&type=ping&payload=%7B%22index%22%3A6%7D
[2021-05-15 23:22:46.890] HREF: Dantesousa (usr:Dantesousa[(180,247,1)]) : tgui=1&window_id=browseroutput&type=ping&payload=%7B%22index%22%3A7%7D
[2021-05-15 23:22:46.890] HREF: Dantesousa (usr:Dantesousa[(180,247,1)]) : tgui=1&window_id=browseroutput&type=ping&payload=%7B%22index%22%3A0%7D
[2021-05-15 23:22:46.987] HREF: Bruno-Asbahr (usr:Bruno-Asbahr[(180,247,1)]) : tgui=1&window_id=browseroutput&type=ready
[2021-05-15 23:22:47.075] HREF: Bruno-Asbahr (usr:Bruno-Asbahr[(180,247,1)]) : tgui=1&window_id=browseroutput&type=ping&payload=%7B%22index%22%3A0%7D
[2021-05-15 23:22:47.645] HREF: Dantesousa (usr:Dantesousa[(180,247,1)]) : tgui=1&window_id=browseroutput&type=ping&payload=%7B%22index%22%3A1%7D
