[2021-05-15 23:18:55.027] Starting up round ID 4.
 - -------------------------
[2021-05-15 23:18:56.025] INIT: Initialized Profiler subsystem within 0 seconds!
[2021-05-15 23:18:56.173] Fail2Topic: Failed to drop firewall rule. Exit code: 1.
[2021-05-15 23:18:56.173] INIT: Initialized Fail2Topic subsystem within 0.1 seconds!
[2021-05-15 23:18:56.217] INIT: Initialized Title Screen subsystem within 0.1 seconds!
[2021-05-15 23:18:56.217] INIT: Initialized Database subsystem within 0 seconds!
[2021-05-15 23:18:56.217] INIT: Initialized Stat Panels subsystem within 0 seconds!
[2021-05-15 23:18:56.217] INIT: Initialized Blackbox subsystem within 0 seconds!
[2021-05-15 23:18:56.218] INIT: Initialized Server Tasks subsystem within 0 seconds!
[2021-05-15 23:18:56.219] INIT: Initialized Input subsystem within 0 seconds!
[2021-05-15 23:18:56.222] INIT: Initialized Sounds subsystem within 0 seconds!
[2021-05-15 23:18:56.222] INIT: Initialized Vis contents overlays subsystem within 0 seconds!
[2021-05-15 23:18:56.285] INIT: Initialized Research subsystem within 0 seconds!
[2021-05-15 23:18:56.287] INIT: Initialized Events subsystem within 0 seconds!
[2021-05-15 23:18:56.293] INIT: Initialized Jobs subsystem within 0 seconds!
[2021-05-15 23:18:56.295] INIT: Initialized Quirks subsystem within 0 seconds!
[2021-05-15 23:18:56.306] INIT: Initialized Ticker subsystem within 0.1 seconds!
[2021-05-15 23:18:56.325] INIT: Initialized Instruments subsystem within 0 seconds!
[2021-05-15 23:19:12.088] INIT: Initialized Mapping subsystem within 15.7 seconds!
[2021-05-15 23:19:12.088] INIT: Initialized Economy subsystem within 0 seconds!
[2021-05-15 23:19:12.090] INIT: Initialized Networks subsystem within 0 seconds!
[2021-05-15 23:19:12.091] INIT: Initialized Holodeck subsystem within 0 seconds!
[2021-05-15 23:20:08.433] INIT: Initialized Atoms subsystem within 56.3 seconds!
[2021-05-15 23:20:08.447] INIT: Initialized Language subsystem within 0 seconds!
[2021-05-15 23:20:08.472] INIT: Initialized Machines subsystem within 0 seconds!
[2021-05-15 23:20:08.564] INIT: Initialized Circuit subsystem within 0.1 seconds!
[2021-05-15 23:20:08.763] INIT: Initialized Atmos Adjacency subsystem within 0.2 seconds!
[2021-05-15 23:20:08.763] INIT: Initialized Autotransfer Vote subsystem within 0 seconds!
[2021-05-15 23:20:08.763] INIT: Initialized Chemistry subsystem within 0 seconds!
[2021-05-15 23:20:08.764] INIT: Initialized Status Effects subsystem within 0 seconds!
[2021-05-15 23:20:08.765] INIT: Initialized Weather subsystem within 0 seconds!
[2021-05-15 23:20:08.770] INIT: Initialized Disease subsystem within 0 seconds!
[2021-05-15 23:20:08.770] INIT: Initialized Item Spawners subsystem within 0 seconds!
[2021-05-15 23:20:08.770] INIT: Initialized Jukeboxes subsystem within 0 seconds!
[2021-05-15 23:20:08.771] INIT: Initialized Medals subsystem within 0 seconds!
[2021-05-15 23:20:09.867] INIT: Initialized Minimaps subsystem within 1.1 seconds!
[2021-05-15 23:20:09.869] INIT: Initialized Mob Spawners subsystem within 0 seconds!
[2021-05-15 23:20:09.869] INIT: Initialized Monster Wave subsystem within 0 seconds!
[2021-05-15 23:20:09.869] INIT: Initialized Day/Night Cycle subsystem within 0 seconds!
[2021-05-15 23:20:09.869] INIT: Initialized Night Shift subsystem within 0 seconds!
[2021-05-15 23:20:09.869] INIT: Initialized Parallax subsystem within 0 seconds!
[2021-05-15 23:20:09.869] INIT: Initialized Sun subsystem within 0 seconds!
[2021-05-15 23:20:10.310] INIT: Initialized Traumas subsystem within 0.5 seconds!
[2021-05-15 23:20:16.257] INIT: Initialized Atmospherics subsystem within 5.9 seconds!
[2021-05-15 23:20:24.786] INIT: Initialized Assets subsystem within 8.5 seconds!
[2021-05-15 23:20:29.665] INIT: Initialized Icon Smoothing subsystem within 4.9 seconds!
[2021-05-15 23:20:30.765] INIT: Initialized Overlay subsystem within 1.1 seconds!
[2021-05-15 23:20:30.765] INIT: Initialized XKeyScore subsystem within 0 seconds!
[2021-05-15 23:20:30.791] INIT: Initialized Sticky Ban subsystem within 0 seconds!
[2021-05-15 23:20:39.634] INIT: Initialized Lighting subsystem within 8.9 seconds!
[2021-05-15 23:20:42.966] INIT: Initialized Shuttle subsystem within 3.3 seconds!
[2021-05-15 23:20:47.903] INIT: Initialized Minor Mapping subsystem within 5 seconds!
[2021-05-15 23:20:47.905] INIT: Initialized Pathfinder subsystem within 0 seconds!
[2021-05-15 23:20:47.957] INIT: Initialized Persistence subsystem within 0 seconds!
[2021-05-15 23:20:47.957] INIT: Initialized Chat subsystem within 0 seconds!
