[2021-05-17 15:10:23.678] TGS Info: Activating API for version 3.2.6.2
[2021-05-17 15:10:23.691] runtime error: list index out of bounds
 - proc name: OnWorldNew (/datum/tgs_api/v3210/OnWorldNew)
 -   source file: api.dm,69
 -   usr: null
 -   src: /datum/tgs_api/v3210 (/datum/tgs_api/v3210)
 -   call stack:
 - /datum/tgs_api/v3210 (/datum/tgs_api/v3210): OnWorldNew(0)
 - world: TgsNew(/datum/tgs_event_handler/impl (/datum/tgs_event_handler/impl), 0)
 - world: InitTgs()
 - world: New()
 - 
[2021-05-17 15:10:23.691] TGS Error: Failed to activate API!
[2021-05-17 15:10:23.693] Running /tg/ revision: 
 - No commit information
[2021-05-17 15:10:23.709] Loading config file config.txt...
[2021-05-17 15:10:23.712] Loading config file game_options.txt...
[2021-05-17 15:10:23.723] Loading config file dbconfig.txt...
[2021-05-17 15:10:23.725] Loading config file comms.txt...
[2021-05-17 15:10:23.727] Loading config file antag_rep.txt...
[2021-05-17 15:10:23.728] Loading config file resources.txt...
[2021-05-17 15:10:23.730] Loading config file donator_groupings.txt...
[2021-05-17 15:10:23.731] Loading config file dynamic_config.txt...
[2021-05-17 15:10:23.742] Loading config file plushies/defines.txt...
[2021-05-17 15:10:23.744] Loading config file job_threats.txt...
[2021-05-17 15:10:23.745] Loading config file policy.txt...
[2021-05-17 15:10:23.751] Loading config file maps.txt...
[2021-05-17 15:10:23.760] Database connection established.
[2021-05-17 15:10:23.762] SQL: Could not get schema version from database
