[2021-05-17 15:10:23.772] Starting up round ID 15.
 - -------------------------
[2021-05-17 15:14:28.095] Luiz20 \ Luiz Borgos Primeiro \ Legion Centurion \ NONE \ LATEJOIN
[2021-05-17 15:14:28.705] 2006F \ Kelvin Griffiths \ Doctor \ NONE \ LATEJOIN
[2021-05-17 15:14:30.107] Matheusgp9999 \ Nykix Nywt \ Outlaw \ NONE \ LATEJOIN
[2021-05-17 15:14:35.639] Zero9e1 \ Garrety Wells \ Druid \ NONE \ LATEJOIN
[2021-05-17 15:14:37.490] Corvopimpolho \ Rayner Rifler \ Outlaw \ NONE \ LATEJOIN
[2021-05-17 15:14:39.679] FidgetyBacchus \ Felix Inculta \ Legion Vexillarius \ NONE \ LATEJOIN
[2021-05-17 15:14:40.047] Richard-Campi \ Michael Rose \ Wastelander \ NONE \ LATEJOIN
[2021-05-17 15:14:42.013] Syndi-Pudim \ James Betrayon \ BoS Off-Duty \ NONE \ LATEJOIN
[2021-05-17 15:14:42.720] Guilhty \ Guilherme Evan \ Outlaw \ NONE \ LATEJOIN
[2021-05-17 15:14:51.038] Shirozinha \ Tio Osso \ Legion Venator \ NONE \ LATEJOIN
[2021-05-17 15:15:07.313] Eversonblr \ Miguel Hastings \ Head Scribe \ NONE \ LATEJOIN
[2021-05-17 15:15:35.480] N0fun \ Jaslene Jenkins \ Head Paladin \ NONE \ LATEJOIN
[2021-05-17 15:15:45.045] AlexAlbright \ Alex Magnus Primeiro \ Legion Explorer \ NONE \ LATEJOIN
[2021-05-17 15:17:29.933] DanteThanatos \ Dr Oswald Casket \ Wastelander \ NONE \ LATEJOIN
[2021-05-17 15:19:23.250] dantethanatos \ Dr Oswald Casket \ Wastelander \ NONE \ LATEJOIN
[2021-05-17 15:20:25.630] Jhonatan lima \ Yuri Stigat \ Wastelander \ NONE \ LATEJOIN
[2021-05-17 15:26:50.930] Baeiou \ Roderick Malkav \ Recruit Legionary \ NONE \ LATEJOIN
[2021-05-17 15:31:51.024] Luciam \ Victoria Valentine \ Wastelander \ NONE \ LATEJOIN
[2021-05-17 15:42:51.106] Aert \ Keziah Wright \ NCR Corporal \ NONE \ LATEJOIN
[2021-05-17 15:44:21.215] NizimGamer \ Nizin Veerriene \ Sheriff \ NONE \ LATEJOIN
[2021-05-17 15:47:25.002] jhonatanlima \ Markus Stigat \ Wastelander \ NONE \ LATEJOIN
[2021-05-17 15:49:06.187] shirozinha \ Joseph Joestar \ Veteran Legionary \ NONE \ LATEJOIN
[2021-05-17 15:50:20.400] guilhty \ Guilherme Evans \ Outlaw \ NONE \ LATEJOIN
[2021-05-17 15:50:22.177] John_egbert3 \ Maximus Wible \ Veteran Legionary \ NONE \ LATEJOIN
[2021-05-17 15:53:21.335] XXLucasWesleyXx \ Will Riker \ Citizen \ NONE \ LATEJOIN
[2021-05-17 15:57:27.700] Gatossj \ John Grave \ Vault-tec Scientist \ NONE \ LATEJOIN
[2021-05-17 15:58:41.595] johnegbert3 \ Borgos Comiamaedoluiz \ Legion Explorer \ NONE \ LATEJOIN
[2021-05-17 16:04:53.225] 2006f \ Lenny Callison \ Outlaw \ NONE \ LATEJOIN
[2021-05-17 16:12:28.149] jhonatanlima \ Luicio Notav \ NCR Ranger \ NONE \ LATEJOIN
[2021-05-17 16:16:31.383] AlbertoVinhofino \ Elias Ivanov \ Vault-tec Doctor \ NONE \ LATEJOIN
[2021-05-17 16:19:50.462] Mollwu \ Vaughn Baxter \ Wastelander \ NONE \ LATEJOIN
[2021-05-17 16:20:50.618] 2006f \ Hunter Simmons \ Enclave Sergant \ NONE \ LATEJOIN
[2021-05-17 16:26:50.972] SondTheAnime \ Courier \ Head Knight \ NONE \ LATEJOIN
[2021-05-17 16:31:51.904] GabrielDoomBR \ Baam Frest \ NCR Corporal \ NONE \ LATEJOIN
[2021-05-17 16:46:56.422] matheusgp9999 \ Nykix Nyty \ Wastelander \ NONE \ LATEJOIN
[2021-05-17 16:50:37.560] Corvopimpolho \ Vinny Jowers \ Outlaw \ NONE \ LATEJOIN
[2021-05-17 17:04:32.028] Coffee_MasterOri \ Nickolas Priebe \ Wastelander \ NONE \ LATEJOIN
[2021-05-17 17:04:36.208] Nickenzo12345 \ Valary Lafortune \ Outlaw \ NONE \ LATEJOIN
[2021-05-17 17:14:00.962] Zircony \ Zak Waldron \ Wastelander \ NONE \ LATEJOIN
[2021-05-17 17:15:10.176] luciam \ Sky \ Cyborg \ NONE \ LATEJOIN
[2021-05-17 17:23:46.490] luciam \ Luciam D'Luker \ Outlaw \ NONE \ LATEJOIN
[2021-05-17 17:24:26.854] nickenzo12345 \ Lalla Kuznetsov \ Outlaw \ NONE \ LATEJOIN
[2021-05-17 17:38:42.982] malocous \ G3 \ Cyborg \ NONE \ LATEJOIN
[2021-05-17 17:59:38.714] nickenzo12345 \ Felix Schmidt \ Veteran Legionary \ NONE \ LATEJOIN
[2021-05-17 17:59:40.123] xenotin \ Isabellus Enderlus \ Legion Veteran Decanus \ NONE \ LATEJOIN
[2021-05-17 18:00:17.583] Guizog \ Bob Merlin \ Outlaw \ NONE \ LATEJOIN
[2021-05-17 18:01:34.746] richardcampi \ Owen Davis \ Wastelander \ NONE \ LATEJOIN
[2021-05-17 18:04:32.538] Degusta00 \ Bob Loureiro \ Wastelander \ NONE \ LATEJOIN
[2021-05-17 18:07:05.158] nickenzo12345 \ Donny Richardson \ Recruit Legionary \ NONE \ LATEJOIN
[2021-05-17 18:07:41.180] fidgetybacchus \ Yuri Daruski \ Wastelander \ NONE \ LATEJOIN
[2021-05-17 18:08:13.913] AlexAlbright \ Alex Magnus Primeiro \ Legion Prime Decanus \ NONE \ LATEJOIN
[2021-05-17 18:15:46.714] luciam \ Dav Jones \ NCR Ranger \ NONE \ LATEJOIN
[2021-05-17 18:16:10.341] nickenzo12345 \ Alana Rader \ Star Paladin \ NONE \ LATEJOIN
[2021-05-17 18:20:20.330] DanteThanatos \ Dr Oswald Casket \ Proctor \ NONE \ LATEJOIN
[2021-05-17 18:31:29.920] Guilhty \ Guilherme Eva \ Outlaw \ NONE \ LATEJOIN
[2021-05-17 18:37:48.259] Garwarmin \ Tullia \ Legion Slave \ NONE \ LATEJOIN
[2021-05-17 18:38:47.740] N0fun \ Hadley Barrett \ Proctor \ NONE \ LATEJOIN
[2021-05-17 18:39:43.162] matheusgp9999 \ Nycolly Kawatsuto \ Wastelander \ NONE \ LATEJOIN
[2021-05-17 18:40:51.711] xenotin \ Gilgimus Victorus \ NCR Sergeant First Class \ NONE \ LATEJOIN
[2021-05-17 18:45:53.850] degusta00 \ Monte Ehret \ Wastelander \ NONE \ LATEJOIN
[2021-05-17 18:49:52.755] alexalbright \ Alexadre Magnus Segundo \ Legion Slave \ NONE \ LATEJOIN
[2021-05-17 18:53:45.452] corvopimpolho \ Rebeckah Prevatt \ Initiate \ NONE \ LATEJOIN
[2021-05-17 19:02:40.979] DarkPudding \ John Wick \ NCR Combat Medic \ NONE \ LATEJOIN
[2021-05-17 19:18:35.922] MastrodontePlays \ Rodrigo Weisgarber \ Detective \ NONE \ LATEJOIN
[2021-05-17 19:29:39.299] nickenzo12345 \ Daniella Swarner \ Wastelander \ NONE \ LATEJOIN
[2021-05-17 19:30:13.378] Darksucc \ Tom Ridgewel \ NCR Trooper \ NONE \ LATEJOIN
[2021-05-17 19:33:48.975] addervfx \ Morgan Nickolson \ Legion Orator \ NONE \ LATEJOIN
[2021-05-17 19:35:53.166] InicialPlayss \ Rayan Lindgrey \ Wastelander \ NONE \ LATEJOIN
