[2021-05-17 15:10:23.777] Starting up round ID 15.
 - -------------------------
[2021-05-17 15:10:25.033] INIT: Initialized Profiler subsystem within 0 seconds!
[2021-05-17 15:10:25.171] Fail2Topic: Failed to drop firewall rule. Exit code: 1.
[2021-05-17 15:10:25.172] INIT: Initialized Fail2Topic subsystem within 0.1 seconds!
[2021-05-17 15:10:25.222] INIT: Initialized Title Screen subsystem within 0.1 seconds!
[2021-05-17 15:10:25.223] INIT: Initialized Database subsystem within 0 seconds!
[2021-05-17 15:10:25.223] INIT: Initialized Stat Panels subsystem within 0 seconds!
[2021-05-17 15:10:25.223] INIT: Initialized Blackbox subsystem within 0 seconds!
[2021-05-17 15:10:25.225] INIT: Initialized Server Tasks subsystem within 0 seconds!
[2021-05-17 15:10:25.226] INIT: Initialized Input subsystem within 0 seconds!
[2021-05-17 15:10:25.229] INIT: Initialized Sounds subsystem within 0 seconds!
[2021-05-17 15:10:25.229] INIT: Initialized Vis contents overlays subsystem within 0 seconds!
[2021-05-17 15:10:25.295] INIT: Initialized Research subsystem within 0 seconds!
[2021-05-17 15:10:25.298] INIT: Initialized Events subsystem within 0 seconds!
[2021-05-17 15:10:25.303] INIT: Initialized Jobs subsystem within 0.1 seconds!
[2021-05-17 15:10:25.306] INIT: Initialized Quirks subsystem within 0 seconds!
[2021-05-17 15:10:25.318] INIT: Initialized Ticker subsystem within 0 seconds!
[2021-05-17 15:10:25.337] INIT: Initialized Instruments subsystem within 0 seconds!
[2021-05-17 15:10:44.591] INIT: Initialized Mapping subsystem within 19.2 seconds!
[2021-05-17 15:10:44.592] INIT: Initialized Economy subsystem within 0 seconds!
[2021-05-17 15:10:44.595] INIT: Initialized Networks subsystem within 0 seconds!
[2021-05-17 15:10:44.595] INIT: Initialized Holodeck subsystem within 0 seconds!
[2021-05-17 15:11:34.370] INIT: Initialized Atoms subsystem within 49.7 seconds!
[2021-05-17 15:11:34.416] INIT: Initialized Language subsystem within 0 seconds!
[2021-05-17 15:11:34.442] INIT: Initialized Machines subsystem within 0 seconds!
[2021-05-17 15:11:34.533] INIT: Initialized Circuit subsystem within 0.1 seconds!
[2021-05-17 15:11:34.795] INIT: Initialized Atmos Adjacency subsystem within 0.2 seconds!
[2021-05-17 15:11:34.796] INIT: Initialized Autotransfer Vote subsystem within 0 seconds!
[2021-05-17 15:11:34.796] INIT: Initialized Chemistry subsystem within 0 seconds!
[2021-05-17 15:11:34.797] INIT: Initialized Status Effects subsystem within 0 seconds!
[2021-05-17 15:11:34.799] INIT: Initialized Weather subsystem within 0 seconds!
[2021-05-17 15:11:34.804] INIT: Initialized Disease subsystem within 0.1 seconds!
[2021-05-17 15:11:34.805] INIT: Initialized Item Spawners subsystem within 0 seconds!
[2021-05-17 15:11:34.806] INIT: Initialized Jukeboxes subsystem within 0 seconds!
[2021-05-17 15:11:34.806] INIT: Initialized Medals subsystem within 0 seconds!
[2021-05-17 15:11:35.840] INIT: Initialized Minimaps subsystem within 1 second!
[2021-05-17 15:11:35.932] INIT: Initialized Mob Spawners subsystem within 0 seconds!
[2021-05-17 15:11:35.933] INIT: Initialized Monster Wave subsystem within 0 seconds!
[2021-05-17 15:11:35.933] INIT: Initialized Day/Night Cycle subsystem within 0 seconds!
[2021-05-17 15:11:35.934] INIT: Initialized Night Shift subsystem within 0 seconds!
[2021-05-17 15:11:35.934] INIT: Initialized Parallax subsystem within 0 seconds!
[2021-05-17 15:11:35.935] INIT: Initialized Sun subsystem within 0 seconds!
[2021-05-17 15:11:36.391] INIT: Initialized Traumas subsystem within 0.4 seconds!
[2021-05-17 15:11:44.752] INIT: Initialized Atmospherics subsystem within 8.3 seconds!
[2021-05-17 15:11:54.185] INIT: Initialized Assets subsystem within 9.4 seconds!
[2021-05-17 15:12:00.228] INIT: Initialized Icon Smoothing subsystem within 5.8 seconds!
[2021-05-17 15:12:01.544] INIT: Initialized Overlay subsystem within 1.3 seconds!
[2021-05-17 15:12:01.544] INIT: Initialized XKeyScore subsystem within 0 seconds!
[2021-05-17 15:12:01.615] INIT: Initialized Sticky Ban subsystem within 0.1 seconds!
[2021-05-17 15:12:11.439] INIT: Initialized Lighting subsystem within 9.8 seconds!
[2021-05-17 15:12:14.932] INIT: Initialized Shuttle subsystem within 3.5 seconds!
[2021-05-17 15:12:20.832] INIT: Initialized Minor Mapping subsystem within 5.9 seconds!
[2021-05-17 15:12:20.834] INIT: Initialized Pathfinder subsystem within 0 seconds!
[2021-05-17 15:12:20.903] INIT: Initialized Persistence subsystem within 0.1 seconds!
[2021-05-17 15:12:20.903] INIT: Initialized Chat subsystem within 0 seconds!
[2021-05-17 19:43:47.122] Fail2Topic: Failed to drop firewall rule. Exit code: 1.
