[2021-05-23 06:47:06.117] Starting up round ID 31.
 - -------------------------
[2021-05-23 12:48:23.701] TCOMMS: Kaduh/(Erika Miller) [Common] (spans:  ) "Bom dia..." (language: Galactic Common) (Followers of the Apocalypse (102, 41, 3))
[2021-05-23 12:48:32.044] TCOMMS: GabrielDoomBR/(Baam Frest) [Common] (spans:  ) "Bom dia" (language: Galactic Common) (City (59, 48, 2))
[2021-05-23 13:47:09.943] TCOMMS: GabrielDoomBR/(Baam Frest) [Common] (spans:  ) "Oasis aberto" (language: Galactic Common) (City (59, 48, 2))
[2021-05-23 13:56:21.721] TCOMMS: luiz20/(Luiz Borgos Segundo) [Oasis] (spans:  ) "Alou" (language: Galactic Common) (Tunnel (46, 39, 3))
[2021-05-23 13:56:27.539] TCOMMS: GabrielDoomBR/(Baam Frest) [Oasis] (spans:  ) "Eae" (language: Galactic Common) (City (59, 48, 2))
[2021-05-23 13:56:46.027] TCOMMS: luiz20/(Luiz Borgos Segundo) [Oasis] (spans:  ) "Quem é tu?" (language: Galactic Common) (Caves (42, 40, 3))
[2021-05-23 13:56:53.850] TCOMMS: GabrielDoomBR/(Baam Frest) [Oasis] (spans:  ) "Sheriff." (language: Galactic Common) (Wasteland (47, 42, 2))
[2021-05-23 14:03:58.917] TCOMMS: GabrielDoomBR/(Baam Frest) [Oasis] (spans:  ) "Quando voltar avisa" (language: Galactic Common) (City (59, 48, 2))
[2021-05-23 14:04:03.383] TCOMMS: luiz20/(Luiz Borgos Segundo) [Oasis] (spans:  ) "Ok" (language: Galactic Common) (Wasteland (82, 63, 2))
[2021-05-23 14:19:17.920] TCOMMS: luiz20/(Luiz Borgos Segundo) [Oasis] (spans:  ) "Achei umas nuka-cola" (language: Galactic Common) (Village (166, 96, 2))
[2021-05-23 14:19:22.122] TCOMMS: luiz20/(Luiz Borgos Segundo) [Oasis] (spans:  ) "Geladinha" (language: Galactic Common) (Village (166, 96, 2))
[2021-05-23 14:19:25.771] TCOMMS: AlbertoVinhofino/(Zion Focell) [Oasis] (spans:  ) "Hm?" (language: Galactic Common) (City (64, 30, 2))
[2021-05-23 14:19:44.575] TCOMMS: luiz20/(Luiz Borgos Segundo) [Oasis] (spans:  ) "To levando" (language: Galactic Common) (Village (168, 92, 2))
[2021-05-23 14:20:41.370] TCOMMS: luiz20/(Luiz Borgos Segundo) [Oasis] (spans:  ) "Caralho" (language: Galactic Common) (Wasteland (102, 35, 2))
[2021-05-23 14:20:49.019] TCOMMS: luiz20/(Luiz Borgos Segundo) [Oasis] (spans:  ) "Um coelho tentou me matar" (language: Galactic Common) (Wasteland (101, 36, 2))
[2021-05-23 14:23:51.974] TCOMMS: luiz20/(Luiz Borgos Segundo) [Oasis] (spans:  ) "Eu não tenho acesso ao bar" (language: Galactic Common) (City (47, 46, 2))
[2021-05-23 14:23:56.411] TCOMMS: luiz20/(Luiz Borgos Segundo) [Oasis] (spans:  ) "Triste" (language: Galactic Common) (City (49, 46, 2))
[2021-05-23 14:24:03.976] TCOMMS: GabrielDoomBR/(Baam Frest) [Oasis] (spans:  ) "Foda" (language: Galactic Common) (City (38, 48, 2))
[2021-05-23 14:35:38.056] TCOMMS: kaduh/(Erika Miller) [Common] (spans:  ) "Gente voltei do SSD" (language: Galactic Common) (Followers of the Apocalypse (107, 47, 3))
[2021-05-23 14:41:42.615] TCOMMS: GabrielDoomBR/(Baam Frest) [Common] (spans:  ) "Tedio legal" (language: Galactic Common) (City (59, 48, 2))
[2021-05-23 14:41:48.230] TCOMMS: GabrielDoomBR/(Baam Frest) [Common] (spans:  ) "Não matei ninguem até agora" (language: Galactic Common) (City (59, 48, 2))
