[2021-05-15 23:06:39.969] TGS Info: Activating API for version 3.2.6.2
[2021-05-15 23:06:39.993] runtime error: list index out of bounds
 - proc name: OnWorldNew (/datum/tgs_api/v3210/OnWorldNew)
 -   source file: api.dm,69
 -   usr: null
 -   src: /datum/tgs_api/v3210 (/datum/tgs_api/v3210)
 -   call stack:
 - /datum/tgs_api/v3210 (/datum/tgs_api/v3210): OnWorldNew(0)
 - world: TgsNew(/datum/tgs_event_handler/impl (/datum/tgs_event_handler/impl), 0)
 - world: InitTgs()
 - world: New()
 - 
[2021-05-15 23:06:39.994] TGS Error: Failed to activate API!
[2021-05-15 23:06:39.996] Running /tg/ revision: 
 - No commit information
[2021-05-15 23:06:40.014] Loading config file config.txt...
[2021-05-15 23:06:40.018] Loading config file game_options.txt...
[2021-05-15 23:06:40.033] Loading config file dbconfig.txt...
[2021-05-15 23:06:40.035] Loading config file comms.txt...
[2021-05-15 23:06:40.049] Loading config file antag_rep.txt...
[2021-05-15 23:06:40.062] Loading config file resources.txt...
[2021-05-15 23:06:40.085] Loading config file donator_groupings.txt...
[2021-05-15 23:06:40.097] Loading config file dynamic_config.txt...
[2021-05-15 23:06:40.142] Loading config file plushies/defines.txt...
[2021-05-15 23:06:40.157] Loading config file job_threats.txt...
[2021-05-15 23:06:40.168] Loading config file policy.txt...
[2021-05-15 23:06:40.188] Loading config file maps.txt...
[2021-05-15 23:06:40.385] Database connection established.
[2021-05-15 23:06:40.392] SQL: Could not get schema version from database
