[2021-05-15 23:06:40.408] Starting up round ID 2.
 - -------------------------
[2021-05-15 23:06:40.463] Running /tg/ revision: 
 - No commit information
[2021-05-15 23:06:40.554] runtime error: Admin datum created without a rank
 - proc name: New (/datum/admins/New)
 -   source file: holder2.dm,45
 -   usr: null
 -   src: nobody\'s admin datum (no rank... (/datum/admins)
 -   call stack:
 - nobody\'s admin datum (no rank... (/datum/admins): New(null, "dantesousa", 0, 1)
 - load admins(null)
 - world: New()
 - 
[2021-05-15 23:06:43.782] Loading Yuma...
[2021-05-15 23:07:00.019] runtime error: The specified procedure could not be found.
 - 
 - proc name: AUXTOOLS CHECK (/proc/AUXTOOLS_CHECK)
 -   source file: _extools_api.dm,14
 -   usr: (src)
 -   src: null
 -   call stack:
 - AUXTOOLS CHECK("auxmos.dll")
 - /datum/gas_mixture (/datum/gas_mixture): New(200)
 - the air vent (/obj/machinery/atmospherics/components/unary/vent_pump/on): New(the vault floor (235,194,3) (/turf/open/floor/plasteel/f13/vault_floor/plating))
 - the air vent (/obj/machinery/atmospherics/components/unary/vent_pump/on): New(the vault floor (235,194,3) (/turf/open/floor/plasteel/f13/vault_floor/plating))
 - /datum/parsed_map (/datum/parsed_map): create atom(/obj/machinery/atmospherics/co... (/obj/machinery/atmospherics/components/unary/vent_pump/on), the vault floor (235,194,3) (/turf/open/floor/plasteel/f13/vault_floor/plating))
 - /datum/parsed_map (/datum/parsed_map): instance atom(/obj/machinery/atmospherics/co... (/obj/machinery/atmospherics/components/unary/vent_pump/on), /list (/list), the vault floor (235,194,3) (/turf/open/floor/plasteel/f13/vault_floor/plating), 1, 0, 0, 0, 0, 0)
 - /datum/parsed_map (/datum/parsed_map): build coordinate(/list (/list), /list (/list), the vault floor (235,194,3) (/turf/open/floor/plasteel/f13/vault_floor/plating), 1, 0, 0, 0, 0, 0, 0)
 - /datum/parsed_map (/datum/parsed_map):  load impl(1, 1, 3, 0, 1, -1e+031, 1e+031, -1e+031, 1e+031, 0, 2, 0, null)
 - /datum/parsed_map (/datum/parsed_map): load(1, 1, 3, null, 1, null, null, null, null, null, 2, null, null)
 - Mapping (/datum/controller/subsystem/mapping): LoadGroup(/list (/list), "Wasteland", "map_files/Pahrump", /list (/list), /list (/list), /list (/list), 0, 2)
 - Mapping (/datum/controller/subsystem/mapping): loadWorld()
 - Mapping (/datum/controller/subsystem/mapping): Initialize(832037)
 - Master (/datum/controller/master): Initialize(10, 0, 1)
 - 
[2021-05-15 23:07:00.035] runtime error: The specified procedure could not be found.
 - 
 - proc name: AUXTOOLS CHECK (/proc/AUXTOOLS_CHECK)
 -   source file: _extools_api.dm,14
 -   usr: (src)
 -   src: null
 -   call stack:
 - AUXTOOLS CHECK("auxmos.dll")
 - /datum/gas_mixture (/datum/gas_mixture): New(200)
 - the air vent (/obj/machinery/atmospherics/components/unary/vent_pump/on): New(the metal floor (235,191,3) (/turf/open/floor/plating/tunnel))
 - the air vent (/obj/machinery/atmospherics/components/unary/vent_pump/on): New(the metal floor (235,191,3) (/turf/open/floor/plating/tunnel))
 - /datum/parsed_map (/datum/parsed_map): create atom(/obj/machinery/atmospherics/co... (/obj/machinery/atmospherics/components/unary/vent_pump/on), the metal floor (235,191,3) (/turf/open/floor/plating/tunnel))
 - /datum/parsed_map (/datum/parsed_map): instance atom(/obj/machinery/atmospherics/co... (/obj/machinery/atmospherics/components/unary/vent_pump/on), /list (/list), the metal floor (235,191,3) (/turf/open/floor/plating/tunnel), 1, 0, 0, 0, 0, 0)
 - /datum/parsed_map (/datum/parsed_map): build coordinate(/list (/list), /list (/list), the metal floor (235,191,3) (/turf/open/floor/plating/tunnel), 1, 0, 0, 0, 0, 0, 0)
 - /datum/parsed_map (/datum/parsed_map):  load impl(1, 1, 3, 0, 1, -1e+031, 1e+031, -1e+031, 1e+031, 0, 2, 0, null)
 - /datum/parsed_map (/datum/parsed_map): load(1, 1, 3, null, 1, null, null, null, null, null, 2, null, null)
 - Mapping (/datum/controller/subsystem/mapping): LoadGroup(/list (/list), "Wasteland", "map_files/Pahrump", /list (/list), /list (/list), /list (/list), 0, 2)
 - Mapping (/datum/controller/subsystem/mapping): loadWorld()
 - Mapping (/datum/controller/subsystem/mapping): Initialize(832037)
 - Master (/datum/controller/master): Initialize(10, 0, 1)
 - 
[2021-05-15 23:07:00.265] Loaded Wasteland in 16.5s!
[2021-05-15 23:07:03.863] Loaded Dungeons in 3.5s!
[2021-05-15 23:07:10.840] Ruin loader finished with 0 left to spend.
[2021-05-15 23:07:11.739] runtime error: The specified procedure could not be found.
 - 
 - proc name: AUXTOOLS CHECK (/proc/AUXTOOLS_CHECK)
 -   source file: _extools_api.dm,14
 -   usr: (src)
 -   src: null
 -   call stack:
 - AUXTOOLS CHECK("auxmos.dll")
 - /datum/gas_mixture (/datum/gas_mixture): New(70)
 - the plasma tank (/obj/item/tank/internals/plasma): Initialize(1)
 - Atoms (/datum/controller/subsystem/atoms): InitAtom(the plasma tank (/obj/item/tank/internals/plasma), /list (/list))
 - the plasma tank (/obj/item/tank/internals/plasma): New(1)
 - the tank dispenser (/obj/structure/tank_dispenser/plasma): Initialize(1)
 - Atoms (/datum/controller/subsystem/atoms): InitAtom(the tank dispenser (/obj/structure/tank_dispenser/plasma), /list (/list))
 - Atoms (/datum/controller/subsystem/atoms): InitializeAtoms(null)
 - Atoms (/datum/controller/subsystem/atoms): Initialize(832310)
 - Master (/datum/controller/master): Initialize(10, 0, 1)
 - 
[2021-05-15 23:07:11.753] runtime error: The specified procedure could not be found.
 - 
 - proc name: AUXTOOLS CHECK (/proc/AUXTOOLS_CHECK)
 -   source file: _extools_api.dm,14
 -   usr: (src)
 -   src: null
 -   call stack:
 - AUXTOOLS CHECK("auxmos.dll")
 - /datum/gas_mixture (/datum/gas_mixture): New(70)
 - the plasma tank (/obj/item/tank/internals/plasma): Initialize(1)
 - Atoms (/datum/controller/subsystem/atoms): InitAtom(the plasma tank (/obj/item/tank/internals/plasma), /list (/list))
 - the plasma tank (/obj/item/tank/internals/plasma): New(1)
 - the tank dispenser (/obj/structure/tank_dispenser/plasma): Initialize(1)
 - Atoms (/datum/controller/subsystem/atoms): InitAtom(the tank dispenser (/obj/structure/tank_dispenser/plasma), /list (/list))
 - Atoms (/datum/controller/subsystem/atoms): InitializeAtoms(null)
 - Atoms (/datum/controller/subsystem/atoms): Initialize(832310)
 - Master (/datum/controller/master): Initialize(10, 0, 1)
 - 
[2021-05-15 23:07:11.765] runtime error: The specified procedure could not be found.
 - 
 - proc name: AUXTOOLS CHECK (/proc/AUXTOOLS_CHECK)
 -   source file: _extools_api.dm,14
 -   usr: (src)
 -   src: null
 -   call stack:
 - AUXTOOLS CHECK("auxmos.dll")
 - /datum/gas_mixture (/datum/gas_mixture): New(70)
 - the plasma tank (/obj/item/tank/internals/plasma): Initialize(1)
 - Atoms (/datum/controller/subsystem/atoms): InitAtom(the plasma tank (/obj/item/tank/internals/plasma), /list (/list))
 - the plasma tank (/obj/item/tank/internals/plasma): New(1)
 - the tank dispenser (/obj/structure/tank_dispenser/plasma): Initialize(1)
 - Atoms (/datum/controller/subsystem/atoms): InitAtom(the tank dispenser (/obj/structure/tank_dispenser/plasma), /list (/list))
 - Atoms (/datum/controller/subsystem/atoms): InitializeAtoms(null)
 - Atoms (/datum/controller/subsystem/atoms): Initialize(832310)
 - Master (/datum/controller/master): Initialize(10, 0, 1)
 - 
[2021-05-15 23:07:11.778] runtime error: The specified procedure could not be found.
 - 
 - proc name: AUXTOOLS CHECK (/proc/AUXTOOLS_CHECK)
 -   source file: _extools_api.dm,14
 -   usr: (src)
 -   src: null
 -   call stack:
 - AUXTOOLS CHECK("auxmos.dll")
 - /datum/gas_mixture (/datum/gas_mixture): New(70)
 - the plasma tank (/obj/item/tank/internals/plasma): Initialize(1)
 - Atoms (/datum/controller/subsystem/atoms): InitAtom(the plasma tank (/obj/item/tank/internals/plasma), /list (/list))
 - the plasma tank (/obj/item/tank/internals/plasma): New(1)
 - the tank dispenser (/obj/structure/tank_dispenser/plasma): Initialize(1)
 - Atoms (/datum/controller/subsystem/atoms): InitAtom(the tank dispenser (/obj/structure/tank_dispenser/plasma), /list (/list))
 - Atoms (/datum/controller/subsystem/atoms): InitializeAtoms(null)
 - Atoms (/datum/controller/subsystem/atoms): Initialize(832310)
 - Master (/datum/controller/master): Initialize(10, 0, 1)
 - 
[2021-05-15 23:07:11.793] runtime error: The specified procedure could not be found.
 - 
 - proc name: AUXTOOLS CHECK (/proc/AUXTOOLS_CHECK)
 -   source file: _extools_api.dm,14
 -   usr: (src)
 -   src: null
 -   call stack:
 - AUXTOOLS CHECK("auxmos.dll")
 - /datum/gas_mixture (/datum/gas_mixture): New(70)
 - the plasma tank (/obj/item/tank/internals/plasma): Initialize(1)
 - Atoms (/datum/controller/subsystem/atoms): InitAtom(the plasma tank (/obj/item/tank/internals/plasma), /list (/list))
 - the plasma tank (/obj/item/tank/internals/plasma): New(1)
 - the tank dispenser (/obj/structure/tank_dispenser/plasma): Initialize(1)
 - Atoms (/datum/controller/subsystem/atoms): InitAtom(the tank dispenser (/obj/structure/tank_dispenser/plasma), /list (/list))
 - Atoms (/datum/controller/subsystem/atoms): InitializeAtoms(null)
 - Atoms (/datum/controller/subsystem/atoms): Initialize(832310)
 - Master (/datum/controller/master): Initialize(10, 0, 1)
 - 
[2021-05-15 23:07:11.806] runtime error: The specified procedure could not be found.
 - 
 - proc name: AUXTOOLS CHECK (/proc/AUXTOOLS_CHECK)
 -   source file: _extools_api.dm,14
 -   usr: (src)
 -   src: null
 -   call stack:
 - AUXTOOLS CHECK("auxmos.dll")
 - /datum/gas_mixture (/datum/gas_mixture): New(70)
 - the plasma tank (/obj/item/tank/internals/plasma): Initialize(1)
 - Atoms (/datum/controller/subsystem/atoms): InitAtom(the plasma tank (/obj/item/tank/internals/plasma), /list (/list))
 - the plasma tank (/obj/item/tank/internals/plasma): New(1)
 - the tank dispenser (/obj/structure/tank_dispenser/plasma): Initialize(1)
 - Atoms (/datum/controller/subsystem/atoms): InitAtom(the tank dispenser (/obj/structure/tank_dispenser/plasma), /list (/list))
 - Atoms (/datum/controller/subsystem/atoms): InitializeAtoms(null)
 - Atoms (/datum/controller/subsystem/atoms): Initialize(832310)
 - Master (/datum/controller/master): Initialize(10, 0, 1)
 - 
[2021-05-15 23:07:11.819] runtime error: The specified procedure could not be found.
 - 
 - proc name: AUXTOOLS CHECK (/proc/AUXTOOLS_CHECK)
 -   source file: _extools_api.dm,14
 -   usr: (src)
 -   src: null
 -   call stack:
 - AUXTOOLS CHECK("auxmos.dll")
 - /datum/gas_mixture (/datum/gas_mixture): New(70)
 - the plasma tank (/obj/item/tank/internals/plasma): Initialize(1)
 - Atoms (/datum/controller/subsystem/atoms): InitAtom(the plasma tank (/obj/item/tank/internals/plasma), /list (/list))
 - the plasma tank (/obj/item/tank/internals/plasma): New(1)
 - the tank dispenser (/obj/structure/tank_dispenser/plasma): Initialize(1)
 - Atoms (/datum/controller/subsystem/atoms): InitAtom(the tank dispenser (/obj/structure/tank_dispenser/plasma), /list (/list))
 - Atoms (/datum/controller/subsystem/atoms): InitializeAtoms(null)
 - Atoms (/datum/controller/subsystem/atoms): Initialize(832310)
 - Master (/datum/controller/master): Initialize(10, 0, 1)
 - 
[2021-05-15 23:07:11.833] runtime error: The specified procedure could not be found.
 - 
 - proc name: AUXTOOLS CHECK (/proc/AUXTOOLS_CHECK)
 -   source file: _extools_api.dm,14
 -   usr: (src)
 -   src: null
 -   call stack:
 - AUXTOOLS CHECK("auxmos.dll")
 - /datum/gas_mixture (/datum/gas_mixture): New(70)
 - the plasma tank (/obj/item/tank/internals/plasma): Initialize(1)
 - Atoms (/datum/controller/subsystem/atoms): InitAtom(the plasma tank (/obj/item/tank/internals/plasma), /list (/list))
 - the plasma tank (/obj/item/tank/internals/plasma): New(1)
 - the tank dispenser (/obj/structure/tank_dispenser/plasma): Initialize(1)
 - Atoms (/datum/controller/subsystem/atoms): InitAtom(the tank dispenser (/obj/structure/tank_dispenser/plasma), /list (/list))
 - Atoms (/datum/controller/subsystem/atoms): InitializeAtoms(null)
 - Atoms (/datum/controller/subsystem/atoms): Initialize(832310)
 - Master (/datum/controller/master): Initialize(10, 0, 1)
 - 
[2021-05-15 23:07:11.846] runtime error: The specified procedure could not be found.
 - 
 - proc name: AUXTOOLS CHECK (/proc/AUXTOOLS_CHECK)
 -   source file: _extools_api.dm,14
 -   usr: (src)
 -   src: null
 -   call stack:
 - AUXTOOLS CHECK("auxmos.dll")
 - /datum/gas_mixture (/datum/gas_mixture): New(70)
 - the plasma tank (/obj/item/tank/internals/plasma): Initialize(1)
 - Atoms (/datum/controller/subsystem/atoms): InitAtom(the plasma tank (/obj/item/tank/internals/plasma), /list (/list))
 - the plasma tank (/obj/item/tank/internals/plasma): New(1)
 - the tank dispenser (/obj/structure/tank_dispenser/plasma): Initialize(1)
 - Atoms (/datum/controller/subsystem/atoms): InitAtom(the tank dispenser (/obj/structure/tank_dispenser/plasma), /list (/list))
 - Atoms (/datum/controller/subsystem/atoms): InitializeAtoms(null)
 - Atoms (/datum/controller/subsystem/atoms): Initialize(832310)
 - Master (/datum/controller/master): Initialize(10, 0, 1)
 - 
[2021-05-15 23:07:11.860] runtime error: The specified procedure could not be found.
 - 
 - proc name: AUXTOOLS CHECK (/proc/AUXTOOLS_CHECK)
 -   source file: _extools_api.dm,14
 -   usr: (src)
 -   src: null
 -   call stack:
 - AUXTOOLS CHECK("auxmos.dll")
 - /datum/gas_mixture (/datum/gas_mixture): New(70)
 - the plasma tank (/obj/item/tank/internals/plasma): Initialize(1)
 - Atoms (/datum/controller/subsystem/atoms): InitAtom(the plasma tank (/obj/item/tank/internals/plasma), /list (/list))
 - the plasma tank (/obj/item/tank/internals/plasma): New(1)
 - the tank dispenser (/obj/structure/tank_dispenser/plasma): Initialize(1)
 - Atoms (/datum/controller/subsystem/atoms): InitAtom(the tank dispenser (/obj/structure/tank_dispenser/plasma), /list (/list))
 - Atoms (/datum/controller/subsystem/atoms): InitializeAtoms(null)
 - Atoms (/datum/controller/subsystem/atoms): Initialize(832310)
 - Master (/datum/controller/master): Initialize(10, 0, 1)
 - 
[2021-05-15 23:07:11.878] runtime error: The specified procedure could not be found.
 - 
 - proc name: AUXTOOLS CHECK (/proc/AUXTOOLS_CHECK)
 -   source file: _extools_api.dm,14
 -   usr: (src)
 -   src: null
 -   call stack:
 - AUXTOOLS CHECK("auxmos.dll")
 - /datum/gas_mixture (/datum/gas_mixture): New(70)
 - the oxygen tank (/obj/item/tank/internals/oxygen): Initialize(1)
 - Atoms (/datum/controller/subsystem/atoms): InitAtom(the oxygen tank (/obj/item/tank/internals/oxygen), /list (/list))
 - the oxygen tank (/obj/item/tank/internals/oxygen): New(1)
 - the tank dispenser (/obj/structure/tank_dispenser/oxygen): Initialize(1)
 - Atoms (/datum/controller/subsystem/atoms): InitAtom(the tank dispenser (/obj/structure/tank_dispenser/oxygen), /list (/list))
 - Atoms (/datum/controller/subsystem/atoms): InitializeAtoms(null)
 - Atoms (/datum/controller/subsystem/atoms): Initialize(832310)
 - Master (/datum/controller/master): Initialize(10, 0, 1)
 - 
[2021-05-15 23:07:11.891] runtime error: The specified procedure could not be found.
 - 
 - proc name: AUXTOOLS CHECK (/proc/AUXTOOLS_CHECK)
 -   source file: _extools_api.dm,14
 -   usr: (src)
 -   src: null
 -   call stack:
 - AUXTOOLS CHECK("auxmos.dll")
 - /datum/gas_mixture (/datum/gas_mixture): New(70)
 - the oxygen tank (/obj/item/tank/internals/oxygen): Initialize(1)
 - Atoms (/datum/controller/subsystem/atoms): InitAtom(the oxygen tank (/obj/item/tank/internals/oxygen), /list (/list))
 - the oxygen tank (/obj/item/tank/internals/oxygen): New(1)
 - the tank dispenser (/obj/structure/tank_dispenser/oxygen): Initialize(1)
 - Atoms (/datum/controller/subsystem/atoms): InitAtom(the tank dispenser (/obj/structure/tank_dispenser/oxygen), /list (/list))
 - Atoms (/datum/controller/subsystem/atoms): InitializeAtoms(null)
 - Atoms (/datum/controller/subsystem/atoms): Initialize(832310)
 - Master (/datum/controller/master): Initialize(10, 0, 1)
 - 
[2021-05-15 23:07:11.906] runtime error: The specified procedure could not be found.
 - 
 - proc name: AUXTOOLS CHECK (/proc/AUXTOOLS_CHECK)
 -   source file: _extools_api.dm,14
 -   usr: (src)
 -   src: null
 -   call stack:
 - AUXTOOLS CHECK("auxmos.dll")
 - /datum/gas_mixture (/datum/gas_mixture): New(70)
 - the oxygen tank (/obj/item/tank/internals/oxygen): Initialize(1)
 - Atoms (/datum/controller/subsystem/atoms): InitAtom(the oxygen tank (/obj/item/tank/internals/oxygen), /list (/list))
 - the oxygen tank (/obj/item/tank/internals/oxygen): New(1)
 - the tank dispenser (/obj/structure/tank_dispenser/oxygen): Initialize(1)
 - Atoms (/datum/controller/subsystem/atoms): InitAtom(the tank dispenser (/obj/structure/tank_dispenser/oxygen), /list (/list))
 - Atoms (/datum/controller/subsystem/atoms): InitializeAtoms(null)
 - Atoms (/datum/controller/subsystem/atoms): Initialize(832310)
 - Master (/datum/controller/master): Initialize(10, 0, 1)
 - 
[2021-05-15 23:07:11.920] runtime error: The specified procedure could not be found.
 - 
 - proc name: AUXTOOLS CHECK (/proc/AUXTOOLS_CHECK)
 -   source file: _extools_api.dm,14
 -   usr: (src)
 -   src: null
 -   call stack:
 - AUXTOOLS CHECK("auxmos.dll")
 - /datum/gas_mixture (/datum/gas_mixture): New(70)
 - the oxygen tank (/obj/item/tank/internals/oxygen): Initialize(1)
 - Atoms (/datum/controller/subsystem/atoms): InitAtom(the oxygen tank (/obj/item/tank/internals/oxygen), /list (/list))
 - the oxygen tank (/obj/item/tank/internals/oxygen): New(1)
 - the tank dispenser (/obj/structure/tank_dispenser/oxygen): Initialize(1)
 - Atoms (/datum/controller/subsystem/atoms): InitAtom(the tank dispenser (/obj/structure/tank_dispenser/oxygen), /list (/list))
 - Atoms (/datum/controller/subsystem/atoms): InitializeAtoms(null)
 - Atoms (/datum/controller/subsystem/atoms): Initialize(832310)
 - Master (/datum/controller/master): Initialize(10, 0, 1)
 - 
[2021-05-15 23:07:11.934] runtime error: The specified procedure could not be found.
 - 
 - proc name: AUXTOOLS CHECK (/proc/AUXTOOLS_CHECK)
 -   source file: _extools_api.dm,14
 -   usr: (src)
 -   src: null
 -   call stack:
 - AUXTOOLS CHECK("auxmos.dll")
 - /datum/gas_mixture (/datum/gas_mixture): New(70)
 - the oxygen tank (/obj/item/tank/internals/oxygen): Initialize(1)
 - Atoms (/datum/controller/subsystem/atoms): InitAtom(the oxygen tank (/obj/item/tank/internals/oxygen), /list (/list))
 - the oxygen tank (/obj/item/tank/internals/oxygen): New(1)
 - the tank dispenser (/obj/structure/tank_dispenser/oxygen): Initialize(1)
 - Atoms (/datum/controller/subsystem/atoms): InitAtom(the tank dispenser (/obj/structure/tank_dispenser/oxygen), /list (/list))
 - Atoms (/datum/controller/subsystem/atoms): InitializeAtoms(null)
 - Atoms (/datum/controller/subsystem/atoms): Initialize(832310)
 - Master (/datum/controller/master): Initialize(10, 0, 1)
 - 
[2021-05-15 23:07:11.947] runtime error: The specified procedure could not be found.
 - 
 - proc name: AUXTOOLS CHECK (/proc/AUXTOOLS_CHECK)
 -   source file: _extools_api.dm,14
 -   usr: (src)
 -   src: null
 -   call stack:
 - AUXTOOLS CHECK("auxmos.dll")
 - /datum/gas_mixture (/datum/gas_mixture): New(70)
 - the oxygen tank (/obj/item/tank/internals/oxygen): Initialize(1)
 - Atoms (/datum/controller/subsystem/atoms): InitAtom(the oxygen tank (/obj/item/tank/internals/oxygen), /list (/list))
 - the oxygen tank (/obj/item/tank/internals/oxygen): New(1)
 - the tank dispenser (/obj/structure/tank_dispenser/oxygen): Initialize(1)
 - Atoms (/datum/controller/subsystem/atoms): InitAtom(the tank dispenser (/obj/structure/tank_dispenser/oxygen), /list (/list))
 - Atoms (/datum/controller/subsystem/atoms): InitializeAtoms(null)
 - Atoms (/datum/controller/subsystem/atoms): Initialize(832310)
 - Master (/datum/controller/master): Initialize(10, 0, 1)
 - 
[2021-05-15 23:07:11.961] runtime error: The specified procedure could not be found.
 - 
 - proc name: AUXTOOLS CHECK (/proc/AUXTOOLS_CHECK)
 -   source file: _extools_api.dm,14
 -   usr: (src)
 -   src: null
 -   call stack:
 - AUXTOOLS CHECK("auxmos.dll")
 - /datum/gas_mixture (/datum/gas_mixture): New(70)
 - the oxygen tank (/obj/item/tank/internals/oxygen): Initialize(1)
 - Atoms (/datum/controller/subsystem/atoms): InitAtom(the oxygen tank (/obj/item/tank/internals/oxygen), /list (/list))
 - the oxygen tank (/obj/item/tank/internals/oxygen): New(1)
 - the tank dispenser (/obj/structure/tank_dispenser/oxygen): Initialize(1)
 - Atoms (/datum/controller/subsystem/atoms): InitAtom(the tank dispenser (/obj/structure/tank_dispenser/oxygen), /list (/list))
 - Atoms (/datum/controller/subsystem/atoms): InitializeAtoms(null)
 - Atoms (/datum/controller/subsystem/atoms): Initialize(832310)
 - Master (/datum/controller/master): Initialize(10, 0, 1)
 - 
[2021-05-15 23:07:11.976] runtime error: The specified procedure could not be found.
 - 
 - proc name: AUXTOOLS CHECK (/proc/AUXTOOLS_CHECK)
 -   source file: _extools_api.dm,14
 -   usr: (src)
 -   src: null
 -   call stack:
 - AUXTOOLS CHECK("auxmos.dll")
 - /datum/gas_mixture (/datum/gas_mixture): New(70)
 - the oxygen tank (/obj/item/tank/internals/oxygen): Initialize(1)
 - Atoms (/datum/controller/subsystem/atoms): InitAtom(the oxygen tank (/obj/item/tank/internals/oxygen), /list (/list))
 - the oxygen tank (/obj/item/tank/internals/oxygen): New(1)
 - the tank dispenser (/obj/structure/tank_dispenser/oxygen): Initialize(1)
 - Atoms (/datum/controller/subsystem/atoms): InitAtom(the tank dispenser (/obj/structure/tank_dispenser/oxygen), /list (/list))
 - Atoms (/datum/controller/subsystem/atoms): InitializeAtoms(null)
 - Atoms (/datum/controller/subsystem/atoms): Initialize(832310)
 - Master (/datum/controller/master): Initialize(10, 0, 1)
 - 
[2021-05-15 23:07:11.991] runtime error: The specified procedure could not be found.
 - 
 - proc name: AUXTOOLS CHECK (/proc/AUXTOOLS_CHECK)
 -   source file: _extools_api.dm,14
 -   usr: (src)
 -   src: null
 -   call stack:
 - AUXTOOLS CHECK("auxmos.dll")
 - /datum/gas_mixture (/datum/gas_mixture): New(70)
 - the oxygen tank (/obj/item/tank/internals/oxygen): Initialize(1)
 - Atoms (/datum/controller/subsystem/atoms): InitAtom(the oxygen tank (/obj/item/tank/internals/oxygen), /list (/list))
 - the oxygen tank (/obj/item/tank/internals/oxygen): New(1)
 - the tank dispenser (/obj/structure/tank_dispenser/oxygen): Initialize(1)
 - Atoms (/datum/controller/subsystem/atoms): InitAtom(the tank dispenser (/obj/structure/tank_dispenser/oxygen), /list (/list))
 - Atoms (/datum/controller/subsystem/atoms): InitializeAtoms(null)
 - Atoms (/datum/controller/subsystem/atoms): Initialize(832310)
 - Master (/datum/controller/master): Initialize(10, 0, 1)
 - 
[2021-05-15 23:07:12.006] runtime error: The specified procedure could not be found.
 - 
 - proc name: AUXTOOLS CHECK (/proc/AUXTOOLS_CHECK)
 -   source file: _extools_api.dm,14
 -   usr: (src)
 -   src: null
 -   call stack:
 - AUXTOOLS CHECK("auxmos.dll")
 - /datum/gas_mixture (/datum/gas_mixture): New(70)
 - the oxygen tank (/obj/item/tank/internals/oxygen): Initialize(1)
 - Atoms (/datum/controller/subsystem/atoms): InitAtom(the oxygen tank (/obj/item/tank/internals/oxygen), /list (/list))
 - the oxygen tank (/obj/item/tank/internals/oxygen): New(1)
 - the tank dispenser (/obj/structure/tank_dispenser/oxygen): Initialize(1)
 - Atoms (/datum/controller/subsystem/atoms): InitAtom(the tank dispenser (/obj/structure/tank_dispenser/oxygen), /list (/list))
 - Atoms (/datum/controller/subsystem/atoms): InitializeAtoms(null)
 - Atoms (/datum/controller/subsystem/atoms): Initialize(832310)
 - Master (/datum/controller/master): Initialize(10, 0, 1)
 - 
[2021-05-15 23:07:12.355] runtime error: The specified procedure could not be found.
 - 
 - proc name: AUXTOOLS CHECK (/proc/AUXTOOLS_CHECK)
 -   source file: _extools_api.dm,14
 -   usr: (src)
 -   src: null
 -   call stack:
 - AUXTOOLS CHECK("auxmos.dll")
 - /datum/gas_mixture (/datum/gas_mixture): New(70)
 - the oxygen tank (/obj/item/tank/internals/oxygen/red): Initialize(1)
 - Atoms (/datum/controller/subsystem/atoms): InitAtom(the oxygen tank (/obj/item/tank/internals/oxygen/red), /list (/list))
 - the oxygen tank (/obj/item/tank/internals/oxygen/red): New(1)
 - the fire-safety closet (/obj/structure/closet/firecloset/full): PopulateContents()
 - the fire-safety closet (/obj/structure/closet/firecloset/full): PopulateContents()
 - the fire-safety closet (/obj/structure/closet/firecloset/full): Initialize(1)
 - Atoms (/datum/controller/subsystem/atoms): InitAtom(the fire-safety closet (/obj/structure/closet/firecloset/full), /list (/list))
 - Atoms (/datum/controller/subsystem/atoms): InitializeAtoms(null)
 - Atoms (/datum/controller/subsystem/atoms): Initialize(832310)
 - Master (/datum/controller/master): Initialize(10, 0, 1)
 - 
[2021-05-15 23:07:12.373] runtime error: The specified procedure could not be found.
 - 
 - proc name: AUXTOOLS CHECK (/proc/AUXTOOLS_CHECK)
 -   source file: _extools_api.dm,14
 -   usr: (src)
 -   src: null
 -   call stack:
 - AUXTOOLS CHECK("auxmos.dll")
 - /datum/gas_mixture (/datum/gas_mixture): New(70)
 - the oxygen tank (/obj/item/tank/internals/oxygen/red): Initialize(1)
 - Atoms (/datum/controller/subsystem/atoms): InitAtom(the oxygen tank (/obj/item/tank/internals/oxygen/red), /list (/list))
 - the oxygen tank (/obj/item/tank/internals/oxygen/red): New(1)
 - the fire-safety closet (/obj/structure/closet/firecloset/full): PopulateContents()
 - the fire-safety closet (/obj/structure/closet/firecloset/full): Initialize(1)
 - Atoms (/datum/controller/subsystem/atoms): InitAtom(the fire-safety closet (/obj/structure/closet/firecloset/full), /list (/list))
 - Atoms (/datum/controller/subsystem/atoms): InitializeAtoms(null)
 - Atoms (/datum/controller/subsystem/atoms): Initialize(832310)
 - Master (/datum/controller/master): Initialize(10, 0, 1)
 - 
[2021-05-15 23:07:12.805] runtime error: The specified procedure could not be found.
 - 
 - proc name: AUXTOOLS CHECK (/proc/AUXTOOLS_CHECK)
 -   source file: _extools_api.dm,14
 -   usr: (src)
 -   src: null
 -   call stack:
 - AUXTOOLS CHECK("auxmos.dll")
 - /datum/gas_mixture (/datum/gas_mixture): New(6)
 - the extended-capacity emergenc... (/obj/item/tank/internals/emergency_oxygen/engi): Initialize(1)
 - Atoms (/datum/controller/subsystem/atoms): InitAtom(the extended-capacity emergenc... (/obj/item/tank/internals/emergency_oxygen/engi), /list (/list))
 - Atoms (/datum/controller/subsystem/atoms): InitializeAtoms(null)
 - Atoms (/datum/controller/subsystem/atoms): Initialize(832310)
 - Master (/datum/controller/master): Initialize(10, 0, 1)
 - 
[2021-05-15 23:07:12.825] runtime error: The specified procedure could not be found.
 - 
 - proc name: AUXTOOLS CHECK (/proc/AUXTOOLS_CHECK)
 -   source file: _extools_api.dm,14
 -   usr: (src)
 -   src: null
 -   call stack:
 - AUXTOOLS CHECK("auxmos.dll")
 - /datum/gas_mixture (/datum/gas_mixture): New(6)
 - the extended-capacity emergenc... (/obj/item/tank/internals/emergency_oxygen/engi): Initialize(1)
 - Atoms (/datum/controller/subsystem/atoms): InitAtom(the extended-capacity emergenc... (/obj/item/tank/internals/emergency_oxygen/engi), /list (/list))
 - Atoms (/datum/controller/subsystem/atoms): InitializeAtoms(null)
 - Atoms (/datum/controller/subsystem/atoms): Initialize(832310)
 - Master (/datum/controller/master): Initialize(10, 0, 1)
 - 
[2021-05-15 23:07:13.416] runtime error: The specified procedure could not be found.
 - 
 - proc name: AUXTOOLS CHECK (/proc/AUXTOOLS_CHECK)
 -   source file: _extools_api.dm,14
 -   usr: (src)
 -   src: null
 -   call stack:
 - AUXTOOLS CHECK("auxmos.dll")
 - /datum/gas_mixture (/datum/gas_mixture): New(3)
 - the emergency oxygen tank (/obj/item/tank/internals/emergency_oxygen): Initialize(1)
 - Atoms (/datum/controller/subsystem/atoms): InitAtom(the emergency oxygen tank (/obj/item/tank/internals/emergency_oxygen), /list (/list))
 - the emergency oxygen tank (/obj/item/tank/internals/emergency_oxygen): New(1)
 - the emergency closet (/obj/structure/closet/emcloset): PopulateContents()
 - the emergency closet (/obj/structure/closet/emcloset): Initialize(1)
 - Atoms (/datum/controller/subsystem/atoms): InitAtom(the emergency closet (/obj/structure/closet/emcloset), /list (/list))
 - Atoms (/datum/controller/subsystem/atoms): InitializeAtoms(null)
 - Atoms (/datum/controller/subsystem/atoms): Initialize(832310)
 - Master (/datum/controller/master): Initialize(10, 0, 1)
 - 
[2021-05-15 23:07:13.432] runtime error: The specified procedure could not be found.
 - 
 - proc name: AUXTOOLS CHECK (/proc/AUXTOOLS_CHECK)
 -   source file: _extools_api.dm,14
 -   usr: (src)
 -   src: null
 -   call stack:
 - AUXTOOLS CHECK("auxmos.dll")
 - /datum/gas_mixture (/datum/gas_mixture): New(3)
 - the emergency oxygen tank (/obj/item/tank/internals/emergency_oxygen): Initialize(1)
 - Atoms (/datum/controller/subsystem/atoms): InitAtom(the emergency oxygen tank (/obj/item/tank/internals/emergency_oxygen), /list (/list))
 - the emergency oxygen tank (/obj/item/tank/internals/emergency_oxygen): New(1)
 - the emergency closet (/obj/structure/closet/emcloset): PopulateContents()
 - the emergency closet (/obj/structure/closet/emcloset): Initialize(1)
 - Atoms (/datum/controller/subsystem/atoms): InitAtom(the emergency closet (/obj/structure/closet/emcloset), /list (/list))
 - Atoms (/datum/controller/subsystem/atoms): InitializeAtoms(null)
 - Atoms (/datum/controller/subsystem/atoms): Initialize(832310)
 - Master (/datum/controller/master): Initialize(10, 0, 1)
 - 
[2021-05-15 23:07:13.444] runtime error: The specified procedure could not be found.
 - 
 - proc name: AUXTOOLS CHECK (/proc/AUXTOOLS_CHECK)
 -   source file: _extools_api.dm,14
 -   usr: (src)
 -   src: null
 -   call stack:
 - AUXTOOLS CHECK("auxmos.dll")
 - /datum/gas_mixture (/datum/gas_mixture): New(6)
 - the extended-capacity emergenc... (/obj/item/tank/internals/emergency_oxygen/engi): Initialize(1)
 - Atoms (/datum/controller/subsystem/atoms): InitAtom(the extended-capacity emergenc... (/obj/item/tank/internals/emergency_oxygen/engi), /list (/list))
 - Atoms (/datum/controller/subsystem/atoms): InitializeAtoms(null)
 - Atoms (/datum/controller/subsystem/atoms): Initialize(832310)
 - Master (/datum/controller/master): Initialize(10, 0, 1)
 - 
[2021-05-15 23:07:13.456] runtime error: The specified procedure could not be found.
 - 
 - proc name: AUXTOOLS CHECK (/proc/AUXTOOLS_CHECK)
 -   source file: _extools_api.dm,14
 -   usr: (src)
 -   src: null
 -   call stack:
 - AUXTOOLS CHECK("auxmos.dll")
 - /datum/gas_mixture (/datum/gas_mixture): New(6)
 - the extended-capacity emergenc... (/obj/item/tank/internals/emergency_oxygen/engi): Initialize(1)
 - Atoms (/datum/controller/subsystem/atoms): InitAtom(the extended-capacity emergenc... (/obj/item/tank/internals/emergency_oxygen/engi), /list (/list))
 - Atoms (/datum/controller/subsystem/atoms): InitializeAtoms(null)
 - Atoms (/datum/controller/subsystem/atoms): Initialize(832310)
 - Master (/datum/controller/master): Initialize(10, 0, 1)
 - 
[2021-05-15 23:07:13.466] runtime error: The specified procedure could not be found.
 - 
 - proc name: AUXTOOLS CHECK (/proc/AUXTOOLS_CHECK)
 -   source file: _extools_api.dm,14
 -   usr: (src)
 -   src: null
 -   call stack:
 - AUXTOOLS CHECK("auxmos.dll")
 - /datum/gas_mixture (/datum/gas_mixture): New(6)
 - the extended-capacity emergenc... (/obj/item/tank/internals/emergency_oxygen/engi): Initialize(1)
 - Atoms (/datum/controller/subsystem/atoms): InitAtom(the extended-capacity emergenc... (/obj/item/tank/internals/emergency_oxygen/engi), /list (/list))
 - Atoms (/datum/controller/subsystem/atoms): InitializeAtoms(null)
 - Atoms (/datum/controller/subsystem/atoms): Initialize(832310)
 - Master (/datum/controller/master): Initialize(10, 0, 1)
 - 
[2021-05-15 23:07:13.822] runtime error: The specified procedure could not be found.
 - 
 - proc name: AUXTOOLS CHECK (/proc/AUXTOOLS_CHECK)
 -   source file: _extools_api.dm,14
 -   usr: (src)
 -   src: null
 -   call stack:
 - AUXTOOLS CHECK("auxmos.dll")
 - /datum/gas_mixture (/datum/gas_mixture): New(70)
 - the air tank (/obj/item/tank/internals/air): Initialize(1)
 - Atoms (/datum/controller/subsystem/atoms): InitAtom(the air tank (/obj/item/tank/internals/air), /list (/list))
 - the air tank (/obj/item/tank/internals/air): New(1)
 - the emergency closet (/obj/structure/closet/emcloset): PopulateContents()
 - the emergency closet (/obj/structure/closet/emcloset): Initialize(1)
 - Atoms (/datum/controller/subsystem/atoms): InitAtom(the emergency closet (/obj/structure/closet/emcloset), /list (/list))
 - Atoms (/datum/controller/subsystem/atoms): InitializeAtoms(null)
 - Atoms (/datum/controller/subsystem/atoms): Initialize(832310)
 - Master (/datum/controller/master): Initialize(10, 0, 1)
 - 
[2021-05-15 23:07:13.835] runtime error: The specified procedure could not be found.
 - 
 - proc name: AUXTOOLS CHECK (/proc/AUXTOOLS_CHECK)
 -   source file: _extools_api.dm,14
 -   usr: (src)
 -   src: null
 -   call stack:
 - AUXTOOLS CHECK("auxmos.dll")
 - /datum/gas_mixture (/datum/gas_mixture): New(6)
 - the extended-capacity emergenc... (/obj/item/tank/internals/emergency_oxygen/engi): Initialize(1)
 - Atoms (/datum/controller/subsystem/atoms): InitAtom(the extended-capacity emergenc... (/obj/item/tank/internals/emergency_oxygen/engi), /list (/list))
 - Atoms (/datum/controller/subsystem/atoms): InitializeAtoms(null)
 - Atoms (/datum/controller/subsystem/atoms): Initialize(832310)
 - Master (/datum/controller/master): Initialize(10, 0, 1)
 - 
[2021-05-15 23:07:13.847] runtime error: The specified procedure could not be found.
 - 
 - proc name: AUXTOOLS CHECK (/proc/AUXTOOLS_CHECK)
 -   source file: _extools_api.dm,14
 -   usr: (src)
 -   src: null
 -   call stack:
 - AUXTOOLS CHECK("auxmos.dll")
 - /datum/gas_mixture (/datum/gas_mixture): New(6)
 - the extended-capacity emergenc... (/obj/item/tank/internals/emergency_oxygen/engi): Initialize(1)
 - Atoms (/datum/controller/subsystem/atoms): InitAtom(the extended-capacity emergenc... (/obj/item/tank/internals/emergency_oxygen/engi), /list (/list))
 - Atoms (/datum/controller/subsystem/atoms): InitializeAtoms(null)
 - Atoms (/datum/controller/subsystem/atoms): Initialize(832310)
 - Master (/datum/controller/master): Initialize(10, 0, 1)
 - 
[2021-05-15 23:07:13.858] runtime error: The specified procedure could not be found.
 - 
 - proc name: AUXTOOLS CHECK (/proc/AUXTOOLS_CHECK)
 -   source file: _extools_api.dm,14
 -   usr: (src)
 -   src: null
 -   call stack:
 - AUXTOOLS CHECK("auxmos.dll")
 - /datum/gas_mixture (/datum/gas_mixture): New(6)
 - the extended-capacity emergenc... (/obj/item/tank/internals/emergency_oxygen/engi): Initialize(1)
 - Atoms (/datum/controller/subsystem/atoms): InitAtom(the extended-capacity emergenc... (/obj/item/tank/internals/emergency_oxygen/engi), /list (/list))
 - Atoms (/datum/controller/subsystem/atoms): InitializeAtoms(null)
 - Atoms (/datum/controller/subsystem/atoms): Initialize(832310)
 - Master (/datum/controller/master): Initialize(10, 0, 1)
 - 
[2021-05-15 23:07:14.354] runtime error: The specified procedure could not be found.
 - 
 - proc name: AUXTOOLS CHECK (/proc/AUXTOOLS_CHECK)
 -   source file: _extools_api.dm,14
 -   usr: (src)
 -   src: null
 -   call stack:
 - AUXTOOLS CHECK("auxmos.dll")
 - /datum/gas_mixture (/datum/gas_mixture): New(6)
 - the extended-capacity emergenc... (/obj/item/tank/internals/emergency_oxygen/engi): Initialize(1)
 - Atoms (/datum/controller/subsystem/atoms): InitAtom(the extended-capacity emergenc... (/obj/item/tank/internals/emergency_oxygen/engi), /list (/list))
 - Atoms (/datum/controller/subsystem/atoms): InitializeAtoms(null)
 - Atoms (/datum/controller/subsystem/atoms): Initialize(832310)
 - Master (/datum/controller/master): Initialize(10, 0, 1)
 - 
[2021-05-15 23:07:14.422] runtime error: The specified procedure could not be found.
 - 
 - proc name: AUXTOOLS CHECK (/proc/AUXTOOLS_CHECK)
 -   source file: _extools_api.dm,14
 -   usr: (src)
 -   src: null
 -   call stack:
 - AUXTOOLS CHECK("auxmos.dll")
 - /datum/gas_mixture (/datum/gas_mixture): New(3)
 - the emergency oxygen tank (/obj/item/tank/internals/emergency_oxygen): Initialize(1)
 - Atoms (/datum/controller/subsystem/atoms): InitAtom(the emergency oxygen tank (/obj/item/tank/internals/emergency_oxygen), /list (/list))
 - the emergency oxygen tank (/obj/item/tank/internals/emergency_oxygen): New(1)
 - quartermaster\'s locker (/obj/structure/closet/secure_closet/quartermaster): PopulateContents()
 - quartermaster\'s locker (/obj/structure/closet/secure_closet/quartermaster): Initialize(1)
 - Atoms (/datum/controller/subsystem/atoms): InitAtom(quartermaster\'s locker (/obj/structure/closet/secure_closet/quartermaster), /list (/list))
 - Atoms (/datum/controller/subsystem/atoms): InitializeAtoms(null)
 - Atoms (/datum/controller/subsystem/atoms): Initialize(832310)
 - Master (/datum/controller/master): Initialize(10, 0, 1)
 - 
[2021-05-15 23:07:15.082] runtime error: The specified procedure could not be found.
 - 
 - proc name: AUXTOOLS CHECK (/proc/AUXTOOLS_CHECK)
 -   source file: _extools_api.dm,14
 -   usr: (src)
 -   src: null
 -   call stack:
 - AUXTOOLS CHECK("auxmos.dll")
 - /datum/gas_mixture (/datum/gas_mixture): New(3)
 - the emergency oxygen tank (/obj/item/tank/internals/emergency_oxygen): Initialize(1)
 - Atoms (/datum/controller/subsystem/atoms): InitAtom(the emergency oxygen tank (/obj/item/tank/internals/emergency_oxygen), /list (/list))
 - the emergency oxygen tank (/obj/item/tank/internals/emergency_oxygen): New(1)
 - the emergency closet (/obj/structure/closet/emcloset): PopulateContents()
 - the emergency closet (/obj/structure/closet/emcloset): Initialize(1)
 - Atoms (/datum/controller/subsystem/atoms): InitAtom(the emergency closet (/obj/structure/closet/emcloset), /list (/list))
 - Atoms (/datum/controller/subsystem/atoms): InitializeAtoms(null)
 - Atoms (/datum/controller/subsystem/atoms): Initialize(832310)
 - Master (/datum/controller/master): Initialize(10, 0, 1)
 - 
[2021-05-15 23:07:15.380] runtime error: The specified procedure could not be found.
 - 
 - proc name: AUXTOOLS CHECK (/proc/AUXTOOLS_CHECK)
 -   source file: _extools_api.dm,14
 -   usr: (src)
 -   src: null
 -   call stack:
 - AUXTOOLS CHECK("auxmos.dll")
 - /datum/gas_mixture (/datum/gas_mixture): New(3)
 - the emergency oxygen tank (/obj/item/tank/internals/emergency_oxygen): Initialize(1)
 - Atoms (/datum/controller/subsystem/atoms): InitAtom(the emergency oxygen tank (/obj/item/tank/internals/emergency_oxygen), /list (/list))
 - the emergency oxygen tank (/obj/item/tank/internals/emergency_oxygen): New(1)
 - the emergency closet (/obj/structure/closet/emcloset): PopulateContents()
 - the emergency closet (/obj/structure/closet/emcloset): Initialize(1)
 - Atoms (/datum/controller/subsystem/atoms): InitAtom(the emergency closet (/obj/structure/closet/emcloset), /list (/list))
 - Atoms (/datum/controller/subsystem/atoms): InitializeAtoms(null)
 - Atoms (/datum/controller/subsystem/atoms): Initialize(832310)
 - Master (/datum/controller/master): Initialize(10, 0, 1)
 - 
[2021-05-15 23:07:15.395] runtime error: The specified procedure could not be found.
 - 
 - proc name: AUXTOOLS CHECK (/proc/AUXTOOLS_CHECK)
 -   source file: _extools_api.dm,14
 -   usr: (src)
 -   src: null
 -   call stack:
 - AUXTOOLS CHECK("auxmos.dll")
 - /datum/gas_mixture (/datum/gas_mixture): New(3)
 - the emergency oxygen tank (/obj/item/tank/internals/emergency_oxygen): Initialize(1)
 - Atoms (/datum/controller/subsystem/atoms): InitAtom(the emergency oxygen tank (/obj/item/tank/internals/emergency_oxygen), /list (/list))
 - the emergency oxygen tank (/obj/item/tank/internals/emergency_oxygen): New(1)
 - the emergency closet (/obj/structure/closet/emcloset): PopulateContents()
 - the emergency closet (/obj/structure/closet/emcloset): Initialize(1)
 - Atoms (/datum/controller/subsystem/atoms): InitAtom(the emergency closet (/obj/structure/closet/emcloset), /list (/list))
 - Atoms (/datum/controller/subsystem/atoms): InitializeAtoms(null)
 - Atoms (/datum/controller/subsystem/atoms): Initialize(832310)
 - Master (/datum/controller/master): Initialize(10, 0, 1)
 - 
[2021-05-15 23:07:15.532] runtime error: The specified procedure could not be found.
 - 
 - proc name: AUXTOOLS CHECK (/proc/AUXTOOLS_CHECK)
 -   source file: _extools_api.dm,14
 -   usr: (src)
 -   src: null
 -   call stack:
 - AUXTOOLS CHECK("auxmos.dll")
 - /datum/gas_mixture (/datum/gas_mixture): New(3)
 - the emergency oxygen tank (/obj/item/tank/internals/emergency_oxygen): Initialize(1)
 - Atoms (/datum/controller/subsystem/atoms): InitAtom(the emergency oxygen tank (/obj/item/tank/internals/emergency_oxygen), /list (/list))
 - the emergency oxygen tank (/obj/item/tank/internals/emergency_oxygen): New(1)
 - the emergency closet (/obj/structure/closet/emcloset): PopulateContents()
 - the emergency closet (/obj/structure/closet/emcloset): Initialize(1)
 - Atoms (/datum/controller/subsystem/atoms): InitAtom(the emergency closet (/obj/structure/closet/emcloset), /list (/list))
 - Atoms (/datum/controller/subsystem/atoms): InitializeAtoms(null)
 - Atoms (/datum/controller/subsystem/atoms): Initialize(832310)
 - Master (/datum/controller/master): Initialize(10, 0, 1)
 - 
[2021-05-15 23:07:15.614] runtime error: The specified procedure could not be found.
 - 
 - proc name: AUXTOOLS CHECK (/proc/AUXTOOLS_CHECK)
 -   source file: _extools_api.dm,14
 -   usr: (src)
 -   src: null
 -   call stack:
 - AUXTOOLS CHECK("auxmos.dll")
 - /datum/gas_mixture (/datum/gas_mixture): New(70)
 - the air tank (/obj/item/tank/internals/air): Initialize(1)
 - Atoms (/datum/controller/subsystem/atoms): InitAtom(the air tank (/obj/item/tank/internals/air), /list (/list))
 - the air tank (/obj/item/tank/internals/air): New(1)
 - the emergency closet (/obj/structure/closet/emcloset): PopulateContents()
 - the emergency closet (/obj/structure/closet/emcloset): Initialize(1)
 - Atoms (/datum/controller/subsystem/atoms): InitAtom(the emergency closet (/obj/structure/closet/emcloset), /list (/list))
 - Atoms (/datum/controller/subsystem/atoms): InitializeAtoms(null)
 - Atoms (/datum/controller/subsystem/atoms): Initialize(832310)
 - Master (/datum/controller/master): Initialize(10, 0, 1)
 - 
[2021-05-15 23:07:17.569] runtime error: The specified procedure could not be found.
 - 
 - proc name: AUXTOOLS CHECK (/proc/AUXTOOLS_CHECK)
 -   source file: _extools_api.dm,14
 -   usr: (src)
 -   src: null
 -   call stack:
 - AUXTOOLS CHECK("auxmos.dll")
 - /datum/gas_mixture (/datum/gas_mixture): New(70)
 - the anesthetic tank (/obj/item/tank/internals/anesthetic): Initialize(1)
 - Atoms (/datum/controller/subsystem/atoms): InitAtom(the anesthetic tank (/obj/item/tank/internals/anesthetic), /list (/list))
 - Atoms (/datum/controller/subsystem/atoms): InitializeAtoms(null)
 - Atoms (/datum/controller/subsystem/atoms): Initialize(832310)
 - Master (/datum/controller/master): Initialize(10, 0, 1)
 - 
[2021-05-15 23:07:17.579] runtime error: The specified procedure could not be found.
 - 
 - proc name: AUXTOOLS CHECK (/proc/AUXTOOLS_CHECK)
 -   source file: _extools_api.dm,14
 -   usr: (src)
 -   src: null
 -   call stack:
 - AUXTOOLS CHECK("auxmos.dll")
 - /datum/gas_mixture (/datum/gas_mixture): New(70)
 - the anesthetic tank (/obj/item/tank/internals/anesthetic): Initialize(1)
 - Atoms (/datum/controller/subsystem/atoms): InitAtom(the anesthetic tank (/obj/item/tank/internals/anesthetic), /list (/list))
 - Atoms (/datum/controller/subsystem/atoms): InitializeAtoms(null)
 - Atoms (/datum/controller/subsystem/atoms): Initialize(832310)
 - Master (/datum/controller/master): Initialize(10, 0, 1)
 - 
[2021-05-15 23:07:17.788] runtime error: The specified procedure could not be found.
 - 
 - proc name: AUXTOOLS CHECK (/proc/AUXTOOLS_CHECK)
 -   source file: _extools_api.dm,14
 -   usr: (src)
 -   src: null
 -   call stack:
 - AUXTOOLS CHECK("auxmos.dll")
 - /datum/gas_mixture (/datum/gas_mixture): New(70)
 - the anesthetic tank (/obj/item/tank/internals/anesthetic): Initialize(1)
 - Atoms (/datum/controller/subsystem/atoms): InitAtom(the anesthetic tank (/obj/item/tank/internals/anesthetic), /list (/list))
 - Atoms (/datum/controller/subsystem/atoms): InitializeAtoms(null)
 - Atoms (/datum/controller/subsystem/atoms): Initialize(832310)
 - Master (/datum/controller/master): Initialize(10, 0, 1)
 - 
[2021-05-15 23:07:17.803] runtime error: The specified procedure could not be found.
 - 
 - proc name: AUXTOOLS CHECK (/proc/AUXTOOLS_CHECK)
 -   source file: _extools_api.dm,14
 -   usr: (src)
 -   src: null
 -   call stack:
 - AUXTOOLS CHECK("auxmos.dll")
 - /datum/gas_mixture (/datum/gas_mixture): New(70)
 - the anesthetic tank (/obj/item/tank/internals/anesthetic): Initialize(1)
 - Atoms (/datum/controller/subsystem/atoms): InitAtom(the anesthetic tank (/obj/item/tank/internals/anesthetic), /list (/list))
 - Atoms (/datum/controller/subsystem/atoms): InitializeAtoms(null)
 - Atoms (/datum/controller/subsystem/atoms): Initialize(832310)
 - Master (/datum/controller/master): Initialize(10, 0, 1)
 - 
[2021-05-15 23:07:18.963] runtime error: The specified procedure could not be found.
 - 
 - proc name: AUXTOOLS CHECK (/proc/AUXTOOLS_CHECK)
 -   source file: _extools_api.dm,14
 -   usr: (src)
 -   src: null
 -   call stack:
 - AUXTOOLS CHECK("auxmos.dll")
 - /datum/gas_mixture (/datum/gas_mixture): New(70)
 - the anesthetic tank (/obj/item/tank/internals/anesthetic): Initialize(1)
 - Atoms (/datum/controller/subsystem/atoms): InitAtom(the anesthetic tank (/obj/item/tank/internals/anesthetic), /list (/list))
 - Atoms (/datum/controller/subsystem/atoms): InitializeAtoms(null)
 - Atoms (/datum/controller/subsystem/atoms): Initialize(832310)
 - Master (/datum/controller/master): Initialize(10, 0, 1)
 - 
[2021-05-15 23:07:18.974] runtime error: The specified procedure could not be found.
 - 
 - proc name: AUXTOOLS CHECK (/proc/AUXTOOLS_CHECK)
 -   source file: _extools_api.dm,14
 -   usr: (src)
 -   src: null
 -   call stack:
 - AUXTOOLS CHECK("auxmos.dll")
 - /datum/gas_mixture (/datum/gas_mixture): New(70)
 - the anesthetic tank (/obj/item/tank/internals/anesthetic): Initialize(1)
 - Atoms (/datum/controller/subsystem/atoms): InitAtom(the anesthetic tank (/obj/item/tank/internals/anesthetic), /list (/list))
 - Atoms (/datum/controller/subsystem/atoms): InitializeAtoms(null)
 - Atoms (/datum/controller/subsystem/atoms): Initialize(832310)
 - Master (/datum/controller/master): Initialize(10, 0, 1)
 - 
[2021-05-15 23:07:18.990] runtime error: The specified procedure could not be found.
 - 
 - proc name: AUXTOOLS CHECK (/proc/AUXTOOLS_CHECK)
 -   source file: _extools_api.dm,14
 -   usr: (src)
 -   src: null
 -   call stack:
 - AUXTOOLS CHECK("auxmos.dll")
 - /datum/gas_mixture (/datum/gas_mixture): New(70)
 - the anesthetic tank (/obj/item/tank/internals/anesthetic): Initialize(1)
 - Atoms (/datum/controller/subsystem/atoms): InitAtom(the anesthetic tank (/obj/item/tank/internals/anesthetic), /list (/list))
 - Atoms (/datum/controller/subsystem/atoms): InitializeAtoms(null)
 - Atoms (/datum/controller/subsystem/atoms): Initialize(832310)
 - Master (/datum/controller/master): Initialize(10, 0, 1)
 - 
[2021-05-15 23:09:22.947] runtime error: Division by zero
 - proc name: create gas (/obj/machinery/portable_atmospherics/canister/proc/create_gas)
 -   source file: canister.dm,220
 -   usr: null
 -   src: the o2 canister (/obj/machinery/portable_atmospherics/canister/oxygen)
 -   src.loc: the floor (57,22,5) (/turf/open/floor/plasteel/dark)
 -   call stack:
 - the o2 canister (/obj/machinery/portable_atmospherics/canister/oxygen): create gas()
 - the o2 canister (/obj/machinery/portable_atmospherics/canister/oxygen): New(the floor (57,22,5) (/turf/open/floor/plasteel/dark), null)
 - /datum/parsed_map (/datum/parsed_map): create atom(/obj/machinery/portable_atmosp... (/obj/machinery/portable_atmospherics/canister/oxygen), the floor (57,22,5) (/turf/open/floor/plasteel/dark))
 - /datum/parsed_map (/datum/parsed_map): instance atom(/obj/machinery/portable_atmosp... (/obj/machinery/portable_atmospherics/canister/oxygen), /list (/list), the floor (57,22,5) (/turf/open/floor/plasteel/dark), 0, 1, 0, 0, 0, 0)
 - /datum/parsed_map (/datum/parsed_map): build coordinate(/list (/list), /list (/list), the floor (57,22,5) (/turf/open/floor/plasteel/dark), 0, 1, 0, 0, 0, 0, 0)
 - /datum/parsed_map (/datum/parsed_map):  load impl(52, 10, 5, 1, 0, -1e+031, 1e+031, -1e+031, 1e+031, 1, 2, 0, null)
 - /datum/parsed_map (/datum/parsed_map): load(52, 10, 5, 1, 0, null, null, null, null, 1, 2, 0, null)
 - basic syndicate infiltrator (/datum/map_template/shuttle/infiltrator/basic): load(the hull (52,10,5) (/turf/closed/wall/r_wall/syndicate), 0, 2, 0, 0, 0, 0)
 - basic syndicate infiltrator (/datum/map_template/shuttle/infiltrator/basic): load(the hull (52,10,5) (/turf/closed/wall/r_wall/syndicate), 0, 2, 0, 0, 0, 0)
 - Shuttle (/datum/controller/subsystem/shuttle): load template(basic syndicate infiltrator (/datum/map_template/shuttle/infiltrator/basic))
 - Shuttle (/datum/controller/subsystem/shuttle): action load(basic syndicate infiltrator (/datum/map_template/shuttle/infiltrator/basic), the syndicate recon outpost (/obj/docking_port/stationary))
 - the syndicate recon outpost (/obj/docking_port/stationary): load roundstart()
 - Shuttle (/datum/controller/subsystem/shuttle): initial load()
 - Shuttle (/datum/controller/subsystem/shuttle): Initialize(833599)
 - Master (/datum/controller/master): Initialize(10, 0, 1)
 - 
[2021-05-15 23:09:24.705] ## WARNING: No /obj/docking_port/mobile/arrivals placed on the map! in code/controllers/subsystem/shuttle.dm at line 80 src: Shuttle usr: .
[2021-05-15 23:09:30.312] runtime error: Division by zero
 - proc name: create gas (/obj/machinery/portable_atmospherics/canister/air/create_gas)
 -   source file: canister.dm,224
 -   usr: null
 -   src: the air canister (/obj/machinery/portable_atmospherics/canister/air)
 -   src.loc: the floor (246,234,4) (/turf/open/floor/plasteel/barber)
 -   call stack:
 - the air canister (/obj/machinery/portable_atmospherics/canister/air): create gas()
 - the air canister (/obj/machinery/portable_atmospherics/canister/air): New(the floor (246,234,4) (/turf/open/floor/plasteel/barber), null)
 - /datum/parsed_map (/datum/parsed_map): create atom(/obj/machinery/portable_atmosp... (/obj/machinery/portable_atmospherics/canister/air), the floor (246,234,4) (/turf/open/floor/plasteel/barber))
 - /datum/parsed_map (/datum/parsed_map): instance atom(/obj/machinery/portable_atmosp... (/obj/machinery/portable_atmospherics/canister/air), /list (/list), the floor (246,234,4) (/turf/open/floor/plasteel/barber), 0, 1, 0, 0, 0, 0)
 - /datum/parsed_map (/datum/parsed_map): build coordinate(/list (/list), /list (/list), the floor (246,234,4) (/turf/open/floor/plasteel/barber), 0, 1, 0, 0, 0, 0, 0)
 - /datum/parsed_map (/datum/parsed_map):  load impl(212, 215, 4, 1, 0, -1e+031, 1e+031, -1e+031, 1e+031, 1, 2, 0, null)
 - /datum/parsed_map (/datum/parsed_map): load(212, 215, 4, 1, 0, null, null, null, null, 1, 2, 0, null)
 - Oasis Bunker 2 (/datum/map_template/fallout/dungeons/oasisbunker2): load(the dense rock (212,215,4) (/turf/closed/indestructible/rock), 0, 2, 0, 0, 0)
 - Mapping (/datum/controller/subsystem/mapping): load marks()
 - Minor Mapping (/datum/controller/subsystem/minor_mapping): Initialize(833647)
 - Master (/datum/controller/master): Initialize(10, 0, 1)
 - 
[2021-05-15 23:09:32.922] Initializations complete within 171.3 seconds!
[2021-05-15 23:09:33.186] runtime error: Auxtools not found! Callback subsystem shutting itself off.
 - proc name: process callbacks (/proc/process_callbacks)
 -   source file: callback.dm,10
 -   usr: (src)
 -   src: null
 -   call stack:
 - process callbacks(null, 48.5)
 - Auxtools Callbacks (/datum/controller/subsystem/callbacks): fire(0)
 - Auxtools Callbacks (/datum/controller/subsystem/callbacks): ignite(0)
 - Master (/datum/controller/master): RunQueue()
 - Master (/datum/controller/master): Loop()
 - Master (/datum/controller/master): StartProcessing(0)
 - 
