[2021-05-16 00:29:32.773] TGS Info: Activating API for version 3.2.6.2
[2021-05-16 00:29:32.793] runtime error: list index out of bounds
 - proc name: OnWorldNew (/datum/tgs_api/v3210/OnWorldNew)
 -   source file: api.dm,69
 -   usr: null
 -   src: /datum/tgs_api/v3210 (/datum/tgs_api/v3210)
 -   call stack:
 - /datum/tgs_api/v3210 (/datum/tgs_api/v3210): OnWorldNew(0)
 - world: TgsNew(/datum/tgs_event_handler/impl (/datum/tgs_event_handler/impl), 0)
 - world: InitTgs()
 - world: New()
 - 
[2021-05-16 00:29:32.793] TGS Error: Failed to activate API!
[2021-05-16 00:29:32.795] Running /tg/ revision: 
 - No commit information
[2021-05-16 00:29:32.810] Loading config file config.txt...
[2021-05-16 00:29:32.856] Loading config file game_options.txt...
[2021-05-16 00:29:32.877] Loading config file dbconfig.txt...
[2021-05-16 00:29:32.892] Loading config file comms.txt...
[2021-05-16 00:29:32.901] Loading config file antag_rep.txt...
[2021-05-16 00:29:32.909] Loading config file resources.txt...
[2021-05-16 00:29:32.929] Loading config file donator_groupings.txt...
[2021-05-16 00:29:32.937] Loading config file dynamic_config.txt...
[2021-05-16 00:29:32.958] Loading config file plushies/defines.txt...
[2021-05-16 00:29:32.966] Loading config file job_threats.txt...
[2021-05-16 00:29:32.979] Loading config file policy.txt...
[2021-05-16 00:29:32.995] Loading config file maps.txt...
[2021-05-16 00:29:33.125] Database connection established.
[2021-05-16 00:29:33.128] SQL: Could not get schema version from database
