[2021-05-16 00:29:33.149] Starting up round ID 7.
 - -------------------------
[2021-05-16 00:44:23.824] 2006F \ Alisya Durstine \ Head Hunter \ NONE \ LATEJOIN
[2021-05-16 00:44:44.266] Aedaris \ Sierra Tedrow \ Wastelander \ NONE \ LATEJOIN
[2021-05-16 00:46:42.613] AlexAlbright \ Asher Parkinson \ Wastelander \ NONE \ LATEJOIN
[2021-05-16 00:46:54.552] Italos \ Josef Polson \ Enclave Lieutenant \ NONE \ LATEJOIN
[2021-05-16 00:47:38.618] N0fun \ Makenna Coldsmith \ Outlaw \ NONE \ LATEJOIN
[2021-05-16 00:47:53.612] Eversonblr \ Miguel Hastings \ Head Paladin \ NONE \ LATEJOIN
[2021-05-16 00:50:06.962] SL4 \ Jamie Muller \ Wastelander \ NONE \ LATEJOIN
[2021-05-16 00:51:53.787] Fafale \ Sorrel Sanit \ Wastelander \ NONE \ LATEJOIN
[2021-05-16 00:53:37.135] Dantesousa \ Dante Sousa \ Enclave Private \ NONE \ LATEJOIN
[2021-05-16 00:57:04.679] SondTheAnime \ Courier \ Legion Explorer \ NONE \ LATEJOIN
[2021-05-16 00:58:18.452] Harm Brade \ Rebecca Dawkins \ Wastelander \ NONE \ LATEJOIN
[2021-05-16 01:00:08.260] Nickenzo12345 \ Mallory Seidner \ Wastelander \ NONE \ LATEJOIN
[2021-05-16 01:00:55.358] Fadocazum8 \ Louis Wood \ Legion Explorer \ NONE \ LATEJOIN
[2021-05-16 01:01:27.049] johonasmexicanjo \ Maximus Wolfe \ Legion Venator \ NONE \ LATEJOIN
[2021-05-16 01:03:17.056] Luciam \ Luciam D'Luker \ Veteran Legionary \ NONE \ LATEJOIN
[2021-05-16 01:03:52.791] DarkPudding \ John Wick \ Detective \ NONE \ LATEJOIN
[2021-05-16 01:04:56.857] Kaduh \ Erika Haynes \ Vault-tec Engineer \ NONE \ LATEJOIN
[2021-05-16 01:05:10.642] Billyeah T \ Copetti Copetti \ Shaman \ NONE \ LATEJOIN
[2021-05-16 01:05:47.958] Luiz20 \ LUIZ BORGOS TERCEIRO \ Knight \ NONE \ LATEJOIN
[2021-05-16 01:06:45.312] johonasmexicanjo \ Weston Demuth \ Mayor \ NONE \ LATEJOIN
[2021-05-16 01:08:43.729] Mr.Universo \ Lucas Chikui \ Auxilia \ NONE \ LATEJOIN
[2021-05-16 01:09:28.543] nickenzo12345 \ Phyllis Levett \ Wastelander \ NONE \ LATEJOIN
[2021-05-16 01:10:45.630] alexalbright \ Alex Albright \ Wastelander \ NONE \ LATEJOIN
[2021-05-16 01:11:30.812] Bruno-Asbahr \ Montagne Marshall \ Wastelander \ NONE \ LATEJOIN
[2021-05-16 01:11:34.497] Zircony \ Natasha Harding \ Wastelander \ NONE \ LATEJOIN
[2021-05-16 01:12:06.083] sl4 \ Desmond Thomas \ Enclave Private \ NONE \ LATEJOIN
[2021-05-16 01:15:30.579] SpookyPineapple \ Payde Vinicius \ Wastelander \ NONE \ LATEJOIN
[2021-05-16 01:22:21.904] John_egbert3 \ Daria Mitchell \ Prime Legionary \ NONE \ LATEJOIN
[2021-05-16 01:24:37.771] nickenzo12345 \ Rebekah Losey \ Wastelander \ NONE \ LATEJOIN
[2021-05-16 01:24:56.606] Baeiou \ Roderick Malkav \ Overseer \ NONE \ LATEJOIN
[2021-05-16 01:25:46.757] darkpudding \ Brody Rathens \ Vault-tec Security \ NONE \ LATEJOIN
[2021-05-16 01:30:01.822] nickenzo12345 \ Denys Roberts \ NCR Combat Medic \ NONE \ LATEJOIN
[2021-05-16 01:36:35.055] johnegbert3 \ Roger Tanner \ Head Knight \ NONE \ LATEJOIN
[2021-05-16 01:36:42.428] alexalbright \ Alex Albright II \ Wastelander \ NONE \ LATEJOIN
[2021-05-16 01:37:35.666] harmbrade \ Tristen Jenner \ Wastelander \ NONE \ LATEJOIN
[2021-05-16 01:39:12.108] 2006f \ Payde Dante \ Enclave Private \ NONE \ LATEJOIN
[2021-05-16 01:41:21.867] billyeaht \ Copetino I \ Veteran Legionary \ NONE \ LATEJOIN
[2021-05-16 01:43:55.718] nickenzo12345 \ Ayla Hussain \ NCR Medical Officer \ NONE \ LATEJOIN
[2021-05-16 01:44:16.542] spookypineapple \ Tonhao Vermelho \ Veteran Legionary \ NONE \ LATEJOIN
[2021-05-16 01:44:47.844] HyroFox \ Raul Hooker \ Wastelander \ NONE \ LATEJOIN
[2021-05-16 01:46:08.497] mruniverso \ Bernard Chuvasca \ Auxilia \ NONE \ LATEJOIN
[2021-05-16 01:46:21.538] johnegbert3 \ Pai Do Johonas \ Knight \ NONE \ LATEJOIN
[2021-05-16 01:46:27.822] nickenzo12345 \ Flossie Ackerley \ Sheriff \ NONE \ LATEJOIN
[2021-05-16 01:49:02.312] aedaris \ Derek Shafer \ Prime Legionary \ NONE \ LATEJOIN
[2021-05-16 01:49:51.895] johnegbert3 \ Adder Pedofilo \ Prime Legionary \ NONE \ LATEJOIN
[2021-05-16 01:49:59.940] Pedrinho2903 \ Cleber Legalios \ Wastelander \ NONE \ LATEJOIN
[2021-05-16 01:50:09.244] johonasmexicanjo \ Israel Baum \ Auxilia \ NONE \ LATEJOIN
[2021-05-16 01:52:05.280] johnegbert3 \ Pai Do Izumi O Pedaco Preto Do Mundo \ Chief \ NONE \ LATEJOIN
[2021-05-16 01:57:07.433] billyeaht \ Copetino II \ Knight \ NONE \ LATEJOIN
[2021-05-16 01:59:29.810] 2006f \ Paydes Borgus \ Farmer \ NONE \ LATEJOIN
[2021-05-16 01:59:33.324] johnegbert3 \ Peunis Eretus \ NCR Combat Engineer \ NONE \ LATEJOIN
[2021-05-16 02:00:57.198] DanteThanatos \ Dr Oswald Casket \ Vault-tec Doctor \ NONE \ LATEJOIN
[2021-05-16 02:01:03.495] spookypineapple \ Nenem Bragas \ Vault-tec Security \ NONE \ LATEJOIN
[2021-05-16 02:01:46.447] mruniverso \ Roberto Vascavo \ Recruit Legionary \ NONE \ LATEJOIN
[2021-05-16 02:05:07.779] johnegbert3 \ Payde Felipes \ Wastelander \ NONE \ LATEJOIN
[2021-05-16 02:05:31.675] billyeaht \ Pai Do Copettino II \ NCR Corporal \ NONE \ LATEJOIN
[2021-05-16 02:05:58.229] aedaris \ Daniel Payde \ Vault-tec Scientist \ NONE \ LATEJOIN
[2021-05-16 02:09:28.449] 2006f \ Paydes Tonho \ Druid \ NONE \ LATEJOIN
[2021-05-16 02:13:59.162] Shirozinha \ Joseph Joestar \ Wastelander \ NONE \ LATEJOIN
[2021-05-16 02:16:15.799] 2006f \ Paydes Johonus \ Wastelander \ NONE \ LATEJOIN
[2021-05-16 02:16:31.806] pedrinho2903 \ Gage Mcfall \ Wastelander \ NONE \ LATEJOIN
[2021-05-16 02:20:22.734] shirozinha \ Tio Osso \ Wastelander \ NONE \ LATEJOIN
[2021-05-16 02:21:05.220] alexalbright \ Alex Albright III \ Wastelander \ NONE \ LATEJOIN
[2021-05-16 02:22:04.632] mruniverso \ Brayden Zoucks \ Wastelander \ NONE \ LATEJOIN
[2021-05-16 02:27:11.859] dantesousa \ John Snow \ Followers Volunteer \ NONE \ LATEJOIN
[2021-05-16 02:27:13.158] Rerom \ Ringa Copas \ Wastelander \ NONE \ LATEJOIN
[2021-05-16 02:29:39.610] Comicao1 \ Bashar Al Saffah \ Wastelander \ NONE \ LATEJOIN
[2021-05-16 02:32:09.373] Corvopimpolho \ Jerome Nabiev \ Wastelander \ NONE \ LATEJOIN
[2021-05-16 02:38:32.729] comicao1 \ Bashar Al Soulbreaker \ Wastelander \ NONE \ LATEJOIN
[2021-05-16 02:40:48.732] 2006f \ Cheyenne Garrison \ Hunter \ NONE \ LATEJOIN
[2021-05-16 02:44:43.655] 2006f \ Ambrosine Sagan \ Vault-tec Security \ NONE \ LATEJOIN
[2021-05-16 02:45:46.053] spookypineapple \ Vinicius Levanuyrabo \ Chief of Security \ NONE \ LATEJOIN
[2021-05-16 02:47:36.098] johnegbert3 \ Felipes Orfaos \ Head Scribe \ NONE \ LATEJOIN
[2021-05-16 02:49:46.976] 2006f \ Hazel Hujsak \ Initiate \ NONE \ LATEJOIN
[2021-05-16 02:50:47.040] corvopimpolho \ Maddox Prechtl \ Wastelander \ NONE \ LATEJOIN
[2021-05-16 02:51:06.636] comicao1 \ Bashar Mujaiding \ Wastelander \ NONE \ LATEJOIN
[2021-05-16 02:52:27.727] johnegbert3 \ Vinicius Orfaos \ Proctor \ NONE \ LATEJOIN
[2021-05-16 02:59:51.776] FidgetyBacchus \ Yun-Seo Kierst \ Wastelander \ NONE \ LATEJOIN
[2021-05-16 03:06:09.364] comicao1 \ Bashar Al-Assad \ Wastelander \ NONE \ LATEJOIN
[2021-05-16 03:08:57.104] bxssvg \ Lia Pavlov \ Wastelander \ NONE \ LATEJOIN
[2021-05-16 03:15:08.422] Lecreep \ Angie Kadel \ NCR Corporal \ NONE \ LATEJOIN
[2021-05-16 03:16:19.506] Zerito22 \ Randy Davies \ Druid \ NONE \ LATEJOIN
[2021-05-16 03:18:20.941] johnegbert3 \ Paisd DO \ Scribe \ NONE \ LATEJOIN
