/mob/living/carbon/human => 3442ms (40181) (avg:0.085662379860877991)
/obj/screen/healthdoll => 1967ms (34191) (avg:0.057529758661985397)
/obj/item/pinpointer/crew => 923ms (11777) (avg:0.078373096883296967)
/obj/machinery/power/smes/magical => 453ms (5267) (avg:0.086007215082645416)
/turf/closed/mineral/random/low_chance => 355ms (52527) (avg:0.0067584291100502014)
/obj/machinery/light/fo13colored/Red => 312ms (10144) (avg:0.030757097527384758)
/obj/screen/inventory => 276ms (4969) (avg:0.055544376373291016)
/obj/screen/inventory/hand => 237ms (9155) (avg:0.025887493044137955)
/mob/living/carbon/human/dummy => 210ms (4424) (avg:0.047468353062868118)
/obj/effect/decal/cleanable/blood/footprints => 191ms (6055) (avg:0.03154417872428894)
/obj/screen/movable/action_button => 175ms (2616) (avg:0.066896021366119385)
/obj/machinery/hydroponics/constructable => 155ms (2015) (avg:0.076923079788684845)
/obj/machinery/hydroponics/soil => 147ms (6780) (avg:0.021681416779756546)
/turf/open/space/basic => 111ms (39910) (avg:0.0027812577318400145)
/obj/screen/parallax_layer/layer_1 => 108ms (385) (avg:0.28051948547363281)
/obj/machinery/light/fo13colored/Aqua => 94ms (3050) (avg:0.030819671228528023)
/obj/machinery/door/airlock/security => 94ms (826) (avg:0.11380144953727722)
/obj/machinery/door/airlock/abandoned => 88ms (707) (avg:0.12446959316730499)
/obj/screen/parallax_layer/layer_3 => 88ms (177) (avg:0.49717512726783752)
/obj/structure/window/reinforced/fulltile => 86ms (4154) (avg:0.020702937617897987)
/obj/screen/parallax_layer/layer_2 => 81ms (385) (avg:0.21038961410522461)
/obj/machinery/door/airlock/medical/glass => 74ms (870) (avg:0.085057474672794342)
/obj/machinery/light/fo13colored/Pink => 68ms (1952) (avg:0.034836065024137497)
/obj/machinery/door/airlock/public/glass => 68ms (652) (avg:0.10429447889328003)
/obj/structure/table/wood => 58ms (761) (avg:0.076215505599975586)
/obj/machinery/door/airlock/science/glass => 57ms (507) (avg:0.1124260351061821)
/turf/closed/mineral/random/high_chance => 56ms (6695) (avg:0.0083644511178135872)
/obj/machinery/door/airlock/highsecurity => 52ms (305) (avg:0.17049179971218109)
/obj/screen/sprintbutton => 50ms (938) (avg:0.053304903209209442)
/obj/machinery/door/airlock/grunge => 48ms (513) (avg:0.093567252159118652)
/obj/machinery/light/lampost => 43ms (1406) (avg:0.0305832140147686)
/obj/machinery/door/airlock/medical => 41ms (458) (avg:0.089519649744033813)
/obj/machinery/door/airlock/hatch => 40ms (393) (avg:0.10178116708993912)
/obj/effect/decal/cleanable/dirt => 39ms (4247) (avg:0.009182952344417572)
/obj/machinery/door/airlock/maintenance/abandoned => 35ms (314) (avg:0.1114649698138237)
/obj/item/reagent_containers/glass/beaker/large => 33ms (275) (avg:0.11999999731779099)
/obj/machinery/mecha_part_fabricator => 30ms (3347) (avg:0.0089632505550980568)
/obj/machinery/door/airlock/engineering => 30ms (200) (avg:0.15000000596046448)
/obj/machinery/door/airlock/command => 28ms (303) (avg:0.092409238219261169)
/obj/machinery/door/airlock/security/glass => 27ms (235) (avg:0.11489361524581909)
/turf/closed/mineral/iron => 24ms (3205) (avg:0.0074882996268570423)
/obj/machinery/door/airlock/wood => 23ms (208) (avg:0.11057692021131516)
/turf/closed/wall/rust => 22ms (2527) (avg:0.0087059754878282547)
/obj/item/weldingtool => 22ms (262) (avg:0.083969466388225555)
/obj/machinery/door/airlock/shuttle => 22ms (255) (avg:0.086274512112140656)
/obj/item/storage/belt/utility => 21ms (127) (avg:0.16535432636737823)
/turf/closed/indestructible/riveted => 20ms (2661) (avg:0.0075159715488553047)
/turf/closed/wall/r_wall/rust => 18ms (2103) (avg:0.0085592009127140045)
/obj/effect/decal/cleanable/blood/gibs => 17ms (704) (avg:0.024147726595401764)
/turf/closed/wall/f13/store => 16ms (1281) (avg:0.012490241788327694)
/turf/closed/mineral/lead => 16ms (1172) (avg:0.013651876710355282)
/obj/effect/decal/cleanable/blood/drip => 16ms (635) (avg:0.025196850299835205)
/obj/machinery/iv_drip => 16ms (331) (avg:0.048338368535041809)
/obj/item/pda => 15ms (202) (avg:0.074257425963878632)
/obj/machinery/door/airlock => 14ms (186) (avg:0.07526881992816925)
/turf/closed/wall/r_wall/f13vault => 13ms (1388) (avg:0.0093659944832324982)
/obj/item/reagent_containers/blood/random => 13ms (322) (avg:0.040372669696807861)
/obj/item/storage/belt/utility/full/engi => 12ms (89) (avg:0.13483145833015442)
/obj/machinery/door/airlock/command/glass => 12ms (74) (avg:0.16216215491294861)
/obj/screen/zone_sel => 11ms (288) (avg:0.0381944440305233)
/obj/item/storage/belt/security => 11ms (62) (avg:0.17741934955120087)
/obj/structure/table/reinforced => 10ms (752) (avg:0.013297872617840767)
/mob/dead/observer => 10ms (169) (avg:0.05917159840464592)
/obj/machinery/cell_charger => 10ms (107) (avg:0.093457944691181183)
/turf/closed/wall/f13/wood/house => 10ms (76) (avg:0.1315789520740509)
/turf/closed/wall/f13/supermart => 9ms (880) (avg:0.010227272287011147)
/turf/closed/mineral/gold => 9ms (570) (avg:0.015789473429322243)
/obj/screen/combattoggle => 9ms (202) (avg:0.044554457068443298)
/obj/item/gun/energy/laser/plasma => 9ms (104) (avg:0.086538463830947876)
/obj/item/stack/ore/iron => 9ms (53) (avg:0.16981132328510284)
/turf/closed/wall/r_wall => 8ms (861) (avg:0.0092915212735533714)
/turf/closed/wall/mineral/titanium => 8ms (324) (avg:0.024691358208656311)
/obj/structure/falsewall/rust => 8ms (77) (avg:0.10389610379934311)
/turf/closed/mineral/plasma => 7ms (1234) (avg:0.0056726094335317612)
/obj/machinery/light => 7ms (820) (avg:0.0085365856066346169)
/obj/item/gun/energy/laser/aer9 => 7ms (111) (avg:0.063063062727451324)
/obj/item/gun/ballistic/automatic/mini_uzi => 7ms (74) (avg:0.094594597816467285)
/turf/open/space/transit => 6ms (1621) (avg:0.0037014188710600138)
/turf/closed/mineral/titanium => 6ms (605) (avg:0.0099173551425337791)
/obj/structure/closet/cabinet => 6ms (205) (avg:0.029268292710185051)
/obj/item/gun/ballistic/automatic/autopipe => 6ms (75) (avg:0.079999998211860657)
/obj/machinery/door/airlock/freezer => 6ms (63) (avg:0.095238097012042999)
/turf/closed/wall/f13/ruins => 5ms (1118) (avg:0.0044722720049321651)
/turf/closed/mineral/silver => 5ms (696) (avg:0.0071839080192148685)
/obj/structure/table => 5ms (604) (avg:0.0082781454548239708)
/obj/structure/closet => 5ms (288) (avg:0.0173611119389534)
/obj/item/gun/energy/laser/pistol => 5ms (140) (avg:0.035714287310838699)
/obj/machinery/power/smes/engineering => 5ms (57) (avg:0.087719298899173737)
/obj/machinery/door/airlock/glass_large => 5ms (36) (avg:0.1388888955116272)
/obj/item/defibrillator => 5ms (36) (avg:0.1388888955116272)
/obj/item/stack/ore/plasma => 5ms (35) (avg:0.1428571492433548)
/obj/item/stack/ore/silver => 5ms (24) (avg:0.2083333283662796)
/obj/item/reagent_containers/hypospray/medipen/stimpak => 4ms (357) (avg:0.011204482056200504)
/turf/closed/indestructible/riveted/boss => 4ms (266) (avg:0.015037594363093376)
/obj/effect/decal/cleanable/trail_holder => 4ms (146) (avg:0.027397260069847107)
/obj/item/gun/energy/laser/wattz => 4ms (131) (avg:0.030534351244568825)
/obj/item/gun/ballistic/automatic/greasegun => 4ms (89) (avg:0.044943820685148239)
/obj/item/gun/energy/laser/plasma/pistol => 4ms (82) (avg:0.048780485987663269)
/obj/structure/weightlifter => 4ms (78) (avg:0.05128205195069313)
/turf/closed/wall/f13/wood => 4ms (35) (avg:0.11428571492433548)
/obj/item/defibrillator/loaded => 4ms (29) (avg:0.13793103396892548)
/obj/machinery/light/small => 3ms (534) (avg:0.0056179775856435299)
/turf/open/floor/carpet/black => 3ms (508) (avg:0.0059055117890238762)
/turf/open/floor/plasteel => 3ms (371) (avg:0.0080862529575824738)
/obj/screen/movable/action_button/hide_toggle => 3ms (365) (avg:0.0082191778346896172)
/obj/structure/closet/crate/bin => 3ms (165) (avg:0.018181817606091499)
/obj/machinery/computer/terminal => 3ms (106) (avg:0.028301887214183807)
/obj/item/clothing/shoes/combat/swat => 3ms (92) (avg:0.032608695328235626)
/obj/machinery/door/airlock/mining => 3ms (55) (avg:0.054545454680919647)
/obj/item/storage/box/gloves => 3ms (52) (avg:0.057692307978868484)
/obj/item/storage/box/hug/medical => 3ms (28) (avg:0.1071428582072258)
/turf/closed/wall/mineral/titanium/nodiagonal => 3ms (17) (avg:0.17647059261798859)
/obj/item/kitchen/knife => 3ms (15) (avg:0.20000000298023224)
/turf/closed/mineral/uranium => 2ms (427) (avg:0.0046838405542075634)
/turf/closed/mineral/diamond => 2ms (263) (avg:0.0076045626774430275)
/obj/structure/table/wood/settler => 2ms (261) (avg:0.0076628350652754307)
/turf/open/floor/carpet => 2ms (259) (avg:0.0077220075763761997)
/obj/structure/barricade/sandbags => 2ms (206) (avg:0.0097087379544973373)
/turf/closed/mineral/bscrystal => 2ms (191) (avg:0.010471204295754433)
/obj/effect/decal/cleanable/blood/gibs/core => 2ms (174) (avg:0.01149425283074379)
/turf/closed/wall/r_wall/f13superstore => 2ms (150) (avg:0.013333333656191826)
/obj/structure/lattice/catwalk => 2ms (130) (avg:0.015384615398943424)
/obj/item/clothing/shoes/f13/military/plated => 2ms (89) (avg:0.02247191034257412)
/turf/closed/mineral/random => 2ms (79) (avg:0.025316456332802773)
/turf/open/floor/f13 => 2ms (73) (avg:0.027397260069847107)
/obj/item/lighter => 2ms (43) (avg:0.046511627733707428)
/obj/item/gun/ballistic/automatic/ar => 2ms (43) (avg:0.046511627733707428)
/obj/structure/closet/bus => 2ms (34) (avg:0.058823529630899429)
/obj/item/clothing/neck/cloak/alt/polychromic => 2ms (29) (avg:0.068965516984462738)
/obj/item/stack/ore/glass => 2ms (27) (avg:0.074074074625968933)
/turf/closed/wall/f13/tunnel => 2ms (25) (avg:0.079999998211860657)
/obj/item/storage/box/vendingmachine => 2ms (23) (avg:0.086956523358821869)
/obj/item/storage/belt/holster => 2ms (20) (avg:0.10000000149011612)
/obj/item/storage/belt/security/full => 2ms (16) (avg:0.125)
/turf/closed/wall/f13/wood/house/broken => 2ms (13) (avg:0.15384615957736969)
/obj/machinery/am_shielding => 2ms (11) (avg:0.18181818723678589)
/turf/open/floor/plasteel/dark => 1ms (231) (avg:0.0043290043249726295)
/turf/closed/indestructible/f13vaultrusted => 1ms (192) (avg:0.0052083334885537624)
/obj/item/clothing/shoes/jackboots => 1ms (145) (avg:0.0068965516984462738)
/turf/closed/indestructible/riveted/uranium => 1ms (131) (avg:0.0076335878111422062)
/turf/closed/wall/r_wall/syndicate => 1ms (97) (avg:0.010309278033673763)
/obj/effect/decal/cleanable/dirt/dust => 1ms (92) (avg:0.010869565419852734)
/obj/item/clothing/shoes/f13/explorer => 1ms (89) (avg:0.01123595517128706)
/obj/item/gun/energy/laser/plasma/glock/extended => 1ms (80) (avg:0.012500000186264515)
/obj/machinery/door/airlock/centcom => 1ms (73) (avg:0.013698630034923553)
/obj/structure/closet/fridge => 1ms (65) (avg:0.015384615398943424)
/obj/item/weldingtool/largetank => 1ms (52) (avg:0.019230769947171211)
/obj/structure/window/fulltile/house => 1ms (49) (avg:0.020408162847161293)
/turf/open/floor/plasteel/darkred/side => 1ms (40) (avg:0.02500000037252903)
/obj/structure/table/glass => 1ms (37) (avg:0.027027027681469917)
/obj/item/clothing/shoes/combat => 1ms (37) (avg:0.027027027681469917)
/obj/item/reagent_containers/hypospray/medipen/stimpak/super => 1ms (36) (avg:0.02777777798473835)
/turf/closed/wall => 1ms (36) (avg:0.02777777798473835)
/obj/machinery/door/airlock/vault => 1ms (34) (avg:0.029411764815449715)
/obj/item/stack/ore/gold => 1ms (32) (avg:0.03125)
/obj/machinery/shower => 1ms (30) (avg:0.033333335071802139)
/obj/item/gun/ballistic/automatic/pistol/beretta/automatic => 1ms (26) (avg:0.038461539894342422)
/turf/open/floor/plasteel/f13/vault_floor/dark/darksolid => 1ms (26) (avg:0.038461539894342422)
/obj/item/reagent_containers/glass/beaker/waterbottle => 1ms (25) (avg:0.039999999105930328)
/obj/structure/table/abductor => 1ms (24) (avg:0.041666667908430099)
/obj/item/storage/box/handcuffs => 1ms (23) (avg:0.043478261679410934)
/obj/item/weldingtool/mini => 1ms (22) (avg:0.045454546809196472)
/obj/item/storage/box/security => 1ms (21) (avg:0.0476190485060215)
/obj/structure/closet/body_bag => 1ms (20) (avg:0.05000000074505806)
/obj/screen/storage/volumetric_box/center => 1ms (18) (avg:0.0555555559694767)
/obj/machinery/door/airlock/external => 1ms (16) (avg:0.0625)
/obj/machinery/rnd/production/protolathe => 1ms (16) (avg:0.0625)
/obj/machinery/door/airlock/research => 1ms (15) (avg:0.066666670143604279)
/obj/item/clothing/shoes/f13/fancy => 1ms (15) (avg:0.066666670143604279)
/obj/item/reagent_containers/glass/bottle => 1ms (14) (avg:0.071428574621677399)
/obj/structure/closet/toolcloset => 1ms (13) (avg:0.076923079788684845)
/obj/screen/radial/slice => 1ms (13) (avg:0.076923079788684845)
/obj/item/storage/box/deputy_badges => 1ms (13) (avg:0.076923079788684845)
/obj/item/clothing/shoes/sneakers/red => 1ms (13) (avg:0.076923079788684845)
/obj/item/reagent_containers/glass/bottle/charcoal => 1ms (12) (avg:0.083333335816860199)
/obj/item/reagent_containers/syringe/epinephrine => 1ms (12) (avg:0.083333335816860199)
/obj/item/holochip => 1ms (12) (avg:0.083333335816860199)
/obj/item/reagent_containers/glass/bottle/epinephrine => 1ms (11) (avg:0.090909093618392944)
/obj/item/storage/box/bodybags => 1ms (11) (avg:0.090909093618392944)
/obj/machinery/light/built => 1ms (11) (avg:0.090909093618392944)
/obj/structure/closet/cabinet/anchored => 1ms (10) (avg:0.10000000149011612)
/turf/open/floor/plating/f13/outside/desert => 1ms (10) (avg:0.10000000149011612)
/obj/item/clothing/gloves/fingerless => 1ms (10) (avg:0.10000000149011612)
/obj/item/dice/d20 => 1ms (9) (avg:0.1111111119389534)
/obj/item/storage/box/ingredients/vegetarian => 1ms (9) (avg:0.1111111119389534)
/obj/item/clothing/under/f13/vault13 => 1ms (9) (avg:0.1111111119389534)
/obj/structure/closet/abductor => 1ms (8) (avg:0.125)
/obj/structure/necropolis_gate => 1ms (8) (avg:0.125)
/obj/item/pda/captain => 1ms (7) (avg:0.1428571492433548)
/obj/item/toy/crayon/spraycan => 1ms (7) (avg:0.1428571492433548)
/obj/item/storage/fancy/cigarettes/cigars => 1ms (7) (avg:0.1428571492433548)
/obj/item/gun/energy/laser/plasma/glock => 1ms (7) (avg:0.1428571492433548)
/obj/item/storage/box/ingredients/delights => 1ms (6) (avg:0.1666666716337204)
/obj/structure/closet/secure_closet => 1ms (6) (avg:0.1666666716337204)
/turf/closed/wall/f13/tentwall => 1ms (6) (avg:0.1666666716337204)
/obj/item/modular_computer/processor => 1ms (6) (avg:0.1666666716337204)
/obj/item/kitchen/knife/combat/survival => 1ms (5) (avg:0.20000000298023224)
/obj/structure/closet/secure_closet/freezer/kitchen => 1ms (4) (avg:0.25)
/obj/machinery/computer/security/bos => 1ms (4) (avg:0.25)
/obj/structure/closet/athletic_mixed => 1ms (4) (avg:0.25)
/obj/structure/closet/secure_closet/contraband/armory => 1ms (4) (avg:0.25)
/obj/item/clothing/under/suit/charcoal => 1ms (4) (avg:0.25)
/mob/living/simple_animal/hostile/handy/nsb => 1ms (3) (avg:0.3333333432674408)
/obj/item/reagent_containers/food/drinks/mug/coco => 1ms (3) (avg:0.3333333432674408)
/obj/item/card/id/silver => 1ms (3) (avg:0.3333333432674408)
/obj/item/card/id => 1ms (3) (avg:0.3333333432674408)
/obj/item/clothing/under/f13/gentlesuit => 1ms (3) (avg:0.3333333432674408)
/obj/item/clothing/suit/armor/f13/leather_jacket => 1ms (3) (avg:0.3333333432674408)
/obj/item/clothing/suit/armor/f13/combat/brotherhood => 1ms (3) (avg:0.3333333432674408)
/obj/item/clothing/suit/hooded/wintercoat/polychromic => 1ms (3) (avg:0.3333333432674408)
/obj/item/stack/ore/blackpowder/five => 1ms (2) (avg:0.5)
/obj/item/gun/ballistic/shotgun/automatic/hunting/trail => 1ms (2) (avg:0.5)
/obj/item/clothing/mask/cigarette/cigar => 1ms (2) (avg:0.5)
/obj/item/clothing/suit/armor/f13/town/mayor => 1ms (2) (avg:0.5)
/obj/item/gun/ballistic/revolver/detective => 1ms (1) (avg:1)
/obj/item/gun/ballistic/shotgun/automatic/hunting/cowboy => 1ms (1) (avg:1)
/obj/machinery/newscaster/security_unit => 0ms (192) (avg:0)
/turf/open/space => 0ms (172) (avg:0)
/turf/closed/indestructible => 0ms (168) (avg:0)
/obj/item/clothing/shoes/sneakers/black => 0ms (161) (avg:0)
/turf/closed/indestructible/fakeglass => 0ms (108) (avg:0)
/obj/item/paper_bin => 0ms (101) (avg:0)
/obj/item/screwdriver => 0ms (93) (avg:0)
/obj/item/wirecutters => 0ms (90) (avg:0)
/turf/open/floor/holofloor/carpet => 0ms (87) (avg:0)
/obj/machinery/newscaster => 0ms (72) (avg:0)
/obj/machinery/light/floor => 0ms (65) (avg:0)
/obj/machinery/chem_dispenser => 0ms (52) (avg:0)
/turf/open/floor/plasteel/f13/vault_floor/misc/vaultrust => 0ms (48) (avg:0)
/turf/open/indestructible/ground/outside/sidewalk => 0ms (48) (avg:0)
/obj/effect/decal/cleanable/blood/gibs/down => 0ms (46) (avg:0)
/obj/structure/lattice => 0ms (45) (avg:0)
/obj/structure/table/wood/poker => 0ms (44) (avg:0)
/turf/closed/mineral/ash_rock => 0ms (42) (avg:0)
/obj/item/clothing/shoes/f13/brownie => 0ms (41) (avg:0)
/obj/structure/closet/secure_closet/personal => 0ms (39) (avg:0)
/obj/item/gun/ballistic/automatic/pistol/pistol22 => 0ms (39) (avg:0)
/obj/item/clothing/shoes/f13/military/ncr => 0ms (39) (avg:0)
/obj/item/reagent_containers/syringe/charcoal => 0ms (38) (avg:0)
/turf/open/floor/plasteel/f13/vault_floor/floor => 0ms (38) (avg:0)
/obj/item/reagent_containers/glass/bottle/nutrient/ez => 0ms (37) (avg:0)
/obj/structure/table/wood/fancy => 0ms (35) (avg:0)
/obj/item/reagent_containers/blood/radaway => 0ms (33) (avg:0)
/obj/structure/chair/comfy/shuttle => 0ms (32) (avg:0)
/obj/structure/window/plastitanium => 0ms (30) (avg:0)
/obj/structure/table/booth => 0ms (29) (avg:0)
/obj/item/reagent_containers/glass/beaker => 0ms (28) (avg:0)
/obj/item/gun/ballistic/automatic/pistol/deagle => 0ms (28) (avg:0)
/obj/item/disk/plantgene => 0ms (28) (avg:0)
/obj/item/gun/energy/laser => 0ms (27) (avg:0)
/obj/item/storage/box/drinkingglasses => 0ms (27) (avg:0)
/obj/structure/window/paperframe => 0ms (27) (avg:0)
/obj/item/storage/toolbox/mechanical => 0ms (24) (avg:0)
/obj/item/storage/box/matches => 0ms (24) (avg:0)
/obj/item/reagent_containers/syringe/medx => 0ms (24) (avg:0)
/turf/open/floor/plating/airless => 0ms (24) (avg:0)
/obj/structure/table/wood/fancy/black => 0ms (24) (avg:0)
/turf/open/floor/plating => 0ms (21) (avg:0)
/obj/structure/window/shuttle => 0ms (21) (avg:0)
/obj/structure/window/fulltile => 0ms (21) (avg:0)
/turf/closed/wall/mineral/plastitanium => 0ms (21) (avg:0)
/obj/item/clothing/shoes/sandal => 0ms (21) (avg:0)
/mob/living/simple_animal/hostile/handy => 0ms (20) (avg:0)
/obj/item/reagent_containers/glass/bottle/blackpowder => 0ms (20) (avg:0)
/obj/item/clipboard => 0ms (19) (avg:0)
/obj/item/clothing/gloves/legion => 0ms (19) (avg:0)
/obj/item/clothing/shoes/f13/military => 0ms (19) (avg:0)
/obj/item/stock_parts/cell/upgraded => 0ms (18) (avg:0)
/obj/item/stock_parts/cell => 0ms (18) (avg:0)
/turf/open/floor/wood/wood_tiled => 0ms (18) (avg:0)
/turf/open/floor/plasteel/f13/vault_floor/floor/floorsolid => 0ms (18) (avg:0)
/obj/structure/table/wood/bar => 0ms (18) (avg:0)
/obj/item/storage/backpack/satchel/explorer => 0ms (18) (avg:0)
/obj/item/clothing/shoes/f13/tan => 0ms (18) (avg:0)
/obj/item/stack/ore/uranium => 0ms (18) (avg:0)
/obj/structure/closet/secure_closet/personal/cabinet => 0ms (17) (avg:0)
/obj/structure/closet/fridge/standard => 0ms (17) (avg:0)
/turf/open/floor/plasteel/darkblue/side => 0ms (17) (avg:0)
/turf/open/floor/f13/wood => 0ms (17) (avg:0)
/turf/open/floor/plasteel/f13/vault_floor/yellow/yellowchess/yellowchess2 => 0ms (17) (avg:0)
/obj/structure/chair/comfy/brown => 0ms (17) (avg:0)
/turf/open/floor/plasteel/darkred/corner => 0ms (16) (avg:0)
/obj/structure/window/fulltile/wood => 0ms (16) (avg:0)
/obj/item/claymore/machete/reinforced => 0ms (16) (avg:0)
/obj/item/stack/ore/diamond => 0ms (16) (avg:0)
/obj/item/reagent_containers/hypospray/medipen/stimpak/custom => 0ms (16) (avg:0)
/turf/open/floor/carpet/green => 0ms (15) (avg:0)
/obj/item/clothing/shoes/roman => 0ms (15) (avg:0)
/obj/machinery/airalarm => 0ms (14) (avg:0)
/obj/item/storage/toolbox/electrical => 0ms (14) (avg:0)
/turf/open/floor/grass => 0ms (14) (avg:0)
/obj/item/bodypart/head => 0ms (14) (avg:0)
/obj/item/reagent_containers/glass/bottle/vial/small/bicaridine => 0ms (14) (avg:0)
/obj/item/storage/crayons => 0ms (13) (avg:0)
/obj/effect/decal/cleanable/blood/gibs/old => 0ms (13) (avg:0)
/turf/open/floor/plasteel/darkblue/corner => 0ms (13) (avg:0)
/turf/open/floor/plasteel/showroomfloor => 0ms (12) (avg:0)
/obj/item/clothing/under/syndicate/brotherhood => 0ms (12) (avg:0)
/mob/living/simple_animal/hostile/handy/gutsy => 0ms (11) (avg:0)
/obj/item/storage/box/syringes => 0ms (11) (avg:0)
/obj/machinery/door/airlock/titanium => 0ms (11) (avg:0)
/obj/item/stack/ore/titanium => 0ms (11) (avg:0)
/obj/item/bodypart/r_arm => 0ms (11) (avg:0)
/obj/item/storage/box/flashbangs => 0ms (10) (avg:0)
/obj/item/storage/belt/utility/full => 0ms (10) (avg:0)
/obj/item/clothing/shoes/f13/rag => 0ms (10) (avg:0)
/obj/item/reagent_containers/glass/bottle/vial/small/antitoxin => 0ms (10) (avg:0)
/mob/living/simple_animal/hostile/handy/protectron => 0ms (9) (avg:0)
/obj/machinery/computer/operating => 0ms (9) (avg:0)
/obj/item/storage/box/ingredients/american => 0ms (9) (avg:0)
/obj/item/clothing/shoes/f13/raidertreads => 0ms (9) (avg:0)
/obj/item/storage/backpack/explorer => 0ms (9) (avg:0)
/obj/item/clothing/under/f13/ncr => 0ms (9) (avg:0)
/obj/item/clothing/under/f13/settler => 0ms (9) (avg:0)
/obj/item/reagent_containers/glass/bottle/vial/small/breastreduction => 0ms (9) (avg:0)
/obj/item/reagent_containers/glass/bottle/vial/small/penisreduction => 0ms (9) (avg:0)
/obj/machinery/computer/secure_data => 0ms (8) (avg:0)
/obj/machinery/computer/security => 0ms (8) (avg:0)
/obj/machinery/computer/security/telescreen => 0ms (8) (avg:0)
/obj/item/storage/toolbox/emergency => 0ms (8) (avg:0)
/obj/item/storage/box/ingredients/italian => 0ms (8) (avg:0)
/obj/item/reagent_containers/honeycomb => 0ms (8) (avg:0)
/obj/machinery/modular_computer/console/preset/engineering => 0ms (8) (avg:0)
/turf/open/floor/plasteel/goonplaque => 0ms (8) (avg:0)
/turf/open/floor/plasteel/vault => 0ms (8) (avg:0)
/turf/open/transparent/glass => 0ms (8) (avg:0)
/obj/item/clothing/gloves/f13/handwraps => 0ms (8) (avg:0)
/obj/item/weldingtool/experimental => 0ms (8) (avg:0)
/obj/item/clothing/shoes/f13/diesel => 0ms (8) (avg:0)
/obj/item/reagent_containers/glass/bottle/vial/small/dexalin => 0ms (8) (avg:0)
/obj/item/reagent_containers/hypospray/medipen/stimpak/super/custom => 0ms (8) (avg:0)
/turf/closed/wall/f13/vault => 0ms (8) (avg:0)
/obj/machinery/door/airlock/silver => 0ms (7) (avg:0)
/obj/machinery/computer/security/telescreen/entertainment => 0ms (7) (avg:0)
/obj/structure/closet/emcloset => 0ms (7) (avg:0)
/obj/item/dice => 0ms (7) (avg:0)
/obj/effect/decal/cleanable/blood/gibs/body => 0ms (7) (avg:0)
/obj/item/storage/box/ingredients/grains => 0ms (7) (avg:0)
/obj/item/reagent_containers/food/snacks/lollipop => 0ms (7) (avg:0)
/turf/open/indestructible/ground/inside/subway => 0ms (7) (avg:0)
/turf/open/floor/plasteel/f13/vault_floor/yellow => 0ms (7) (avg:0)
/turf/closed/wall/f13 => 0ms (7) (avg:0)
/obj/structure/table/greyscale => 0ms (7) (avg:0)
/obj/structure/table/reinforced/brass => 0ms (7) (avg:0)
/obj/effect/decal/cleanable/blood/gibs/slime => 0ms (7) (avg:0)
/mob/living/simple_animal/hostile/handy/assaultron => 0ms (7) (avg:0)
/obj/item/kitchen/knife/combat => 0ms (7) (avg:0)
/obj/item/clothing/suit/toggle/labcoat/f13/wanderer => 0ms (7) (avg:0)
/obj/item/claymore/machete/spatha => 0ms (7) (avg:0)
/obj/item/clothing/head/helmet/f13/legion/prime => 0ms (7) (avg:0)
/obj/item/clothing/suit/armor/f13/legion/prime => 0ms (7) (avg:0)
/obj/item/stack/ore/lead => 0ms (7) (avg:0)
/obj/item/clothing/shoes/f13/cowboy => 0ms (7) (avg:0)
/obj/structure/closet/crate/secure/weapon => 0ms (6) (avg:0)
/obj/structure/closet/secure_closet/security => 0ms (6) (avg:0)
/obj/item/dice/d10 => 0ms (6) (avg:0)
/obj/machinery/computer/cargo => 0ms (6) (avg:0)
/obj/structure/closet/syndicate/personal => 0ms (6) (avg:0)
/obj/item/storage/box/beakers => 0ms (6) (avg:0)
/obj/machinery/computer/slot_machine => 0ms (6) (avg:0)
/obj/item/storage/box/ingredients/wildcard => 0ms (6) (avg:0)
/obj/item/gun/ballistic/automatic/mp5 => 0ms (6) (avg:0)
/obj/item/gun/ballistic/automatic/smg22 => 0ms (6) (avg:0)
/obj/machinery/power/smes => 0ms (6) (avg:0)
/obj/item/clothing/under/shorts/polychromic => 0ms (6) (avg:0)
/obj/item/storage/box/pillbottles => 0ms (6) (avg:0)
/obj/item/reagent_containers/food/drinks/mug/tea => 0ms (6) (avg:0)
/turf/open/floor/mineral/plastitanium => 0ms (6) (avg:0)
/turf/open/floor/plasteel/f13/vault_floor/red => 0ms (6) (avg:0)
/turf/open/floor/carpet/red => 0ms (6) (avg:0)
/obj/item/clothing/gloves/color/brown => 0ms (6) (avg:0)
/obj/item/clothing/suit/armor/f13/kit => 0ms (6) (avg:0)
/obj/item/clothing/under/f13/brahminm => 0ms (6) (avg:0)
/obj/item/clothing/suit/armor/f13/legion/vet/explorer => 0ms (6) (avg:0)
/obj/item/card/id/gold => 0ms (6) (avg:0)
/obj/item/stack/ore/bluespace_crystal => 0ms (6) (avg:0)
/obj/item/clothing/gloves/combat => 0ms (6) (avg:0)
/obj/item/reagent_containers/glass/bottle/vial/small/kelotane => 0ms (6) (avg:0)
/obj/structure/chair/sofa/corp/right => 0ms (6) (avg:0)
/obj/machinery/computer/card/centcom => 0ms (5) (avg:0)
/obj/structure/closet/secure_closet/freezer/meat => 0ms (5) (avg:0)
/obj/structure/closet/secure_closet/freezer/fridge => 0ms (5) (avg:0)
/obj/structure/closet/radiation => 0ms (5) (avg:0)
/obj/item/storage/box/emps => 0ms (5) (avg:0)
/obj/item/storage/box/dice => 0ms (5) (avg:0)
/obj/item/dice/d4 => 0ms (5) (avg:0)
/obj/item/dice/d6 => 0ms (5) (avg:0)
/obj/item/dice/d8 => 0ms (5) (avg:0)
/obj/item/dice/d12 => 0ms (5) (avg:0)
/obj/structure/closet/cardboard/metal => 0ms (5) (avg:0)
/obj/machinery/computer/telecrystals/uplinker => 0ms (5) (avg:0)
/obj/machinery/computer/camera_advanced/abductor => 0ms (5) (avg:0)
/obj/item/storage/box/ingredients/fiesta => 0ms (5) (avg:0)
/obj/item/storage/box/ingredients/carnivore => 0ms (5) (avg:0)
/obj/structure/closet/fridge/cannibal => 0ms (5) (avg:0)
/obj/item/storage/box/ingredients/exotic => 0ms (5) (avg:0)
/obj/item/storage/box/lights/mixed => 0ms (5) (avg:0)
/turf/open/floor/plasteel/caution => 0ms (5) (avg:0)
/turf/closed/wall/r_wall/f13composite => 0ms (5) (avg:0)
/obj/effect/decal/cleanable/blood/gibs/human => 0ms (5) (avg:0)
/obj/structure/closet/anchored => 0ms (5) (avg:0)
/obj/item/reagent_containers/glass/bottle/morphine => 0ms (5) (avg:0)
/obj/item/twohanded/spear => 0ms (5) (avg:0)
/obj/item/clothing/gloves/f13/lace => 0ms (5) (avg:0)
/obj/item/clothing/suit/armor/f13/leatherarmor => 0ms (5) (avg:0)
/obj/item/clothing/suit/armor/f13/legion/vet => 0ms (5) (avg:0)
/obj/item/clothing/suit/f13/veteran => 0ms (5) (avg:0)
/obj/item/clothing/shoes/f13/military/leather => 0ms (5) (avg:0)
/obj/screen/alert/restrained/handcuffed => 0ms (5) (avg:0)
/turf/closed/wall/f13/wood/interior => 0ms (5) (avg:0)
/obj/item/organ/cyberimp/eyes/hud/medical => 0ms (4) (avg:0)
/obj/structure/guncase/shotgun => 0ms (4) (avg:0)
/obj/item/gun/energy/ionrifle => 0ms (4) (avg:0)
/obj/item/stock_parts/cell/pulse/carbine => 0ms (4) (avg:0)
/obj/item/gun/energy/pulse/carbine/loyalpin => 0ms (4) (avg:0)
/obj/item/storage/box/disks_plantgene => 0ms (4) (avg:0)
/obj/machinery/computer/mech_bay_power_console => 0ms (4) (avg:0)
/obj/machinery/door/airlock/engineering/glass => 0ms (4) (avg:0)
/obj/item/storage/box/alienhandcuffs => 0ms (4) (avg:0)
/obj/item/storage/box/masks => 0ms (4) (avg:0)
/obj/item/storage/toolbox/drone => 0ms (4) (avg:0)
/obj/structure/closet/fridge/meat => 0ms (4) (avg:0)
/obj/structure/closet/boxinggloves => 0ms (4) (avg:0)
/obj/item/stack/ore/blackpowder/fifty => 0ms (4) (avg:0)
/obj/structure/fireaxecabinet => 0ms (4) (avg:0)
/obj/item/gps/mining => 0ms (4) (avg:0)
/obj/item/pda/chemist => 0ms (4) (avg:0)
/turf/open/floor/plasteel/f13/vault_floor/plating => 0ms (4) (avg:0)
/turf/closed/wall/mineral/titanium/interior => 0ms (4) (avg:0)
/obj/structure/falsewall/reinforced => 0ms (4) (avg:0)
/obj/structure/table/wood/fancy/blackred => 0ms (4) (avg:0)
/turf/open/floor/carpet/blue => 0ms (4) (avg:0)
/obj/effect/decal/cleanable/blood/gibs/human/body => 0ms (4) (avg:0)
/turf/closed/wall/r_wall/syndicate/nodiagonal => 0ms (4) (avg:0)
/obj/item/clothing/head/f13/stormchaser => 0ms (4) (avg:0)
/obj/item/clothing/neck/cloak => 0ms (4) (avg:0)
/obj/item/storage/backpack/duffelbag => 0ms (4) (avg:0)
/obj/item/melee/unarmed/tigerclaw => 0ms (4) (avg:0)
/obj/item/pda/detective => 0ms (4) (avg:0)
/obj/item/clothing/gloves/f13/leather => 0ms (4) (avg:0)
/obj/item/clothing/head/helmet/f13/legion/vet/explorer => 0ms (4) (avg:0)
/obj/item/clothing/head/f13/cowboy => 0ms (4) (avg:0)
/obj/item/clothing/under/f13/wayfarer/shamanred => 0ms (4) (avg:0)
/obj/item/clothing/gloves/color/black => 0ms (4) (avg:0)
/obj/item/clothing/head/helmet/f13/legion/vet => 0ms (4) (avg:0)
/obj/item/clothing/head/helmet/f13/combat/brotherhood => 0ms (4) (avg:0)
/mob/living/carbon/monkey => 0ms (4) (avg:0)
/obj/item/clothing/gloves/f13/blacksmith => 0ms (4) (avg:0)
/obj/item/clothing/suit/armor/vest => 0ms (4) (avg:0)
/mob/living/simple_animal/hostile/deathclaw/playable => 0ms (4) (avg:0)
/obj/item/clothing/head/helmet/f13/combat/brotherhood/initiate => 0ms (4) (avg:0)
/obj/item/clothing/suit/armor/f13/combat/brotherhood/initiate => 0ms (4) (avg:0)
/obj/item/organ/cyberimp/chest/nutriment => 0ms (3) (avg:0)
/mob/living/simple_animal/hostile/handy/sentrybot => 0ms (3) (avg:0)
/mob/living/simple_animal/hostile/handy/gutsy/nsb => 0ms (3) (avg:0)
/obj/structure/guncase/ecase => 0ms (3) (avg:0)
/obj/item/storage/box/zipties => 0ms (3) (avg:0)
/obj/item/clothing/under/misc/polyjumpsuit => 0ms (3) (avg:0)
/obj/item/clothing/under/misc/poly_shirt => 0ms (3) (avg:0)
/obj/item/clothing/under/costume/kilt/polychromic => 0ms (3) (avg:0)
/obj/item/clothing/under/dress/skirt/polychromic => 0ms (3) (avg:0)
/obj/item/clothing/under/misc/polyshorts => 0ms (3) (avg:0)
/obj/item/gun/energy/e_gun => 0ms (3) (avg:0)
/obj/item/storage/box/teargas => 0ms (3) (avg:0)
/obj/item/gun/energy/laser/wattz/magneto => 0ms (3) (avg:0)
/obj/machinery/computer/communications => 0ms (3) (avg:0)
/obj/machinery/computer/auxillary_base => 0ms (3) (avg:0)
/obj/item/gps/internal/base => 0ms (3) (avg:0)
/obj/structure/closet/wardrobe/cargotech => 0ms (3) (avg:0)
/obj/item/storage/box/mousetraps => 0ms (3) (avg:0)
/obj/structure/closet/secure_closet/hydroponics => 0ms (3) (avg:0)
/obj/structure/closet/cardboard => 0ms (3) (avg:0)
/obj/machinery/computer/arcade/orion_trail => 0ms (3) (avg:0)
/obj/item/pda/medical => 0ms (3) (avg:0)
/obj/machinery/computer/shuttle/bunkerelevator => 0ms (3) (avg:0)
/obj/machinery/computer/shuttle/northbunkerelevator => 0ms (3) (avg:0)
/obj/item/storage/box/ingredients/fruity => 0ms (3) (avg:0)
/obj/item/weldingtool/hugetank => 0ms (3) (avg:0)
/obj/item/clothing/under/maid => 0ms (3) (avg:0)
/obj/item/bedsheet/gondola => 0ms (3) (avg:0)
/obj/item/storage/box/lights => 0ms (3) (avg:0)
/obj/item/storage/box/lights/bulbs => 0ms (3) (avg:0)
/obj/item/storage/box/cups => 0ms (3) (avg:0)
/obj/structure/guncase => 0ms (3) (avg:0)
/obj/item/gun/energy/laser/aer14 => 0ms (3) (avg:0)
/obj/item/gun/energy/laser/scatter => 0ms (3) (avg:0)
/obj/item/gun/energy/laser/rcw => 0ms (3) (avg:0)
/obj/effect/decal/cleanable/blood/gibs/torso => 0ms (3) (avg:0)
/obj/machinery/computer/rdconsole/core/bos => 0ms (3) (avg:0)
/obj/structure/closet/wardrobe/pjs => 0ms (3) (avg:0)
/obj/machinery/computer/med_data => 0ms (3) (avg:0)
/obj/machinery/computer/crew => 0ms (3) (avg:0)
/obj/machinery/computer/med_data/syndie => 0ms (3) (avg:0)
/obj/effect/decal/cleanable/blood/gibs/human/limb => 0ms (3) (avg:0)
/obj/effect/decal/cleanable/blood/gibs/human/up => 0ms (3) (avg:0)
/obj/item/clothing/suit/armor/f13/raider/supafly => 0ms (3) (avg:0)
/obj/item/clothing/suit/hooded/cloak/hhunter => 0ms (3) (avg:0)
/obj/item/bedsheet => 0ms (3) (avg:0)
/obj/item/reagent_containers/pill/patch/healingpowder => 0ms (3) (avg:0)
/obj/item/storage/box/evidence => 0ms (3) (avg:0)
/obj/item/storage/box/engineer => 0ms (3) (avg:0)
/obj/item/ammo_box/tube/m44 => 0ms (3) (avg:0)
/obj/item/twohanded/sledgehammer/shamanstaff => 0ms (3) (avg:0)
/obj/item/clothing/head/scarecrow_hat => 0ms (3) (avg:0)
/obj/item/storage/backpack/satchel => 0ms (3) (avg:0)
/obj/item/clothing/head/helmet/skull => 0ms (3) (avg:0)
/obj/item/clothing/head/helmet/f13/rustedcowboyhat => 0ms (3) (avg:0)
/obj/item/clothing/neck/cloak/treasurer => 0ms (3) (avg:0)
/obj/item/clothing/under/f13/legskirt => 0ms (3) (avg:0)
/obj/item/clothing/head/f13/town/big => 0ms (3) (avg:0)
/obj/structure/closet/supplypod/centcompod => 0ms (3) (avg:0)
/obj/item/gun/medbeam => 0ms (3) (avg:0)
/obj/item/clothing/shoes/workboots => 0ms (3) (avg:0)
/obj/item/gun/ballistic/automatic/service => 0ms (3) (avg:0)
/obj/item/clothing/head/f13/ncr => 0ms (3) (avg:0)
/obj/item/clothing/suit/armor/f13/ncrarmor/mantle => 0ms (3) (avg:0)
/obj/item/clothing/gloves/f13/leather/fingerless => 0ms (3) (avg:0)
/obj/item/reagent_containers/dropper/SR/Vault => 0ms (3) (avg:0)
/obj/item/clothing/head/welding => 0ms (3) (avg:0)
/obj/item/clothing/under/f13/wayfarer/acolyte => 0ms (3) (avg:0)
/obj/item/clothing/under/f13/navy => 0ms (3) (avg:0)
/mob/living/simple_animal/hostile/handy/robobrain/nsb => 0ms (2) (avg:0)
/obj/item/storage/toolbox/syndicate => 0ms (2) (avg:0)
/obj/structure/tank_dispenser/oxygen => 0ms (2) (avg:0)
/obj/item/storage/box/firingpins => 0ms (2) (avg:0)
/obj/structure/closet/secure_closet/ertMed => 0ms (2) (avg:0)
/obj/item/defibrillator/compact/combat/loaded => 0ms (2) (avg:0)
/obj/structure/closet/secure_closet/ertSec => 0ms (2) (avg:0)
/obj/item/storage/box/flashes => 0ms (2) (avg:0)
/obj/item/gun/energy/laser/captain => 0ms (2) (avg:0)
/obj/machinery/computer/emergency_shuttle => 0ms (2) (avg:0)
/obj/structure/closet/secure_closet/ertEngi => 0ms (2) (avg:0)
/obj/item/storage/box/metalfoam => 0ms (2) (avg:0)
/obj/machinery/computer/shuttle/labor => 0ms (2) (avg:0)
/obj/machinery/computer/shuttle/mining => 0ms (2) (avg:0)
/obj/machinery/computer/security/mining => 0ms (2) (avg:0)
/obj/machinery/gibber => 0ms (2) (avg:0)
/obj/machinery/computer/camera_advanced => 0ms (2) (avg:0)
/obj/machinery/computer/shuttle => 0ms (2) (avg:0)
/obj/machinery/computer/telecomms/monitor => 0ms (2) (avg:0)
/obj/machinery/computer/telecomms/server => 0ms (2) (avg:0)
/obj/machinery/computer/message_monitor => 0ms (2) (avg:0)
/obj/item/gun/ballistic/automatic/smg10mm => 0ms (2) (avg:0)
/obj/item/storage/box/ingredients/sweets => 0ms (2) (avg:0)
/obj/effect/decal/cleanable/blood/gibs/limb => 0ms (2) (avg:0)
/obj/item/storage/box/snappops => 0ms (2) (avg:0)
/obj/machinery/power/solar_control => 0ms (2) (avg:0)
/obj/item/lighter/gold => 0ms (2) (avg:0)
/obj/item/storage/box/citizenship_permits => 0ms (2) (avg:0)
/obj/item/gun/ballistic/automatic/service/r82 => 0ms (2) (avg:0)
/obj/item/storage/box/medsprays => 0ms (2) (avg:0)
/obj/item/pda/engineering => 0ms (2) (avg:0)
/obj/item/reagent_containers/blood/OMinus => 0ms (2) (avg:0)
/obj/machinery/computer/operating/bos => 0ms (2) (avg:0)
/obj/item/storage/box/lights/tubes => 0ms (2) (avg:0)
/obj/item/pda/warden => 0ms (2) (avg:0)
/obj/machinery/computer/robotics => 0ms (2) (avg:0)
/obj/machinery/computer/upload/ai => 0ms (2) (avg:0)
/turf/open/floor/plasteel/blue/corner => 0ms (2) (avg:0)
/obj/structure/table/wood/fancy/royalblack => 0ms (2) (avg:0)
/obj/structure/window/plasma/reinforced/fulltile => 0ms (2) (avg:0)
/obj/machinery/portable_atmospherics/canister/oxygen => 0ms (2) (avg:0)
/obj/effect/decal/cleanable/blood/gibs/human/lizard/up => 0ms (2) (avg:0)
/obj/effect/decal/cleanable/blood/gibs/slime/limb => 0ms (2) (avg:0)
/obj/effect/decal/cleanable/blood/gibs/human/lizard/limb => 0ms (2) (avg:0)
/obj/structure/closet/secure_closet/freezer/meat/open => 0ms (2) (avg:0)
/obj/item/clothing/under/f13/recon => 0ms (2) (avg:0)
/obj/item/claymore/machete/pipe => 0ms (2) (avg:0)
/obj/item/gun/ballistic/automatic/marksman/sniper => 0ms (2) (avg:0)
/obj/item/clothing/head/helmetf13/wayfarer/shamanred => 0ms (2) (avg:0)
/obj/item/clothing/under/f13/doctor => 0ms (2) (avg:0)
/obj/item/throwing_star/spear => 0ms (2) (avg:0)
/obj/item/clothing/under/jabroni => 0ms (2) (avg:0)
/obj/item/storage/survivalkit => 0ms (2) (avg:0)
/obj/item/clothing/suit/armor/f13/punk => 0ms (2) (avg:0)
/obj/item/stack/crafting/electronicparts/five => 0ms (2) (avg:0)
/obj/item/clothing/suit/f13/duster => 0ms (2) (avg:0)
/obj/item/clothing/head/f13/town/mayor => 0ms (2) (avg:0)
/obj/item/melee/transforming/cleaving_saw => 0ms (2) (avg:0)
/obj/item/construction/rcd/loaded/upgraded => 0ms (2) (avg:0)
/obj/item/gun/ballistic/shotgun/hunting => 0ms (2) (avg:0)
/obj/item/clothing/under/f13/roving => 0ms (2) (avg:0)
/obj/item/clothing/mask/gas/sechailer/swat => 0ms (2) (avg:0)
/obj/item/clothing/under/f13/ncr/ncr_officer => 0ms (2) (avg:0)
/obj/item/bodypart/l_arm => 0ms (2) (avg:0)
/obj/item/bodypart/r_leg => 0ms (2) (avg:0)
/obj/item/bodypart/l_leg => 0ms (2) (avg:0)
/obj/effect/decal/cleanable/blood/gibs/human/down => 0ms (2) (avg:0)
/obj/effect/decal/cleanable/blood/gibs/human/core => 0ms (2) (avg:0)
/obj/item/pickaxe/drill => 0ms (2) (avg:0)
/obj/item/clothing/head/hardhat => 0ms (2) (avg:0)
/obj/item/reagent_containers/glass/bottle/salglu_solution => 0ms (2) (avg:0)
/obj/item/kitchen/knife/butcher => 0ms (2) (avg:0)
/obj/item/clothing/head/helmet/riot/vaultsec => 0ms (2) (avg:0)
/obj/item/clothing/neck/tie/black => 0ms (2) (avg:0)
/obj/item/stack/ore/blackpowder => 0ms (2) (avg:0)
/obj/item/clothing/under/f13/legauxilia => 0ms (2) (avg:0)
/obj/item/gps/internal/colossus => 0ms (2) (avg:0)
/obj/item/clothing/glasses/f13/biker => 0ms (2) (avg:0)
/obj/item/melee/classic_baton/telescopic => 0ms (2) (avg:0)
/obj/item/gun/ballistic/automatic/pistol/m1911/compact => 0ms (2) (avg:0)
/obj/screen/alert/notify_cloning => 0ms (2) (avg:0)
/obj/item/twohanded/spear/bonespear/deathclaw => 0ms (2) (avg:0)
/obj/item/clothing/head/welding/weldingfire => 0ms (2) (avg:0)
/obj/item/bedsheet/medical => 0ms (2) (avg:0)
/obj/item/reagent_containers/food/snacks/meat/slab/chicken => 0ms (2) (avg:0)
/obj/item/storage/backpack/satchel/sec => 0ms (2) (avg:0)
/obj/item/clothing/head/helmet/f13/legion/venator => 0ms (2) (avg:0)
/obj/item/clothing/head/helmet/f13/wayfarer/antler => 0ms (2) (avg:0)
/obj/item/clothing/head/helmet/f13/wayfarer/chief/green => 0ms (2) (avg:0)
/obj/structure/chair/comfy/beige => 0ms (2) (avg:0)
/area/shuttle/transit => 0ms (2) (avg:0)
/turf/open/floor/plasteel/f13/vault_floor/white => 0ms (2) (avg:0)
/obj/structure/closet/crate/secure/hydroponics => 0ms (1) (avg:0)
/obj/item/organ/cyberimp/chest/nutriment/plus => 0ms (1) (avg:0)
/obj/structure/chair/e_chair => 0ms (1) (avg:0)
/mob/living/simple_animal/hostile/handy/sentrybot/nsb => 0ms (1) (avg:0)
/mob/living/simple_animal/hostile/handy/sentrybot/chew => 0ms (1) (avg:0)
/obj/structure/tank_dispenser/plasma => 0ms (1) (avg:0)
/obj/vehicle/ridden/space/speedbike => 0ms (1) (avg:0)
/obj/vehicle/ridden/space/speedbike/red => 0ms (1) (avg:0)
/obj/vehicle/ridden/space/speedwagon => 0ms (1) (avg:0)
/obj/structure/closet/gimmick/tacticool => 0ms (1) (avg:0)
/obj/structure/closet/gimmick/russian => 0ms (1) (avg:0)
/obj/structure/closet/syndicate/resources/everything => 0ms (1) (avg:0)
/obj/structure/closet/secure_closet/security/sec => 0ms (1) (avg:0)
/obj/structure/closet/secure_closet/warden => 0ms (1) (avg:0)
/obj/structure/closet/secure_closet/armory1 => 0ms (1) (avg:0)
/obj/vehicle/ridden/janicart/upgraded => 0ms (1) (avg:0)
/obj/structure/closet/firecloset/full => 0ms (1) (avg:0)
/obj/structure/closet/wardrobe/mixed => 0ms (1) (avg:0)
/obj/structure/closet/secure_closet/tac => 0ms (1) (avg:0)
/obj/structure/closet/secure_closet/armory2 => 0ms (1) (avg:0)
/obj/structure/closet/secure_closet/armory3 => 0ms (1) (avg:0)
/obj/item/gun/ballistic/automatic/m72 => 0ms (1) (avg:0)
/obj/item/gun/energy/e_gun/stun => 0ms (1) (avg:0)
/obj/item/dice/d00 => 0ms (1) (avg:0)
/obj/item/gun/energy/pulse/pistol/m1911 => 0ms (1) (avg:0)
/obj/structure/closet/secure_closet/ertCom => 0ms (1) (avg:0)
/obj/machinery/computer/shuttle/ferry => 0ms (1) (avg:0)
/obj/machinery/modular_computer/console/preset/command => 0ms (1) (avg:0)
/obj/machinery/computer/prisoner => 0ms (1) (avg:0)
/obj/structure/closet/secure_closet/quartermaster => 0ms (1) (avg:0)
/obj/structure/closet/chefcloset => 0ms (1) (avg:0)
/obj/machinery/modular_computer/console/preset/research => 0ms (1) (avg:0)
/obj/machinery/computer/telecrystals/boss => 0ms (1) (avg:0)
/obj/item/paicard => 0ms (1) (avg:0)
/obj/machinery/computer/shuttle/syndicate/recall => 0ms (1) (avg:0)
/obj/item/disk/data => 0ms (1) (avg:0)
/obj/item/gun/energy/laser/practice => 0ms (1) (avg:0)
/obj/machinery/computer/atmos_alert => 0ms (1) (avg:0)
/obj/machinery/computer/station_alert => 0ms (1) (avg:0)
/obj/machinery/gravity_generator/part => 0ms (1) (avg:0)
/obj/item/gun/energy/e_gun/mini/practice_phaser => 0ms (1) (avg:0)
/obj/machinery/computer/pandemic => 0ms (1) (avg:0)
/obj/structure/closet/wardrobe/white => 0ms (1) (avg:0)
/obj/item/dice/d2 => 0ms (1) (avg:0)
/obj/item/gun/energy/laser/plasma/alien => 0ms (1) (avg:0)
/obj/structure/closet/secure_closet/freezer/fridge/open => 0ms (1) (avg:0)
/obj/item/dice/d6/space => 0ms (1) (avg:0)
/obj/machinery/computer/rdconsole => 0ms (1) (avg:0)
/obj/item/gun/ballistic/automatic/commando => 0ms (1) (avg:0)
/obj/item/integrated_electronics/detailer => 0ms (1) (avg:0)
/obj/item/gps/computer => 0ms (1) (avg:0)
/obj/item/pda/heads/hos => 0ms (1) (avg:0)
/obj/item/pda/heads/hop => 0ms (1) (avg:0)
/obj/item/pda/heads/cmo => 0ms (1) (avg:0)
/obj/item/pda/quartermaster => 0ms (1) (avg:0)
/obj/machinery/gibber/autogibber => 0ms (1) (avg:0)
/obj/machinery/computer/cargo/request => 0ms (1) (avg:0)
/obj/item/pda/lawyer => 0ms (1) (avg:0)
/obj/machinery/computer/rdconsole/core/vault => 0ms (1) (avg:0)
/obj/machinery/computer/aifixer => 0ms (1) (avg:0)
/obj/machinery/computer/upload/borg => 0ms (1) (avg:0)
/obj/item/storage/box/PDAs => 0ms (1) (avg:0)
/obj/machinery/computer/card => 0ms (1) (avg:0)
/obj/item/gun/ballistic/automatic/toy => 0ms (1) (avg:0)
/obj/structure/closet/secure_closet/freezer/kitchen/maintenance => 0ms (1) (avg:0)
/obj/item/gun/energy/laser/wattz2k => 0ms (1) (avg:0)
/obj/item/lighter/greyscale => 0ms (1) (avg:0)
/area/tdome/arena => 0ms (1) (avg:0)
/area/syndicate_mothership => 0ms (1) (avg:0)
/area/ctf => 0ms (1) (avg:0)
/area/awaymission/errorroom => 0ms (1) (avg:0)
/area/tdome/arena_source => 0ms (1) (avg:0)
/area/abductor_ship => 0ms (1) (avg:0)
/area/holodeck/rec_center/refuel => 0ms (1) (avg:0)
/area/holodeck/rec_center/spacechess => 0ms (1) (avg:0)
/area/holodeck/rec_center/thunderdome1218 => 0ms (1) (avg:0)
/area/holodeck/rec_center/kobayashi => 0ms (1) (avg:0)
/area/holodeck/rec_center/chapelcourt => 0ms (1) (avg:0)
/area/holodeck/rec_center/school => 0ms (1) (avg:0)
/area/holodeck/rec_center/firingrange => 0ms (1) (avg:0)
/area/fabric_of_reality => 0ms (1) (avg:0)
/area/ai_multicam_room => 0ms (1) (avg:0)
/area/holodeck/rec_center/anthophila => 0ms (1) (avg:0)
/area/holodeck/rec_center/pet_lounge => 0ms (1) (avg:0)
/area/holodeck/rec_center/medical => 0ms (1) (avg:0)
/area/holodeck/rec_center/basketball => 0ms (1) (avg:0)
/area/holodeck/rec_center/beach => 0ms (1) (avg:0)
/area/holodeck/rec_center/thunderdome => 0ms (1) (avg:0)
/area/holodeck/rec_center/dodgeball => 0ms (1) (avg:0)
/area/start => 0ms (1) (avg:0)
/area/holodeck/rec_center/winterwonderland => 0ms (1) (avg:0)
/area/holodeck/rec_center/bunker => 0ms (1) (avg:0)
/area/holodeck/rec_center/lounge => 0ms (1) (avg:0)
/area/holodeck/rec_center/wildlife => 0ms (1) (avg:0)
/area/holodeck/rec_center/offline => 0ms (1) (avg:0)
/area/holodeck/rec_center/burn => 0ms (1) (avg:0)
/area/holodeck/rec_center/court => 0ms (1) (avg:0)
/area/space => 0ms (1) (avg:0)
/turf/open/floor/plasteel/darkpurple/side => 0ms (1) (avg:0)
/turf/open/floor/plasteel/f13/vault_floor/yellow/whiteyellowfull => 0ms (1) (avg:0)
/obj/machinery/atmospherics/components/unary/vent_pump/on => 0ms (1) (avg:0)
/obj/structure/window/reinforced/tinted/fulltile => 0ms (1) (avg:0)
/obj/structure/falsewall => 0ms (1) (avg:0)
/obj/machinery/computer/shuttle/bos => 0ms (1) (avg:0)
/obj/machinery/computer/shuttle/ferry/request => 0ms (1) (avg:0)
/obj/machinery/computer/shuttle/syndicate/drop_pod => 0ms (1) (avg:0)
/obj/structure/closet/syndicate/nuclear => 0ms (1) (avg:0)
/obj/item/pda/syndicate => 0ms (1) (avg:0)
/obj/machinery/computer/crew/syndie => 0ms (1) (avg:0)
/obj/machinery/computer/camera_advanced/shuttle_docker/syndicate => 0ms (1) (avg:0)
/obj/machinery/computer/shuttle/syndicate => 0ms (1) (avg:0)
/obj/machinery/computer/camera_advanced/syndie => 0ms (1) (avg:0)
/obj/machinery/computer/secure_data/syndie => 0ms (1) (avg:0)
/obj/item/gun/ballistic/automatic/assault_rifle/infiltrator => 0ms (1) (avg:0)
/mob/living/simple_animal/hostile/handy/securitron => 0ms (1) (avg:0)
/mob/living/simple_animal/hostile/handy/robobrain => 0ms (1) (avg:0)
/obj/item/gun/ballistic/automatic/assault_rifle => 0ms (1) (avg:0)
/obj/effect/decal/cleanable/blood/gibs/slime/torso => 0ms (1) (avg:0)
/obj/effect/decal/cleanable/blood/gibs/ipc/limb => 0ms (1) (avg:0)
/obj/item/storage/box/beakers/variety => 0ms (1) (avg:0)
/obj/machinery/portable_atmospherics/canister/air => 0ms (1) (avg:0)
/obj/effect/decal/cleanable/blood/gibs/slime/body => 0ms (1) (avg:0)
/obj/item/paper_bin/carbon => 0ms (1) (avg:0)
/turf/open/floor/plasteel/barber => 0ms (1) (avg:0)
/obj/structure/closet/secure_closet/medical1 => 0ms (1) (avg:0)
/obj/item/reagent_containers/glass/bottle/toxin => 0ms (1) (avg:0)
/obj/item/storage/box/rxglasses => 0ms (1) (avg:0)
/obj/structure/closet/secure_closet/medical2 => 0ms (1) (avg:0)
/obj/effect/decal/cleanable/blood/gibs/human/lizard/body => 0ms (1) (avg:0)
/obj/effect/decal/cleanable/blood/gibs/human/lizard/down => 0ms (1) (avg:0)
/obj/machinery/computer/secure_data/laptop => 0ms (1) (avg:0)
/obj/item/storage/box/minibombs => 0ms (1) (avg:0)
/obj/item/dice/d1 => 0ms (1) (avg:0)
/obj/item/clothing/head/helmet/f13/raider => 0ms (1) (avg:0)
/obj/item/gun/ballistic/revolver/single_shotgun => 0ms (1) (avg:0)
/obj/item/stack/sheet/animalhide/human => 0ms (1) (avg:0)
/obj/item/stack/sheet/bone => 0ms (1) (avg:0)
/obj/item/reagent_containers/food/snacks/meat/slab/human/ghoul => 0ms (1) (avg:0)
/obj/item/stack/f13Cash/caps/threefivezero => 0ms (1) (avg:0)
/obj/item/storage/bag/money/small/wastelander => 0ms (1) (avg:0)
/obj/item/clothing/head/hooded/cloakhood/hhunter => 0ms (1) (avg:0)
/obj/item/kitchen/knife/combat/bone => 0ms (1) (avg:0)
/obj/item/gun/ballistic/revolver/widowmaker => 0ms (1) (avg:0)
/obj/item/shovel => 0ms (1) (avg:0)
/obj/item/clothing/under/f13/lumberjack => 0ms (1) (avg:0)
/obj/item/gun/ballistic/revolver/pipe_rifle => 0ms (1) (avg:0)
/obj/item/clothing/suit/curator => 0ms (1) (avg:0)
/obj/item/shield/legion/buckler => 0ms (1) (avg:0)
/obj/screen/alert/restrained/legcuffed => 0ms (1) (avg:0)
/obj/item/ammo_box/magazine/m9mm => 0ms (1) (avg:0)
/obj/item/gun/ballistic/shotgun/automatic/hunting/brush => 0ms (1) (avg:0)
/obj/item/clothing/suit/det_suit/grey => 0ms (1) (avg:0)
/obj/item/clothing/glasses/orange => 0ms (1) (avg:0)
/obj/structure/nest/ghoul => 0ms (1) (avg:0)
/obj/item/clothing/head/helmet/f13/brahmincowboyhat => 0ms (1) (avg:0)
/obj/item/stack/f13Cash/aureus => 0ms (1) (avg:0)
/obj/item/storage/box/ids => 0ms (1) (avg:0)
/obj/item/reagent_containers/food/snacks/meat/slab/cazador_meat => 0ms (1) (avg:0)
/obj/item/mining_scanner => 0ms (1) (avg:0)
/obj/item/metaldetector => 0ms (1) (avg:0)
/obj/item/hatchet => 0ms (1) (avg:0)
/obj/item/gun/ballistic/automatic/tribalbow => 0ms (1) (avg:0)
/obj/item/clothing/head/helmet/f13/combat/enclave => 0ms (1) (avg:0)
/obj/item/clothing/suit/armor/f13/combat/enclave => 0ms (1) (avg:0)
/obj/item/melee/unarmed/brass/spiked => 0ms (1) (avg:0)
/obj/item/clothing/head/f13/ncr/steelpot_med => 0ms (1) (avg:0)
/obj/item/clothing/suit/armor/f13/ncrarmor/reinforced => 0ms (1) (avg:0)
/obj/item/clothing/gloves/color/latex/nitrile => 0ms (1) (avg:0)
/obj/item/clothing/glasses/regular => 0ms (1) (avg:0)
/obj/item/clothing/glasses/welding => 0ms (1) (avg:0)
/obj/item/gun/ballistic/revolver/colt357 => 0ms (1) (avg:0)
/obj/item/clothing/under/f13/wayfarer/hunter => 0ms (1) (avg:0)
/obj/item/radio/headset/headset_den => 0ms (1) (avg:0)
/obj/item/card/id/silver/mayor => 0ms (1) (avg:0)
/obj/item/ammo_box/a357 => 0ms (1) (avg:0)
/obj/item/twohanded/fireaxe => 0ms (1) (avg:0)
/obj/item/bodypart/head/monkey => 0ms (1) (avg:0)
/obj/item/bodypart/l_arm/monkey => 0ms (1) (avg:0)
/obj/item/bodypart/r_arm/monkey => 0ms (1) (avg:0)
/obj/item/bodypart/r_leg/monkey => 0ms (1) (avg:0)
/obj/item/bodypart/l_leg/monkey => 0ms (1) (avg:0)
/obj/item/clothing/head/f13/town/sheriff => 0ms (1) (avg:0)
/obj/item/clothing/suit/armor/f13/town/sheriff => 0ms (1) (avg:0)
/obj/item/clothing/suit/jacket/miljacket => 0ms (1) (avg:0)
/obj/item/clothing/gloves/color/yellow => 0ms (1) (avg:0)
/obj/item/storage/bag/ore => 0ms (1) (avg:0)
/obj/structure/bonfire => 0ms (1) (avg:0)
/obj/item/stack/sheet/sinew => 0ms (1) (avg:0)
/obj/item/restraints/handcuffs/sinew => 0ms (1) (avg:0)
/obj/item/clothing/suit/armor/f13/raider/combatduster => 0ms (1) (avg:0)
/obj/item/flashlight/lantern => 0ms (1) (avg:0)
/obj/item/reagent_containers/food/drinks/flask => 0ms (1) (avg:0)
/obj/item/pickaxe => 0ms (1) (avg:0)
/obj/item/clothing/head/f13/legion/auxilia => 0ms (1) (avg:0)
/obj/item/radio => 0ms (1) (avg:0)
/obj/item/stack/sheet/leather => 0ms (1) (avg:0)
/obj/item/ammo_box/magazine/m22 => 0ms (1) (avg:0)
/obj/item/storage/bag/money/small/settler => 0ms (1) (avg:0)
/obj/item/clothing/head/helmet/f13/combat => 0ms (1) (avg:0)
/obj/item/clothing/suit/armor/f13/combat => 0ms (1) (avg:0)
/obj/item/clothing/under/f13/machinist => 0ms (1) (avg:0)
/obj/item/clothing/suit/poncho => 0ms (1) (avg:0)
/obj/item/melee/unarmed/bladed => 0ms (1) (avg:0)
/obj/structure/guillotine => 0ms (1) (avg:0)
/obj/item/storage/backpack/trekker => 0ms (1) (avg:0)
/obj/item/ammo_box/magazine/m556/rifle/assault => 0ms (1) (avg:0)
/obj/item/stock_parts/cell/ammo/ec => 0ms (1) (avg:0)
/obj/item/clothing/mask/bandana/legrecruit => 0ms (1) (avg:0)
/obj/item/clothing/head/helmet/f13/raider/arclight => 0ms (1) (avg:0)
/obj/item/clothing/glasses/eyepatch => 0ms (1) (avg:0)
/obj/item/storage/belt/military/assault/ncr => 0ms (1) (avg:0)
/obj/item/clothing/under/f13/enclave_officer => 0ms (1) (avg:0)
/obj/item/reagent_containers/glass/bottle/nutrient/l4z => 0ms (1) (avg:0)
/obj/item/clothing/head/helmet/knight/f13/metal => 0ms (1) (avg:0)
/obj/item/clothing/suit/armor/f13/metalarmor => 0ms (1) (avg:0)
/obj/item/gun/ballistic/automatic/pistol/n99/executive => 0ms (1) (avg:0)
/obj/item/clothing/head/helmet/f13/power_armor/advanced => 0ms (1) (avg:0)
/obj/item/gun/ballistic/automatic/pistol/n99 => 0ms (1) (avg:0)
/obj/machinery/vending/medical => 0ms (1) (avg:0)
/obj/item/gun/ballistic/shotgun/mosin => 0ms (1) (avg:0)
/obj/item/binoculars => 0ms (1) (avg:0)
/obj/item/clothing/glasses/night => 0ms (1) (avg:0)
/obj/item/clothing/suit/armor/f13/legion/venator => 0ms (1) (avg:0)
/obj/item/restraints/handcuffs => 0ms (1) (avg:0)
/obj/item/flashlight/flare => 0ms (1) (avg:0)
/obj/item/ammo_box/shotgun/buck => 0ms (1) (avg:0)
/obj/item/clothing/suit/armor/f13/tribe_armor => 0ms (1) (avg:0)
/obj/item/clothing/under/f13/tribe_chief => 0ms (1) (avg:0)
/obj/item/storage/survivalkit_tribal => 0ms (1) (avg:0)
/obj/item/gun/ballistic/automatic/pistol/ninemil => 0ms (1) (avg:0)
/obj/item/storage/belt => 0ms (1) (avg:0)
/obj/item/stack/medical/ointment/twelve => 0ms (1) (avg:0)
/obj/item/target => 0ms (1) (avg:0)
/turf/open/indestructible/ground/outside/desert => 0ms (1) (avg:0)
/obj/item/clothing/under/f13/bodyguard => 0ms (1) (avg:0)
