[2021-05-16 00:29:33.154] Starting up round ID 7.
 - -------------------------
[2021-05-16 00:29:34.256] INIT: Initialized Profiler subsystem within 0 seconds!
[2021-05-16 00:29:35.653] Fail2Topic: Failed to drop firewall rule. Exit code: 1.
[2021-05-16 00:29:35.653] INIT: Initialized Fail2Topic subsystem within 1.4 seconds!
[2021-05-16 00:29:35.738] INIT: Initialized Title Screen subsystem within 0.1 seconds!
[2021-05-16 00:29:35.738] INIT: Initialized Database subsystem within 0 seconds!
[2021-05-16 00:29:35.738] INIT: Initialized Stat Panels subsystem within 0 seconds!
[2021-05-16 00:29:35.738] INIT: Initialized Blackbox subsystem within 0 seconds!
[2021-05-16 00:29:35.740] INIT: Initialized Server Tasks subsystem within 0 seconds!
[2021-05-16 00:29:35.740] INIT: Initialized Input subsystem within 0 seconds!
[2021-05-16 00:29:35.742] INIT: Initialized Sounds subsystem within 0 seconds!
[2021-05-16 00:29:35.742] INIT: Initialized Vis contents overlays subsystem within 0 seconds!
[2021-05-16 00:29:35.801] INIT: Initialized Research subsystem within 0.1 seconds!
[2021-05-16 00:29:35.803] INIT: Initialized Events subsystem within 0 seconds!
[2021-05-16 00:29:35.808] INIT: Initialized Jobs subsystem within 0 seconds!
[2021-05-16 00:29:35.810] INIT: Initialized Quirks subsystem within 0 seconds!
[2021-05-16 00:29:35.855] INIT: Initialized Ticker subsystem within 0 seconds!
[2021-05-16 00:29:35.875] INIT: Initialized Instruments subsystem within 0 seconds!
[2021-05-16 00:29:54.768] INIT: Initialized Mapping subsystem within 18.9 seconds!
[2021-05-16 00:29:54.773] INIT: Initialized Economy subsystem within 0 seconds!
[2021-05-16 00:29:54.775] INIT: Initialized Networks subsystem within 0 seconds!
[2021-05-16 00:29:54.775] INIT: Initialized Holodeck subsystem within 0 seconds!
[2021-05-16 00:30:45.510] INIT: Initialized Atoms subsystem within 50.8 seconds!
[2021-05-16 00:30:45.528] INIT: Initialized Language subsystem within 0 seconds!
[2021-05-16 00:30:45.554] INIT: Initialized Machines subsystem within 0 seconds!
[2021-05-16 00:30:45.645] INIT: Initialized Circuit subsystem within 0.1 seconds!
[2021-05-16 00:30:45.869] INIT: Initialized Atmos Adjacency subsystem within 0.2 seconds!
[2021-05-16 00:30:45.869] INIT: Initialized Autotransfer Vote subsystem within 0 seconds!
[2021-05-16 00:30:45.869] INIT: Initialized Chemistry subsystem within 0 seconds!
[2021-05-16 00:30:45.869] INIT: Initialized Status Effects subsystem within 0 seconds!
[2021-05-16 00:30:45.871] INIT: Initialized Weather subsystem within 0 seconds!
[2021-05-16 00:30:45.876] INIT: Initialized Disease subsystem within 0 seconds!
[2021-05-16 00:30:45.877] INIT: Initialized Item Spawners subsystem within 0 seconds!
[2021-05-16 00:30:45.877] INIT: Initialized Jukeboxes subsystem within 0 seconds!
[2021-05-16 00:30:45.877] INIT: Initialized Medals subsystem within 0 seconds!
[2021-05-16 00:30:46.925] INIT: Initialized Minimaps subsystem within 1.1 seconds!
[2021-05-16 00:30:46.930] INIT: Initialized Mob Spawners subsystem within 0 seconds!
[2021-05-16 00:30:46.930] INIT: Initialized Monster Wave subsystem within 0 seconds!
[2021-05-16 00:30:46.930] INIT: Initialized Day/Night Cycle subsystem within 0 seconds!
[2021-05-16 00:30:46.930] INIT: Initialized Night Shift subsystem within 0 seconds!
[2021-05-16 00:30:46.930] INIT: Initialized Parallax subsystem within 0 seconds!
[2021-05-16 00:30:46.931] INIT: Initialized Sun subsystem within 0 seconds!
[2021-05-16 00:30:47.432] INIT: Initialized Traumas subsystem within 0.5 seconds!
[2021-05-16 00:30:55.220] INIT: Initialized Atmospherics subsystem within 7.8 seconds!
[2021-05-16 00:31:03.792] INIT: Initialized Assets subsystem within 8.5 seconds!
[2021-05-16 00:31:09.199] INIT: Initialized Icon Smoothing subsystem within 5.3 seconds!
[2021-05-16 00:31:10.268] INIT: Initialized Overlay subsystem within 1 second!
[2021-05-16 00:31:10.269] INIT: Initialized XKeyScore subsystem within 0 seconds!
[2021-05-16 00:31:10.343] INIT: Initialized Sticky Ban subsystem within 0.1 seconds!
[2021-05-16 00:31:19.263] INIT: Initialized Lighting subsystem within 8.9 seconds!
[2021-05-16 00:31:22.489] INIT: Initialized Shuttle subsystem within 3.2 seconds!
[2021-05-16 00:31:28.414] INIT: Initialized Minor Mapping subsystem within 6 seconds!
[2021-05-16 00:31:28.415] INIT: Initialized Pathfinder subsystem within 0 seconds!
[2021-05-16 00:31:28.468] INIT: Initialized Persistence subsystem within 0 seconds!
[2021-05-16 00:31:28.470] INIT: Initialized Chat subsystem within 0 seconds!
[2021-05-16 03:43:22.304] Fail2Topic: Failed to drop firewall rule. Exit code: 1.
