[2021-05-16 00:29:33.148] Starting up round ID 7.
 - -------------------------
[2021-05-16 00:55:51.782] TCOMMS: Dantesousa/(Dante Sousa) [Common] (spans:  ) "Teste" (language: Galactic Common) (Enclave (133, 20, 3))
[2021-05-16 00:58:47.371] TCOMMS: SondTheAnime/(Courier) [Legion] (spans:  ) "Alo" (language: Galactic Common) (Legion (205, 39, 2))
[2021-05-16 01:05:53.511] TCOMMS: Luiz20/(LUIZ BORGOS TERCEIRO) [Common] (spans:  ) "Alo" (language: Galactic Common) (Brotherhood of Steel Operations Department (235, 241, 3))
[2021-05-16 01:06:04.786] TCOMMS: Eversonblr/(Miguel Hastings) [Common] (spans:  ) "A" (language: Galactic Common) (Brotherhood of Steel 1st Floor Offices (220, 227, 3))
[2021-05-16 01:06:17.288] TCOMMS: Kaduh/(Erika Haynes) [Common] (spans:  ) "Teste" (language: Galactic Common) (Vault (73, 186, 4))
[2021-05-16 01:06:26.993] TCOMMS: DarkPudding/(John Wick) [Common] (spans:  ) "Bom dia?" (language: Galactic Common) (Tunnel (46, 44, 3))
[2021-05-16 01:06:35.258] TCOMMS: Luiz20/(LUIZ BORGOS TERCEIRO) [Common] (spans:  ) "Borg cade voce?" (language: Galactic Common) (Brotherhood of Steel Operations Department (243, 229, 3))
[2021-05-16 01:12:37.867] TCOMMS: Eversonblr/(Miguel Hastings) [BOS] (spans:  ) "Teste" (language: Galactic Common) (Brotherhood of Steel Operations Department (231, 230, 3))
[2021-05-16 01:12:42.535] TCOMMS: Eversonblr/(Miguel Hastings) [BOS] (spans:  ) "Teste" (language: Galactic Common) (Brotherhood of Steel Operations Department (231, 230, 3))
[2021-05-16 01:12:47.141] TCOMMS: Eversonblr/(Miguel Hastings) [Common] (spans:  ) "Alguem ai" (language: Galactic Common) (Brotherhood of Steel Operations Department (231, 230, 3))
[2021-05-16 01:13:01.254] TCOMMS: Mr.Universo/(Lucas Chikui) [Common] (spans:  ) "Opa" (language: Galactic Common) (Legion (209, 44, 2))
[2021-05-16 01:13:09.490] TCOMMS: Luciam/(Luciam D'Luker) [Common] (spans:  ) "Aooba" (language: Galactic Common) (Legion (227, 45, 2))
[2021-05-16 01:13:14.152] TCOMMS: sl4/(Desmond Thomas) [Common] (spans:  ) "Oi" (language: Galactic Common) (Enclave (134, 14, 3))
[2021-05-16 01:13:14.949] TCOMMS: Eversonblr/(Miguel Hastings) [Common] (spans:  ) "Seis tão onde" (language: Galactic Common) (Brotherhood of Steel Leisure Areas (231, 245, 3))
[2021-05-16 01:13:19.654] TCOMMS: Luciam/(Luciam D'Luker) [Common] (spans:  ) "Na abse" (language: Galactic Common) (Legion (221, 30, 2))
[2021-05-16 01:13:23.752] TCOMMS: sl4/(Desmond Thomas) [Common] (spans:  ) "Tambem" (language: Galactic Common) (Enclave (134, 11, 3))
[2021-05-16 01:13:25.529] TCOMMS: SondTheAnime/(Courier) [Legion] (spans:  ) "Vou comprar uns stimpack pra mim, no robo" (language: Galactic Common) (Wasteland (212, 58, 2))
[2021-05-16 01:13:31.639] TCOMMS: Eversonblr/(Miguel Hastings) [Common] (spans:  ) "Eu to na abse e vejo niguem aque" (language: Galactic Common) (Brotherhood of Steel Leisure Areas (224, 232, 3))
[2021-05-16 01:13:48.374] TCOMMS: Luciam/(Luciam D'Luker) [Common] (spans:  ) "Acabei de achar uma mochila cheia de grana" (language: Galactic Common) (Legion (221, 28, 2))
[2021-05-16 01:13:55.508] TCOMMS: Luciam/(Luciam D'Luker) [Common] (spans:  ) "To no lugar de treino" (language: Galactic Common) (Legion (221, 28, 2))
[2021-05-16 01:15:00.714] TCOMMS: DarkPudding/(John Wick) [Common] (spans:  ) "Cadê a competição no Oasis?" (language: Galactic Common) (Wasteland (56, 60, 2))
[2021-05-16 01:15:14.435] TCOMMS: sl4/(Desmond Thomas) [Common] (spans:  ) "Acho que to preso na base" (language: Galactic Common) (Enclave (134, 15, 3))
[2021-05-16 01:15:24.280] TCOMMS: Italos/(Josef Polson) [Enclave] (spans:  ) "Alguem?" (language: Galactic Common) (Wasteland (209, 133, 2))
[2021-05-16 01:15:33.056] TCOMMS: Dantesousa/(Dante Sousa) [Enclave] (spans:  ) "Salve familia" (language: Galactic Common) (Wasteland (231, 135, 2))
[2021-05-16 01:15:34.356] TCOMMS: SondTheAnime/(Courier) [Common] (spans:  ) "Cheio de feral ghoul..." (language: Galactic Common) (Wasteland (207, 63, 2))
[2021-05-16 01:15:37.105] TCOMMS: sl4/(Desmond Thomas) [Enclave] (spans:  ) "Oi" (language: Galactic Common) (Enclave (139, 21, 3))
[2021-05-16 01:19:00.363] TCOMMS: Mr.Universo/(Lucas Chikui) [Common] (spans:  ) "Oxe" (language: Galactic Common) (Legion (221, 25, 2))
[2021-05-16 01:19:12.278] TCOMMS: Mr.Universo/(Lucas Chikui) [Common] (spans:  ) "Quem foi o ze mane que atirou um laser em mim do nada" (language: Galactic Common) (Legion (221, 26, 2))
[2021-05-16 01:19:51.499] TCOMMS: Dantesousa/(Dante Sousa) [Enclave] (spans:  ) "Cade tu" (language: Galactic Common) (Enclave (130, 20, 3))
[2021-05-16 01:19:54.181] TCOMMS: Luiz20/(LUIZ BORGOS TERCEIRO) [Common] (spans:  ) "Eu" (language: Galactic Common) (Brotherhood of Steel RnD Department (232, 210, 3))
[2021-05-16 01:20:06.428] TCOMMS: Luiz20/(LUIZ BORGOS TERCEIRO) [Common] (spans:  ) "Estou apenas defendendo a lei" (language: Galactic Common) (Brotherhood of Steel RnD Department (229, 209, 3))
[2021-05-16 01:23:11.342] TCOMMS: Luiz20/(LUIZ BORGOS TERCEIRO) [Common] (spans:  ) "Alo" (language: Galactic Common) (Brotherhood of Steel Leisure Areas (224, 248, 3))
[2021-05-16 01:23:16.827] TCOMMS: sl4/(Desmond Thomas) [Common] (spans:  ) "Oi" (language: Galactic Common) (Enclave (135, 25, 3))
[2021-05-16 01:23:17.493] TCOMMS: Luiz20/(LUIZ BORGOS TERCEIRO) [Common] (spans:  ) "Alguem na escuta" (language: Galactic Common) (Brotherhood of Steel Leisure Areas (224, 248, 3))
[2021-05-16 01:23:38.305] TCOMMS: Luiz20/(LUIZ BORGOS TERCEIRO) [Common] (spans:  ) "Borg voce tá ai?" (language: Galactic Common) (Brotherhood of Steel Operations Department (235, 229, 3))
[2021-05-16 01:23:53.044] TCOMMS: sl4/(Desmond Thomas) [Enclave] (spans:  ) "Eu posso planta comida?" (language: Galactic Common) (Enclave (137, 24, 3))
[2021-05-16 01:24:36.624] TCOMMS: Luiz20/(LUIZ BORGOS TERCEIRO) [Common] (spans:  ) "Eu não sei onde é isso" (language: Galactic Common) (Brotherhood of Steel RnD Department (231, 209, 3))
[2021-05-16 01:24:39.240] TCOMMS: Luiz20/(LUIZ BORGOS TERCEIRO) [Common] (spans:  ) "Me ajuda deus" (language: Galactic Common) (Brotherhood of Steel RnD Department (231, 209, 3))
[2021-05-16 01:24:58.422] TCOMMS: Kaduh/(Erika Haynes) [Common] (spans:  ) "Eu to preso no meu vault quando conseguir sair te falo" (language: Galactic Common) (Vault (49, 160, 4))
[2021-05-16 01:25:30.816] TCOMMS: SondTheAnime/(Courier) [Legion] (spans:  ) "Alguém sabe se tem munição na base?" (language: Galactic Common) (Legion (243, 25, 2))
[2021-05-16 01:25:43.045] TCOMMS: Baeiou/(Roderick Malkav) [Common] (spans:  ) "Vault?" (language: Galactic Common) (Vault (49, 184, 4))
[2021-05-16 01:26:10.853] TCOMMS: SondTheAnime/(Courier) [Legion] (spans:  ) "To com uma pequena fratura no meu peito" (language: Galactic Common) (Legion (237, 30, 2))
[2021-05-16 01:26:11.675] TCOMMS: Luiz20/(LUIZ BORGOS TERCEIRO) [Common] (spans:  ) "Me ajuda" (language: Galactic Common) (Brotherhood of Steel Operations Department (243, 239, 3))
[2021-05-16 01:26:24.917] TCOMMS: Luiz20/(LUIZ BORGOS TERCEIRO) [Common] (spans:  ) "EU QUERO PARTICIPAR" (language: Galactic Common) (Brotherhood of Steel Operations Department (243, 239, 3))
[2021-05-16 01:27:27.309] TCOMMS: Baeiou/(Roderick Malkav) [Vault] (spans:  ) "Erika." (language: Galactic Common) (Vault (58, 184, 4))
[2021-05-16 01:27:48.715] TCOMMS: Kaduh/(Erika Haynes) [Vault] (spans:  ) "Sim" (language: Galactic Common) (Vault (59, 187, 4))
[2021-05-16 01:27:54.676] TCOMMS: sl4/(Desmond Thomas) [Enclave] (spans:  ) "Achei inseto" (language: Galactic Common) (Tunnel (152, 34, 3))
[2021-05-16 01:28:22.890] TCOMMS: Baeiou/(Roderick Malkav) [Vault] (spans:  ) "Está tentando sair da &#34;Vault&#34;?" (language: Galactic Common) (Vault (47, 181, 4))
[2021-05-16 01:28:46.610] TCOMMS: Kaduh/(Erika Haynes) [Vault] (spans:  ) "De jeito nenhum senhor" (language: Galactic Common) (Vault (46, 173, 4))
[2021-05-16 01:29:01.756] TCOMMS: Dantesousa/(Dante Sousa) [Enclave] (spans:  ) "Fiz o cell charger" (language: Galactic Common) (Enclave (128, 19, 3))
[2021-05-16 01:29:06.023] TCOMMS: Kaduh/(Erika Haynes) [Vault] (spans:  ) "Nao existe nada melhor que o vault tudo la fora ta destruido?" (language: Galactic Common) (Vault (49, 163, 4))
[2021-05-16 01:29:15.173] TCOMMS: Baeiou/(Roderick Malkav) [Vault] (spans:  ) "Estranho. Escutei no rádio geral que havia dito &#34;Estou preso no meu vault, quando conseguir irei lhe falar.&#34;" (language: Galactic Common) (Vault (53, 185, 4))
[2021-05-16 01:29:26.339] TCOMMS: Baeiou/(Roderick Malkav) [Vault] (spans:  ) "Está tendo contato com o exterior?" (language: Galactic Common) (Vault (53, 185, 4))
[2021-05-16 01:29:35.868] TCOMMS: Kaduh/(Erika Haynes) [Vault] (spans:  ) "Foi uma brincadeira" (language: Galactic Common) (Vault (48, 165, 4))
[2021-05-16 01:29:52.790] TCOMMS: Baeiou/(Roderick Malkav) [Vault] (spans:  ) "Brincadeiras. Brincadeiras. O exterior é perigoso, você sabe disso." (language: Galactic Common) (Vault (45, 179, 4))
[2021-05-16 01:30:01.873] TCOMMS: Baeiou/(Roderick Malkav) [Vault] (spans:  ) "Atualize seu Pip-Boy." (language: Galactic Common) (Vault (45, 179, 4))
[2021-05-16 01:30:25.680] TCOMMS: Kaduh/(Erika Haynes) [Vault] (spans:  ) "É que cachorros quente são muito bons" (language: Galactic Common) (Vault (48, 151, 4))
[2021-05-16 01:30:31.318] TCOMMS: Kaduh/(Erika Haynes) [Vault] (spans:  ) "Sera que é verdade?" (language: Galactic Common) (Vault (50, 150, 4))
[2021-05-16 01:30:42.113] TCOMMS: Kaduh/(Erika Haynes) [Vault] (spans:  ) "Vai ter uma competição?" (language: Galactic Common) (Vault (50, 150, 4))
[2021-05-16 01:30:44.472] TCOMMS: Baeiou/(Roderick Malkav) [Vault] (spans:  ) "Cachorros quentes? Acho que não fazem mais." (language: Galactic Common) (Vault (53, 179, 4))
[2021-05-16 01:30:56.882] TCOMMS: Italos/(Josef Polson) [Enclave] (spans:  ) "Dante?" (language: Galactic Common) (Enclave (130, 16, 3))
[2021-05-16 01:31:00.583] TCOMMS: Baeiou/(Roderick Malkav) [Vault] (spans:  ) "Se tiver, boa sorte para eles." (language: Galactic Common) (Vault (53, 180, 4))
[2021-05-16 01:31:08.787] TCOMMS: Kaduh/(Erika Haynes) [Vault] (spans:  ) "Oasis parece que iria fazer" (language: Galactic Common) (Tunnel (49, 140, 4))
[2021-05-16 01:31:16.820] TCOMMS: darkpudding/(Brody Rathens) [Common] (spans:  ) "Confirmando a saída de Erika." (language: Galactic Common) (Vault (44, 153, 4))
[2021-05-16 01:31:22.289] TCOMMS: darkpudding/(Brody Rathens) [Common] (spans:  ) "Porra." (language: Galactic Common) (Vault (44, 153, 4))
[2021-05-16 01:31:22.574] TCOMMS: nickenzo12345/(Denys Roberts) [Common] (spans:  ) "Bom dia" (language: Galactic Common) (Wasteland (183, 182, 2))
[2021-05-16 01:31:25.165] TCOMMS: darkpudding/(Brody Rathens) [Common] (spans:  ) "Opa." (language: Galactic Common) (Vault (44, 153, 4))
[2021-05-16 01:31:39.784] TCOMMS: darkpudding/(Brody Rathens) [Vault] (spans:  ) "Confirmando a saída de Erika." (language: Galactic Common) (Vault (44, 153, 4))
[2021-05-16 01:32:15.614] TCOMMS: Kaduh/(Erika Haynes) [Vault] (spans:  ) "Tem que minerar.... todo jeito" (language: Galactic Common) (Tunnel (45, 139, 4))
[2021-05-16 01:32:28.146] TCOMMS: Luiz20/(LUIZ BORGOS TERCEIRO) [Common] (spans:  ) "COME" (language: Galactic Common) (Wasteland (56, 64, 2))
[2021-05-16 01:32:45.232] TCOMMS: Baeiou/(Roderick Malkav) [Vault] (spans:  ) "Minerar? Você sabe que temos uma entrada para isso, certo?" (language: Galactic Common) (Vault (53, 179, 4))
[2021-05-16 01:32:53.557] TCOMMS: Baeiou/(Roderick Malkav) [Vault] (spans:  ) "Brody?" (language: Galactic Common) (Vault (50, 177, 4))
[2021-05-16 01:33:04.241] TCOMMS: darkpudding/(Brody Rathens) [Vault] (spans:  ) "Sim?" (language: Galactic Common) (Vault (35, 166, 4))
[2021-05-16 01:33:09.134] TCOMMS: Baeiou/(Roderick Malkav) [Vault] (spans:  ) "Seu sensor." (language: Galactic Common) (Vault (73, 182, 4))
[2021-05-16 01:33:29.660] TCOMMS: darkpudding/(Brody Rathens) [Vault] (spans:  ) "Os controles estão trancados, não consigo modificar." (language: Galactic Common) (Vault (37, 169, 4))
[2021-05-16 01:33:37.084] TCOMMS: Baeiou/(Roderick Malkav) [Vault] (spans:  ) "Que traje está usando?" (language: Galactic Common) (Vault (38, 183, 4))
[2021-05-16 01:34:47.967] TCOMMS: Kaduh/(Erika Haynes) [Vault] (spans:  ) "Meus sensores tambem estão trancados" (language: Galactic Common) (Tunnel (49, 141, 4))
[2021-05-16 01:34:57.680] TCOMMS: Kaduh/(Erika Haynes) [Vault] (spans:  ) "Acho que ja ta no maximo" (language: Galactic Common) (Tunnel (51, 139, 4))
[2021-05-16 01:35:11.168] TCOMMS: Baeiou/(Roderick Malkav) [Vault] (spans:  ) "Você estão." (language: Galactic Common) (Vault (45, 185, 4))
[2021-05-16 01:35:16.723] TCOMMS: Baeiou/(Roderick Malkav) [Vault] (spans:  ) "Vocês, digo." (language: Galactic Common) (Vault (45, 185, 4))
[2021-05-16 01:35:36.695] TCOMMS: Luiz20/(LUIZ BORGOS TERCEIRO) [Common] (spans:  yell ) "EU GANHEI O MATA MATA!!!" (language: Galactic Common) (Wasteland (61, 76, 2))
[2021-05-16 01:35:47.070] TCOMMS: Eversonblr/(Miguel Hastings) [BOS] (spans:  ) "Alguem ai ?" (language: Galactic Common) (Brotherhood of Steel (155, 237, 2))
[2021-05-16 01:35:59.001] TCOMMS: Eversonblr/(Miguel Hastings) [BOS] (spans:  ) "O prefix desse rádio é :q" (language: Galactic Common) (Brotherhood of Steel (151, 237, 2))
[2021-05-16 01:36:06.431] TCOMMS: darkpudding/(Brody Rathens) [Vault] (spans:  ) "Que solitário." (language: Galactic Common) (Vault (74, 174, 4))
[2021-05-16 01:36:15.725] TCOMMS: Baeiou/(Roderick Malkav) [Vault] (spans:  ) "Em que sentido, Brody?" (language: Galactic Common) (Vault (55, 172, 4))
[2021-05-16 01:36:26.955] TCOMMS: darkpudding/(Brody Rathens) [Vault] (spans:  ) "Andar por esses corredores sozinho." (language: Galactic Common) (Vault (71, 175, 4))
[2021-05-16 01:37:05.134] TCOMMS: Luiz20/(LUIZ BORGOS TERCEIRO) [Common] (spans:  yell ) "GANHEI O MATA MATAAAAAAAAA!!!!" (language: Galactic Common) (Wasteland (60, 65, 2))
[2021-05-16 01:37:09.417] TCOMMS: Luiz20/(LUIZ BORGOS TERCEIRO) [Common] (spans:  ) "SOU FODA" (language: Galactic Common) (Wasteland (57, 65, 2))
[2021-05-16 01:37:41.043] TCOMMS: darkpudding/(Brody Rathens) [Vault] (spans:  ) "Como está aí fora, Erika?" (language: Galactic Common) (Vault (48, 161, 4))
[2021-05-16 01:38:12.842] TCOMMS: Eversonblr/(Miguel Hastings) [BOS] (spans:  ) "Consegue me ouvir alguem ?" (language: Galactic Common) (Brotherhood of Steel Operations Department (242, 238, 3))
[2021-05-16 01:39:32.286] TCOMMS: Eversonblr/(Miguel Hastings) [BOS] (spans:  ) "Se alguem em ouve fale profavor o prfix desse rádio é :q" (language: Galactic Common) (Brotherhood of Steel Operations Department (246, 230, 3))
[2021-05-16 01:39:36.722] TCOMMS: johnegbert3/(Roger Tanner) [BOS] (spans:  ) "Oi" (language: Galactic Common) (Wasteland (209, 186, 2))
[2021-05-16 01:39:46.151] TCOMMS: Eversonblr/(Miguel Hastings) [BOS] (spans:  ) "Esse é or adio da nossa facção" (language: Galactic Common) (Brotherhood of Steel Operations Department (231, 228, 3))
[2021-05-16 01:39:47.427] TCOMMS: johnegbert3/(Roger Tanner) [BOS] (spans:  ) "To indo atras de gente pra matar" (language: Galactic Common) (Wasteland (229, 186, 2))
[2021-05-16 01:39:57.706] TCOMMS: darkpudding/(Brody Rathens) [Vault] (spans:  ) "Erika?" (language: Galactic Common) (Vault (39, 162, 4))
[2021-05-16 01:40:02.671] TCOMMS: Kaduh/(Erika Haynes) [Vault] (spans:  ) "Sim" (language: Galactic Common) (Caves (37, 141, 4))
[2021-05-16 01:40:05.809] TCOMMS: Eversonblr/(Miguel Hastings) [BOS] (spans:  ) "Quando sairem da base se verem recursos valiosos tragam pra base" (language: Galactic Common) (Brotherhood of Steel Operations Department (231, 228, 3))
[2021-05-16 01:40:29.710] TCOMMS: Kaduh/(Erika Haynes) [Vault] (spans:  ) "Ainda nem sai dos portões" (language: Galactic Common) (Tunnel (44, 140, 4))
[2021-05-16 01:40:41.064] TCOMMS: Kaduh/(Erika Haynes) [Vault] (spans:  ) "É uma mina e tem barata aqui nao gosto de baratas" (language: Galactic Common) (Tunnel (46, 140, 4))
[2021-05-16 01:40:52.317] TCOMMS: Kaduh/(Erika Haynes) [Vault] (spans:  ) "To pegando alguns minerios" (language: Galactic Common) (Caves (39, 140, 4))
[2021-05-16 01:41:00.290] TCOMMS: darkpudding/(Brody Rathens) [Vault] (spans:  ) "Avisa quando quiser voltar." (language: Galactic Common) (Vault (48, 161, 4))
[2021-05-16 01:41:06.704] TCOMMS: Italos/(Josef Polson) [Enclave] (spans:  ) "Dante" (language: Galactic Common) (Enclave (133, 21, 3))
[2021-05-16 01:41:07.025] TCOMMS: Kaduh/(Erika Haynes) [Vault] (spans:  ) "Ok" (language: Galactic Common) (Tunnel (46, 139, 4))
[2021-05-16 01:41:21.932] TCOMMS: Italos/(Josef Polson) [Enclave] (spans:  ) "Esqueceu da energia do rifle de plasma" (language: Galactic Common) (Enclave (133, 21, 3))
[2021-05-16 01:42:55.316] TCOMMS: Eversonblr/(Miguel Hastings) [BOS] (spans:  ) "Med sem equipamentos medico se verem peguem" (language: Galactic Common) (Brotherhood of Steel Medbay (236, 216, 3))
[2021-05-16 01:43:41.237] TCOMMS: Eversonblr/(Miguel Hastings) [BOS] (spans:  ) "Irei sair pra procurar coisas" (language: Galactic Common) (Brotherhood of Steel Medbay (237, 222, 3))
[2021-05-16 01:44:08.758] TCOMMS: Italos/(Josef Polson) [Enclave] (spans:  ) "Todos sabem que temos um radio?" (language: Galactic Common) (Tunnel (122, 26, 3))
[2021-05-16 01:44:16.570] TCOMMS: Eversonblr/(Miguel Hastings) [BOS] (spans:  ) "Algum de vocês sabem pesquisa tecnologia ?" (language: Galactic Common) (Brotherhood of Steel RnD Department (236, 194, 3))
[2021-05-16 01:44:22.041] TCOMMS: Dantesousa/(Dante Sousa) [Enclave] (spans:  ) "Sim, pessoal, ajuda a invadir uma base de raider" (language: Galactic Common) (Tunnel (127, 68, 3))
[2021-05-16 01:44:28.308] TCOMMS: 2006f/(Payde Dante) [Common] (spans:  ) "Oi" (language: Galactic Common) (Enclave (130, 22, 3))
[2021-05-16 01:44:30.718] TCOMMS: spookypineapple/(Tonhao Vermelho) [Common] (spans:  ) "Oi" (language: Galactic Common) (Legion (215, 22, 2))
[2021-05-16 01:44:33.879] TCOMMS: nickenzo12345/(Ayla Hussain) [Common] (spans:  ) "Oi" (language: Galactic Common) (Wasteland (97, 180, 2))
[2021-05-16 01:44:37.704] TCOMMS: johnegbert3/(Roger Tanner) [Common] (spans:  ) "Oi" (language: Galactic Common) (Wasteland (92, 127, 2))
[2021-05-16 01:44:39.845] TCOMMS: nickenzo12345/(Ayla Hussain) [Common] (spans:  ) "Vendo pessoas" (language: Galactic Common) (Wasteland (94, 172, 2))
[2021-05-16 01:44:45.551] TCOMMS: johnegbert3/(Roger Tanner) [Common] (spans:  ) "Tonhao vermelho" (language: Galactic Common) (Wasteland (85, 136, 2))
[2021-05-16 01:46:24.883] TCOMMS: johnegbert3/(Pai Do Johonas) [Common] (spans:  ) "Eu cheguei" (language: Galactic Common) (Brotherhood of Steel Operations Department (240, 239, 3))
[2021-05-16 01:46:27.864] TCOMMS: SondTheAnime/(Courier) [Legion] (spans:  ) "Tá frio hoje" (language: Galactic Common) (Legion (211, 49, 2))
[2021-05-16 01:47:04.228] TCOMMS: nickenzo12345/(Flossie Ackerley) [Common] (spans:  ) "Alo?" (language: Galactic Common) (Wasteland (57, 37, 2))
[2021-05-16 01:48:45.390] TCOMMS: johnegbert3/(Pai Do Johonas) [Common] (spans:  ) "HEIL SAO PAULO! 卐 卐 卐 卐" (language: Galactic Common) (Brotherhood of Steel 1st Floor Offices (247, 207, 3))
[2021-05-16 01:48:49.623] TCOMMS: johnegbert3/(Pai Do Johonas) [Common] (spans:  ) "HEIL SAO PAULO! 卐 卐 卐 卐" (language: Galactic Common) (Brotherhood of Steel 1st Floor Offices (247, 212, 3))
[2021-05-16 01:48:51.766] TCOMMS: johnegbert3/(Pai Do Johonas) [Common] (spans:  ) "HEIL SAO PAULO! 卐 卐 卐 卐" (language: Galactic Common) (Brotherhood of Steel Medbay (247, 218, 3))
[2021-05-16 01:49:04.959] TCOMMS: Baeiou/(Roderick Malkav) [Common] (spans:  ) "São Paulo?" (language: Galactic Common) (Vault (43, 154, 4))
[2021-05-16 01:49:52.997] TCOMMS: johnegbert3/(Adder Pedofilo) [Common] (spans:  ) "Oi" (language: Galactic Common) (Legion (220, 19, 2))
[2021-05-16 01:50:17.759] TCOMMS: Eversonblr/(Miguel Hastings) [BOS] (spans:  ) "Peguem comida tambem" (language: Galactic Common) (Brotherhood of Steel Leisure Areas (224, 234, 3))
[2021-05-16 01:50:21.622] TCOMMS: Eversonblr/(Miguel Hastings) [BOS] (spans:  ) "Ta ficando em em falta" (language: Galactic Common) (Brotherhood of Steel Leisure Areas (224, 233, 3))
[2021-05-16 01:50:27.917] TCOMMS: Billyeah T/(Copetino I) [Common] (spans:  ) "O-oi" (language: Galactic Common) (Wasteland (8, 231, 2))
[2021-05-16 01:50:32.838] TCOMMS: johnegbert3/(Adder Pedofilo) [Common] (spans:  ) "Sou pedofilo" (language: Galactic Common) (Legion (235, 30, 2))
[2021-05-16 01:50:34.536] TCOMMS: spookypineapple/(Tonhao Vermelho) [Common] (spans:  ) "VOCÊ É ESPECIAL DEMAIS" (language: Galactic Common) (Followers of the Apocalypse (86, 57, 2))
[2021-05-16 01:50:38.562] TCOMMS: Billyeah T/(Copetino I) [Common] (spans:  ) "Eu tenho 11 anos" (language: Galactic Common) (Wasteland (26, 223, 2))
[2021-05-16 01:50:43.699] TCOMMS: johnegbert3/(Adder Pedofilo) [Common] (spans:  ) "Vem pra minha cama" (language: Galactic Common) (Legion (222, 39, 2))
[2021-05-16 01:50:50.095] TCOMMS: Billyeah T/(Copetino I) [Common] (spans:  ) "Que isso" (language: Galactic Common) (Wasteland (27, 199, 2))
[2021-05-16 01:51:05.206] TCOMMS: Billyeah T/(Copetino I) [Common] (spans:  ) "Peidei" (language: Galactic Common) (Wasteland (45, 211, 2))
[2021-05-16 01:51:08.749] TCOMMS: johnegbert3/(Adder Pedofilo) [Common] (spans:  ) "Voce tem 11 msm?" (language: Galactic Common) (Legion (227, 31, 2))
[2021-05-16 01:51:11.055] TCOMMS: johnegbert3/(Adder Pedofilo) [Common] (spans:  ) "Muito" (language: Galactic Common) (Legion (227, 31, 2))
[2021-05-16 01:51:12.282] TCOMMS: johnegbert3/(Adder Pedofilo) [Common] (spans:  ) "Maduro" (language: Galactic Common) (Legion (227, 30, 2))
[2021-05-16 01:51:19.098] TCOMMS: Billyeah T/(Copetino I) [Common] (spans:  ) "Cala a boca macaco" (language: Galactic Common) (Wasteland (45, 233, 2))
[2021-05-16 01:51:35.681] TCOMMS: Billyeah T/(Copetino I) [Common] (spans:  ) "Tenho phd em engenharia civil" (language: Galactic Common) (Wasteland (19, 245, 2))
[2021-05-16 01:51:36.809] TCOMMS: Eversonblr/(Miguel Hastings) [BOS] (spans:  ) "Estou indo em busca de recursos" (language: Galactic Common) (Brotherhood of Steel (168, 222, 2))
[2021-05-16 01:51:42.609] TCOMMS: Billyeah T/(Copetino I) [Common] (spans:  ) "E  façi mewing" (language: Galactic Common) (Wasteland (19, 245, 2))
[2021-05-16 01:56:11.650] TCOMMS: Baeiou/(Roderick Malkav) [Vault] (spans:  ) "Como estão fora?" (language: Galactic Common) (Vault (44, 164, 4))
[2021-05-16 01:56:16.730] TCOMMS: DarkPudding/(Brody Rathens) [Vault] (spans:  ) "Tudo bem." (language: Galactic Common) (Caves (94, 148, 4))
[2021-05-16 01:56:37.296] TCOMMS: Kaduh/(Erika Haynes) [Vault] (spans:  ) "Peguei alguns diamantes" (language: Galactic Common) (Caves (87, 149, 4))
[2021-05-16 01:57:39.968] TCOMMS: Italos/(Josef Polson) [Enclave] (spans:  ) "Todos na base?" (language: Galactic Common) (Enclave (129, 19, 3))
[2021-05-16 01:57:44.543] TCOMMS: Eversonblr/(Miguel Hastings) [Common] (spans:  ) "CARAI NÃO ACHO UM MED KIT" (language: Galactic Common) (Village (157, 113, 2))
[2021-05-16 01:58:00.982] TCOMMS: SondTheAnime/(Courier) [Common] (spans:  ) "Eu achei um monte de super stimpack hehe" (language: Galactic Common) (Legion (218, 26, 2))
[2021-05-16 01:58:01.177] TCOMMS: Italos/(Josef Polson) [Common] (spans:  ) "Usa stimpack ou powder" (language: Galactic Common) (Enclave (129, 19, 3))
[2021-05-16 01:59:13.112] TCOMMS: alexalbright/(Alex Albright II) [Common] (spans:  ) "Se quiser eu de entrego alguns" (language: Galactic Common) (Wasteland (107, 181, 2))
[2021-05-16 01:59:37.292] TCOMMS: Eversonblr/(Miguel Hastings) [Common] (spans:  ) "Eu ficaria grato" (language: Galactic Common) (Wasteland (167, 141, 2))
[2021-05-16 01:59:45.526] TCOMMS: 2006f/(Paydes Borgus) [Common] (spans:  ) "Oi" (language: Galactic Common) (City (61, 55, 2))
[2021-05-16 01:59:47.347] TCOMMS: johnegbert3/(Peunis Eretus) [Common] (spans:  ) "Sargento penis eretos" (language: Galactic Common) (NCR (14, 223, 2))
[2021-05-16 01:59:54.904] TCOMMS: alexalbright/(Alex Albright II) [Common] (spans:  ) "Vou pro oasis" (language: Galactic Common) (Wasteland (93, 167, 2))
[2021-05-16 02:00:01.589] TCOMMS: alexalbright/(Alex Albright II) [Common] (spans:  ) "De entrego lá" (language: Galactic Common) (Wasteland (93, 167, 2))
[2021-05-16 02:00:04.515] TCOMMS: alexalbright/(Alex Albright II) [Common] (spans:  ) "Pode ser?" (language: Galactic Common) (Wasteland (93, 167, 2))
[2021-05-16 02:00:12.837] TCOMMS: Eversonblr/(Miguel Hastings) [Common] (spans:  ) "Não sei onde é" (language: Galactic Common) (Brotherhood of Steel (170, 218, 2))
[2021-05-16 02:00:28.088] TCOMMS: Italos/(Josef Polson) [Enclave] (spans:  ) "Não vai morrer com equipamento do governo" (language: Galactic Common) (Enclave (137, 25, 3))
[2021-05-16 02:00:33.524] TCOMMS: alexalbright/(Alex Albright II) [Common] (spans:  ) "Hmmmm" (language: Galactic Common) (Wasteland (75, 94, 2))
[2021-05-16 02:00:43.961] TCOMMS: alexalbright/(Alex Albright II) [Common] (spans:  ) "O que tu tá vendo em volta?" (language: Galactic Common) (Wasteland (75, 94, 2))
[2021-05-16 02:01:14.658] TCOMMS: spookypineapple/(Nenem Bragas) [Security] (spans:  ) "Olá" (language: Galactic Common) (Vault (79, 176, 4))
[2021-05-16 02:01:25.550] TCOMMS: spookypineapple/(Nenem Bragas) [Security] (spans:  ) "Estão me ouvindo?" (language: Galactic Common) (Vault (74, 171, 4))
[2021-05-16 02:01:28.619] TCOMMS: alexalbright/(Alex Albright II) [Common] (spans:  ) "Oasis fica no direito na parte de baixo" (language: Galactic Common) (Wasteland (74, 82, 2))
[2021-05-16 02:01:31.804] TCOMMS: Baeiou/(Roderick Malkav) [Vault] (spans:  ) "Não respondam." (language: Galactic Common) (Vault (48, 193, 4))
[2021-05-16 02:01:46.561] TCOMMS: alexalbright/(Alex Albright II) [Common] (spans:  ) "Desculpa quis dizer esquerdo" (language: Galactic Common) (Wasteland (74, 82, 2))
[2021-05-16 02:02:00.227] TCOMMS: Baeiou/(Roderick Malkav) [Security] (spans:  ) "Na escuta." (language: Galactic Common) (Vault (53, 179, 4))
[2021-05-16 02:02:02.936] TCOMMS: spookypineapple/(Nenem Bragas) [Vault] (spans:  ) "Teste, testando" (language: Galactic Common) (Vault (75, 171, 4))
[2021-05-16 02:02:20.266] TCOMMS: spookypineapple/(Nenem Bragas) [Vault] (spans:  ) "Ok, esse é a frequência correta, como assim não responder?" (language: Galactic Common) (Vault (75, 172, 4))
[2021-05-16 02:02:21.202] TCOMMS: Baeiou/(Roderick Malkav) [Vault] (spans:  ) "Brody e Erika?" (language: Galactic Common) (Vault (50, 177, 4))
[2021-05-16 02:02:21.942] TCOMMS: SondTheAnime/(Courier) [Legion] (spans:  ) "Alguém no radio?" (language: Galactic Common) (Legion (220, 44, 2))
[2021-05-16 02:02:30.161] TCOMMS: DarkPudding/(Brody Rathens) [Vault] (spans:  ) "Fica aí, Erika." (language: Galactic Common) (Tunnel (87, 155, 4))
[2021-05-16 02:02:34.347] TCOMMS: spookypineapple/(Nenem Bragas) [Vault] (spans:  ) "Quantos residentes na nossa vault?" (language: Galactic Common) (Vault (75, 171, 4))
[2021-05-16 02:02:36.253] TCOMMS: Baeiou/(Roderick Malkav) [Vault] (spans:  ) "Há sempre uma chance de ocorrer invasões." (language: Galactic Common) (Vault (49, 175, 4))
[2021-05-16 02:02:39.500] TCOMMS: alexalbright/(Alex Albright II) [Common] (spans:  ) "Tá vivo?" (language: Galactic Common) (Wasteland (76, 62, 2))
[2021-05-16 02:02:47.133] TCOMMS: Baeiou/(Roderick Malkav) [Vault] (spans:  ) "Atualmente três." (language: Galactic Common) (Vault (53, 179, 4))
[2021-05-16 02:02:53.192] TCOMMS: Eversonblr/(Miguel Hastings) [Common] (spans:  ) "To" (language: Galactic Common) (Brotherhood of Steel Operations Department (243, 235, 3))
[2021-05-16 02:02:56.297] TCOMMS: DanteThanatos/(Dr Oswald Casket) [Vault] (spans:  ) "Olá Senhores" (language: Galactic Common) (Vault (60, 165, 4))
[2021-05-16 02:03:00.398] TCOMMS: Baeiou/(Roderick Malkav) [Vault] (spans:  ) "Erika, onde está o seu sensor?" (language: Galactic Common) (Vault (53, 179, 4))
[2021-05-16 02:03:19.226] TCOMMS: DarkPudding/(Brody Rathens) [Vault] (spans:  ) "Fomos atacados, Erika ficou para trás, mas vou ajudá-la." (language: Galactic Common) (Caves (54, 134, 4))
[2021-05-16 02:03:23.947] TCOMMS: spookypineapple/(Nenem Bragas) [Vault] (spans:  ) "Desses três, me digam suas respectivas funções." (language: Galactic Common) (Vault (75, 171, 4))
[2021-05-16 02:03:35.131] TCOMMS: DarkPudding/(Brody Rathens) [Vault] (spans:  ) "Abre a vault." (language: Galactic Common) (Vault (49, 147, 4))
[2021-05-16 02:03:41.875] TCOMMS: Baeiou/(Roderick Malkav) [Vault] (spans:  ) "Atualmente quatro. Abrindo." (language: Galactic Common) (Vault (48, 169, 4))
[2021-05-16 02:04:27.013] TCOMMS: Baeiou/(Roderick Malkav) [Vault] (spans:  ) "Bem, eu seria o supervisor do &#34;Vault&#34;." (language: Galactic Common) (Vault (46, 153, 4))
[2021-05-16 02:04:38.062] TCOMMS: Baeiou/(Roderick Malkav) [Vault] (spans:  ) "Fora isto, há o Doutor Oswald Casket." (language: Galactic Common) (Vault (45, 153, 4))
[2021-05-16 02:05:08.812] TCOMMS: spookypineapple/(Nenem Bragas) [Vault] (spans:  ) "Doutor, temos engenheiros ou algum residente?" (language: Galactic Common) (Vault (69, 183, 4))
[2021-05-16 02:05:20.195] TCOMMS: spookypineapple/(Nenem Bragas) [Common] (spans:  ) "Olá, testando" (language: Galactic Common) (Vault (57, 172, 4))
[2021-05-16 02:05:22.789] TCOMMS: DanteThanatos/(Dr Oswald Casket) [Vault] (spans:  ) "Tenho Stimpaks de Salicylic Acid na area médica." (language: Galactic Common) (Vault (52, 162, 4))
[2021-05-16 02:05:26.056] TCOMMS: spookypineapple/(Nenem Bragas) [Vault] (spans:  ) "Frequência errada" (language: Galactic Common) (Vault (52, 172, 4))
[2021-05-16 02:05:42.253] TCOMMS: Baeiou/(Roderick Malkav) [Vault] (spans:  ) "Certo. Tinhamos um engenheiro, Erika. Ainda espero você retornar este, Brody." (language: Galactic Common) (Vault (53, 179, 4))
[2021-05-16 02:05:49.966] TCOMMS: Baeiou/(Roderick Malkav) [Security] (spans:  ) "Brody, o que aconteceu?" (language: Galactic Common) (Vault (52, 177, 4))
[2021-05-16 02:05:52.044] TCOMMS: 2006f/(Paydes Borgus) [Common] (spans:  ) "Peidei no chão da cidade" (language: Galactic Common) (Wasteland (118, 28, 2))
[2021-05-16 02:06:07.161] TCOMMS: aedaris/(Daniel Payde) [Common] (spans:  ) "Payde Daniel se apresentando!" (language: Galactic Common) (Vault (37, 163, 4))
[2021-05-16 02:06:22.175] TCOMMS: Baeiou/(Roderick Malkav) [Vault] (spans:  ) "Não nesta frequência, Payde." (language: Galactic Common) (Vault (49, 164, 4))
[2021-05-16 02:06:28.033] TCOMMS: Baeiou/(Roderick Malkav) [Vault] (spans:  ) "Este é o público." (language: Galactic Common) (Vault (49, 159, 4))
[2021-05-16 02:06:28.063] TCOMMS: billyeaht/(Pai Do Copettino II) [Common] (spans:  ) "GOZEII" (language: Galactic Common) (Wasteland (56, 172, 2))
[2021-05-16 02:06:28.256] TCOMMS: aedaris/(Daniel Payde) [Vault] (spans:  ) "Oops." (language: Galactic Common) (Vault (34, 163, 4))
[2021-05-16 02:06:30.722] TCOMMS: aedaris/(Daniel Payde) [Vault] (spans:  ) "Perdão." (language: Galactic Common) (Vault (34, 163, 4))
[2021-05-16 02:07:31.148] TCOMMS: DarkPudding/(Brody Rathens) [Vault] (spans:  ) "Erika está morta." (language: Galactic Common) (Tunnel (7, 205, 3))
[2021-05-16 02:07:41.292] TCOMMS: DanteThanatos/(Dr Oswald Casket) [Vault] (spans:  ) "Traga ela." (language: Galactic Common) (Vault (64, 162, 4))
[2021-05-16 02:08:31.702] TCOMMS: nickenzo12345/(Flossie Ackerley) [Common] (spans:  ) "Fudeu" (language: Galactic Common) (City (60, 41, 2))
[2021-05-16 02:08:37.239] TCOMMS: nickenzo12345/(Flossie Ackerley) [Common] (spans:  ) "Oasis sendo atacado" (language: Galactic Common) (City (60, 41, 2))
[2021-05-16 02:09:12.129] TCOMMS: Baeiou/(Roderick Malkav) [Vault] (spans:  ) "Deathclaw na entrada da Vault." (language: Galactic Common) (Vault (44, 158, 4))
[2021-05-16 02:09:17.496] TCOMMS: Baeiou/(Roderick Malkav) [Vault] (spans:  ) "Permaneçam em locais seguros." (language: Galactic Common) (Vault (44, 158, 4))
[2021-05-16 02:09:19.830] TCOMMS: DanteThanatos/(Dr Oswald Casket) [Vault] (spans:  ) "É um Deathclaw" (language: Galactic Common) (Vault (46, 163, 4))
[2021-05-16 02:09:26.694] TCOMMS: Baeiou/(Roderick Malkav) [Security] (spans:  ) "Equipem-se, temos um monstro dentro." (language: Galactic Common) (Vault (38, 154, 4))
[2021-05-16 02:10:00.385] TCOMMS: spookypineapple/(Nenem Bragas) [Vault] (spans:  ) "Daniel Paydes é um careeyoka ancestral escuro e ladrão, ele abriu um buraco pro deathclaw entrar!" (language: Galactic Common) (Vault (46, 153, 4))
[2021-05-16 02:10:53.032] TCOMMS: Baeiou/(Roderick Malkav) [Vault] (spans:  ) "Aviso. Um monstro dentro das manutenções." (language: Galactic Common) (Vault (50, 165, 4))
[2021-05-16 02:10:58.622] TCOMMS: aedaris/(Daniel Payde) [Vault] (spans:  ) "NÃO ATIRA NO CEO DO SEXO" (language: Galactic Common) (Vault (50, 168, 4))
[2021-05-16 02:11:03.503] TCOMMS: aedaris/(Daniel Payde) [Vault] (spans:  ) "NÃO ATIRA NO MEU ANCESTRAL" (language: Galactic Common) (Vault (50, 168, 4))
[2021-05-16 02:11:11.642] TCOMMS: spookypineapple/(Nenem Bragas) [Vault] (spans:  ) "CUIDADO PRA NÃO SEREM MOLESTADOS!" (language: Galactic Common) (Vault (49, 172, 4))
[2021-05-16 02:12:53.031] TCOMMS: Eversonblr/(Miguel Hastings) [BOS] (spans:  ) "Estão bem ?" (language: Galactic Common) (Brotherhood of Steel (162, 237, 2))
[2021-05-16 02:13:55.797] TCOMMS: Baeiou/(Roderick Malkav) [Vault] (spans:  ) "Dr José, na escuta?" (language: Galactic Common) (Vault (45, 152, 4))
[2021-05-16 02:14:11.840] TCOMMS: Baeiou/(Roderick Malkav) [Security] (spans:  ) "Algemem Daniel Payde." (language: Galactic Common) (Vault (43, 153, 4))
[2021-05-16 02:14:17.886] TCOMMS: Baeiou/(Roderick Malkav) [Security] (spans:  ) "Não parece estar em boa condição mental." (language: Galactic Common) (Vault (43, 153, 4))
[2021-05-16 02:17:31.548] TCOMMS: spookypineapple/(Heath Ledger) [Vault] (spans:  ) "Como vocês sabem, a loucura é igual a gravidade... Só precisa de um pequeno empurrãozinho" (language: Galactic Common) (Vault (49, 160, 4))
[2021-05-16 02:17:40.584] TCOMMS: Eversonblr/(Miguel Hastings) [Common] (spans:  ) "Alguem do clan legion ?" (language: Galactic Common) (Wasteland (211, 55, 2))
[2021-05-16 02:17:47.542] TCOMMS: DarkPudding/(Brody Rathens) [Vault] (spans:  ) "Uma analogia sem sentido." (language: Galactic Common) (Vault (75, 179, 4))
[2021-05-16 02:18:14.998] TCOMMS: Baeiou/(Roderick Malkav) [Vault] (spans:  ) "Heath, qual o motivo desta frase?" (language: Galactic Common) (Vault (49, 175, 4))
[2021-05-16 02:20:57.953] TCOMMS: Baeiou/(Roderick Malkav) [Security] (spans:  ) "Heath. Você é um oficial de segurança de nosso querido Vault." (language: Galactic Common) (Vault (48, 171, 4))
[2021-05-16 02:21:05.382] TCOMMS: Baeiou/(Roderick Malkav) [Security] (spans:  ) "Caos é o oposto do que havia sido instruído." (language: Galactic Common) (Vault (49, 172, 4))
[2021-05-16 02:22:10.821] TCOMMS: Baeiou/(Roderick Malkav) [Vault] (spans:  ) "Erika, sobre escuta?" (language: Galactic Common) (Vault (53, 179, 4))
[2021-05-16 02:22:42.303] TCOMMS: DarkPudding/(Brody Rathens) [Vault] (spans:  ) "Ela não estava morta?" (language: Galactic Common) (Vault (34, 181, 4))
[2021-05-16 02:22:58.666] TCOMMS: Baeiou/(Roderick Malkav) [Vault] (spans:  ) "Estava, sensore dizem estar vivo." (language: Galactic Common) (Vault (49, 175, 4))
[2021-05-16 02:23:10.220] TCOMMS: Baeiou/(Roderick Malkav) [Vault] (spans:  ) "Seu sensor estaria fora do máximo, no entanto." (language: Galactic Common) (Vault (53, 179, 4))
[2021-05-16 02:23:30.104] TCOMMS: Baeiou/(Roderick Malkav) [Security] (spans:  ) "Todos os oficiais de segurança, qual o estado?" (language: Galactic Common) (Vault (65, 167, 4))
[2021-05-16 02:23:36.569] TCOMMS: DarkPudding/(Brody Rathens) [Security] (spans:  ) "Neutro." (language: Galactic Common) (Vault (68, 167, 4))
[2021-05-16 02:24:47.370] TCOMMS: DarkPudding/(Brody Rathens) [Security] (spans:  ) "Heath ainda vandalizando o chão." (language: Galactic Common) (Vault (51, 195, 4))
[2021-05-16 02:25:00.703] TCOMMS: SondTheAnime/(Courier) [Legion] (spans:  ) "Aviso, não ataque ninguém da Brotherhood of Stell. Eles são meio que nossos &#39;&#34;amigos&#34;." (language: Galactic Common) (Legion (238, 42, 2))
[2021-05-16 02:25:14.230] TCOMMS: Baeiou/(Roderick Malkav) [Security] (spans:  ) "Prenda ele." (language: Galactic Common) (Vault (45, 179, 4))
[2021-05-16 02:27:28.658] TCOMMS: Baeiou/(Roderick Malkav) [Security] (spans:  ) "Brody, havia pego o rádio de Erika?" (language: Galactic Common) (Vault (44, 194, 4))
[2021-05-16 02:27:33.321] TCOMMS: Baeiou/(Roderick Malkav) [Security] (spans:  ) "Este retornou para a estação." (language: Galactic Common) (Vault (45, 194, 4))
[2021-05-16 02:27:39.789] TCOMMS: DarkPudding/(Brody Rathens) [Security] (spans:  ) "Estava na mochila dela." (language: Galactic Common) (Vault (71, 175, 4))
[2021-05-16 02:27:44.058] TCOMMS: DarkPudding/(Brody Rathens) [Security] (spans:  ) "Heath preso." (language: Galactic Common) (Vault (71, 175, 4))
[2021-05-16 02:27:47.511] TCOMMS: DarkPudding/(Brody Rathens) [Security] (spans:  ) "Venha vê-lo." (language: Galactic Common) (Vault (71, 175, 4))
[2021-05-16 02:27:48.744] TCOMMS: Baeiou/(Roderick Malkav) [Vault] (spans:  ) "Veja sua mochila, Erika." (language: Galactic Common) (Vault (55, 192, 4))
[2021-05-16 02:27:52.286] TCOMMS: Baeiou/(Roderick Malkav) [Security] (spans:  ) "Indo." (language: Galactic Common) (Vault (60, 185, 4))
[2021-05-16 02:29:04.409] TCOMMS: Eversonblr/(Miguel Hastings) [BOS] (spans:  ) "Alguem vivo ?" (language: Galactic Common) (Legion (230, 39, 2))
[2021-05-16 02:29:13.228] TCOMMS: SondTheAnime/(Courier) [Legion] (spans:  ) "Alo, alguém na escuta?" (language: Galactic Common) (Legion (230, 37, 2))
[2021-05-16 02:29:37.723] TCOMMS: Eversonblr/(Miguel Hastings) [BOS] (spans:  ) "Prefix do nosso raádio é :q alguem na escuta ?" (language: Galactic Common) (Legion (230, 39, 2))
[2021-05-16 02:30:55.533] TCOMMS: Eversonblr/(Miguel Hastings) [Common] (spans:  ) "Alguem vivo ?" (language: Galactic Common) (Wasteland (211, 53, 2))
[2021-05-16 02:33:05.415] TCOMMS: DanteThanatos/(Dr Oswald Casket) [Vault] (spans:  ) "MATARAM O OVERSEER!" (language: Galactic Common) (Vault (73, 181, 4))
[2021-05-16 02:33:19.296] TCOMMS: DanteThanatos/(Dr Oswald Casket) [Vault] (spans:  yell ) "HEATH LEDGER!!" (language: Galactic Common) (Vault (74, 181, 4))
[2021-05-16 02:33:37.163] TCOMMS: DanteThanatos/(Dr Oswald Casket) [Vault] (spans:  ) "Sec pra brig!" (language: Galactic Common) (Vault (76, 181, 4))
[2021-05-16 02:33:54.424] TCOMMS: DarkPudding/(Brody Rathens) [Vault] (spans:  ) "Calma." (language: Galactic Common) (Caves (74, 134, 4))
[2021-05-16 02:35:14.745] TCOMMS: spookypineapple/(Heath Ledger) [Common] (spans:  ) "EU SOU O CORINGA!" (language: Galactic Common) (Vault (83, 178, 4))
[2021-05-16 02:35:21.166] TCOMMS: SondTheAnime/(Courier) [Common] (spans:  ) "Legal..." (language: Galactic Common) (Wasteland (225, 181, 2))
[2021-05-16 02:35:22.576] TCOMMS: spookypineapple/(Heath Ledger) [Common] (spans:  ) "VAMOS, SE DIVIRTAM!" (language: Galactic Common) (Vault (82, 178, 4))
[2021-05-16 02:36:03.310] TCOMMS: Eversonblr/(Miguel Hastings) [Common] (spans:  ) "Ola pessoa" (language: Galactic Common) (Building (244, 149, 2))
[2021-05-16 02:36:11.366] TCOMMS: DarkPudding/(Brody Rathens) [Vault] (spans:  ) "Heath detido." (language: Galactic Common) (Vault (75, 175, 4))
[2021-05-16 02:38:09.304] TCOMMS: Kaduh/(Erika Haynes) [Common] (spans:  ) "Minha vida é tão feliz nao preciso me preocupar com montros e nem radiação" (language: Galactic Common) (Caves (75, 135, 4))
[2021-05-16 02:40:54.078] TCOMMS: DarkPudding/(Brody Rathens) [Vault] (spans:  ) "Como está indo?" (language: Galactic Common) (Vault (67, 175, 4))
[2021-05-16 02:42:15.433] TCOMMS: Italos/(Josef Polson) [Common] (spans:  ) "Parem de tentar invadir a base do ENCLAVE" (language: Galactic Common) (Enclave (126, 18, 3))
[2021-05-16 02:42:26.328] TCOMMS: Italos/(Josef Polson) [Common] (spans:  ) "Minha armadura aguenta mais de 200 tiros" (language: Galactic Common) (Enclave (126, 18, 3))
[2021-05-16 02:43:39.893] TCOMMS: baeiou/(Roderick Malkav) [Security] (spans:  ) "Brody, como estaria Heath?" (language: Galactic Common) (Vault (51, 171, 4))
[2021-05-16 02:43:47.062] TCOMMS: DarkPudding/(Brody Rathens) [Security] (spans:  ) "Preso, esperando por ti." (language: Galactic Common) (Vault (71, 177, 4))
[2021-05-16 02:43:55.450] TCOMMS: baeiou/(Roderick Malkav) [Security] (spans:  ) "Pertences?" (language: Galactic Common) (Vault (69, 181, 4))
[2021-05-16 02:44:00.912] TCOMMS: DarkPudding/(Brody Rathens) [Security] (spans:  ) "Confiscados." (language: Galactic Common) (Vault (75, 176, 4))
[2021-05-16 02:44:34.430] TCOMMS: Rerom/(Ringa Copas) [Legion] (spans:  ) "Alo ?" (language: Galactic Common) (Wasteland (140, 78, 2))
[2021-05-16 02:45:27.900] TCOMMS: baeiou/(Roderick Malkav) [Security] (spans:  ) "Quem deixou a porta da Vault aberta?" (language: Galactic Common) (Vault (46, 154, 4))
[2021-05-16 02:45:52.075] TCOMMS: spookypineapple/(Vinicius Levanuyrabo) [Vault] (spans:  ) "Olá" (language: Galactic Common) (Vault (52, 189, 4))
[2021-05-16 02:45:54.674] TCOMMS: spookypineapple/(Vinicius Levanuyrabo) [Common] (spans:  ) "Olá" (language: Galactic Common) (Vault (52, 188, 4))
[2021-05-16 02:46:13.065] TCOMMS: baeiou/(Roderick Malkav) [Vault] (spans:  ) "Vinicius, na escuta?" (language: Galactic Common) (Vault (51, 178, 4))
[2021-05-16 02:46:34.110] TCOMMS: spookypineapple/(Vinicius Levanuyrabo) [Vault] (spans:  ) "Sim?" (language: Galactic Common) (Vault (48, 191, 4))
[2021-05-16 02:46:34.246] TCOMMS: baeiou/(Roderick Malkav) [Security] (spans:  ) "O cérebro de Heath, peça ao doutor remover." (language: Galactic Common) (Vault (61, 182, 4))
[2021-05-16 02:46:46.963] TCOMMS: baeiou/(Roderick Malkav) [Vault] (spans:  ) "Onde estaria?" (language: Galactic Common) (Vault (48, 171, 4))
[2021-05-16 02:46:54.342] TCOMMS: spookypineapple/(Vinicius Levanuyrabo) [Vault] (spans:  ) "No mundo" (language: Galactic Common) (Vault (51, 193, 4))
[2021-05-16 02:47:05.885] TCOMMS: baeiou/(Roderick Malkav) [Vault] (spans:  ) "Certo. Em que parte do mundo?" (language: Galactic Common) (Vault (53, 179, 4))
[2021-05-16 02:47:09.644] TCOMMS: DarkPudding/(Brody Rathens) [Vault] (spans:  ) "Doutor, faça o Heath um borg." (language: Galactic Common) (Vault (62, 164, 4))
[2021-05-16 02:48:32.066] TCOMMS: baeiou/(Roderick Malkav) [Security] (spans:  ) "Ambrosine e Vinicius, onde estão?" (language: Galactic Common) (Vault (46, 153, 4))
[2021-05-16 02:48:48.850] TCOMMS: spookypineapple/(Vinicius Levanuyrabo) [Security] (spans:  ) "Ambrosine se matou, e eu fui caçar coisas aqui no exterior" (language: Galactic Common) (Tunnel (45, 140, 4))
[2021-05-16 02:48:55.385] TCOMMS: spookypineapple/(Vinicius Levanuyrabo) [Security] (spans:  ) "Eu volto, eventualmente" (language: Galactic Common) (Tunnel (45, 140, 4))
[2021-05-16 02:49:39.349] TCOMMS: baeiou/(Roderick Malkav) [Security] (spans:  ) "Isto é certamente horrível. Vinicius, evite em se retirar sem segundo aviso." (language: Galactic Common) (Vault (53, 179, 4))
[2021-05-16 02:50:00.128] TCOMMS: spookypineapple/(Vinicius Levanuyrabo) [Security] (spans:  ) "Está tudo barricado, não tem pra onde ir mesmo assim" (language: Galactic Common) (Caves (45, 137, 4))
[2021-05-16 02:50:03.609] TCOMMS: baeiou/(Roderick Malkav) [Security] (spans:  ) "Braydon, adquira o cadáver de Ambrosine caso consiga." (language: Galactic Common) (Vault (46, 154, 4))
[2021-05-16 02:51:10.926] TCOMMS: DarkPudding/(Brody Rathens) [Vault] (spans:  ) "Estou sa&#39;indo com Erika para ir atrás de seu rád&#39;io." (language: Galactic Common) (Vault (43, 153, 4))
[2021-05-16 02:51:17.915] TCOMMS: baeiou/(Roderick Malkav) [Vault] (spans:  ) "Certo." (language: Galactic Common) (Vault (46, 161, 4))
[2021-05-16 02:51:43.315] TCOMMS: spookypineapple/(Vinicius Levanuyrabo) [Vault] (spans:  ) "A maioria dos corredores indo para nosso bunker já foram completamente esvaziados" (language: Galactic Common) (Tunnel (6, 199, 3))
[2021-05-16 02:51:45.894] TCOMMS: DanteThanatos/(Dr Oswald Casket) [Vault] (spans:  ) "Ele voltou Overseer." (language: Galactic Common) (Vault (64, 160, 4))
[2021-05-16 02:51:51.686] TCOMMS: baeiou/(Roderick Malkav) [Vault] (spans:  ) "Quem havia?" (language: Galactic Common) (Vault (56, 162, 4))
[2021-05-16 02:51:54.312] TCOMMS: spookypineapple/(Vinicius Levanuyrabo) [Vault] (spans:  ) "Não tem nada, nadinha" (language: Galactic Common) (Tunnel (3, 201, 3))
[2021-05-16 02:52:27.772] TCOMMS: Kaduh/(Erika Haynes) [Vault] (spans:  ) "Teste" (language: Galactic Common) (Tunnel (7, 206, 3))
[2021-05-16 02:52:32.004] TCOMMS: baeiou/(Roderick Malkav) [Vault] (spans:  ) "Sobre escuta." (language: Galactic Common) (Vault (56, 164, 4))
[2021-05-16 02:53:43.096] TCOMMS: baeiou/(Roderick Malkav) [Vault] (spans:  ) "Estão retornando para a Vault?" (language: Galactic Common) (Vault (45, 153, 4))
[2021-05-16 02:53:47.558] TCOMMS: Kaduh/(Erika Haynes) [Vault] (spans:  ) "Eu to" (language: Galactic Common) (Caves (68, 135, 4))
[2021-05-16 02:53:55.239] TCOMMS: baeiou/(Roderick Malkav) [Vault] (spans:  ) "Informem quando chegar." (language: Galactic Common) (Vault (39, 156, 4))
[2021-05-16 02:54:12.390] TCOMMS: Kaduh/(Erika Haynes) [Vault] (spans:  ) "Eu cheguei peguei meu radio de volta" (language: Galactic Common) (Vault (49, 147, 4))
[2021-05-16 02:54:20.403] TCOMMS: Kaduh/(Erika Haynes) [Vault] (spans:  ) "Os guardas nao sei onde estaão" (language: Galactic Common) (Vault (49, 147, 4))
[2021-05-16 02:54:43.873] TCOMMS: Kaduh/(Erika Haynes) [Vault] (spans:  ) "Eles continuaram a exploração do segundo nadar" (language: Galactic Common) (Vault (49, 159, 4))
[2021-05-16 02:54:49.341] TCOMMS: baeiou/(Roderick Malkav) [Security] (spans:  ) "Brayon?" (language: Galactic Common) (Vault (39, 158, 4))
[2021-05-16 02:56:27.278] TCOMMS: DarkPudding/(Brody Rathens) [Vault] (spans:  ) "Achamos a saída." (language: Galactic Common) (Wasteland (16, 185, 2))
[2021-05-16 02:56:32.503] TCOMMS: DarkPudding/(Brody Rathens) [Vault] (spans:  ) "Local quente." (language: Galactic Common) (Wasteland (16, 185, 2))
[2021-05-16 02:56:48.549] TCOMMS: baeiou/(Roderick Malkav) [Vault] (spans:  ) "Apenas marque o local." (language: Galactic Common) (Vault (48, 160, 4))
[2021-05-16 02:56:57.285] TCOMMS: baeiou/(Roderick Malkav) [Vault] (spans:  ) "Retorne para dentro." (language: Galactic Common) (Vault (48, 160, 4))
[2021-05-16 02:57:18.021] TCOMMS: DarkPudding/(Brody Rathens) [Vault] (spans:  ) "Vinicius ficou lá explorando um pouco." (language: Galactic Common) (Tunnel (11, 219, 3))
[2021-05-16 02:57:24.967] TCOMMS: baeiou/(Roderick Malkav) [Vault] (spans:  ) "Vinicius?" (language: Galactic Common) (Vault (57, 163, 4))
[2021-05-16 02:57:37.713] TCOMMS: baeiou/(Roderick Malkav) [Security] (spans:  ) "Retorne para a Vault, Vinicius." (language: Galactic Common) (Vault (57, 163, 4))
[2021-05-16 02:57:41.639] TCOMMS: baeiou/(Roderick Malkav) [Security] (spans:  ) "Você é o Chefe de Segurança." (language: Galactic Common) (Vault (57, 163, 4))
[2021-05-16 02:58:00.537] TCOMMS: baeiou/(Roderick Malkav) [Vault] (spans:  ) "Oswald?" (language: Galactic Common) (Vault (56, 163, 4))
[2021-05-16 02:58:22.210] TCOMMS: DarkPudding/(Brody Rathens) [Security] (spans:  ) "Abra a vault." (language: Galactic Common) (Vault (49, 147, 4))
[2021-05-16 02:58:57.072] TCOMMS: Kaduh/(Erika Haynes) [Vault] (spans:  ) "Droga meu jumpsuit nao aparece se nao tiver usando o original" (language: Galactic Common) (Vault (55, 161, 4))
[2021-05-16 02:59:02.415] TCOMMS: Kaduh/(Erika Haynes) [Vault] (spans:  ) "Nos sensores" (language: Galactic Common) (Vault (55, 162, 4))
[2021-05-16 02:59:04.809] TCOMMS: baeiou/(Roderick Malkav) [Vault] (spans:  ) "Sim." (language: Galactic Common) (Vault (61, 179, 4))
[2021-05-16 02:59:38.278] TCOMMS: spookypineapple/(Vinicius Levanuyrabo) [Security] (spans:  ) "Encontrei um homem que se auto entitula ser da Enclave" (language: Galactic Common) (Wasteland (23, 197, 2))
[2021-05-16 02:59:49.504] TCOMMS: spookypineapple/(Vinicius Levanuyrabo) [Security] (spans:  ) "Ele bem, está me ensinando suas maneiras" (language: Galactic Common) (Wasteland (23, 197, 2))
[2021-05-16 02:59:51.820] TCOMMS: baeiou/(Roderick Malkav) [Security] (spans:  ) "Onde você está, Vinicius? O que é a Enclave?" (language: Galactic Common) (Vault (70, 183, 4))
[2021-05-16 03:00:02.658] TCOMMS: spookypineapple/(Vinicius Levanuyrabo) [Security] (spans:  ) "Ele diz que é algo do &#34;governo&#34;" (language: Galactic Common) (Wasteland (23, 200, 2))
[2021-05-16 03:00:11.089] TCOMMS: spookypineapple/(Vinicius Levanuyrabo) [Security] (spans:  ) "Sabe aquele governo ancestral? Que nossos pais falavam?" (language: Galactic Common) (Wasteland (23, 200, 2))
[2021-05-16 03:00:23.061] TCOMMS: baeiou/(Roderick Malkav) [Security] (spans:  ) "Sim. Governo dos Estados Unidos." (language: Galactic Common) (Vault (48, 161, 4))
[2021-05-16 03:01:59.798] TCOMMS: spookypineapple/(Vinicius Levanuyrabo) [Security] (spans:  ) "Aparentemente a Enclave é uma parte do governo antigo dos Estados Unidos, ele está me explicando sobre" (language: Galactic Common) (Wasteland (23, 200, 2))
[2021-05-16 03:02:11.452] TCOMMS: spookypineapple/(Vinicius Levanuyrabo) [Security] (spans:  ) "Isso é ótimo, poderiamos falar sobre" (language: Galactic Common) (Wasteland (23, 200, 2))
[2021-05-16 03:02:12.472] TCOMMS: baeiou/(Roderick Malkav) [Security] (spans:  ) "Okay. Quem é o Presidente?" (language: Galactic Common) (Vault (43, 157, 4))
[2021-05-16 03:02:18.872] TCOMMS: Kaduh/(Erika Haynes) [Common] (spans:  ) "Chama a shuttle!!! ops descupa gente eu bati com a cabeça e fiquei tonta" (language: Galactic Common) (Vault (51, 173, 4))
[2021-05-16 03:02:34.691] TCOMMS: DarkPudding/(Brody Rathens) [Security] (spans:  ) "Quer ir até lá fora, Roderick?" (language: Galactic Common) (Vault (49, 161, 4))
[2021-05-16 03:03:08.103] TCOMMS: DarkPudding/(Brody Rathens) [Security] (spans:  ) "Permissão para sair e acompanhar Vinicius?" (language: Galactic Common) (Vault (44, 157, 4))
[2021-05-16 03:03:17.488] TCOMMS: baeiou/(Roderick Malkav) [Security] (spans:  ) "Vinicius?" (language: Galactic Common) (Vault (53, 179, 4))
[2021-05-16 03:03:30.402] TCOMMS: DarkPudding/(Brody Rathens) [Security] (spans:  ) "Sim." (language: Galactic Common) (Vault (44, 157, 4))
[2021-05-16 03:03:38.296] TCOMMS: spookypineapple/(Vinicius Levanuyrabo) [Security] (spans:  ) "Brody, no momento, estou ocupado investigando a suposta base do homem" (language: Galactic Common) (Wasteland (93, 168, 2))
[2021-05-16 03:03:43.475] TCOMMS: DarkPudding/(Brody Rathens) [Security] (spans:  ) "Vinicius Levanuyrabo." (language: Galactic Common) (Vault (44, 157, 4))
[2021-05-16 03:03:48.558] TCOMMS: baeiou/(Roderick Malkav) [Security] (spans:  ) "Permissão negada, Brody." (language: Galactic Common) (Vault (53, 179, 4))
[2021-05-16 03:03:56.789] TCOMMS: spookypineapple/(Vinicius Levanuyrabo) [Security] (spans:  ) "Enquanto eu estiver fora, você chefia a segurança da Vault" (language: Galactic Common) (Wasteland (99, 113, 2))
[2021-05-16 03:04:20.714] TCOMMS: DarkPudding/(Brody Rathens) [Security] (spans:  ) "Hmpf. Só não dar armas para um louco." (language: Galactic Common) (Vault (46, 162, 4))
[2021-05-16 03:06:33.895] TCOMMS: Corvopimpolho/(Maddox Prechtl) [Common] (spans:  ) "Som" (language: Galactic Common) (Wasteland (216, 61, 2))
[2021-05-16 03:06:46.127] TCOMMS: Kaduh/(Erika Haynes) [Common] (spans:  ) "Voce acha que seu som é bom?" (language: Galactic Common) (Vault (49, 162, 4))
[2021-05-16 03:06:57.080] TCOMMS: Corvopimpolho/(Maddox Prechtl) [Common] (spans:  ) "Tenho certeza" (language: Galactic Common) (Wasteland (185, 78, 2))
[2021-05-16 03:07:20.892] TCOMMS: DarkPudding/(Brody Rathens) [Security] (spans:  ) "Estou cuidando da entrada." (language: Galactic Common) (Vault (46, 153, 4))
[2021-05-16 03:07:33.424] TCOMMS: spookypineapple/(Vinicius Levanuyrabo) [Security] (spans:  ) "Eu estou voltando com o agente e seu soldado caido." (language: Galactic Common) (Enclave (130, 20, 3))
[2021-05-16 03:07:36.008] TCOMMS: baeiou/(Roderick Malkav) [Security] (spans:  ) "Muito bem." (language: Galactic Common) (Vault (64, 159, 4))
[2021-05-16 03:07:40.752] TCOMMS: spookypineapple/(Vinicius Levanuyrabo) [Security] (spans:  ) "Ele acha que o homem pode ser ressucitado." (language: Galactic Common) (Enclave (130, 20, 3))
[2021-05-16 03:07:48.942] TCOMMS: Kaduh/(Erika Haynes) [Vault] (spans:  ) "Voces estão vivos?" (language: Galactic Common) (Vault (43, 171, 4))
[2021-05-16 03:07:54.183] TCOMMS: baeiou/(Roderick Malkav) [Security] (spans:  ) "Estarei em cirúrgia. Brody, permita acesso caso Vinicius confirme sua entrada." (language: Galactic Common) (Vault (64, 159, 4))
[2021-05-16 03:07:55.675] TCOMMS: baeiou/(Roderick Malkav) [Vault] (spans:  ) "Sim." (language: Galactic Common) (Vault (64, 159, 4))
[2021-05-16 03:08:02.418] TCOMMS: baeiou/(Roderick Malkav) [Vault] (spans:  ) "Casos de fora da Vault." (language: Galactic Common) (Vault (64, 159, 4))
[2021-05-16 03:08:04.227] TCOMMS: DarkPudding/(Brody Rathens) [Security] (spans:  ) "Sim senhor." (language: Galactic Common) (Vault (46, 153, 4))
[2021-05-16 03:11:43.471] TCOMMS: DarkPudding/(Brody Rathens) [Security] (spans:  ) "Estão chegando?" (language: Galactic Common) (Vault (45, 153, 4))
[2021-05-16 03:12:05.225] TCOMMS: DarkPudding/(Brody Rathens) [Security] (spans:  ) "Merda." (language: Galactic Common) (Vault (53, 164, 4))
[2021-05-16 03:12:33.694] TCOMMS: DarkPudding/(Brody Rathens) [Security] (spans:  ) "Vinicius?" (language: Galactic Common) (Vault (52, 164, 4))
[2021-05-16 03:13:41.551] TCOMMS: DarkPudding/(Brody Rathens) [Security] (spans:  ) "Preocupado estou." (language: Galactic Common) (Vault (46, 153, 4))
[2021-05-16 03:16:17.671] TCOMMS: DarkPudding/(Brody Rathens) [Vault] (spans:  ) "Hm." (language: Galactic Common) (Vault (48, 181, 4))
[2021-05-16 03:16:19.556] TCOMMS: Kaduh/(Erika Haynes) [Common] (spans:  ) "Teste" (language: Galactic Common) (Vault (49, 168, 4))
[2021-05-16 03:16:26.639] TCOMMS: DarkPudding/(Brody Rathens) [Vault] (spans:  ) "Precisamos ir para o Oasis?" (language: Galactic Common) (Vault (48, 181, 4))
[2021-05-16 03:16:27.383] TCOMMS: Kaduh/(Erika Haynes) [Common] (spans:  ) "Eita o que aconteceu em oasis?" (language: Galactic Common) (Vault (49, 169, 4))
[2021-05-16 03:16:44.435] TCOMMS: Kaduh/(Erika Haynes) [Vault] (spans:  ) "Nem sei sair do vault direito" (language: Galactic Common) (Vault (50, 171, 4))
[2021-05-16 03:16:59.475] TCOMMS: DanteThanatos/(Dr Oswald Casket) [Vault] (spans:  ) "Overseer! Seu colete!" (language: Galactic Common) (Vault (65, 161, 4))
[2021-05-16 03:18:55.130] TCOMMS: Kaduh/(Erika Haynes) [Vault] (spans:  ) "E dificil chegar na superficie... só um curiosidade?" (language: Galactic Common) (Vault (68, 167, 4))
[2021-05-16 03:19:22.217] TCOMMS: DarkPudding/(Brody Rathens) [Vault] (spans:  ) "Nope. Matamos os bichos que haviam até lá." (language: Galactic Common) (Vault (44, 161, 4))
[2021-05-16 03:20:19.249] TCOMMS: baeiou/(Roderick Malkav) [Vault] (spans:  ) "Aviso. Membros da &#34;Enclave&#34; poderão visitar a Vault. Função para questionar estes." (language: Galactic Common) (Vault (46, 153, 4))
[2021-05-16 03:20:29.045] TCOMMS: baeiou/(Roderick Malkav) [Security] (spans:  ) "Se arme caso haja qualquer problema." (language: Galactic Common) (Vault (46, 153, 4))
[2021-05-16 03:20:36.577] TCOMMS: DarkPudding/(Brody Rathens) [Security] (spans:  ) "Sempre estou." (language: Galactic Common) (Vault (46, 153, 4))
[2021-05-16 03:20:37.432] TCOMMS: baeiou/(Roderick Malkav) [Vault] (spans:  ) "Futuramente." (language: Galactic Common) (Vault (44, 153, 4))
[2021-05-16 03:20:42.481] TCOMMS: DarkPudding/(Brody Rathens) [Vault] (spans:  ) "Ok." (language: Galactic Common) (Vault (46, 153, 4))
[2021-05-16 03:21:57.353] TCOMMS: DarkPudding/(Brody Rathens) [Vault] (spans:  ) "Alguém na frente da vault." (language: Galactic Common) (Vault (45, 154, 4))
[2021-05-16 03:22:03.909] TCOMMS: rerom/(Ringa Copas) [144.1] (spans:  ) "Alo ?" (language: Galactic Common) (Vault (48, 147, 4))
[2021-05-16 03:22:04.569] TCOMMS: DarkPudding/(Brody Rathens) [Vault] (spans:  ) "Venha, Rodercik." (language: Galactic Common) (Vault (45, 154, 4))
[2021-05-16 03:22:15.475] TCOMMS: DarkPudding/(Brody Rathens) [144.1] (spans:  ) "Um momento." (language: Galactic Common) (Vault (45, 154, 4))
[2021-05-16 03:22:25.817] TCOMMS: DarkPudding/(Brody Rathens) [Vault] (spans:  ) "Roderick." (language: Galactic Common) (Vault (46, 153, 4))
[2021-05-16 03:24:16.057] TCOMMS: Kaduh/(Erika Haynes) [Vault] (spans:  ) "Existem outras pessoas no exterior???? voces mentiram para mim o tempo todo?" (language: Galactic Common) (Vault (61, 185, 4))
[2021-05-16 03:25:14.881] TCOMMS: baeiou/(Roderick Malkav) [Vault] (spans:  ) "Mentir? Nunca haviamos mentido sobre a possibilidade." (language: Galactic Common) (Vault (46, 153, 4))
[2021-05-16 03:25:20.940] TCOMMS: baeiou/(Roderick Malkav) [Vault] (spans:  ) "Não havia escutado o rádio de fora?" (language: Galactic Common) (Vault (46, 153, 4))
[2021-05-16 03:25:32.520] TCOMMS: DarkPudding/(Brody Rathens) [Vault] (spans:  ) "Hm?" (language: Galactic Common) (Vault (46, 154, 4))
[2021-05-16 03:25:40.614] TCOMMS: DarkPudding/(Brody Rathens) [Vault] (spans:  ) "Ah." (language: Galactic Common) (Vault (46, 154, 4))
[2021-05-16 03:25:51.238] TCOMMS: Kaduh/(Erika Haynes) [Vault] (spans:  ) "Pensei que era apenas montros e AIs" (language: Galactic Common) (Vault (37, 181, 4))
[2021-05-16 03:26:04.439] TCOMMS: DarkPudding/(Brody Rathens) [Security] (spans:  ) "Grande parte é." (language: Galactic Common) (Vault (46, 154, 4))
[2021-05-16 03:26:09.622] TCOMMS: DarkPudding/(Brody Rathens) [Vault] (spans:  ) "Grande parte é." (language: Galactic Common) (Vault (46, 154, 4))
[2021-05-16 03:28:38.907] TCOMMS: baeiou/(Roderick Malkav) [Vault] (spans:  ) "Dr Oswald, prepare-se para uma examinação física de um estrangeiro." (language: Galactic Common) (Vault (46, 153, 4))
[2021-05-16 03:29:31.675] TCOMMS: DarkPudding/(Brody Rathens) [Vault] (spans:  ) "Pode abrir." (language: Galactic Common) (Vault (49, 160, 4))
[2021-05-16 03:29:34.175] TCOMMS: baeiou/(Roderick Malkav) [Security] (spans:  ) "Reviste." (language: Galactic Common) (Vault (46, 152, 4))
[2021-05-16 03:30:11.371] TCOMMS: baeiou/(Roderick Malkav) [Vault] (spans:  ) "Oswald, para a entrada da Vault." (language: Galactic Common) (Vault (46, 153, 4))
[2021-05-16 03:30:21.292] TCOMMS: baeiou/(Roderick Malkav) [Vault] (spans:  ) "Analise o estrangeiro." (language: Galactic Common) (Vault (46, 153, 4))
[2021-05-16 03:33:17.041] TCOMMS: DarkPudding/(Brody Rathens) [Vault] (spans:  ) "Ele estava bem armado." (language: Galactic Common) (Vault (39, 154, 4))
[2021-05-16 03:33:24.244] TCOMMS: DarkPudding/(Brody Rathens) [Security] (spans:  ) "Todas as armas carregadas." (language: Galactic Common) (Vault (39, 154, 4))
[2021-05-16 03:33:37.599] TCOMMS: DarkPudding/(Brody Rathens) [Security] (spans:  ) "Um corpo ter tudo isso é difícil." (language: Galactic Common) (Vault (38, 153, 4))
[2021-05-16 03:33:48.799] TCOMMS: baeiou/(Roderick Malkav) [Security] (spans:  ) "Apenas o visto." (language: Galactic Common) (Vault (55, 163, 4))
[2021-05-16 03:33:55.051] TCOMMS: baeiou/(Roderick Malkav) [Security] (spans:  ) "Possa ter assassinado alguém." (language: Galactic Common) (Vault (55, 163, 4))
[2021-05-16 03:34:23.675] TCOMMS: DarkPudding/(Brody Rathens) [Security] (spans:  ) "Duas facas, uma semi-automática, uma pistola improvisada e uma 9mm em perfeito estado." (language: Galactic Common) (Vault (38, 155, 4))
[2021-05-16 03:37:19.019] TCOMMS: Kaduh/(Erika Haynes) [Common] (spans:  ) "Para onde o pessoal de oasis vai?" (language: Galactic Common) (Vault (45, 193, 4))
[2021-05-16 03:37:25.820] TCOMMS: Kaduh/(Erika Haynes) [Common] (spans:  ) "Para praia?" (language: Galactic Common) (Vault (55, 192, 4))
[2021-05-16 03:38:59.417] TCOMMS: Eversonblr/(Miguel Hastings) [BOS] (spans:  ) "Venham pro train" (language: Galactic Common) (Emergency Shuttle (251, 228, 2))
[2021-05-16 03:42:58.402] TCOMMS: baeiou/(Roderick Malkav) [Vault] (spans:  ) "Alguém havia pego a madeira?" (language: Galactic Common) (Vault (49, 206, 4))
