[2021-05-22 11:49:26.642] TGS Info: Activating API for version 3.2.6.2
[2021-05-22 11:49:26.665] TGS Error: Custom chat commands in /datum/tgs_version lacks the /datum/tgs_chat_user/sender.channel field!
[2021-05-22 11:49:26.748] TGS Error: Use of TgsRevision on 3.2.1.0 origin_commit only points to master!
[2021-05-22 11:49:26.748] Running /tg/ revision: 
 - origin/master: f65b210728aba651726bb64ab03f2a6b7609c6d8
 - HEAD: 3545d40436470884050aedec7a67aa29c0eb69bf
[2021-05-22 11:49:26.763] Loading config file config.txt...
[2021-05-22 11:49:26.797] Loading config file game_options.txt...
[2021-05-22 11:49:26.827] LINE 103: Failed to validate setting "CLOWNOPS 0" for probability
[2021-05-22 11:49:26.834] Loading config file dbconfig.txt...
[2021-05-22 11:49:26.846] Loading config file comms.txt...
[2021-05-22 11:49:26.853] Loading config file antag_rep.txt...
[2021-05-22 11:49:26.859] Loading config file resources.txt...
[2021-05-22 11:49:26.887] Loading config file donator_groupings.txt...
[2021-05-22 11:49:26.894] Loading config file dynamic_config.txt...
[2021-05-22 11:49:26.914] Loading config file plushies/defines.txt...
[2021-05-22 11:49:26.921] Loading config file job_threats.txt...
[2021-05-22 11:49:26.927] Loading config file policy.txt...
[2021-05-22 11:49:26.939] Loading config file maps.txt...
[2021-05-22 11:49:27.048] Database connection established.
[2021-05-22 11:49:27.050] SQL: Could not get schema version from database
