[2021-05-22 11:49:27.058] Starting up round ID 26.
 - -------------------------
[2021-05-22 11:53:29.053] N0fun \ Kyra Taggart \ Head Paladin \ NONE \ LATEJOIN
[2021-05-22 11:54:30.341] Kaduh \ Tomas Miller \ Outlaw \ NONE \ LATEJOIN
[2021-05-22 11:54:50.417] Richard-Campi \ Owen Davis \ Overseer \ NONE \ LATEJOIN
[2021-05-22 12:02:29.967] kaduh \ Tim Miller \ Wastelander \ NONE \ LATEJOIN
[2021-05-22 12:36:15.578] Gatossj \ John Grave \ Wastelander \ NONE \ LATEJOIN
[2021-05-22 13:15:16.120] Italos \ Josef Polson \ NCR Veteran Ranger \ NONE \ LATEJOIN
[2021-05-22 13:27:00.656] AlbertoVinhofino \ Zion Focell \ Scribe \ NONE \ LATEJOIN
[2021-05-22 13:34:45.109] albertovinhofino \ Zion Focell \ Proctor \ NONE \ LATEJOIN
[2021-05-22 13:34:48.525] GabrielDoomBR \ Baam Frest \ Sheriff \ NONE \ LATEJOIN
[2021-05-22 14:29:16.444] Syndi-Pudim \ James Betrayon \ Outlaw \ NONE \ LATEJOIN
[2021-05-22 14:45:57.646] DrCortexxx \ Leonard Roadman \ Wastelander \ NONE \ LATEJOIN
[2021-05-22 14:49:13.770] Guilhty \ Pedro \ Wastelander \ NONE \ LATEJOIN
[2021-05-22 14:54:18.303] guilhty \ Guilherme Evan \ Wastelander \ NONE \ LATEJOIN
[2021-05-22 15:30:17.030] Gabrielmilla123 \ Gabriel Milla \ Villager \ NONE \ LATEJOIN
[2021-05-22 15:58:41.240] richardcampi \ Lucious \ Legion Explorer \ NONE \ LATEJOIN
[2021-05-22 15:58:55.809] Rzyka \ Scott Woodworth \ Druid \ NONE \ LATEJOIN
[2021-05-22 16:00:10.807] Jhonatan lima \ Luicio Notav \ NCR Combat Engineer \ NONE \ LATEJOIN
[2021-05-22 16:06:50.105] N0fun \ Kyra Taggart \ NCR Ranger \ NONE \ LATEJOIN
[2021-05-22 16:13:01.388] Dantesousa \ Dante Sousa \ Mayor \ NONE \ LATEJOIN
[2021-05-22 16:13:51.050] OvelhaCosmica \ Adam Alves \ Outlaw \ NONE \ LATEJOIN
[2021-05-22 16:32:30.851] Luiz20 \ Luiz Borgos Primeiro \ Outlaw \ NONE \ LATEJOIN
[2021-05-22 16:39:50.162] SondTheAnime \ Courier \ Head Paladin \ NONE \ LATEJOIN
[2021-05-22 16:53:20.498] luciam \ Skarlet D'Luker \ Wastelander \ NONE \ LATEJOIN
[2021-05-22 16:56:15.871] Euzinho123 \ Marcos Parker \ Citizen \ NONE \ LATEJOIN
[2021-05-22 17:25:21.866] XXLucasWesleyXx \ Will Riker \ Wastelander \ NONE \ LATEJOIN
[2021-05-22 17:25:48.356] kaduh \ Erika Miller \ Followers Volunteer \ NONE \ LATEJOIN
[2021-05-22 17:26:53.426] Guizog \ Bob Merlin \ Outlaw \ NONE \ LATEJOIN
[2021-05-22 17:34:04.949] Aert \ Keziah Wright \ Wastelander \ NONE \ LATEJOIN
[2021-05-22 17:34:25.964] Nickenzo12345 \ Porter Woodworth \ Outlaw \ NONE \ LATEJOIN
[2021-05-22 17:37:51.576] Darkrazor191 \ Gutenberg Pacheco \ Wastelander \ NONE \ LATEJOIN
[2021-05-22 17:42:18.849] NizimGamer \ Nizin Veerriene Primeiro \ BoS Off-Duty \ NONE \ LATEJOIN
[2021-05-22 17:47:42.673] luiz20 \ Luiz Borgos Segundo \ Great Khan \ NONE \ LATEJOIN
[2021-05-22 17:50:04.401] luiz20 \ Luiz Borgos Segundor \ Wastelander \ NONE \ LATEJOIN
[2021-05-22 18:03:36.297] dantesousa \ John Snow \ NCR Lieutenant \ NONE \ LATEJOIN
[2021-05-22 18:19:42.002] Zeewhel \ Kain Morgan \ Citizen \ NONE \ LATEJOIN
