[2021-05-22 11:49:27.063] Starting up round ID 26.
 - -------------------------
[2021-05-22 11:49:28.210] INIT: Initialized Profiler subsystem within 0 seconds!
[2021-05-22 11:49:28.358] Fail2Topic: Failed to drop firewall rule. Exit code: 1.
[2021-05-22 11:49:28.359] INIT: Initialized Fail2Topic subsystem within 0.1 seconds!
[2021-05-22 11:49:28.397] INIT: Initialized Title Screen subsystem within 0 seconds!
[2021-05-22 11:49:28.398] INIT: Initialized Database subsystem within 0 seconds!
[2021-05-22 11:49:28.398] INIT: Initialized Stat Panels subsystem within 0 seconds!
[2021-05-22 11:49:28.398] INIT: Initialized Blackbox subsystem within 0 seconds!
[2021-05-22 11:49:28.399] INIT: Initialized Server Tasks subsystem within 0 seconds!
[2021-05-22 11:49:28.400] INIT: Initialized Input subsystem within 0 seconds!
[2021-05-22 11:49:28.403] INIT: Initialized Sounds subsystem within 0.1 seconds!
[2021-05-22 11:49:28.403] INIT: Initialized Vis contents overlays subsystem within 0 seconds!
[2021-05-22 11:49:28.461] INIT: Initialized Research subsystem within 0 seconds!
[2021-05-22 11:49:28.463] INIT: Initialized Events subsystem within 0 seconds!
[2021-05-22 11:49:28.469] INIT: Initialized Jobs subsystem within 0 seconds!
[2021-05-22 11:49:28.471] INIT: Initialized Quirks subsystem within 0 seconds!
[2021-05-22 11:49:28.514] INIT: Initialized Ticker subsystem within 0.1 seconds!
[2021-05-22 11:49:28.535] INIT: Initialized Instruments subsystem within 0 seconds!
[2021-05-22 11:49:47.258] INIT: Initialized Mapping subsystem within 18.7 seconds!
[2021-05-22 11:49:47.258] INIT: Initialized Economy subsystem within 0 seconds!
[2021-05-22 11:49:47.261] INIT: Initialized Networks subsystem within 0 seconds!
[2021-05-22 11:49:47.261] INIT: Initialized Holodeck subsystem within 0 seconds!
[2021-05-22 11:50:33.155] INIT: Initialized Atoms subsystem within 45.9 seconds!
[2021-05-22 11:50:33.172] INIT: Initialized Language subsystem within 0 seconds!
[2021-05-22 11:50:33.199] INIT: Initialized Machines subsystem within 0 seconds!
[2021-05-22 11:50:33.301] INIT: Initialized Circuit subsystem within 0.2 seconds!
[2021-05-22 11:50:33.550] INIT: Initialized Atmos Adjacency subsystem within 0.2 seconds!
[2021-05-22 11:50:33.550] INIT: Initialized Autotransfer Vote subsystem within 0 seconds!
[2021-05-22 11:50:33.550] INIT: Initialized Chemistry subsystem within 0 seconds!
[2021-05-22 11:50:33.551] INIT: Initialized Status Effects subsystem within 0 seconds!
[2021-05-22 11:50:33.553] INIT: Initialized Weather subsystem within 0 seconds!
[2021-05-22 11:50:33.558] INIT: Initialized Disease subsystem within 0 seconds!
[2021-05-22 11:50:33.558] INIT: Initialized Item Spawners subsystem within 0 seconds!
[2021-05-22 11:50:33.558] INIT: Initialized Jukeboxes subsystem within 0 seconds!
[2021-05-22 11:50:33.559] INIT: Initialized Medals subsystem within 0 seconds!
[2021-05-22 11:50:34.530] INIT: Initialized Minimaps subsystem within 1 second!
[2021-05-22 11:50:34.533] INIT: Initialized Mob Spawners subsystem within 0 seconds!
[2021-05-22 11:50:34.533] INIT: Initialized Monster Wave subsystem within 0 seconds!
[2021-05-22 11:50:34.533] INIT: Initialized Day/Night Cycle subsystem within 0 seconds!
[2021-05-22 11:50:34.534] INIT: Initialized Night Shift subsystem within 0 seconds!
[2021-05-22 11:50:34.534] INIT: Initialized Parallax subsystem within 0 seconds!
[2021-05-22 11:50:34.534] INIT: Initialized Sun subsystem within 0 seconds!
[2021-05-22 11:50:34.941] INIT: Initialized Traumas subsystem within 0.4 seconds!
[2021-05-22 11:50:42.606] INIT: Initialized Atmospherics subsystem within 7.7 seconds!
[2021-05-22 11:50:51.391] INIT: Initialized Assets subsystem within 8.7 seconds!
[2021-05-22 11:50:56.714] INIT: Initialized Icon Smoothing subsystem within 5.3 seconds!
[2021-05-22 11:50:57.871] INIT: Initialized Overlay subsystem within 1.1 seconds!
[2021-05-22 11:50:57.871] INIT: Initialized XKeyScore subsystem within 0 seconds!
[2021-05-22 11:50:57.957] INIT: Initialized Sticky Ban subsystem within 0.1 seconds!
[2021-05-22 11:51:07.255] INIT: Initialized Lighting subsystem within 9.3 seconds!
[2021-05-22 11:51:10.517] INIT: Initialized Shuttle subsystem within 3.3 seconds!
[2021-05-22 11:51:15.614] INIT: Initialized Minor Mapping subsystem within 5.1 seconds!
[2021-05-22 11:51:15.616] INIT: Initialized Pathfinder subsystem within 0 seconds!
[2021-05-22 11:51:15.715] INIT: Initialized Persistence subsystem within 0.1 seconds!
[2021-05-22 11:51:15.725] INIT: Initialized Chat subsystem within 0 seconds!
[2021-05-22 18:40:02.942] Fail2Topic: Failed to drop firewall rule. Exit code: 1.
