[2021-05-22 11:49:27.057] Starting up round ID 26.
 - -------------------------
[2021-05-22 13:03:21.589] TCOMMS: The supply request console [Supply] (spans: robot ) "A new order has been requested." (language: Galactic Common) (Vault (29, 182, 4))
[2021-05-22 13:31:50.045] TCOMMS: AlbertoVinhofino/(Zion Focell) [Common] (spans:  ) "Buenos Dias" (language: Galactic Common) (Brotherhood of Steel Medbay (237, 217, 3))
[2021-05-22 13:32:11.227] TCOMMS: Italos/(Josef Polson) [Common] (spans:  ) "Bom dia" (language: Galactic Common) (Wasteland (48, 228, 2))
[2021-05-22 13:38:45.942] TCOMMS: GabrielDoomBR/(Baam Frest) [Oasis] (spans:  ) "Fala ai" (language: Galactic Common) (City (71, 42, 2))
[2021-05-22 13:42:19.367] TCOMMS: GabrielDoomBR/(Baam Frest) [Common] (spans:  ) "Oasis aberto" (language: Galactic Common) (City (63, 41, 2))
[2021-05-22 14:13:06.664] TCOMMS: Italos/(Josef Polson) [Common] (spans:  ) "Oasis vai abrir?" (language: Galactic Common) (Wasteland (56, 51, 2))
[2021-05-22 14:14:23.340] TCOMMS: GabrielDoomBR/(Baam Frest) [Common] (spans:  ) "Não" (language: Galactic Common) (City (59, 48, 2))
[2021-05-22 14:14:33.253] TCOMMS: albertovinhofino/(Zion Focell) [Common] (spans:  ) "Puts" (language: Galactic Common) (Brotherhood of Steel Operations Department (232, 223, 3))
[2021-05-22 14:18:44.014] TCOMMS: GabrielDoomBR/(Baam Frest) [Common] (spans:  ) "Oasis aberto" (language: Galactic Common) (City (62, 41, 2))
[2021-05-22 14:18:45.640] TCOMMS: GabrielDoomBR/(Baam Frest) [Common] (spans:  ) "Cade" (language: Galactic Common) (City (62, 41, 2))
[2021-05-22 14:21:30.301] TCOMMS: Italos/(Josef Polson) [NCR] (spans:  ) "Alou" (language: Galactic Common) (Wasteland (103, 185, 2))
[2021-05-22 14:21:41.268] TCOMMS: Italos/(Josef Polson) [Ranger] (spans:  ) "Alou" (language: Galactic Common) (Wasteland (124, 183, 2))
[2021-05-22 14:27:42.307] TCOMMS: Italos/(Josef Polson) [NCR] (spans:  ) "Alguem?" (language: Galactic Common) (NCR (31, 190, 2))
[2021-05-22 14:32:04.864] TCOMMS: albertovinhofino/(Zion Focell) [Common] (spans:  ) "Legion está invadida?" (language: Galactic Common) (Building (197, 49, 2))
[2021-05-22 14:32:13.443] TCOMMS: Italos/(Josef Polson) [Common] (spans:  ) "Não sei" (language: Galactic Common) (NCR (19, 214, 2))
[2021-05-22 14:55:06.772] TCOMMS: GabrielDoomBR/(Baam Frest) [Common] (spans:  ) "Oasis aberto" (language: Galactic Common) (City (59, 48, 2))
[2021-05-22 14:55:19.490] TCOMMS: GabrielDoomBR/(Baam Frest) [Common] (spans:  ) "Oasis fechado" (language: Galactic Common) (City (59, 48, 2))
[2021-05-22 15:35:35.319] TCOMMS: Richard-Campi/(Owen Davis) [Common] (spans:  ) "Vault-Tec Chamando! Atenção individuos da comunidade! Vault 113 se encontra aberto para abrigar e recuperar a população américana, afetada pelos desastres nucleares! A anos estavamos a preparo para este grande momento, e o dia chegou! Localização atual do Vault 113 é nos esgotos na próximidade da base militar, ao localizarem o esgoto e adentrar, subam ao norte, até encontrar uma Porta-Automatica verde, entrem e sigam até as escadas, logo após isso, sigam na caverna, até chegar ao Vault 113 aguardo vossa ch" (language: Galactic Common) (Vault (49, 170, 4))
[2021-05-22 15:35:57.127] TCOMMS: Richard-Campi/(Owen Davis) [Common] (spans:  ) "Solicito que informe a sua chegada com antecendencia, para evitar danos fisicos por nossos sistemas de segurança." (language: Galactic Common) (Vault (49, 170, 4))
[2021-05-22 15:36:16.093] TCOMMS: albertovinhofino/(Zion Focell) [Common] (spans:  ) "Nah, estou bem aonde eu estou" (language: Galactic Common) (Brotherhood of Steel Medbay (236, 216, 3))
[2021-05-22 15:36:51.437] TCOMMS: Richard-Campi/(Owen Davis) [Common] (spans:  ) "Acredito que em sua localidade, não deva haver filtração d&#39;água, e alimentos livre de radiação." (language: Galactic Common) (Vault (49, 170, 4))
[2021-05-22 15:37:11.951] TCOMMS: albertovinhofino/(Zion Focell) [Common] (spans:  ) "Será?" (language: Galactic Common) (Brotherhood of Steel Medbay (236, 216, 3))
[2021-05-22 15:37:23.484] TCOMMS: albertovinhofino/(Zion Focell) [Common] (spans:  ) "Tecnologia é o que não falta aqui!" (language: Galactic Common) (Brotherhood of Steel Operations Department (238, 230, 3))
[2021-05-22 15:37:32.707] TCOMMS: Italos/(Josef Polson) [Common] (spans:  ) "Tem tequila aqui" (language: Galactic Common) (Wasteland (182, 194, 2))
[2021-05-22 15:37:46.940] TCOMMS: Richard-Campi/(Owen Davis) [Common] (spans:  ) "Seria praticamente impossivel, uma sociedade afetada por uma guerra nuclear, tem capacidade mental para criar equipamentos de purificação d&#39;água." (language: Galactic Common) (Vault (49, 161, 4))
[2021-05-22 15:38:40.886] TCOMMS: albertovinhofino/(Zion Focell) [Common] (spans:  ) "O mundo mudou amigo, juntamente a nós" (language: Galactic Common) (Brotherhood of Steel RnD Department (227, 206, 3))
[2021-05-22 15:39:03.994] TCOMMS: Richard-Campi/(Owen Davis) [Common] (spans:  ) "Certamente, mas mentes brilhantes certamente foram varridos, ou estão em seu abrigo nuclear." (language: Galactic Common) (Vault (44, 162, 4))
[2021-05-22 15:47:50.165] TCOMMS: Richard-Campi/(Owen Davis) [Common] (spans:  ) "Vault-Tec Chamando! Atenção cidadãos, além de vaga a morador, temos implantes cirúrgicos de Alta-Técnologia a venda, preço sujeito a negociação." (language: Galactic Common) (Vault (49, 162, 4))
[2021-05-22 16:00:37.914] TCOMMS: Jhonatan lima/(Luicio Notav) [NCR] (spans:  ) "Bom dia" (language: Galactic Common) (NCR (7, 209, 2))
[2021-05-22 16:00:43.604] TCOMMS: Italos/(Josef Polson) [NCR] (spans:  ) "Bom dia" (language: Galactic Common) (Wasteland (91, 180, 2))
[2021-05-22 16:01:21.315] TCOMMS: Jhonatan lima/(Luicio Notav) [NCR] (spans:  ) "Engenheiro ao seu dispor" (language: Galactic Common) (NCR (9, 215, 2))
[2021-05-22 16:05:00.552] TCOMMS: Jhonatan lima/(Luicio Notav) [NCR] (spans:  ) "Vou fazer algumas defesas" (language: Galactic Common) (NCR (36, 222, 2))
[2021-05-22 16:05:13.467] TCOMMS: Italos/(Josef Polson) [NCR] (spans:  ) "Ok" (language: Galactic Common) (Wasteland (227, 72, 2))
[2021-05-22 16:06:10.864] TCOMMS: Italos/(Josef Polson) [Common] (spans:  ) "Alguem em oasis?" (language: Galactic Common) (Wasteland (56, 52, 2))
[2021-05-22 16:09:04.654] TCOMMS: N0fun/(Kyra Taggart) [NCR] (spans:  ) "Bom dia" (language: Galactic Common) (NCR (31, 191, 2))
[2021-05-22 16:09:10.194] TCOMMS: Italos/(Josef Polson) [NCR] (spans:  ) "Abre a porta" (language: Galactic Common) (Wasteland (28, 191, 2))
[2021-05-22 16:09:16.269] TCOMMS: Italos/(Josef Polson) [NCR] (spans:  ) "Bom dia" (language: Galactic Common) (Wasteland (27, 194, 2))
[2021-05-22 16:11:01.566] TCOMMS: Italos/(Josef Polson) [NCR] (spans:  ) "Percebi pouca atividade da legion" (language: Galactic Common) (Wasteland (29, 196, 2))
[2021-05-22 16:11:22.156] TCOMMS: Jhonatan lima/(Luicio Notav) [NCR] (spans:  ) "Eles estão mais recuados" (language: Galactic Common) (Wasteland (13, 193, 2))
[2021-05-22 16:24:10.652] TCOMMS: Dantesousa/(Dante Sousa) [Common] (spans:  ) "Bom dia" (language: Galactic Common) (Tunnel (63, 43, 3))
[2021-05-22 16:24:19.291] TCOMMS: Dantesousa/(Dante Sousa) [Oasis] (spans:  ) "Teste" (language: Galactic Common) (Tunnel (63, 45, 3))
[2021-05-22 16:43:40.083] TCOMMS: Jhonatan lima/(Luicio Notav) [NCR] (spans:  ) "Como usa a forja?" (language: Galactic Common) (NCR (38, 222, 2))
[2021-05-22 16:45:10.514] TCOMMS: Jhonatan lima/(Luicio Notav) [NCR] (spans:  ) "Porque o portão ta abert?" (language: Galactic Common) (NCR (30, 191, 2))
[2021-05-22 16:45:25.478] TCOMMS: Italos/(Josef Polson) [NCR] (spans:  ) "Por que temos defesas" (language: Galactic Common) (Wasteland (77, 105, 2))
[2021-05-22 16:46:07.396] TCOMMS: Italos/(Josef Polson) [NCR] (spans:  ) "Abre o portão" (language: Galactic Common) (Wasteland (28, 189, 2))
[2021-05-22 16:52:13.867] TCOMMS: N0fun/(Kyra Taggart) [NCR] (spans:  ) "Veterano, a gente não deveria estar caçando bandidos?" (language: Galactic Common) (NCR (50, 228, 2))
[2021-05-22 16:52:27.686] TCOMMS: Italos/(Josef Polson) [NCR] (spans:  ) "Vamos sair para uma patrulha" (language: Galactic Common) (Wasteland (27, 194, 2))
[2021-05-22 17:08:42.878] TCOMMS: Jhonatan lima/(Luicio Notav) [NCR] (spans:  ) "Gente?" (language: Galactic Common) (Wasteland (40, 196, 2))
[2021-05-22 17:08:54.735] TCOMMS: Italos/(Josef Polson) [NCR] (spans:  ) "Sim?" (language: Galactic Common) (Wasteland (41, 186, 2))
[2021-05-22 17:09:02.478] TCOMMS: Jhonatan lima/(Luicio Notav) [NCR] (spans:  ) "Ta tudo bem ai?" (language: Galactic Common) (Wasteland (9, 198, 2))
[2021-05-22 17:09:22.374] TCOMMS: Italos/(Josef Polson) [NCR] (spans:  ) "Sim" (language: Galactic Common) (Wasteland (28, 188, 2))
[2021-05-22 17:09:26.456] TCOMMS: Italos/(Josef Polson) [NCR] (spans:  ) "Abre o portão" (language: Galactic Common) (Wasteland (28, 188, 2))
[2021-05-22 17:09:28.689] TCOMMS: Jhonatan lima/(Luicio Notav) [NCR] (spans:  ) "Tão" (language: Galactic Common) (Wasteland (9, 198, 2))
[2021-05-22 17:10:30.062] TCOMMS: Italos/(Josef Polson) [NCR] (spans:  ) "Pessoal" (language: Galactic Common) (NCR (39, 222, 2))
[2021-05-22 17:10:35.254] TCOMMS: N0fun/(Kyra Taggart) [NCR] (spans:  ) "Oi?" (language: Galactic Common) (NCR (35, 201, 2))
[2021-05-22 17:10:37.454] TCOMMS: Italos/(Josef Polson) [NCR] (spans:  ) "Tem um devil na base" (language: Galactic Common) (NCR (39, 222, 2))
[2021-05-22 17:10:49.409] TCOMMS: Italos/(Josef Polson) [NCR] (spans:  ) "Vem todo mundo na armory" (language: Galactic Common) (NCR (39, 222, 2))
[2021-05-22 17:12:57.424] TCOMMS: Italos/(Josef Polson) [NCR] (spans:  ) "Alarme falso pessoal" (language: Galactic Common) (Wasteland (32, 222, 2))
[2021-05-22 17:13:00.860] TCOMMS: Italos/(Josef Polson) [Common] (spans:  ) "H na esta na base" (language: Galactic Common) (Wasteland (32, 222, 2))
[2021-05-22 17:15:31.919] TCOMMS: Jhonatan lima/(Luicio Notav) [Common] (spans:  ) "Que?" (language: Galactic Common) (Wasteland (9, 198, 2))
[2021-05-22 17:16:21.841] TCOMMS: N0fun/(Kyra Taggart) [Common] (spans:  ) "Alguém ouviu um alarme estranho?" (language: Galactic Common) (Wasteland (27, 202, 2))
[2021-05-22 17:16:41.356] TCOMMS: Jhonatan lima/(Luicio Notav) [Common] (spans:  ) "Sera outra bomba nuclear?" (language: Galactic Common) (Wasteland (9, 198, 2))
[2021-05-22 17:16:50.941] TCOMMS: dantesousa/(Dante Sousa) [Common] (spans:  ) "Vish, cês tão doido" (language: Galactic Common) (City (59, 48, 2))
[2021-05-22 17:17:06.502] TCOMMS: SondTheAnime/(Courier) [Common] (spans:  ) "Não. Quem teria uma bomba atomica hoje em dia?" (language: Galactic Common) (Caves (178, 178, 3))
[2021-05-22 17:18:06.414] TCOMMS: Italos/(Josef Polson) [Common] (spans:  ) "O enclave" (language: Galactic Common) (NCR (21, 191, 2))
[2021-05-22 17:18:33.264] TCOMMS: N0fun/(Kyra Taggart) [Common] (spans:  ) "A união soviética..." (language: Galactic Common) (Wasteland (17, 230, 2))
[2021-05-22 17:21:27.409] TCOMMS: luciam/(Skarlet D'Luker) [148.9] (spans:  ) "Aooba" (language: Galactic Common) (Wasteland (168, 215, 2))
[2021-05-22 17:21:28.034] TCOMMS: Luiz20/(Luiz Borgos Primeiro) [148.9] (spans:  ) "Eu consigo ver atraves" (language: Galactic Common) (Brotherhood of Steel (170, 216, 2))
[2021-05-22 17:21:30.833] TCOMMS: Luiz20/(Luiz Borgos Primeiro) [148.9] (spans:  ) "Das paredes" (language: Galactic Common) (Brotherhood of Steel (170, 216, 2))
[2021-05-22 17:21:50.868] TCOMMS: Luiz20/(Luiz Borgos Primeiro) [148.9] (spans:  ) "Alo" (language: Galactic Common) (Wasteland (168, 215, 2))
[2021-05-22 17:21:54.257] TCOMMS: luciam/(Skarlet D'Luker) [148.9] (spans:  ) "Aooba" (language: Galactic Common) (Wasteland (169, 214, 2))
[2021-05-22 17:21:55.069] TCOMMS: Luiz20/(Luiz Borgos Primeiro) [148.9] (spans:  ) "Vem aqui na entrada" (language: Galactic Common) (Wasteland (168, 215, 2))
[2021-05-22 17:22:01.157] TCOMMS: Luiz20/(Luiz Borgos Primeiro) [148.9] (spans:  ) "Dono da bos" (language: Galactic Common) (Wasteland (168, 215, 2))
[2021-05-22 17:22:04.011] TCOMMS: Luiz20/(Luiz Borgos Primeiro) [148.9] (spans:  ) "Head paladin" (language: Galactic Common) (Wasteland (168, 215, 2))
[2021-05-22 17:22:20.773] TCOMMS: Luiz20/(Luiz Borgos Primeiro) [148.9] (spans:  ) "Na entrada" (language: Galactic Common) (Wasteland (168, 215, 2))
[2021-05-22 17:22:23.130] TCOMMS: Luiz20/(Luiz Borgos Primeiro) [148.9] (spans:  ) "Da sua base" (language: Galactic Common) (Wasteland (168, 215, 2))
[2021-05-22 17:22:30.456] TCOMMS: luciam/(Skarlet D'Luker) [148.9] (spans:  ) "Aqui do lado" (language: Galactic Common) (Wasteland (169, 213, 2))
[2021-05-22 17:22:32.927] TCOMMS: luciam/(Skarlet D'Luker) [148.9] (spans:  ) "Tem um campo" (language: Galactic Common) (Wasteland (169, 213, 2))
[2021-05-22 17:28:11.767] TCOMMS: N0fun/(Kyra Taggart) [NCR] (spans:  ) "Vou levar algumas coisas que eu achar que são boas" (language: Galactic Common) (Wasteland (142, 184, 2))
[2021-05-22 17:28:17.440] TCOMMS: Italos/(Josef Polson) [NCR] (spans:  ) "Ok" (language: Galactic Common) (NCR (36, 202, 2))
[2021-05-22 17:29:43.808] TCOMMS: dantesousa/(Dante Sousa) [Oasis] (spans:  ) "Qual a boa de hoje" (language: Galactic Common) (City (72, 19, 2))
[2021-05-22 17:29:46.825] TCOMMS: kaduh/(Erika Miller) [Common] (spans:  ) "Ja invadiram o hospital aqui vou te contar em" (language: Galactic Common) (Followers of the Apocalypse (88, 55, 3))
[2021-05-22 17:29:49.905] TCOMMS: GabrielDoomBR/(Baam Frest) [Oasis] (spans:  ) "Parou o brainlag" (language: Galactic Common) (City (34, 41, 2))
[2021-05-22 17:29:51.957] TCOMMS: GabrielDoomBR/(Baam Frest) [Oasis] (spans:  ) "Cade tu" (language: Galactic Common) (City (34, 41, 2))
[2021-05-22 17:29:57.941] TCOMMS: dantesousa/(Dante Sousa) [Oasis] (spans:  ) "Minha sala" (language: Galactic Common) (City (77, 13, 2))
[2021-05-22 17:30:04.120] TCOMMS: GabrielDoomBR/(Baam Frest) [Oasis] (spans:  ) "Onde que fica" (language: Galactic Common) (City (34, 41, 2))
[2021-05-22 17:30:13.630] TCOMMS: dantesousa/(Dante Sousa) [Oasis] (spans:  ) "N sabe onde fica a do mayor?" (language: Galactic Common) (City (79, 12, 2))
[2021-05-22 17:30:21.410] TCOMMS: GabrielDoomBR/(Baam Frest) [Oasis] (spans:  ) "Não" (language: Galactic Common) (City (43, 46, 2))
[2021-05-22 17:30:31.452] TCOMMS: N0fun/(Kyra Taggart) [NCR] (spans:  ) "Eu vi o Adam passando aqui perto da base, mas perdi ele de vista" (language: Galactic Common) (Wasteland (72, 186, 2))
[2021-05-22 17:30:55.075] TCOMMS: Jhonatan lima/(Luicio Notav) [NCR] (spans:  ) "Certo" (language: Galactic Common) (NCR (37, 218, 2))
[2021-05-22 17:36:28.235] TCOMMS: Italos/(Josef Polson) [Common] (spans:  ) "Algum seguidor do apocalipse?" (language: Galactic Common) (Wasteland (34, 199, 2))
[2021-05-22 17:36:36.541] TCOMMS: N0fun/(Kyra Taggart) [NCR] (spans:  ) "Onde eu consigo blackpowder?" (language: Galactic Common) (NCR (35, 222, 2))
[2021-05-22 17:36:44.893] TCOMMS: Jhonatan lima/(Luicio Notav) [NCR] (spans:  ) "Comprando" (language: Galactic Common) (Wasteland (32, 217, 2))
[2021-05-22 17:36:50.034] TCOMMS: Jhonatan lima/(Luicio Notav) [NCR] (spans:  ) "Ou achando" (language: Galactic Common) (Wasteland (32, 216, 2))
[2021-05-22 17:37:02.333] TCOMMS: Kaduh/(Erika Miller) [Common] (spans:  ) "Tem eu" (language: Galactic Common) (Followers of the Apocalypse (85, 55, 2))
[2021-05-22 17:37:06.814] TCOMMS: Jhonatan lima/(Luicio Notav) [NCR] (spans:  ) "Quer que eu compre?" (language: Galactic Common) (Wasteland (34, 199, 2))
[2021-05-22 17:37:17.016] TCOMMS: Kaduh/(Erika Miller) [Common] (spans:  ) "Mas nao sou medico" (language: Galactic Common) (Followers of the Apocalypse (85, 55, 2))
[2021-05-22 17:37:22.819] TCOMMS: Kaduh/(Erika Miller) [Common] (spans:  ) "Sou volutarioa" (language: Galactic Common) (Followers of the Apocalypse (85, 55, 2))
[2021-05-22 17:37:27.076] TCOMMS: Kaduh/(Erika Miller) [Common] (spans:  ) "Volutaria" (language: Galactic Common) (Followers of the Apocalypse (85, 55, 2))
[2021-05-22 17:37:42.494] TCOMMS: dantesousa/(Dante Sousa) [Common] (spans:  ) "Alguem sabe onde está o devil?" (language: Galactic Common) (Tunnel (74, 39, 3))
[2021-05-22 17:37:47.652] TCOMMS: dantesousa/(Dante Sousa) [Common] (spans:  ) "Eu vi alguém sem alma" (language: Galactic Common) (Tunnel (74, 39, 3))
[2021-05-22 17:40:09.970] TCOMMS: Jhonatan lima/(Luicio Notav) [NCR] (spans:  ) "Comprei a polvora" (language: Galactic Common) (Wasteland (28, 194, 2))
[2021-05-22 17:41:26.065] TCOMMS: Italos/(Josef Polson) [NCR] (spans:  ) "Abre a porta" (language: Galactic Common) (Wasteland (27, 186, 2))
[2021-05-22 17:48:26.927] TCOMMS: Jhonatan lima/(Luicio Notav) [NCR] (spans:  ) "Pega o corpo dele" (language: Galactic Common) (Wasteland (27, 214, 2))
[2021-05-22 17:48:39.095] TCOMMS: Italos/(Josef Polson) [NCR] (spans:  ) "Enterrei" (language: Galactic Common) (Wasteland (25, 192, 2))
[2021-05-22 17:54:29.639] TCOMMS: Luciam/(Skarlet D'Luker) [Common] (spans:  ) "AOOOBA" (language: Galactic Common) (Followers of the Apocalypse (88, 55, 3))
[2021-05-22 17:57:36.958] TCOMMS: Jhonatan lima/(Luicio Notav) [NCR] (spans:  ) "Cade o corpo do devil?" (language: Galactic Common) (Wasteland (31, 197, 2))
[2021-05-22 17:57:52.670] TCOMMS: Luciam/(Skarlet D'Luker) [Common] (spans:  ) "Alguem gostaria de ter poderes?" (language: Galactic Common) (Followers of the Apocalypse (87, 49, 2))
[2021-05-22 17:58:11.060] TCOMMS: Luciam/(Skarlet D'Luker) [Common] (spans:  ) "Ou super força" (language: Galactic Common) (Followers of the Apocalypse (87, 49, 2))
[2021-05-22 18:00:53.510] TCOMMS: Luciam/(Skarlet D'Luker) [Common] (spans:  ) "Aooba" (language: Galactic Common) (Followers of the Apocalypse (94, 52, 2))
[2021-05-22 18:00:56.128] TCOMMS: Luciam/(Skarlet D'Luker) [Common] (spans:  ) "Erika?" (language: Galactic Common) (Followers of the Apocalypse (94, 52, 2))
[2021-05-22 18:00:57.590] TCOMMS: NizimGamer/(Nizin Veerriene Primeiro) [Common] (spans:  ) "Tem alguem em oasis?" (language: Galactic Common) (Wasteland (57, 51, 2))
[2021-05-22 18:01:07.695] TCOMMS: Luciam/(Skarlet D'Luker) [Common] (spans:  ) "Erika? abre aqui.." (language: Galactic Common) (Followers of the Apocalypse (94, 52, 2))
[2021-05-22 18:01:18.494] TCOMMS: Luciam/(Skarlet D'Luker) [Common] (spans:  ) "Nizin, gostaria de ter poderes?" (language: Galactic Common) (Followers of the Apocalypse (96, 58, 2))
[2021-05-22 18:01:26.054] TCOMMS: NizimGamer/(Nizin Veerriene Primeiro) [Common] (spans:  ) "Que tipo?" (language: Galactic Common) (Wasteland (56, 55, 2))
[2021-05-22 18:01:34.442] TCOMMS: Italos/(Josef Polson) [Common] (spans:  ) "Não aceite" (language: Galactic Common) (Wasteland (72, 65, 2))
[2021-05-22 18:01:35.949] TCOMMS: Luciam/(Skarlet D'Luker) [Common] (spans:  ) "Magia, super força.." (language: Galactic Common) (Followers of the Apocalypse (96, 58, 2))
[2021-05-22 18:01:38.869] TCOMMS: Italos/(Josef Polson) [Common] (spans:  ) "Ou vai ser eliminado" (language: Galactic Common) (Wasteland (72, 65, 2))
[2021-05-22 18:01:50.045] TCOMMS: Luciam/(Skarlet D'Luker) [Common] (spans:  ) "Se conseguir eliminar ele" (language: Galactic Common) (Followers of the Apocalypse (96, 58, 2))
[2021-05-22 18:02:08.779] TCOMMS: Italos/(Josef Polson) [Common] (spans:  ) "Eu tenho uma .50 como não vou conseguir?" (language: Galactic Common) (Wasteland (74, 83, 2))
[2021-05-22 18:02:09.748] TCOMMS: Luciam/(Skarlet D'Luker) [Common] (spans:  ) "NCR tem medo" (language: Galactic Common) (Followers of the Apocalypse (93, 57, 2))
[2021-05-22 18:02:16.912] TCOMMS: Luciam/(Skarlet D'Luker) [Common] (spans:  ) "Dos podere" (language: Galactic Common) (Followers of the Apocalypse (94, 56, 2))
[2021-05-22 18:02:54.338] TCOMMS: Luciam/(Skarlet D'Luker) [Common] (spans:  ) "Comigo voce poderia ganha o poder de destroir uma parede" (language: Galactic Common) (Followers of the Apocalypse (86, 48, 2))
[2021-05-22 18:02:57.342] TCOMMS: Luciam/(Skarlet D'Luker) [Common] (spans:  ) "Com um soco" (language: Galactic Common) (Followers of the Apocalypse (86, 48, 2))
[2021-05-22 18:03:31.816] TCOMMS: Italos/(Josef Polson) [Common] (spans:  ) "Duvido sua cabeça não explodir com um tiro de .50" (language: Galactic Common) (Wasteland (27, 198, 2))
[2021-05-22 18:03:34.179] TCOMMS: luiz20/(Luiz Borgos Segundor) [Common] (spans:  italics ) "Estranho isso ai" (language: Galactic Common) (Village (10, 167, 2))
[2021-05-22 18:03:42.457] TCOMMS: luiz20/(Luiz Borgos Segundor) [Common] (spans:  italics ) "Ganhar poder" (language: Galactic Common) (Village (10, 167, 2))
[2021-05-22 18:03:46.040] TCOMMS: luiz20/(Luiz Borgos Segundor) [Common] (spans:  italics ) "Sem pagar nada" (language: Galactic Common) (Village (10, 167, 2))
[2021-05-22 18:03:56.934] TCOMMS: dantesousa/(John Snow) [NCR] (spans:  ) "Opa" (language: Galactic Common) (NCR (17, 204, 2))
[2021-05-22 18:04:02.113] TCOMMS: Jhonatan lima/(Luicio Notav) [NCR] (spans:  ) "Ola" (language: Galactic Common) (NCR (35, 224, 2))
[2021-05-22 18:04:02.978] TCOMMS: Italos/(Josef Polson) [NCR] (spans:  ) "Opa" (language: Galactic Common) (NCR (21, 215, 2))
[2021-05-22 18:04:03.754] TCOMMS: SondTheAnime/(Courier) [BOS] (spans:  ) "Cuidado com isso" (language: Galactic Common) (Brotherhood of Steel Operations Department (232, 219, 3))
[2021-05-22 18:04:15.592] TCOMMS: dantesousa/(John Snow) [NCR] (spans:  ) "Tenente aqui" (language: Galactic Common) (NCR (19, 205, 2))
[2021-05-22 18:04:28.192] TCOMMS: NizimGamer/(Nizin Veerriene Primeiro) [BOS] (spans:  ) "Oque?" (language: Galactic Common) (Wasteland (95, 187, 2))
[2021-05-22 18:04:33.578] TCOMMS: Italos/(Josef Polson) [NCR] (spans:  ) "Veteran ranger" (language: Galactic Common) (NCR (39, 195, 3))
[2021-05-22 18:04:50.507] TCOMMS: SondTheAnime/(Courier) [BOS] (spans:  ) "Esses &#34;poderes&#34; ai" (language: Galactic Common) (Brotherhood of Steel RnD Department (235, 200, 3))
[2021-05-22 18:05:05.584] TCOMMS: NizimGamer/(Nizin Veerriene Primeiro) [BOS] (spans:  ) "Ata" (language: Galactic Common) (Wasteland (113, 184, 2))
[2021-05-22 18:05:10.249] TCOMMS: Jhonatan lima/(Luicio Notav) [NCR] (spans:  ) "Engenheiro aqui" (language: Galactic Common) (NCR (35, 224, 2))
[2021-05-22 18:05:32.797] TCOMMS: Luciam/(Skarlet D'Luker) [Common] (spans:  ) "Rika" (language: Galactic Common) (Followers of the Apocalypse (85, 56, 2))
[2021-05-22 18:07:37.634] TCOMMS: Luciam/(Skarlet D'Luker) [Common] (spans:  ) "Legion?" (language: Galactic Common) (Followers of the Apocalypse (83, 57, 2))
[2021-05-22 18:08:20.335] TCOMMS: dantesousa/(John Snow) [NCR] (spans:  ) "Temos algum prisioneiro?" (language: Galactic Common) (Wasteland (44, 227, 2))
[2021-05-22 18:08:25.164] TCOMMS: Italos/(Josef Polson) [NCR] (spans:  ) "Adam" (language: Galactic Common) (Wasteland (44, 203, 2))
[2021-05-22 18:08:28.609] TCOMMS: Italos/(Josef Polson) [NCR] (spans:  ) "Um ladrão" (language: Galactic Common) (Wasteland (44, 203, 2))
[2021-05-22 18:08:32.430] TCOMMS: luiz20/(Luiz Borgos Segundor) [Common] (spans:  italics ) "NCR" (language: Galactic Common) (Wasteland (36, 175, 2))
[2021-05-22 18:08:35.572] TCOMMS: dantesousa/(John Snow) [NCR] (spans:  ) "Certo." (language: Galactic Common) (NCR (55, 228, 2))
[2021-05-22 18:09:00.578] TCOMMS: Jhonatan lima/(Luicio Notav) [Common] (spans:  ) "Sim?" (language: Galactic Common) (NCR (31, 190, 2))
[2021-05-22 18:09:04.130] TCOMMS: luiz20/(Luiz Borgos Segundor) [Common] (spans:  ) "Então" (language: Galactic Common) (Wasteland (28, 190, 2))
[2021-05-22 18:09:10.574] TCOMMS: luiz20/(Luiz Borgos Segundor) [Common] (spans:  ) "Tenho isso aqui avenda" (language: Galactic Common) (Wasteland (28, 190, 2))
[2021-05-22 18:09:30.291] TCOMMS: GabrielDoomBR/(Baam Frest) [Oasis] (spans:  ) "Dante" (language: Galactic Common) (Tunnel (72, 39, 3))
[2021-05-22 18:09:35.694] TCOMMS: GabrielDoomBR/(Baam Frest) [Oasis] (spans:  ) "Ta ai" (language: Galactic Common) (Tunnel (72, 39, 3))
[2021-05-22 18:10:40.739] TCOMMS: GabrielDoomBR/(Baam Frest) [Common] (spans:  ) "Quem foi o negro que invadiu a armory" (language: Galactic Common) (Wasteland (48, 41, 2))
[2021-05-22 18:10:44.980] TCOMMS: GabrielDoomBR/(Baam Frest) [Common] (spans:  ) "Do oasis" (language: Galactic Common) (Wasteland (53, 37, 2))
[2021-05-22 18:11:04.891] TCOMMS: Luciam/(Skarlet D'Luker) [Common] (spans:  ) "Baam, voce e da oasis?" (language: Galactic Common) (Followers of the Apocalypse (83, 57, 2))
[2021-05-22 18:11:07.597] TCOMMS: NizimGamer/(Nizin Veerriene Primeiro) [Common] (spans:  ) "Por que necessariamente tem que ter sido um negro?" (language: Galactic Common) (Wasteland (169, 207, 2))
[2021-05-22 18:11:08.812] TCOMMS: GabrielDoomBR/(Baam Frest) [Common] (spans:  ) "Sim" (language: Galactic Common) (Caves (49, 16, 2))
[2021-05-22 18:11:14.289] TCOMMS: NizimGamer/(Nizin Veerriene Primeiro) [BOS] (spans:  ) "Abre o portão" (language: Galactic Common) (Brotherhood of Steel (169, 216, 2))
[2021-05-22 18:11:15.222] TCOMMS: GabrielDoomBR/(Baam Frest) [Common] (spans:  ) "Eu vi que era negro" (language: Galactic Common) (Wasteland (54, 18, 2))
[2021-05-22 18:11:19.506] TCOMMS: NizimGamer/(Nizin Veerriene Primeiro) [Common] (spans:  ) "Ata" (language: Galactic Common) (Brotherhood of Steel (169, 216, 2))
[2021-05-22 18:11:20.920] TCOMMS: GabrielDoomBR/(Baam Frest) [Common] (spans:  ) "Só isso mesmo" (language: Galactic Common) (Wasteland (57, 29, 2))
[2021-05-22 18:11:23.764] TCOMMS: SondTheAnime/(Courier) [BOS] (spans:  ) "Clica no botão ai fora" (language: Galactic Common) (Brotherhood of Steel Medbay (242, 225, 3))
[2021-05-22 18:11:27.220] TCOMMS: SondTheAnime/(Courier) [BOS] (spans:  ) "Ai abre" (language: Galactic Common) (Brotherhood of Steel Medbay (242, 225, 3))
[2021-05-22 18:11:27.415] TCOMMS: Luciam/(Skarlet D'Luker) [Common] (spans:  ) "Quer ganhar poderes?" (language: Galactic Common) (Followers of the Apocalypse (83, 57, 2))
[2021-05-22 18:11:36.910] TCOMMS: GabrielDoomBR/(Baam Frest) [Common] (spans:  ) "Que poder" (language: Galactic Common) (Tunnel (69, 38, 3))
[2021-05-22 18:12:06.389] TCOMMS: Luciam/(Skarlet D'Luker) [Common] (spans:  ) "Super força, magia..e por ai vai" (language: Galactic Common) (Followers of the Apocalypse (84, 51, 2))
[2021-05-22 18:12:20.312] TCOMMS: Kaduh/(Erika Miller) [Common] (spans:  ) "É verdade eu ja ganhei dois" (language: Galactic Common) (Followers of the Apocalypse (95, 55, 2))
[2021-05-22 18:12:35.995] TCOMMS: Kaduh/(Erika Miller) [Common] (spans:  ) "Paguei um leve dois promoção limitada... pena que acabou" (language: Galactic Common) (Followers of the Apocalypse (95, 55, 2))
[2021-05-22 18:12:45.052] TCOMMS: Kaduh/(Erika Miller) [Common] (spans:  ) "Mas voce ainda pode ganha um" (language: Galactic Common) (Followers of the Apocalypse (96, 55, 2))
[2021-05-22 18:21:14.370] TCOMMS: dantesousa/(John Snow) [Common] (spans:  ) "Alguem ai sabe onde fica o caminho da vault, tenho um trabalho para propor a quem conhece" (language: Galactic Common) (NCR (36, 212, 3))
[2021-05-22 18:21:33.639] TCOMMS: Italos/(Josef Polson) [Common] (spans:  ) "Pagamos bem" (language: Galactic Common) (NCR (30, 209, 3))
[2021-05-22 18:22:12.720] TCOMMS: Luciam/(Skarlet D'Luker) [Common] (spans:  ) "To" (language: Galactic Common) (Followers of the Apocalypse (86, 57, 2))
[2021-05-22 18:22:26.822] TCOMMS: Luciam/(Skarlet D'Luker) [Common] (spans:  ) "Que foda.." (language: Galactic Common) (Followers of the Apocalypse (93, 57, 2))
[2021-05-22 18:22:31.129] TCOMMS: GabrielDoomBR/(Baam Frest) [Oasis] (spans:  ) "Dante" (language: Galactic Common) (City (64, 39, 2))
[2021-05-22 18:22:47.380] TCOMMS: GabrielDoomBR/(Baam Frest) [Oasis] (spans:  ) "Bora pro trem ai" (language: Galactic Common) (Wasteland (57, 47, 2))
[2021-05-22 18:22:48.849] TCOMMS: GabrielDoomBR/(Baam Frest) [Oasis] (spans:  ) "Geral" (language: Galactic Common) (Wasteland (57, 47, 2))
[2021-05-22 18:23:03.212] TCOMMS: Luciam/(Skarlet D'Luker) [Common] (spans:  ) "Erika?" (language: Galactic Common) (Followers of the Apocalypse (89, 57, 2))
[2021-05-22 18:23:25.729] TCOMMS: Zeewhel/(Kain Morgan) [Oasis] (spans:  ) "Trem?" (language: Galactic Common) (Wasteland (54, 35, 2))
[2021-05-22 18:23:45.473] TCOMMS: GabrielDoomBR/(Baam Frest) [Oasis] (spans:  ) "Sim" (language: Galactic Common) (Wasteland (93, 126, 2))
[2021-05-22 18:24:47.684] TCOMMS: Luciam/(Skarlet D'Luker) [Common] (spans:  ) "Alguem.." (language: Galactic Common) (Wasteland (209, 57, 2))
[2021-05-22 18:24:52.314] TCOMMS: Luciam/(Skarlet D'Luker) [Common] (spans:  ) "Quer ter poderesss?" (language: Galactic Common) (Legion (209, 49, 2))
[2021-05-22 18:24:57.692] TCOMMS: Luciam/(Skarlet D'Luker) [Common] (spans:  ) "Nizin?" (language: Galactic Common) (Legion (222, 40, 2))
[2021-05-22 18:25:06.208] TCOMMS: NizimGamer/(Nizin Veerriene Primeiro) [Common] (spans:  ) "Sim?" (language: Galactic Common) (Wasteland (211, 60, 2))
[2021-05-22 18:25:10.225] TCOMMS: Luciam/(Skarlet D'Luker) [Common] (spans:  ) "Gossstaria?" (language: Galactic Common) (Wasteland (206, 65, 2))
[2021-05-22 18:25:18.770] TCOMMS: NizimGamer/(Nizin Veerriene Primeiro) [Common] (spans:  ) "Do que?" (language: Galactic Common) (Wasteland (168, 64, 2))
[2021-05-22 18:25:30.614] TCOMMS: Luciam/(Skarlet D'Luker) [Common] (spans:  ) "SSSuper força..conhecimento..magia" (language: Galactic Common) (Wasteland (162, 65, 2))
[2021-05-22 18:25:34.877] TCOMMS: Luciam/(Skarlet D'Luker) [Common] (spans:  ) "Pressstigio.." (language: Galactic Common) (Wasteland (149, 65, 2))
[2021-05-22 18:25:40.250] TCOMMS: NizimGamer/(Nizin Veerriene Primeiro) [Common] (spans:  ) "Ta" (language: Galactic Common) (Wasteland (91, 61, 2))
[2021-05-22 18:25:51.115] TCOMMS: Italos/(Josef Polson) [Common] (spans:  ) "Nizin vai levar tiro de .50" (language: Galactic Common) (Tunnel (16, 186, 3))
[2021-05-22 18:25:55.923] TCOMMS: NizimGamer/(Nizin Veerriene Primeiro) [Common] (spans:  ) "Por que?" (language: Galactic Common) (Wasteland (91, 62, 2))
[2021-05-22 18:26:08.164] TCOMMS: Italos/(Josef Polson) [Common] (spans:  ) "Por assinar o contrato" (language: Galactic Common) (Tunnel (16, 186, 3))
[2021-05-22 18:26:19.040] TCOMMS: Luciam/(Skarlet D'Luker) [Common] (spans:  ) "Onde voce esssta?" (language: Galactic Common) (Wasteland (124, 43, 2))
[2021-05-22 18:26:19.734] TCOMMS: NizimGamer/(Nizin Veerriene Primeiro) [Common] (spans:  ) "Faz sentido po" (language: Galactic Common) (Wasteland (91, 62, 2))
[2021-05-22 18:26:34.648] TCOMMS: dantesousa/(John Snow) [NCR] (spans:  ) "Luiz vem" (language: Galactic Common) (Tunnel (15, 198, 3))
[2021-05-22 18:26:46.926] TCOMMS: Luciam/(Skarlet D'Luker) [Common] (spans:  ) "Com osss poderesss voce conssseguiria" (language: Galactic Common) (Wasteland (55, 59, 2))
[2021-05-22 18:26:50.510] TCOMMS: Luciam/(Skarlet D'Luker) [Common] (spans:  ) "Derrotar elesss.." (language: Galactic Common) (Wasteland (55, 59, 2))
[2021-05-22 18:27:05.735] TCOMMS: N0fun/(Kyra Taggart) [NCR] (spans:  ) "O quê?" (language: Galactic Common) (Wasteland (32, 185, 2))
[2021-05-22 18:27:14.869] TCOMMS: N0fun/(Kyra Taggart) [NCR] (spans:  ) "O que aconteceu?" (language: Galactic Common) (Wasteland (53, 186, 2))
[2021-05-22 18:28:14.254] TCOMMS: NizimGamer/(Nizin Veerriene Primeiro) [Common] (spans:  ) "Se os poderes são tão bons por que tu nao derrota eles" (language: Galactic Common) (Wasteland (36, 186, 2))
[2021-05-22 18:28:25.020] TCOMMS: Luciam/(Skarlet D'Luker) [Common] (spans:  ) "Porque eu não tenho.." (language: Galactic Common) (Followers of the Apocalypse (89, 49, 2))
[2021-05-22 18:28:31.110] TCOMMS: Luciam/(Skarlet D'Luker) [Common] (spans:  ) "Voce que vai ganhar.." (language: Galactic Common) (Followers of the Apocalypse (89, 49, 2))
[2021-05-22 18:29:30.907] TCOMMS: NizimGamer/(Nizin Veerriene Primeiro) [BOS] (spans:  ) "Ta ai?" (language: Galactic Common) (Brotherhood of Steel (153, 237, 2))
[2021-05-22 18:29:33.832] TCOMMS: SondTheAnime/(Courier) [BOS] (spans:  ) "Sim" (language: Galactic Common) (Brotherhood of Steel RnD Department (232, 210, 3))
[2021-05-22 18:30:09.192] TCOMMS: NizimGamer/(Nizin Veerriene Primeiro) [BOS] (spans:  ) "Bora pra la" (language: Galactic Common) (Brotherhood of Steel Operations Department (228, 240, 3))
[2021-05-22 18:30:12.214] TCOMMS: NizimGamer/(Nizin Veerriene Primeiro) [BOS] (spans:  ) "Daqui a pouco" (language: Galactic Common) (Brotherhood of Steel Operations Department (228, 240, 3))
[2021-05-22 18:30:21.252] TCOMMS: SondTheAnime/(Courier) [BOS] (spans:  ) "Ja vou, so to terminando algumas coisas." (language: Galactic Common) (Brotherhood of Steel RnD Department (233, 199, 3))
[2021-05-22 18:31:09.468] TCOMMS: luiz20/(Luiz Borgos Segundor) [144.1] (spans:  ) "Chegamo" (language: Galactic Common) (Vault (49, 146, 4))
[2021-05-22 18:31:15.784] TCOMMS: Italos/(Josef Polson) [144.1] (spans:  ) "Abre bando de corno" (language: Galactic Common) (Vault (48, 147, 4))
[2021-05-22 18:31:26.779] TCOMMS: dantesousa/(John Snow) [144.1] (spans:  ) "Caralhol" (language: Galactic Common) (Tunnel (50, 145, 4))
[2021-05-22 18:35:09.282] TCOMMS: SondTheAnime/(Courier) [BOS] (spans:  ) "Estou saindo e indo pro trem." (language: Galactic Common) (Brotherhood of Steel (169, 221, 2))
[2021-05-22 18:35:22.195] TCOMMS: NizimGamer/(Nizin Veerriene Primeiro) [Common] (spans:  ) "Quem foi" (language: Galactic Common) (Emergency Shuttle (249, 244, 2))
[2021-05-22 18:35:23.722] TCOMMS: NizimGamer/(Nizin Veerriene Primeiro) [Common] (spans:  ) "O corno" (language: Galactic Common) (Emergency Shuttle (249, 244, 2))
