[2021-05-23 21:05:41.331] Starting up round ID 34.
 - -------------------------
[2021-05-23 21:20:11.757] CRAFT: The girder crafted by Arturo Romero at (Wasteland (168, 210, 2))
[2021-05-23 21:20:19.911] CRAFT: The girder crafted by Arturo Romero at (Wasteland (170, 210, 2))
[2021-05-23 21:20:25.914] CRAFT: The girder crafted by Arturo Romero at (Wasteland (171, 210, 2))
[2021-05-23 21:21:15.844] CRAFT: The girder crafted by Arturo Romero at (Wasteland (172, 210, 2))
[2021-05-23 21:21:22.311] CRAFT: The girder crafted by Arturo Romero at (Wasteland (173, 210, 2))
[2021-05-23 21:21:41.438] CRAFT: The girder crafted by Arturo Romero at (Wasteland (174, 210, 2))
[2021-05-23 21:21:49.795] CRAFT: The girder crafted by Arturo Romero at (Wasteland (175, 210, 2))
[2021-05-23 21:21:54.895] CRAFT: The girder crafted by Arturo Romero at (Wasteland (176, 210, 2))
[2021-05-23 21:21:55.500] CRAFT: The floor tile crafted by Arturo Romero at (Wasteland (176, 210, 2))
[2021-05-23 21:22:16.549] CRAFT: The floor tile crafted by Arturo Romero at (Wasteland (168, 212, 2))
[2021-05-23 21:22:45.611] CRAFT: The floor tile crafted by Arturo Romero at (Wasteland (173, 214, 2))
[2021-05-23 21:22:46.396] CRAFT: The floor tile crafted by Arturo Romero at (Wasteland (173, 214, 2))
[2021-05-23 21:24:21.965] CRAFT: The floor tile crafted by Arturo Romero at (Wasteland (171, 214, 2))
[2021-05-23 21:25:35.985] CRAFT: The metal rod crafted by Luiz Borgos Primeiro at (Wasteland (169, 211, 2))
[2021-05-23 21:25:44.002] CRAFT: The wooden table frame crafted by Arturo Romero at (Wasteland (170, 211, 2))
[2021-05-23 21:25:46.153] CRAFT: The wooden table frame crafted by Arturo Romero at (Wasteland (171, 211, 2))
[2021-05-23 21:25:49.223] CRAFT: The wooden table frame crafted by Arturo Romero at (Wasteland (172, 211, 2))
[2021-05-23 21:25:51.074] CRAFT: The metal rod crafted by Luiz Borgos Primeiro at (Wasteland (169, 212, 2))
[2021-05-23 21:25:51.574] CRAFT: The wooden table frame crafted by Arturo Romero at (Wasteland (173, 211, 2))
[2021-05-23 21:25:57.433] CRAFT: The wooden table frame crafted by Arturo Romero at (Wasteland (168, 211, 2))
[2021-05-23 21:26:01.975] CRAFT: The metal rod crafted by Luiz Borgos Primeiro at (Wasteland (169, 212, 2))
[2021-05-23 21:30:02.404] CRAFT: The girder crafted by Arturo Romero at (Caves (167, 210, 2))
[2021-05-23 21:32:50.517] CRAFT: The girder crafted by Arturo Romero at (Caves (167, 210, 2))
[2021-05-23 21:34:08.959] CRAFT: The metal rod crafted by Arturo Romero at (Wasteland (169, 213, 2))
[2021-05-23 21:35:57.152] CRAFT: The girder crafted by Arturo Romero at (Caves (177, 210, 2))
[2021-05-23 21:36:02.790] CRAFT: The girder crafted by Arturo Romero at (Caves (177, 211, 2))
[2021-05-23 21:36:08.859] CRAFT: The girder crafted by Arturo Romero at (Caves (177, 212, 2))
[2021-05-23 21:40:30.403] CRAFT: The wooden table frame crafted by Arturo Romero at (Caves (167, 211, 2))
[2021-05-23 21:40:44.960] CRAFT: The wooden table frame crafted by Arturo Romero at (Wasteland (174, 211, 2))
[2021-05-23 21:40:49.573] CRAFT: The wooden table frame crafted by Arturo Romero at (Wasteland (175, 211, 2))
[2021-05-23 21:40:53.089] CRAFT: The wooden table frame crafted by Arturo Romero at (Wasteland (176, 211, 2))
[2021-05-23 21:41:12.436] CRAFT: The metal rod crafted by Arturo Romero at (Wasteland (172, 212, 2))
[2021-05-23 21:41:27.347] CRAFT: The railing crafted by Arturo Romero at (Wasteland (170, 211, 2))
[2021-05-23 21:42:14.887] CRAFT: The table frame crafted by Arturo Romero at (Wasteland (170, 211, 2))
[2021-05-23 21:42:55.307] CRAFT: The metal bars crafted by Arturo Romero at (Wasteland (171, 211, 2))
[2021-05-23 21:43:15.148] CRAFT: The grille crafted by Arturo Romero at (Wasteland (172, 211, 2))
[2021-05-23 21:43:18.101] CRAFT: The grille crafted by Arturo Romero at (Wasteland (173, 211, 2))
[2021-05-23 21:43:20.651] CRAFT: The grille crafted by Arturo Romero at (Wasteland (174, 211, 2))
[2021-05-23 21:43:23.798] CRAFT: The grille crafted by Arturo Romero at (Wasteland (175, 211, 2))
[2021-05-23 21:43:28.949] CRAFT: The metal bars crafted by Arturo Romero at (Wasteland (176, 211, 2))
[2021-05-23 21:43:42.511] CRAFT: The grille crafted by Arturo Romero at (Caves (167, 211, 2))
[2021-05-23 21:43:46.662] CRAFT: The table frame crafted by Arturo Romero at (Wasteland (168, 211, 2))
[2021-05-23 21:47:02.845] CRAFT: The iron door crafted by Arturo Romero at (Wasteland (181, 191, 2))
[2021-05-23 21:47:04.829] CRAFT: The iron door crafted by Arturo Romero at (Wasteland (182, 191, 2))
[2021-05-23 21:47:17.220] CRAFT: The girder crafted by Arturo Romero at (Wasteland (183, 191, 2))
[2021-05-23 21:53:22.344] CRAFT: The floor tile crafted by Luiz Borgos Primeiro at (Wasteland (170, 214, 2))
[2021-05-23 21:53:22.907] CRAFT: The floor tile crafted by Luiz Borgos Primeiro at (Wasteland (170, 214, 2))
[2021-05-23 21:56:01.740] CRAFT: The floor tile crafted by Luiz Borgos Primeiro at (Wasteland (182, 194, 2))
[2021-05-23 21:56:24.925] CRAFT: The floor tile crafted by Luiz Borgos Primeiro at (Wasteland (182, 196, 2))
[2021-05-23 21:56:25.565] CRAFT: The floor tile crafted by Luiz Borgos Primeiro at (Wasteland (182, 196, 2))
[2021-05-23 21:56:26.229] CRAFT: The floor tile crafted by Luiz Borgos Primeiro at (Wasteland (182, 196, 2))
[2021-05-23 21:56:26.581] CRAFT: The floor tile crafted by Luiz Borgos Primeiro at (Wasteland (182, 196, 2))
[2021-05-23 21:57:47.766] CRAFT: The floor tile crafted by Luiz Borgos Primeiro at (Wasteland (182, 195, 2))
[2021-05-23 22:01:56.347] CRAFT: The floor tile crafted by Luiz Borgos Primeiro at (Wasteland (179, 195, 2))
[2021-05-23 22:02:05.679] CRAFT: The alien floor tile crafted by Unknown at (Abductor Ship (195, 227, 1))
[2021-05-23 22:02:27.514] CRAFT: The bar stool crafted by Unknown at (Abductor Ship (195, 227, 1))
[2021-05-23 22:02:29.666] CRAFT: The alien table frame crafted by Unknown at (Abductor Ship (196, 227, 1))
[2021-05-23 22:04:42.790] CRAFT: The stool crafted by Unknown at (Abductor Ship (195, 227, 1))
[2021-05-23 22:05:16.638] CRAFT: The bar stool crafted by Unknown at (Abductor Ship (196, 227, 1))
[2021-05-23 22:13:22.858] CRAFT: The machine frame crafted by Unknown at (Abductor Ship (197, 228, 1))
[2021-05-23 22:15:35.874] CRAFT: The machine frame crafted by Unknown at (Brotherhood of Steel RnD Department (229, 202, 3))
[2021-05-23 22:18:34.984] CRAFT: The girder crafted by Clement Milne at (Wasteland (27, 185, 2))
[2021-05-23 22:19:10.268] CRAFT: The floor tile crafted by Clement Milne at (Wasteland (28, 188, 2))
[2021-05-23 22:19:11.588] CRAFT: The floor tile crafted by Clement Milne at (INVALID LOCATION)
[2021-05-23 22:19:12.097] CRAFT: The floor tile crafted by Clement Milne at (INVALID LOCATION)
[2021-05-23 22:19:12.350] CRAFT: The floor tile crafted by Clement Milne at (INVALID LOCATION)
[2021-05-23 22:19:37.447] CRAFT: The girder crafted by Clement Milne at (Wasteland (30, 187, 2))
[2021-05-23 22:23:53.376] CRAFT: The computer frame crafted by Clement Milne at (NCR (30, 192, 2))
[2021-05-23 23:33:01.005] CRAFT: The girder crafted by Cesar Cohen at (Brotherhood of Steel (142, 237, 2))
[2021-05-23 23:33:21.269] CRAFT: The girder crafted by Cesar Cohen at (Brotherhood of Steel (125, 237, 2))
