/mob/living/carbon/human => 708ms (10443) (avg:0.067796610295772552)
/turf/closed/mineral/random/low_chance => 381ms (51549) (avg:0.0073910262435674667)
/obj/screen/healthdoll => 314ms (6629) (avg:0.047367628663778305)
/obj/machinery/light/fo13colored/Red => 220ms (7478) (avg:0.029419630765914917)
/obj/machinery/door/airlock/abandoned => 192ms (1439) (avg:0.1334259957075119)
/obj/machinery/power/smes/magical => 190ms (4364) (avg:0.043538037687540054)
/turf/open/space/basic => 115ms (39910) (avg:0.0028814834076911211)
/obj/machinery/hydroponics/soil => 91ms (5645) (avg:0.016120459884405136)
/obj/machinery/light/fo13colored/Aqua => 65ms (1742) (avg:0.03731343150138855)
/obj/structure/window/reinforced/fulltile => 59ms (4091) (avg:0.014421901665627956)
/obj/effect/decal/cleanable/dirt => 56ms (3679) (avg:0.015221527777612209)
/obj/machinery/light/lampost => 56ms (1290) (avg:0.043410852551460266)
/obj/machinery/door/airlock/hatch => 54ms (410) (avg:0.13170731067657471)
/turf/closed/mineral/random/high_chance => 41ms (6323) (avg:0.006484263576567173)
/obj/machinery/hydroponics/constructable => 40ms (1035) (avg:0.038647342473268509)
/obj/machinery/light/fo13colored/Pink => 38ms (1164) (avg:0.032646048814058304)
/obj/machinery/door/airlock/grunge => 32ms (311) (avg:0.1028938889503479)
/turf/closed/indestructible/riveted => 28ms (2661) (avg:0.010522359982132912)
/turf/closed/wall/rust => 23ms (2481) (avg:0.0092704556882381439)
/turf/closed/wall/r_wall/rust => 23ms (1641) (avg:0.014015844091773033)
/obj/machinery/door/airlock/command => 23ms (206) (avg:0.11165048182010651)
/turf/closed/mineral/iron => 22ms (3181) (avg:0.00691606430336833)
/obj/machinery/door/airlock/security/glass => 22ms (287) (avg:0.076655052602291107)
/obj/screen/inventory => 19ms (601) (avg:0.031613975763320923)
/obj/screen/movable/action_button => 19ms (468) (avg:0.040598291903734207)
/obj/screen/inventory/hand => 17ms (1722) (avg:0.0098722418770194054)
/obj/screen/sprintbutton => 16ms (714) (avg:0.022408964112401009)
/turf/closed/wall/f13/ruins => 14ms (1114) (avg:0.012567324563860893)
/turf/closed/wall/r_wall/f13vault => 13ms (1360) (avg:0.0095588238909840584)
/obj/effect/decal/cleanable/blood/footprints => 13ms (646) (avg:0.020123839378356934)
/mob/living/carbon/human/dummy => 13ms (295) (avg:0.044067796319723129)
/obj/screen/parallax_layer/layer_1 => 13ms (62) (avg:0.20967741310596466)
/turf/closed/mineral/plasma => 12ms (1218) (avg:0.0098522165790200233)
/obj/structure/table/wood => 12ms (773) (avg:0.015523932874202728)
/turf/closed/mineral/lead => 11ms (1158) (avg:0.009499136358499527)
/turf/closed/wall/f13/store => 10ms (1203) (avg:0.008312552236020565)
/turf/closed/wall/f13/supermart => 9ms (863) (avg:0.010428736917674541)
/turf/open/space/transit => 8ms (1621) (avg:0.0049352250061929226)
/obj/screen/parallax_layer/layer_2 => 8ms (62) (avg:0.12903225421905518)
/turf/closed/wall/r_wall => 7ms (899) (avg:0.0077864294871687889)
/obj/structure/table/reinforced => 7ms (725) (avg:0.0096551720052957535)
/obj/effect/decal/cleanable/blood/gibs => 7ms (177) (avg:0.03954802080988884)
/turf/closed/mineral/titanium => 6ms (580) (avg:0.010344827547669411)
/obj/structure/table/wood/settler => 6ms (259) (avg:0.023166023194789886)
/turf/closed/wall/mineral/titanium => 6ms (164) (avg:0.036585364490747452)
/turf/closed/wall => 6ms (95) (avg:0.063157893717288971)
/obj/item/gun/ballistic/automatic/pistol/pistol22 => 6ms (94) (avg:0.063829787075519562)
/obj/screen/parallax_layer/layer_3 => 6ms (35) (avg:0.17142857611179352)
/turf/closed/mineral/silver => 5ms (732) (avg:0.0068306010216474533)
/obj/structure/table => 5ms (588) (avg:0.0085034016519784927)
/turf/closed/mineral/uranium => 4ms (428) (avg:0.0093457940965890884)
/obj/structure/barricade/sandbags => 4ms (206) (avg:0.019417475908994675)
/obj/item/weldingtool => 4ms (85) (avg:0.047058824449777603)
/obj/screen/movable/action_button/hide_toggle => 4ms (76) (avg:0.052631579339504242)
/mob/dead/observer => 4ms (35) (avg:0.11428571492433548)
/turf/closed/mineral/gold => 3ms (599) (avg:0.0050083473324775696)
/turf/open/floor/carpet/black => 3ms (448) (avg:0.0066964286379516125)
/obj/item/reagent_containers/hypospray/medipen/stimpak => 3ms (155) (avg:0.019354838877916336)
/obj/structure/lattice/catwalk => 3ms (130) (avg:0.023076923564076424)
/obj/item/gun/energy/laser/plasma => 3ms (89) (avg:0.033707864582538605)
/obj/screen/combattoggle => 3ms (86) (avg:0.03488372266292572)
/obj/machinery/door/airlock/wood => 3ms (52) (avg:0.057692307978868484)
/obj/item/storage/belt/utility/full/engi => 3ms (41) (avg:0.073170728981494904)
/obj/item/gun/energy/alien => 3ms (34) (avg:0.088235296308994293)
/obj/machinery/door/airlock/vault => 3ms (14) (avg:0.2142857164144516)
/obj/machinery/light/small => 2ms (589) (avg:0.0033955858089029789)
/turf/open/floor/plasteel => 2ms (371) (avg:0.0053908354602754116)
/turf/closed/indestructible/riveted/boss => 2ms (266) (avg:0.0075187971815466881)
/turf/closed/mineral/bscrystal => 2ms (204) (avg:0.0098039219155907631)
/obj/item/reagent_containers/blood/random => 2ms (160) (avg:0.012500000186264515)
/obj/machinery/computer/terminal => 2ms (110) (avg:0.018181817606091499)
/obj/screen/radial/slice => 2ms (65) (avg:0.030769230797886848)
/obj/item/storage/toolbox/mechanical => 2ms (48) (avg:0.041666667908430099)
/obj/effect/decal/cleanable/blood/gibs/core => 2ms (41) (avg:0.048780485987663269)
/obj/item/construction/rcd/loaded => 2ms (34) (avg:0.058823529630899429)
/obj/machinery/door/airlock/medical => 2ms (32) (avg:0.0625)
/obj/structure/table/abductor => 2ms (25) (avg:0.079999998211860657)
/obj/machinery/cell_charger => 2ms (21) (avg:0.095238097012042999)
/obj/structure/window/fulltile/house => 2ms (8) (avg:0.25)
/obj/item/pda/captain => 2ms (3) (avg:0.66666668653488159)
/obj/machinery/light => 1ms (803) (avg:0.0012453299714252353)
/turf/open/floor/carpet => 1ms (259) (avg:0.0038610037881880999)
/obj/structure/closet => 1ms (203) (avg:0.0049261082895100117)
/turf/closed/indestructible/f13vaultrusted => 1ms (191) (avg:0.0052356021478772163)
/turf/open/space => 1ms (172) (avg:0.0058139534667134285)
/turf/closed/wall/r_wall/f13superstore => 1ms (150) (avg:0.0066666668280959129)
/obj/structure/closet/cabinet => 1ms (145) (avg:0.0068965516984462738)
/obj/structure/closet/crate/bin => 1ms (143) (avg:0.0069930069148540497)
/obj/item/paper_bin => 1ms (98) (avg:0.010204081423580647)
/turf/closed/wall/r_wall/syndicate => 1ms (97) (avg:0.010309278033673763)
/obj/item/wirecutters => 1ms (69) (avg:0.014492753893136978)
/obj/item/screwdriver => 1ms (66) (avg:0.015151515603065491)
/turf/open/floor/f13 => 1ms (59) (avg:0.016949152573943138)
/obj/item/reagent_containers/glass/beaker/large => 1ms (58) (avg:0.017241379246115685)
/obj/item/gun/energy/laser/pistol => 1ms (55) (avg:0.018181817606091499)
/obj/screen/zone_sel => 1ms (47) (avg:0.021276595070958138)
/turf/closed/mineral/ash_rock => 1ms (42) (avg:0.02380952425301075)
/obj/structure/closet/secure_closet/personal => 1ms (40) (avg:0.02500000037252903)
/obj/item/reagent_containers/syringe/charcoal => 1ms (39) (avg:0.025641025975346565)
/obj/item/weldingtool/largetank => 1ms (39) (avg:0.025641025975346565)
/obj/item/clothing/shoes/jackboots => 1ms (39) (avg:0.025641025975346565)
/obj/structure/table/wood/fancy => 1ms (35) (avg:0.02857142873108387)
/obj/structure/window/plastitanium => 1ms (30) (avg:0.033333335071802139)
/obj/structure/window/paperframe => 1ms (27) (avg:0.037037037312984467)
/obj/item/weldingtool/advanced => 1ms (27) (avg:0.037037037312984467)
/turf/open/floor/plasteel/f13/vault_floor/dark/darksolid => 1ms (26) (avg:0.038461539894342422)
/obj/machinery/door/airlock => 1ms (24) (avg:0.041666667908430099)
/turf/open/floor/plating/airless => 1ms (24) (avg:0.041666667908430099)
/obj/item/lighter => 1ms (23) (avg:0.043478261679410934)
/obj/item/reagent_containers/hypospray/medipen/stimpak/super => 1ms (23) (avg:0.043478261679410934)
/obj/structure/window/fulltile => 1ms (21) (avg:0.0476190485060215)
/turf/open/floor/wood/wood_tiled => 1ms (18) (avg:0.0555555559694767)
/turf/open/floor/plasteel/f13/vault_floor/floor/floorsolid => 1ms (18) (avg:0.0555555559694767)
/obj/item/storage/belt/security/full => 1ms (16) (avg:0.0625)
/obj/machinery/door/airlock/glass_large => 1ms (14) (avg:0.071428574621677399)
/obj/item/gun/ballistic/automatic/assault_rifle/infiltrator => 1ms (14) (avg:0.071428574621677399)
/obj/item/gun/ballistic/automatic/m72 => 1ms (13) (avg:0.076923079788684845)
/turf/open/floor/plasteel/showroomfloor => 1ms (12) (avg:0.083333335816860199)
/obj/machinery/door/airlock/titanium => 1ms (11) (avg:0.090909093618392944)
/obj/item/stack/ore/iron => 1ms (10) (avg:0.10000000149011612)
/turf/open/floor/plasteel/vault => 1ms (8) (avg:0.125)
/obj/structure/door_assembly/door_assembly_hatch => 1ms (8) (avg:0.125)
/obj/machinery/chem_dispenser/abductor => 1ms (8) (avg:0.125)
/obj/item/storage/box/ingredients/italian => 1ms (6) (avg:0.1666666716337204)
/obj/item/storage/belt/utility/full => 1ms (6) (avg:0.1666666716337204)
/turf/open/floor/carpet/red => 1ms (6) (avg:0.1666666716337204)
/obj/item/reagent_containers/food/snacks/lollipop => 1ms (5) (avg:0.20000000298023224)
/obj/machinery/door/airlock/engineering/glass => 1ms (4) (avg:0.25)
/obj/machinery/door/airlock/command/glass => 1ms (4) (avg:0.25)
/obj/item/gun/energy/shrink_ray => 1ms (4) (avg:0.25)
/obj/structure/closet/wardrobe/pjs => 1ms (3) (avg:0.3333333432674408)
/obj/item/clothing/head/fedora => 1ms (3) (avg:0.3333333432674408)
/obj/structure/closet/secure_closet/security/sec => 1ms (1) (avg:1)
/obj/item/trash/f13/porknbeans => 1ms (1) (avg:1)
/obj/item/gun/ballistic/shotgun/automatic/hunting/cowboy => 1ms (1) (avg:1)
/turf/closed/mineral/diamond => 0ms (280) (avg:0)
/turf/open/floor/plasteel/dark => 0ms (231) (avg:0)
/turf/closed/indestructible => 0ms (168) (avg:0)
/turf/closed/indestructible/riveted/uranium => 0ms (131) (avg:0)
/turf/closed/indestructible/fakeglass => 0ms (108) (avg:0)
/obj/effect/decal/cleanable/dirt/dust => 0ms (92) (avg:0)
/turf/open/floor/holofloor/carpet => 0ms (87) (avg:0)
/turf/closed/mineral/random => 0ms (83) (avg:0)
/obj/machinery/door/airlock/centcom => 0ms (73) (avg:0)
/obj/machinery/light/floor => 0ms (56) (avg:0)
/turf/open/floor/plasteel/f13/vault_floor/misc/vaultrust => 0ms (48) (avg:0)
/obj/effect/decal/cleanable/blood/gibs/down => 0ms (46) (avg:0)
/turf/open/indestructible/ground/outside/sidewalk => 0ms (46) (avg:0)
/obj/structure/lattice => 0ms (45) (avg:0)
/obj/structure/table/wood/poker => 0ms (44) (avg:0)
/obj/structure/closet/fridge => 0ms (41) (avg:0)
/turf/open/floor/plasteel/darkred/side => 0ms (40) (avg:0)
/obj/item/weldingtool/experimental => 0ms (40) (avg:0)
/obj/machinery/power/smes/engineering => 0ms (37) (avg:0)
/obj/structure/table/glass => 0ms (37) (avg:0)
/obj/item/reagent_containers/blood/radaway => 0ms (33) (avg:0)
/obj/item/reagent_containers/syringe/medx => 0ms (32) (avg:0)
/obj/item/storage/box/drinkingglasses => 0ms (29) (avg:0)
/obj/structure/table/booth => 0ms (29) (avg:0)
/obj/item/reagent_containers/glass/beaker => 0ms (28) (avg:0)
/obj/item/disk/plantgene => 0ms (28) (avg:0)
/obj/item/reagent_containers/glass/beaker/waterbottle => 0ms (28) (avg:0)
/turf/open/floor/plasteel/f13/vault_floor/floor => 0ms (28) (avg:0)
/obj/item/clothing/under/f13/recon => 0ms (28) (avg:0)
/obj/item/gun/energy/laser => 0ms (27) (avg:0)
/obj/item/storage/box/matches => 0ms (27) (avg:0)
/obj/item/pda => 0ms (26) (avg:0)
/obj/item/gun/energy/laser/rcw => 0ms (26) (avg:0)
/obj/structure/table/wood/fancy/black => 0ms (24) (avg:0)
/obj/effect/decal/cleanable/blood/drip => 0ms (23) (avg:0)
/obj/machinery/door/airlock/public/glass => 0ms (22) (avg:0)
/obj/item/storage/box/handcuffs => 0ms (21) (avg:0)
/obj/machinery/door/airlock/maintenance/abandoned => 0ms (21) (avg:0)
/turf/closed/wall/mineral/plastitanium => 0ms (21) (avg:0)
/mob/living/simple_animal/hostile/handy => 0ms (20) (avg:0)
/mob/living/simple_animal/hostile/handy/gutsy => 0ms (20) (avg:0)
/obj/item/clipboard => 0ms (19) (avg:0)
/obj/structure/window/shuttle => 0ms (19) (avg:0)
/obj/item/clothing/shoes/f13/military/leather => 0ms (19) (avg:0)
/obj/item/stock_parts/cell/upgraded => 0ms (18) (avg:0)
/obj/item/storage/crayons => 0ms (18) (avg:0)
/obj/item/reagent_containers/glass/bottle/blackpowder => 0ms (18) (avg:0)
/turf/open/floor/plating => 0ms (18) (avg:0)
/obj/structure/table/wood/bar => 0ms (18) (avg:0)
/obj/item/clothing/shoes/combat/swat => 0ms (18) (avg:0)
/obj/item/weldingtool/abductor => 0ms (18) (avg:0)
/turf/open/floor/plasteel/darkblue/side => 0ms (17) (avg:0)
/turf/open/floor/f13/wood => 0ms (17) (avg:0)
/turf/open/floor/plasteel/f13/vault_floor/yellow/yellowchess/yellowchess2 => 0ms (17) (avg:0)
/obj/machinery/door/airlock/external => 0ms (16) (avg:0)
/turf/open/floor/plasteel/darkred/corner => 0ms (16) (avg:0)
/obj/item/defibrillator/loaded => 0ms (15) (avg:0)
/obj/structure/closet/abductor => 0ms (15) (avg:0)
/turf/open/floor/carpet/green => 0ms (15) (avg:0)
/obj/machinery/airalarm => 0ms (14) (avg:0)
/obj/item/stock_parts/cell => 0ms (14) (avg:0)
/turf/open/floor/plasteel/darkblue/corner => 0ms (13) (avg:0)
/obj/item/reagent_containers/syringe/epinephrine => 0ms (12) (avg:0)
/obj/item/storage/box/syringes => 0ms (12) (avg:0)
/obj/machinery/door/airlock/medical/glass => 0ms (12) (avg:0)
/obj/item/holochip => 0ms (11) (avg:0)
/obj/item/storage/box/gloves => 0ms (11) (avg:0)
/obj/item/gun/ballistic/automatic/mp5 => 0ms (11) (avg:0)
/obj/item/gun/ballistic/automatic/autopipe => 0ms (11) (avg:0)
/turf/closed/wall/f13/wood => 0ms (11) (avg:0)
/obj/machinery/washing_machine => 0ms (11) (avg:0)
/obj/item/storage/box/flashbangs => 0ms (10) (avg:0)
/obj/structure/closet/secure_closet/personal/cabinet => 0ms (10) (avg:0)
/obj/structure/closet/cabinet/anchored => 0ms (10) (avg:0)
/obj/item/gun/ballistic/automatic/assault_rifle => 0ms (10) (avg:0)
/obj/machinery/door/airlock/security => 0ms (10) (avg:0)
/turf/open/floor/plating/f13/outside/desert => 0ms (10) (avg:0)
/obj/machinery/computer/operating => 0ms (9) (avg:0)
/obj/item/storage/toolbox/emergency => 0ms (9) (avg:0)
/obj/item/storage/box/ingredients/vegetarian => 0ms (9) (avg:0)
/obj/structure/closet/bus => 0ms (9) (avg:0)
/obj/item/storage/toolbox/electrical => 0ms (9) (avg:0)
/obj/machinery/door/airlock/shuttle => 0ms (9) (avg:0)
/obj/effect/decal/cleanable/trail_holder => 0ms (9) (avg:0)
/obj/machinery/computer/secure_data => 0ms (8) (avg:0)
/obj/machinery/computer/security => 0ms (8) (avg:0)
/obj/item/gun/energy/laser/aer9 => 0ms (8) (avg:0)
/obj/machinery/computer/security/telescreen => 0ms (8) (avg:0)
/obj/structure/closet/fridge/standard => 0ms (8) (avg:0)
/obj/item/storage/box/ingredients/fiesta => 0ms (8) (avg:0)
/obj/item/gun/energy/laser/wattz => 0ms (8) (avg:0)
/turf/open/floor/plasteel/goonplaque => 0ms (8) (avg:0)
/obj/structure/table/greyscale => 0ms (8) (avg:0)
/obj/item/gun/energy/laser/plasma/glock/extended => 0ms (8) (avg:0)
/obj/machinery/door/airlock/silver => 0ms (7) (avg:0)
/obj/item/reagent_containers/glass/bottle/epinephrine => 0ms (7) (avg:0)
/obj/item/reagent_containers/glass/bottle/charcoal => 0ms (7) (avg:0)
/obj/item/gun/energy/ionrifle => 0ms (7) (avg:0)
/obj/item/dice/d20 => 0ms (7) (avg:0)
/obj/structure/closet/emcloset => 0ms (7) (avg:0)
/obj/item/dice => 0ms (7) (avg:0)
/obj/item/storage/box/beakers => 0ms (7) (avg:0)
/obj/item/storage/box/ingredients/carnivore => 0ms (7) (avg:0)
/obj/item/storage/box/bodybags => 0ms (7) (avg:0)
/obj/item/storage/box/ingredients/fruity => 0ms (7) (avg:0)
/obj/item/gun/ballistic/automatic/smg22 => 0ms (7) (avg:0)
/turf/open/floor/plasteel/f13/vault_floor/yellow => 0ms (7) (avg:0)
/obj/structure/table/reinforced/brass => 0ms (7) (avg:0)
/obj/item/clothing/under/syndicate/brotherhood => 0ms (7) (avg:0)
/obj/structure/closet/secure_closet/security => 0ms (6) (avg:0)
/obj/machinery/computer/security/telescreen/entertainment => 0ms (6) (avg:0)
/obj/machinery/computer/cargo => 0ms (6) (avg:0)
/obj/structure/closet/syndicate/personal => 0ms (6) (avg:0)
/obj/machinery/computer/camera_advanced/abductor => 0ms (6) (avg:0)
/obj/item/reagent_containers/honeycomb => 0ms (6) (avg:0)
/obj/item/storage/box/ingredients/grains => 0ms (6) (avg:0)
/obj/machinery/computer/slot_machine => 0ms (6) (avg:0)
/obj/item/storage/box/ingredients/sweets => 0ms (6) (avg:0)
/obj/item/storage/box/lights/mixed => 0ms (6) (avg:0)
/obj/machinery/power/smes => 0ms (6) (avg:0)
/obj/item/clothing/under/shorts/polychromic => 0ms (6) (avg:0)
/obj/item/reagent_containers/food/drinks/mug/tea => 0ms (6) (avg:0)
/turf/open/floor/mineral/plastitanium => 0ms (6) (avg:0)
/turf/open/floor/plasteel/f13/vault_floor/red => 0ms (6) (avg:0)
/obj/structure/weightlifter => 0ms (6) (avg:0)
/obj/structure/window/fulltile/wood => 0ms (6) (avg:0)
/obj/structure/closet/crate/secure/weapon => 0ms (5) (avg:0)
/obj/machinery/computer/card/centcom => 0ms (5) (avg:0)
/obj/structure/closet/secure_closet/freezer/meat => 0ms (5) (avg:0)
/obj/item/storage/box/emps => 0ms (5) (avg:0)
/obj/item/dice/d10 => 0ms (5) (avg:0)
/obj/machinery/computer/telecrystals/uplinker => 0ms (5) (avg:0)
/obj/structure/closet/cardboard => 0ms (5) (avg:0)
/obj/effect/decal/cleanable/blood/gibs/body => 0ms (5) (avg:0)
/obj/item/storage/box/ingredients/american => 0ms (5) (avg:0)
/obj/item/storage/box/masks => 0ms (5) (avg:0)
/obj/item/storage/box/pillbottles => 0ms (5) (avg:0)
/turf/open/floor/plasteel/caution => 0ms (5) (avg:0)
/turf/closed/wall/f13 => 0ms (5) (avg:0)
/turf/closed/wall/mineral/titanium/nodiagonal => 0ms (5) (avg:0)
/obj/item/organ/cyberimp/eyes/hud/medical => 0ms (4) (avg:0)
/mob/living/simple_animal/hostile/handy/protectron => 0ms (4) (avg:0)
/obj/structure/guncase/shotgun => 0ms (4) (avg:0)
/obj/structure/closet/secure_closet/freezer/fridge => 0ms (4) (avg:0)
/obj/structure/closet/secure_closet/freezer/kitchen => 0ms (4) (avg:0)
/obj/structure/closet/radiation => 0ms (4) (avg:0)
/obj/item/storage/box/dice => 0ms (4) (avg:0)
/obj/item/dice/d4 => 0ms (4) (avg:0)
/obj/item/dice/d6 => 0ms (4) (avg:0)
/obj/item/dice/d8 => 0ms (4) (avg:0)
/obj/item/dice/d12 => 0ms (4) (avg:0)
/obj/item/gun/ballistic/automatic/ar => 0ms (4) (avg:0)
/obj/item/stock_parts/cell/pulse/carbine => 0ms (4) (avg:0)
/obj/item/gun/energy/pulse/carbine/loyalpin => 0ms (4) (avg:0)
/obj/item/storage/box/disks_plantgene => 0ms (4) (avg:0)
/obj/item/storage/box/alienhandcuffs => 0ms (4) (avg:0)
/obj/item/storage/box/ingredients/wildcard => 0ms (4) (avg:0)
/obj/item/storage/box/ingredients/delights => 0ms (4) (avg:0)
/obj/item/storage/toolbox/drone => 0ms (4) (avg:0)
/obj/item/gun/ballistic/automatic/smg10mm => 0ms (4) (avg:0)
/obj/machinery/computer/security/bos => 0ms (4) (avg:0)
/obj/item/gun/ballistic/automatic/mini_uzi => 0ms (4) (avg:0)
/obj/structure/closet/fridge/meat => 0ms (4) (avg:0)
/obj/item/gun/ballistic/automatic/greasegun => 0ms (4) (avg:0)
/obj/item/bedsheet/gondola => 0ms (4) (avg:0)
/obj/effect/decal/cleanable/blood/gibs/old => 0ms (4) (avg:0)
/obj/structure/fireaxecabinet => 0ms (4) (avg:0)
/obj/item/gps/mining => 0ms (4) (avg:0)
/obj/item/reagent_containers/blood/OMinus => 0ms (4) (avg:0)
/obj/machinery/door/airlock/science/glass => 0ms (4) (avg:0)
/turf/open/indestructible/ground/inside/subway => 0ms (4) (avg:0)
/turf/open/floor/plasteel/f13/vault_floor/plating => 0ms (4) (avg:0)
/turf/closed/wall/mineral/titanium/interior => 0ms (4) (avg:0)
/turf/closed/wall/r_wall/f13composite => 0ms (4) (avg:0)
/obj/structure/table/wood/fancy/blackred => 0ms (4) (avg:0)
/turf/open/floor/carpet/blue => 0ms (4) (avg:0)
/turf/closed/wall/r_wall/syndicate/nodiagonal => 0ms (4) (avg:0)
/obj/machinery/rnd/production/protolathe => 0ms (4) (avg:0)
/obj/item/clothing/gloves/legion => 0ms (4) (avg:0)
/obj/item/clothing/gloves/color/yellow => 0ms (4) (avg:0)
/obj/item/organ/cyberimp/chest/nutriment => 0ms (3) (avg:0)
/mob/living/simple_animal/hostile/handy/sentrybot => 0ms (3) (avg:0)
/mob/living/simple_animal/hostile/handy/nsb => 0ms (3) (avg:0)
/mob/living/simple_animal/hostile/handy/gutsy/nsb => 0ms (3) (avg:0)
/obj/structure/guncase/ecase => 0ms (3) (avg:0)
/obj/item/storage/box/zipties => 0ms (3) (avg:0)
/obj/item/clothing/under/misc/polyjumpsuit => 0ms (3) (avg:0)
/obj/item/clothing/under/misc/poly_shirt => 0ms (3) (avg:0)
/obj/item/clothing/under/costume/kilt/polychromic => 0ms (3) (avg:0)
/obj/item/clothing/under/dress/skirt/polychromic => 0ms (3) (avg:0)
/obj/item/clothing/under/misc/polyshorts => 0ms (3) (avg:0)
/obj/item/gun/energy/e_gun => 0ms (3) (avg:0)
/obj/item/storage/box/teargas => 0ms (3) (avg:0)
/obj/item/gun/energy/laser/wattz/magneto => 0ms (3) (avg:0)
/obj/machinery/computer/communications => 0ms (3) (avg:0)
/obj/machinery/computer/auxillary_base => 0ms (3) (avg:0)
/obj/item/gps/internal/base => 0ms (3) (avg:0)
/obj/structure/closet/wardrobe/cargotech => 0ms (3) (avg:0)
/obj/structure/closet/secure_closet/hydroponics => 0ms (3) (avg:0)
/obj/structure/closet/cardboard/metal => 0ms (3) (avg:0)
/obj/machinery/computer/arcade/orion_trail => 0ms (3) (avg:0)
/obj/item/pda/medical => 0ms (3) (avg:0)
/obj/machinery/computer/shuttle/bunkerelevator => 0ms (3) (avg:0)
/obj/machinery/computer/shuttle/northbunkerelevator => 0ms (3) (avg:0)
/obj/item/storage/box/ingredients/exotic => 0ms (3) (avg:0)
/obj/item/gun/energy/laser/plasma/pistol => 0ms (3) (avg:0)
/obj/item/reagent_containers/food/drinks/mug/coco => 0ms (3) (avg:0)
/obj/item/storage/box/lights => 0ms (3) (avg:0)
/obj/item/storage/box/lights/bulbs => 0ms (3) (avg:0)
/obj/item/storage/box/papersack => 0ms (3) (avg:0)
/obj/item/lighter/gold => 0ms (3) (avg:0)
/obj/structure/guncase => 0ms (3) (avg:0)
/obj/machinery/computer/rdconsole/core/bos => 0ms (3) (avg:0)
/obj/machinery/computer/med_data => 0ms (3) (avg:0)
/obj/machinery/door/airlock/highsecurity => 0ms (3) (avg:0)
/obj/machinery/door/airlock/mining => 0ms (3) (avg:0)
/obj/machinery/computer/crew => 0ms (3) (avg:0)
/obj/item/defibrillator => 0ms (3) (avg:0)
/obj/structure/falsewall => 0ms (3) (avg:0)
/obj/item/picket_sign => 0ms (3) (avg:0)
/obj/item/clothing/under/f13/cowboyb => 0ms (3) (avg:0)
/obj/item/twohanded/spear => 0ms (3) (avg:0)
/obj/item/clothing/suit/armor/f13/leather_jacket/combat/coat => 0ms (3) (avg:0)
/obj/item/clothing/shoes/f13/explorer => 0ms (3) (avg:0)
/mob/living/simple_animal/hostile/handy/robobrain/nsb => 0ms (2) (avg:0)
/obj/structure/tank_dispenser/oxygen => 0ms (2) (avg:0)
/obj/item/storage/box/firingpins => 0ms (2) (avg:0)
/obj/structure/closet/secure_closet/ertMed => 0ms (2) (avg:0)
/obj/item/defibrillator/compact/combat/loaded => 0ms (2) (avg:0)
/obj/structure/closet/secure_closet/ertSec => 0ms (2) (avg:0)
/obj/item/storage/box/flashes => 0ms (2) (avg:0)
/obj/item/gun/energy/laser/captain => 0ms (2) (avg:0)
/obj/machinery/computer/emergency_shuttle => 0ms (2) (avg:0)
/obj/structure/closet/secure_closet/ertEngi => 0ms (2) (avg:0)
/obj/item/storage/box/metalfoam => 0ms (2) (avg:0)
/obj/item/gun/ballistic/automatic/pistol/deagle => 0ms (2) (avg:0)
/obj/machinery/computer/shuttle/labor => 0ms (2) (avg:0)
/obj/machinery/computer/shuttle/mining => 0ms (2) (avg:0)
/obj/machinery/computer/security/mining => 0ms (2) (avg:0)
/obj/item/storage/box/mousetraps => 0ms (2) (avg:0)
/obj/machinery/computer/mech_bay_power_console => 0ms (2) (avg:0)
/obj/machinery/computer/camera_advanced => 0ms (2) (avg:0)
/obj/machinery/computer/shuttle => 0ms (2) (avg:0)
/obj/machinery/computer/telecomms/monitor => 0ms (2) (avg:0)
/obj/machinery/computer/telecomms/server => 0ms (2) (avg:0)
/obj/machinery/computer/message_monitor => 0ms (2) (avg:0)
/obj/machinery/door/airlock/freezer => 0ms (2) (avg:0)
/obj/structure/closet/fridge/cannibal => 0ms (2) (avg:0)
/obj/structure/necropolis_gate => 0ms (2) (avg:0)
/obj/effect/decal/cleanable/blood/gibs/limb => 0ms (2) (avg:0)
/obj/item/storage/box/snappops => 0ms (2) (avg:0)
/obj/structure/closet/athletic_mixed => 0ms (2) (avg:0)
/obj/structure/closet/boxinggloves => 0ms (2) (avg:0)
/obj/item/gun/ballistic/automatic/pistol/beretta/automatic => 0ms (2) (avg:0)
/obj/item/gun/ballistic/automatic/commando => 0ms (2) (avg:0)
/obj/item/storage/box/cups => 0ms (2) (avg:0)
/obj/item/stack/ore/blackpowder/fifty => 0ms (2) (avg:0)
/obj/item/storage/box/medsprays => 0ms (2) (avg:0)
/obj/item/pda/engineering => 0ms (2) (avg:0)
/obj/machinery/computer/operating/bos => 0ms (2) (avg:0)
/obj/item/pda/chemist => 0ms (2) (avg:0)
/obj/structure/closet/secure_closet => 0ms (2) (avg:0)
/obj/item/storage/box/lights/tubes => 0ms (2) (avg:0)
/obj/item/pda/warden => 0ms (2) (avg:0)
/obj/item/storage/box => 0ms (2) (avg:0)
/obj/machinery/computer/robotics => 0ms (2) (avg:0)
/obj/machinery/computer/upload/ai => 0ms (2) (avg:0)
/obj/machinery/door/airlock/engineering => 0ms (2) (avg:0)
/obj/item/stack/ore/blackpowder/five => 0ms (2) (avg:0)
/turf/open/floor/plasteel/blue/corner => 0ms (2) (avg:0)
/obj/structure/table/wood/fancy/royalblack => 0ms (2) (avg:0)
/obj/structure/window/plasma/reinforced/fulltile => 0ms (2) (avg:0)
/obj/structure/falsewall/reinforced => 0ms (2) (avg:0)
/obj/item/gun/energy/laser/scatter => 0ms (2) (avg:0)
/obj/item/reagent_containers/blood/AMinus => 0ms (2) (avg:0)
/obj/item/reagent_containers/blood/APlus => 0ms (2) (avg:0)
/obj/item/reagent_containers/blood/BMinus => 0ms (2) (avg:0)
/obj/item/reagent_containers/blood/BPlus => 0ms (2) (avg:0)
/obj/item/reagent_containers/blood/OPlus => 0ms (2) (avg:0)
/obj/item/reagent_containers/blood/lizard => 0ms (2) (avg:0)
/obj/item/clothing/under/f13/ncr/ncr_officer => 0ms (2) (avg:0)
/obj/item/scythe => 0ms (2) (avg:0)
/obj/structure/door_assembly/door_assembly_com => 0ms (2) (avg:0)
/obj/item/gun/energy/laser/plasma/glock => 0ms (2) (avg:0)
/obj/item/claymore/machete/pipe => 0ms (2) (avg:0)
/obj/item/clothing/mask/gas/sechailer/swat => 0ms (2) (avg:0)
/obj/item/storage/belt/holster => 0ms (2) (avg:0)
/obj/structure/closet/crate/secure/hydroponics => 0ms (1) (avg:0)
/obj/item/organ/cyberimp/chest/nutriment/plus => 0ms (1) (avg:0)
/obj/structure/chair/e_chair => 0ms (1) (avg:0)
/mob/living/simple_animal/hostile/handy/sentrybot/nsb => 0ms (1) (avg:0)
/mob/living/simple_animal/hostile/handy/sentrybot/chew => 0ms (1) (avg:0)
/obj/structure/tank_dispenser/plasma => 0ms (1) (avg:0)
/obj/vehicle/ridden/space/speedbike => 0ms (1) (avg:0)
/obj/vehicle/ridden/space/speedbike/red => 0ms (1) (avg:0)
/obj/vehicle/ridden/space/speedwagon => 0ms (1) (avg:0)
/obj/structure/closet/gimmick/tacticool => 0ms (1) (avg:0)
/obj/structure/closet/gimmick/russian => 0ms (1) (avg:0)
/obj/structure/closet/syndicate/resources/everything => 0ms (1) (avg:0)
/obj/structure/closet/secure_closet/warden => 0ms (1) (avg:0)
/obj/structure/closet/secure_closet/armory1 => 0ms (1) (avg:0)
/obj/vehicle/ridden/janicart/upgraded => 0ms (1) (avg:0)
/obj/structure/closet/firecloset/full => 0ms (1) (avg:0)
/obj/structure/closet/wardrobe/mixed => 0ms (1) (avg:0)
/obj/structure/closet/secure_closet/tac => 0ms (1) (avg:0)
/obj/structure/closet/secure_closet/armory2 => 0ms (1) (avg:0)
/obj/structure/closet/secure_closet/armory3 => 0ms (1) (avg:0)
/obj/item/gun/energy/e_gun/stun => 0ms (1) (avg:0)
/obj/item/gun/energy/pulse/pistol/m1911 => 0ms (1) (avg:0)
/obj/structure/closet/secure_closet/ertCom => 0ms (1) (avg:0)
/obj/machinery/computer/shuttle/ferry => 0ms (1) (avg:0)
/obj/machinery/modular_computer/console/preset/command => 0ms (1) (avg:0)
/obj/machinery/computer/prisoner => 0ms (1) (avg:0)
/obj/structure/closet/secure_closet/quartermaster => 0ms (1) (avg:0)
/obj/structure/closet/chefcloset => 0ms (1) (avg:0)
/obj/machinery/gibber => 0ms (1) (avg:0)
/obj/machinery/modular_computer/console/preset/research => 0ms (1) (avg:0)
/obj/machinery/computer/telecrystals/boss => 0ms (1) (avg:0)
/obj/item/paicard => 0ms (1) (avg:0)
/obj/machinery/computer/shuttle/syndicate/recall => 0ms (1) (avg:0)
/obj/item/disk/data => 0ms (1) (avg:0)
/obj/item/dice/d6/space => 0ms (1) (avg:0)
/obj/item/gun/energy/laser/practice => 0ms (1) (avg:0)
/obj/machinery/computer/atmos_alert => 0ms (1) (avg:0)
/obj/machinery/computer/station_alert => 0ms (1) (avg:0)
/obj/machinery/gravity_generator/part => 0ms (1) (avg:0)
/obj/item/gun/energy/e_gun/mini/practice_phaser => 0ms (1) (avg:0)
/obj/machinery/computer/pandemic => 0ms (1) (avg:0)
/obj/structure/closet/wardrobe/white => 0ms (1) (avg:0)
/obj/item/dice/d1 => 0ms (1) (avg:0)
/obj/item/gun/ballistic/automatic/r84 => 0ms (1) (avg:0)
/obj/item/clothing/under/maid => 0ms (1) (avg:0)
/obj/structure/closet/secure_closet/freezer/fridge/open => 0ms (1) (avg:0)
/obj/machinery/power/solar_control => 0ms (1) (avg:0)
/obj/item/dice/d2 => 0ms (1) (avg:0)
/obj/item/storage/box/citizenship_permits => 0ms (1) (avg:0)
/obj/item/gun/energy/laser/aer14 => 0ms (1) (avg:0)
/obj/machinery/computer/rdconsole => 0ms (1) (avg:0)
/obj/item/gun/ballistic/automatic/service/r82 => 0ms (1) (avg:0)
/obj/effect/decal/cleanable/blood/gibs/torso => 0ms (1) (avg:0)
/obj/item/integrated_electronics/detailer => 0ms (1) (avg:0)
/obj/item/toy/crayon/spraycan => 0ms (1) (avg:0)
/obj/item/gps/computer => 0ms (1) (avg:0)
/obj/item/pda/heads/hos => 0ms (1) (avg:0)
/obj/structure/closet/secure_closet/contraband/armory => 0ms (1) (avg:0)
/obj/item/pda/heads/hop => 0ms (1) (avg:0)
/obj/item/pda/heads/cmo => 0ms (1) (avg:0)
/obj/item/pda/quartermaster => 0ms (1) (avg:0)
/obj/machinery/gibber/autogibber => 0ms (1) (avg:0)
/obj/machinery/computer/cargo/request => 0ms (1) (avg:0)
/obj/machinery/door/airlock/research => 0ms (1) (avg:0)
/obj/item/pda/lawyer => 0ms (1) (avg:0)
/obj/machinery/computer/rdconsole/core/vault => 0ms (1) (avg:0)
/obj/machinery/computer/aifixer => 0ms (1) (avg:0)
/obj/machinery/computer/upload/borg => 0ms (1) (avg:0)
/obj/item/storage/box/PDAs => 0ms (1) (avg:0)
/obj/machinery/computer/card => 0ms (1) (avg:0)
/obj/item/gun/ballistic/automatic/toy => 0ms (1) (avg:0)
/obj/structure/closet/secure_closet/freezer/kitchen/maintenance => 0ms (1) (avg:0)
/obj/machinery/modular_computer/console/preset/engineering => 0ms (1) (avg:0)
/obj/structure/closet/toolcloset => 0ms (1) (avg:0)
/obj/item/gun/ballistic/automatic/bozar => 0ms (1) (avg:0)
/obj/item/lighter/greyscale => 0ms (1) (avg:0)
/area/tdome/arena => 0ms (1) (avg:0)
/area/syndicate_mothership => 0ms (1) (avg:0)
/area/ctf => 0ms (1) (avg:0)
/area/awaymission/errorroom => 0ms (1) (avg:0)
/area/tdome/arena_source => 0ms (1) (avg:0)
/area/abductor_ship => 0ms (1) (avg:0)
/area/holodeck/rec_center/refuel => 0ms (1) (avg:0)
/area/holodeck/rec_center/spacechess => 0ms (1) (avg:0)
/area/holodeck/rec_center/thunderdome1218 => 0ms (1) (avg:0)
/area/holodeck/rec_center/kobayashi => 0ms (1) (avg:0)
/area/holodeck/rec_center/chapelcourt => 0ms (1) (avg:0)
/area/holodeck/rec_center/school => 0ms (1) (avg:0)
/area/holodeck/rec_center/firingrange => 0ms (1) (avg:0)
/area/fabric_of_reality => 0ms (1) (avg:0)
/area/ai_multicam_room => 0ms (1) (avg:0)
/area/holodeck/rec_center/anthophila => 0ms (1) (avg:0)
/area/holodeck/rec_center/pet_lounge => 0ms (1) (avg:0)
/area/holodeck/rec_center/medical => 0ms (1) (avg:0)
/area/holodeck/rec_center/basketball => 0ms (1) (avg:0)
/area/holodeck/rec_center/beach => 0ms (1) (avg:0)
/area/holodeck/rec_center/thunderdome => 0ms (1) (avg:0)
/area/holodeck/rec_center/dodgeball => 0ms (1) (avg:0)
/area/start => 0ms (1) (avg:0)
/area/holodeck/rec_center/winterwonderland => 0ms (1) (avg:0)
/area/holodeck/rec_center/bunker => 0ms (1) (avg:0)
/area/holodeck/rec_center/lounge => 0ms (1) (avg:0)
/area/holodeck/rec_center/wildlife => 0ms (1) (avg:0)
/area/holodeck/rec_center/offline => 0ms (1) (avg:0)
/area/holodeck/rec_center/burn => 0ms (1) (avg:0)
/area/holodeck/rec_center/court => 0ms (1) (avg:0)
/area/space => 0ms (1) (avg:0)
/turf/open/floor/plasteel/darkpurple/side => 0ms (1) (avg:0)
/turf/open/floor/plasteel/f13/vault_floor/yellow/whiteyellowfull => 0ms (1) (avg:0)
/obj/machinery/atmospherics/components/unary/vent_pump/on => 0ms (1) (avg:0)
/obj/structure/window/reinforced/tinted/fulltile => 0ms (1) (avg:0)
/obj/structure/falsewall/rust => 0ms (1) (avg:0)
/obj/machinery/computer/shuttle/bos => 0ms (1) (avg:0)
/obj/machinery/computer/shuttle/ferry/request => 0ms (1) (avg:0)
/obj/machinery/computer/shuttle/syndicate/drop_pod => 0ms (1) (avg:0)
/obj/machinery/portable_atmospherics/canister/oxygen => 0ms (1) (avg:0)
/obj/structure/closet/syndicate/nuclear => 0ms (1) (avg:0)
/obj/item/pda/syndicate => 0ms (1) (avg:0)
/obj/item/storage/toolbox/syndicate => 0ms (1) (avg:0)
/obj/machinery/computer/med_data/syndie => 0ms (1) (avg:0)
/obj/machinery/computer/crew/syndie => 0ms (1) (avg:0)
/obj/machinery/computer/camera_advanced/shuttle_docker/syndicate => 0ms (1) (avg:0)
/obj/machinery/computer/shuttle/syndicate => 0ms (1) (avg:0)
/obj/machinery/computer/camera_advanced/syndie => 0ms (1) (avg:0)
/obj/machinery/computer/secure_data/syndie => 0ms (1) (avg:0)
/obj/item/gun/energy/laser/aer12 => 0ms (1) (avg:0)
/obj/item/stack/ore/blackpowder/two => 0ms (1) (avg:0)
/turf/closed/wall/mineral/iron => 0ms (1) (avg:0)
/obj/item/clothing/under/f13/ncr => 0ms (1) (avg:0)
/obj/item/gun/ballistic/automatic/assault_carbine => 0ms (1) (avg:0)
/obj/item/gun/energy/laser/plasma/carbine => 0ms (1) (avg:0)
/obj/item/stack/ore/lead => 0ms (1) (avg:0)
/obj/item/claymore/machete => 0ms (1) (avg:0)
/obj/item/clothing/head/helmet/f13/legion/recruit => 0ms (1) (avg:0)
/obj/item/clothing/suit/armor/f13/legion/recruit => 0ms (1) (avg:0)
/obj/item/restraints/legcuffs/bola => 0ms (1) (avg:0)
/obj/item/storage/backpack/explorer => 0ms (1) (avg:0)
/turf/closed/wall/f13/wood/house => 0ms (1) (avg:0)
/turf/closed/wall/f13/wood/house/broken => 0ms (1) (avg:0)
/obj/item/kitchen/knife/combat => 0ms (1) (avg:0)
/turf/closed/wall/material => 0ms (1) (avg:0)
/obj/item/clothing/shoes/f13/military/ncr => 0ms (1) (avg:0)
/obj/structure/flora/grass/wasteland => 0ms (1) (avg:0)
/obj/item/reagent_containers/food/snacks/meat/slab/gecko => 0ms (1) (avg:0)
/obj/item/clothing/under/f13/lumberjack => 0ms (1) (avg:0)
/obj/item/ammo_casing/shotgun/buckshot => 0ms (1) (avg:0)
/obj/item/clothing/suit/armor/f13/raider/sadist => 0ms (1) (avg:0)
/obj/item/clothing/shoes/combat => 0ms (1) (avg:0)
/obj/item/clothing/under/f13/raiderrags => 0ms (1) (avg:0)
/obj/item/gun/ballistic/revolver/needler => 0ms (1) (avg:0)
/obj/item/clothing/suit/armor/f13/power_armor/t60 => 0ms (1) (avg:0)
/obj/item/clothing/suit/armor/f13/power_armor/t51b => 0ms (1) (avg:0)
/obj/item/storage/backpack/satchel/explorer => 0ms (1) (avg:0)
/obj/item/clothing/head/helmet/f13/power_armor/t51b => 0ms (1) (avg:0)
/obj/item/clothing/suit/armor/f13/combat/brotherhood/initiate => 0ms (1) (avg:0)
/obj/item/clothing/mask/gas/explorer/folded => 0ms (1) (avg:0)
/obj/item/nullrod/claymore/chainsaw_sword => 0ms (1) (avg:0)
/obj/item/clothing/head/helmet/f13/legion/centurion => 0ms (1) (avg:0)
/obj/item/clothing/suit/armor/f13/legion/centurion => 0ms (1) (avg:0)
/turf/closed/wall/f13/tentwall => 0ms (1) (avg:0)
/obj/item/storage/fancy/cigarettes/cigars => 0ms (1) (avg:0)
/obj/item/kitchen/knife => 0ms (1) (avg:0)
/obj/item/clothing/head/welding => 0ms (1) (avg:0)
/obj/item/clothing/suit/apron => 0ms (1) (avg:0)
/obj/item/clothing/gloves/f13/blacksmith => 0ms (1) (avg:0)
/obj/item/storage/survivalkit => 0ms (1) (avg:0)
/obj/item/clothing/shoes/f13/fancy => 0ms (1) (avg:0)
/obj/item/gun/ballistic/revolver/colt6520 => 0ms (1) (avg:0)
/obj/item/clothing/under/f13/legskirt => 0ms (1) (avg:0)
/obj/item/claymore/machete/gladius => 0ms (1) (avg:0)
/obj/item/clothing/head/helmet/f13/legion/palacent => 0ms (1) (avg:0)
/obj/item/clothing/suit/armor/f13/legion/palacent => 0ms (1) (avg:0)
