[2021-05-23 21:05:41.324] Starting up round ID 34.
 - -------------------------
[2021-05-23 21:13:56.711] TCOMMS: Goldencatc/(Arturo Romero) [BOS] (spans:  ) "Alguém?" (language: Galactic Common) (Brotherhood of Steel RnD Department (227, 207, 3))
[2021-05-23 21:16:05.785] TCOMMS: Goldencatc/(Arturo Romero) [Common] (spans:  ) "BoS está aceitando tecnologia antiga da pre-war compramos por um ótimo preço." (language: Galactic Common) (Brotherhood of Steel Operations Department (232, 219, 3))
[2021-05-23 21:16:20.600] TCOMMS: Luiz20/(Luiz Borgos Primeiro) [BOS] (spans:  ) "Não prescisa pedir" (language: Galactic Common) (Brotherhood of Steel RnD Department (234, 203, 3))
[2021-05-23 21:16:23.544] TCOMMS: Luiz20/(Luiz Borgos Primeiro) [BOS] (spans:  ) "Eu vou pegar" (language: Galactic Common) (Brotherhood of Steel RnD Department (234, 202, 3))
[2021-05-23 21:21:08.430] TCOMMS: Goldencatc/(Arturo Romero) [BOS] (spans:  ) "Preciso de uma caixa de ferramentas." (language: Galactic Common) (Wasteland (172, 213, 2))
[2021-05-23 21:27:26.358] TCOMMS: Goldencatc/(Arturo Romero) [BOS] (spans:  ) "Vou minerar." (language: Galactic Common) (Wasteland (179, 192, 2))
[2021-05-23 21:29:06.416] TCOMMS: Luiz20/(Luiz Borgos Primeiro) [BOS] (spans:  ) "Não é mais facil usar a mineradora automatica?" (language: Galactic Common) (Brotherhood of Steel RnD Department (232, 195, 3))
[2021-05-23 21:29:42.344] TCOMMS: Goldencatc/(Arturo Romero) [BOS] (spans:  ) "Aliás, faça isso." (language: Galactic Common) (Wasteland (153, 213, 2))
[2021-05-23 21:35:04.619] TCOMMS: Luiz20/(Luiz Borgos Primeiro) [BOS] (spans:  ) "Vamo fazer torreta" (language: Galactic Common) (Wasteland (172, 201, 2))
[2021-05-23 21:43:26.974] TCOMMS: Luiz20/(Luiz Borgos Primeiro) [Common] (spans:  ) "Tem alguem aí?" (language: Galactic Common) (Wasteland (21, 184, 2))
[2021-05-23 21:43:41.794] TCOMMS: Yurivel/(Yuri E) [Legion] (spans:  ) "Tem eu" (language: Galactic Common) (Legion (237, 30, 2))
[2021-05-23 21:43:50.143] TCOMMS: Yurivel/(Yuri E) [Common] (spans:  ) "Oi" (language: Galactic Common) (Legion (239, 30, 2))
[2021-05-23 21:43:59.604] TCOMMS: Luiz20/(Luiz Borgos Primeiro) [Common] (spans:  ) "Quem é voce?" (language: Galactic Common) (Wasteland (118, 184, 2))
[2021-05-23 21:44:14.941] TCOMMS: Yurivel/(Yuri E) [Common] (spans:  ) "E eu seila" (language: Galactic Common) (Legion (239, 30, 2))
[2021-05-23 21:56:45.109] TCOMMS: Goldencatc/(Arturo Romero) [BOS] (spans:  ) "Luiz eu quero uma caixa pra guardar a comida" (language: Galactic Common) (Caves (182, 208, 2))
[2021-05-23 21:56:48.023] TCOMMS: Goldencatc/(Arturo Romero) [BOS] (spans:  ) "Entrada" (language: Galactic Common) (Caves (182, 208, 2))
[2021-05-23 21:57:51.921] TCOMMS: Luiz20/(Luiz Borgos Primeiro) [BOS] (spans:  ) "Pera" (language: Galactic Common) (Wasteland (182, 195, 2))
[2021-05-23 22:00:11.812] TCOMMS: Luiz20/(Luiz Borgos Primeiro) [BOS] (spans:  ) "Cade tu?" (language: Galactic Common) (Brotherhood of Steel (151, 233, 2))
[2021-05-23 22:02:38.762] TCOMMS: Goldencatc/(Arturo Romero) [BOS] (spans:  ) "Vou voltar pra base e ficar ssd" (language: Galactic Common) (Brotherhood of Steel (170, 222, 2))
[2021-05-23 22:02:49.939] TCOMMS: Zero9e1/(Clement Milne) [Common] (spans:  ) "Alo" (language: Galactic Common) (Wasteland (26, 197, 2))
[2021-05-23 22:02:53.681] TCOMMS: Luiz20/(Luiz Borgos Primeiro) [Common] (spans:  ) "Alo" (language: Galactic Common) (Wasteland (175, 206, 2))
[2021-05-23 22:02:55.576] TCOMMS: Goldencatc/(Arturo Romero) [BOS] (spans:  ) "Luiz" (language: Galactic Common) (Wasteland (170, 212, 2))
[2021-05-23 22:03:15.020] TCOMMS: Yurivel/(Yuri E) [Common] (spans:  ) "Muita boa noite" (language: Galactic Common) (Legion (243, 31, 2))
[2021-05-23 22:05:17.120] TCOMMS: Luiz20/(Luiz Borgos Primeiro) [BOS] (spans:  ) "Vou pra matrix" (language: Galactic Common) (Brotherhood of Steel (145, 233, 2))
[2021-05-23 22:09:36.315] TCOMMS: Yurivel/(Yuri E) [Legion] (spans:  ) "Tem alguem ai?" (language: Galactic Common) (Legion (223, 21, 2))
[2021-05-23 22:12:20.650] TCOMMS: GabrielDoomBR/(Baam Frest) [Common] (spans:  ) "Foda" (language: Galactic Common) (Tunnel (73, 41, 3))
[2021-05-23 22:12:36.455] TCOMMS: Yurivel/(Yuri E) [Common] (spans:  ) "Baam?" (language: Galactic Common) (Building (197, 56, 2))
[2021-05-23 22:12:41.648] TCOMMS: GabrielDoomBR/(Baam Frest) [Common] (spans:  ) "Que que foi" (language: Galactic Common) (Tunnel (71, 41, 3))
[2021-05-23 22:13:11.548] TCOMMS: Yurivel/(Yuri E) [Common] (spans:  ) "Te conheço?" (language: Galactic Common) (Building (197, 56, 2))
[2021-05-23 22:13:17.771] TCOMMS: GabrielDoomBR/(Baam Frest) [Common] (spans:  ) "Como assim" (language: Galactic Common) (Wasteland (57, 45, 2))
[2021-05-23 22:13:32.128] TCOMMS: Yurivel/(Yuri E) [Common] (spans:  ) "Não sei mas eu acho que te conheço" (language: Galactic Common) (Building (197, 56, 2))
[2021-05-23 22:13:35.501] TCOMMS: GabrielDoomBR/(Baam Frest) [Common] (spans:  ) "Ta" (language: Galactic Common) (Wasteland (77, 64, 2))
[2021-05-23 22:13:51.187] TCOMMS: GabrielDoomBR/(Baam Frest) [Common] (spans:  ) "Ta acontecendo nada na mojave" (language: Galactic Common) (Wasteland (77, 97, 2))
[2021-05-23 22:13:54.137] TCOMMS: GabrielDoomBR/(Baam Frest) [Common] (spans:  ) "Tedio do cacete" (language: Galactic Common) (Wasteland (77, 97, 2))
[2021-05-23 22:26:06.529] TCOMMS: Goldencatc/(Arturo Romero) [BOS] (spans:  ) "Vai pra base." (language: Galactic Common) (Brotherhood of Steel Leisure Areas (219, 249, 3))
[2021-05-23 22:28:39.747] TCOMMS: Goldencatc/(Arturo Romero) [BOS] (spans:  ) "Entrou um cara esquisito na base." (language: Galactic Common) (Brotherhood of Steel Operations Department (242, 229, 3))
[2021-05-23 22:29:48.681] TCOMMS: Zero9e1/(Clement Milne) [Common] (spans:  ) "Pago um bom dinheiro para quem trazer a ncr um circuito de cameras" (language: Galactic Common) (NCR (31, 192, 2))
[2021-05-23 22:31:13.787] TCOMMS: Goldencatc/(Arturo Romero) [BOS] (spans:  ) "Luiz?" (language: Galactic Common) (Wasteland (171, 208, 2))
[2021-05-23 22:31:17.703] TCOMMS: Goldencatc/(Arturo Romero) [BOS] (spans:  ) "Está vivo?" (language: Galactic Common) (Wasteland (171, 208, 2))
[2021-05-23 22:31:52.371] TCOMMS: Goldencatc/(Arturo Romero) [Common] (spans:  ) "Eu sei que você matou ele." (language: Galactic Common) (Wasteland (170, 206, 2))
[2021-05-23 22:31:55.511] TCOMMS: Goldencatc/(Arturo Romero) [Common] (spans:  ) "Eu vou te caçar." (language: Galactic Common) (Wasteland (170, 206, 2))
[2021-05-23 22:32:26.775] TCOMMS: Yurivel/(Yuri E) [Common] (spans:  ) "Quem matou quem?" (language: Galactic Common) (Legion (220, 17, 2))
[2021-05-23 22:33:49.878] TCOMMS: Yurivel/(Yuri E) [Legion] (spans:  ) "Tem alguem da legion?" (language: Galactic Common) (Legion (220, 17, 2))
[2021-05-23 22:37:21.031] TCOMMS: Yurivel/(Yuri E) [Legion] (spans:  ) "Tem legion?" (language: Galactic Common) (Legion (228, 30, 2))
[2021-05-23 22:37:30.847] TCOMMS: Yurivel/(Yuri E) [Legion] (spans:  ) "Tem mais alguem?" (language: Galactic Common) (Legion (233, 30, 2))
[2021-05-23 22:37:59.077] TCOMMS: Goldencatc/(Arturo Romero) [Common] (spans:  ) "Eu tô indo te buscar." (language: Galactic Common) (Wasteland (192, 186, 2))
[2021-05-23 22:43:14.645] TCOMMS: Yurivel/(Yuri E) [Common] (spans:  ) "Sumiu" (language: Galactic Common) (Brotherhood of Steel (152, 236, 2))
[2021-05-23 22:43:56.423] TCOMMS: Goldencatc/(Arturo Romero) [Common] (spans:  ) "Vem" (language: Galactic Common) (Brotherhood of Steel Leisure Areas (221, 241, 3))
[2021-05-23 22:43:58.160] TCOMMS: Goldencatc/(Arturo Romero) [Common] (spans:  ) "Base" (language: Galactic Common) (Brotherhood of Steel Leisure Areas (221, 241, 3))
[2021-05-23 22:44:02.123] TCOMMS: Yurivel/(Yuri E) [Common] (spans:  ) "Aonde?" (language: Galactic Common) (Brotherhood of Steel (152, 236, 2))
[2021-05-23 22:44:06.502] TCOMMS: Goldencatc/(Arturo Romero) [Common] (spans:  ) "Desce." (language: Galactic Common) (Brotherhood of Steel Leisure Areas (223, 237, 3))
[2021-05-23 22:59:44.508] TCOMMS: luiz20/(Luiz Borgos Segundo) [Common] (spans:  ) "Alo" (language: Galactic Common) (Brotherhood of Steel Operations Department (227, 233, 3))
[2021-05-23 23:08:28.357] TCOMMS: goldencatc/(Grendel Robinson) [NCR] (spans:  ) "Alguém?" (language: Galactic Common) (Wasteland (27, 221, 2))
[2021-05-23 23:30:50.416] TCOMMS: Yurivel/(Cesar Cohen) [Common] (spans:  ) "You have hacked by angel of the night" (language: Galactic Common) (Wasteland (171, 202, 2))
[2021-05-23 23:34:18.472] TCOMMS: Yurivel/(Cesar Cohen) [BOS] (spans:  ) "Ola" (language: Galactic Common) (Brotherhood of Steel Operations Department (241, 248, 3))
[2021-05-23 23:35:04.824] TCOMMS: Yurivel/(Cesar Cohen) [BOS] (spans:  ) "Eu acho que um recruit legionary envadiu e vez esse genocidio" (language: Galactic Common) (Brotherhood of Steel Operations Department (241, 248, 3))
[2021-05-23 23:36:59.957] TCOMMS: Yurivel/(Cesar Cohen) [Common] (spans:  ) "Ou foi esse unknow" (language: Galactic Common) (Brotherhood of Steel Operations Department (232, 228, 3))
