[2021-05-23 21:05:41.329] Starting up round ID 34.
 - -------------------------
[2021-05-23 21:05:42.068] xandimasculu in browseroutput/initialize
[2021-05-23 21:05:44.760] kosolov325 in browseroutput/initialize
[2021-05-23 21:05:45.562] kaduh in browseroutput/initialize
[2021-05-23 21:06:00.651] sondtheanime in browseroutput/initialize
[2021-05-23 21:06:04.971] baeiou in browseroutput/initialize
[2021-05-23 21:06:07.236] fidgetybacchus in browseroutput/initialize
[2021-05-23 21:06:07.513] goldencatc in browseroutput/initialize
[2021-05-23 21:06:09.986] baeiou in browseroutput/initialize
[2021-05-23 21:06:21.708] xxlucaswesleyxx in browseroutput/initialize
[2021-05-23 21:08:03.239] kaduh in browseroutput/initialize
[2021-05-23 21:12:07.150] goldencatc (as Arturo Romero at 219,226,3)
 - Using: /datum/component/loadout_selector [0x2103e5bc]
 - new LoadoutSelect fancy 1
[2021-05-23 21:12:07.152] goldencatc in tgui-window-1/initialize
 - Using: /datum/component/loadout_selector [0x2103e5bc]
[2021-05-23 21:12:10.325] goldencatc (as Arturo Romero at 219,226,3) in tgui-window-1
 - Using: /datum/component/loadout_selector [0x2103e5bc]
 - Action: loadout_select {"name":"Shock Head Paladin"}
[2021-05-23 21:12:11.295] goldencatc (as Arturo Romero at 219,226,3) in tgui-window-1
 - Using: /datum/component/loadout_selector [0x2103e5bc]
 - Action: loadout_select {"name":"Shock Head Paladin"}
[2021-05-23 21:12:11.850] goldencatc (as Arturo Romero at 219,226,3) in tgui-window-1
 - Using: /datum/component/loadout_selector [0x2103e5bc]
 - Action: loadout_select {"name":"Shock Head Paladin"}
[2021-05-23 21:12:12.908] goldencatc (as Arturo Romero at 219,226,3) in tgui-window-1
 - Using: /datum/component/loadout_selector [0x2103e5bc]
 - Action: loadout_select {"name":"Heavy Head Paladin"}
[2021-05-23 21:12:13.666] goldencatc (as Arturo Romero at 219,226,3) in tgui-window-1
 - Using: /datum/component/loadout_selector [0x2103e5bc]
 - Action: loadout_select {"name":"Heavy Head Paladin"}
[2021-05-23 21:12:19.989] goldencatc (as Arturo Romero at 219,226,3) in tgui-window-1
 - Using: /datum/component/loadout_selector [0x2103e5bc]
 - Action: loadout_confirm {}
[2021-05-23 21:12:22.394] goldencatc in tgui-window-1/close (suspending)
[2021-05-23 21:12:29.125] xandimasculu in browseroutput/initialize
[2021-05-23 21:13:08.241] luiz20 in browseroutput/initialize
[2021-05-23 21:14:58.205] luiz20 (as Luiz Borgos Primeiro at 247,198,3)
 - Using: /datum/component/loadout_selector [0x2103fd5f]
 - new LoadoutSelect fancy 1
[2021-05-23 21:14:58.206] luiz20 in tgui-window-1/initialize
 - Using: /datum/component/loadout_selector [0x2103fd5f]
[2021-05-23 21:14:59.636] luiz20 (as Luiz Borgos Primeiro at 247,198,3) in tgui-window-1
 - Using: /datum/component/loadout_selector [0x2103fd5f]
 - Action: loadout_select {"name":"Administrative Leader"}
[2021-05-23 21:15:01.529] luiz20 (as Luiz Borgos Primeiro at 247,198,3) in tgui-window-1
 - Using: /datum/component/loadout_selector [0x2103fd5f]
 - Action: loadout_confirm {}
[2021-05-23 21:15:01.554] luiz20 in tgui-window-1/close (suspending)
[2021-05-23 21:17:21.370] yurivel in browseroutput/initialize
[2021-05-23 21:19:22.099] luiz20 (as Luiz Borgos Primeiro at 226,195,3)
 - Using: /obj/machinery/vending/tool [0x2007e57]
 - new Vending fancy 1
[2021-05-23 21:19:33.300] luiz20 in tgui-window-1/close (suspending)
[2021-05-23 21:19:33.300] luiz20 in tgui-window-1/close (suspending)
[2021-05-23 21:21:59.006] kaduh in browseroutput/initialize
[2021-05-23 21:25:21.102] yurivel (as Yuri E at 226,45,2)
 - Using: /obj/machinery/smartfridge/bottlerack/seedbin [0x2005cde]
 - new SmartVend fancy 1
[2021-05-23 21:25:21.103] yurivel in tgui-window-1/initialize
 - Using: /obj/machinery/smartfridge/bottlerack/seedbin [0x2005cde]
[2021-05-23 21:25:24.347] yurivel in tgui-window-1/close (suspending)
[2021-05-23 21:25:24.347] yurivel in tgui-window-1/close (suspending)
[2021-05-23 21:26:32.463] gabrieldoombr in browseroutput/initialize
[2021-05-23 21:31:49.923] gabrieldoombr (as Baam Frest at 252,65,2)
 - Using: /datum/component/loadout_selector [0x2103fd77]
 - new LoadoutSelect fancy 1
[2021-05-23 21:31:49.923] gabrieldoombr in tgui-window-1/initialize
 - Using: /datum/component/loadout_selector [0x2103fd77]
[2021-05-23 21:31:51.415] gabrieldoombr (as Baam Frest at 251,65,2) in tgui-window-1
 - Using: /datum/component/loadout_selector [0x2103fd77]
 - Action: loadout_select {"name":"Vaultie"}
[2021-05-23 21:31:53.231] gabrieldoombr (as Baam Frest at 251,65,2) in tgui-window-1
 - Using: /datum/component/loadout_selector [0x2103fd77]
 - Action: loadout_confirm {}
[2021-05-23 21:31:53.296] gabrieldoombr in tgui-window-1/close (suspending)
[2021-05-23 21:32:39.789] italos in browseroutput/initialize
[2021-05-23 21:34:01.402] kaduh (as Erika Miller at 48,202,2)
 - Using: /datum/orbit_menu [0x2104021e]
 - new Orbit fancy 1
[2021-05-23 21:34:01.402] kaduh in tgui-window-1/initialize
 - Using: /datum/orbit_menu [0x2104021e]
[2021-05-23 21:34:03.465] kaduh (as Erika Miller at 48,202,2) in tgui-window-1
 - Using: /datum/orbit_menu [0x2104021e]
 - Action: orbit {"ref":"[mob_828]"}
[2021-05-23 21:34:03.732] kaduh (as Erika Miller at 169,213,2) in tgui-window-1
 - Using: /datum/orbit_menu [0x2104021e]
 - Action: orbit {"ref":"[mob_828]"}
[2021-05-23 21:34:05.665] kaduh (as Erika Miller at 169,213,2) in tgui-window-1
 - Using: /datum/orbit_menu [0x2104021e]
 - Action: orbit {"ref":"[mob_849]"}
[2021-05-23 21:34:10.945] baeiou (as Jose Com Um Passo Bebado at 173,211,2)
 - Using: /obj/machinery/door/airlock/command [0x204aa02]
 - new AiAirlock fancy 1
[2021-05-23 21:34:10.945] baeiou in tgui-window-1/initialize
 - Using: /obj/machinery/door/airlock/command [0x204aa02]
[2021-05-23 21:34:13.999] baeiou in tgui-window-1/close (suspending)
[2021-05-23 21:34:13.999] baeiou (as Jose Com Um Passo Bebado at 150,216,2)
 - Using: /obj/machinery/door/airlock/command [0x204aa02]
 - new AiAirlock fancy 1
[2021-05-23 21:34:33.136] kaduh (as Erika Miller at 68,38,3) in tgui-window-1
 - Using: /datum/orbit_menu [0x2104021e]
 - Action: orbit {"ref":"[mob_860]"}
[2021-05-23 21:34:34.085] kaduh (as Erika Miller at 68,38,3) in tgui-window-1
 - Using: /datum/orbit_menu [0x2104021e]
 - Action: orbit {"ref":"[mob_837]"}
[2021-05-23 21:34:36.095] kaduh (as Erika Miller at 169,211,2) in tgui-window-1
 - Using: /datum/orbit_menu [0x2104021e]
 - Action: orbit {"ref":"[mob_841]"}
[2021-05-23 21:34:38.441] kaduh in tgui-window-1/close (suspending)
[2021-05-23 21:34:38.441] kaduh in tgui-window-1/close (suspending)
[2021-05-23 21:35:12.210] kaduh (as Erika Miller at 202,239,2)
 - Using: /datum/orbit_menu [0x2104021e]
 - new Orbit fancy 1
[2021-05-23 21:35:13.561] kaduh (as Erika Miller at 202,239,2) in tgui-window-1
 - Using: /datum/orbit_menu [0x2104021e]
 - Action: orbit {"ref":"[mob_837]"}
[2021-05-23 21:35:17.072] kaduh (as Erika Miller at 187,187,2) in tgui-window-1
 - Using: /datum/orbit_menu [0x2104021e]
 - Action: orbit {"ref":"[mob_828]"}
[2021-05-23 21:35:17.952] kaduh (as Erika Miller at 169,212,2) in tgui-window-1
 - Using: /datum/orbit_menu [0x2104021e]
 - Action: orbit {"ref":"[mob_841]"}
[2021-05-23 21:35:20.092] kaduh (as Erika Miller at 202,51,2) in tgui-window-1
 - Using: /datum/orbit_menu [0x2104021e]
 - Action: orbit {"ref":"[mob_837]"}
[2021-05-23 21:35:20.722] kaduh (as Erika Miller at 184,187,2) in tgui-window-1
 - Using: /datum/orbit_menu [0x2104021e]
 - Action: orbit {"ref":"[mob_828]"}
[2021-05-23 21:35:21.224] kaduh (as Erika Miller at 176,211,2) in tgui-window-1
 - Using: /datum/orbit_menu [0x2104021e]
 - Action: orbit {"ref":"[mob_849]"}
[2021-05-23 21:35:21.845] kaduh (as Erika Miller at 75,37,3) in tgui-window-1
 - Using: /datum/orbit_menu [0x2104021e]
 - Action: orbit {"ref":"[mob_845]"}
[2021-05-23 21:35:25.055] kaduh (as Erika Miller at 75,37,3) in tgui-window-1
 - Using: /datum/orbit_menu [0x2104021e]
 - Action: orbit {"ref":"[mob_845]"}
[2021-05-23 21:35:25.456] kaduh (as Erika Miller at 75,37,3) in tgui-window-1
 - Using: /datum/orbit_menu [0x2104021e]
 - Action: orbit {"ref":"[mob_845]"}
[2021-05-23 21:35:27.007] kaduh (as Erika Miller at 73,37,3) in tgui-window-1
 - Using: /datum/orbit_menu [0x2104021e]
 - Action: orbit {"ref":"[mob_571]"}
[2021-05-23 21:35:27.605] kaduh (as Erika Miller at 180,247,1) in tgui-window-1
 - Using: /datum/orbit_menu [0x2104021e]
 - Action: orbit {"ref":"[mob_855]"}
[2021-05-23 21:35:28.450] kaduh (as Erika Miller at 180,247,1) in tgui-window-1
 - Using: /datum/orbit_menu [0x2104021e]
 - Action: orbit {"ref":"[mob_855]"}
[2021-05-23 21:35:31.060] kaduh (as Erika Miller at 185,241,1) in tgui-window-1
 - Using: /datum/orbit_menu [0x2104021e]
 - Action: orbit {"ref":"[mob_855]"}
[2021-05-23 21:35:31.942] kaduh (as Erika Miller at 180,247,1) in tgui-window-1
 - Using: /datum/orbit_menu [0x2104021e]
 - Action: orbit {"ref":"[mob_571]"}
[2021-05-23 21:35:35.202] kaduh (as Erika Miller at 189,229,1) in tgui-window-1
 - Using: /datum/orbit_menu [0x2104021e]
 - Action: orbit {"ref":"[mob_2]"}
[2021-05-23 21:35:37.367] kaduh in tgui-window-1/close (suspending)
[2021-05-23 21:35:37.367] kaduh in tgui-window-1/close (suspending)
[2021-05-23 21:35:38.050] kaduh (as Erika Miller at 138,149,1)
 - Using: /datum/orbit_menu [0x2104021e]
 - new Orbit fancy 1
[2021-05-23 21:35:39.714] kaduh (as Erika Miller at 138,149,1) in tgui-window-1
 - Using: /datum/orbit_menu [0x2104021e]
 - Action: orbit {"ref":"[mob_845]"}
[2021-05-23 21:35:40.820] kaduh (as Erika Miller at 138,149,1) in tgui-window-1
 - Using: /datum/orbit_menu [0x2104021e]
 - Action: orbit {"ref":"[mob_571]"}
[2021-05-23 21:35:41.922] kaduh (as Erika Miller at 180,247,1) in tgui-window-1
 - Using: /datum/orbit_menu [0x2104021e]
 - Action: orbit {"ref":"[mob_855]"}
[2021-05-23 21:35:45.750] kaduh in tgui-window-1/close (suspending)
[2021-05-23 21:35:45.750] kaduh in tgui-window-1/close (suspending)
[2021-05-23 21:35:50.915] gabrieldoombr (as Unknown at 76,37,3)
 - Using: /datum/component/personal_crafting [0x2104018b]
 - new PersonalCrafting fancy 1
[2021-05-23 21:35:53.557] gabrieldoombr (as Unknown at 76,37,3) in tgui-window-1
 - Using: /datum/component/personal_crafting [0x2104018b]
 - Action: set_category {"category":"Clothing","subcategory":"Belts"}
[2021-05-23 21:35:54.549] gabrieldoombr (as Unknown at 76,37,3) in tgui-window-1
 - Using: /datum/component/personal_crafting [0x2104018b]
 - Action: make {"recipe":"[0x210011c5]"}
[2021-05-23 21:35:55.244] gabrieldoombr in tgui-window-1/close (suspending)
[2021-05-23 21:35:55.244] gabrieldoombr in tgui-window-1/close (suspending)
[2021-05-23 21:35:56.762] baeiou (as Mothership Chi Scientist at 194,230,1)
 - Using: /obj/machinery/abductor/console [0x2001a16]
 - new AbductorConsole fancy 1
[2021-05-23 21:36:26.466] baeiou in tgui-window-1/close (suspending)
[2021-05-23 21:36:26.466] baeiou in tgui-window-1/close (suspending)
[2021-05-23 21:36:40.807] kaduh (as Erika Miller at 138,171,1)
 - Using: /datum/orbit_menu [0x2104021e]
 - new Orbit fancy 1
[2021-05-23 21:36:42.658] kaduh (as Erika Miller at 138,171,1) in tgui-window-1
 - Using: /datum/orbit_menu [0x2104021e]
 - Action: orbit {"ref":"[mob_849]"}
[2021-05-23 21:36:52.096] kaduh (as Erika Miller at 75,42,2) in tgui-window-1
 - Using: /datum/orbit_menu [0x2104021e]
 - Action: orbit {"ref":"[mob_828]"}
[2021-05-23 21:36:53.848] kaduh (as Erika Miller at 170,220,2) in tgui-window-1
 - Using: /datum/orbit_menu [0x2104021e]
 - Action: orbit {"ref":"[mob_837]"}
[2021-05-23 21:36:55.740] kaduh (as Erika Miller at 154,236,2) in tgui-window-1
 - Using: /datum/orbit_menu [0x2104021e]
 - Action: orbit {"ref":"[mob_828]"}
[2021-05-23 21:36:58.197] kaduh (as Erika Miller at 169,211,2) in tgui-window-1
 - Using: /datum/orbit_menu [0x2104021e]
 - Action: orbit {"ref":"[mob_841]"}
[2021-05-23 21:37:00.109] kaduh (as Erika Miller at 204,60,2) in tgui-window-1
 - Using: /datum/orbit_menu [0x2104021e]
 - Action: orbit {"ref":"[mob_828]"}
[2021-05-23 21:37:02.436] kaduh (as Erika Miller at 169,201,2) in tgui-window-1
 - Using: /datum/orbit_menu [0x2104021e]
 - Action: orbit {"ref":"[mob_571]"}
[2021-05-23 21:37:03.352] kaduh (as Erika Miller at 180,247,1) in tgui-window-1
 - Using: /datum/orbit_menu [0x2104021e]
 - Action: orbit {"ref":"[mob_855]"}
[2021-05-23 21:37:04.216] kaduh (as Erika Miller at 180,247,1) in tgui-window-1
 - Using: /datum/orbit_menu [0x2104021e]
 - Action: orbit {"ref":"[mob_2]"}
[2021-05-23 21:37:04.671] kaduh (as Erika Miller at 134,149,1) in tgui-window-1
 - Using: /datum/orbit_menu [0x2104021e]
 - Action: orbit {"ref":"[mob_564]"}
[2021-05-23 21:37:05.380] kaduh (as Erika Miller at 79,75,1) in tgui-window-1
 - Using: /datum/orbit_menu [0x2104021e]
 - Action: orbit {"ref":"[mob_565]"}
[2021-05-23 21:37:05.875] kaduh (as Erika Miller at 80,75,1) in tgui-window-1
 - Using: /datum/orbit_menu [0x2104021e]
 - Action: orbit {"ref":"[mob_3]"}
[2021-05-23 21:37:06.347] kaduh (as Erika Miller at 68,196,1) in tgui-window-1
 - Using: /datum/orbit_menu [0x2104021e]
 - Action: orbit {"ref":"[mob_1]"}
[2021-05-23 21:37:07.569] kaduh (as Erika Miller at 138,144,1) in tgui-window-1
 - Using: /datum/orbit_menu [0x2104021e]
 - Action: orbit {"ref":"[0x2001455]"}
[2021-05-23 21:37:08.546] kaduh (as Erika Miller at 151,189,1) in tgui-window-1
 - Using: /datum/orbit_menu [0x2104021e]
 - Action: orbit {"ref":"[0x2001466]"}
[2021-05-23 21:37:09.116] kaduh (as Erika Miller at 249,189,1) in tgui-window-1
 - Using: /datum/orbit_menu [0x2104021e]
 - Action: orbit {"ref":"[0x2011e7e]"}
[2021-05-23 21:37:10.492] kaduh (as Erika Miller at 105,173,1) in tgui-window-1
 - Using: /datum/orbit_menu [0x2104021e]
 - Action: orbit {"ref":"[0x2001bd0]"}
[2021-05-23 21:37:25.890] kaduh (as Erika Miller at 73,238,1) in tgui-window-1
 - Using: /datum/orbit_menu [0x2104021e]
 - Action: orbit {"ref":"[mob_864]"}
[2021-05-23 21:37:27.959] kaduh in tgui-window-1/close (suspending)
[2021-05-23 21:37:27.959] kaduh in tgui-window-1/close (suspending)
[2021-05-23 21:38:00.076] goldencatc (as Arturo Romero at 172,180,2)
 - Using: /obj/machinery/vending/coffee [0x2004e9b]
 - new Vending fancy 1
[2021-05-23 21:38:02.818] goldencatc in tgui-window-1/close (suspending)
[2021-05-23 21:38:02.818] goldencatc in tgui-window-1/close (suspending)
[2021-05-23 21:38:44.276] kaduh (as Erika Miller at 237,230,1)
 - Using: /datum/orbit_menu [0x2104021e]
 - new Orbit fancy 1
[2021-05-23 21:38:45.949] kaduh in tgui-window-1/close (suspending)
[2021-05-23 21:38:45.949] kaduh in tgui-window-1/close (suspending)
[2021-05-23 21:38:57.177] kaduh (as Erika Miller at 237,230,1)
 - Using: /datum/orbit_menu [0x2104021e]
 - new Orbit fancy 1
[2021-05-23 21:38:59.283] kaduh (as Erika Miller at 237,230,1) in tgui-window-1
 - Using: /datum/orbit_menu [0x2104021e]
 - Action: orbit {"ref":"[mob_828]"}
[2021-05-23 21:39:01.266] kaduh (as Erika Miller at 169,210,2) in tgui-window-1
 - Using: /datum/orbit_menu [0x2104021e]
 - Action: orbit {"ref":"[mob_837]"}
[2021-05-23 21:39:03.171] kaduh in tgui-window-1/close (suspending)
[2021-05-23 21:39:03.171] kaduh in tgui-window-1/close (suspending)
[2021-05-23 21:41:05.024] yurivel in browseroutput/initialize
[2021-05-23 21:41:44.585] zero9e1 in browseroutput/initialize
[2021-05-23 21:42:04.366] baeiou (as Mothership Chi Scientist at 196,227,1)
 - Using: /datum/component/personal_crafting [0x21040182]
 - new PersonalCrafting fancy 1
[2021-05-23 21:42:07.662] baeiou (as Mothership Chi Scientist at 196,227,1) in tgui-window-1
 - Using: /datum/component/personal_crafting [0x21040182]
 - Action: set_category {"category":"Crafting","subcategory":"Forging & Smithing"}
[2021-05-23 21:42:08.088] baeiou (as Mothership Chi Scientist at 196,227,1) in tgui-window-1
 - Using: /datum/component/personal_crafting [0x21040182]
 - Action: set_category {"category":"Crafting","subcategory":"Scavenging & Tinkering"}
[2021-05-23 21:42:09.270] baeiou (as Mothership Chi Scientist at 196,227,1) in tgui-window-1
 - Using: /datum/component/personal_crafting [0x21040182]
 - Action: set_category {"category":"Crafting","subcategory":"Tools & Workbench"}
[2021-05-23 21:42:10.313] baeiou (as Mothership Chi Scientist at 196,227,1) in tgui-window-1
 - Using: /datum/component/personal_crafting [0x21040182]
 - Action: set_category {"category":"Misc","subcategory":"Farming"}
[2021-05-23 21:42:10.879] baeiou (as Mothership Chi Scientist at 196,227,1) in tgui-window-1
 - Using: /datum/component/personal_crafting [0x21040182]
 - Action: set_category {"category":"Crafting","subcategory":"Tools & Workbench"}
[2021-05-23 21:42:11.455] baeiou in tgui-window-1/close (suspending)
[2021-05-23 21:42:11.455] baeiou in tgui-window-1/close (suspending)
[2021-05-23 21:42:11.822] zero9e1 in browseroutput/initialize
[2021-05-23 21:42:19.262] baeiou (as Mothership Chi Scientist at 196,227,1)
 - Using: /datum/component/personal_crafting [0x21040182]
 - new PersonalCrafting fancy 1
[2021-05-23 21:42:21.825] baeiou (as Mothership Chi Scientist at 196,227,1) in tgui-window-1
 - Using: /datum/component/personal_crafting [0x21040182]
 - Action: set_category {"category":"Crafting","subcategory":"Forging & Smithing"}
[2021-05-23 21:42:22.257] baeiou (as Mothership Chi Scientist at 196,227,1) in tgui-window-1
 - Using: /datum/component/personal_crafting [0x21040182]
 - Action: set_category {"category":"Crafting","subcategory":"Scavenging & Tinkering"}
[2021-05-23 21:42:22.717] baeiou (as Mothership Chi Scientist at 196,227,1) in tgui-window-1
 - Using: /datum/component/personal_crafting [0x21040182]
 - Action: set_category {"category":"Crafting","subcategory":"Tools & Workbench"}
[2021-05-23 21:42:23.530] baeiou (as Mothership Chi Scientist at 196,227,1) in tgui-window-1
 - Using: /datum/component/personal_crafting [0x21040182]
 - Action: set_category {"category":"Misc","subcategory":"Farming"}
[2021-05-23 21:42:24.289] baeiou (as Mothership Chi Scientist at 196,227,1) in tgui-window-1
 - Using: /datum/component/personal_crafting [0x21040182]
 - Action: set_category {"category":"Misc","subcategory":"Miscellaneous"}
[2021-05-23 21:42:24.703] baeiou (as Mothership Chi Scientist at 196,227,1) in tgui-window-1
 - Using: /datum/component/personal_crafting [0x21040182]
 - Action: set_category {"category":"Misc","subcategory":"Burial & Execution"}
[2021-05-23 21:42:28.162] baeiou (as Mothership Chi Scientist at 196,227,1) in tgui-window-1
 - Using: /datum/component/personal_crafting [0x21040182]
 - Action: set_category {"category":"Tribal"}
[2021-05-23 21:42:28.481] baeiou (as Mothership Chi Scientist at 196,227,1) in tgui-window-1
 - Using: /datum/component/personal_crafting [0x21040182]
 - Action: set_category {"category":"Foods","subcategory":"Food Bread"}
[2021-05-23 21:42:28.921] baeiou (as Mothership Chi Scientist at 196,227,1) in tgui-window-1
 - Using: /datum/component/personal_crafting [0x21040182]
 - Action: set_category {"category":"Medical"}
[2021-05-23 21:42:29.565] baeiou (as Mothership Chi Scientist at 196,227,1) in tgui-window-1
 - Using: /datum/component/personal_crafting [0x21040182]
 - Action: set_category {"category":"Tribal"}
[2021-05-23 21:42:34.549] baeiou in tgui-window-1/close (suspending)
[2021-05-23 21:42:34.550] baeiou in tgui-window-1/close (suspending)
[2021-05-23 21:43:08.941] baeiou (as Mothership Chi Scientist at 194,227,1)
 - Using: /obj/machinery/abductor/gland_dispenser [0x2001953]
 - new GlandDispenser fancy 1
[2021-05-23 21:43:10.528] baeiou (as Mothership Chi Scientist at 194,227,1) in tgui-window-1
 - Using: /obj/machinery/abductor/gland_dispenser [0x2001953]
 - Action: dispense {"gland_id":1}
[2021-05-23 21:43:13.770] baeiou (as Mothership Chi Scientist at 194,227,1) in tgui-window-1
 - Using: /obj/machinery/abductor/gland_dispenser [0x2001953]
 - Action: dispense {"gland_id":14}
[2021-05-23 21:43:16.390] baeiou (as Mothership Chi Scientist at 194,227,1) in tgui-window-1
 - Using: /obj/machinery/abductor/gland_dispenser [0x2001953]
 - Action: dispense {"gland_id":13}
[2021-05-23 21:43:21.396] baeiou (as Mothership Chi Scientist at 194,227,1) in tgui-window-1
 - Using: /obj/machinery/abductor/gland_dispenser [0x2001953]
 - Action: dispense {"gland_id":15}
[2021-05-23 21:43:24.855] baeiou (as Mothership Chi Scientist at 194,227,1) in tgui-window-1
 - Using: /obj/machinery/abductor/gland_dispenser [0x2001953]
 - Action: dispense {"gland_id":12}
[2021-05-23 21:43:28.110] brunoasbahr in browseroutput/initialize
[2021-05-23 21:43:31.129] baeiou (as Mothership Chi Scientist at 194,227,1) in tgui-window-1
 - Using: /obj/machinery/abductor/gland_dispenser [0x2001953]
 - Action: dispense {"gland_id":11}
[2021-05-23 21:43:34.557] baeiou in tgui-window-1/close (suspending)
[2021-05-23 21:43:34.558] baeiou in tgui-window-1/close (suspending)
[2021-05-23 21:44:58.254] baeiou (as Mothership Chi Scientist at 194,229,1)
 - Using: /obj/machinery/abductor/experiment [0x2001a15]
 - new ProbingConsole fancy 1
[2021-05-23 21:44:59.957] baeiou (as Mothership Chi Scientist at 194,229,1) in tgui-window-1
 - Using: /obj/machinery/abductor/experiment [0x2001a15]
 - Action: door {}
[2021-05-23 21:45:00.505] baeiou in tgui-window-1/close (suspending)
[2021-05-23 21:45:00.505] baeiou in tgui-window-1/close (suspending)
[2021-05-23 21:45:38.978] baeiou (as Mothership Chi Scientist at 194,227,1)
 - Using: /obj/machinery/abductor/gland_dispenser [0x2001953]
 - new GlandDispenser fancy 1
[2021-05-23 21:45:40.064] baeiou (as Mothership Chi Scientist at 194,227,1) in tgui-window-1
 - Using: /obj/machinery/abductor/gland_dispenser [0x2001953]
 - Action: dispense {"gland_id":1}
[2021-05-23 21:45:46.347] baeiou in tgui-window-1/close (suspending)
[2021-05-23 21:45:46.347] baeiou in tgui-window-1/close (suspending)
[2021-05-23 21:46:13.520] gabrieldoombr (as Unknown at 70,37,3)
 - Using: /datum/component/personal_crafting [0x2104018b]
 - new PersonalCrafting fancy 1
[2021-05-23 21:46:18.778] gabrieldoombr (as Unknown at 70,37,3) in tgui-window-1
 - Using: /datum/component/personal_crafting [0x2104018b]
 - Action: set_category {"category":"Clothing","subcategory":"Belts"}
[2021-05-23 21:46:20.081] gabrieldoombr (as Unknown at 70,37,3) in tgui-window-1
 - Using: /datum/component/personal_crafting [0x2104018b]
 - Action: make {"recipe":"[0x210011c5]"}
[2021-05-23 21:46:22.356] gabrieldoombr in tgui-window-1/close (suspending)
[2021-05-23 21:46:22.356] gabrieldoombr in tgui-window-1/close (suspending)
[2021-05-23 21:46:29.205] gabrieldoombr (as Unknown at 76,37,3)
 - Using: /datum/component/personal_crafting [0x2104018b]
 - new PersonalCrafting fancy 1
[2021-05-23 21:46:31.529] gabrieldoombr (as Unknown at 76,37,3) in tgui-window-1
 - Using: /datum/component/personal_crafting [0x2104018b]
 - Action: set_category {"category":"Clothing","subcategory":"Belts"}
[2021-05-23 21:46:32.205] gabrieldoombr (as Unknown at 76,37,3) in tgui-window-1
 - Using: /datum/component/personal_crafting [0x2104018b]
 - Action: make {"recipe":"[0x210011c5]"}
[2021-05-23 21:46:32.694] gabrieldoombr in tgui-window-1/close (suspending)
[2021-05-23 21:46:32.694] gabrieldoombr in tgui-window-1/close (suspending)
[2021-05-23 21:46:43.918] baeiou (as Mothership Chi Scientist at 194,229,1)
 - Using: /obj/machinery/abductor/experiment [0x2001a15]
 - new ProbingConsole fancy 1
[2021-05-23 21:46:45.390] baeiou (as Mothership Chi Scientist at 194,229,1) in tgui-window-1
 - Using: /obj/machinery/abductor/experiment [0x2001a15]
 - Action: experiment {"experiment_type":1}
[2021-05-23 21:46:48.276] baeiou in tgui-window-1/close (suspending)
[2021-05-23 21:46:48.276] baeiou in tgui-window-1/close (suspending)
[2021-05-23 21:47:21.120] xandimasculu in browseroutput/initialize
[2021-05-23 21:47:34.250] gabrieldoombr (as Unknown at 76,37,3)
 - Using: /datum/component/personal_crafting [0x2104018b]
 - new PersonalCrafting fancy 1
[2021-05-23 21:47:35.937] baeiou (as Mothership Chi Scientist at 195,229,1)
 - Using: /obj/machinery/abductor/console [0x2001a16]
 - new AbductorConsole fancy 1
[2021-05-23 21:47:36.474] gabrieldoombr (as Unknown at 76,37,3) in tgui-window-1
 - Using: /datum/component/personal_crafting [0x2104018b]
 - Action: set_category {"category":"Clothing","subcategory":"Armor"}
[2021-05-23 21:47:37.249] gabrieldoombr (as Unknown at 76,37,3) in tgui-window-1
 - Using: /datum/component/personal_crafting [0x2104018b]
 - Action: set_category {"category":"Clothing","subcategory":"Belts"}
[2021-05-23 21:47:38.446] gabrieldoombr (as Unknown at 76,37,3) in tgui-window-1
 - Using: /datum/component/personal_crafting [0x2104018b]
 - Action: make {"recipe":"[0x210011c5]"}
[2021-05-23 21:47:39.725] gabrieldoombr in tgui-window-1/close (suspending)
[2021-05-23 21:47:39.726] gabrieldoombr in tgui-window-1/close (suspending)
[2021-05-23 21:47:40.030] baeiou in tgui-window-1/close (suspending)
[2021-05-23 21:47:40.031] baeiou in tgui-window-1/close (suspending)
[2021-05-23 21:47:41.576] zero9e1 (as Clement Milne at 148,195,2)
 - Using: /obj/machinery/vending/autodrobe [0x200463f]
 - new Vending fancy 1
[2021-05-23 21:47:41.576] zero9e1 in tgui-window-1/initialize
 - Using: /obj/machinery/vending/autodrobe [0x200463f]
[2021-05-23 21:47:43.615] baeiou (as Mothership Chi Scientist at 196,230,1)
 - Using: /obj/machinery/abductor/console [0x2001a16]
 - new AbductorConsole fancy 1
[2021-05-23 21:47:46.941] baeiou (as Mothership Chi Scientist at 196,230,1) in tgui-window-1
 - Using: /obj/machinery/abductor/console [0x2001a16]
 - Action: teleporter_send {}
[2021-05-23 21:47:46.943] baeiou in tgui-window-1/close (suspending)
[2021-05-23 21:47:46.944] baeiou (as Mothership Chi Scientist at 228,242,3)
 - Using: /obj/machinery/abductor/console [0x2001a16]
 - new AbductorConsole fancy 1
[2021-05-23 21:48:03.130] zero9e1 (as Clement Milne at 148,195,2) in tgui-window-1
 - Using: /obj/machinery/vending/autodrobe [0x200463f]
 - Action: vend {"ref":"[0x2100a89f]"}
[2021-05-23 21:48:04.380] zero9e1 in tgui-window-1/close (suspending)
[2021-05-23 21:48:04.380] zero9e1 in tgui-window-1/close (suspending)
[2021-05-23 21:48:16.596] baeiou (as Mothership Chi Scientist at 196,229,1)
 - Using: /obj/machinery/abductor/console [0x2001a16]
 - new AbductorConsole fancy 1
[2021-05-23 21:48:24.243] baeiou in tgui-window-1/close (suspending)
[2021-05-23 21:48:24.243] baeiou in tgui-window-1/close (suspending)
[2021-05-23 21:48:40.577] baeiou (as Mothership Chi Scientist at 195,229,1)
 - Using: /obj/machinery/abductor/console [0x2001a16]
 - new AbductorConsole fancy 1
[2021-05-23 21:48:52.498] baeiou in tgui-window-1/close (suspending)
[2021-05-23 21:48:52.498] baeiou in tgui-window-1/close (suspending)
[2021-05-23 21:48:53.745] baeiou (as Mothership Chi Scientist at 195,229,1)
 - Using: /obj/machinery/abductor/console [0x2001a16]
 - new AbductorConsole fancy 1
[2021-05-23 21:49:06.454] goldencatc (as Arturo Romero at 175,209,2)
 - Using: /datum/component/personal_crafting [0x2103e5c8]
 - new PersonalCrafting fancy 1
[2021-05-23 21:49:14.505] goldencatc (as Arturo Romero at 175,209,2) in tgui-window-1
 - Using: /datum/component/personal_crafting [0x2103e5c8]
 - Action: set_category {"category":"Tribal"}
[2021-05-23 21:49:15.601] kaduh (as Erika Miller at 160,246,2)
 - Using: /obj/machinery/vending/hydroseeds [0x2004a89]
 - new Vending fancy 1
[2021-05-23 21:49:16.798] goldencatc (as Arturo Romero at 175,209,2) in tgui-window-1
 - Using: /datum/component/personal_crafting [0x2103e5c8]
 - Action: make {"recipe":"[0x21001227]"}
[2021-05-23 21:49:19.114] baeiou (as Mothership Chi Scientist at 195,229,1) in tgui-window-1
 - Using: /obj/machinery/abductor/console [0x2001a16]
 - Action: buy {"name":"Agent Helmet"}
[2021-05-23 21:49:21.244] kaduh in tgui-window-1/close (suspending)
[2021-05-23 21:49:21.244] kaduh in tgui-window-1/close (suspending)
[2021-05-23 21:49:22.411] baeiou (as Unknown at 195,229,1) in tgui-window-1
 - Using: /obj/machinery/abductor/console [0x2001a16]
 - Action: buy {"name":"Agent Vest"}
[2021-05-23 21:49:28.981] baeiou (as Unknown at 195,229,1) in tgui-window-1
 - Using: /obj/machinery/abductor/console [0x2001a16]
 - Action: buy {"name":"Radio Silencer"}
[2021-05-23 21:49:29.672] baeiou (as Unknown at 195,229,1) in tgui-window-1
 - Using: /obj/machinery/abductor/console [0x2001a16]
 - Action: buy {"name":"Science Tool"}
[2021-05-23 21:49:32.152] goldencatc (as Arturo Romero at 176,209,2) in tgui-window-1
 - Using: /datum/component/personal_crafting [0x2103e5c8]
 - Action: set_category {"category":"Crafting","subcategory":"Electronics & Robots"}
[2021-05-23 21:49:32.460] baeiou (as Unknown at 195,229,1) in tgui-window-1
 - Using: /obj/machinery/abductor/console [0x2001a16]
 - Action: buy {"name":"Advanced Baton"}
[2021-05-23 21:49:33.077] zero9e1 (as Clement Milne at 148,194,2)
 - Using: /obj/machinery/vending/autodrobe [0x200463f]
 - new Vending fancy 1
[2021-05-23 21:49:38.100] zero9e1 (as Clement Milne at 148,194,2) in tgui-window-1
 - Using: /obj/machinery/vending/autodrobe [0x200463f]
 - Action: vend {"ref":"[0x2100a83e]"}
[2021-05-23 21:49:43.759] zero9e1 (as Clement Milne at 148,194,2) in tgui-window-1
 - Using: /obj/machinery/vending/autodrobe [0x200463f]
 - Action: vend {"ref":"[0x2100a8a1]"}
[2021-05-23 21:49:46.697] italos in browseroutput/initialize
[2021-05-23 21:49:48.080] zero9e1 in tgui-window-1/close (suspending)
[2021-05-23 21:49:48.081] zero9e1 in tgui-window-1/close (suspending)
[2021-05-23 21:49:49.325] baeiou (as Unknown at 195,229,1) in tgui-window-1
 - Using: /obj/machinery/abductor/console [0x2001a16]
 - Action: buy {"name":"Mental Interface Device"}
[2021-05-23 21:49:50.445] brunoasbahr (as Montagne Jorshall at 105,42,3)
 - Using: /obj/machinery/vending/medical [0x200709c]
 - new Vending fancy 1
[2021-05-23 21:49:50.445] brunoasbahr in tgui-window-1/initialize
 - Using: /obj/machinery/vending/medical [0x200709c]
[2021-05-23 21:49:52.408] goldencatc (as Arturo Romero at 176,209,2) in tgui-window-1
 - Using: /datum/component/personal_crafting [0x2103e5c8]
 - Action: set_category {"category":"Foods","subcategory":"Food Pastries"}
[2021-05-23 21:49:53.325] brunoasbahr in tgui-window-1/close (suspending)
[2021-05-23 21:49:53.325] brunoasbahr in tgui-window-1/close (suspending)
[2021-05-23 21:49:56.389] goldencatc (as Arturo Romero at 176,209,2) in tgui-window-1
 - Using: /datum/component/personal_crafting [0x2103e5c8]
 - Action: set_category {"category":"Foods","subcategory":"Food Frozen"}
[2021-05-23 21:49:58.651] goldencatc (as Arturo Romero at 176,209,2) in tgui-window-1
 - Using: /datum/component/personal_crafting [0x2103e5c8]
 - Action: set_category {"category":"Misc","subcategory":"Bottling"}
[2021-05-23 21:50:01.152] goldencatc (as Arturo Romero at 176,209,2) in tgui-window-1
 - Using: /datum/component/personal_crafting [0x2103e5c8]
 - Action: set_category {"category":"Tribal"}
[2021-05-23 21:50:03.114] baeiou (as Unknown at 195,229,1) in tgui-window-1
 - Using: /obj/machinery/abductor/console [0x2001a16]
 - Action: buy {"name":"Shrink Ray Blaster"}
[2021-05-23 21:50:04.655] brunoasbahr (as Montagne Jorshall at 105,39,3)
 - Using: /obj/machinery/vending/wardrobe/medi_wardrobe [0x200709f]
 - new Vending fancy 1
[2021-05-23 21:50:05.516] zero9e1 (as Clement Milne at 148,194,2)
 - Using: /obj/machinery/vending/autodrobe [0x200463f]
 - new Vending fancy 1
[2021-05-23 21:50:06.001] baeiou in tgui-window-1/close (suspending)
[2021-05-23 21:50:06.001] baeiou in tgui-window-1/close (suspending)
[2021-05-23 21:50:10.229] zero9e1 (as Clement Milne at 148,194,2) in tgui-window-1
 - Using: /obj/machinery/vending/autodrobe [0x200463f]
 - Action: vend {"ref":"[0x2100a82d]"}
[2021-05-23 21:50:11.087] zero9e1 in tgui-window-1/close (suspending)
[2021-05-23 21:50:11.088] zero9e1 in tgui-window-1/close (suspending)
[2021-05-23 21:50:21.851] brunoasbahr in tgui-window-1/close (suspending)
[2021-05-23 21:50:21.851] brunoasbahr in tgui-window-1/close (suspending)
[2021-05-23 21:50:30.377] brunoasbahr (as Montagne Jorshall at 105,41,3)
 - Using: /obj/machinery/vending/wardrobe/science_wardrobe [0x200709e]
 - new Vending fancy 1
[2021-05-23 21:50:35.245] brunoasbahr in tgui-window-1/close (suspending)
[2021-05-23 21:50:35.245] brunoasbahr in tgui-window-1/close (suspending)
[2021-05-23 21:50:53.619] brunoasbahr (as Montagne Jorshall at 101,54,3)
 - Using: /datum/orbit_menu [0x21008f0d]
 - new Orbit fancy 1
[2021-05-23 21:50:55.633] brunoasbahr (as Montagne Jorshall at 103,57,3) in tgui-window-1
 - Using: /datum/orbit_menu [0x21008f0d]
 - Action: orbit {"ref":"[mob_864]"}
[2021-05-23 21:50:57.030] brunoasbahr (as Montagne Jorshall at 196,227,1) in tgui-window-1
 - Using: /datum/orbit_menu [0x21008f0d]
 - Action: orbit {"ref":"[mob_870]"}
[2021-05-23 21:50:58.196] brunoasbahr (as Montagne Jorshall at 27,200,2) in tgui-window-1
 - Using: /datum/orbit_menu [0x21008f0d]
 - Action: orbit {"ref":"[mob_837]"}
[2021-05-23 21:51:04.750] brunoasbahr (as Montagne Jorshall at 143,232,2) in tgui-window-1
 - Using: /datum/orbit_menu [0x21008f0d]
 - Action: orbit {"ref":"[mob_841]"}
[2021-05-23 21:51:12.966] brunoasbahr (as Montagne Jorshall at 211,48,2) in tgui-window-1
 - Using: /datum/orbit_menu [0x21008f0d]
 - Action: orbit {"ref":"[mob_849]"}
[2021-05-23 21:51:21.349] xxlucaswesleyxx in browseroutput/initialize
[2021-05-23 21:51:29.880] brunoasbahr (as Montagne Jorshall at 83,57,2) in tgui-window-1
 - Using: /datum/orbit_menu [0x21008f0d]
 - Action: orbit {"ref":"[mob_571]"}
[2021-05-23 21:51:31.182] brunoasbahr (as Montagne Jorshall at 180,247,1) in tgui-window-1
 - Using: /datum/orbit_menu [0x21008f0d]
 - Action: orbit {"ref":"[mob_879]"}
[2021-05-23 21:51:31.763] brunoasbahr (as Montagne Jorshall at 180,247,1) in tgui-window-1
 - Using: /datum/orbit_menu [0x21008f0d]
 - Action: orbit {"ref":"[mob_879]"}
[2021-05-23 21:51:32.286] brunoasbahr (as Montagne Jorshall at 180,247,1) in tgui-window-1
 - Using: /datum/orbit_menu [0x21008f0d]
 - Action: orbit {"ref":"[mob_874]"}
[2021-05-23 21:51:34.062] brunoasbahr (as Montagne Jorshall at 180,247,1) in tgui-window-1
 - Using: /datum/orbit_menu [0x21008f0d]
 - Action: orbit {"ref":"[mob_837]"}
[2021-05-23 21:51:38.808] brunoasbahr (as Montagne Jorshall at 142,233,2) in tgui-window-1
 - Using: /datum/orbit_menu [0x21008f0d]
 - Action: orbit {"ref":"[mob_828]"}
[2021-05-23 21:51:49.374] brunoasbahr (as Montagne Jorshall at 175,207,2)
 - Using: /obj/machinery/door/airlock/command [0x204aa02]
 - new AiAirlock fancy 1
[2021-05-23 21:51:49.375] brunoasbahr in tgui-window-2/initialize
 - Using: /obj/machinery/door/airlock/command [0x204aa02]
[2021-05-23 21:51:52.664] brunoasbahr in tgui-window-2/close (suspending)
[2021-05-23 21:51:52.664] brunoasbahr in tgui-window-2/close (suspending)
[2021-05-23 21:51:55.238] brunoasbahr in tgui-window-1/close (suspending)
[2021-05-23 21:51:55.238] brunoasbahr in tgui-window-1/close (suspending)
[2021-05-23 21:52:00.120] kaduh (as Erika Miller at 201,175,2)
 - Using: /datum/orbit_menu [0x2104021e]
 - new Orbit fancy 1
[2021-05-23 21:52:05.293] kaduh (as Erika Miller at 201,175,2) in tgui-window-1
 - Using: /datum/orbit_menu [0x2104021e]
 - Action: orbit {"ref":"[mob_849]"}
[2021-05-23 21:53:00.207] kaduh (as Erika Miller at 79,100,2) in tgui-window-1
 - Using: /datum/orbit_menu [0x2104021e]
 - Action: orbit {"ref":"[mob_881]"}
[2021-05-23 21:53:01.326] kaduh (as Erika Miller at 180,247,1) in tgui-window-1
 - Using: /datum/orbit_menu [0x2104021e]
 - Action: orbit {"ref":"[mob_571]"}
[2021-05-23 21:53:02.085] kaduh (as Erika Miller at 180,247,1) in tgui-window-1
 - Using: /datum/orbit_menu [0x2104021e]
 - Action: orbit {"ref":"[mob_879]"}
[2021-05-23 21:53:06.833] kaduh (as Erika Miller at 180,247,1) in tgui-window-1
 - Using: /datum/orbit_menu [0x2104021e]
 - Action: orbit {"ref":"[0x2001455]"}
[2021-05-23 21:53:09.954] kaduh (as Erika Miller at 151,189,1) in tgui-window-1
 - Using: /datum/orbit_menu [0x2104021e]
 - Action: orbit {"ref":"[mob_849]"}
[2021-05-23 21:53:10.802] kaduh (as Erika Miller at 94,140,2) in tgui-window-1
 - Using: /datum/orbit_menu [0x2104021e]
 - Action: orbit {"ref":"[mob_841]"}
[2021-05-23 21:53:11.994] kaduh (as Erika Miller at 223,37,2) in tgui-window-1
 - Using: /datum/orbit_menu [0x2104021e]
 - Action: orbit {"ref":"[mob_870]"}
[2021-05-23 21:53:14.243] kaduh (as Erika Miller at 31,190,2) in tgui-window-1
 - Using: /datum/orbit_menu [0x2104021e]
 - Action: orbit {"ref":"[mob_828]"}
[2021-05-23 21:53:18.917] kaduh in tgui-window-1/close (suspending)
[2021-05-23 21:53:18.917] kaduh in tgui-window-1/close (suspending)
[2021-05-23 21:53:48.545] yurivel (as Yuri E at 244,31,2)
 - Using: /datum/component/personal_crafting [0x2103faf1]
 - new PersonalCrafting fancy 1
[2021-05-23 21:53:48.545] yurivel in tgui-window-1/initialize
 - Using: /datum/component/personal_crafting [0x2103faf1]
[2021-05-23 21:53:58.548] yurivel (as Yuri E at 244,31,2) in tgui-window-1
 - Using: /datum/component/personal_crafting [0x2103faf1]
 - Action: set_category {"category":"Crafting","subcategory":"Forging & Smithing"}
[2021-05-23 21:54:18.685] yurivel (as Yuri E at 244,31,2) in tgui-window-1
 - Using: /datum/component/personal_crafting [0x2103faf1]
 - Action: set_category {"category":"Crafting","subcategory":"Electronics & Robots"}
[2021-05-23 21:54:26.990] yurivel (as Yuri E at 244,31,2) in tgui-window-1
 - Using: /datum/component/personal_crafting [0x2103faf1]
 - Action: set_category {"category":"Crafting","subcategory":"Tools & Workbench"}
[2021-05-23 21:54:27.743] yurivel (as Yuri E at 244,31,2) in tgui-window-1
 - Using: /datum/component/personal_crafting [0x2103faf1]
 - Action: set_category {"category":"Misc","subcategory":"Farming"}
[2021-05-23 21:54:28.855] yurivel (as Yuri E at 244,31,2) in tgui-window-1
 - Using: /datum/component/personal_crafting [0x2103faf1]
 - Action: set_category {"category":"Crafting","subcategory":"Tools & Workbench"}
[2021-05-23 21:54:35.327] baeiou (as Unknown at 195,229,1)
 - Using: /obj/machinery/abductor/console [0x2001a16]
 - new AbductorConsole fancy 1
[2021-05-23 21:54:39.006] baeiou (as Unknown at 195,229,1) in tgui-window-1
 - Using: /obj/machinery/abductor/console [0x2001a16]
 - Action: buy {"name":"Reagent Synthesizer"}
[2021-05-23 21:54:41.151] baeiou in tgui-window-1/close (suspending)
[2021-05-23 21:54:41.152] baeiou in tgui-window-1/close (suspending)
[2021-05-23 21:54:42.663] yurivel (as Yuri E at 244,31,2) in tgui-window-1
 - Using: /datum/component/personal_crafting [0x2103faf1]
 - Action: set_category {"category":"Misc","subcategory":"Burial & Execution"}
[2021-05-23 21:54:47.879] yurivel (as Yuri E at 244,31,2) in tgui-window-1
 - Using: /datum/component/personal_crafting [0x2103faf1]
 - Action: set_category {"category":"Misc","subcategory":"Miscellaneous"}
[2021-05-23 21:54:49.960] yurivel (as Yuri E at 244,31,2) in tgui-window-1
 - Using: /datum/component/personal_crafting [0x2103faf1]
 - Action: set_category {"category":"Misc","subcategory":"Bottling"}
[2021-05-23 21:54:50.594] baeiou (as Unknown at 195,229,1)
 - Using: /obj/machinery/abductor/console [0x2001a16]
 - new AbductorConsole fancy 1
[2021-05-23 21:54:52.818] yurivel (as Yuri E at 244,31,2) in tgui-window-1
 - Using: /datum/component/personal_crafting [0x2103faf1]
 - Action: set_category {"category":"Clothing","subcategory":"General Clothing"}
[2021-05-23 21:54:54.775] yurivel (as Yuri E at 244,31,2) in tgui-window-1
 - Using: /datum/component/personal_crafting [0x2103faf1]
 - Action: set_category {"category":"Clothing","subcategory":"Wasteland Clothing"}
[2021-05-23 21:54:56.567] yurivel (as Yuri E at 244,31,2) in tgui-window-1
 - Using: /datum/component/personal_crafting [0x2103faf1]
 - Action: set_category {"category":"Weaponry","subcategory":"Ranged Weapons"}
[2021-05-23 21:55:00.172] yurivel (as Yuri E at 244,31,2) in tgui-window-1
 - Using: /datum/component/personal_crafting [0x2103faf1]
 - Action: set_category {"category":"Weaponry","subcategory":"Melee Weapons"}
[2021-05-23 21:55:02.161] baeiou in tgui-window-1/close (suspending)
[2021-05-23 21:55:02.161] baeiou in tgui-window-1/close (suspending)
[2021-05-23 21:55:03.253] baeiou (as Unknown at 196,227,1)
 - Using: /obj/machinery/chem_dispenser/abductor [0x204abd6]
 - new ChemDispenser fancy 1
[2021-05-23 21:55:05.387] baeiou in tgui-window-1/close (suspending)
[2021-05-23 21:55:05.388] baeiou in tgui-window-1/close (suspending)
[2021-05-23 21:55:08.327] baeiou (as Unknown at 196,227,1)
 - Using: /obj/machinery/chem_dispenser/abductor [0x204abd6]
 - new ChemDispenser fancy 1
[2021-05-23 21:55:09.715] baeiou in tgui-window-1/close (suspending)
[2021-05-23 21:55:09.715] baeiou in tgui-window-1/close (suspending)
[2021-05-23 21:55:15.868] baeiou (as Unknown at 196,227,1)
 - Using: /obj/machinery/chem_dispenser/abductor [0x204abd6]
 - new ChemDispenser fancy 1
[2021-05-23 21:55:19.719] baeiou (as Unknown at 196,227,1) in tgui-window-1
 - Using: /obj/machinery/chem_dispenser/abductor [0x204abd6]
 - Action: dispense {"reagent":"sulphuricacid"}
[2021-05-23 21:55:21.366] baeiou in tgui-window-1/close (suspending)
[2021-05-23 21:55:21.366] baeiou in tgui-window-1/close (suspending)
[2021-05-23 21:55:42.426] yurivel in tgui-window-1/close (suspending)
[2021-05-23 21:55:42.426] yurivel in tgui-window-1/close (suspending)
[2021-05-23 21:56:37.893] baeiou (as Unknown at 196,226,1)
 - Using: /obj/machinery/chem_dispenser/abductor [0x204abd6]
 - new ChemDispenser fancy 1
[2021-05-23 21:56:40.547] baeiou in tgui-window-1/close (suspending)
[2021-05-23 21:56:40.547] baeiou in tgui-window-1/close (suspending)
[2021-05-23 21:57:09.500] baeiou (as Unknown at 194,229,1)
 - Using: /obj/machinery/abductor/console [0x2001a16]
 - new AbductorConsole fancy 1
[2021-05-23 21:57:13.230] baeiou (as Unknown at 195,229,1) in tgui-window-1
 - Using: /obj/machinery/abductor/console [0x2001a16]
 - Action: flip_vest {}
[2021-05-23 21:57:23.389] baeiou (as Unknown at 196,229,1) in tgui-window-1
 - Using: /obj/machinery/abductor/console [0x2001a16]
 - Action: flip_vest {}
[2021-05-23 21:57:32.625] baeiou (as Unknown at 195,229,1) in tgui-window-1
 - Using: /obj/machinery/abductor/console [0x2001a16]
 - Action: flip_vest {}
[2021-05-23 21:57:33.597] baeiou (as Unknown at 195,229,1) in tgui-window-1
 - Using: /obj/machinery/abductor/console [0x2001a16]
 - Action: flip_vest {}
[2021-05-23 21:57:35.244] baeiou (as Unknown at 195,229,1) in tgui-window-1
 - Using: /obj/machinery/abductor/console [0x2001a16]
 - Action: toggle_vest {}
[2021-05-23 21:57:36.624] gabrieldoombr (as Unknown at 101,231,2)
 - Using: /obj/machinery/computer/shuttle/northbunkerelevator [0x2011f84]
 - new ShuttleConsole fancy 1
[2021-05-23 21:57:37.359] gabrieldoombr (as Unknown at 101,231,2) in tgui-window-1
 - Using: /obj/machinery/computer/shuttle/northbunkerelevator [0x2011f84]
 - Action: move {"shuttle_id":"North_Level_1"}
[2021-05-23 21:57:37.404] gabrieldoombr in tgui-window-1/close (suspending)
[2021-05-23 21:57:37.405] gabrieldoombr (as Unknown at 101,231,2)
 - Using: /obj/machinery/computer/shuttle/northbunkerelevator [0x2011f84]
 - new ShuttleConsole fancy 1
[2021-05-23 21:57:38.398] baeiou (as Unknown at 196,230,1) in tgui-window-1
 - Using: /obj/machinery/abductor/console [0x2001a16]
 - Action: flip_vest {}
[2021-05-23 21:57:38.956] gabrieldoombr (as Unknown at 102,230,2)
 - Using: /obj/machinery/computer/shuttle/northbunkerelevator [0x2003b90]
 - new ShuttleConsole fancy 1
[2021-05-23 21:57:39.487] baeiou (as Unknown at 196,229,1) in tgui-window-1
 - Using: /obj/machinery/abductor/console [0x2001a16]
 - Action: flip_vest {}
[2021-05-23 21:57:39.490] gabrieldoombr (as Unknown at 102,230,2) in tgui-window-1
 - Using: /obj/machinery/computer/shuttle/northbunkerelevator [0x2003b90]
 - Action: move {"shuttle_id":"North_Ground"}
[2021-05-23 21:57:39.993] gabrieldoombr in tgui-window-1/close (suspending)
[2021-05-23 21:57:39.993] gabrieldoombr in tgui-window-1/close (suspending)
[2021-05-23 21:57:41.703] gabrieldoombr (as Unknown at 101,232,2)
 - Using: /obj/machinery/computer/shuttle/northbunkerelevator [0x2011f84]
 - new ShuttleConsole fancy 1
[2021-05-23 21:57:42.365] gabrieldoombr (as Unknown at 101,232,2) in tgui-window-1
 - Using: /obj/machinery/computer/shuttle/northbunkerelevator [0x2011f84]
 - Action: move {"shuttle_id":"North_Level_1"}
[2021-05-23 21:57:43.437] gabrieldoombr (as Unknown at 44,234,4) in tgui-window-1
 - Using: /obj/machinery/computer/shuttle/northbunkerelevator [0x2011f84]
 - Action: move {"shuttle_id":"North_Ground"}
[2021-05-23 21:57:44.256] gabrieldoombr in tgui-window-1/close (suspending)
[2021-05-23 21:57:44.256] gabrieldoombr in tgui-window-1/close (suspending)
[2021-05-23 21:57:44.371] baeiou in tgui-window-1/close (suspending)
[2021-05-23 21:57:44.371] baeiou in tgui-window-1/close (suspending)
[2021-05-23 21:58:48.938] yurivel in browseroutput/initialize
[2021-05-23 21:59:37.694] baeiou (as Unknown at 195,229,1)
 - Using: /obj/machinery/abductor/console [0x2001a16]
 - new AbductorConsole fancy 1
[2021-05-23 21:59:38.857] baeiou (as Unknown at 195,229,1) in tgui-window-1
 - Using: /obj/machinery/abductor/console [0x2001a16]
 - Action: flip_vest {}
[2021-05-23 21:59:48.136] baeiou (as Unknown at 195,229,1)
 - Using: /obj/item/radio/headset/abductor [0x204ab38]
 - new Radio fancy 1
[2021-05-23 21:59:48.136] baeiou in tgui-window-2/initialize
 - Using: /obj/item/radio/headset/abductor [0x204ab38]
[2021-05-23 21:59:49.301] baeiou (as Mothership Chi Scientist at 195,229,1) in tgui-window-2
 - Using: /obj/item/radio/headset/abductor [0x204ab38]
 - Action: channel {"channel":"Engineering"}
[2021-05-23 21:59:49.682] baeiou (as Mothership Chi Scientist at 195,229,1) in tgui-window-2
 - Using: /obj/item/radio/headset/abductor [0x204ab38]
 - Action: channel {"channel":"Science"}
[2021-05-23 21:59:50.034] baeiou (as Mothership Chi Scientist at 195,229,1) in tgui-window-2
 - Using: /obj/item/radio/headset/abductor [0x204ab38]
 - Action: channel {"channel":"Medical"}
[2021-05-23 21:59:51.044] baeiou (as Mothership Chi Scientist at 195,229,1) in tgui-window-2
 - Using: /obj/item/radio/headset/abductor [0x204ab38]
 - Action: channel {"channel":"Supply"}
[2021-05-23 21:59:51.046] baeiou (as Mothership Chi Scientist at 195,229,1) in tgui-window-2
 - Using: /obj/item/radio/headset/abductor [0x204ab38]
 - Action: channel {"channel":"Service"}
[2021-05-23 21:59:52.512] baeiou in tgui-window-2/close (suspending)
[2021-05-23 21:59:52.512] baeiou in tgui-window-2/close (suspending)
[2021-05-23 21:59:55.558] baeiou in tgui-window-1/close (suspending)
[2021-05-23 21:59:55.558] baeiou in tgui-window-1/close (suspending)
[2021-05-23 22:00:41.224] yurivel (as Yuri E at 244,31,2)
 - Using: /datum/component/personal_crafting [0x2103faf1]
 - new PersonalCrafting fancy 1
[2021-05-23 22:00:41.224] yurivel in tgui-window-1/initialize
 - Using: /datum/component/personal_crafting [0x2103faf1]
[2021-05-23 22:00:49.938] yurivel (as Yuri E at 244,31,2) in tgui-window-1
 - Using: /datum/component/personal_crafting [0x2103faf1]
 - Action: set_category {"category":"Clothing","subcategory":"Armor"}
[2021-05-23 22:00:56.822] yurivel (as Yuri E at 244,31,2) in tgui-window-1
 - Using: /datum/component/personal_crafting [0x2103faf1]
 - Action: set_category {"category":"Misc","subcategory":"Burial & Execution"}
[2021-05-23 22:00:58.269] yurivel (as Yuri E at 244,31,2) in tgui-window-1
 - Using: /datum/component/personal_crafting [0x2103faf1]
 - Action: set_category {"category":"Clothing","subcategory":"Wasteland Clothing"}
[2021-05-23 22:00:58.623] brunoasbahr (as Montagne Jorshall at 26,201,2)
 - Using: /datum/orbit_menu [0x21008f0d]
 - new Orbit fancy 1
[2021-05-23 22:01:00.380] brunoasbahr (as Montagne Jorshall at 26,201,2) in tgui-window-1
 - Using: /datum/orbit_menu [0x21008f0d]
 - Action: orbit {"ref":"[mob_841]"}
[2021-05-23 22:01:00.624] yurivel (as Yuri E at 244,31,2) in tgui-window-1
 - Using: /datum/component/personal_crafting [0x2103faf1]
 - Action: set_category {"category":"Clothing","subcategory":"General Clothing"}
[2021-05-23 22:01:01.885] brunoasbahr (as Montagne Jorshall at 244,31,2) in tgui-window-1
 - Using: /datum/orbit_menu [0x21008f0d]
 - Action: orbit {"ref":"[mob_870]"}
[2021-05-23 22:01:02.045] yurivel (as Yuri E at 244,31,2) in tgui-window-1
 - Using: /datum/component/personal_crafting [0x2103faf1]
 - Action: set_category {"category":"Weaponry","subcategory":"Melee Weapons"}
[2021-05-23 22:01:03.291] brunoasbahr (as Montagne Jorshall at 37,222,2) in tgui-window-1
 - Using: /datum/orbit_menu [0x21008f0d]
 - Action: orbit {"ref":"[mob_837]"}
[2021-05-23 22:01:03.949] brunoasbahr (as Montagne Jorshall at 169,209,2) in tgui-window-1
 - Using: /datum/orbit_menu [0x21008f0d]
 - Action: orbit {"ref":"[mob_828]"}
[2021-05-23 22:01:05.552] brunoasbahr in tgui-window-1/close (suspending)
[2021-05-23 22:01:05.552] brunoasbahr in tgui-window-1/close (suspending)
[2021-05-23 22:01:07.622] yurivel in tgui-window-1/close (suspending)
[2021-05-23 22:01:07.623] yurivel in tgui-window-1/close (suspending)
[2021-05-23 22:01:26.827] baeiou (as Unknown at 196,230,1)
 - Using: /obj/machinery/abductor/console [0x2001a16]
 - new AbductorConsole fancy 1
[2021-05-23 22:01:27.003] yurivel (as Yuri E at 244,31,2)
 - Using: /datum/component/personal_crafting [0x2103faf1]
 - new PersonalCrafting fancy 1
[2021-05-23 22:01:28.252] baeiou (as Unknown at 196,230,1) in tgui-window-1
 - Using: /obj/machinery/abductor/console [0x2001a16]
 - Action: flip_vest {}
[2021-05-23 22:01:28.931] baeiou (as Unknown at 196,230,1) in tgui-window-1
 - Using: /obj/machinery/abductor/console [0x2001a16]
 - Action: flip_vest {}
[2021-05-23 22:01:30.489] baeiou in tgui-window-1/close (suspending)
[2021-05-23 22:01:30.490] baeiou in tgui-window-1/close (suspending)
[2021-05-23 22:01:33.996] yurivel (as Yuri E at 244,31,2) in tgui-window-1
 - Using: /datum/component/personal_crafting [0x2103faf1]
 - Action: set_category {"category":"Clothing","subcategory":"Wasteland Clothing"}
[2021-05-23 22:01:35.775] yurivel (as Yuri E at 244,31,2) in tgui-window-1
 - Using: /datum/component/personal_crafting [0x2103faf1]
 - Action: set_category {"category":"Medical"}
[2021-05-23 22:01:36.538] kaduh (as Erika Miller at 37,222,2)
 - Using: /datum/orbit_menu [0x2104021e]
 - new Orbit fancy 1
[2021-05-23 22:01:37.745] yurivel (as Yuri E at 244,31,2) in tgui-window-1
 - Using: /datum/component/personal_crafting [0x2103faf1]
 - Action: set_category {"category":"Weaponry","subcategory":"Ranged Weapons"}
[2021-05-23 22:01:37.748] yurivel (as Yuri E at 244,31,2) in tgui-window-1
 - Using: /datum/component/personal_crafting [0x2103faf1]
 - Action: set_category {"category":"Weaponry","subcategory":"Melee Weapons"}
[2021-05-23 22:01:38.052] kaduh (as Erika Miller at 37,222,2) in tgui-window-1
 - Using: /datum/orbit_menu [0x2104021e]
 - Action: orbit {"ref":"[mob_837]"}
[2021-05-23 22:01:46.979] yurivel (as Yuri E at 244,31,2) in tgui-window-1
 - Using: /datum/component/personal_crafting [0x2103faf1]
 - Action: make {"recipe":"[0x210011ec]"}
[2021-05-23 22:01:49.214] yurivel in tgui-window-1/close (suspending)
[2021-05-23 22:01:49.214] yurivel in tgui-window-1/close (suspending)
[2021-05-23 22:01:52.117] kaduh in tgui-window-1/close (suspending)
[2021-05-23 22:01:52.117] kaduh in tgui-window-1/close (suspending)
[2021-05-23 22:02:44.693] gabrieldoombr in browseroutput/initialize
[2021-05-23 22:03:38.436]  in tgui-window-1/close (suspending)
[2021-05-23 22:04:25.102] yurivel in browseroutput/initialize
[2021-05-23 22:05:08.204] baeiou (as Unknown at 196,227,1)
 - Using: /obj/machinery/chem_dispenser/abductor [0x204abd6]
 - new ChemDispenser fancy 1
[2021-05-23 22:05:10.609] baeiou in tgui-window-1/close (suspending)
[2021-05-23 22:05:10.610] baeiou in tgui-window-1/close (suspending)
[2021-05-23 22:06:49.230] brunoasbahr (as Montagne Jorshall at 36,203,2)
 - Using: /obj/machinery/sleeper [0x2002a62]
 - new Sleeper fancy 1
[2021-05-23 22:06:50.520] brunoasbahr in tgui-window-1/close (suspending)
[2021-05-23 22:06:50.520] brunoasbahr in tgui-window-1/close (suspending)
[2021-05-23 22:06:56.412] brunoasbahr (as Montagne Jorshall at 38,206,2)
 - Using: /obj/machinery/computer/operating [0x2002a5f]
 - new OperatingComputer fancy 1
[2021-05-23 22:07:01.040] brunoasbahr in tgui-window-1/close (suspending)
[2021-05-23 22:07:01.041] brunoasbahr in tgui-window-1/close (suspending)
[2021-05-23 22:07:38.134] baeiou (as Unknown at 195,227,1)
 - Using: /obj/machinery/abductor/gland_dispenser [0x2001953]
 - new GlandDispenser fancy 1
[2021-05-23 22:07:39.636] baeiou in tgui-window-1/close (suspending)
[2021-05-23 22:07:39.636] baeiou in tgui-window-1/close (suspending)
[2021-05-23 22:08:56.821] yurivel in browseroutput/initialize
[2021-05-23 22:09:38.101] baeiou (as Unknown at 194,227,1)
 - Using: /obj/item/paper/guides/antag/abductor [0x2001979]
 - new PaperSheet fancy 1
[2021-05-23 22:09:42.670] baeiou in tgui-window-1/close (suspending)
[2021-05-23 22:09:42.670] baeiou (as Unknown at 195,229,1)
 - Using: /obj/item/paper/guides/antag/abductor [0x2001979]
 - new PaperSheet fancy 1
[2021-05-23 22:09:57.263] baeiou (as Unknown at 194,229,1)
 - Using: /obj/machinery/abductor/console [0x2001a16]
 - new AbductorConsole fancy 1
[2021-05-23 22:09:59.292] baeiou (as Unknown at 195,229,1) in tgui-window-1
 - Using: /obj/machinery/abductor/console [0x2001a16]
 - Action: teleporter_send {}
[2021-05-23 22:10:01.812] baeiou (as Unknown at 196,230,1) in tgui-window-1
 - Using: /obj/machinery/abductor/console [0x2001a16]
 - Action: teleporter_send {}
[2021-05-23 22:10:01.815] baeiou in tgui-window-1/close (suspending)
[2021-05-23 22:10:01.815] baeiou (as Unknown at 228,242,3)
 - Using: /obj/machinery/abductor/console [0x2001a16]
 - new AbductorConsole fancy 1
[2021-05-23 22:10:13.557] kaduh (as Erika Miller at 247,60,2)
 - Using: /datum/orbit_menu [0x2104021e]
 - new Orbit fancy 1
[2021-05-23 22:10:15.700] kaduh (as Erika Miller at 247,60,2) in tgui-window-1
 - Using: /datum/orbit_menu [0x2104021e]
 - Action: orbit {"ref":"[mob_837]"}
[2021-05-23 22:10:17.576] kaduh in tgui-window-1/close (suspending)
[2021-05-23 22:10:17.576] kaduh in tgui-window-1/close (suspending)
[2021-05-23 22:10:41.986] luiz20 (as Luiz Borgos Primeiro at 175,207,2)
 - Using: /datum/orbit_menu [0x21040693]
 - new Orbit fancy 1
[2021-05-23 22:10:44.277] luiz20 (as Luiz Borgos Primeiro at 175,207,2) in tgui-window-1
 - Using: /datum/orbit_menu [0x21040693]
 - Action: orbit {"ref":"[mob_864]"}
[2021-05-23 22:10:45.548] luiz20 in tgui-window-1/close (suspending)
[2021-05-23 22:10:45.549] luiz20 in tgui-window-1/close (suspending)
[2021-05-23 22:11:04.221] luiz20 (as Luiz Borgos Primeiro at 194,229,1)
 - Using: /datum/orbit_menu [0x21040693]
 - new Orbit fancy 1
[2021-05-23 22:11:10.062] luiz20 in tgui-window-1/close (suspending)
[2021-05-23 22:11:10.062] luiz20 in tgui-window-1/close (suspending)
[2021-05-23 22:11:17.536] luiz20 (as Luiz Borgos Primeiro at 233,204,2)
 - Using: /datum/orbit_menu [0x21040693]
 - new Orbit fancy 1
[2021-05-23 22:11:19.486] luiz20 (as Luiz Borgos Primeiro at 230,204,2) in tgui-window-1
 - Using: /datum/orbit_menu [0x21040693]
 - Action: orbit {"ref":"[mob_874]"}
[2021-05-23 22:11:21.596] luiz20 in tgui-window-1/close (suspending)
[2021-05-23 22:11:21.596] luiz20 in tgui-window-1/close (suspending)
[2021-05-23 22:11:23.200] kaduh (as Erika Miller at 224,200,2)
 - Using: /datum/orbit_menu [0x2104021e]
 - new Orbit fancy 1
[2021-05-23 22:11:25.504] kaduh (as Erika Miller at 224,200,2) in tgui-window-1
 - Using: /datum/orbit_menu [0x2104021e]
 - Action: orbit {"ref":"[mob_870]"}
[2021-05-23 22:11:25.914] baeiou (as Unknown at 194,229,1)
 - Using: /obj/machinery/abductor/console [0x2001a16]
 - new AbductorConsole fancy 1
[2021-05-23 22:11:26.179] kaduh (as Erika Miller at 37,222,2) in tgui-window-1
 - Using: /datum/orbit_menu [0x2104021e]
 - Action: orbit {"ref":"[mob_828]"}
[2021-05-23 22:11:26.599] kaduh (as Erika Miller at 175,235,2) in tgui-window-1
 - Using: /datum/orbit_menu [0x2104021e]
 - Action: orbit {"ref":"[mob_864]"}
[2021-05-23 22:11:28.129] kaduh in tgui-window-1/close (suspending)
[2021-05-23 22:11:28.130] kaduh in tgui-window-1/close (suspending)
[2021-05-23 22:11:32.899] baeiou (as Unknown at 196,230,1) in tgui-window-1
 - Using: /obj/machinery/abductor/console [0x2001a16]
 - Action: teleporter_send {}
[2021-05-23 22:11:32.902] baeiou in tgui-window-1/close (suspending)
[2021-05-23 22:11:32.902] baeiou (as Unknown at 228,242,3)
 - Using: /obj/machinery/abductor/console [0x2001a16]
 - new AbductorConsole fancy 1
[2021-05-23 22:11:41.220] luiz20 (as Luiz Borgos Primeiro at 196,56,2)
 - Using: /datum/orbit_menu [0x21040693]
 - new Orbit fancy 1
[2021-05-23 22:11:42.215] luiz20 (as Luiz Borgos Primeiro at 196,56,2) in tgui-window-1
 - Using: /datum/orbit_menu [0x21040693]
 - Action: orbit {"ref":"[mob_864]"}
[2021-05-23 22:11:43.069] luiz20 in tgui-window-1/close (suspending)
[2021-05-23 22:11:43.069] luiz20 in tgui-window-1/close (suspending)
[2021-05-23 22:11:43.201] kaduh (as Erika Miller at 198,229,1)
 - Using: /datum/orbit_menu [0x2104021e]
 - new Orbit fancy 1
[2021-05-23 22:11:44.324] kaduh (as Erika Miller at 198,229,1) in tgui-window-1
 - Using: /datum/orbit_menu [0x2104021e]
 - Action: orbit {"ref":"[mob_864]"}
[2021-05-23 22:11:45.876] kaduh in tgui-window-1/close (suspending)
[2021-05-23 22:11:45.877] kaduh in tgui-window-1/close (suspending)
[2021-05-23 22:12:06.184] luiz20 (as Luiz Borgos Primeiro at 235,200,3)
 - Using: /datum/spawners_menu [0x210409e6]
 - new SpawnersMenu fancy 1
[2021-05-23 22:12:08.135] luiz20 in tgui-window-1/close (suspending)
[2021-05-23 22:12:08.135] luiz20 in tgui-window-1/close (suspending)
[2021-05-23 22:12:44.641] luiz20 (as Luiz Borgos Segundo at 194,156,2)
 - Using: /datum/component/loadout_selector [0x21007ab4]
 - new LoadoutSelect fancy 1
[2021-05-23 22:12:45.688] luiz20 (as Luiz Borgos Segundo at 194,156,2) in tgui-window-1
 - Using: /datum/component/loadout_selector [0x21007ab4]
 - Action: loadout_select {"name":"Painspike"}
[2021-05-23 22:12:47.122] luiz20 (as Luiz Borgos Segundo at 194,156,2) in tgui-window-1
 - Using: /datum/component/loadout_selector [0x21007ab4]
 - Action: loadout_select {"name":"Badlands"}
[2021-05-23 22:12:47.862] luiz20 (as Luiz Borgos Segundo at 194,156,2) in tgui-window-1
 - Using: /datum/component/loadout_selector [0x21007ab4]
 - Action: loadout_select {"name":"Badlands"}
[2021-05-23 22:12:48.069] luiz20 (as Luiz Borgos Segundo at 194,156,2) in tgui-window-1
 - Using: /datum/component/loadout_selector [0x21007ab4]
 - Action: loadout_select {"name":"Badlands"}
[2021-05-23 22:12:49.453] luiz20 (as Luiz Borgos Segundo at 194,156,2) in tgui-window-1
 - Using: /datum/component/loadout_selector [0x21007ab4]
 - Action: loadout_select {"name":"Painspike"}
[2021-05-23 22:12:51.537] luiz20 (as Luiz Borgos Segundo at 194,156,2) in tgui-window-1
 - Using: /datum/component/loadout_selector [0x21007ab4]
 - Action: loadout_select {"name":"Painspike"}
[2021-05-23 22:12:52.109] luiz20 (as Luiz Borgos Segundo at 194,156,2) in tgui-window-1
 - Using: /datum/component/loadout_selector [0x21007ab4]
 - Action: loadout_select {"name":"Sadist"}
[2021-05-23 22:12:52.849] luiz20 (as Luiz Borgos Segundo at 194,156,2) in tgui-window-1
 - Using: /datum/component/loadout_selector [0x21007ab4]
 - Action: loadout_select {"name":"Sadist"}
[2021-05-23 22:13:00.006] luiz20 (as Luiz Borgos Segundo at 194,156,2) in tgui-window-1
 - Using: /datum/component/loadout_selector [0x21007ab4]
 - Action: loadout_confirm {}
[2021-05-23 22:13:00.062] luiz20 in tgui-window-1/close (suspending)
[2021-05-23 22:14:01.676] baeiou (as Unknown at 196,230,1)
 - Using: /obj/machinery/abductor/console [0x2001a16]
 - new AbductorConsole fancy 1
[2021-05-23 22:14:03.606] baeiou (as Unknown at 196,230,1) in tgui-window-1
 - Using: /obj/machinery/abductor/console [0x2001a16]
 - Action: teleporter_send {}
[2021-05-23 22:14:03.609] baeiou in tgui-window-1/close (suspending)
[2021-05-23 22:14:03.609] baeiou (as Unknown at 228,242,3)
 - Using: /obj/machinery/abductor/console [0x2001a16]
 - new AbductorConsole fancy 1
[2021-05-23 22:14:08.332] kaduh (as Erika Miller at 90,132,2)
 - Using: /datum/orbit_menu [0x2104021e]
 - new Orbit fancy 1
[2021-05-23 22:14:11.633] kaduh (as Erika Miller at 93,139,2) in tgui-window-1
 - Using: /datum/orbit_menu [0x2104021e]
 - Action: orbit {"ref":"[mob_864]"}
[2021-05-23 22:14:13.405] kaduh in tgui-window-1/close (suspending)
[2021-05-23 22:14:13.406] kaduh in tgui-window-1/close (suspending)
[2021-05-23 22:14:33.124] kaduh (as Erika Miller at 229,208,3)
 - Using: /datum/orbit_menu [0x2104021e]
 - new Orbit fancy 1
[2021-05-23 22:14:35.050] kaduh (as Erika Miller at 229,208,3) in tgui-window-1
 - Using: /datum/orbit_menu [0x2104021e]
 - Action: orbit {"ref":"[mob_874]"}
[2021-05-23 22:14:36.426] kaduh (as Erika Miller at 210,41,2) in tgui-window-1
 - Using: /datum/orbit_menu [0x2104021e]
 - Action: orbit {"ref":"[mob_845]"}
[2021-05-23 22:14:37.339] kaduh (as Erika Miller at 210,41,2) in tgui-window-1
 - Using: /datum/orbit_menu [0x2104021e]
 - Action: orbit {"ref":"[mob_845]"}
[2021-05-23 22:14:38.561] kaduh (as Erika Miller at 210,38,2) in tgui-window-1
 - Using: /datum/orbit_menu [0x2104021e]
 - Action: orbit {"ref":"[mob_845]"}
[2021-05-23 22:14:45.224] kaduh (as Erika Miller at 210,27,2) in tgui-window-1
 - Using: /datum/orbit_menu [0x2104021e]
 - Action: orbit {"ref":"[mob_845]"}
[2021-05-23 22:14:46.041] kaduh (as Erika Miller at 210,27,2) in tgui-window-1
 - Using: /datum/orbit_menu [0x2104021e]
 - Action: orbit {"ref":"[mob_874]"}
[2021-05-23 22:15:01.289] luiz20 (as Unknown at 203,161,2)
 - Using: /obj/machinery/jukebox [0x2005687]
 - new Jukebox fancy 1
[2021-05-23 22:15:02.701] kaduh in tgui-window-1/close (suspending)
[2021-05-23 22:15:02.701] kaduh in tgui-window-1/close (suspending)
[2021-05-23 22:16:36.974] luiz20 (as Unknown at 165,87,2)
 - Using: /obj/machinery/power/solar_control [0x2004d1f]
 - new SolarControl fancy 1
[2021-05-23 22:16:38.674] luiz20 (as Unknown at 165,87,2) in tgui-window-1
 - Using: /obj/machinery/power/solar_control [0x2004d1f]
 - Action: tracking {"mode":0}
[2021-05-23 22:16:39.993] luiz20 (as Unknown at 165,87,2) in tgui-window-1
 - Using: /obj/machinery/power/solar_control [0x2004d1f]
 - Action: tracking {"mode":0}
[2021-05-23 22:16:40.740] luiz20 (as Unknown at 165,87,2) in tgui-window-1
 - Using: /obj/machinery/power/solar_control [0x2004d1f]
 - Action: refresh {}
[2021-05-23 22:16:42.049] luiz20 (as Unknown at 165,87,2) in tgui-window-1
 - Using: /obj/machinery/power/solar_control [0x2004d1f]
 - Action: tracking {"mode":0}
[2021-05-23 22:16:42.931] luiz20 (as Unknown at 165,87,2) in tgui-window-1
 - Using: /obj/machinery/power/solar_control [0x2004d1f]
 - Action: tracking {"mode":2}
[2021-05-23 22:16:47.225] luiz20 in tgui-window-1/close (suspending)
[2021-05-23 22:16:47.225] luiz20 in tgui-window-1/close (suspending)
[2021-05-23 22:16:48.328] luiz20 (as Unknown at 165,87,2)
 - Using: /obj/machinery/power/smes [0x2004c38]
 - new Smes fancy 1
[2021-05-23 22:16:50.417] luiz20 in tgui-window-1/close (suspending)
[2021-05-23 22:16:50.417] luiz20 in tgui-window-1/close (suspending)
[2021-05-23 22:16:51.618] luiz20 (as Unknown at 165,87,2)
 - Using: /obj/machinery/power/smes [0x2004c35]
 - new Smes fancy 1
[2021-05-23 22:16:52.600] luiz20 in tgui-window-1/close (suspending)
[2021-05-23 22:16:52.601] luiz20 in tgui-window-1/close (suspending)
[2021-05-23 22:16:53.846] luiz20 (as Unknown at 165,87,2)
 - Using: /obj/machinery/power/solar_control [0x2004d1f]
 - new SolarControl fancy 1
[2021-05-23 22:16:54.975] luiz20 (as Unknown at 165,87,2) in tgui-window-1
 - Using: /obj/machinery/power/solar_control [0x2004d1f]
 - Action: tracking {"mode":0}
[2021-05-23 22:16:55.457] luiz20 (as Unknown at 165,87,2) in tgui-window-1
 - Using: /obj/machinery/power/solar_control [0x2004d1f]
 - Action: tracking {"mode":0}
[2021-05-23 22:16:56.095] luiz20 (as Unknown at 165,87,2) in tgui-window-1
 - Using: /obj/machinery/power/solar_control [0x2004d1f]
 - Action: tracking {"mode":2}
[2021-05-23 22:16:57.941] luiz20 (as Unknown at 165,87,2) in tgui-window-1
 - Using: /obj/machinery/power/solar_control [0x2004d1f]
 - Action: refresh {}
[2021-05-23 22:16:59.839] luiz20 (as Unknown at 165,87,2) in tgui-window-1
 - Using: /obj/machinery/power/solar_control [0x2004d1f]
 - Action: tracking {"mode":1}
[2021-05-23 22:17:01.287] luiz20 (as Unknown at 165,87,2) in tgui-window-1
 - Using: /obj/machinery/power/solar_control [0x2004d1f]
 - Action: tracking {"mode":2}
[2021-05-23 22:17:02.167] luiz20 in tgui-window-1/close (suspending)
[2021-05-23 22:17:02.168] luiz20 in tgui-window-1/close (suspending)
[2021-05-23 22:17:03.622] luiz20 (as Unknown at 165,87,2)
 - Using: /obj/machinery/power/smes [0x2004c38]
 - new Smes fancy 1
[2021-05-23 22:17:05.751] luiz20 in tgui-window-1/close (suspending)
[2021-05-23 22:17:05.752] luiz20 in tgui-window-1/close (suspending)
[2021-05-23 22:17:41.050] gabrieldoombr (as Baam Frest at 97,131,3)
 - Using: /datum/orbit_menu [0x2104090e]
 - new Orbit fancy 1
[2021-05-23 22:17:41.050] gabrieldoombr in tgui-window-1/initialize
 - Using: /datum/orbit_menu [0x2104090e]
[2021-05-23 22:17:42.764] gabrieldoombr (as Baam Frest at 97,131,3) in tgui-window-1
 - Using: /datum/orbit_menu [0x2104090e]
 - Action: orbit {"ref":"[mob_870]"}
[2021-05-23 22:17:45.112] gabrieldoombr (as Baam Frest at 37,222,2) in tgui-window-1
 - Using: /datum/orbit_menu [0x2104090e]
 - Action: orbit {"ref":"[mob_894]"}
[2021-05-23 22:17:48.323] gabrieldoombr (as Baam Frest at 202,59,2) in tgui-window-1
 - Using: /datum/orbit_menu [0x2104090e]
 - Action: orbit {"ref":"[mob_828]"}
[2021-05-23 22:17:51.026] gabrieldoombr (as Baam Frest at 175,235,2) in tgui-window-1
 - Using: /datum/orbit_menu [0x2104090e]
 - Action: orbit {"ref":"[mob_841]"}
[2021-05-23 22:17:55.812] gabrieldoombr in tgui-window-1/close (suspending)
[2021-05-23 22:17:55.812] gabrieldoombr in tgui-window-1/close (suspending)
[2021-05-23 22:17:59.651] gabrieldoombr (as Baam Frest at 203,66,2)
 - Using: /datum/orbit_menu [0x2104090e]
 - new Orbit fancy 1
[2021-05-23 22:18:03.849] gabrieldoombr (as Baam Frest at 203,66,2) in tgui-window-1
 - Using: /datum/orbit_menu [0x2104090e]
 - Action: orbit {"ref":"[mob_864]"}
[2021-05-23 22:18:06.010] gabrieldoombr in tgui-window-1/close (suspending)
[2021-05-23 22:18:06.011] gabrieldoombr in tgui-window-1/close (suspending)
[2021-05-23 22:18:44.445] gabrieldoombr (as Baam Frest at 235,248,3)
 - Using: /obj/machinery/power/apc [0x2008259]
 - new Apc fancy 1
[2021-05-23 22:18:45.860] gabrieldoombr in tgui-window-1/close (suspending)
[2021-05-23 22:18:45.860] gabrieldoombr in tgui-window-1/close (suspending)
[2021-05-23 22:20:03.427] gabrieldoombr (as Baam Frest at 241,208,3)
 - Using: /obj/machinery/door/airlock/vault [0x200836c]
 - new AiAirlock fancy 1
[2021-05-23 22:20:05.078] gabrieldoombr in tgui-window-1/close (suspending)
[2021-05-23 22:20:05.079] gabrieldoombr in tgui-window-1/close (suspending)
[2021-05-23 22:20:24.458] gabrieldoombr (as Baam Frest at 224,219,3)
 - Using: /datum/orbit_menu [0x2104090e]
 - new Orbit fancy 1
[2021-05-23 22:20:26.284] gabrieldoombr (as Baam Frest at 224,219,3) in tgui-window-1
 - Using: /datum/orbit_menu [0x2104090e]
 - Action: orbit {"ref":"[mob_870]"}
[2021-05-23 22:20:28.641] gabrieldoombr in tgui-window-1/close (suspending)
[2021-05-23 22:20:28.641] gabrieldoombr in tgui-window-1/close (suspending)
[2021-05-23 22:21:01.599] baeiou (as Unknown at 194,230,1)
 - Using: /obj/machinery/abductor/console [0x2001a16]
 - new AbductorConsole fancy 1
[2021-05-23 22:21:04.119] baeiou (as Unknown at 195,229,1) in tgui-window-1
 - Using: /obj/machinery/abductor/console [0x2001a16]
 - Action: teleporter_send {}
[2021-05-23 22:21:06.339] baeiou (as Unknown at 196,230,1) in tgui-window-1
 - Using: /obj/machinery/abductor/console [0x2001a16]
 - Action: teleporter_send {}
[2021-05-23 22:21:06.342] baeiou in tgui-window-1/close (suspending)
[2021-05-23 22:21:06.342] baeiou (as Unknown at 228,242,3)
 - Using: /obj/machinery/abductor/console [0x2001a16]
 - new AbductorConsole fancy 1
[2021-05-23 22:21:08.384] luiz20 (as Unknown at 212,80,2)
 - Using: /obj/machinery/vending/tool [0x20059bf]
 - new Vending fancy 1
[2021-05-23 22:21:10.555] gabrieldoombr (as Baam Frest at 67,172,4)
 - Using: /obj/machinery/vending/wardrobe/sec_wardrobe [0x2009923]
 - new Vending fancy 1
[2021-05-23 22:21:12.934] gabrieldoombr in tgui-window-1/close (suspending)
[2021-05-23 22:21:12.934] gabrieldoombr in tgui-window-1/close (suspending)
[2021-05-23 22:21:13.425] luiz20 (as Unknown at 212,80,2) in tgui-window-1
 - Using: /obj/machinery/vending/tool [0x20059bf]
 - Action: vend {"ref":"[0x2100c7a1]"}
[2021-05-23 22:21:15.160] luiz20 in tgui-window-1/close (suspending)
[2021-05-23 22:21:15.161] luiz20 in tgui-window-1/close (suspending)
[2021-05-23 22:23:53.597] goldencatc in browseroutput/initialize
[2021-05-23 22:25:20.491] zero9e1 (as Clement Milne at 40,222,2)
 - Using: /obj/machinery/photocopier [0x2002af1]
 - new Photocopier fancy 1
[2021-05-23 22:25:22.189] zero9e1 in tgui-window-1/close (suspending)
[2021-05-23 22:25:22.189] zero9e1 in tgui-window-1/close (suspending)
[2021-05-23 22:26:02.698] baeiou (as Mothership Chi Scientist at 194,228,1)
 - Using: /obj/item/radio/headset/abductor [0x204ab38]
 - new Radio fancy 1
[2021-05-23 22:26:04.397] baeiou in tgui-window-1/close (suspending)
[2021-05-23 22:26:04.398] baeiou in tgui-window-1/close (suspending)
[2021-05-23 22:26:43.650] baeiou (as Unknown at 196,227,1)
 - Using: /obj/machinery/chem_dispenser/abductor [0x204abd6]
 - new ChemDispenser fancy 1
[2021-05-23 22:26:47.977] yurivel (as Yuri E at 228,30,2)
 - Using: /datum/language_menu [0x21040c03]
 - new LanguageMenu fancy 1
[2021-05-23 22:26:47.977] yurivel in tgui-window-1/initialize
 - Using: /datum/language_menu [0x21040c03]
[2021-05-23 22:26:48.131] baeiou (as Unknown at 196,227,1) in tgui-window-1
 - Using: /obj/machinery/chem_dispenser/abductor [0x204abd6]
 - Action: amount {"target":5}
[2021-05-23 22:26:51.261] yurivel in tgui-window-1/close (suspending)
[2021-05-23 22:26:51.261] yurivel in tgui-window-1/close (suspending)
[2021-05-23 22:27:56.373] baeiou (as Unknown at 196,227,1) in tgui-window-1
 - Using: /obj/machinery/chem_dispenser/abductor [0x204abd6]
 - Action: dispense {"reagent":"carbon"}
[2021-05-23 22:28:05.340] baeiou (as Unknown at 196,227,1) in tgui-window-1
 - Using: /obj/machinery/chem_dispenser/abductor [0x204abd6]
 - Action: dispense {"reagent":"oxygen"}
[2021-05-23 22:28:06.616] baeiou (as Unknown at 196,227,1) in tgui-window-1
 - Using: /obj/machinery/chem_dispenser/abductor [0x204abd6]
 - Action: dispense {"reagent":"sugar"}
[2021-05-23 22:28:07.668] baeiou (as Unknown at 196,227,1) in tgui-window-1
 - Using: /obj/machinery/chem_dispenser/abductor [0x204abd6]
 - Action: eject {}
[2021-05-23 22:28:12.071] baeiou in tgui-window-1/close (suspending)
[2021-05-23 22:28:12.072] baeiou in tgui-window-1/close (suspending)
[2021-05-23 22:29:25.522] baeiou (as Unknown at 196,228,1)
 - Using: /obj/machinery/chem_dispenser/abductor [0x204abd6]
 - new ChemDispenser fancy 1
[2021-05-23 22:29:26.694] baeiou (as Unknown at 196,228,1) in tgui-window-1
 - Using: /obj/machinery/chem_dispenser/abductor [0x204abd6]
 - Action: remove {"amount":50}
[2021-05-23 22:29:26.883] baeiou (as Unknown at 196,228,1) in tgui-window-1
 - Using: /obj/machinery/chem_dispenser/abductor [0x204abd6]
 - Action: remove {"amount":50}
[2021-05-23 22:29:30.769] baeiou (as Unknown at 196,228,1) in tgui-window-1
 - Using: /obj/machinery/chem_dispenser/abductor [0x204abd6]
 - Action: dispense {"reagent":"sodium"}
[2021-05-23 22:29:32.710] baeiou (as Unknown at 196,228,1) in tgui-window-1
 - Using: /obj/machinery/chem_dispenser/abductor [0x204abd6]
 - Action: dispense {"reagent":"hydrogen"}
[2021-05-23 22:29:35.957] baeiou (as Unknown at 196,228,1) in tgui-window-1
 - Using: /obj/machinery/chem_dispenser/abductor [0x204abd6]
 - Action: dispense {"reagent":"oxygen"}
[2021-05-23 22:30:19.059] baeiou (as Unknown at 196,228,1) in tgui-window-1
 - Using: /obj/machinery/chem_dispenser/abductor [0x204abd6]
 - Action: eject {}
[2021-05-23 22:30:22.186] baeiou (as Unknown at 196,228,1) in tgui-window-1
 - Using: /obj/machinery/chem_dispenser/abductor [0x204abd6]
 - Action: remove {"amount":60}
[2021-05-23 22:30:23.348] baeiou (as Unknown at 196,228,1) in tgui-window-1
 - Using: /obj/machinery/chem_dispenser/abductor [0x204abd6]
 - Action: eject {}
[2021-05-23 22:30:24.306] baeiou in tgui-window-1/close (suspending)
[2021-05-23 22:30:24.306] baeiou in tgui-window-1/close (suspending)
[2021-05-23 22:30:27.644] yurivel in browseroutput/initialize
[2021-05-23 22:30:49.200] baeiou (as Unknown at 196,228,1)
 - Using: /obj/machinery/chem_dispenser/abductor [0x204abd6]
 - new ChemDispenser fancy 1
[2021-05-23 22:30:51.585] baeiou (as Unknown at 196,228,1) in tgui-window-1
 - Using: /obj/machinery/chem_dispenser/abductor [0x204abd6]
 - Action: amount {"target":10}
[2021-05-23 22:30:51.993] baeiou (as Unknown at 196,228,1) in tgui-window-1
 - Using: /obj/machinery/chem_dispenser/abductor [0x204abd6]
 - Action: amount {"target":10}
[2021-05-23 22:30:52.250] baeiou (as Unknown at 196,228,1) in tgui-window-1
 - Using: /obj/machinery/chem_dispenser/abductor [0x204abd6]
 - Action: amount {"target":10}
[2021-05-23 22:30:52.673] baeiou (as Unknown at 196,228,1) in tgui-window-1
 - Using: /obj/machinery/chem_dispenser/abductor [0x204abd6]
 - Action: amount {"target":5}
[2021-05-23 22:32:00.831] baeiou in tgui-window-1/close (suspending)
[2021-05-23 22:32:00.832] baeiou in tgui-window-1/close (suspending)
[2021-05-23 22:43:12.518] baeiou in browseroutput/initialize
[2021-05-23 22:44:45.504] baeiou in browseroutput/initialize
[2021-05-23 22:47:05.578] goldencatc (as Russell Cooper at 220,212,3)
 - Using: /datum/component/loadout_selector [0x21041064]
 - new LoadoutSelect fancy 1
[2021-05-23 22:47:05.579] goldencatc in tgui-window-1/initialize
 - Using: /datum/component/loadout_selector [0x21041064]
[2021-05-23 22:47:08.440] goldencatc (as Russell Cooper at 220,212,3) in tgui-window-1
 - Using: /datum/component/loadout_selector [0x21041064]
 - Action: loadout_select {"name":"Long-Range Support Star Paladin"}
[2021-05-23 22:47:09.225] goldencatc (as Russell Cooper at 220,212,3) in tgui-window-1
 - Using: /datum/component/loadout_selector [0x21041064]
 - Action: loadout_select {"name":"Long-Range Support Star Paladin"}
[2021-05-23 22:47:09.363] goldencatc (as Russell Cooper at 220,212,3) in tgui-window-1
 - Using: /datum/component/loadout_selector [0x21041064]
 - Action: loadout_select {"name":"Long-Range Support Star Paladin"}
[2021-05-23 22:47:09.586] goldencatc (as Russell Cooper at 220,212,3) in tgui-window-1
 - Using: /datum/component/loadout_selector [0x21041064]
 - Action: loadout_select {"name":"Long-Range Support Star Paladin"}
[2021-05-23 22:47:12.530] goldencatc (as Russell Cooper at 220,212,3) in tgui-window-1
 - Using: /datum/component/loadout_selector [0x21041064]
 - Action: loadout_confirm {}
[2021-05-23 22:47:12.597] goldencatc in tgui-window-1/close (suspending)
[2021-05-23 22:47:22.448] italos in browseroutput/initialize
[2021-05-23 22:48:01.767] baeiou in browseroutput/initialize
[2021-05-23 22:51:41.000] goldencatc (as Quinn Alliman at 240,236,3)
 - Using: /datum/component/loadout_selector [0x21040aae]
 - new LoadoutSelect fancy 1
[2021-05-23 22:51:42.653] goldencatc (as Quinn Alliman at 240,236,3) in tgui-window-1
 - Using: /datum/component/loadout_selector [0x21040aae]
 - Action: loadout_select {"name":"Warden-Defender"}
[2021-05-23 22:51:43.364] goldencatc (as Quinn Alliman at 240,236,3) in tgui-window-1
 - Using: /datum/component/loadout_selector [0x21040aae]
 - Action: loadout_select {"name":"Warden-Defender"}
[2021-05-23 22:51:43.677] goldencatc (as Quinn Alliman at 240,236,3) in tgui-window-1
 - Using: /datum/component/loadout_selector [0x21040aae]
 - Action: loadout_select {"name":"Warden-Defender"}
[2021-05-23 22:51:45.100] goldencatc (as Quinn Alliman at 240,236,3) in tgui-window-1
 - Using: /datum/component/loadout_selector [0x21040aae]
 - Action: loadout_confirm {}
[2021-05-23 22:51:45.140] goldencatc in tgui-window-1/close (suspending)
[2021-05-23 22:53:31.496] yurivel (as Aaden Kuznetsov at 230,228,3)
 - Using: /datum/spawners_menu [0x210415db]
 - new SpawnersMenu fancy 1
[2021-05-23 22:53:31.497] yurivel in tgui-window-1/initialize
 - Using: /datum/spawners_menu [0x210415db]
[2021-05-23 22:53:34.112] yurivel in tgui-window-1/close (suspending)
[2021-05-23 22:53:34.112] yurivel in tgui-window-1/close (suspending)
[2021-05-23 22:53:36.294] yurivel (as Aaden Kuznetsov at 230,228,3)
 - Using: /datum/orbit_menu [0x210415d8]
 - new Orbit fancy 1
[2021-05-23 22:53:39.773] yurivel (as Aaden Kuznetsov at 230,228,3) in tgui-window-1
 - Using: /datum/orbit_menu [0x210415d8]
 - Action: orbit {"ref":"[mob_894]"}
[2021-05-23 22:53:42.780] yurivel (as Aaden Kuznetsov at 242,246,3) in tgui-window-1
 - Using: /datum/orbit_menu [0x210415d8]
 - Action: orbit {"ref":"[mob_870]"}
[2021-05-23 22:53:44.236] goldencatc (as Taylor Shick at 229,214,3)
 - Using: /datum/component/loadout_selector [0x210415ba]
 - new LoadoutSelect fancy 1
[2021-05-23 22:53:45.722] goldencatc (as Taylor Shick at 228,214,3) in tgui-window-1
 - Using: /datum/component/loadout_selector [0x210415ba]
 - Action: loadout_select {"name":"Frontline Junior Paladin"}
[2021-05-23 22:53:46.714] goldencatc (as Taylor Shick at 228,214,3) in tgui-window-1
 - Using: /datum/component/loadout_selector [0x210415ba]
 - Action: loadout_select {"name":"Frontline Junior Paladin"}
[2021-05-23 22:53:46.720] yurivel in tgui-window-1/close (suspending)
[2021-05-23 22:53:46.720] yurivel in tgui-window-1/close (suspending)
[2021-05-23 22:53:48.482] goldencatc (as Taylor Shick at 228,214,3) in tgui-window-1
 - Using: /datum/component/loadout_selector [0x210415ba]
 - Action: loadout_confirm {}
[2021-05-23 22:53:48.523] goldencatc in tgui-window-1/close (suspending)
[2021-05-23 22:54:39.039] yurivel (as Aaden Kuznetsov at 29,173,2)
 - Using: /datum/orbit_menu [0x210415d8]
 - new Orbit fancy 1
[2021-05-23 22:54:41.266] yurivel (as Aaden Kuznetsov at 29,173,2) in tgui-window-1
 - Using: /datum/orbit_menu [0x210415d8]
 - Action: orbit {"ref":"[mob_935]"}
[2021-05-23 22:54:47.043] yurivel (as Aaden Kuznetsov at 245,233,3) in tgui-window-1
 - Using: /datum/orbit_menu [0x210415d8]
 - Action: orbit {"ref":"[mob_870]"}
[2021-05-23 22:54:48.761] yurivel (as Aaden Kuznetsov at 30,191,2) in tgui-window-1
 - Using: /datum/orbit_menu [0x210415d8]
 - Action: orbit {"ref":"[mob_894]"}
[2021-05-23 22:54:51.250] yurivel in tgui-window-1/close (suspending)
[2021-05-23 22:54:51.250] yurivel in tgui-window-1/close (suspending)
[2021-05-23 22:58:47.220] goldencatc (as Grendel Robinson at 227,26,2)
 - Using: /datum/component/loadout_selector [0x21041422]
 - new LoadoutSelect fancy 1
[2021-05-23 22:58:49.775] goldencatc (as Grendel Robinson at 227,26,2) in tgui-window-1
 - Using: /datum/component/loadout_selector [0x21041422]
 - Action: loadout_select {"name":"Paladin-Slayer Centurion"}
[2021-05-23 22:58:50.793] goldencatc (as Grendel Robinson at 227,26,2) in tgui-window-1
 - Using: /datum/component/loadout_selector [0x21041422]
 - Action: loadout_select {"name":"Paladin-Slayer Centurion"}
[2021-05-23 22:58:50.952] goldencatc (as Grendel Robinson at 227,26,2) in tgui-window-1
 - Using: /datum/component/loadout_selector [0x21041422]
 - Action: loadout_select {"name":"Paladin-Slayer Centurion"}
[2021-05-23 22:58:55.878] goldencatc (as Grendel Robinson at 227,26,2) in tgui-window-1
 - Using: /datum/component/loadout_selector [0x21041422]
 - Action: loadout_select {"name":"Ranger-Hunter Centurion"}
[2021-05-23 22:58:57.895] goldencatc (as Grendel Robinson at 227,26,2) in tgui-window-1
 - Using: /datum/component/loadout_selector [0x21041422]
 - Action: loadout_select {"name":"Standard Centurion"}
[2021-05-23 22:58:58.646] goldencatc (as Grendel Robinson at 227,26,2) in tgui-window-1
 - Using: /datum/component/loadout_selector [0x21041422]
 - Action: loadout_select {"name":"Standard Centurion"}
[2021-05-23 22:59:08.867] goldencatc (as Grendel Robinson at 227,26,2) in tgui-window-1
 - Using: /datum/component/loadout_selector [0x21041422]
 - Action: loadout_confirm {}
[2021-05-23 22:59:08.899] goldencatc in tgui-window-1/close (suspending)
[2021-05-23 23:00:05.857] baeiou in browseroutput/initialize
[2021-05-23 23:01:53.687] yurivel (as Cesar Cohen at 228,226,3)
 - Using: /datum/component/loadout_selector [0x21041254]
 - new LoadoutSelect fancy 1
[2021-05-23 23:01:57.919] yurivel (as Cesar Cohen at 228,226,3) in tgui-window-1
 - Using: /datum/component/loadout_selector [0x21041254]
 - Action: loadout_select {"name":"Scribe-Aspirant"}
[2021-05-23 23:02:05.997] yurivel (as Cesar Cohen at 228,226,3) in tgui-window-1
 - Using: /datum/component/loadout_selector [0x21041254]
 - Action: loadout_select {"name":"Knight-Aspirant"}
[2021-05-23 23:02:13.039] yurivel (as Cesar Cohen at 228,226,3) in tgui-window-1
 - Using: /datum/component/loadout_selector [0x21041254]
 - Action: loadout_confirm {}
[2021-05-23 23:02:13.049] yurivel in tgui-window-1/close (suspending)
[2021-05-23 23:04:06.938] kaduh in browseroutput/initialize
[2021-05-23 23:04:20.645] kaduh (as Erika Miller at 232,54,2)
 - Using: /datum/orbit_menu [0x2104021e]
 - new Orbit fancy 1
[2021-05-23 23:04:20.645] kaduh in tgui-window-1/initialize
 - Using: /datum/orbit_menu [0x2104021e]
[2021-05-23 23:04:22.837] kaduh (as Erika Miller at 232,54,2) in tgui-window-1
 - Using: /datum/orbit_menu [0x2104021e]
 - Action: orbit {"ref":"[mob_894]"}
[2021-05-23 23:04:32.960] kaduh (as Erika Miller at 225,184,2) in tgui-window-1
 - Using: /datum/orbit_menu [0x2104021e]
 - Action: orbit {"ref":"[mob_870]"}
[2021-05-23 23:04:38.489] kaduh (as Erika Miller at 30,191,2) in tgui-window-1
 - Using: /datum/orbit_menu [0x2104021e]
 - Action: orbit {"ref":"[mob_947]"}
[2021-05-23 23:04:43.812] kaduh (as Erika Miller at 228,227,3) in tgui-window-1
 - Using: /datum/orbit_menu [0x2104021e]
 - Action: orbit {"ref":"[mob_935]"}
[2021-05-23 23:04:54.052] kaduh (as Erika Miller at 142,237,2) in tgui-window-1
 - Using: /datum/orbit_menu [0x2104021e]
 - Action: orbit {"ref":"[mob_947]"}
[2021-05-23 23:04:57.626] kaduh (as Erika Miller at 231,229,3) in tgui-window-1
 - Using: /datum/orbit_menu [0x2104021e]
 - Action: orbit {"ref":"[mob_870]"}
[2021-05-23 23:05:00.799] kaduh (as Erika Miller at 30,191,2) in tgui-window-1
 - Using: /datum/orbit_menu [0x2104021e]
 - Action: orbit {"ref":"[mob_894]"}
[2021-05-23 23:05:01.477] kaduh in tgui-window-1/close (suspending)
[2021-05-23 23:05:01.477] kaduh in tgui-window-1/close (suspending)
[2021-05-23 23:07:01.930] goldencatc (as Grendel Robinson at 30,215,3)
 - Using: /datum/component/loadout_selector [0x21041a5d]
 - new LoadoutSelect fancy 1
[2021-05-23 23:07:03.467] goldencatc (as Grendel Robinson at 30,215,3) in tgui-window-1
 - Using: /datum/component/loadout_selector [0x21041a5d]
 - Action: loadout_select {"name":"Classic Veteran Ranger"}
[2021-05-23 23:07:04.105] goldencatc (as Grendel Robinson at 30,215,3) in tgui-window-1
 - Using: /datum/component/loadout_selector [0x21041a5d]
 - Action: loadout_select {"name":"Classic Veteran Ranger"}
[2021-05-23 23:07:05.276] goldencatc (as Grendel Robinson at 30,215,3) in tgui-window-1
 - Using: /datum/component/loadout_selector [0x21041a5d]
 - Action: loadout_select {"name":"Light Veteran Ranger"}
[2021-05-23 23:07:06.197] goldencatc (as Grendel Robinson at 30,215,3) in tgui-window-1
 - Using: /datum/component/loadout_selector [0x21041a5d]
 - Action: loadout_select {"name":"Light Veteran Ranger"}
[2021-05-23 23:07:07.881] goldencatc (as Grendel Robinson at 30,215,3) in tgui-window-1
 - Using: /datum/component/loadout_selector [0x21041a5d]
 - Action: loadout_select {"name":"Brush Veteran Ranger"}
[2021-05-23 23:07:09.941] goldencatc (as Grendel Robinson at 30,215,3) in tgui-window-1
 - Using: /datum/component/loadout_selector [0x21041a5d]
 - Action: loadout_select {"name":"Light Veteran Ranger"}
[2021-05-23 23:07:12.259] goldencatc (as Grendel Robinson at 30,215,3) in tgui-window-1
 - Using: /datum/component/loadout_selector [0x21041a5d]
 - Action: loadout_confirm {}
[2021-05-23 23:07:12.313] goldencatc in tgui-window-1/close (suspending)
[2021-05-23 23:11:27.089] yurivel in browseroutput/initialize
[2021-05-23 23:13:31.547] matheusgp9999 in browseroutput/initialize
[2021-05-23 23:14:39.701] matheusgp9999 (as Nycolly Nywt at 232,200,3)
 - Using: /datum/component/loadout_selector [0x21041382]
 - new LoadoutSelect fancy 1
[2021-05-23 23:14:39.702] matheusgp9999 in tgui-window-1/initialize
 - Using: /datum/component/loadout_selector [0x21041382]
[2021-05-23 23:14:42.002] matheusgp9999 (as Nycolly Nywt at 232,200,3) in tgui-window-1
 - Using: /datum/component/loadout_selector [0x21041382]
 - Action: loadout_select {"name":"Junior Scribe"}
[2021-05-23 23:14:42.994] matheusgp9999 (as Nycolly Nywt at 232,200,3) in tgui-window-1
 - Using: /datum/component/loadout_selector [0x21041382]
 - Action: loadout_select {"name":"Scribe"}
[2021-05-23 23:14:43.463] matheusgp9999 (as Nycolly Nywt at 232,200,3) in tgui-window-1
 - Using: /datum/component/loadout_selector [0x21041382]
 - Action: loadout_select {"name":"Scribe"}
[2021-05-23 23:14:43.710] matheusgp9999 (as Nycolly Nywt at 232,200,3) in tgui-window-1
 - Using: /datum/component/loadout_selector [0x21041382]
 - Action: loadout_select {"name":"Scribe"}
[2021-05-23 23:14:44.938] matheusgp9999 (as Nycolly Nywt at 232,200,3) in tgui-window-1
 - Using: /datum/component/loadout_selector [0x21041382]
 - Action: loadout_confirm {}
[2021-05-23 23:14:44.941] matheusgp9999 in tgui-window-1/close (suspending)
[2021-05-23 23:21:57.917] yurivel in browseroutput/initialize
[2021-05-23 23:23:09.795] yurivel in browseroutput/initialize
[2021-05-23 23:24:07.191] italos in browseroutput/initialize
[2021-05-23 23:24:48.644] yurivel in browseroutput/initialize
[2021-05-23 23:24:59.481] mruniverso in browseroutput/initialize
[2021-05-23 23:27:12.145] mruniverso (as Lucas Chikui at 77,27,2)
 - Using: /datum/component/loadout_selector [0x21041b9c]
 - new LoadoutSelect fancy 1
[2021-05-23 23:27:12.145] mruniverso in tgui-window-1/initialize
 - Using: /datum/component/loadout_selector [0x21041b9c]
[2021-05-23 23:27:15.287] mruniverso (as Lucas Chikui at 77,27,2) in tgui-window-1
 - Using: /datum/component/loadout_selector [0x21041b9c]
 - Action: loadout_select {"name":"Provisioner"}
[2021-05-23 23:27:16.805] mruniverso (as Lucas Chikui at 77,27,2) in tgui-window-1
 - Using: /datum/component/loadout_selector [0x21041b9c]
 - Action: loadout_select {"name":"Bum"}
[2021-05-23 23:27:18.565] mruniverso (as Lucas Chikui at 77,27,2) in tgui-window-1
 - Using: /datum/component/loadout_selector [0x21041b9c]
 - Action: loadout_select {"name":"Proper Lady"}
[2021-05-23 23:27:19.940] mruniverso (as Lucas Chikui at 77,27,2) in tgui-window-1
 - Using: /datum/component/loadout_selector [0x21041b9c]
 - Action: loadout_select {"name":"Respectable Gent"}
[2021-05-23 23:27:22.368] mruniverso (as Lucas Chikui at 77,27,2) in tgui-window-1
 - Using: /datum/component/loadout_selector [0x21041b9c]
 - Action: loadout_select {"name":"Hombre"}
[2021-05-23 23:27:25.237] mruniverso (as Lucas Chikui at 77,27,2) in tgui-window-1
 - Using: /datum/component/loadout_selector [0x21041b9c]
 - Action: loadout_select {"name":"Provisioner"}
[2021-05-23 23:27:28.391] mruniverso (as Lucas Chikui at 77,27,2) in tgui-window-1
 - Using: /datum/component/loadout_selector [0x21041b9c]
 - Action: loadout_select {"name":"Bum"}
[2021-05-23 23:27:33.913] mruniverso (as Lucas Chikui at 77,27,2) in tgui-window-1
 - Using: /datum/component/loadout_selector [0x21041b9c]
 - Action: loadout_select {"name":"Proper Lady"}
[2021-05-23 23:27:36.343] mruniverso (as Lucas Chikui at 77,27,2) in tgui-window-1
 - Using: /datum/component/loadout_selector [0x21041b9c]
 - Action: loadout_select {"name":"Proper Lady"}
[2021-05-23 23:27:36.965] mruniverso (as Lucas Chikui at 77,27,2) in tgui-window-1
 - Using: /datum/component/loadout_selector [0x21041b9c]
 - Action: loadout_select {"name":"Respectable Gent"}
[2021-05-23 23:27:42.317] mruniverso (as Lucas Chikui at 77,27,2) in tgui-window-1
 - Using: /datum/component/loadout_selector [0x21041b9c]
 - Action: loadout_select {"name":"Hombre"}
[2021-05-23 23:27:44.633] mruniverso (as Lucas Chikui at 77,27,2) in tgui-window-1
 - Using: /datum/component/loadout_selector [0x21041b9c]
 - Action: loadout_select {"name":"Provisioner"}
[2021-05-23 23:27:46.683] mruniverso (as Lucas Chikui at 77,27,2) in tgui-window-1
 - Using: /datum/component/loadout_selector [0x21041b9c]
 - Action: loadout_select {"name":"Bum"}
[2021-05-23 23:27:47.069] mruniverso (as Lucas Chikui at 77,27,2) in tgui-window-1
 - Using: /datum/component/loadout_selector [0x21041b9c]
 - Action: loadout_select {"name":"Proper Lady"}
[2021-05-23 23:27:47.965] mruniverso (as Lucas Chikui at 77,27,2) in tgui-window-1
 - Using: /datum/component/loadout_selector [0x21041b9c]
 - Action: loadout_select {"name":"Respectable Gent"}
[2021-05-23 23:27:49.373] mruniverso (as Lucas Chikui at 77,27,2) in tgui-window-1
 - Using: /datum/component/loadout_selector [0x21041b9c]
 - Action: loadout_select {"name":"Hombre"}
[2021-05-23 23:27:50.694] mruniverso (as Lucas Chikui at 77,27,2) in tgui-window-1
 - Using: /datum/component/loadout_selector [0x21041b9c]
 - Action: loadout_select {"name":"Respectable Gent"}
[2021-05-23 23:27:52.724] mruniverso (as Lucas Chikui at 77,27,2) in tgui-window-1
 - Using: /datum/component/loadout_selector [0x21041b9c]
 - Action: loadout_confirm {}
[2021-05-23 23:27:52.755] mruniverso in tgui-window-1/close (suspending)
[2021-05-23 23:28:05.817] matheusgp9999 (as Nycolly Nywt at 252,71,2)
 - Using: /datum/component/loadout_selector [0x21041b69]
 - new LoadoutSelect fancy 1
[2021-05-23 23:28:07.347] matheusgp9999 (as Nycolly Nywt at 252,71,2) in tgui-window-1
 - Using: /datum/component/loadout_selector [0x21041b69]
 - Action: loadout_select {"name":"Salvager"}
[2021-05-23 23:28:08.314] matheusgp9999 (as Nycolly Nywt at 252,71,2) in tgui-window-1
 - Using: /datum/component/loadout_selector [0x21041b69]
 - Action: loadout_select {"name":"Salvager"}
[2021-05-23 23:28:15.752] matheusgp9999 (as Nycolly Nywt at 252,71,2) in tgui-window-1
 - Using: /datum/component/loadout_selector [0x21041b69]
 - Action: loadout_confirm {}
[2021-05-23 23:28:15.784] matheusgp9999 in tgui-window-1/close (suspending)
[2021-05-23 23:30:03.622] italos (as Tiberius Gratius at 227,26,2)
 - Using: /datum/component/loadout_selector [0x21008805]
 - new LoadoutSelect fancy 1
[2021-05-23 23:30:03.622] italos in tgui-window-1/initialize
 - Using: /datum/component/loadout_selector [0x21008805]
[2021-05-23 23:30:06.058] italos (as Tiberius Gratius at 227,26,2) in tgui-window-1
 - Using: /datum/component/loadout_selector [0x21008805]
 - Action: loadout_select {"name":"Paladin-Slayer Centurion"}
[2021-05-23 23:30:13.429] italos (as Tiberius Gratius at 227,26,2) in tgui-window-1
 - Using: /datum/component/loadout_selector [0x21008805]
 - Action: loadout_select {"name":"Ranger-Hunter Centurion"}
[2021-05-23 23:30:20.625] italos (as Tiberius Gratius at 227,26,2) in tgui-window-1
 - Using: /datum/component/loadout_selector [0x21008805]
 - Action: loadout_select {"name":"Standard Centurion"}
[2021-05-23 23:30:26.873] italos (as Tiberius Gratius at 227,26,2) in tgui-window-1
 - Using: /datum/component/loadout_selector [0x21008805]
 - Action: loadout_select {"name":"Paladin-Slayer Centurion"}
[2021-05-23 23:30:34.987] italos (as Tiberius Gratius at 227,26,2) in tgui-window-1
 - Using: /datum/component/loadout_selector [0x21008805]
 - Action: loadout_select {"name":"Standard Centurion"}
[2021-05-23 23:30:37.832] italos (as Tiberius Gratius at 227,26,2) in tgui-window-1
 - Using: /datum/component/loadout_selector [0x21008805]
 - Action: loadout_select {"name":"Paladin-Slayer Centurion"}
[2021-05-23 23:30:39.600] italos (as Tiberius Gratius at 227,26,2) in tgui-window-1
 - Using: /datum/component/loadout_selector [0x21008805]
 - Action: loadout_confirm {}
[2021-05-23 23:30:39.607] italos in tgui-window-1/close (suspending)
[2021-05-23 23:35:05.385] italos (as Tiberius Gratius at 244,31,2)
 - Using: /datum/component/personal_crafting [0x21041faf]
 - new PersonalCrafting fancy 1
[2021-05-23 23:35:14.293] italos (as Tiberius Gratius at 244,31,2) in tgui-window-1
 - Using: /datum/component/personal_crafting [0x21041faf]
 - Action: set_category {"category":"Misc","subcategory":"Burial & Execution"}
[2021-05-23 23:35:14.796] italos (as Tiberius Gratius at 244,31,2) in tgui-window-1
 - Using: /datum/component/personal_crafting [0x21041faf]
 - Action: set_category {"category":"Misc","subcategory":"Farming"}
[2021-05-23 23:35:15.641] italos (as Tiberius Gratius at 244,31,2) in tgui-window-1
 - Using: /datum/component/personal_crafting [0x21041faf]
 - Action: set_category {"category":"Medical"}
[2021-05-23 23:35:16.549] italos (as Tiberius Gratius at 244,31,2) in tgui-window-1
 - Using: /datum/component/personal_crafting [0x21041faf]
 - Action: set_category {"category":"Weaponry","subcategory":"Melee Weapons"}
[2021-05-23 23:35:42.190] italos (as Tiberius Gratius at 244,31,2) in tgui-window-1
 - Using: /datum/component/personal_crafting [0x21041faf]
 - Action: make {"recipe":"[0x210011e8]"}
[2021-05-23 23:37:07.923] italos in tgui-window-1/close (suspending)
