[2021-05-23 18:38:14.789] Starting up round ID 33.
 - -------------------------
[2021-05-23 18:42:18.307] Matheusgp9999 \ Nycolly Nywt \ Outlaw \ NONE \ LATEJOIN
[2021-05-23 18:42:36.162] Mr.Universo \ Lucas Chikui \ NCR Trooper \ NONE \ LATEJOIN
[2021-05-23 18:43:49.816] Elvisaaron \ Elvis Aaron \ Wastelander \ NONE \ LATEJOIN
[2021-05-23 18:43:51.886] Senhordosdoguinho \ Jose Neguinho \ Shopkeeper \ NONE \ LATEJOIN
[2021-05-23 18:50:49.852] Dantesousa \ Declan Smith \ NCR Off-Duty \ NONE \ LATEJOIN
[2021-05-23 18:52:11.403] Guizog \ Bob Merlin \ Outlaw \ NONE \ LATEJOIN
[2021-05-23 18:57:03.483] dantesousa \ Dante Sousa \ NCR Captain \ NONE \ LATEJOIN
[2021-05-23 19:02:14.483] richardcampi \ Michael Rose \ Wastelander \ NONE \ LATEJOIN
[2021-05-23 19:10:43.816] fidgetybacchus \ Aster Crowley \ NCR Veteran Ranger \ NONE \ LATEJOIN
[2021-05-23 19:12:27.789] Luiz20 \ Luiz Borgos Primeiro \ Outlaw \ NONE \ LATEJOIN
[2021-05-23 19:18:01.865] Jhonatan lima \ Luicio Notav \ Wastelander \ NONE \ LATEJOIN
[2021-05-23 19:22:42.244] GabrielDoomBR \ Baam Frest \ Sheriff \ NONE \ LATEJOIN
[2021-05-23 19:24:32.929] luiz20 \ Luiz Borgos Segundo \ Outlaw \ NONE \ LATEJOIN
[2021-05-23 19:30:17.545] kaduh \ Erika Miller \ Followers Doctor \ NONE \ LATEJOIN
[2021-05-23 19:41:23.058] Goldencatc \ Kaleb Mcloskey \ NCR Sergeant First Class \ NONE \ LATEJOIN
[2021-05-23 19:59:33.499] XXLucasWesleyXx \ Will Riker \ NCR Sergeant \ NONE \ LATEJOIN
[2021-05-23 20:06:10.310] kaduh \ Erika Miller \ NCR Off-Duty \ NONE \ LATEJOIN
[2021-05-23 20:18:19.067] jhonatanlima \ Yuri Stigat \ Vault-tec Security \ NONE \ LATEJOIN
[2021-05-23 20:22:32.483] Baeiou \ Roderick Malkav \ NCR Lieutenant \ NONE \ LATEJOIN
[2021-05-23 20:27:25.390] Kosolov325 \ Lucas Calado \ BoS Off-Duty \ NONE \ LATEJOIN
[2021-05-23 20:45:12.996] SheriffTubbyNips \ RINGO EL GRINGO \ Head Paladin \ NONE \ LATEJOIN
[2021-05-23 20:45:55.705] goldencatc \ Horatio Wheeler \ Outlaw \ NONE \ LATEJOIN
[2021-05-23 20:47:23.320] SondTheAnime \ Kane Lens \ NCR Sergeant \ NONE \ LATEJOIN
[2021-05-23 20:50:19.493] luiz20 \ Luiz Borgos Terceiro \ Head Scribe \ NONE \ LATEJOIN
[2021-05-23 21:02:57.122] goldencatc \ Juan Picard \ Head Knight \ NONE \ LATEJOIN
