[2021-05-23 18:38:14.788] Starting up round ID 33.
 - -------------------------
[2021-05-23 18:44:24.251] TCOMMS: Mr.Universo/(Lucas Chikui) [NCR] (spans:  ) "Alo" (language: Galactic Common) (NCR (31, 190, 2))
[2021-05-23 18:45:18.519] TCOMMS: Senhordosdoguinho/(Jose Neguinho) [Oasis] (spans:  ) "Alou" (language: Galactic Common) (Tunnel (76, 43, 3))
[2021-05-23 18:48:05.510] TCOMMS: Senhordosdoguinho/(Jose Neguinho) [Oasis] (spans:  ) "Alguem me escuta" (language: Galactic Common) (Caves (63, 37, 3))
[2021-05-23 19:01:25.447] TCOMMS: Mr.Universo/(Lucas Chikui) [NCR] (spans:  ) "Ta fazendo o que" (language: Galactic Common) (Wasteland (24, 185, 2))
[2021-05-23 19:01:33.028] TCOMMS: dantesousa/(Dante Sousa) [NCR] (spans:  ) "Bom dia" (language: Galactic Common) (Wasteland (119, 183, 2))
[2021-05-23 19:01:42.109] TCOMMS: Mr.Universo/(Lucas Chikui) [NCR] (spans:  ) "Opa, bora" (language: Galactic Common) (Wasteland (24, 186, 2))
[2021-05-23 19:01:47.578] TCOMMS: Mr.Universo/(Lucas Chikui) [NCR] (spans:  ) "Boa quero dizer" (language: Galactic Common) (Wasteland (24, 186, 2))
[2021-05-23 19:03:36.185] TCOMMS: Mr.Universo/(Lucas Chikui) [NCR] (spans:  ) "Eu tenho muito material" (language: Galactic Common) (Wasteland (26, 187, 2))
[2021-05-23 19:03:44.565] TCOMMS: Mr.Universo/(Lucas Chikui) [NCR] (spans:  ) "Pode vir buscar., ja ter,inei aqui" (language: Galactic Common) (Wasteland (26, 187, 2))
[2021-05-23 19:10:56.683] TCOMMS: dantesousa/(Dante Sousa) [NCR] (spans:  ) "Temos uma ranger" (language: Galactic Common) (NCR (37, 221, 2))
[2021-05-23 19:11:01.345] TCOMMS: Mr.Universo/(Lucas Chikui) [NCR] (spans:  ) "Opa" (language: Galactic Common) (Wasteland (35, 200, 2))
[2021-05-23 19:11:08.169] TCOMMS: Mr.Universo/(Lucas Chikui) [NCR] (spans:  ) "Quem é" (language: Galactic Common) (Wasteland (29, 199, 2))
[2021-05-23 19:11:19.700] TCOMMS: dantesousa/(Dante Sousa) [NCR] (spans:  ) "Aster, uma grande amiga minha" (language: Galactic Common) (Wasteland (31, 218, 2))
[2021-05-23 19:12:45.621] TCOMMS: dantesousa/(Dante Sousa) [NCR] (spans:  ) "Aster" (language: Galactic Common) (Wasteland (27, 215, 2))
[2021-05-23 19:12:57.472] TCOMMS: dantesousa/(Dante Sousa) [NCR] (spans:  ) "Ué cade tu lucas" (language: Galactic Common) (NCR (21, 215, 2))
[2021-05-23 19:12:58.941] TCOMMS: fidgetybacchus/(Aster Crowley) [NCR] (spans:  ) "Fala" (language: Galactic Common) (NCR (29, 213, 3))
[2021-05-23 19:13:12.009] TCOMMS: Mr.Universo/(Lucas Chikui) [NCR] (spans:  ) "T&#39;av&#39;a no sub&#39;solo" (language: Galactic Common) (NCR (14, 215, 2))
[2021-05-23 19:13:23.968] TCOMMS: dantesousa/(Dante Sousa) [NCR] (spans:  ) "Fica de olho na base aster, se avistar alguém me avisa, vou buscar as armas com o lucas" (language: Galactic Common) (Wasteland (26, 227, 2))
[2021-05-23 19:13:24.739] TCOMMS: Mr.Universo/(Lucas Chikui) [NCR] (spans:  ) "Eu me de&#39;pare&#39;i&#39; com a Aster...&#39; se &#39;trocando..." (language: Galactic Common) (NCR (14, 215, 2))
[2021-05-23 19:13:33.474] TCOMMS: dantesousa/(Dante Sousa) [NCR] (spans:  ) "Safado" (language: Galactic Common) (Wasteland (26, 215, 2))
[2021-05-23 19:20:11.381] TCOMMS: Mr.Universo/(Lucas Chikui) [NCR] (spans:  ) "Astar" (language: Galactic Common) (NCR (39, 222, 2))
[2021-05-23 19:20:23.789] TCOMMS: Mr.Universo/(Lucas Chikui) [NCR] (spans:  ) "Ta na escuta" (language: Galactic Common) (NCR (35, 218, 2))
[2021-05-23 19:20:30.960] TCOMMS: fidgetybacchus/(Aster Crowley) [NCR] (spans:  ) "Sim." (language: Galactic Common) (NCR (29, 209, 3))
[2021-05-23 19:20:38.967] TCOMMS: Mr.Universo/(Lucas Chikui) [NCR] (spans:  ) "Viu algo" (language: Galactic Common) (Wasteland (26, 204, 2))
[2021-05-23 19:20:58.758] TCOMMS: Mr.Universo/(Lucas Chikui) [NCR] (spans:  ) "Porqurea a porra da quarita ta quebrada" (language: Galactic Common) (Wasteland (31, 187, 2))
[2021-05-23 19:21:19.391] TCOMMS: dantesousa/(Dante Sousa) [NCR] (spans:  ) "Ja quebraram?" (language: Galactic Common) (Wasteland (29, 218, 2))
[2021-05-23 19:21:33.451] TCOMMS: Mr.Universo/(Lucas Chikui) [NCR] (spans:  ) "Invasores" (language: Galactic Common) (Wasteland (29, 195, 2))
[2021-05-23 19:21:56.285] TCOMMS: Mr.Universo/(Lucas Chikui) [NCR] (spans:  ) "Matamos" (language: Galactic Common) (Wasteland (13, 196, 2))
[2021-05-23 19:22:55.768] TCOMMS: Mr.Universo/(Lucas Chikui) [NCR] (spans:  ) "Alo" (language: Galactic Common) (Wasteland (18, 196, 2))
[2021-05-23 19:23:00.204] TCOMMS: dantesousa/(Dante Sousa) [NCR] (spans:  ) "Opa" (language: Galactic Common) (NCR (31, 189, 2))
[2021-05-23 19:23:00.451] TCOMMS: Mr.Universo/(Lucas Chikui) [NCR] (spans:  ) "Capitao ele ainda ta vivo" (language: Galactic Common) (Wasteland (18, 196, 2))
[2021-05-23 19:23:11.961] TCOMMS: dantesousa/(Dante Sousa) [NCR] (spans:  ) "Joga ele na prisão" (language: Galactic Common) (NCR (31, 189, 2))
[2021-05-23 19:23:24.894] TCOMMS: dantesousa/(Dante Sousa) [NCR] (spans:  ) "E usa stimpak nele" (language: Galactic Common) (NCR (31, 189, 2))
[2021-05-23 19:23:38.132] TCOMMS: Mr.Universo/(Lucas Chikui) [NCR] (spans:  ) "Mais invasores" (language: Galactic Common) (Wasteland (37, 197, 2))
[2021-05-23 19:23:44.041] TCOMMS: dantesousa/(Dante Sousa) [NCR] (spans:  ) "Ajuda la" (language: Galactic Common) (NCR (31, 189, 2))
[2021-05-23 19:23:44.567] TCOMMS: Mr.Universo/(Lucas Chikui) [NCR] (spans:  ) "Pera" (language: Galactic Common) (Wasteland (37, 196, 2))
[2021-05-23 19:23:50.068] TCOMMS: Mr.Universo/(Lucas Chikui) [NCR] (spans:  ) "Me confudi" (language: Galactic Common) (Wasteland (37, 196, 2))
[2021-05-23 19:23:52.536] TCOMMS: Mr.Universo/(Lucas Chikui) [NCR] (spans:  ) "Era a Aster" (language: Galactic Common) (Wasteland (37, 196, 2))
[2021-05-23 19:25:44.373] TCOMMS: Mr.Universo/(Lucas Chikui) [NCR] (spans:  ) "Ele morreu capitao" (language: Galactic Common) (NCR (55, 231, 2))
[2021-05-23 19:25:52.579] TCOMMS: dantesousa/(Dante Sousa) [NCR] (spans:  ) "Tudo bem.. enterra ele então" (language: Galactic Common) (NCR (31, 194, 2))
[2021-05-23 19:26:05.643] TCOMMS: Mr.Universo/(Lucas Chikui) [NCR] (spans:  ) "Acho que nem da para trazer a vida" (language: Galactic Common) (NCR (55, 231, 2))
[2021-05-23 19:27:32.763] TCOMMS: GabrielDoomBR/(Baam Frest) [Common] (spans:  ) "Porra eu fico puto" (language: Galactic Common) (Tunnel (75, 41, 3))
[2021-05-23 19:27:34.749] TCOMMS: GabrielDoomBR/(Baam Frest) [Common] (spans:  ) "Quando eu chego" (language: Galactic Common) (Tunnel (75, 41, 3))
[2021-05-23 19:27:38.601] TCOMMS: GabrielDoomBR/(Baam Frest) [Common] (spans:  ) "E o negroide invade a armory" (language: Galactic Common) (Tunnel (75, 41, 3))
[2021-05-23 19:27:40.054] TCOMMS: Mr.Universo/(Lucas Chikui) [Common] (spans:  yell ) "OPA!!" (language: Galactic Common) (Wasteland (47, 209, 2))
[2021-05-23 19:27:44.532] TCOMMS: dantesousa/(Dante Sousa) [Common] (spans:  ) "Eae baam" (language: Galactic Common) (NCR (32, 191, 2))
[2021-05-23 19:27:49.071] TCOMMS: GabrielDoomBR/(Baam Frest) [Common] (spans:  ) "Fala arrombado" (language: Galactic Common) (Tunnel (71, 37, 3))
[2021-05-23 19:28:01.931] TCOMMS: dantesousa/(Dante Sousa) [Common] (spans:  ) "Violencia em" (language: Galactic Common) (NCR (32, 191, 2))
[2021-05-23 19:28:08.792] TCOMMS: GabrielDoomBR/(Baam Frest) [Common] (spans:  ) "Vai se foder tu tambem" (language: Galactic Common) (Tunnel (70, 37, 3))
[2021-05-23 19:28:10.862] TCOMMS: GabrielDoomBR/(Baam Frest) [Common] (spans:  ) "Filha da puta" (language: Galactic Common) (Tunnel (70, 37, 3))
[2021-05-23 19:28:13.192] TCOMMS: dantesousa/(Dante Sousa) [Common] (spans:  ) "Também te amo" (language: Galactic Common) (Wasteland (29, 196, 2))
[2021-05-23 19:28:37.706] TCOMMS: Mr.Universo/(Lucas Chikui) [NCR] (spans:  ) "Baam é da base nao ne" (language: Galactic Common) (NCR (31, 190, 2))
[2021-05-23 19:28:41.804] TCOMMS: dantesousa/(Dante Sousa) [NCR] (spans:  ) "Não" (language: Galactic Common) (Wasteland (29, 196, 2))
[2021-05-23 19:28:43.246] TCOMMS: Mr.Universo/(Lucas Chikui) [NCR] (spans:  ) "Inimigo" (language: Galactic Common) (NCR (31, 190, 2))
[2021-05-23 19:28:47.737] TCOMMS: dantesousa/(Dante Sousa) [NCR] (spans:  ) "Ele é do oasis" (language: Galactic Common) (Wasteland (30, 195, 2))
[2021-05-23 19:32:06.268] TCOMMS: Mr.Universo/(Lucas Chikui) [NCR] (spans:  ) "Tenho que tomar uma duxa" (language: Galactic Common) (NCR (37, 219, 2))
[2021-05-23 19:32:12.069] TCOMMS: dantesousa/(Dante Sousa) [NCR] (spans:  ) "Ok, haha" (language: Galactic Common) (NCR (38, 219, 2))
[2021-05-23 19:33:05.326] TCOMMS: fidgetybacchus/(Aster Crowley) [NCR] (spans:  ) "Revista" (language: Galactic Common) (NCR (34, 218, 2))
[2021-05-23 19:36:40.502] TCOMMS: luiz20/(Luiz Borgos Segundo) [Common] (spans:  ) "Alo" (language: Galactic Common) (Wasteland (13, 187, 2))
[2021-05-23 19:36:45.124] TCOMMS: luiz20/(Luiz Borgos Segundo) [Common] (spans:  ) "Achei um radio" (language: Galactic Common) (Wasteland (11, 187, 2))
[2021-05-23 19:36:47.435] TCOMMS: luiz20/(Luiz Borgos Segundo) [Common] (spans:  ) "Finalmente" (language: Galactic Common) (Wasteland (9, 187, 2))
[2021-05-23 19:36:48.989] TCOMMS: dantesousa/(Dante Sousa) [Common] (spans:  ) "Eae" (language: Galactic Common) (NCR (31, 190, 2))
[2021-05-23 19:36:51.387] TCOMMS: dantesousa/(Dante Sousa) [Common] (spans:  ) "Porra luiz" (language: Galactic Common) (NCR (31, 190, 2))
[2021-05-23 19:36:55.110] TCOMMS: dantesousa/(Dante Sousa) [Common] (spans:  ) "Seu irmão gemeo invadiu aqui" (language: Galactic Common) (NCR (31, 190, 2))
[2021-05-23 19:36:57.194] TCOMMS: dantesousa/(Dante Sousa) [Common] (spans:  ) "Metemo bala" (language: Galactic Common) (NCR (31, 190, 2))
[2021-05-23 19:37:02.358] TCOMMS: Mr.Universo/(Lucas Chikui) [Common] (spans:  ) "É" (language: Galactic Common) (Wasteland (27, 201, 2))
[2021-05-23 19:37:02.932] TCOMMS: luiz20/(Luiz Borgos Segundo) [Common] (spans:  ) "Culpa não é minha" (language: Galactic Common) (Wasteland (26, 179, 2))
[2021-05-23 19:37:57.170] TCOMMS: GabrielDoomBR/(Baam Frest) [Common] (spans:  ) "Ta aonde dante" (language: Galactic Common) (Tunnel (55, 39, 3))
[2021-05-23 19:38:00.552] TCOMMS: dantesousa/(Dante Sousa) [Common] (spans:  ) "Ncr" (language: Galactic Common) (NCR (31, 190, 2))
[2021-05-23 19:38:05.664] TCOMMS: GabrielDoomBR/(Baam Frest) [Common] (spans:  ) "Beleza" (language: Galactic Common) (Tunnel (55, 39, 3))
[2021-05-23 19:38:11.683] TCOMMS: dantesousa/(Dante Sousa) [Common] (spans:  ) "Tu é um desertor luiz?" (language: Galactic Common) (NCR (31, 190, 2))
[2021-05-23 19:38:16.937] TCOMMS: luiz20/(Luiz Borgos Segundo) [Common] (spans:  ) "Claro" (language: Galactic Common) (Wasteland (33, 188, 2))
[2021-05-23 19:38:27.211] TCOMMS: dantesousa/(Dante Sousa) [Common] (spans:  ) "Oque a legion te fez" (language: Galactic Common) (NCR (31, 190, 2))
[2021-05-23 19:38:29.683] TCOMMS: dantesousa/(Dante Sousa) [Common] (spans:  ) "Para tu sair de lá" (language: Galactic Common) (NCR (31, 190, 2))
[2021-05-23 19:39:46.139] TCOMMS: Jhonatan lima/(Luicio Notav) [144.1] (spans:  ) "Alo" (language: Galactic Common) (Vault (48, 146, 4))
[2021-05-23 19:39:52.485] TCOMMS: Jhonatan lima/(Luicio Notav) [144.1] (spans:  ) "Alquem?" (language: Galactic Common) (Vault (48, 147, 4))
[2021-05-23 19:40:28.788] TCOMMS: Jhonatan lima/(Luicio Notav) [144.1] (spans:  ) "Alquem?" (language: Galactic Common) (Vault (48, 147, 4))
[2021-05-23 19:40:32.647] TCOMMS: Jhonatan lima/(Luicio Notav) [144.1] (spans:  ) "Por favor" (language: Galactic Common) (Vault (48, 147, 4))
[2021-05-23 19:40:37.390] TCOMMS: dantesousa/(Dante Sousa) [Common] (spans:  ) "Se tu quiser alguma coisa só falar baam, aproveita para nois abter um papo" (language: Galactic Common) (Wasteland (31, 185, 2))
[2021-05-23 19:40:39.313] TCOMMS: Jhonatan lima/(Luicio Notav) [144.1] (spans:  ) "Eu tenho fome" (language: Galactic Common) (Vault (48, 147, 4))
[2021-05-23 19:40:49.362] TCOMMS: GabrielDoomBR/(Baam Frest) [Common] (spans:  ) "To indo ai" (language: Galactic Common) (Wasteland (63, 36, 2))
[2021-05-23 19:41:37.603] TCOMMS: Jhonatan lima/(Luicio Notav) [144.1] (spans:  ) "Ta vaziu?" (language: Galactic Common) (Vault (48, 146, 4))
[2021-05-23 19:42:18.983] TCOMMS: Goldencatc/(Kaleb Mcloskey) [NCR] (spans:  ) "Comandante?" (language: Galactic Common) (Wasteland (30, 233, 2))
[2021-05-23 19:42:27.428] TCOMMS: Jhonatan lima/(Luicio Notav) [144.1] (spans:  ) "Ok eu estou indo" (language: Galactic Common) (Vault (48, 147, 4))
[2021-05-23 19:44:01.639] TCOMMS: fidgetybacchus/(Aster Crowley) [NCR] (spans:  ) "Porra." (language: Galactic Common) (Wasteland (26, 222, 2))
[2021-05-23 19:48:21.885] TCOMMS: GabrielDoomBR/(Baam Frest) [Common] (spans:  ) "Me deixaram preso na ncr" (language: Galactic Common) (Wasteland (37, 193, 2))
[2021-05-23 19:48:24.324] TCOMMS: GabrielDoomBR/(Baam Frest) [Common] (spans:  ) "Muito foda" (language: Galactic Common) (Wasteland (37, 193, 2))
[2021-05-23 19:49:20.581] TCOMMS: dantesousa/(Dante Sousa) [NCR] (spans:  ) "Vai pegando luiz" (language: Galactic Common) (NCR (38, 222, 2))
[2021-05-23 19:49:25.689] TCOMMS: luiz20/(Luiz Borgos Segundo) [NCR] (spans:  ) "Tampei já" (language: Galactic Common) (Wasteland (27, 189, 2))
[2021-05-23 19:49:25.720] TCOMMS: dantesousa/(Dante Sousa) [NCR] (spans:  ) "As armas que tu acha e traz para ca" (language: Galactic Common) (NCR (38, 222, 2))
[2021-05-23 19:49:35.242] TCOMMS: dantesousa/(Dante Sousa) [NCR] (spans:  ) "Ai tu pode pegar elas tambem e pegar ammo" (language: Galactic Common) (NCR (38, 222, 2))
[2021-05-23 19:49:52.375] TCOMMS: luiz20/(Luiz Borgos Segundo) [NCR] (spans:  ) "Tá quente né?" (language: Galactic Common) (Wasteland (27, 188, 2))
[2021-05-23 19:50:08.662] TCOMMS: kaduh/(Erika Miller) [Common] (spans:  ) "Ola povo" (language: Galactic Common) (Followers of the Apocalypse (98, 46, 3))
[2021-05-23 19:50:21.795] TCOMMS: kaduh/(Erika Miller) [Common] (spans:  ) "Sou a medica dos seguidores espero que estejam bem" (language: Galactic Common) (Followers of the Apocalypse (90, 46, 3))
[2021-05-23 19:51:11.273] TCOMMS: Jhonatan lima/(Luicio Notav) [Common] (spans:  ) "Ako" (language: Galactic Common) (Tunnel (66, 190, 3))
[2021-05-23 19:51:24.740] TCOMMS: Mr.Universo/(Lucas Chikui) [Common] (spans:  ) "Hmmm" (language: Galactic Common) (NCR (32, 190, 2))
[2021-05-23 19:52:01.336] TCOMMS: dantesousa/(Dante Sousa) [NCR] (spans:  ) "Lembrando que o luiz pode entrar aqui para se equipar" (language: Galactic Common) (Wasteland (33, 196, 2))
[2021-05-23 19:56:55.124] TCOMMS: luiz20/(Luiz Borgos Segundo) [NCR] (spans:  ) "É pra cá" (language: Galactic Common) (Wasteland (112, 185, 2))
[2021-05-23 19:58:09.507] TCOMMS: luiz20/(Luiz Borgos Segundo) [148.9] (spans:  ) "Alo" (language: Galactic Common) (Wasteland (168, 215, 2))
[2021-05-23 19:58:10.220] TCOMMS: Goldencatc/(Kaleb Mcloskey) [148.9] (spans:  ) "BoS?" (language: Galactic Common) (Wasteland (169, 215, 2))
[2021-05-23 19:58:21.489] TCOMMS: Goldencatc/(Kaleb Mcloskey) [148.9] (spans:  ) "Estamos em oferta de paz aqui no portão." (language: Galactic Common) (Wasteland (170, 215, 2))
[2021-05-23 19:58:24.094] TCOMMS: Goldencatc/(Kaleb Mcloskey) [148.9] (spans:  ) "É a NCR." (language: Galactic Common) (Wasteland (170, 215, 2))
[2021-05-23 19:58:32.525] TCOMMS: luiz20/(Luiz Borgos Segundo) [148.9] (spans:  ) "Olha sinceramente" (language: Galactic Common) (Brotherhood of Steel (168, 216, 2))
[2021-05-23 19:58:35.003] TCOMMS: Goldencatc/(Kaleb Mcloskey) [148.9] (spans:  ) "Abre ai." (language: Galactic Common) (Wasteland (170, 215, 2))
[2021-05-23 19:59:43.150] TCOMMS: Mr.Universo/(Lucas Chikui) [NCR] (spans:  ) "Capitão" (language: Galactic Common) (Wasteland (29, 187, 2))
[2021-05-23 19:59:44.560] TCOMMS: dantesousa/(Dante Sousa) [NCR] (spans:  ) "Nosso sargento está auqi" (language: Galactic Common) (NCR (37, 218, 2))
[2021-05-23 19:59:47.256] TCOMMS: dantesousa/(Dante Sousa) [NCR] (spans:  ) "Sim lucas?" (language: Galactic Common) (NCR (35, 218, 2))
[2021-05-23 20:00:00.400] TCOMMS: Mr.Universo/(Lucas Chikui) [NCR] (spans:  ) "Tem algo para limpar aqui, ta muito sujo o chao, ta me dando agonia já" (language: Galactic Common) (Wasteland (29, 187, 2))
[2021-05-23 20:00:17.469] TCOMMS: dantesousa/(Dante Sousa) [NCR] (spans:  ) "Um momento" (language: Galactic Common) (Wasteland (11, 196, 2))
[2021-05-23 20:00:41.841] TCOMMS: fidgetybacchus/(Aster Crowley) [NCR] (spans:  ) "Aproveitei que alguém fez pegadinha comigo e tomei banho." (language: Galactic Common) (NCR (12, 214, 2))
[2021-05-23 20:01:00.219] TCOMMS: dantesousa/(Dante Sousa) [NCR] (spans:  ) "A deusa fidzinha, conheço ela, rainha das pegadinha...." (language: Galactic Common) (Wasteland (36, 195, 2))
[2021-05-23 20:01:09.444] TCOMMS: fidgetybacchus/(Aster Crowley) [NCR] (spans:  ) "É..." (language: Galactic Common) (Wasteland (36, 198, 2))
[2021-05-23 20:01:11.528] TCOMMS: Mr.Universo/(Lucas Chikui) [NCR] (spans:  ) "Se aproximando dosi" (language: Galactic Common) (Wasteland (29, 187, 2))
[2021-05-23 20:01:19.226] TCOMMS: Mr.Universo/(Lucas Chikui) [NCR] (spans:  ) "Nosso mercenario e o kaleb" (language: Galactic Common) (Wasteland (29, 187, 2))
[2021-05-23 20:01:27.568] TCOMMS: Mr.Universo/(Lucas Chikui) [NCR] (spans:  ) "Tao falando que nao tiveram sucesso" (language: Galactic Common) (Wasteland (29, 187, 2))
[2021-05-23 20:04:18.834] TCOMMS: Mr.Universo/(Lucas Chikui) [NCR] (spans:  ) "Capitão, tive uma ideia denovo..." (language: Galactic Common) (Wasteland (29, 187, 2))
[2021-05-23 20:04:58.168] TCOMMS: Mr.Universo/(Lucas Chikui) [NCR] (spans:  ) "Que tal colocarmos cameras, e se der, nao so aqui, em toda cidade" (language: Galactic Common) (Wasteland (28, 187, 2))
[2021-05-23 20:05:35.210] TCOMMS: Mr.Universo/(Lucas Chikui) [NCR] (spans:  ) "A lo" (language: Galactic Common) (Wasteland (28, 187, 2))
[2021-05-23 20:07:00.572] TCOMMS: dantesousa/(Dante Sousa) [NCR] (spans:  ) "Oque deu?" (language: Galactic Common) (NCR (31, 190, 2))
[2021-05-23 20:07:00.709] TCOMMS: kaduh/(Erika Miller) [NCR] (spans:  ) "Hmmm ola cheguei agora na cidade nunca estive aqui antes... sminha patente é off duty..." (language: Galactic Common) (NCR (5, 203, 2))
[2021-05-23 20:07:06.413] TCOMMS: fidgetybacchus/(Aster Crowley) [NCR] (spans:  ) "Gozaram no Dante" (language: Galactic Common) (Wasteland (26, 195, 2))
[2021-05-23 20:07:23.215] TCOMMS: dantesousa/(Dante Sousa) [NCR] (spans:  ) "Aster.." (language: Galactic Common) (NCR (32, 190, 2))
[2021-05-23 20:07:39.534] TCOMMS: dantesousa/(Dante Sousa) [NCR] (spans:  ) "Já falei para não gozar em mim quando eu to ocupado" (language: Galactic Common) (NCR (32, 190, 2))
[2021-05-23 20:07:46.790] TCOMMS: dantesousa/(Dante Sousa) [NCR] (spans:  ) "Temos um deathclaw aqui aliás" (language: Galactic Common) (NCR (32, 190, 2))
[2021-05-23 20:08:05.281] TCOMMS: Mr.Universo/(Lucas Chikui) [NCR] (spans:  ) "Abre" (language: Galactic Common) (Wasteland (26, 193, 2))
[2021-05-23 20:08:10.350] TCOMMS: Mr.Universo/(Lucas Chikui) [NCR] (spans:  ) "To de sniper" (language: Galactic Common) (Wasteland (26, 193, 2))
[2021-05-23 20:08:37.060] TCOMMS: Mr.Universo/(Lucas Chikui) [NCR] (spans:  ) "Monstro ginagte[" (language: Galactic Common) (Wasteland (25, 189, 2))
[2021-05-23 20:08:42.337] TCOMMS: dantesousa/(Dante Sousa) [NCR] (spans:  ) "Atira" (language: Galactic Common) (NCR (31, 190, 2))
[2021-05-23 20:08:48.118] TCOMMS: fidgetybacchus/(Aster Crowley) [NCR] (spans:  ) "Sai" (language: Galactic Common) (Wasteland (23, 184, 2))
[2021-05-23 20:08:50.230] TCOMMS: fidgetybacchus/(Aster Crowley) [NCR] (spans:  ) "Eu mato" (language: Galactic Common) (Wasteland (23, 184, 2))
[2021-05-23 20:09:08.625] TCOMMS: luiz20/(Luiz Borgos Segundo) [NCR] (spans:  ) "TÁ ATIRANDO EM  MIM" (language: Galactic Common) (Wasteland (41, 187, 2))
[2021-05-23 20:09:10.584] TCOMMS: luiz20/(Luiz Borgos Segundo) [NCR] (spans:  ) "Porra" (language: Galactic Common) (Wasteland (39, 187, 2))
[2021-05-23 20:11:01.373] TCOMMS: luiz20/(Luiz Borgos Segundo) [NCR] (spans:  ) "Vou tampar o buraco" (language: Galactic Common) (Wasteland (27, 185, 2))
[2021-05-23 20:12:30.206] TCOMMS: dantesousa/(Dante Sousa) [NCR] (spans:  ) "Cade o luiz" (language: Galactic Common) (Wasteland (36, 198, 2))
[2021-05-23 20:13:16.154] TCOMMS: kaduh/(Erika Miller) [NCR] (spans:  ) "Eu sei plantar tambem" (language: Galactic Common) (Wasteland (23, 199, 2))
[2021-05-23 20:14:34.513] TCOMMS: Mr.Universo/(Lucas Chikui) [NCR] (spans:  ) "Tem que fechar aquela merda" (language: Galactic Common) (Wasteland (26, 184, 2))
[2021-05-23 20:15:07.516] TCOMMS: kaduh/(Erika Miller) [NCR] (spans:  ) "Eu preciso mata os germes do mundo" (language: Galactic Common) (Wasteland (26, 190, 2))
[2021-05-23 20:16:49.002] TCOMMS: kaduh/(Erika Miller) [Common] (spans:  yell ) "Os germes tão vencendo a batalha!!!!!!" (language: Galactic Common) (NCR (37, 205, 2))
[2021-05-23 20:17:07.042] TCOMMS: luiz20/(Luiz Borgos Segundo) [NCR] (spans:  ) "Vou tampar esse buraco logo" (language: Galactic Common) (Wasteland (24, 197, 2))
[2021-05-23 20:17:14.814] TCOMMS: dantesousa/(Dante Sousa) [NCR] (spans:  ) "Ja foi feito" (language: Galactic Common) (Wasteland (16, 184, 2))
[2021-05-23 20:18:57.511] TCOMMS: Mr.Universo/(Lucas Chikui) [NCR] (spans:  ) "Ninguem morreu né?" (language: Galactic Common) (Wasteland (26, 182, 2))
[2021-05-23 20:19:04.787] TCOMMS: luiz20/(Luiz Borgos Segundo) [NCR] (spans:  ) "Só eu" (language: Galactic Common) (Wasteland (21, 184, 2))
[2021-05-23 20:19:06.532] TCOMMS: fidgetybacchus/(Aster Crowley) [NCR] (spans:  ) "Achei uma vault" (language: Galactic Common) (Tunnel (48, 139, 4))
[2021-05-23 20:19:16.521] TCOMMS: kaduh/(Erika Miller) [NCR] (spans:  ) "Bem eu vou mexer com as plantas..." (language: Galactic Common) (Wasteland (19, 196, 2))
[2021-05-23 20:19:20.978] TCOMMS: luiz20/(Luiz Borgos Segundo) [NCR] (spans:  ) "Quer que eu leve voces na vault?" (language: Galactic Common) (Wasteland (21, 184, 2))
[2021-05-23 20:19:22.284] TCOMMS: dantesousa/(Dante Sousa) [NCR] (spans:  ) "Ok" (language: Galactic Common) (Wasteland (30, 195, 2))
[2021-05-23 20:19:28.376] TCOMMS: kaduh/(Erika Miller) [NCR] (spans:  ) "Voces preferem comida ou remedio?" (language: Galactic Common) (Wasteland (21, 196, 2))
[2021-05-23 20:19:36.609] TCOMMS: Goldencatc/(Kaleb Mcloskey) [NCR] (spans:  ) "Comida" (language: Galactic Common) (Wasteland (61, 183, 2))
[2021-05-23 20:19:41.184] TCOMMS: Mr.Universo/(Lucas Chikui) [NCR] (spans:  ) "Se desse para escolher os dois seria melhor" (language: Galactic Common) (Wasteland (25, 183, 2))
[2021-05-23 20:19:42.969] TCOMMS: luiz20/(Luiz Borgos Segundo) [NCR] (spans:  ) "?" (language: Galactic Common) (Wasteland (25, 186, 2))
[2021-05-23 20:20:11.472] TCOMMS: kaduh/(Erika Miller) [NCR] (spans:  ) "Vou tentar os dois... se tive u bench da ate pra fazer Stimpak" (language: Galactic Common) (Wasteland (44, 215, 2))
[2021-05-23 20:20:20.664] TCOMMS: luiz20/(Luiz Borgos Segundo) [NCR] (spans:  ) "Se quiserem eu levo voces na vault" (language: Galactic Common) (Wasteland (29, 197, 2))
[2021-05-23 20:20:24.243] TCOMMS: luiz20/(Luiz Borgos Segundo) [NCR] (spans:  ) "Eu sei o caminho" (language: Galactic Common) (Wasteland (29, 197, 2))
[2021-05-23 20:20:58.442] TCOMMS: Goldencatc/(Kaleb Mcloskey) [NCR] (spans:  ) "Vou leva-los para Vault, cap." (language: Galactic Common) (Wasteland (26, 191, 2))
[2021-05-23 20:21:16.780] TCOMMS: dantesousa/(Dante Sousa) [NCR] (spans:  ) "Certo." (language: Galactic Common) (Caves (51, 233, 3))
[2021-05-23 20:21:33.309] TCOMMS: kaduh/(Erika Miller) [NCR] (spans:  ) "Vão invadir a vault?" (language: Galactic Common) (Wasteland (28, 215, 2))
[2021-05-23 20:22:01.877] TCOMMS: luiz20/(Luiz Borgos Segundo) [144.1] (spans:  ) "Tá ai" (language: Galactic Common) (Vault (50, 146, 4))
[2021-05-23 20:22:16.047] TCOMMS: Goldencatc/(Kaleb Mcloskey) [NCR] (spans:  ) "Onde é a vault?" (language: Galactic Common) (Tunnel (163, 164, 3))
[2021-05-23 20:22:21.522] TCOMMS: luiz20/(Luiz Borgos Segundo) [NCR] (spans:  ) "Em baixo da terra" (language: Galactic Common) (Tunnel (49, 143, 4))
[2021-05-23 20:22:30.671] TCOMMS: luiz20/(Luiz Borgos Segundo) [NCR] (spans:  ) "Já chegamo aqui" (language: Galactic Common) (Tunnel (49, 143, 4))
[2021-05-23 20:22:40.906] TCOMMS: Goldencatc/(Kaleb Mcloskey) [NCR] (spans:  ) "Estou nos esgostos." (language: Galactic Common) (Tunnel (164, 149, 3))
[2021-05-23 20:22:49.392] TCOMMS: luiz20/(Luiz Borgos Segundo) [NCR] (spans:  ) "To indo te buscar" (language: Galactic Common) (Tunnel (89, 143, 4))
[2021-05-23 20:22:51.254] TCOMMS: kaduh/(Erika Miller) [NCR] (spans:  ) "Onde é a fazenda daqui?" (language: Galactic Common) (NCR (36, 203, 2))
[2021-05-23 20:23:33.839] TCOMMS: luiz20/(Luiz Borgos Segundo) [NCR] (spans:  ) "Volta pra superfice" (language: Galactic Common) (Tunnel (31, 183, 3))
[2021-05-23 20:23:40.111] TCOMMS: luiz20/(Luiz Borgos Segundo) [NCR] (spans:  ) "Pra nois se encontra" (language: Galactic Common) (Tunnel (24, 184, 3))
[2021-05-23 20:23:41.852] TCOMMS: Goldencatc/(Kaleb Mcloskey) [NCR] (spans:  ) "Meio que me perdi aqui." (language: Galactic Common) (Tunnel (123, 184, 3))
[2021-05-23 20:23:46.149] TCOMMS: luiz20/(Luiz Borgos Segundo) [NCR] (spans:  ) "Porra" (language: Galactic Common) (Tunnel (19, 184, 3))
[2021-05-23 20:23:50.124] TCOMMS: Baeiou/(Roderick Malkav) [NCR] (spans:  ) "Unidades, o qu estão fazendo?" (language: Galactic Common) (NCR (19, 213, 2))
[2021-05-23 20:23:54.896] TCOMMS: Baeiou/(Roderick Malkav) [NCR] (spans:  ) "Que. Que." (language: Galactic Common) (NCR (19, 206, 2))
[2021-05-23 20:24:19.672] TCOMMS: Mr.Universo/(Lucas Chikui) [NCR] (spans:  ) "To na frente da nossa base" (language: Galactic Common) (Wasteland (27, 186, 2))
[2021-05-23 20:24:41.301] TCOMMS: Goldencatc/(Kaleb Mcloskey) [NCR] (spans:  ) "Voltei" (language: Galactic Common) (Wasteland (109, 183, 2))
[2021-05-23 20:25:25.746] TCOMMS: fidgetybacchus/(Aster Crowley) [NCR] (spans:  ) "Achei uma entrada pra vault" (language: Galactic Common) (Vault (76, 166, 4))
[2021-05-23 20:25:44.777] TCOMMS: kaduh/(Erika Miller) [NCR] (spans:  ) "A fazendo e isso mesmo nao tem uma mais tecnologica?" (language: Galactic Common) (NCR (54, 202, 2))
[2021-05-23 20:26:32.870] TCOMMS: fidgetybacchus/(Aster Crowley) [NCR] (spans:  ) "Abre" (language: Galactic Common) (Wasteland (31, 188, 2))
[2021-05-23 20:27:39.493] TCOMMS: XXLucasWesleyXx/(Will Riker) [NCR] (spans:  ) "Já pegaram equipamento pra abrir a porta do vault?" (language: Galactic Common) (Wasteland (16, 185, 2))
[2021-05-23 20:27:46.853] TCOMMS: fidgetybacchus/(Aster Crowley) [NCR] (spans:  ) "Achei um buraco" (language: Galactic Common) (Tunnel (16, 184, 3))
[2021-05-23 20:29:38.465] TCOMMS: Kosolov325/(Lucas Calado) [Common] (spans:  ) "Hmmm" (language: Galactic Common) (Brotherhood of Steel Leisure Areas (228, 248, 3))
[2021-05-23 20:29:43.566] TCOMMS: Mr.Universo/(Lucas Chikui) [Common] (spans:  ) "Ue" (language: Galactic Common) (Tunnel (23, 184, 3))
[2021-05-23 20:29:47.022] TCOMMS: Mr.Universo/(Lucas Chikui) [Common] (spans:  ) "Quem es tu" (language: Galactic Common) (Tunnel (23, 184, 3))
[2021-05-23 20:29:47.671] TCOMMS: GabrielDoomBR/(Baam Frest) [Common] (spans:  ) "Voltei" (language: Galactic Common) (City (60, 48, 2))
[2021-05-23 20:30:48.813] TCOMMS: GabrielDoomBR/(Baam Frest) [Common] (spans:  ) "Que que ta acontecendo ai na mojave" (language: Galactic Common) (City (59, 48, 2))
[2021-05-23 20:30:57.194] TCOMMS: luiz20/(Luiz Borgos Segundo) [NCR] (spans:  ) "Abre a medbay aqui" (language: Galactic Common) (NCR (36, 202, 2))
[2021-05-23 20:31:31.511] TCOMMS: luiz20/(Luiz Borgos Segundo) [NCR] (spans:  ) "Melhor não ficar entrando na vault" (language: Galactic Common) (Wasteland (10, 184, 2))
[2021-05-23 20:31:54.951] TCOMMS: GabrielDoomBR/(Baam Frest) [Common] (spans:  ) "Como que ta a ncr" (language: Galactic Common) (Wasteland (12, 184, 2))
[2021-05-23 20:37:03.189] TCOMMS: Mr.Universo/(Lucas Chikui) [NCR] (spans:  ) "Alo" (language: Galactic Common) (Tunnel (145, 138, 3))
[2021-05-23 20:37:08.039] TCOMMS: dantesousa/(Dante Sousa) [NCR] (spans:  ) "Opa" (language: Galactic Common) (Vault (50, 161, 4))
[2021-05-23 20:37:19.230] TCOMMS: Mr.Universo/(Lucas Chikui) [NCR] (spans:  ) "To no subsolo, achei umas armas e tals" (language: Galactic Common) (Tunnel (152, 134, 3))
[2021-05-23 20:38:33.526] TCOMMS: dantesousa/(Dante Sousa) [NCR] (spans:  ) "Power armor" (language: Galactic Common) (Vault (45, 185, 4))
[2021-05-23 20:40:27.527] TCOMMS: Mr.Universo/(Lucas Chikui) [NCR] (spans:  ) "Monstro gigante avistado no subsolo" (language: Galactic Common) (Building (195, 113, 3))
[2021-05-23 20:40:48.639] TCOMMS: luiz20/(Luiz Borgos Segundo) [NCR] (spans:  ) "Alguem pegou executive?" (language: Galactic Common) (Vault (38, 180, 4))
[2021-05-23 20:40:56.243] TCOMMS: Mr.Universo/(Lucas Chikui) [NCR] (spans:  ) "Eu nao" (language: Galactic Common) (Tunnel (179, 134, 3))
[2021-05-23 20:41:36.031] TCOMMS: luiz20/(Luiz Borgos Segundo) [NCR] (spans:  ) "Alguem quer usar power armor?" (language: Galactic Common) (Vault (45, 185, 4))
[2021-05-23 20:41:41.543] TCOMMS: Goldencatc/(Kaleb Mcloskey) [NCR] (spans:  ) "Eu" (language: Galactic Common) (Vault (62, 180, 4))
[2021-05-23 20:41:41.876] TCOMMS: fidgetybacchus/(Aster Crowley) [NCR] (spans:  ) "Não" (language: Galactic Common) (Vault (74, 166, 4))
[2021-05-23 20:41:42.774] TCOMMS: Mr.Universo/(Lucas Chikui) [NCR] (spans:  ) "Eu nao" (language: Galactic Common) (Wasteland (137, 161, 2))
[2021-05-23 20:44:18.178] TCOMMS: Mr.Universo/(Lucas Chikui) [NCR] (spans:  ) "Alguem abre ao portao, o roderick ta dormindo" (language: Galactic Common) (Wasteland (26, 190, 2))
[2021-05-23 20:48:21.935] TCOMMS: SondTheAnime/(Kane Lens) [NCR] (spans:  ) "Alo." (language: Galactic Common) (NCR (16, 211, 2))
[2021-05-23 20:49:05.267] TCOMMS: SondTheAnime/(Kane Lens) [NCR] (spans:  ) "Alguém?" (language: Galactic Common) (Wasteland (12, 240, 2))
[2021-05-23 20:49:11.655] TCOMMS: Mr.Universo/(Lucas Chikui) [NCR] (spans:  ) "Alo" (language: Galactic Common) (Tunnel (165, 131, 3))
[2021-05-23 20:49:35.720] TCOMMS: SondTheAnime/(Kane Lens) [NCR] (spans:  ) "O que aconteceu aqui no QG? Tem bandeira da Legião." (language: Galactic Common) (Wasteland (20, 232, 2))
[2021-05-23 20:50:27.061] TCOMMS: luiz20/(Luiz Borgos Terceiro) [BOS] (spans:  ) "Boa tarde irmãos" (language: Galactic Common) (Brotherhood of Steel 1st Floor Offices (249, 198, 3))
[2021-05-23 20:50:41.569] TCOMMS: Mr.Universo/(Lucas Chikui) [NCR] (spans:  ) "Matei" (language: Galactic Common) (Tunnel (184, 50, 3))
[2021-05-23 20:51:33.509] TCOMMS: fidgetybacchus/(Aster Crowley) [NCR] (spans:  ) "VODKA!" (language: Galactic Common) (Bunker (203, 112, 3))
[2021-05-23 20:52:32.588] TCOMMS: Mr.Universo/(Lucas Chikui) [NCR] (spans:  yell ) "E um viva para nos!!!" (language: Galactic Common) (Tunnel (179, 131, 3))
[2021-05-23 20:54:09.083] TCOMMS: Kaduh/(Erika Miller) [NCR] (spans:  ) "Os NCR podem roubar outras facçoes?" (language: Galactic Common) (NCR (53, 202, 2))
[2021-05-23 20:54:20.137] TCOMMS: Mr.Universo/(Lucas Chikui) [NCR] (spans:  ) "Depende" (language: Galactic Common) (Tunnel (133, 149, 3))
[2021-05-23 20:54:32.025] TCOMMS: SondTheAnime/(Kane Lens) [NCR] (spans:  ) "Não deveria sem ser nossos inimigos" (language: Galactic Common) (Wasteland (35, 195, 2))
[2021-05-23 20:54:35.962] TCOMMS: Kaduh/(Erika Miller) [NCR] (spans:  ) "Tipo a power armo do overseer?" (language: Galactic Common) (NCR (52, 202, 2))
[2021-05-23 20:55:04.191] TCOMMS: SondTheAnime/(Kane Lens) [NCR] (spans:  ) "Se eles atacou a gente e virou nossos inimigos, creio que sim. Mas roubarmos alguém sem ser, não." (language: Galactic Common) (NCR (31, 193, 2))
[2021-05-23 20:56:12.348] TCOMMS: luiz20/(Luiz Borgos Terceiro) [BOS] (spans:  ) "To saindo pra pegar tecnologia" (language: Galactic Common) (Brotherhood of Steel (168, 229, 2))
[2021-05-23 20:56:48.577] TCOMMS: Mr.Universo/(Lucas Chikui) [NCR] (spans:  ) "Ahcei uma plantação de canabis" (language: Galactic Common) (Tunnel (128, 111, 3))
[2021-05-23 20:56:55.116] TCOMMS: luiz20/(Luiz Borgos Terceiro) [BOS] (spans:  ) "Maluco" (language: Galactic Common) (Wasteland (182, 186, 2))
[2021-05-23 20:59:00.899] TCOMMS: luiz20/(Luiz Borgos Terceiro) [BOS] (spans:  ) "Eu te curei" (language: Galactic Common) (Brotherhood of Steel (174, 217, 2))
[2021-05-23 20:59:03.836] TCOMMS: luiz20/(Luiz Borgos Terceiro) [BOS] (spans:  ) "Retardado" (language: Galactic Common) (Brotherhood of Steel (174, 217, 2))
[2021-05-23 20:59:07.708] TCOMMS: luiz20/(Luiz Borgos Terceiro) [BOS] (spans:  ) "Espera ai" (language: Galactic Common) (Brotherhood of Steel (175, 216, 2))
[2021-05-23 20:59:34.372] TCOMMS: fidgetybacchus/(Aster Crowley) [NCR] (spans:  ) "Tô sem munição." (language: Galactic Common) (NCR (64, 228, 2))
[2021-05-23 20:59:49.027] TCOMMS: Mr.Universo/(Lucas Chikui) [NCR] (spans:  ) "Tem masi munições de outro ipo que coloquei na armory" (language: Galactic Common) (Wasteland (107, 192, 2))
[2021-05-23 20:59:49.201] TCOMMS: luiz20/(Luiz Borgos Terceiro) [BOS] (spans:  ) "Para seu retardado" (language: Galactic Common) (Brotherhood of Steel (142, 232, 2))
[2021-05-23 20:59:53.602] TCOMMS: luiz20/(Luiz Borgos Terceiro) [BOS] (spans:  ) "Eu sou seu chefe" (language: Galactic Common) (Brotherhood of Steel (142, 231, 2))
[2021-05-23 21:00:06.168] TCOMMS: Kosolov325/(Lucas Calado) [BOS] (spans:  ) "Me demito então, bixona" (language: Galactic Common) (Wasteland (178, 184, 2))
[2021-05-23 21:00:19.445] TCOMMS: luiz20/(Luiz Borgos Terceiro) [BOS] (spans:  ) "Beleza" (language: Galactic Common) (Brotherhood of Steel (165, 231, 2))
[2021-05-23 21:00:35.684] TCOMMS: luiz20/(Luiz Borgos Terceiro) [BOS] (spans:  ) "A bos não aceita pessoas como voce" (language: Galactic Common) (Brotherhood of Steel (141, 233, 2))
[2021-05-23 21:00:43.054] TCOMMS: luiz20/(Luiz Borgos Terceiro) [BOS] (spans:  ) "Então não importa voce ir embora" (language: Galactic Common) (Brotherhood of Steel (142, 233, 2))
[2021-05-23 21:00:44.871] TCOMMS: Kosolov325/(Lucas Calado) [BOS] (spans:  ) "Só bixonas, igual você" (language: Galactic Common) (Village (175, 178, 2))
[2021-05-23 21:01:11.590] TCOMMS: luiz20/(Luiz Borgos Terceiro) [BOS] (spans:  ) "Falo o cara que morreu pra uma &#39;&#39;bixona&#39;&#39;" (language: Galactic Common) (Brotherhood of Steel (146, 233, 2))
[2021-05-23 21:01:25.484] TCOMMS: Kosolov325/(Lucas Calado) [BOS] (spans:  ) "Eu estou vivo" (language: Galactic Common) (Wasteland (208, 185, 2))
[2021-05-23 21:01:28.625] TCOMMS: Kosolov325/(Lucas Calado) [BOS] (spans:  ) "Não?" (language: Galactic Common) (Building (208, 189, 2))
[2021-05-23 21:01:33.910] TCOMMS: luiz20/(Luiz Borgos Terceiro) [BOS] (spans:  ) "Claro eu te curei" (language: Galactic Common) (Brotherhood of Steel (159, 237, 2))
[2021-05-23 21:01:36.913] TCOMMS: Mr.Universo/(Lucas Chikui) [NCR] (spans:  yell ) "RODERICK!!!ABRE!!" (language: Galactic Common) (Wasteland (25, 191, 2))
[2021-05-23 21:01:38.794] TCOMMS: luiz20/(Luiz Borgos Terceiro) [BOS] (spans:  ) "Sem mim voce tinha morrido" (language: Galactic Common) (Brotherhood of Steel (159, 237, 2))
[2021-05-23 21:01:39.342] TCOMMS: Kosolov325/(Lucas Calado) [BOS] (spans:  ) "Não lembro disso" (language: Galactic Common) (Building (196, 194, 2))
[2021-05-23 21:01:58.751] TCOMMS: luiz20/(Luiz Borgos Terceiro) [BOS] (spans:  ) "Então porque voce me atirou" (language: Galactic Common) (Brotherhood of Steel (138, 233, 2))
[2021-05-23 21:02:05.426] TCOMMS: luiz20/(Luiz Borgos Terceiro) [BOS] (spans:  ) "Já que não te matei?" (language: Galactic Common) (Brotherhood of Steel (138, 233, 2))
[2021-05-23 21:02:19.755] TCOMMS: Kosolov325/(Lucas Calado) [BOS] (spans:  ) "Porque você tentou me matar e falhou miseravelmente" (language: Galactic Common) (Wasteland (189, 185, 2))
[2021-05-23 21:02:25.880] TCOMMS: luiz20/(Luiz Borgos Terceiro) [BOS] (spans:  ) "Eu te curei" (language: Galactic Common) (Brotherhood of Steel (129, 238, 2))
[2021-05-23 21:02:30.574] TCOMMS: Kosolov325/(Lucas Calado) [BOS] (spans:  ) "Não lembro disso." (language: Galactic Common) (Wasteland (155, 185, 2))
[2021-05-23 21:02:38.983] TCOMMS: luiz20/(Luiz Borgos Terceiro) [BOS] (spans:  ) "Voce não lembra pq é bixa" (language: Galactic Common) (Brotherhood of Steel Operations Department (228, 234, 3))
[2021-05-23 21:03:16.789] TCOMMS: Kosolov325/(Lucas Calado) [BOS] (spans:  ) "Sou eu q-que est-t-tou es-s-s-sc-condid-d-do n-na bas-se?-?-? H-Hm-mm-mm-m" (language: Galactic Common) (Building (136, 194, 2))
[2021-05-23 21:03:27.729] TCOMMS: luiz20/(Luiz Borgos Terceiro) [BOS] (spans:  ) "Eu tou do lado de fora" (language: Galactic Common) (Brotherhood of Steel Operations Department (238, 230, 3))
[2021-05-23 21:03:35.237] TCOMMS: Kosolov325/(Lucas Calado) [BOS] (spans:  ) "Eu est-tou in-n-nd-do m-me ex-xp-plod-dir-r n-na NC-C-CR-R-R" (language: Galactic Common) (Wasteland (119, 178, 2))
[2021-05-23 21:03:45.751] TCOMMS: luiz20/(Luiz Borgos Terceiro) [BOS] (spans:  ) "Ok problema não é meu" (language: Galactic Common) (Brotherhood of Steel Operations Department (238, 230, 3))
[2021-05-23 21:04:03.815] TCOMMS: Kosolov325/(Lucas Calado) [BOS] (spans:  ) "Ou seja, bixona" (language: Galactic Common) (Tunnel (70, 176, 3))
[2021-05-23 21:04:11.917] TCOMMS: luiz20/(Luiz Borgos Terceiro) [BOS] (spans:  ) "Cala boca" (language: Galactic Common) (Brotherhood of Steel Operations Department (238, 230, 3))
[2021-05-23 21:04:15.033] TCOMMS: luiz20/(Luiz Borgos Terceiro) [BOS] (spans:  ) "Morre logo" (language: Galactic Common) (Brotherhood of Steel Operations Department (238, 230, 3))
[2021-05-23 21:04:21.624] TCOMMS: Kosolov325/(Lucas Calado) [BOS] (spans:  ) "Primeiro as damas" (language: Galactic Common) (Tunnel (29, 182, 3))
[2021-05-23 21:04:45.984] TCOMMS: luiz20/(Luiz Borgos Terceiro) [BOS] (spans:  ) "Fica calado lucas" (language: Galactic Common) (Brotherhood of Steel Operations Department (238, 231, 3))
[2021-05-23 21:04:54.209] TCOMMS: Kosolov325/(Lucas Calado) [BOS] (spans:  ) "Muito criativo" (language: Galactic Common) (Wasteland (36, 187, 2))
