[2021-05-23 03:23:28.121] Starting up round ID 30.
 - -------------------------
[2021-05-23 03:27:43.102] SondTheAnime \ Courier \ Head Paladin \ NONE \ LATEJOIN
[2021-05-23 03:28:02.303] Darkrazor191 \ Kangu Zhakir \ Hunter \ NONE \ LATEJOIN
[2021-05-23 03:28:10.540] Goldencatc \ Everett Metzer \ Legion Orator \ NONE \ LATEJOIN
[2021-05-23 03:28:19.463] AlbertoVinhofino \ Zion Focell \ Proctor \ NONE \ LATEJOIN
[2021-05-23 03:28:52.361] Dantesousa \ Dante Sousa \ NCR Captain \ NONE \ LATEJOIN
[2021-05-23 03:29:12.280] FidgetyBacchus \ Aster Crowley \ NCR Veteran Ranger \ NONE \ LATEJOIN
[2021-05-23 03:29:18.129] Luciam \ Victoria Valentine \ Villager \ NONE \ LATEJOIN
[2021-05-23 03:30:01.654] Italos \ Josef Polson \ NCR Lieutenant \ NONE \ LATEJOIN
[2021-05-23 03:32:09.821] goldencatc \ Everett Metzer \ Sheriff \ NONE \ LATEJOIN
[2021-05-23 03:32:17.690] Marco25555 \ Nydia S. Highlands \ NCR Combat Engineer \ NONE \ LATEJOIN
[2021-05-23 03:32:26.302] XXLucasWesleyXx \ Will Riker \ NCR Sergeant \ NONE \ LATEJOIN
[2021-05-23 03:33:03.824] Bruno-Asbahr \ Montagne Jorshall \ Hunter \ NONE \ LATEJOIN
[2021-05-23 03:35:17.401] Kaduh \ Erika Miller \ Followers Volunteer \ NONE \ LATEJOIN
[2021-05-23 03:36:22.595] goldencatc \ Colby Hincken \ Great Khan \ NONE \ LATEJOIN
[2021-05-23 03:49:42.702] AlexAlbright \ Alex Magnus Primeiro \ Villager \ NONE \ LATEJOIN
[2021-05-23 04:16:56.628] alexalbright \ Darios Scalicius \ Druid \ NONE \ LATEJOIN
[2021-05-23 04:27:55.322] goldencatc \ Colby Hincken \ NCR Sergeant First Class \ NONE \ LATEJOIN
[2021-05-23 05:16:45.888] AlexAlbright \ Darios Scalicius \ Legion Explorer \ NONE \ LATEJOIN
[2021-05-23 05:24:12.368] goldencatc \ Edward Basinger \ NCR Sergeant \ NONE \ LATEJOIN
[2021-05-23 05:43:03.864] goldencatc \ Kaleb Mcloskey \ NCR Corporal \ NONE \ LATEJOIN
[2021-05-23 06:01:20.022] alexalbright \ Alex Magnus Primeiro \ Legion Centurion \ NONE \ LATEJOIN
[2021-05-23 06:06:48.790] Elvisaaron \ Elvis Aaron \ Citizen \ NONE \ LATEJOIN
[2021-05-23 06:08:29.582] dantesousa \ Declan Smith \ Coven Witch \ NONE \ LATEJOIN
