[2021-05-23 03:23:28.126] Starting up round ID 30.
 - -------------------------
[2021-05-23 03:23:29.287] INIT: Initialized Profiler subsystem within 0 seconds!
[2021-05-23 03:23:29.435] Fail2Topic: Failed to drop firewall rule. Exit code: 1.
[2021-05-23 03:23:29.435] INIT: Initialized Fail2Topic subsystem within 0.2 seconds!
[2021-05-23 03:23:29.504] INIT: Initialized Title Screen subsystem within 0.1 seconds!
[2021-05-23 03:23:29.504] INIT: Initialized Database subsystem within 0 seconds!
[2021-05-23 03:23:29.505] INIT: Initialized Stat Panels subsystem within 0 seconds!
[2021-05-23 03:23:29.505] INIT: Initialized Blackbox subsystem within 0 seconds!
[2021-05-23 03:23:29.506] INIT: Initialized Server Tasks subsystem within 0 seconds!
[2021-05-23 03:23:29.507] INIT: Initialized Input subsystem within 0 seconds!
[2021-05-23 03:23:29.509] INIT: Initialized Sounds subsystem within 0 seconds!
[2021-05-23 03:23:29.509] INIT: Initialized Vis contents overlays subsystem within 0 seconds!
[2021-05-23 03:23:29.576] INIT: Initialized Research subsystem within 0 seconds!
[2021-05-23 03:23:29.578] INIT: Initialized Events subsystem within 0 seconds!
[2021-05-23 03:23:29.584] INIT: Initialized Jobs subsystem within 0 seconds!
[2021-05-23 03:23:29.586] INIT: Initialized Quirks subsystem within 0 seconds!
[2021-05-23 03:23:29.601] INIT: Initialized Ticker subsystem within 0.1 seconds!
[2021-05-23 03:23:29.621] INIT: Initialized Instruments subsystem within 0 seconds!
[2021-05-23 03:23:46.828] INIT: Initialized Mapping subsystem within 17.2 seconds!
[2021-05-23 03:23:46.840] INIT: Initialized Economy subsystem within 0 seconds!
[2021-05-23 03:23:46.843] INIT: Initialized Networks subsystem within 0 seconds!
[2021-05-23 03:23:46.843] INIT: Initialized Holodeck subsystem within 0 seconds!
[2021-05-23 03:24:35.145] INIT: Initialized Atoms subsystem within 48.3 seconds!
[2021-05-23 03:24:35.187] INIT: Initialized Language subsystem within 0 seconds!
[2021-05-23 03:24:35.214] INIT: Initialized Machines subsystem within 0.1 seconds!
[2021-05-23 03:24:35.311] INIT: Initialized Circuit subsystem within 0.1 seconds!
[2021-05-23 03:24:35.549] INIT: Initialized Atmos Adjacency subsystem within 0.2 seconds!
[2021-05-23 03:24:35.550] INIT: Initialized Autotransfer Vote subsystem within 0 seconds!
[2021-05-23 03:24:35.550] INIT: Initialized Chemistry subsystem within 0 seconds!
[2021-05-23 03:24:35.551] INIT: Initialized Status Effects subsystem within 0 seconds!
[2021-05-23 03:24:35.553] INIT: Initialized Weather subsystem within 0 seconds!
[2021-05-23 03:24:35.558] INIT: Initialized Disease subsystem within 0 seconds!
[2021-05-23 03:24:35.559] INIT: Initialized Item Spawners subsystem within 0 seconds!
[2021-05-23 03:24:35.559] INIT: Initialized Jukeboxes subsystem within 0 seconds!
[2021-05-23 03:24:35.560] INIT: Initialized Medals subsystem within 0 seconds!
[2021-05-23 03:24:36.651] INIT: Initialized Minimaps subsystem within 1.1 seconds!
[2021-05-23 03:24:36.690] INIT: Initialized Mob Spawners subsystem within 0 seconds!
[2021-05-23 03:24:36.690] INIT: Initialized Monster Wave subsystem within 0 seconds!
[2021-05-23 03:24:36.691] INIT: Initialized Day/Night Cycle subsystem within 0 seconds!
[2021-05-23 03:24:36.691] INIT: Initialized Night Shift subsystem within 0 seconds!
[2021-05-23 03:24:36.691] INIT: Initialized Parallax subsystem within 0 seconds!
[2021-05-23 03:24:36.692] INIT: Initialized Sun subsystem within 0 seconds!
[2021-05-23 03:24:37.069] INIT: Initialized Traumas subsystem within 0.4 seconds!
[2021-05-23 03:24:44.738] INIT: Initialized Atmospherics subsystem within 7.7 seconds!
[2021-05-23 03:24:53.593] INIT: Initialized Assets subsystem within 8.8 seconds!
[2021-05-23 03:24:59.257] INIT: Initialized Icon Smoothing subsystem within 5.5 seconds!
[2021-05-23 03:25:00.519] INIT: Initialized Overlay subsystem within 1.3 seconds!
[2021-05-23 03:25:00.520] INIT: Initialized XKeyScore subsystem within 0 seconds!
[2021-05-23 03:25:00.591] INIT: Initialized Sticky Ban subsystem within 0 seconds!
[2021-05-23 03:25:20.009] INIT: Initialized Lighting subsystem within 19.5 seconds!
[2021-05-23 03:25:23.383] INIT: Initialized Shuttle subsystem within 3.3 seconds!
[2021-05-23 03:25:30.249] INIT: Initialized Minor Mapping subsystem within 6.9 seconds!
[2021-05-23 03:25:30.251] INIT: Initialized Pathfinder subsystem within 0 seconds!
[2021-05-23 03:25:30.327] INIT: Initialized Persistence subsystem within 0.1 seconds!
[2021-05-23 03:25:30.327] INIT: Initialized Chat subsystem within 0 seconds!
[2021-05-23 06:46:38.119] Fail2Topic: Failed to drop firewall rule. Exit code: 1.
