[2021-05-23 03:23:28.120] Starting up round ID 30.
 - -------------------------
[2021-05-23 03:28:40.563] TCOMMS: AlbertoVinhofino/(Zion Focell) [BOS] (spans:  ) "Alguém?" (language: Galactic Common) (Brotherhood of Steel RnD Department (235, 204, 3))
[2021-05-23 03:28:44.628] TCOMMS: SondTheAnime/(Courier) [BOS] (spans:  ) "Opa eu" (language: Galactic Common) (Brotherhood of Steel Operations Department (232, 223, 3))
[2021-05-23 03:28:49.773] TCOMMS: AlbertoVinhofino/(Zion Focell) [BOS] (spans:  ) "Salve" (language: Galactic Common) (Brotherhood of Steel RnD Department (234, 203, 3))
[2021-05-23 03:31:22.191] TCOMMS: FidgetyBacchus/(Aster Crowley) [NCR] (spans:  ) "Testando, testando?" (language: Galactic Common) (NCR (29, 213, 3))
[2021-05-23 03:31:28.458] TCOMMS: Dantesousa/(Dante Sousa) [NCR] (spans:  ) "Testado." (language: Galactic Common) (Wasteland (231, 195, 2))
[2021-05-23 03:31:33.668] TCOMMS: Italos/(Josef Polson) [NCR] (spans:  ) "Alou" (language: Galactic Common) (NCR (30, 191, 2))
[2021-05-23 03:31:35.173] TCOMMS: FidgetyBacchus/(Aster Crowley) [NCR] (spans:  ) "Veteran Ranger se apresentando." (language: Galactic Common) (NCR (29, 213, 3))
[2021-05-23 03:31:40.029] TCOMMS: Dantesousa/(Dante Sousa) [NCR] (spans:  ) "Captain." (language: Galactic Common) (Wasteland (231, 234, 2))
[2021-05-23 03:31:49.295] TCOMMS: Italos/(Josef Polson) [NCR] (spans:  ) "Tenente" (language: Galactic Common) (NCR (30, 191, 2))
[2021-05-23 03:35:12.851] TCOMMS: SondTheAnime/(Courier) [BOS] (spans:  ) "Pegou a madeira?" (language: Galactic Common) (Brotherhood of Steel RnD Department (234, 204, 3))
[2021-05-23 03:35:17.664] TCOMMS: AlbertoVinhofino/(Zion Focell) [BOS] (spans:  ) "Peguei" (language: Galactic Common) (Brotherhood of Steel (157, 230, 2))
[2021-05-23 03:37:47.309] TCOMMS: FidgetyBacchus/(Aster Crowley) [NCR] (spans:  ) "Aposto que um tiro da Minha Hecate II mata na hora" (language: Galactic Common) (Wasteland (26, 238, 2))
[2021-05-23 03:38:29.018] TCOMMS: dantesousa/(Dante Sousa) [NCR] (spans:  ) "Raios é isso?" (language: Galactic Common) (Wasteland (26, 206, 2))
[2021-05-23 03:38:42.154] TCOMMS: FidgetyBacchus/(Aster Crowley) [NCR] (spans:  ) "Raios o quê?" (language: Galactic Common) (Wasteland (26, 204, 2))
[2021-05-23 03:38:53.725] TCOMMS: SondTheAnime/(Courier) [BOS] (spans:  ) "Segue eu" (language: Galactic Common) (Brotherhood of Steel (166, 246, 2))
[2021-05-23 03:44:07.065] TCOMMS: AlbertoVinhofino/(Zion Focell) [BOS] (spans:  ) "O foco é diamante?" (language: Galactic Common) (Caves (203, 165, 3))
[2021-05-23 03:44:11.244] TCOMMS: SondTheAnime/(Courier) [BOS] (spans:  ) "Todo tipo" (language: Galactic Common) (Caves (209, 185, 3))
[2021-05-23 03:44:20.086] TCOMMS: AlbertoVinhofino/(Zion Focell) [BOS] (spans:  ) "Entendido" (language: Galactic Common) (Caves (200, 164, 3))
[2021-05-23 03:44:20.929] TCOMMS: SondTheAnime/(Courier) [BOS] (spans:  ) "Todo tipo de minerio" (language: Galactic Common) (Caves (203, 184, 3))
[2021-05-23 03:44:53.674] TCOMMS: AlbertoVinhofino/(Zion Focell) [BOS] (spans:  ) "Vamos melhorar nossas defesas, colocar torretas, uma cryo e mais equipamentos medicos" (language: Galactic Common) (Caves (197, 166, 3))
[2021-05-23 03:45:07.952] TCOMMS: SondTheAnime/(Courier) [BOS] (spans:  ) "Turret não da, precisa do Elder" (language: Galactic Common) (Caves (199, 192, 3))
[2021-05-23 03:45:14.631] TCOMMS: AlbertoVinhofino/(Zion Focell) [BOS] (spans:  ) "Puts..." (language: Galactic Common) (Caves (189, 162, 3))
[2021-05-23 03:46:49.683] TCOMMS: dantesousa/(Dante Sousa) [NCR] (spans:  ) "Sim ja fiz" (language: Galactic Common) (Wasteland (25, 192, 2))
[2021-05-23 03:47:00.942] TCOMMS: goldencatc/(Colby Hincken) [148.9] (spans:  ) "Abre o portão ai BoS." (language: Galactic Common) (Brotherhood of Steel (168, 216, 2))
[2021-05-23 03:47:12.123] TCOMMS: AlbertoVinhofino/(Zion Focell) [BOS] (spans:  ) "Acho que achei uma antiga instalação" (language: Galactic Common) (Caves (167, 150, 3))
[2021-05-23 03:47:21.772] TCOMMS: goldencatc/(Colby Hincken) [Common] (spans:  ) "Hm." (language: Galactic Common) (Wasteland (168, 214, 2))
[2021-05-23 03:47:21.779] TCOMMS: goldencatc/(Colby Hincken) [148.9] (spans:  italics ) "Hm." (language: Galactic Common) (Wasteland (168, 214, 2))
[2021-05-23 03:47:26.748] TCOMMS: SondTheAnime/(Courier) [BOS] (spans:  ) "Onde?" (language: Galactic Common) (Caves (219, 187, 3))
[2021-05-23 03:47:37.915] TCOMMS: AlbertoVinhofino/(Zion Focell) [BOS] (spans:  ) "Calma" (language: Galactic Common) (Caves (166, 155, 3))
[2021-05-23 03:47:53.107] TCOMMS: AlbertoVinhofino/(Zion Focell) [BOS] (spans:  ) "Fica em direção a porta de mineração" (language: Galactic Common) (Caves (166, 155, 3))
[2021-05-23 03:47:59.382] TCOMMS: AlbertoVinhofino/(Zion Focell) [BOS] (spans:  ) "Segue reto e vai achar minha area de escavação" (language: Galactic Common) (Caves (166, 155, 3))
[2021-05-23 03:48:16.563] TCOMMS: AlbertoVinhofino/(Zion Focell) [BOS] (spans:  ) "Minto, deixa eu te achar que fica mais fácil" (language: Galactic Common) (Caves (167, 157, 3))
[2021-05-23 03:48:56.461] TCOMMS: SondTheAnime/(Courier) [BOS] (spans:  ) "Tenta pegar bluespace" (language: Galactic Common) (Caves (177, 152, 3))
[2021-05-23 03:49:01.539] TCOMMS: AlbertoVinhofino/(Zion Focell) [BOS] (spans:  ) "O que seria" (language: Galactic Common) (Caves (166, 161, 3))
[2021-05-23 03:49:09.722] TCOMMS: SondTheAnime/(Courier) [BOS] (spans:  ) "Os ponto azul que tu ver no scanner" (language: Galactic Common) (Caves (187, 153, 3))
[2021-05-23 03:49:26.781] TCOMMS: AlbertoVinhofino/(Zion Focell) [BOS] (spans:  ) "Ah, certo" (language: Galactic Common) (Caves (170, 166, 3))
[2021-05-23 03:50:52.033] TCOMMS: AlbertoVinhofino/(Zion Focell) [BOS] (spans:  ) "Vamos voltar, com o que a gente pegou, já dar pra fazer uma brincadeirinha" (language: Galactic Common) (Caves (198, 166, 3))
[2021-05-23 03:51:27.165] TCOMMS: SondTheAnime/(Courier) [BOS] (spans:  ) "Sim" (language: Galactic Common) (Brotherhood of Steel RnD Department (227, 200, 3))
[2021-05-23 03:53:23.160] TCOMMS: FidgetyBacchus/(Aster Crowley) [NCR] (spans:  ) "Vou explorar." (language: Galactic Common) (Wasteland (26, 198, 2))
[2021-05-23 03:53:34.784] TCOMMS: Italos/(Josef Polson) [NCR] (spans:  ) "Pega polvora e metal" (language: Galactic Common) (Wasteland (22, 199, 2))
[2021-05-23 03:53:59.882] TCOMMS: goldencatc/(Colby Hincken) [Common] (spans:  ) "Alguém?" (language: Galactic Common) (Wasteland (99, 177, 2))
[2021-05-23 03:54:01.910] TCOMMS: XXLucasWesleyXx/(Will Riker) [NCR] (spans:  ) "Espera ai aster, não é bom andar sozinho" (language: Galactic Common) (Wasteland (35, 182, 2))
[2021-05-23 03:54:36.761] TCOMMS: Italos/(Josef Polson) [NCR] (spans:  ) "E pega sandbag" (language: Galactic Common) (Wasteland (29, 198, 2))
[2021-05-23 03:55:02.505] TCOMMS: Kaduh/(Erika Miller) [Common] (spans:  ) "Ola" (language: Galactic Common) (Followers of the Apocalypse (95, 54, 2))
[2021-05-23 03:57:47.427] TCOMMS: FidgetyBacchus/(Aster Crowley) [NCR] (spans:  ) "Abre" (language: Galactic Common) (Wasteland (26, 191, 2))
[2021-05-23 03:58:35.102] TCOMMS: FidgetyBacchus/(Aster Crowley) [NCR] (spans:  ) "Dante, que munição tua arma usa?" (language: Galactic Common) (Wasteland (33, 198, 2))
[2021-05-23 03:59:12.798] TCOMMS: Italos/(Josef Polson) [NCR] (spans:  ) "5.56" (language: Galactic Common) (Wasteland (9, 194, 2))
[2021-05-23 03:59:18.242] TCOMMS: Italos/(Josef Polson) [NCR] (spans:  ) "A padrão do exercito" (language: Galactic Common) (Wasteland (9, 194, 2))
[2021-05-23 03:59:25.674] TCOMMS: FidgetyBacchus/(Aster Crowley) [NCR] (spans:  ) "Hmmm." (language: Galactic Common) (Wasteland (34, 198, 2))
[2021-05-23 04:02:05.836] TCOMMS: Italos/(Josef Polson) [NCR] (spans:  ) "Mais 2 e eu faço um service rifle" (language: Galactic Common) (Wasteland (34, 198, 2))
[2021-05-23 04:02:11.118] TCOMMS: Italos/(Josef Polson) [NCR] (spans:  ) "High quality metal parts" (language: Galactic Common) (Wasteland (34, 199, 2))
[2021-05-23 04:04:27.270] TCOMMS: SondTheAnime/(Courier) [BOS] (spans:  ) "Leva os scraps pra R&amp;D" (language: Galactic Common) (Brotherhood of Steel RnD Department (236, 193, 3))
[2021-05-23 04:05:03.340] TCOMMS: goldencatc/(Colby Hincken) [Common] (spans:  ) "Oi?" (language: Galactic Common) (Village (18, 174, 2))
[2021-05-23 04:05:07.386] TCOMMS: Kaduh/(Erika Miller) [Common] (spans:  ) "Oi" (language: Galactic Common) (Followers of the Apocalypse (96, 57, 2))
[2021-05-23 04:05:09.571] TCOMMS: goldencatc/(Colby Hincken) [Common] (spans:  ) "Há algum legionário?" (language: Galactic Common) (Village (18, 174, 2))
[2021-05-23 04:06:20.181] TCOMMS: FidgetyBacchus/(Aster Crowley) [NCR] (spans:  ) "Tiro" (language: Galactic Common) (Wasteland (32, 199, 2))
[2021-05-23 04:06:50.595] TCOMMS: SondTheAnime/(Courier) [Common] (spans:  ) "BoS troca algo por Blueprints Desconhecidas." (language: Galactic Common) (Brotherhood of Steel RnD Department (232, 197, 3))
[2021-05-23 04:07:05.253] TCOMMS: goldencatc/(Colby Hincken) [Common] (spans:  ) "BoS fica no portão." (language: Galactic Common) (Wasteland (77, 186, 2))
[2021-05-23 04:07:16.388] TCOMMS: SondTheAnime/(Courier) [BOS] (spans:  ) "Vai ver la Proctor" (language: Galactic Common) (Brotherhood of Steel RnD Department (233, 210, 3))
[2021-05-23 04:07:19.286] TCOMMS: SondTheAnime/(Courier) [BOS] (spans:  ) "Ja to subindo" (language: Galactic Common) (Brotherhood of Steel RnD Department (232, 211, 3))
[2021-05-23 04:07:24.777] TCOMMS: AlbertoVinhofino/(Zion Focell) [BOS] (spans:  ) "Certo" (language: Galactic Common) (Brotherhood of Steel (144, 232, 2))
[2021-05-23 04:08:13.017] TCOMMS: SondTheAnime/(Courier) [BOS] (spans:  ) "Vem pro outro lado" (language: Galactic Common) (Brotherhood of Steel (173, 216, 2))
[2021-05-23 04:09:42.462] TCOMMS: SondTheAnime/(Courier) [BOS] (spans:  ) "Estamos no portão" (language: Galactic Common) (Brotherhood of Steel (173, 216, 2))
[2021-05-23 04:11:07.220] TCOMMS: SondTheAnime/(Courier) [BOS] (spans:  ) "Vou pegar o resto dos scraps la rua" (language: Galactic Common) (Wasteland (170, 215, 2))
[2021-05-23 04:11:07.226] TCOMMS: SondTheAnime/(Courier) [148.9] (spans:  italics ) "Vou pegar o resto dos scraps la rua" (language: Galactic Common) (Wasteland (170, 215, 2))
[2021-05-23 04:11:12.941] TCOMMS: goldencatc/(Colby Hincken) [Common] (spans:  ) "Estou sofrendo um ataque cardiaco, que engraçado." (language: Galactic Common) (Wasteland (114, 185, 2))
[2021-05-23 04:11:15.444] TCOMMS: goldencatc/(Colby Hincken) [Common] (spans:  ) "Droga..." (language: Galactic Common) (Wasteland (114, 184, 2))
[2021-05-23 04:11:22.074] TCOMMS: AlbertoVinhofino/(Zion Focell) [BOS] (spans:  ) "Certo, vou verificar os scraps que já temos" (language: Galactic Common) (Brotherhood of Steel (169, 220, 2))
[2021-05-23 04:11:24.854] TCOMMS: SondTheAnime/(Courier) [BOS] (spans:  ) "A não, pegou" (language: Galactic Common) (Wasteland (182, 185, 2))
[2021-05-23 04:11:29.305] TCOMMS: AlbertoVinhofino/(Zion Focell) [Common] (spans:  ) "Aonde?:" (language: Galactic Common) (Brotherhood of Steel (169, 218, 2))
[2021-05-23 04:11:30.513] TCOMMS: FidgetyBacchus/(Aster Crowley) [NCR] (spans:  ) "Peguei um pexe" (language: Galactic Common) (Wasteland (38, 248, 2))
[2021-05-23 04:11:42.323] TCOMMS: goldencatc/(Colby Hincken) [Common] (spans:  ) "Normal." (language: Galactic Common) (Wasteland (115, 186, 2))
[2021-05-23 04:12:46.236] TCOMMS: goldencatc/(Colby Hincken) [Common] (spans:  ) "Abre ai BoS" (language: Galactic Common) (Wasteland (170, 215, 2))
[2021-05-23 04:12:46.244] TCOMMS: goldencatc/(Colby Hincken) [148.9] (spans:  italics ) "Abre ai BoS" (language: Galactic Common) (Wasteland (170, 215, 2))
[2021-05-23 04:13:03.390] TCOMMS: FidgetyBacchus/(Aster Crowley) [NCR] (spans:  ) "4 pexe" (language: Galactic Common) (Wasteland (38, 248, 2))
[2021-05-23 04:13:08.214] TCOMMS: AlbertoVinhofino/(Zion Focell) [148.9] (spans:  ) "Hm?" (language: Galactic Common) (Wasteland (170, 214, 2))
[2021-05-23 04:13:14.266] TCOMMS: SondTheAnime/(Courier) [148.9] (spans:  ) "Eai" (language: Galactic Common) (Brotherhood of Steel (169, 216, 2))
[2021-05-23 04:13:15.510] TCOMMS: AlbertoVinhofino/(Zion Focell) [148.9] (spans:  ) "Droga, to sem medkit" (language: Galactic Common) (Wasteland (170, 214, 2))
[2021-05-23 04:13:19.144] TCOMMS: goldencatc/(Colby Hincken) [148.9] (spans:  ) "Negócios." (language: Galactic Common) (Wasteland (169, 214, 2))
[2021-05-23 04:13:28.121] TCOMMS: SondTheAnime/(Courier) [148.9] (spans:  ) "Humm" (language: Galactic Common) (Brotherhood of Steel (169, 216, 2))
[2021-05-23 04:16:09.116] TCOMMS: dantesousa/(Dante Sousa) [NCR] (spans:  ) "Polson." (language: Galactic Common) (Caves (68, 215, 3))
[2021-05-23 04:16:17.923] TCOMMS: dantesousa/(Dante Sousa) [NCR] (spans:  ) "Achei uma ruina com uma refinaria perfeita para chem" (language: Galactic Common) (Caves (68, 215, 3))
[2021-05-23 04:16:22.487] TCOMMS: dantesousa/(Dante Sousa) [NCR] (spans:  ) "Mas tem muito mutante" (language: Galactic Common) (Caves (65, 215, 3))
[2021-05-23 04:16:27.642] TCOMMS: dantesousa/(Dante Sousa) [NCR] (spans:  ) "E arma também pelo visto" (language: Galactic Common) (Caves (64, 218, 3))
[2021-05-23 04:16:29.680] TCOMMS: Italos/(Josef Polson) [NCR] (spans:  ) "Ond?" (language: Galactic Common) (Wasteland (27, 216, 2))
[2021-05-23 04:16:32.318] TCOMMS: Italos/(Josef Polson) [NCR] (spans:  ) "Onde?" (language: Galactic Common) (Wasteland (27, 216, 2))
[2021-05-23 04:16:37.596] TCOMMS: dantesousa/(Dante Sousa) [NCR] (spans:  ) "Vem para as mina" (language: Galactic Common) (Caves (52, 235, 3))
[2021-05-23 04:20:59.326] TCOMMS: FidgetyBacchus/(Aster Crowley) [NCR] (spans:  ) "Tem uma forga" (language: Galactic Common) (Tunnel (99, 223, 3))
[2021-05-23 04:21:04.741] TCOMMS: FidgetyBacchus/(Aster Crowley) [NCR] (spans:  ) "Forja, cof." (language: Galactic Common) (Tunnel (99, 223, 3))
[2021-05-23 04:26:32.865] TCOMMS: Kaduh/(Erika Miller) [Common] (spans:  ) "Então pessoal voces são o que?" (language: Galactic Common) (Wasteland (98, 62, 2))
[2021-05-23 04:30:06.341] TCOMMS: FidgetyBacchus/(Aster Crowley) [NCR] (spans:  ) "Cuidado com os bixo com tentaculo" (language: Galactic Common) (Tunnel (96, 226, 3))
[2021-05-23 04:30:23.344] TCOMMS: goldencatc/(Colby Hincken) [NCR] (spans:  ) "É um robô." (language: Galactic Common) (Wasteland (43, 232, 2))
[2021-05-23 04:34:07.159] TCOMMS: FidgetyBacchus/(Aster Crowley) [NCR] (spans:  ) "DEATHCLAW" (language: Galactic Common) (Tunnel (105, 223, 3))
[2021-05-23 04:34:10.518] TCOMMS: FidgetyBacchus/(Aster Crowley) [NCR] (spans:  ) "VENHAM TODOS" (language: Galactic Common) (Tunnel (105, 223, 3))
[2021-05-23 04:35:42.840] TCOMMS: goldencatc/(Colby Hincken) [NCR] (spans:  ) "Localização?" (language: Galactic Common) (Wasteland (26, 204, 2))
[2021-05-23 04:35:48.779] TCOMMS: FidgetyBacchus/(Aster Crowley) [NCR] (spans:  ) "Mine" (language: Galactic Common) (Tunnel (101, 231, 3))
[2021-05-23 04:36:04.665] TCOMMS: Kaduh/(Erika Miller) [Common] (spans:  ) "Alo?" (language: Galactic Common) (Wasteland (239, 91, 2))
[2021-05-23 04:36:13.058] TCOMMS: Kaduh/(Erika Miller) [Common] (spans:  ) "Vendo remedios" (language: Galactic Common) (Wasteland (238, 90, 2))
[2021-05-23 04:36:15.141] TCOMMS: FidgetyBacchus/(Aster Crowley) [NCR] (spans:  ) "Mother deathclaw" (language: Galactic Common) (Tunnel (105, 221, 3))
[2021-05-23 04:36:29.083] TCOMMS: Kaduh/(Erika Miller) [Common] (spans:  ) "Troco por armas e tecnologia" (language: Galactic Common) (Wasteland (238, 90, 2))
[2021-05-23 04:37:20.962] TCOMMS: FidgetyBacchus/(Aster Crowley) [NCR] (spans:  ) "Alguém ai topa churrasco de deathclaw?" (language: Galactic Common) (Tunnel (95, 228, 3))
[2021-05-23 04:37:26.258] TCOMMS: Kaduh/(Erika Miller) [Common] (spans:  ) "Sei que ninguem perguntou mas faço stimpack tambem... só preciso de metal e uma bench" (language: Galactic Common) (Wasteland (238, 90, 2))
[2021-05-23 04:37:39.739] TCOMMS: dantesousa/(Dante Sousa) [NCR] (spans:  ) "Roubei um ovo deles" (language: Galactic Common) (Tunnel (95, 230, 3))
[2021-05-23 04:38:22.634] TCOMMS: dantesousa/(Dante Sousa) [NCR] (spans:  ) "Alguem gosta da AER14" (language: Galactic Common) (Tunnel (94, 228, 3))
[2021-05-23 04:38:34.389] TCOMMS: AlbertoVinhofino/(Zion Focell) [BOS] (spans:  ) "Fiz" (language: Galactic Common) (Brotherhood of Steel Medbay (242, 225, 3))
[2021-05-23 04:39:04.164] TCOMMS: AlbertoVinhofino/(Zion Focell) [Common] (spans:  ) "Erika, lhe dou esses dois de graça" (language: Galactic Common) (Brotherhood of Steel RnD Department (234, 205, 3))
[2021-05-23 04:40:22.671] TCOMMS: FidgetyBacchus/(Aster Crowley) [NCR] (spans:  ) "Matei o centaur" (language: Galactic Common) (Tunnel (84, 221, 3))
[2021-05-23 04:42:27.665] TCOMMS: AlbertoVinhofino/(Zion Focell) [BOS] (spans:  ) "Vou fazer a cryo rapidamente" (language: Galactic Common) (Brotherhood of Steel RnD Department (227, 199, 3))
[2021-05-23 04:42:34.661] TCOMMS: AlbertoVinhofino/(Zion Focell) [BOS] (spans:  ) "Como consigo Plasma estavel?" (language: Galactic Common) (Brotherhood of Steel RnD Department (227, 199, 3))
[2021-05-23 04:42:52.044] TCOMMS: goldencatc/(Colby Hincken) [NCR] (spans:  ) "Aster me trancou" (language: Galactic Common) (Tunnel (77, 220, 3))
[2021-05-23 04:42:52.406] TCOMMS: SondTheAnime/(Courier) [BOS] (spans:  ) "Plasma estavel?" (language: Galactic Common) (Brotherhood of Steel Medbay (240, 225, 3))
[2021-05-23 04:42:58.368] TCOMMS: FidgetyBacchus/(Aster Crowley) [NCR] (spans:  ) "Tranquei nada" (language: Galactic Common) (Tunnel (79, 220, 3))
[2021-05-23 04:43:02.547] TCOMMS: FidgetyBacchus/(Aster Crowley) [NCR] (spans:  ) "Só deitar" (language: Galactic Common) (Tunnel (79, 220, 3))
[2021-05-23 04:43:07.005] TCOMMS: FidgetyBacchus/(Aster Crowley) [NCR] (spans:  ) "Burrão tu" (language: Galactic Common) (Tunnel (79, 220, 3))
[2021-05-23 04:43:16.006] TCOMMS: AlbertoVinhofino/(Zion Focell) [BOS] (spans:  ) "Sim" (language: Galactic Common) (Brotherhood of Steel RnD Department (227, 199, 3))
[2021-05-23 04:43:44.968] TCOMMS: SondTheAnime/(Courier) [BOS] (spans:  ) "Não sei, pra que?" (language: Galactic Common) (Brotherhood of Steel RnD Department (235, 208, 3))
[2021-05-23 04:44:17.585] TCOMMS: AlbertoVinhofino/(Zion Focell) [BOS] (spans:  ) "Fazer cryodaxone" (language: Galactic Common) (Brotherhood of Steel RnD Department (227, 199, 3))
[2021-05-23 04:44:23.135] TCOMMS: SondTheAnime/(Courier) [BOS] (spans:  ) "Deixa eu ver" (language: Galactic Common) (Brotherhood of Steel Operations Department (231, 221, 3))
[2021-05-23 04:44:44.351] TCOMMS: SondTheAnime/(Courier) [BOS] (spans:  ) "Plasma estavel tem na chem" (language: Galactic Common) (Brotherhood of Steel Medbay (243, 226, 3))
[2021-05-23 04:44:52.434] TCOMMS: AlbertoVinhofino/(Zion Focell) [BOS] (spans:  ) "Sério?" (language: Galactic Common) (Brotherhood of Steel RnD Department (227, 199, 3))
[2021-05-23 04:44:56.104] TCOMMS: SondTheAnime/(Courier) [BOS] (spans:  ) "Sim" (language: Galactic Common) (Brotherhood of Steel Medbay (242, 226, 3))
[2021-05-23 04:45:10.302] TCOMMS: FidgetyBacchus/(Aster Crowley) [NCR] (spans:  ) "Dante, o cara não quer me devolver o pente de rifle antimateria" (language: Galactic Common) (Tunnel (93, 214, 3))
[2021-05-23 04:45:20.230] TCOMMS: dantesousa/(Dante Sousa) [NCR] (spans:  ) "Quem" (language: Galactic Common) (Wasteland (27, 221, 2))
[2021-05-23 04:45:27.193] TCOMMS: FidgetyBacchus/(Aster Crowley) [NCR] (spans:  ) "Colby" (language: Galactic Common) (Tunnel (94, 213, 3))
[2021-05-23 04:45:36.155] TCOMMS: goldencatc/(Colby Hincken) [NCR] (spans:  ) "Eu não peguei, porra." (language: Galactic Common) (Tunnel (104, 230, 3))
[2021-05-23 04:45:40.547] TCOMMS: goldencatc/(Colby Hincken) [NCR] (spans:  ) "Deixa de ser otário." (language: Galactic Common) (Tunnel (101, 231, 3))
[2021-05-23 04:45:41.688] TCOMMS: FidgetyBacchus/(Aster Crowley) [NCR] (spans:  ) "Pegou" (language: Galactic Common) (Tunnel (94, 213, 3))
[2021-05-23 04:45:45.545] TCOMMS: FidgetyBacchus/(Aster Crowley) [NCR] (spans:  ) "Olha na sua belt" (language: Galactic Common) (Tunnel (94, 213, 3))
[2021-05-23 04:45:48.118] TCOMMS: Italos/(Josef Polson) [NCR] (spans:  ) "Fiz um service rifle" (language: Galactic Common) (NCR (37, 222, 2))
[2021-05-23 04:45:48.461] TCOMMS: goldencatc/(Colby Hincken) [NCR] (spans:  ) "E exerce sua profissão direito." (language: Galactic Common) (Tunnel (94, 229, 3))
[2021-05-23 04:45:53.317] TCOMMS: dantesousa/(Dante Sousa) [Common] (spans:  ) "H devolta para ela ai, quem tiver pegado, ela é nossa sniper" (language: Galactic Common) (Wasteland (40, 232, 2))
[2021-05-23 04:45:55.772] TCOMMS: goldencatc/(Colby Hincken) [NCR] (spans:  ) "Não está comigo." (language: Galactic Common) (Tunnel (94, 213, 3))
[2021-05-23 04:46:00.169] TCOMMS: AlbertoVinhofino/(Zion Focell) [Common] (spans:  ) "Eita!" (language: Galactic Common) (Brotherhood of Steel Medbay (243, 225, 3))
[2021-05-23 04:46:00.400] TCOMMS: FidgetyBacchus/(Aster Crowley) [NCR] (spans:  ) "Mano" (language: Galactic Common) (Tunnel (94, 214, 3))
[2021-05-23 04:46:01.030] TCOMMS: dantesousa/(Dante Sousa) [Common] (spans:  ) "Oporra" (language: Galactic Common) (Wasteland (38, 232, 2))
[2021-05-23 04:46:03.687] TCOMMS: FidgetyBacchus/(Aster Crowley) [NCR] (spans:  ) "Eu vou fritar" (language: Galactic Common) (Tunnel (94, 214, 3))
[2021-05-23 04:46:06.008] TCOMMS: dantesousa/(Dante Sousa) [Common] (spans:  ) "Errei o canal aqui galerinha" (language: Galactic Common) (Wasteland (38, 232, 2))
[2021-05-23 04:46:08.985] TCOMMS: goldencatc/(Colby Hincken) [Common] (spans:  ) "Parabéns." (language: Galactic Common) (Caves (90, 213, 3))
[2021-05-23 04:46:09.617] TCOMMS: dantesousa/(Dante Sousa) [Common] (spans:  ) "Tamo junto" (language: Galactic Common) (Wasteland (38, 232, 2))
[2021-05-23 04:46:11.055] TCOMMS: dantesousa/(Dante Sousa) [Common] (spans:  ) "Paz" (language: Galactic Common) (Wasteland (38, 232, 2))
[2021-05-23 04:46:12.084] TCOMMS: AlbertoVinhofino/(Zion Focell) [Common] (spans:  ) "Entregas-te o plano" (language: Galactic Common) (Brotherhood of Steel Medbay (243, 225, 3))
[2021-05-23 04:46:15.590] TCOMMS: goldencatc/(Colby Hincken) [NCR] (spans:  ) "Não, cara." (language: Galactic Common) (Caves (85, 213, 3))
[2021-05-23 04:46:18.618] TCOMMS: goldencatc/(Colby Hincken) [NCR] (spans:  ) "Não peguei." (language: Galactic Common) (Caves (74, 213, 3))
[2021-05-23 04:46:18.881] TCOMMS: AlbertoVinhofino/(Zion Focell) [Common] (spans:  ) "Tamo junto" (language: Galactic Common) (Brotherhood of Steel Medbay (243, 225, 3))
[2021-05-23 04:46:21.771] TCOMMS: dantesousa/(Dante Sousa) [Common] (spans:  ) "Meu plano para invadir a bos foi pro ralo" (language: Galactic Common) (Wasteland (46, 223, 2))
[2021-05-23 04:46:29.134] TCOMMS: AlbertoVinhofino/(Zion Focell) [Common] (spans:  ) "É o que?" (language: Galactic Common) (Brotherhood of Steel Medbay (243, 225, 3))
[2021-05-23 04:46:31.777] TCOMMS: dantesousa/(Dante Sousa) [Common] (spans:  ) "Nada nao" (language: Galactic Common) (Wasteland (38, 197, 2))
[2021-05-23 04:46:39.073] TCOMMS: SondTheAnime/(Courier) [BOS] (spans:  ) "Prepara as granada" (language: Galactic Common) (Brotherhood of Steel Medbay (242, 226, 3))
[2021-05-23 04:46:48.011] TCOMMS: FidgetyBacchus/(Aster Crowley) [NCR] (spans:  ) "Devolve" (language: Galactic Common) (Wasteland (38, 235, 2))
[2021-05-23 04:46:51.260] TCOMMS: FidgetyBacchus/(Aster Crowley) [NCR] (spans:  ) "A merda" (language: Galactic Common) (Wasteland (38, 235, 2))
[2021-05-23 04:46:55.357] TCOMMS: goldencatc/(Colby Hincken) [NCR] (spans:  ) "Não peguei porra." (language: Galactic Common) (Wasteland (27, 222, 2))
[2021-05-23 04:46:56.702] TCOMMS: FidgetyBacchus/(Aster Crowley) [NCR] (spans:  ) "Do antimaterial ammo" (language: Galactic Common) (Wasteland (38, 235, 2))
[2021-05-23 04:47:00.629] TCOMMS: FidgetyBacchus/(Aster Crowley) [NCR] (spans:  ) "OLHA SUA BELT" (language: Galactic Common) (Wasteland (38, 235, 2))
[2021-05-23 04:47:09.553] TCOMMS: goldencatc/(Colby Hincken) [Common] (spans:  ) "H EU NÃO PEGUEI SEU CUCKMIND DO CARALHO." (language: Galactic Common) (Wasteland (33, 222, 2))
[2021-05-23 04:47:15.421] TCOMMS: goldencatc/(Colby Hincken) [NCR] (spans:  ) "Nãõ tá na belt" (language: Galactic Common) (Wasteland (33, 222, 2))
[2021-05-23 04:47:18.085] TCOMMS: Italos/(Josef Polson) [NCR] (spans:  ) "Faz mais" (language: Galactic Common) (NCR (38, 218, 2))
[2021-05-23 04:47:19.273] TCOMMS: AlbertoVinhofino/(Zion Focell) [Common] (spans:  ) "Eita hein..." (language: Galactic Common) (Brotherhood of Steel Medbay (243, 225, 3))
[2021-05-23 04:47:21.041] TCOMMS: dantesousa/(Dante Sousa) [Common] (spans:  ) "Não reclama de mim agora colby" (language: Galactic Common) (Wasteland (38, 197, 2))
[2021-05-23 04:47:24.329] TCOMMS: Italos/(Josef Polson) [NCR] (spans:  ) "Munição" (language: Galactic Common) (NCR (37, 219, 2))
[2021-05-23 04:47:40.377] TCOMMS: Kaduh/(Erika Miller) [Common] (spans:  ) "Voce são da onde?" (language: Galactic Common) (Wasteland (41, 186, 2))
[2021-05-23 04:47:49.927] TCOMMS: dantesousa/(Dante Sousa) [Common] (spans:  ) "NCR, ta rolando uma briga aqui" (language: Galactic Common) (Wasteland (38, 199, 2))
[2021-05-23 04:48:15.451] TCOMMS: Kaduh/(Erika Miller) [Common] (spans:  ) "Sou voluntaria dos seguidores se precisa de primeiros socorros" (language: Galactic Common) (Wasteland (40, 186, 2))
[2021-05-23 04:52:46.344] TCOMMS: AlbertoVinhofino/(Zion Focell) [BOS] (spans:  ) "Agora preciso dos cascos de granada" (language: Galactic Common) (Brotherhood of Steel Medbay (242, 225, 3))
[2021-05-23 04:53:30.784] TCOMMS: FidgetyBacchus/(Aster Crowley) [NCR] (spans:  ) "Filho da puta." (language: Galactic Common) (Tunnel (86, 221, 3))
[2021-05-23 04:53:35.843] TCOMMS: FidgetyBacchus/(Aster Crowley) [NCR] (spans:  ) "Tu triturou" (language: Galactic Common) (Tunnel (86, 221, 3))
[2021-05-23 04:53:39.673] TCOMMS: FidgetyBacchus/(Aster Crowley) [NCR] (spans:  ) "A munição" (language: Galactic Common) (Tunnel (86, 221, 3))
[2021-05-23 04:54:02.662] TCOMMS: FidgetyBacchus/(Aster Crowley) [NCR] (spans:  ) "NEM FUDENDO&gt;" (language: Galactic Common) (Tunnel (104, 222, 3))
[2021-05-23 04:54:06.731] TCOMMS: FidgetyBacchus/(Aster Crowley) [NCR] (spans:  ) "NEM FUDENDO." (language: Galactic Common) (Tunnel (104, 222, 3))
[2021-05-23 04:54:40.239] TCOMMS: dantesousa/(Dante Sousa) [NCR] (spans:  ) "Aster?" (language: Galactic Common) (NCR (38, 207, 2))
[2021-05-23 04:54:42.428] TCOMMS: SondTheAnime/(Courier) [BOS] (spans:  ) "A" (language: Galactic Common) (Brotherhood of Steel Operations Department (242, 231, 3))
[2021-05-23 04:54:58.846] TCOMMS: SondTheAnime/(Courier) [BOS] (spans:  ) "Tem que fazer com o metal, não temos a pesquisa da granada ainda" (language: Galactic Common) (Brotherhood of Steel Operations Department (239, 230, 3))
[2021-05-23 05:01:22.907] TCOMMS: FidgetyBacchus/(Aster Crowley) [NCR] (spans:  ) "Me pergunto por quê fritaram o peixe." (language: Galactic Common) (NCR (9, 227, 2))
[2021-05-23 05:01:43.333] TCOMMS: Darkrazor191/(Kangu Zhakir) [148.9] (spans:  ) "Ola" (language: Galactic Common) (Wasteland (168, 215, 2))
[2021-05-23 05:01:46.329] TCOMMS: Darkrazor191/(Kangu Zhakir) [148.9] (spans:  ) "Temalguem ai?" (language: Galactic Common) (Wasteland (168, 215, 2))
[2021-05-23 05:02:01.214] TCOMMS: Darkrazor191/(Kangu Zhakir) [148.9] (spans:  ) "Foda" (language: Galactic Common) (Wasteland (168, 215, 2))
[2021-05-23 05:02:52.532] TCOMMS: SondTheAnime/(Courier) [BOS] (spans:  ) "Voltei" (language: Galactic Common) (Brotherhood of Steel RnD Department (234, 203, 3))
[2021-05-23 05:02:57.011] TCOMMS: AlbertoVinhofino/(Zion Focell) [BOS] (spans:  ) "Passaram aqui" (language: Galactic Common) (Wasteland (166, 206, 2))
[2021-05-23 05:03:02.324] TCOMMS: SondTheAnime/(Courier) [BOS] (spans:  ) "Onde?" (language: Galactic Common) (Brotherhood of Steel RnD Department (231, 206, 3))
[2021-05-23 05:03:03.770] TCOMMS: AlbertoVinhofino/(Zion Focell) [BOS] (spans:  ) "O Radio foi ativo" (language: Galactic Common) (Wasteland (167, 206, 2))
[2021-05-23 05:03:07.111] TCOMMS: FidgetyBacchus/(Aster Crowley) [NCR] (spans:  ) "Onde tem comida?" (language: Galactic Common) (Wasteland (30, 217, 2))
[2021-05-23 05:03:17.292] TCOMMS: SondTheAnime/(Courier) [BOS] (spans:  ) "Humm" (language: Galactic Common) (Brotherhood of Steel RnD Department (232, 209, 3))
[2021-05-23 05:04:18.591] TCOMMS: dantesousa/(Dante Sousa) [NCR] (spans:  ) "Colby, mas se quiser algo melhor vem ca" (language: Galactic Common) (Wasteland (23, 198, 2))
[2021-05-23 05:04:31.734] TCOMMS: dantesousa/(Dante Sousa) [NCR] (spans:  ) "To na entrada" (language: Galactic Common) (Wasteland (24, 198, 2))
[2021-05-23 05:05:12.499] TCOMMS: SondTheAnime/(Courier) [BOS] (spans:  ) "To pegando scrap" (language: Galactic Common) (Wasteland (208, 185, 2))
[2021-05-23 05:05:16.203] TCOMMS: AlbertoVinhofino/(Zion Focell) [BOS] (spans:  ) "Certo" (language: Galactic Common) (Wasteland (94, 160, 2))
[2021-05-23 05:06:31.602] TCOMMS: SondTheAnime/(Courier) [Common] (spans:  ) "Se alguém tiver Blueprint desconhecida, a BoS troca." (language: Galactic Common) (Wasteland (208, 185, 2))
[2021-05-23 05:07:34.314] TCOMMS: goldencatc/(Colby Hincken) [NCR] (spans:  ) "Central, precisamos de ordens? O quê é necessário para essa expedição?" (language: Galactic Common) (Wasteland (111, 183, 2))
[2021-05-23 05:08:07.057] TCOMMS: dantesousa/(Dante Sousa) [NCR] (spans:  ) "Encontre qualquer equipamento que possamos usar para fazernovas armas" (language: Galactic Common) (Wasteland (26, 202, 2))
[2021-05-23 05:08:12.113] TCOMMS: dantesousa/(Dante Sousa) [NCR] (spans:  ) "Tipo metal de alta qualidade" (language: Galactic Common) (Wasteland (26, 202, 2))
[2021-05-23 05:10:06.929] TCOMMS: SondTheAnime/(Courier) [BOS] (spans:  ) "Opa achei blueprint desconhecida nos scraps" (language: Galactic Common) (Brotherhood of Steel (143, 233, 2))
[2021-05-23 05:11:19.728] TCOMMS: SondTheAnime/(Courier) [BOS] (spans: command_headset  yell ) "ALOOOOOOOOOOOOOOOOOOOOOOOO!!!!!!!!!!!!!!!!!!!!" (language: Galactic Common) (Brotherhood of Steel (143, 232, 2))
[2021-05-23 05:11:23.996] TCOMMS: AlbertoVinhofino/(Zion Focell) [BOS] (spans:  ) "ALOOOOOOOOOOOOO" (language: Galactic Common) (Building (87, 74, 2))
[2021-05-23 05:11:33.678] TCOMMS: AlbertoVinhofino/(Zion Focell) [BOS] (spans:  ) "Foi mal, tava concentrado no meu objetivo" (language: Galactic Common) (Building (87, 74, 2))
[2021-05-23 05:11:38.412] TCOMMS: SondTheAnime/(Courier) [BOS] (spans:  ) "Ata" (language: Galactic Common) (Brotherhood of Steel Operations Department (228, 241, 3))
[2021-05-23 05:13:47.051] TCOMMS: AlbertoVinhofino/(Zion Focell) [BOS] (spans:  ) "Achei bastante radaway" (language: Galactic Common) (Village (128, 126, 2))
[2021-05-23 05:13:48.929] TCOMMS: SondTheAnime/(Courier) [BOS] (spans:  ) "O que se ta fazendo?" (language: Galactic Common) (Brotherhood of Steel Medbay (237, 224, 3))
[2021-05-23 05:14:12.257] TCOMMS: AlbertoVinhofino/(Zion Focell) [BOS] (spans:  ) "Buscando recurso" (language: Galactic Common) (Village (128, 127, 2))
[2021-05-23 05:14:26.611] TCOMMS: SondTheAnime/(Courier) [BOS] (spans:  ) "Temos a tecnologia de granagora" (language: Galactic Common) (Brotherhood of Steel RnD Department (229, 200, 3))
[2021-05-23 05:14:46.118] TCOMMS: SondTheAnime/(Courier) [BOS] (spans:  ) "Granada..." (language: Galactic Common) (Brotherhood of Steel RnD Department (229, 200, 3))
[2021-05-23 05:14:50.277] TCOMMS: SondTheAnime/(Courier) [BOS] (spans:  ) "Engasguei" (language: Galactic Common) (Brotherhood of Steel RnD Department (229, 200, 3))
[2021-05-23 05:14:51.768] TCOMMS: AlbertoVinhofino/(Zion Focell) [BOS] (spans:  ) "Certo, to indo" (language: Galactic Common) (Village (128, 127, 2))
[2021-05-23 05:16:58.907] TCOMMS: SondTheAnime/(Courier) [BOS] (spans:  ) "Fiz um cryo tube na medical" (language: Galactic Common) (Brotherhood of Steel Medbay (236, 224, 3))
[2021-05-23 05:17:06.527] TCOMMS: AlbertoVinhofino/(Zion Focell) [BOS] (spans:  ) "Certo, to demorando porque estou gordo, rip" (language: Galactic Common) (Wasteland (37, 183, 2))
[2021-05-23 05:17:23.067] TCOMMS: SondTheAnime/(Courier) [BOS] (spans:  ) "Posso fazer uma cirurgia em ti pra tirar a gordura" (language: Galactic Common) (Brotherhood of Steel RnD Department (234, 205, 3))
[2021-05-23 05:17:25.025] TCOMMS: AlbertoVinhofino/(Zion Focell) [BOS] (spans:  ) "Chique, NCR colocou portas de segurança, mas é fácil de arrombar" (language: Galactic Common) (Wasteland (26, 189, 2))
[2021-05-23 05:17:41.114] TCOMMS: SondTheAnime/(Courier) [BOS] (spans:  ) "A gente tem Jaws of Life pra arrombar" (language: Galactic Common) (Brotherhood of Steel Operations Department (232, 214, 3))
[2021-05-23 05:19:15.381] TCOMMS: SondTheAnime/(Courier) [BOS] (spans:  ) "Cade tu? Seu gordo" (language: Galactic Common) (Brotherhood of Steel Medbay (238, 223, 3))
[2021-05-23 05:19:28.804] TCOMMS: AlbertoVinhofino/(Zion Focell) [BOS] (spans:  ) "Chegando" (language: Galactic Common) (Brotherhood of Steel (140, 237, 2))
[2021-05-23 05:19:33.702] TCOMMS: SondTheAnime/(Courier) [BOS] (spans:  ) "Core" (language: Galactic Common) (Brotherhood of Steel Operations Department (231, 223, 3))
[2021-05-23 05:19:38.548] TCOMMS: SondTheAnime/(Courier) [BOS] (spans:  ) "CORRE" (language: Galactic Common) (Brotherhood of Steel Operations Department (231, 226, 3))
[2021-05-23 05:21:06.602] TCOMMS: goldencatc/(Colby Hincken) [NCR] (spans:  ) "Legião" (language: Galactic Common) (Wasteland (237, 81, 2))
[2021-05-23 05:21:11.262] TCOMMS: dantesousa/(Dante Sousa) [NCR] (spans:  ) "Hm." (language: Galactic Common) (NCR (39, 206, 2))
[2021-05-23 05:21:15.529] TCOMMS: FidgetyBacchus/(Aster Crowley) [NCR] (spans:  ) "Onde?" (language: Galactic Common) (NCR (35, 202, 2))
[2021-05-23 05:21:19.861] TCOMMS: goldencatc/(Colby Hincken) [NCR] (spans:  ) "Base" (language: Galactic Common) (Wasteland (236, 81, 2))
[2021-05-23 05:22:00.484] TCOMMS: FidgetyBacchus/(Aster Crowley) [NCR] (spans:  ) "Não vejo nada" (language: Galactic Common) (NCR (31, 190, 2))
[2021-05-23 05:22:04.328] TCOMMS: FidgetyBacchus/(Aster Crowley) [NCR] (spans:  ) "Qual parte-" (language: Galactic Common) (NCR (31, 190, 2))
[2021-05-23 05:22:19.338] TCOMMS: dantesousa/(Dante Sousa) [NCR] (spans:  ) "Colby?!" (language: Galactic Common) (Wasteland (25, 198, 2))
[2021-05-23 05:23:16.363] TCOMMS: dantesousa/(Dante Sousa) [NCR] (spans:  ) "Talvez o colby tenha morrido." (language: Galactic Common) (Wasteland (41, 214, 2))
[2021-05-23 05:26:48.435] TCOMMS: goldencatc/(Edward Basinger) [Common] (spans:  ) "Devolvam o Sargento, suas pestes imundas!" (language: Galactic Common) (Wasteland (27, 216, 2))
[2021-05-23 05:26:51.759] TCOMMS: dantesousa/(Dante Sousa) [NCR] (spans:  ) "Se for mesmo os legionario, eles tão buscando guerra." (language: Galactic Common) (Wasteland (30, 214, 2))
[2021-05-23 05:26:57.170] TCOMMS: SondTheAnime/(Courier) [Common] (spans:  ) "Eita" (language: Galactic Common) (Brotherhood of Steel Medbay (237, 214, 3))
[2021-05-23 05:27:27.539] TCOMMS: SondTheAnime/(Courier) [BOS] (spans:  ) "Vou fazer um bife" (language: Galactic Common) (Brotherhood of Steel Medbay (238, 224, 3))
[2021-05-23 05:27:30.018] TCOMMS: AlexAlbright/(Darios Scalicius) [Common] (spans:  ) "Ele que venho me atacando primeiro" (language: Galactic Common) (Wasteland (244, 2, 4))
[2021-05-23 05:27:31.414] TCOMMS: AlbertoVinhofino/(Zion Focell) [BOS] (spans:  ) "Certo" (language: Galactic Common) (Brotherhood of Steel Medbay (237, 215, 3))
[2021-05-23 05:27:46.130] TCOMMS: AlexAlbright/(Darios Scalicius) [Common] (spans:  ) "Ele chegou falando mão para o alto" (language: Galactic Common) (Wasteland (244, 2, 4))
[2021-05-23 05:28:00.587] TCOMMS: AlexAlbright/(Darios Scalicius) [Common] (spans:  ) "Não tenho culpa se ele morreu" (language: Galactic Common) (Wasteland (244, 2, 4))
[2021-05-23 05:28:11.078] TCOMMS: AlexAlbright/(Darios Scalicius) [Common] (spans:  ) "Foi legitima defesa" (language: Galactic Common) (Wasteland (244, 2, 4))
[2021-05-23 05:28:13.904] TCOMMS: FidgetyBacchus/(Aster Crowley) [Common] (spans:  ) "Cade o corpo?" (language: Galactic Common) (Wasteland (211, 60, 2))
[2021-05-23 05:28:14.741] TCOMMS: goldencatc/(Edward Basinger) [Common] (spans:  ) "Você será cobrado por nosso companheiro." (language: Galactic Common) (Wasteland (96, 169, 2))
[2021-05-23 05:28:22.142] TCOMMS: goldencatc/(Edward Basinger) [Common] (spans:  ) "Pelo, caham." (language: Galactic Common) (Wasteland (96, 150, 2))
[2021-05-23 05:28:28.052] TCOMMS: SondTheAnime/(Courier) [BOS] (spans:  ) "Aqui o bife" (language: Galactic Common) (Brotherhood of Steel Operations Department (226, 231, 3))
[2021-05-23 05:28:32.289] TCOMMS: AlexAlbright/(Darios Scalicius) [Common] (spans:  ) "Não quero guerra" (language: Galactic Common) (Wasteland (244, 2, 4))
[2021-05-23 05:28:39.250] TCOMMS: dantesousa/(Dante Sousa) [Common] (spans:  ) "O corpo dele." (language: Galactic Common) (Wasteland (95, 122, 2))
[2021-05-23 05:28:43.117] TCOMMS: dantesousa/(Dante Sousa) [Common] (spans:  ) "Quero enterrar" (language: Galactic Common) (Wasteland (95, 113, 2))
[2021-05-23 05:29:02.801] TCOMMS: goldencatc/(Edward Basinger) [NCR] (spans:  ) "Cade vocês?" (language: Galactic Common) (Wasteland (95, 117, 2))
[2021-05-23 05:29:03.422] TCOMMS: AlexAlbright/(Darios Scalicius) [Common] (spans:  ) "Joguei no fogo, uma oferenda para o deus Mars" (language: Galactic Common) (Wasteland (244, 2, 4))
[2021-05-23 05:29:14.442] TCOMMS: goldencatc/(Edward Basinger) [Common] (spans:  ) "..." (language: Galactic Common) (Wasteland (98, 132, 2))
[2021-05-23 05:29:57.246] TCOMMS: Italos/(Josef Polson) [NCR] (spans:  ) "Vem aqui ranger" (language: Galactic Common) (Wasteland (214, 53, 2))
[2021-05-23 05:32:46.130] TCOMMS: AlbertoVinhofino/(Zion Focell) [BOS] (spans:  ) "Gordo, denovo..." (language: Galactic Common) (Brotherhood of Steel Operations Department (232, 218, 3))
[2021-05-23 05:32:53.370] TCOMMS: SondTheAnime/(Courier) [BOS] (spans:  ) "Ta zuando..." (language: Galactic Common) (Brotherhood of Steel RnD Department (229, 200, 3))
[2021-05-23 05:33:08.905] TCOMMS: SondTheAnime/(Courier) [BOS] (spans:  ) "Vai deitar na cama de novo la" (language: Galactic Common) (Brotherhood of Steel RnD Department (228, 202, 3))
[2021-05-23 05:33:11.401] TCOMMS: SondTheAnime/(Courier) [BOS] (spans:  ) "Pra eu tirar" (language: Galactic Common) (Brotherhood of Steel RnD Department (228, 202, 3))
[2021-05-23 05:33:12.591] TCOMMS: FidgetyBacchus/(Aster Crowley) [NCR] (spans:  ) "Senhor" (language: Galactic Common) (Wasteland (31, 199, 2))
[2021-05-23 05:33:16.342] TCOMMS: SondTheAnime/(Courier) [BOS] (spans:  ) "E fazer outro bife" (language: Galactic Common) (Brotherhood of Steel RnD Department (228, 202, 3))
[2021-05-23 05:33:18.760] TCOMMS: dantesousa/(Dante Sousa) [NCR] (spans:  ) "Opa" (language: Galactic Common) (Wasteland (197, 64, 2))
[2021-05-23 05:33:20.318] TCOMMS: FidgetyBacchus/(Aster Crowley) [NCR] (spans:  ) "UM DEAHTHCLAW FALANTE" (language: Galactic Common) (Wasteland (31, 199, 2))
[2021-05-23 05:34:01.121] TCOMMS: FidgetyBacchus/(Aster Crowley) [NCR] (spans:  ) "Alguém sabe cirurgia?" (language: Galactic Common) (NCR (37, 210, 2))
[2021-05-23 05:34:41.323] TCOMMS: FidgetyBacchus/(Aster Crowley) [NCR] (spans:  ) "Ein" (language: Galactic Common) (Wasteland (42, 197, 2))
[2021-05-23 05:34:46.363] TCOMMS: goldencatc/(Edward Basinger) [NCR] (spans:  ) "Ein?" (language: Galactic Common) (Wasteland (206, 56, 2))
[2021-05-23 05:34:49.457] TCOMMS: AlexAlbright/(Darios Scalicius) [Common] (spans:  ) "Oxi" (language: Galactic Common) (Village (160, 178, 2))
[2021-05-23 05:34:51.235] TCOMMS: XXLucasWesleyXx/(Will Riker) [NCR] (spans:  ) "Oque?" (language: Galactic Common) (Wasteland (30, 215, 2))
[2021-05-23 05:35:04.876] TCOMMS: SondTheAnime/(Courier) [Common] (spans:  ) "Beleza" (language: Galactic Common) (Brotherhood of Steel Medbay (239, 213, 3))
[2021-05-23 05:35:09.633] TCOMMS: AlbertoVinhofino/(Zion Focell) [Common] (spans:  ) "Estranho..." (language: Galactic Common) (Brotherhood of Steel Medbay (239, 214, 3))
[2021-05-23 05:35:13.919] TCOMMS: dantesousa/(Dante Sousa) [Common] (spans:  ) "Vocês viram isso" (language: Galactic Common) (Wasteland (212, 60, 2))
[2021-05-23 05:35:16.189] TCOMMS: SondTheAnime/(Courier) [Common] (spans:  ) "Eu ouvi um barulho" (language: Galactic Common) (Brotherhood of Steel Medbay (238, 213, 3))
[2021-05-23 05:35:18.341] TCOMMS: dantesousa/(Dante Sousa) [Common] (spans:  ) "Uma estrela explodiu" (language: Galactic Common) (Wasteland (212, 60, 2))
[2021-05-23 05:35:20.911] TCOMMS: dantesousa/(Dante Sousa) [Common] (spans:  ) "No céu" (language: Galactic Common) (Wasteland (212, 60, 2))
[2021-05-23 05:35:24.240] TCOMMS: SondTheAnime/(Courier) [Common] (spans:  ) "Eu não, tamo debaixo da terra" (language: Galactic Common) (Brotherhood of Steel Medbay (238, 213, 3))
[2021-05-23 05:35:27.829] TCOMMS: SondTheAnime/(Courier) [Common] (spans:  ) "Que pna" (language: Galactic Common) (Brotherhood of Steel Medbay (238, 213, 3))
[2021-05-23 05:35:29.615] TCOMMS: dantesousa/(Dante Sousa) [Common] (spans:  ) "Que pena" (language: Galactic Common) (Wasteland (212, 61, 2))
[2021-05-23 05:37:44.988] TCOMMS: FidgetyBacchus/(Aster Crowley) [NCR] (spans:  ) "Alô" (language: Galactic Common) (Wasteland (16, 184, 2))
[2021-05-23 05:37:45.146] TCOMMS: AlbertoVinhofino/(Zion Focell) [BOS] (spans:  ) "Espetaculo de fogos começa agora" (language: Galactic Common) (Brotherhood of Steel Medbay (240, 222, 3))
[2021-05-23 05:37:49.261] TCOMMS: FidgetyBacchus/(Aster Crowley) [NCR] (spans:  ) "Achei uma dungeon" (language: Galactic Common) (Wasteland (16, 184, 2))
[2021-05-23 05:38:47.880] TCOMMS: dantesousa/(Dante Sousa) [NCR] (spans:  ) "Bom aster" (language: Galactic Common) (Wasteland (32, 199, 2))
[2021-05-23 05:38:52.364] TCOMMS: dantesousa/(Dante Sousa) [NCR] (spans:  ) "Seu desejo se tornou realidade" (language: Galactic Common) (Wasteland (32, 199, 2))
[2021-05-23 05:39:03.413] TCOMMS: FidgetyBacchus/(Aster Crowley) [NCR] (spans:  ) "Venham" (language: Galactic Common) (Wasteland (50, 197, 2))
[2021-05-23 05:39:46.373] TCOMMS: SondTheAnime/(Courier) [BOS] (spans:  ) "Perai vem ca" (language: Galactic Common) (Brotherhood of Steel Operations Department (244, 244, 3))
[2021-05-23 05:39:49.890] TCOMMS: AlbertoVinhofino/(Zion Focell) [BOS] (spans:  ) "Pera" (language: Galactic Common) (Brotherhood of Steel Operations Department (232, 222, 3))
[2021-05-23 05:40:23.041] TCOMMS: goldencatc/(Edward Basinger) [NCR] (spans:  ) "Legionário me atacando aqui." (language: Galactic Common) (Wasteland (210, 59, 2))
[2021-05-23 05:40:30.474] TCOMMS: dantesousa/(Dante Sousa) [NCR] (spans:  ) "Onde" (language: Galactic Common) (Tunnel (17, 189, 3))
[2021-05-23 05:41:35.790] TCOMMS: AlexAlbright/(Darios Scalicius) [Common] (spans:  ) "Desculpa mas invadiu a base dos legion eu mato mesmo" (language: Galactic Common) (Wasteland (184, 59, 2))
[2021-05-23 05:42:06.068] TCOMMS: AlexAlbright/(Darios Scalicius) [Common] (spans:  ) "Matei o edward basinger" (language: Galactic Common) (Wasteland (189, 63, 2))
[2021-05-23 05:42:13.790] TCOMMS: FidgetyBacchus/(Aster Crowley) [Common] (spans:  ) "Considere-se mort" (language: Galactic Common) (Tunnel (84, 149, 4))
[2021-05-23 05:42:15.883] TCOMMS: AlexAlbright/(Darios Scalicius) [Common] (spans:  ) "Ele invadiu a base" (language: Galactic Common) (Wasteland (173, 64, 2))
[2021-05-23 05:42:17.218] TCOMMS: FidgetyBacchus/(Aster Crowley) [Common] (spans:  ) "Morto, cof." (language: Galactic Common) (Tunnel (84, 149, 4))
[2021-05-23 05:42:29.821] TCOMMS: SondTheAnime/(Courier) [Common] (spans:  ) "Tretas..." (language: Galactic Common) (Brotherhood of Steel Medbay (243, 227, 3))
[2021-05-23 05:43:05.015] TCOMMS: AlexAlbright/(Darios Scalicius) [Common] (spans:  ) "Entaõ vamos fazer oficial" (language: Galactic Common) (Wasteland (73, 92, 2))
[2021-05-23 05:43:14.812] TCOMMS: AlexAlbright/(Darios Scalicius) [Common] (spans:  ) "Eu sozinho declaro guerra a NCR toda" (language: Galactic Common) (Wasteland (73, 92, 2))
[2021-05-23 05:43:35.064] TCOMMS: dantesousa/(Dante Sousa) [Common] (spans:  ) "A mano." (language: Galactic Common) (Tunnel (75, 140, 4))
[2021-05-23 05:43:38.647] TCOMMS: dantesousa/(Dante Sousa) [Common] (spans:  ) "A gente vai atra´s de tu em" (language: Galactic Common) (Tunnel (75, 140, 4))
[2021-05-23 05:43:38.963] TCOMMS: goldencatc/(Kaleb Mcloskey) [NCR] (spans:  ) "Qual é a situação?" (language: Galactic Common) (Wasteland (30, 214, 2))
[2021-05-23 05:43:49.405] TCOMMS: dantesousa/(Dante Sousa) [NCR] (spans:  ) "Protege o local ai até chegarmos." (language: Galactic Common) (Tunnel (75, 140, 4))
[2021-05-23 05:43:55.135] TCOMMS: dantesousa/(Dante Sousa) [NCR] (spans:  ) "Um cara declarando guerra contra a gente" (language: Galactic Common) (Tunnel (75, 140, 4))
[2021-05-23 05:43:56.193] TCOMMS: SondTheAnime/(Courier) [Common] (spans:  ) "Se quiser ajuda NCR a BoS ajuda ir atrás dele." (language: Galactic Common) (Brotherhood of Steel Medbay (241, 221, 3))
[2021-05-23 05:43:59.493] TCOMMS: SondTheAnime/(Courier) [Common] (spans:  ) "Mentira ajuda não" (language: Galactic Common) (Brotherhood of Steel Medbay (241, 221, 3))
[2021-05-23 05:44:21.600] TCOMMS: goldencatc/(Kaleb Mcloskey) [NCR] (spans:  ) "Quero ir também." (language: Galactic Common) (Wasteland (32, 197, 2))
[2021-05-23 05:44:40.810] TCOMMS: goldencatc/(Kaleb Mcloskey) [NCR] (spans:  ) "Venham aqui na barricada." (language: Galactic Common) (Wasteland (64, 183, 2))
[2021-05-23 05:44:54.391] TCOMMS: FidgetyBacchus/(Aster Crowley) [NCR] (spans:  ) "A gente achou uma vault" (language: Galactic Common) (Vault (49, 146, 4))
[2021-05-23 05:45:01.115] TCOMMS: dantesousa/(Dante Sousa) [NCR] (spans:  ) "Perae, tamo meio longe" (language: Galactic Common) (Vault (50, 148, 4))
[2021-05-23 05:46:15.528] TCOMMS: goldencatc/(Kaleb Mcloskey) [NCR] (spans:  ) "Estou perto da base do Caesar. Aqui no Khan." (language: Galactic Common) (Wasteland (225, 136, 2))
[2021-05-23 05:46:20.860] TCOMMS: goldencatc/(Kaleb Mcloskey) [NCR] (spans:  ) "Preciso de reforços." (language: Galactic Common) (Wasteland (224, 136, 2))
[2021-05-23 05:47:11.381] TCOMMS: FidgetyBacchus/(Aster Crowley) [NCR] (spans:  ) "Outro livro de chemistry" (language: Galactic Common) (Vault (51, 181, 4))
[2021-05-23 05:47:27.327] TCOMMS: goldencatc/(Kaleb Mcloskey) [NCR] (spans:  ) "Achei o corpo na entrada." (language: Galactic Common) (Wasteland (215, 55, 2))
[2021-05-23 05:48:17.738] TCOMMS: dantesousa/(Dante Sousa) [NCR] (spans:  ) "Tamo voltando" (language: Galactic Common) (Vault (53, 184, 4))
[2021-05-23 05:48:19.680] TCOMMS: goldencatc/(Kaleb Mcloskey) [NCR] (spans:  ) "BASE LEGIÃO" (language: Galactic Common) (Wasteland (199, 59, 2))
[2021-05-23 05:50:48.821] TCOMMS: goldencatc/(Kaleb Mcloskey) [NCR] (spans:  ) "Senhor?" (language: Galactic Common) (Building (193, 76, 2))
[2021-05-23 05:50:59.303] TCOMMS: goldencatc/(Kaleb Mcloskey) [NCR] (spans:  ) "Base." (language: Galactic Common) (Building (193, 76, 2))
[2021-05-23 05:51:53.694] TCOMMS: goldencatc/(Kaleb Mcloskey) [NCR] (spans:  ) "Quase lá." (language: Galactic Common) (Wasteland (193, 61, 2))
[2021-05-23 05:51:57.571] TCOMMS: goldencatc/(Kaleb Mcloskey) [NCR] (spans:  ) "Anda, senhor!" (language: Galactic Common) (Wasteland (193, 61, 2))
[2021-05-23 05:54:06.100] TCOMMS: goldencatc/(Kaleb Mcloskey) [Common] (spans:  ) "Fugiu?" (language: Galactic Common) (Wasteland (206, 73, 2))
[2021-05-23 05:54:23.686] TCOMMS: goldencatc/(Kaleb Mcloskey) [Common] (spans:  ) "Brota cara, legionário fudido." (language: Galactic Common) (Wasteland (232, 69, 2))
[2021-05-23 05:55:03.998] TCOMMS: FidgetyBacchus/(Aster Crowley) [NCR] (spans:  ) "Onde tá os legion?" (language: Galactic Common) (Wasteland (31, 199, 2))
[2021-05-23 05:55:59.188] TCOMMS: FidgetyBacchus/(Aster Crowley) [NCR] (spans:  ) "Legion na base" (language: Galactic Common) (Wasteland (28, 195, 2))
[2021-05-23 05:57:06.357] TCOMMS: FidgetyBacchus/(Aster Crowley) [NCR] (spans:  ) "Tá fugindo" (language: Galactic Common) (NCR (32, 190, 2))
[2021-05-23 05:57:08.428] TCOMMS: goldencatc/(Kaleb Mcloskey) [Common] (spans:  ) "Derretemos seu mars" (language: Galactic Common) (Wasteland (175, 133, 2))
[2021-05-23 05:58:22.922] TCOMMS: XXLucasWesleyXx/(Will Riker) [NCR] (spans:  ) "Tem um legionário perto da base aqui" (language: Galactic Common) (Wasteland (28, 198, 2))
[2021-05-23 05:58:28.031] TCOMMS: dantesousa/(Dante Sousa) [NCR] (spans:  ) "Ja matei" (language: Galactic Common) (Wasteland (27, 188, 2))
[2021-05-23 05:58:57.360] TCOMMS: FidgetyBacchus/(Aster Crowley) [Common] (spans:  ) "O que foi leggionaire?" (language: Galactic Common) (Wasteland (28, 195, 2))
[2021-05-23 05:59:03.402] TCOMMS: FidgetyBacchus/(Aster Crowley) [Common] (spans:  ) "Não aguenta um tiro?" (language: Galactic Common) (Wasteland (28, 195, 2))
[2021-05-23 05:59:07.573] TCOMMS: FidgetyBacchus/(Aster Crowley) [Common] (spans:  ) "Já fugiu?" (language: Galactic Common) (Wasteland (28, 195, 2))
[2021-05-23 06:04:02.987] TCOMMS: alexalbright/(Alex Magnus Primeiro) [Common] (spans:  ) "Acabei de chegar de uma longa viagem do sul das montanha  até aqui" (language: Galactic Common) (Legion (211, 49, 2))
[2021-05-23 06:04:18.458] TCOMMS: FidgetyBacchus/(Aster Crowley) [Common] (spans:  ) "Que bom" (language: Galactic Common) (Wasteland (43, 199, 2))
[2021-05-23 06:04:21.241] TCOMMS: alexalbright/(Alex Magnus Primeiro) [Common] (spans:  ) "Fiquei sabendo que meu filho, Dario Scalinus morreu" (language: Galactic Common) (Legion (211, 49, 2))
[2021-05-23 06:04:39.039] TCOMMS: alexalbright/(Alex Magnus Primeiro) [Common] (spans:  ) "Me deixa enterrar seu corpo, eterro horando" (language: Galactic Common) (Legion (211, 49, 2))
[2021-05-23 06:04:45.973] TCOMMS: FidgetyBacchus/(Aster Crowley) [Common] (spans:  ) "Corpo?" (language: Galactic Common) (Wasteland (44, 201, 2))
[2021-05-23 06:05:00.770] TCOMMS: alexalbright/(Alex Magnus Primeiro) [Common] (spans:  ) "E rezar para Mars, colocando duas moedas em seus olhos" (language: Galactic Common) (Legion (211, 50, 2))
[2021-05-23 06:05:23.997] TCOMMS: alexalbright/(Alex Magnus Primeiro) [Common] (spans:  ) "Corpo do meu filho, Dario Scalinus" (language: Galactic Common) (Legion (211, 50, 2))
[2021-05-23 06:05:27.636] TCOMMS: FidgetyBacchus/(Aster Crowley) [Common] (spans:  ) "Não" (language: Galactic Common) (Wasteland (45, 204, 2))
[2021-05-23 06:05:57.012] TCOMMS: alexalbright/(Alex Magnus Primeiro) [Common] (spans:  ) "Como não, voce não é um guerreiro horando?" (language: Galactic Common) (Legion (211, 50, 2))
[2021-05-23 06:06:53.788] TCOMMS: alexalbright/(Alex Magnus Primeiro) [Common] (spans:  yell ) "Vai deixar o corpo do meu filho apodrecer sem um enterro digno!!!" (language: Galactic Common) (Legion (211, 50, 2))
[2021-05-23 06:07:01.011] TCOMMS: dantesousa/(Dante Sousa) [Common] (spans:  ) "Sim" (language: Galactic Common) (Wasteland (3, 232, 2))
[2021-05-23 06:07:02.996] TCOMMS: dantesousa/(Dante Sousa) [Common] (spans:  ) "Ele fez o mesmo" (language: Galactic Common) (Wasteland (3, 232, 2))
[2021-05-23 06:07:05.112] TCOMMS: dantesousa/(Dante Sousa) [Common] (spans:  ) "Com nosso amigo" (language: Galactic Common) (Wasteland (3, 232, 2))
[2021-05-23 06:07:13.912] TCOMMS: alexalbright/(Alex Magnus Primeiro) [Common] (spans:  ) "Blasfemia, que Mars me ajude" (language: Galactic Common) (Legion (211, 49, 2))
[2021-05-23 06:07:19.563] TCOMMS: FidgetyBacchus/(Aster Crowley) [Common] (spans:  ) "Bora lutar com espadas" (language: Galactic Common) (Wasteland (40, 197, 2))
[2021-05-23 06:07:24.711] TCOMMS: FidgetyBacchus/(Aster Crowley) [Common] (spans:  ) "Se tu me vencer" (language: Galactic Common) (Wasteland (40, 197, 2))
[2021-05-23 06:07:28.535] TCOMMS: FidgetyBacchus/(Aster Crowley) [Common] (spans:  ) "Eu te dou o corpo" (language: Galactic Common) (Wasteland (40, 197, 2))
[2021-05-23 06:07:38.242] TCOMMS: XXLucasWesleyXx/(Will Riker) [Common] (spans:  ) "Olha enterrar você pode, mas vai ter que catar cada parte dele espalhado pela região" (language: Galactic Common) (NCR (5, 209, 2))
[2021-05-23 06:08:23.140] TCOMMS: alexalbright/(Alex Magnus Primeiro) [Common] (spans:  ) "Meu Deus, vou crucificar o corpo de voces por isso" (language: Galactic Common) (Legion (240, 31, 2))
[2021-05-23 06:08:35.141] TCOMMS: FidgetyBacchus/(Aster Crowley) [Common] (spans:  ) "Só vem" (language: Galactic Common) (NCR (21, 194, 2))
[2021-05-23 06:08:35.215] TCOMMS: goldencatc/(Kaleb Mcloskey) [Common] (spans:  ) "Certo, morrerá." (language: Galactic Common) (Wasteland (36, 183, 2))
[2021-05-23 06:08:38.149] TCOMMS: FidgetyBacchus/(Aster Crowley) [Common] (spans:  ) "Na espada" (language: Galactic Common) (NCR (21, 194, 2))
[2021-05-23 06:09:19.869] TCOMMS: FidgetyBacchus/(Aster Crowley) [Common] (spans:  ) "Vai encarar?" (language: Galactic Common) (Wasteland (30, 184, 2))
[2021-05-23 06:09:22.470] TCOMMS: FidgetyBacchus/(Aster Crowley) [Common] (spans:  ) "Espada?" (language: Galactic Common) (Wasteland (30, 184, 2))
[2021-05-23 06:09:41.190] TCOMMS: alexalbright/(Alex Magnus Primeiro) [Common] (spans:  ) "Vou fabricar uma espada" (language: Galactic Common) (Legion (212, 45, 2))
[2021-05-23 06:09:52.539] TCOMMS: alexalbright/(Alex Magnus Primeiro) [Common] (spans:  ) "Eu te encontro na sua base" (language: Galactic Common) (Legion (212, 45, 2))
[2021-05-23 06:09:52.769] TCOMMS: FidgetyBacchus/(Aster Crowley) [Common] (spans:  ) "Estou te esperando na frente da NCR" (language: Galactic Common) (Wasteland (30, 183, 2))
[2021-05-23 06:09:58.330] TCOMMS: alexalbright/(Alex Magnus Primeiro) [Common] (spans:  ) "Pobre alma" (language: Galactic Common) (Legion (212, 45, 2))
[2021-05-23 06:10:04.134] TCOMMS: FidgetyBacchus/(Aster Crowley) [Common] (spans:  ) "Tem minha palavra que não vai ser metralhado" (language: Galactic Common) (Wasteland (30, 183, 2))
[2021-05-23 06:11:46.726] TCOMMS: alexalbright/(Alex Magnus Primeiro) [Common] (spans:  ) "Vai se arrepender" (language: Galactic Common) (Legion (244, 31, 2))
[2021-05-23 06:12:39.551] TCOMMS: FidgetyBacchus/(Aster Crowley) [Common] (spans:  ) "Tá vindo?" (language: Galactic Common) (Wasteland (34, 185, 2))
[2021-05-23 06:12:49.545] TCOMMS: alexalbright/(Alex Magnus Primeiro) [Common] (spans:  ) "Sim" (language: Galactic Common) (Legion (221, 39, 2))
[2021-05-23 06:13:49.178] TCOMMS: Marco25555/(Nydia S. Highlands) [NCR] (spans:  ) "Ny alguem aqui encima na base?" (language: Galactic Common) (Wasteland (32, 200, 2))
[2021-05-23 06:13:57.789] TCOMMS: FidgetyBacchus/(Aster Crowley) [NCR] (spans:  ) "Oi?" (language: Galactic Common) (Wasteland (33, 185, 2))
[2021-05-23 06:14:38.782] TCOMMS: Marco25555/(Nydia S. Highlands) [NCR] (spans:  ) "Ny estou aqui dentro perto da medica n-ny" (language: Galactic Common) (Wasteland (34, 200, 2))
[2021-05-23 06:15:36.829] TCOMMS: brunoasbahr/(BipBop) [Common] (spans: robot ) "No ar" (language: Galactic Common) (Wasteland (37, 188, 2))
[2021-05-23 06:15:41.907] TCOMMS: goldencatc/(Kaleb Mcloskey) [Common] (spans:  ) "Três.." (language: Galactic Common) (Wasteland (37, 187, 2))
[2021-05-23 06:15:44.146] TCOMMS: goldencatc/(Kaleb Mcloskey) [Common] (spans:  ) "Dois.." (language: Galactic Common) (Wasteland (37, 187, 2))
[2021-05-23 06:15:46.112] TCOMMS: goldencatc/(Kaleb Mcloskey) [Common] (spans:  ) "Um..." (language: Galactic Common) (Wasteland (37, 187, 2))
[2021-05-23 06:15:49.484] TCOMMS: goldencatc/(Kaleb Mcloskey) [Common] (spans:  ) "Vai." (language: Galactic Common) (Wasteland (37, 187, 2))
[2021-05-23 06:16:01.789] TCOMMS: goldencatc/(Kaleb Mcloskey) [Common] (spans:  ) "MATA." (language: Galactic Common) (Wasteland (40, 187, 2))
[2021-05-23 06:16:05.249] TCOMMS: Marco25555/(Nydia S. Highlands) [NCR] (spans:  ) "Onde estão vocês ny?" (language: Galactic Common) (Wasteland (27, 198, 2))
[2021-05-23 06:16:43.080] TCOMMS: goldencatc/(Kaleb Mcloskey) [Common] (spans:  ) "Boa." (language: Galactic Common) (Wasteland (43, 184, 2))
[2021-05-23 06:17:02.819] TCOMMS: FidgetyBacchus/(Aster Crowley) [NCR] (spans:  ) "Matamo o Centurion" (language: Galactic Common) (Wasteland (27, 189, 2))
[2021-05-23 06:17:26.894] TCOMMS: Marco25555/(Nydia S. Highlands) [NCR] (spans:  ) "Onde n-ny?" (language: Galactic Common) (Wasteland (24, 204, 2))
[2021-05-23 06:18:22.827] TCOMMS: goldencatc/(Kaleb Mcloskey) [Common] (spans:  ) "Venha." (language: Galactic Common) (Wasteland (38, 197, 2))
[2021-05-23 06:19:49.299] TCOMMS: SondTheAnime/(Courier) [Common] (spans:  ) "NCR prende um cara aqui, abusou do meu corpo" (language: Galactic Common) (Brotherhood of Steel RnD Department (235, 200, 3))
[2021-05-23 06:19:56.789] TCOMMS: FidgetyBacchus/(Aster Crowley) [Common] (spans:  ) "Oi?!" (language: Galactic Common) (Wasteland (34, 197, 2))
[2021-05-23 06:20:27.474] TCOMMS: SondTheAnime/(Courier) [Common] (spans:  ) "O cara me explodiu e tirou meus orgãos sem meu consentimento" (language: Galactic Common) (Brotherhood of Steel RnD Department (231, 199, 3))
[2021-05-23 06:20:37.217] TCOMMS: FidgetyBacchus/(Aster Crowley) [Common] (spans:  ) "Mas tu tá vivo" (language: Galactic Common) (Wasteland (34, 197, 2))
[2021-05-23 06:20:41.593] TCOMMS: SondTheAnime/(Courier) [Common] (spans:  ) "To" (language: Galactic Common) (Brotherhood of Steel RnD Department (230, 200, 3))
[2021-05-23 06:20:42.730] TCOMMS: FidgetyBacchus/(Aster Crowley) [Common] (spans:  ) "Sem essa, Head Paladin." (language: Galactic Common) (Wasteland (34, 197, 2))
[2021-05-23 06:21:40.614] TCOMMS: SondTheAnime/(Courier) [BOS] (spans:  ) "Se ver o Zion Focell na rua, taca na cadeia.w" (language: Galactic Common) (Brotherhood of Steel RnD Department (231, 210, 3))
[2021-05-23 06:21:43.925] TCOMMS: SondTheAnime/(Courier) [BOS] (spans:  ) "Ops" (language: Galactic Common) (Brotherhood of Steel Operations Department (231, 215, 3))
[2021-05-23 06:25:14.167] TCOMMS: AlbertoVinhofino/(Zion Focell) [BOS] (spans:  ) "Cade tu" (language: Galactic Common) (Wasteland (232, 200, 2))
[2021-05-23 06:25:23.110] TCOMMS: SondTheAnime/(Courier) [BOS] (spans:  ) "Perto da estação" (language: Galactic Common) (Wasteland (220, 206, 2))
[2021-05-23 06:29:04.884] TCOMMS: AlbertoVinhofino/(Zion Focell) [BOS] (spans:  ) "NCR, o que andam fazendo?" (language: Galactic Common) (Wasteland (235, 216, 2))
[2021-05-23 06:29:17.250] TCOMMS: AlbertoVinhofino/(Zion Focell) [Common] (spans:  ) "NCR, ainda por ai?" (language: Galactic Common) (Wasteland (239, 216, 2))
