[2021-05-16 18:50:04.275] TGS Info: Activating API for version 3.2.6.2
[2021-05-16 18:50:04.291] runtime error: list index out of bounds
 - proc name: OnWorldNew (/datum/tgs_api/v3210/OnWorldNew)
 -   source file: api.dm,69
 -   usr: null
 -   src: /datum/tgs_api/v3210 (/datum/tgs_api/v3210)
 -   call stack:
 - /datum/tgs_api/v3210 (/datum/tgs_api/v3210): OnWorldNew(0)
 - world: TgsNew(/datum/tgs_event_handler/impl (/datum/tgs_event_handler/impl), 0)
 - world: InitTgs()
 - world: New()
 - 
[2021-05-16 18:50:04.291] TGS Error: Failed to activate API!
[2021-05-16 18:50:04.294] Running /tg/ revision: 
 - No commit information
[2021-05-16 18:50:04.312] Loading config file config.txt...
[2021-05-16 18:50:04.316] Loading config file game_options.txt...
[2021-05-16 18:50:04.339] Loading config file dbconfig.txt...
[2021-05-16 18:50:04.342] Loading config file comms.txt...
[2021-05-16 18:50:04.344] Loading config file antag_rep.txt...
[2021-05-16 18:50:04.345] Loading config file resources.txt...
[2021-05-16 18:50:04.347] Loading config file donator_groupings.txt...
[2021-05-16 18:50:04.348] Loading config file dynamic_config.txt...
[2021-05-16 18:50:04.365] Loading config file plushies/defines.txt...
[2021-05-16 18:50:04.368] Loading config file job_threats.txt...
[2021-05-16 18:50:04.369] Loading config file policy.txt...
[2021-05-16 18:50:04.376] Loading config file maps.txt...
[2021-05-16 18:50:04.389] Database connection established.
[2021-05-16 18:50:04.393] SQL: Could not get schema version from database
