[2021-05-16 18:50:04.403] Starting up round ID 11.
 - -------------------------
[2021-05-16 18:54:34.113] GabrielDoomBR \ Baam Frest \ Sheriff \ NONE \ LATEJOIN
[2021-05-16 18:54:36.884] SondTheAnime \ Courier \ Head Paladin \ NONE \ LATEJOIN
[2021-05-16 18:54:37.475] Matheusgp9999 \ Nykix Nywt \ Wastelander \ NONE \ LATEJOIN
[2021-05-16 18:54:37.988] Italos \ Josef Polson \ Enclave Lieutenant \ NONE \ LATEJOIN
[2021-05-16 18:54:39.249] Jhonatan lima \ Yuri Stigat \ Wastelander \ NONE \ LATEJOIN
[2021-05-16 18:54:41.741] Luiz20 \ Luiz Borgos Primeiro \ Legion Centurion \ NONE \ LATEJOIN
[2021-05-16 18:54:47.224] Eversonblr \ Miguel Hastings \ Head Scribe \ NONE \ LATEJOIN
[2021-05-16 18:54:57.508] Nickenzo12345 \ Topaz Burris \ Hunter \ NONE \ LATEJOIN
[2021-05-16 18:56:38.233] NizimGamer \ Morgan Miller \ Barkeep \ NONE \ LATEJOIN
[2021-05-16 18:57:08.000] OvelhaCosmica \ Miller Greyman \ Citizen \ NONE \ LATEJOIN
[2021-05-16 18:58:03.409] N0fun \ Audrey Ann \ Enclave Sergant \ NONE \ LATEJOIN
[2021-05-16 18:58:44.500] Baeiou \ Roderick Malkav \ Shaman \ NONE \ LATEJOIN
[2021-05-16 18:58:50.174] Yakifuji \ Naidan Caribbean \ Wastelander \ NONE \ LATEJOIN
[2021-05-16 18:58:54.427] BebeYoshi \ Crush Easter \ Wastelander \ NONE \ LATEJOIN
[2021-05-16 18:58:57.938] Shirozinha \ Lukas Randolph \ Doctor \ NONE \ LATEJOIN
[2021-05-16 18:59:09.589] Guilhty \ Guilherme Evan \ Wastelander \ NONE \ LATEJOIN
[2021-05-16 19:01:04.912] 2006F \ David Bickerson \ Shopkeeper \ NONE \ LATEJOIN
[2021-05-16 19:02:12.658] AlexAlbright \ Alex Albright \ Legion Explorer \ NONE \ LATEJOIN
[2021-05-16 19:06:14.354] Mr.Universo \ Lucas Chikui \ Wastelander \ NONE \ LATEJOIN
[2021-05-16 19:07:32.051] FidgetyBacchus \ Yun-Seo Kierst \ Wastelander \ NONE \ LATEJOIN
[2021-05-16 19:09:03.432] jhonatanlima \ Markus Stigat \ Wastelander \ NONE \ LATEJOIN
[2021-05-16 19:09:05.014] Corvopimpolho \ Hudson Shaw \ Initiate \ NONE \ LATEJOIN
[2021-05-16 19:09:16.687] Guizog \ Bob Merlin \ Vault-tec Security \ NONE \ LATEJOIN
[2021-05-16 19:10:31.228] Grauber_Games \ Joshua Davidson \ Hunter \ NONE \ LATEJOIN
[2021-05-16 19:14:40.276] Shirozinha \ Tio Osso \ Wastelander \ NONE \ LATEJOIN
[2021-05-16 19:19:19.418] Mcguffing \ Jayne Brown \ Shopkeeper \ NONE \ LATEJOIN
[2021-05-16 19:21:11.353] Macaco99 \ Ramon Lee \ Citizen \ NONE \ LATEJOIN
[2021-05-16 19:24:17.862] shirozinha \ Joseph Joestar \ Head Hunter \ NONE \ LATEJOIN
[2021-05-16 19:24:37.070] InicialPlayss \ Rayan Lindgrey \ Detective \ NONE \ LATEJOIN
[2021-05-16 19:27:03.675] Arthurlopesgd \ Joachim Rader \ Druid \ NONE \ LATEJOIN
[2021-05-16 19:27:31.103] DanteThanatos \ Dr Oswald Casket \ Proctor \ NONE \ LATEJOIN
[2021-05-16 19:28:46.290] graubergames \ Joel Gensen \ NCR Ranger \ NONE \ LATEJOIN
[2021-05-16 19:31:14.526] BurningShingo \ Randy Willey \ Knight \ NONE \ LATEJOIN
[2021-05-16 19:39:38.514] Gatossj \ John Grave \ BoS Off-Duty \ NONE \ LATEJOIN
[2021-05-16 19:39:56.176] n0fun \ Madyson Mcmullen \ Star Paladin \ NONE \ LATEJOIN
[2021-05-16 19:45:20.711] nickenzo12345 \ Maya Pratt \ Outlaw \ NONE \ LATEJOIN
[2021-05-16 19:50:06.776] JP0809 \ Jon Doe \ Enclave Private \ NONE \ LATEJOIN
[2021-05-16 19:50:41.857] nickenzo12345 \ Kathryn Baer \ NCR Trooper \ NONE \ LATEJOIN
[2021-05-16 19:55:16.314] alexalbright \ Alexadre Magnus Segundo \ Veteran Legionary \ NONE \ LATEJOIN
[2021-05-16 19:55:48.000] luiz20 \ Luiz Borgos Segundo \ Veteran Legionary \ NONE \ LATEJOIN
[2021-05-16 20:02:26.707] Dantesousa \ John Snow \ Head Knight \ NONE \ LATEJOIN
[2021-05-16 20:03:03.025] arthurlopesgd \ Default Cyborg Name \ Cyborg \ NONE \ LATEJOIN
[2021-05-16 20:05:35.845] luiz20 \ Luiz Borgos Terceiro \ NCR Lieutenant \ NONE \ LATEJOIN
[2021-05-16 20:05:56.344] alexalbright \ Alex Albright Terceiro \ NCR Sergeant First Class \ NONE \ LATEJOIN
[2021-05-16 20:05:58.925] Zircony \ Natasha Harding \ Wastelander \ NONE \ LATEJOIN
[2021-05-16 20:08:40.520] DarkPudding \ John Wick \ NCR Trooper \ NONE \ LATEJOIN
[2021-05-16 20:09:02.274] nickenzo12345 \ Miley Webb \ NCR Trooper \ NONE \ LATEJOIN
[2021-05-16 20:10:33.339] Sonic_cadeirante \ Pedro Neves \ Wastelander \ NONE \ LATEJOIN
[2021-05-16 20:17:05.617] arthurlopesgd \ Tucker Rader \ Initiate \ NONE \ LATEJOIN
[2021-05-16 20:25:39.156] nickenzo12345 \ Makenzie Richardson \ NCR Trooper \ NONE \ LATEJOIN
[2021-05-16 20:30:21.870] Bruno-Asbahr \ Montagne Marshall \ Wastelander \ NONE \ LATEJOIN
[2021-05-16 20:32:29.297] Comicao1 \ Bashar Al-Assad \ Wastelander \ NONE \ LATEJOIN
[2021-05-16 20:33:13.225] guizog \ Chadi Chiticurity \ Wastelander \ NONE \ LATEJOIN
[2021-05-16 20:37:31.971] comicao1 \ Blake Whiteman \ Outlaw \ NONE \ LATEJOIN
[2021-05-16 20:39:36.934] shirozinha \ Jayden Sanders \ NCR Sergeant \ NONE \ LATEJOIN
[2021-05-16 20:39:41.508] guilhty \ Guilherme Evans \ Wastelander \ NONE \ LATEJOIN
[2021-05-16 20:42:27.727] comicao1 \ Flint Hill \ Outlaw \ NONE \ LATEJOIN
[2021-05-16 20:48:17.424] arthurlopesgd \ Juliet Ward \ Citizen \ NONE \ LATEJOIN
[2021-05-16 20:53:41.021] fidgetybacchus \ Yuri Daruski \ Enclave Sergant \ NONE \ LATEJOIN
[2021-05-16 20:56:02.866] corvopimpolho \ Drew Skywalker \ Outlaw \ NONE \ LATEJOIN
[2021-05-16 20:56:31.477] 2006f \ Grayson Williams \ Vault-tec Scientist \ NONE \ LATEJOIN
[2021-05-16 21:00:03.561] sondtheanime \ Paul Hooker \ Star Paladin \ NONE \ LATEJOIN
[2021-05-16 21:01:20.584] kaduh \ Tim Miller \ Vault-tec Doctor \ NONE \ LATEJOIN
[2021-05-16 21:02:59.796] Rerom \ Ringa Copas \ Wastelander \ NONE \ LATEJOIN
[2021-05-16 21:14:01.637] Zero9e1 \ Zack \ Citizen \ NONE \ LATEJOIN
[2021-05-16 21:25:33.508] 2006f \ Milo Swabey \ Enclave Private \ NONE \ LATEJOIN
[2021-05-16 21:26:43.655] kaduh \ Tim Miller \ Wastelander \ NONE \ LATEJOIN
[2021-05-16 21:27:39.814] Gabrielmilla123 \ Gabriel Milla \ Camp Follower \ NONE \ LATEJOIN
[2021-05-16 21:28:30.895] guilhty \ Guilherman Evan \ Wastelander \ NONE \ LATEJOIN
[2021-05-16 21:29:03.880] zero9e1 \ Jack \ Initiate \ NONE \ LATEJOIN
[2021-05-16 21:40:21.729] nickenzo12345 \ Georgia Sloan \ Paladin \ NONE \ LATEJOIN
[2021-05-16 21:40:23.181] Matheusgp9999 \ Nykix Niywt \ Outlaw \ NONE \ LATEJOIN
[2021-05-16 21:41:04.730] Luciam \ Davi Jones \ Paladin \ NONE \ LATEJOIN
[2021-05-16 21:42:38.193] nickenzo12345 \ Juliana Faust \ Proctor \ NONE \ LATEJOIN
[2021-05-16 21:43:18.678] luciam \ Dav Jones \ Legion Explorer \ NONE \ LATEJOIN
[2021-05-16 21:44:15.388] nickenzo12345 \ Tori Burns \ Knight \ NONE \ LATEJOIN
[2021-05-16 21:46:02.405] nickenzo12345 \ Kiera Rogers \ NCR Combat Medic \ NONE \ LATEJOIN
[2021-05-16 21:50:35.375] zero9e1 \ Fatima Noton \ Outlaw \ NONE \ LATEJOIN
[2021-05-16 21:53:14.066] eversonblr \ Caitlin Ackerley \ Star Knight \ NONE \ LATEJOIN
[2021-05-16 21:54:30.225] shirozinha \ Keegan Ward \ NCR Sergeant \ NONE \ LATEJOIN
[2021-05-16 21:57:16.461] luciam \ Sky \ Cyborg \ NONE \ LATEJOIN
[2021-05-16 21:59:18.131] malocous \ Mondreu Ken \ Wastelander \ NONE \ LATEJOIN
[2021-05-16 21:59:42.027] sondtheanime \ Keziah Parker \ Knight \ NONE \ LATEJOIN
[2021-05-16 22:05:50.505] Camadas \ Tom Tonnos \ Legion Slave \ NONE \ LATEJOIN
[2021-05-16 22:06:10.032] nickenzo12345 \ Erin Sheets \ NCR Trooper \ NONE \ LATEJOIN
[2021-05-16 22:12:03.057] shirozinha \ Horatio Highlands \ NCR Trooper \ NONE \ LATEJOIN
[2021-05-16 22:12:52.533] alexalbright \ Stella Earl \ NCR Veteran Ranger \ NONE \ LATEJOIN
[2021-05-16 22:13:03.649] shirozinha \ Randa Reade \ NCR Ranger \ NONE \ LATEJOIN
[2021-05-16 22:13:36.957] luiz20 \ Luiz Borgos Quarto \ Outlaw \ NONE \ LATEJOIN
[2021-05-16 22:14:35.007] luciam \ Luciam D'Luker \ Spirit-Pledged \ NONE \ LATEJOIN
[2021-05-16 22:15:49.403] alexalbright \ Shane Stone \ NCR Ranger \ NONE \ LATEJOIN
[2021-05-16 22:17:21.134] nickenzo12345 \ Lalla Fulton \ NCR Combat Engineer \ NONE \ LATEJOIN
[2021-05-16 22:18:13.588] Harm Brade \ Tristen Jenner \ Wastelander \ NONE \ LATEJOIN
[2021-05-16 22:18:14.406] nickenzo12345 \ Lexia Durstine \ NCR Ranger \ NONE \ LATEJOIN
[2021-05-16 22:18:55.370] alexalbright \ Kaleigh White \ NCR Corporal \ NONE \ LATEJOIN
[2021-05-16 22:18:59.273] shirozinha \ Tye Green \ NCR Off-Duty \ NONE \ LATEJOIN
[2021-05-16 22:20:21.506] nickenzo12345 \ Meredith Joyce \ NCR Corporal \ NONE \ LATEJOIN
[2021-05-16 22:21:02.105] shirozinha \ Kameron Lester \ Head Knight \ NONE \ LATEJOIN
[2021-05-16 22:21:57.849] alexalbright \ Talia Ahmed \ NCR Rear Echelon \ NONE \ LATEJOIN
[2021-05-16 22:23:49.972] alexalbright \ Gladwyn Prescott \ NCR Medical Officer \ NONE \ LATEJOIN
