/mob/living/carbon/human => 4466ms (46807) (avg:0.095413081347942352)
/obj/screen/healthdoll => 3726ms (47189) (avg:0.078959077596664429)
/turf/closed/mineral/random/low_chance => 614ms (52948) (avg:0.011596282944083214)
/obj/machinery/power/smes/magical => 490ms (5596) (avg:0.087562546133995056)
/obj/screen/inventory => 430ms (5415) (avg:0.079409047961235046)
/obj/effect/decal/cleanable/blood/footprints => 353ms (9062) (avg:0.038953874260187149)
/obj/screen/inventory/hand => 352ms (11788) (avg:0.029860874637961388)
/obj/machinery/light/fo13colored/Red => 339ms (11285) (avg:0.030039876699447632)
/obj/item/pinpointer/crew => 260ms (3018) (avg:0.08614976704120636)
/obj/screen/movable/action_button => 255ms (3390) (avg:0.075221240520477295)
/obj/screen/parallax_layer/layer_1 => 218ms (592) (avg:0.36824324727058411)
/mob/living/carbon/human/dummy => 210ms (3259) (avg:0.064436942338943481)
/obj/machinery/door/airlock/hatch => 192ms (1646) (avg:0.1166464164853096)
/turf/open/space/basic => 167ms (39910) (avg:0.0041844150982797146)
/obj/machinery/hydroponics/soil => 165ms (7014) (avg:0.02352437935769558)
/obj/screen/parallax_layer/layer_2 => 160ms (592) (avg:0.27027025818824768)
/obj/structure/window/reinforced/fulltile => 141ms (4158) (avg:0.033910535275936127)
/obj/machinery/hydroponics/constructable => 113ms (1759) (avg:0.064241044223308563)
/obj/machinery/door/airlock/grunge => 109ms (867) (avg:0.12572087347507477)
/obj/machinery/light/fo13colored/Aqua => 103ms (2795) (avg:0.036851521581411362)
/obj/screen/sprintbutton => 97ms (2842) (avg:0.034130893647670746)
/obj/effect/decal/cleanable/blood/gibs => 92ms (1077) (avg:0.085422471165657043)
/turf/closed/mineral/random/high_chance => 84ms (6809) (avg:0.012336613610386848)
/turf/closed/wall/r_wall/rust => 79ms (1871) (avg:0.042223408818244934)
/obj/machinery/door/airlock/security/glass => 79ms (812) (avg:0.097290642559528351)
/obj/machinery/light/fo13colored/Pink => 69ms (1728) (avg:0.0399305559694767)
/obj/effect/decal/cleanable/dirt => 55ms (3965) (avg:0.013871374540030956)
/obj/machinery/door/airlock/abandoned => 53ms (462) (avg:0.11471861600875854)
/turf/closed/mineral/iron => 46ms (3137) (avg:0.014663691632449627)
/obj/machinery/light/lampost => 46ms (1701) (avg:0.027042916044592857)
/obj/machinery/mecha_part_fabricator => 45ms (6503) (avg:0.0069198831915855408)
/obj/item/weldingtool/largetank/cyborg => 44ms (412) (avg:0.10679611563682556)
/obj/machinery/door/airlock/medical/glass => 34ms (279) (avg:0.12186379730701447)
/obj/machinery/door/airlock/public/glass => 34ms (206) (avg:0.16504853963851929)
/obj/item/reagent_containers/glass/beaker/large => 32ms (271) (avg:0.11808118224143982)
/obj/screen/zone_sel => 30ms (297) (avg:0.10101009905338287)
/turf/closed/wall/f13/wood/house => 30ms (166) (avg:0.18072289228439331)
/turf/closed/wall/rust => 29ms (2513) (avg:0.011539991945028305)
/obj/item/weldingtool/largetank => 27ms (184) (avg:0.14673912525177002)
/obj/screen/combattoggle => 25ms (356) (avg:0.070224717259407043)
/obj/machinery/cell_charger => 23ms (251) (avg:0.091633468866348267)
/obj/machinery/door/airlock/security => 23ms (130) (avg:0.17692308127880096)
/turf/closed/wall/r_wall => 22ms (963) (avg:0.022845275700092316)
/obj/effect/decal/cleanable/trail_holder => 20ms (735) (avg:0.027210883796215057)
/mob/dead/observer => 19ms (310) (avg:0.061290323734283447)
/turf/closed/indestructible/riveted => 17ms (2661) (avg:0.0063885757699608803)
/obj/screen/movable/action_button/hide_toggle => 17ms (419) (avg:0.040572792291641235)
/turf/closed/wall/f13/store => 16ms (1243) (avg:0.01287208404392004)
/obj/machinery/door/airlock/science/glass => 16ms (148) (avg:0.10810811072587967)
/obj/machinery/door/airlock/medical => 16ms (133) (avg:0.12030075490474701)
/mob/living/simple_animal/drone => 15ms (317) (avg:0.047318611294031143)
/obj/item/gun/energy/laser/scatter => 15ms (289) (avg:0.051903113722801208)
/turf/closed/mineral/plasma => 14ms (1313) (avg:0.010662605054676533)
/turf/closed/wall/f13/ruins => 14ms (1120) (avg:0.012500000186264515)
/obj/structure/table/wood => 14ms (763) (avg:0.018348623067140579)
/obj/screen/parallax_layer/layer_3 => 14ms (171) (avg:0.081871345639228821)
/obj/item/reagent_containers/hypospray/medipen/stimpak => 13ms (403) (avg:0.032258063554763794)
/obj/machinery/door/airlock/shuttle => 13ms (208) (avg:0.0625)
/turf/closed/wall/f13/supermart => 12ms (889) (avg:0.013498312793672085)
/obj/structure/table/reinforced => 12ms (743) (avg:0.016150740906596184)
/turf/closed/mineral/titanium => 12ms (618) (avg:0.019417475908994675)
/obj/item/reagent_containers/blood/random => 12ms (248) (avg:0.048387095332145691)
/obj/item/gun/energy/laser/pistol => 12ms (168) (avg:0.071428574621677399)
/obj/item/storage/belt/utility/full/engi => 12ms (98) (avg:0.12244898080825806)
/obj/item/gun/energy/laser/plasma => 11ms (373) (avg:0.029490616172552109)
/obj/structure/closet => 11ms (285) (avg:0.038596492260694504)
/obj/item/pda => 11ms (270) (avg:0.040740739554166794)
/obj/machinery/door/airlock/glass_large => 11ms (84) (avg:0.130952388048172)
/turf/closed/mineral/lead => 10ms (1165) (avg:0.0085836909711360931)
/obj/structure/table => 10ms (596) (avg:0.016778523102402687)
/turf/open/floor/carpet/black => 10ms (508) (avg:0.019685039296746254)
/turf/closed/wall => 10ms (121) (avg:0.082644626498222351)
/obj/item/stack/ore/iron => 10ms (103) (avg:0.097087375819683075)
/obj/item/gun/ballistic/automatic/assault_rifle/infiltrator => 10ms (79) (avg:0.12658227980136871)
/turf/open/space/transit => 9ms (1621) (avg:0.0055521284230053425)
/obj/machinery/light => 9ms (1020) (avg:0.0088235298171639442)
/turf/closed/mineral/silver => 9ms (772) (avg:0.011658031493425369)
/turf/closed/mineral/gold => 9ms (577) (avg:0.015597919933497906)
/obj/effect/decal/cleanable/blood/drip => 9ms (423) (avg:0.021276595070958138)
/obj/item/gun/energy/laser/plasma/carbine => 9ms (176) (avg:0.051136363297700882)
/obj/item/gun/ballistic/automatic/greasegun => 9ms (145) (avg:0.062068965286016464)
/obj/item/gun/ballistic/automatic/smg22 => 9ms (82) (avg:0.10975609719753265)
/mob/living/silicon/robot => 9ms (72) (avg:0.125)
/turf/closed/wall/r_wall/f13vault => 8ms (1359) (avg:0.0058866813778877258)
/turf/closed/wall/mineral/titanium => 8ms (330) (avg:0.024242423474788666)
/obj/item/weldingtool => 8ms (104) (avg:0.076923079788684845)
/obj/item/reagent_containers/glass/bottle/nutrient/ez => 8ms (82) (avg:0.097560971975326538)
/obj/structure/falsewall/rust => 8ms (69) (avg:0.11594203114509583)
/obj/item/stack/ore/glass => 8ms (69) (avg:0.11594203114509583)
/obj/effect/decal/cleanable/blood/gibs/core => 7ms (267) (avg:0.026217227801680565)
/obj/structure/barricade/sandbags => 7ms (265) (avg:0.02641509473323822)
/turf/closed/mineral/bscrystal => 7ms (200) (avg:0.035000000149011612)
/obj/machinery/door/airlock/wood => 7ms (100) (avg:0.070000000298023224)
/obj/item/stack/ore/lead => 7ms (20) (avg:0.34999999403953552)
/obj/machinery/door/airlock/vault => 6ms (100) (avg:0.059999998658895493)
/obj/machinery/defibrillator_mount/loaded => 6ms (42) (avg:0.1428571492433548)
/obj/machinery/light/small => 5ms (641) (avg:0.0078003117814660072)
/turf/closed/mineral/uranium => 5ms (433) (avg:0.01154734380543232)
/obj/item/gun/energy/laser/aer9 => 5ms (146) (avg:0.034246575087308884)
/obj/item/gun/ballistic/automatic/mini_uzi => 5ms (142) (avg:0.035211268812417984)
/obj/item/gun/energy/laser/wattz => 5ms (133) (avg:0.037593983113765717)
/obj/item/lighter => 5ms (91) (avg:0.054945055395364761)
/obj/item/gun/energy/laser/rcw => 5ms (89) (avg:0.056179776787757874)
/obj/item/stack/ore/silver => 5ms (42) (avg:0.1190476194024086)
/obj/item/storage/belt/utility/full => 5ms (20) (avg:0.25)
/obj/item/clothing/shoes/combat/swat => 4ms (332) (avg:0.012048192322254181)
/obj/machinery/light/built => 4ms (198) (avg:0.020202020183205605)
/obj/item/clothing/shoes/jackboots => 4ms (160) (avg:0.02500000037252903)
/obj/machinery/iv_drip => 4ms (111) (avg:0.036036036908626556)
/obj/screen/radial/slice => 4ms (89) (avg:0.044943820685148239)
/obj/item/gun/energy/laser/aer14 => 4ms (86) (avg:0.046511627733707428)
/turf/closed/wall/f13/wood => 4ms (80) (avg:0.05000000074505806)
/obj/machinery/door/airlock/maintenance/abandoned => 4ms (37) (avg:0.10810811072587967)
/obj/item/stack/ore/uranium => 4ms (28) (avg:0.1428571492433548)
/turf/closed/indestructible/riveted/boss => 3ms (266) (avg:0.011278195306658745)
/obj/structure/table/wood/settler => 3ms (261) (avg:0.01149425283074379)
/turf/open/floor/plasteel/dark => 3ms (237) (avg:0.012658228166401386)
/obj/item/gun/ballistic/automatic/ar => 3ms (139) (avg:0.02158273383975029)
/obj/structure/lattice/catwalk => 3ms (130) (avg:0.023076923564076424)
/obj/item/screwdriver => 3ms (91) (avg:0.032967034727334976)
/obj/machinery/door/airlock/command => 3ms (53) (avg:0.056603774428367615)
/obj/item/stack/ore/plasma => 3ms (51) (avg:0.058823529630899429)
/obj/item/gun/ballistic/automatic/service => 3ms (45) (avg:0.066666670143604279)
/obj/machinery/power/smes/engineering => 3ms (41) (avg:0.073170728981494904)
/obj/item/gun/ballistic/automatic/pistol/deagle => 3ms (40) (avg:0.075000002980232239)
/obj/structure/closet/bus => 3ms (39) (avg:0.076923079788684845)
/turf/closed/wall/mineral/sandstone => 3ms (34) (avg:0.088235296308994293)
/obj/item/storage/toolbox/electrical => 3ms (32) (avg:0.09375)
/obj/item/reagent_containers/glass/bottle => 3ms (30) (avg:0.10000000149011612)
/obj/machinery/door/airlock/highsecurity => 3ms (23) (avg:0.1304347813129425)
/obj/structure/closet/secure_closet => 3ms (22) (avg:0.13636364042758942)
/obj/item/gun/ballistic/shotgun/automatic/hunting/trail => 3ms (16) (avg:0.1875)
/obj/item/clothing/neck/cloak/alt/polychromic => 3ms (12) (avg:0.25)
/turf/closed/wall/f13/wood/interior => 3ms (11) (avg:0.27272728085517883)
/obj/item/stack/ore/glass/basalt => 3ms (9) (avg:0.3333333432674408)
/turf/open/floor/carpet => 2ms (259) (avg:0.0077220075763761997)
/turf/closed/mineral/diamond => 2ms (258) (avg:0.0077519379556179047)
/turf/closed/indestructible/f13vaultrusted => 2ms (192) (avg:0.010416666977107525)
/turf/closed/indestructible => 2ms (168) (avg:0.011904762126505375)
/obj/structure/closet/crate/bin => 2ms (167) (avg:0.011976048350334167)
/turf/closed/wall/r_wall/f13superstore => 2ms (150) (avg:0.013333333656191826)
/turf/closed/indestructible/fakeglass => 2ms (108) (avg:0.018518518656492233)
/obj/structure/window/fulltile/house => 2ms (106) (avg:0.018867924809455872)
/obj/item/paper_bin => 2ms (104) (avg:0.019230769947171211)
/obj/item/clothing/shoes/f13/military/plated => 2ms (103) (avg:0.019417475908994675)
/turf/closed/wall/r_wall/syndicate => 2ms (97) (avg:0.020618556067347527)
/turf/open/floor/holofloor/carpet => 2ms (87) (avg:0.022988505661487579)
/obj/item/clothing/shoes/f13/rag => 2ms (76) (avg:0.026315789669752121)
/obj/item/gun/ballistic/automatic/smg10mm => 2ms (52) (avg:0.038461539894342422)
/obj/structure/necropolis_gate => 2ms (35) (avg:0.05714285746216774)
/obj/structure/table/wood/fancy => 2ms (35) (avg:0.05714285746216774)
/obj/item/gun/ballistic/automatic/commando => 2ms (34) (avg:0.058823529630899429)
/obj/structure/table/booth => 2ms (29) (avg:0.068965516984462738)
/obj/item/reagent_containers/glass/beaker/waterbottle => 2ms (28) (avg:0.071428574621677399)
/obj/item/stack/ore/titanium => 2ms (28) (avg:0.071428574621677399)
/obj/item/clothing/gloves/f13/handwraps => 2ms (26) (avg:0.076923079788684845)
/obj/machinery/hydroponics/soil/pot => 2ms (26) (avg:0.076923079788684845)
/obj/item/gun/ballistic/automatic/pistol/pistol22 => 2ms (25) (avg:0.079999998211860657)
/obj/item/gun/energy/laser/plasma/pistol => 2ms (24) (avg:0.083333335816860199)
/obj/item/clothing/shoes/sneakers/black => 2ms (24) (avg:0.083333335816860199)
/obj/item/bodypart/head => 2ms (23) (avg:0.086956523358821869)
/obj/item/gun/energy/ionrifle => 2ms (21) (avg:0.095238097012042999)
/obj/structure/closet/cardboard => 2ms (20) (avg:0.10000000149011612)
/obj/structure/closet/crate/secure/weapon => 2ms (13) (avg:0.15384615957736969)
/obj/item/pda/captain => 2ms (13) (avg:0.15384615957736969)
/turf/closed/wall/f13/wood/house/broken => 2ms (11) (avg:0.18181818723678589)
/obj/machinery/door/airlock/engineering => 2ms (10) (avg:0.20000000298023224)
/obj/item/stack/ore/diamond => 2ms (10) (avg:0.20000000298023224)
/obj/screen/alert/restrained/legcuffed => 2ms (6) (avg:0.3333333432674408)
/obj/item/reagent_containers/glass/bottle/vial/small/antitoxin => 2ms (6) (avg:0.3333333432674408)
/obj/item/reagent_containers/glass/bottle/nutrient/l4z => 2ms (6) (avg:0.3333333432674408)
/obj/structure/closet/cabinet => 1ms (239) (avg:0.0041841003112494946)
/turf/closed/indestructible/riveted/uranium => 1ms (131) (avg:0.0076335878111422062)
/obj/machinery/light/floor => 1ms (123) (avg:0.0081300809979438782)
/obj/item/clothing/shoes/f13/military/ncr => 1ms (101) (avg:0.009900989942252636)
/obj/effect/decal/cleanable/dirt/dust => 1ms (93) (avg:0.01075268816202879)
/obj/item/clothing/shoes/f13/explorer => 1ms (90) (avg:0.011111111380159855)
/obj/item/clothing/shoes/f13/tan => 1ms (87) (avg:0.01149425283074379)
/obj/item/wirecutters => 1ms (85) (avg:0.011764706112444401)
/obj/structure/closet/fridge => 1ms (67) (avg:0.014925372786819935)
/obj/machinery/door/airlock => 1ms (52) (avg:0.019230769947171211)
/turf/open/floor/plasteel/f13/vault_floor/misc/vaultrust => 1ms (48) (avg:0.02083333395421505)
/turf/open/indestructible/ground/outside/sidewalk => 1ms (46) (avg:0.021739130839705467)
/obj/machinery/chem_dispenser => 1ms (46) (avg:0.021739130839705467)
/obj/structure/closet/secure_closet/personal => 1ms (44) (avg:0.022727273404598236)
/obj/item/reagent_containers/hypospray/medipen/stimpak/super => 1ms (44) (avg:0.022727273404598236)
/turf/closed/mineral/ash_rock => 1ms (42) (avg:0.02380952425301075)
/obj/item/clothing/under/f13/ncr => 1ms (41) (avg:0.024390242993831635)
/obj/item/clothing/under/f13/recon => 1ms (36) (avg:0.02777777798473835)
/obj/item/reagent_containers/syringe/charcoal => 1ms (35) (avg:0.02857142873108387)
/obj/item/reagent_containers/glass/beaker => 1ms (32) (avg:0.03125)
/obj/structure/closet/secure_closet/personal/cabinet => 1ms (32) (avg:0.03125)
/obj/machinery/door/airlock/mining => 1ms (31) (avg:0.032258063554763794)
/obj/structure/window/fulltile => 1ms (30) (avg:0.033333335071802139)
/obj/structure/window/plastitanium => 1ms (30) (avg:0.033333335071802139)
/obj/item/gun/ballistic/automatic/m72 => 1ms (29) (avg:0.034482758492231369)
/turf/open/floor/plasteel/f13/vault_floor/floor => 1ms (28) (avg:0.035714287310838699)
/obj/item/clothing/under/syndicate/brotherhood => 1ms (27) (avg:0.037037037312984467)
/obj/item/storage/box/matches => 1ms (26) (avg:0.038461539894342422)
/obj/item/gun/energy/laser/plasma/glock => 1ms (26) (avg:0.038461539894342422)
/obj/item/clothing/shoes/combat => 1ms (26) (avg:0.038461539894342422)
/obj/item/stack/ore/gold => 1ms (25) (avg:0.039999999105930328)
/obj/structure/guncase => 1ms (23) (avg:0.043478261679410934)
/obj/item/storage/crayons => 1ms (22) (avg:0.045454546809196472)
/turf/open/indestructible/ground/inside/mountain => 1ms (21) (avg:0.0476190485060215)
/obj/item/reagent_containers/glass/bottle/vial/small/bicaridine => 1ms (20) (avg:0.05000000074505806)
/obj/item/weldingtool/experimental => 1ms (19) (avg:0.052631579339504242)
/turf/open/floor/plasteel/darkred/corner => 1ms (16) (avg:0.0625)
/obj/item/storage/box/ingredients/vegetarian => 1ms (15) (avg:0.066666670143604279)
/turf/open/floor/carpet/green => 1ms (15) (avg:0.066666670143604279)
/obj/item/reagent_containers/hypospray/medipen/stimpak/super/custom => 1ms (15) (avg:0.066666670143604279)
/obj/item/clothing/gloves/f13/leather/fingerless => 1ms (15) (avg:0.066666670143604279)
/obj/structure/closet/cabinet/anchored => 1ms (14) (avg:0.071428574621677399)
/obj/item/storage/belt/medical => 1ms (14) (avg:0.071428574621677399)
/obj/screen/storage/volumetric_box/center => 1ms (12) (avg:0.083333335816860199)
/obj/item/clothing/head/f13/ncr => 1ms (12) (avg:0.083333335816860199)
/obj/item/gun/ballistic/automatic/pistol/beretta/automatic => 1ms (11) (avg:0.090909093618392944)
/obj/structure/fireaxecabinet => 1ms (10) (avg:0.10000000149011612)
/obj/item/kitchen/knife/combat => 1ms (10) (avg:0.10000000149011612)
/obj/structure/closet/crate/secure/hydroponics => 1ms (9) (avg:0.1111111119389534)
/obj/structure/closet/cardboard/metal => 1ms (9) (avg:0.1111111119389534)
/obj/item/storage/box/ingredients/carnivore => 1ms (9) (avg:0.1111111119389534)
/obj/structure/closet/secure_closet/contraband/armory => 1ms (9) (avg:0.1111111119389534)
/obj/item/clothing/under/f13/wayfarer/hunter => 1ms (9) (avg:0.1111111119389534)
/obj/item/reagent_containers/glass/bottle/charcoal => 1ms (8) (avg:0.125)
/obj/item/clothing/under/jabroni => 1ms (8) (avg:0.125)
/obj/item/grenade/iedcasing => 1ms (8) (avg:0.125)
/obj/item/reagent_containers/glass/bottle/epinephrine => 1ms (7) (avg:0.1428571492433548)
/obj/item/storage/box/ingredients/sweets => 1ms (7) (avg:0.1428571492433548)
/obj/item/claymore/machete/reinforced => 1ms (7) (avg:0.1428571492433548)
/obj/item/stack/ore/bluespace_crystal => 1ms (7) (avg:0.1428571492433548)
/turf/open/floor/plasteel/f13/vault_floor/red => 1ms (6) (avg:0.1666666716337204)
/obj/item/clothing/suit/hooded/chaplain_hoodie => 1ms (6) (avg:0.1666666716337204)
/obj/item/clothing/head/beanie/black => 1ms (6) (avg:0.1666666716337204)
/obj/item/clothing/mask/gas/sechailer/swat => 1ms (6) (avg:0.1666666716337204)
/obj/item/stack/ore/blackpowder/fifty => 1ms (5) (avg:0.20000000298023224)
/obj/structure/falsewall => 1ms (5) (avg:0.20000000298023224)
/obj/item/dice/d12 => 1ms (4) (avg:0.25)
/obj/machinery/door/airlock/engineering/glass => 1ms (4) (avg:0.25)
/obj/item/storage/box/ingredients/grains => 1ms (4) (avg:0.25)
/obj/structure/closet/fridge/cannibal => 1ms (4) (avg:0.25)
/turf/closed/wall/r_wall/f13composite => 1ms (4) (avg:0.25)
/obj/item/gun/medbeam => 1ms (4) (avg:0.25)
/obj/item/hatchet => 1ms (3) (avg:0.3333333432674408)
/obj/item/clothing/under/f13/wayfarer/acolyte => 1ms (3) (avg:0.3333333432674408)
/obj/item/bodypart/r_arm => 1ms (3) (avg:0.3333333432674408)
/obj/item/clothing/under/f13/caravaneer => 1ms (3) (avg:0.3333333432674408)
/obj/item/bedsheet/gondola => 1ms (2) (avg:0.5)
/obj/item/storage/survivalkit_tribal => 1ms (2) (avg:0.5)
/obj/item/stack/crafting/metalparts/five => 1ms (2) (avg:0.5)
/obj/item/clothing/head/helmet/skull => 1ms (2) (avg:0.5)
/obj/item/clothing/head/f13/town/sheriff => 1ms (2) (avg:0.5)
/obj/item/ammo_box/l10mm => 1ms (2) (avg:0.5)
/obj/structure/headpike => 1ms (2) (avg:0.5)
/area/ai_multicam_room => 1ms (1) (avg:1)
/obj/item/pda/syndicate => 1ms (1) (avg:1)
/obj/structure/flora/grass/wasteland => 1ms (1) (avg:1)
/obj/structure/nest/wanamingo => 1ms (1) (avg:1)
/obj/item/clothing/suit/armor/f13/rangercombat => 1ms (1) (avg:1)
/obj/item/storage/survivalkit_aid => 1ms (1) (avg:1)
/turf/open/floor/plasteel => 0ms (371) (avg:0)
/turf/open/space => 0ms (256) (avg:0)
/obj/machinery/newscaster/security_unit => 0ms (160) (avg:0)
/obj/machinery/computer/terminal => 0ms (149) (avg:0)
/turf/open/floor/f13 => 0ms (83) (avg:0)
/turf/closed/mineral/random => 0ms (78) (avg:0)
/obj/machinery/door/airlock/centcom => 0ms (73) (avg:0)
/obj/machinery/light/small/built => 0ms (66) (avg:0)
/obj/machinery/newscaster => 0ms (60) (avg:0)
/obj/item/gun/ballistic/automatic/autopipe => 0ms (58) (avg:0)
/obj/item/defibrillator/loaded => 0ms (53) (avg:0)
/obj/item/storage/toolbox/mechanical => 0ms (51) (avg:0)
/obj/machinery/rnd/production/protolathe => 0ms (48) (avg:0)
/obj/structure/lattice => 0ms (47) (avg:0)
/obj/effect/decal/cleanable/blood/gibs/down => 0ms (46) (avg:0)
/obj/structure/table/wood/poker => 0ms (44) (avg:0)
/obj/item/gun/energy/laser/plasma/glock/extended => 0ms (44) (avg:0)
/turf/open/floor/plasteel/darkred/side => 0ms (40) (avg:0)
/obj/structure/table/glass => 0ms (38) (avg:0)
/obj/item/clothing/shoes/f13/military => 0ms (37) (avg:0)
/obj/item/clothing/shoes/f13/cowboy => 0ms (36) (avg:0)
/obj/structure/window/fulltile/wood => 0ms (33) (avg:0)
/obj/item/disk/plantgene => 0ms (32) (avg:0)
/obj/item/reagent_containers/blood/radaway => 0ms (30) (avg:0)
/obj/item/storage/box/drinkingglasses => 0ms (29) (avg:0)
/obj/item/clothing/shoes/sandal => 0ms (28) (avg:0)
/obj/item/twohanded/fireaxe => 0ms (28) (avg:0)
/obj/item/gun/energy/laser => 0ms (27) (avg:0)
/obj/structure/window/paperframe => 0ms (27) (avg:0)
/obj/machinery/computer/rdconsole/core/bos => 0ms (27) (avg:0)
/obj/item/storage/box/handcuffs => 0ms (26) (avg:0)
/turf/open/floor/plasteel/f13/vault_floor/dark/darksolid => 0ms (26) (avg:0)
/obj/item/storage/belt/security/full => 0ms (25) (avg:0)
/obj/item/reagent_containers/syringe/medx => 0ms (24) (avg:0)
/turf/open/floor/plating/airless => 0ms (24) (avg:0)
/obj/structure/table/abductor => 0ms (24) (avg:0)
/obj/structure/window/shuttle => 0ms (24) (avg:0)
/obj/structure/table/wood/fancy/black => 0ms (24) (avg:0)
/obj/item/clothing/shoes/f13/fancy => 0ms (24) (avg:0)
/obj/item/dice/d20 => 0ms (23) (avg:0)
/mob/living/simple_animal/hostile/handy => 0ms (21) (avg:0)
/turf/closed/wall/mineral/plastitanium => 0ms (21) (avg:0)
/turf/open/floor/plating => 0ms (20) (avg:0)
/obj/item/clothing/shoes/f13/raidertreads => 0ms (20) (avg:0)
/obj/item/clipboard => 0ms (19) (avg:0)
/obj/item/storage/belt/holster => 0ms (19) (avg:0)
/obj/item/clothing/gloves/combat => 0ms (19) (avg:0)
/obj/item/stock_parts/cell/upgraded => 0ms (18) (avg:0)
/turf/open/floor/wood/wood_tiled => 0ms (18) (avg:0)
/turf/open/floor/plasteel/f13/vault_floor/floor/floorsolid => 0ms (18) (avg:0)
/obj/structure/table/wood/bar => 0ms (18) (avg:0)
/obj/item/toy/cards/cardhand => 0ms (18) (avg:0)
/obj/item/clothing/shoes/f13/military/ncr_officer_boots => 0ms (18) (avg:0)
/turf/closed/wall/f13/tunnel => 0ms (18) (avg:0)
/obj/item/clothing/suit/armor/f13/combat/brotherhood/senior => 0ms (18) (avg:0)
/obj/item/reagent_containers/glass/bottle/blackpowder => 0ms (17) (avg:0)
/turf/open/floor/plasteel/darkblue/side => 0ms (17) (avg:0)
/turf/open/floor/f13/wood => 0ms (17) (avg:0)
/turf/open/floor/plasteel/f13/vault_floor/yellow/yellowchess/yellowchess2 => 0ms (17) (avg:0)
/turf/closed/wall/mineral/titanium/nodiagonal => 0ms (17) (avg:0)
/obj/machinery/door/airlock/external => 0ms (16) (avg:0)
/obj/machinery/plantgenes => 0ms (16) (avg:0)
/obj/item/stock_parts/cell => 0ms (15) (avg:0)
/obj/machinery/airalarm => 0ms (14) (avg:0)
/obj/machinery/door/airlock/freezer => 0ms (14) (avg:0)
/turf/open/floor/grass => 0ms (14) (avg:0)
/obj/item/clothing/head/helmet/f13/combat/brotherhood/senior => 0ms (14) (avg:0)
/mob/living/simple_animal/hostile/handy/gutsy => 0ms (13) (avg:0)
/obj/machinery/computer/camera_advanced/abductor => 0ms (13) (avg:0)
/obj/item/storage/box/ingredients/american => 0ms (13) (avg:0)
/obj/item/storage/box/ingredients/fiesta => 0ms (13) (avg:0)
/obj/machinery/door/airlock/research => 0ms (13) (avg:0)
/turf/open/floor/plasteel/darkblue/corner => 0ms (13) (avg:0)
/obj/item/clothing/under/f13/roving => 0ms (13) (avg:0)
/obj/item/clothing/gloves/f13/leather => 0ms (13) (avg:0)
/obj/item/reagent_containers/syringe/epinephrine => 0ms (12) (avg:0)
/obj/item/storage/box/syringes => 0ms (12) (avg:0)
/obj/item/holochip => 0ms (12) (avg:0)
/obj/item/storage/box/gloves => 0ms (12) (avg:0)
/obj/item/reagent_containers/food/snacks/lollipop => 0ms (12) (avg:0)
/turf/open/floor/plasteel/showroomfloor => 0ms (12) (avg:0)
/obj/machinery/shower => 0ms (12) (avg:0)
/obj/structure/door_assembly/door_assembly_hatch => 0ms (12) (avg:0)
/obj/structure/chair/comfy/shuttle => 0ms (12) (avg:0)
/obj/structure/closet/body_bag => 0ms (12) (avg:0)
/obj/item/clothing/neck/cloak/bos/paladin => 0ms (12) (avg:0)
/obj/machinery/door/airlock/titanium => 0ms (11) (avg:0)
/obj/item/storage/box/ingredients/italian => 0ms (11) (avg:0)
/obj/item/storage/box/bodybags => 0ms (11) (avg:0)
/obj/item/clothing/shoes/f13/brownie => 0ms (11) (avg:0)
/obj/item/storage/backpack/satchel/explorer => 0ms (11) (avg:0)
/obj/item/clothing/under/f13/legskirt => 0ms (11) (avg:0)
/obj/item/storage/box/flashbangs => 0ms (10) (avg:0)
/obj/machinery/computer/operating => 0ms (10) (avg:0)
/obj/structure/closet/fridge/standard => 0ms (10) (avg:0)
/turf/open/floor/plating/f13/outside/desert => 0ms (10) (avg:0)
/obj/item/clothing/gloves/legion => 0ms (10) (avg:0)
/obj/item/kitchen/knife => 0ms (10) (avg:0)
/obj/item/clothing/suit/toggle/labcoat => 0ms (10) (avg:0)
/obj/structure/closet/secure_closet/hydroponics => 0ms (9) (avg:0)
/obj/item/dice => 0ms (9) (avg:0)
/obj/machinery/atmospherics/components/unary/vent_pump/on => 0ms (9) (avg:0)
/obj/item/storage/box/vendingmachine => 0ms (9) (avg:0)
/obj/item/clothing/head/hooded/cloakhood/hhunter => 0ms (9) (avg:0)
/obj/item/clothing/suit/hooded/cloak/hhunter => 0ms (9) (avg:0)
/obj/machinery/computer/secure_data => 0ms (8) (avg:0)
/obj/machinery/computer/security => 0ms (8) (avg:0)
/obj/structure/closet/radiation => 0ms (8) (avg:0)
/obj/machinery/computer/security/telescreen => 0ms (8) (avg:0)
/obj/structure/closet/abductor => 0ms (8) (avg:0)
/obj/item/pda/medical => 0ms (8) (avg:0)
/obj/item/gun/ballistic/automatic/r84 => 0ms (8) (avg:0)
/obj/item/defibrillator => 0ms (8) (avg:0)
/turf/open/floor/plasteel/goonplaque => 0ms (8) (avg:0)
/turf/open/floor/plasteel/vault => 0ms (8) (avg:0)
/obj/structure/table/greyscale => 0ms (8) (avg:0)
/turf/open/transparent/glass => 0ms (8) (avg:0)
/obj/item/storage/backpack/explorer => 0ms (8) (avg:0)
/obj/item/weldingtool/mini => 0ms (8) (avg:0)
/obj/item/melee/transforming/cleaving_saw => 0ms (8) (avg:0)
/obj/machinery/computer/libraryconsole/bookmanagement => 0ms (8) (avg:0)
/obj/machinery/door/airlock/silver => 0ms (7) (avg:0)
/obj/structure/closet/emcloset => 0ms (7) (avg:0)
/obj/item/storage/toolbox/emergency => 0ms (7) (avg:0)
/obj/item/storage/box/beakers => 0ms (7) (avg:0)
/obj/item/lighter/greyscale => 0ms (7) (avg:0)
/turf/open/indestructible/ground/inside/subway => 0ms (7) (avg:0)
/turf/open/floor/plasteel/f13/vault_floor/yellow => 0ms (7) (avg:0)
/turf/closed/wall/f13 => 0ms (7) (avg:0)
/obj/structure/table/reinforced/brass => 0ms (7) (avg:0)
/obj/screen/alert/restrained/handcuffed => 0ms (7) (avg:0)
/obj/item/clothing/suit/armor/f13/raider/combatduster => 0ms (7) (avg:0)
/obj/item/reagent_containers/glass/bottle/vial/small/kelotane => 0ms (7) (avg:0)
/turf/closed/wall/f13/tentwall => 0ms (7) (avg:0)
/obj/item/clothing/suit/armor/f13/legion/vet => 0ms (7) (avg:0)
/obj/item/storage/backpack => 0ms (7) (avg:0)
/obj/item/clothing/glasses/sunglasses/big => 0ms (7) (avg:0)
/obj/item/clothing/gloves/f13/military => 0ms (7) (avg:0)
/mob/living/simple_animal/hostile/handy/protectron => 0ms (6) (avg:0)
/obj/structure/closet/secure_closet/security => 0ms (6) (avg:0)
/obj/structure/closet/secure_closet/freezer/fridge => 0ms (6) (avg:0)
/obj/machinery/computer/security/telescreen/entertainment => 0ms (6) (avg:0)
/obj/machinery/computer/cargo => 0ms (6) (avg:0)
/obj/structure/closet/syndicate/personal => 0ms (6) (avg:0)
/obj/effect/decal/cleanable/blood/gibs/body => 0ms (6) (avg:0)
/obj/item/storage/toolbox/drone => 0ms (6) (avg:0)
/obj/machinery/computer/slot_machine => 0ms (6) (avg:0)
/obj/machinery/power/smes => 0ms (6) (avg:0)
/obj/item/clothing/under/shorts/polychromic => 0ms (6) (avg:0)
/obj/item/gun/ballistic/automatic/service/r82 => 0ms (6) (avg:0)
/obj/item/storage/box/cups => 0ms (6) (avg:0)
/obj/item/storage/box/pillbottles => 0ms (6) (avg:0)
/obj/item/reagent_containers/food/drinks/mug/tea => 0ms (6) (avg:0)
/obj/item/pda/heads/cmo => 0ms (6) (avg:0)
/turf/open/floor/mineral/plastitanium => 0ms (6) (avg:0)
/turf/open/floor/carpet/red => 0ms (6) (avg:0)
/obj/item/clothing/head/helmet/f13/legion/palacent => 0ms (6) (avg:0)
/obj/item/clothing/suit/armor/f13/legion/palacent => 0ms (6) (avg:0)
/obj/item/clothing/under/f13/brahminm => 0ms (6) (avg:0)
/obj/structure/weightlifter => 0ms (6) (avg:0)
/obj/machinery/chem_dispenser/drinks => 0ms (6) (avg:0)
/obj/item/clothing/head/helmet/f13/raider/blastmaster => 0ms (6) (avg:0)
/obj/item/reagent_containers/glass/bottle/vial/small/dexalin => 0ms (6) (avg:0)
/obj/item/clothing/head/welding => 0ms (6) (avg:0)
/obj/item/clothing/ears/earmuffs => 0ms (6) (avg:0)
/obj/item/clothing/under/f13/ncr/ncr_officer => 0ms (6) (avg:0)
/obj/structure/door_assembly/door_assembly_med => 0ms (6) (avg:0)
/obj/item/clothing/neck/stethoscope => 0ms (6) (avg:0)
/obj/item/clothing/head/helmet/f13/combat/brotherhood/initiate => 0ms (6) (avg:0)
/obj/item/clothing/suit/armor/f13/combat => 0ms (6) (avg:0)
/obj/item/organ/cyberimp/eyes/hud/medical => 0ms (5) (avg:0)
/obj/machinery/computer/card/centcom => 0ms (5) (avg:0)
/obj/structure/closet/secure_closet/freezer/meat => 0ms (5) (avg:0)
/obj/item/storage/box/emps => 0ms (5) (avg:0)
/obj/item/dice/d10 => 0ms (5) (avg:0)
/obj/machinery/computer/telecrystals/uplinker => 0ms (5) (avg:0)
/obj/item/reagent_containers/honeycomb => 0ms (5) (avg:0)
/obj/item/storage/box/masks => 0ms (5) (avg:0)
/obj/item/storage/box/lights/mixed => 0ms (5) (avg:0)
/obj/machinery/computer/security/bos => 0ms (5) (avg:0)
/obj/structure/closet/boxinggloves => 0ms (5) (avg:0)
/turf/open/floor/plasteel/caution => 0ms (5) (avg:0)
/obj/item/clothing/gloves/color/brown => 0ms (5) (avg:0)
/obj/item/storage/backpack/satchel/leather => 0ms (5) (avg:0)
/obj/item/storage/survivalkit => 0ms (5) (avg:0)
/obj/item/clothing/gloves/fingerless => 0ms (5) (avg:0)
/obj/screen/alert/notify_action => 0ms (5) (avg:0)
/obj/item/clothing/suit/hooded/bloated_human => 0ms (5) (avg:0)
/obj/item/clothing/head/helmet/f13/legion/vet => 0ms (5) (avg:0)
/obj/item/clothing/glasses/sunglasses => 0ms (5) (avg:0)
/obj/item/clothing/gloves/f13/blacksmith => 0ms (5) (avg:0)
/obj/item/clothing/head/helmet/f13/brahmincowboyhat => 0ms (5) (avg:0)
/obj/structure/closet/crate/secure/science => 0ms (5) (avg:0)
/obj/item/stock_parts/cell/ammo/ec => 0ms (5) (avg:0)
/obj/item/clothing/head/helmet/f13/combat => 0ms (5) (avg:0)
/obj/item/clothing/under/f13/tribe => 0ms (5) (avg:0)
/obj/structure/guncase/shotgun => 0ms (4) (avg:0)
/obj/structure/closet/secure_closet/freezer/kitchen => 0ms (4) (avg:0)
/obj/item/storage/box/dice => 0ms (4) (avg:0)
/obj/item/dice/d4 => 0ms (4) (avg:0)
/obj/item/dice/d6 => 0ms (4) (avg:0)
/obj/item/dice/d8 => 0ms (4) (avg:0)
/obj/item/stock_parts/cell/pulse/carbine => 0ms (4) (avg:0)
/obj/item/gun/energy/pulse/carbine/loyalpin => 0ms (4) (avg:0)
/obj/item/storage/box/disks_plantgene => 0ms (4) (avg:0)
/obj/machinery/door/airlock/command/glass => 0ms (4) (avg:0)
/obj/item/storage/box/alienhandcuffs => 0ms (4) (avg:0)
/obj/item/storage/box/ingredients/wildcard => 0ms (4) (avg:0)
/obj/item/storage/box/ingredients/exotic => 0ms (4) (avg:0)
/obj/item/storage/box/papersack => 0ms (4) (avg:0)
/obj/structure/closet/secure_closet/freezer/fridge/open => 0ms (4) (avg:0)
/obj/structure/closet/athletic_mixed => 0ms (4) (avg:0)
/obj/effect/decal/cleanable/blood/gibs/old => 0ms (4) (avg:0)
/obj/item/gps/mining => 0ms (4) (avg:0)
/obj/item/reagent_containers/blood/OMinus => 0ms (4) (avg:0)
/turf/open/floor/plasteel/f13/vault_floor/plating => 0ms (4) (avg:0)
/turf/closed/wall/mineral/titanium/interior => 0ms (4) (avg:0)
/obj/structure/table/wood/fancy/blackred => 0ms (4) (avg:0)
/turf/open/floor/carpet/blue => 0ms (4) (avg:0)
/turf/closed/wall/r_wall/syndicate/nodiagonal => 0ms (4) (avg:0)
/obj/item/kitchen/knife/combat/survival => 0ms (4) (avg:0)
/obj/item/storage/trash_stack => 0ms (4) (avg:0)
/obj/item/restraints/legcuffs/bola => 0ms (4) (avg:0)
/obj/item/stack/sheet/bone => 0ms (4) (avg:0)
/obj/structure/door_assembly => 0ms (4) (avg:0)
/obj/item/clothing/ears/headphones => 0ms (4) (avg:0)
/obj/item/pet_carrier => 0ms (4) (avg:0)
/obj/item/clothing/suit/armor/f13/ncrarmor => 0ms (4) (avg:0)
/turf/open/floor/plasteel/f13/vault_floor/white => 0ms (4) (avg:0)
/obj/item/clothing/head/f13/cowboy => 0ms (4) (avg:0)
/obj/structure/weightmachine/weightlifter => 0ms (4) (avg:0)
/obj/item/storage/backpack/trekker => 0ms (4) (avg:0)
/obj/item/clothing/suit/armor/f13/raider/blastmaster => 0ms (4) (avg:0)
/obj/item/gun/ballistic/revolver/colt6520 => 0ms (4) (avg:0)
/obj/item/clothing/suit/armor/f13/leatherarmor => 0ms (4) (avg:0)
/obj/item/stack/sheet/mineral/wood => 0ms (4) (avg:0)
/area/shuttle/transit => 0ms (4) (avg:0)
/obj/structure/door_assembly/door_assembly_grunge => 0ms (4) (avg:0)
/obj/item/clothing/suit/armor/f13/ncrarmor/mantle => 0ms (4) (avg:0)
/obj/item/organ/cyberimp/chest/nutriment => 0ms (3) (avg:0)
/mob/living/simple_animal/hostile/handy/nsb => 0ms (3) (avg:0)
/mob/living/simple_animal/hostile/handy/gutsy/nsb => 0ms (3) (avg:0)
/obj/structure/guncase/ecase => 0ms (3) (avg:0)
/obj/item/storage/box/zipties => 0ms (3) (avg:0)
/obj/item/clothing/under/misc/polyjumpsuit => 0ms (3) (avg:0)
/obj/item/clothing/under/misc/poly_shirt => 0ms (3) (avg:0)
/obj/item/clothing/under/costume/kilt/polychromic => 0ms (3) (avg:0)
/obj/item/clothing/under/dress/skirt/polychromic => 0ms (3) (avg:0)
/obj/item/clothing/under/misc/polyshorts => 0ms (3) (avg:0)
/obj/item/gun/energy/e_gun => 0ms (3) (avg:0)
/obj/item/defibrillator/compact/combat/loaded => 0ms (3) (avg:0)
/obj/item/storage/box/teargas => 0ms (3) (avg:0)
/obj/item/gun/energy/laser/wattz/magneto => 0ms (3) (avg:0)
/obj/machinery/computer/communications => 0ms (3) (avg:0)
/obj/machinery/computer/auxillary_base => 0ms (3) (avg:0)
/obj/item/gps/internal/base => 0ms (3) (avg:0)
/obj/structure/closet/wardrobe/cargotech => 0ms (3) (avg:0)
/obj/item/storage/box/mousetraps => 0ms (3) (avg:0)
/obj/machinery/computer/arcade/orion_trail => 0ms (3) (avg:0)
/obj/machinery/computer/shuttle/bunkerelevator => 0ms (3) (avg:0)
/obj/machinery/computer/shuttle/northbunkerelevator => 0ms (3) (avg:0)
/obj/item/reagent_containers/food/drinks/mug/coco => 0ms (3) (avg:0)
/obj/item/storage/box/lights => 0ms (3) (avg:0)
/obj/item/storage/box/lights/bulbs => 0ms (3) (avg:0)
/obj/item/storage/box/medsprays => 0ms (3) (avg:0)
/obj/item/toy/crayon/spraycan => 0ms (3) (avg:0)
/obj/machinery/computer/med_data => 0ms (3) (avg:0)
/obj/item/pda/chemist => 0ms (3) (avg:0)
/obj/machinery/computer/crew => 0ms (3) (avg:0)
/obj/item/gun/energy/ionrifle/carbine => 0ms (3) (avg:0)
/obj/item/clothing/suit/armor/f13/leather_jacket => 0ms (3) (avg:0)
/obj/item/clothing/head/helmet/f13/legion/vet/explorer => 0ms (3) (avg:0)
/obj/item/clothing/suit/armor/f13/legion/vet/explorer => 0ms (3) (avg:0)
/obj/item/clothing/suit/armor/f13/combat/enclave => 0ms (3) (avg:0)
/obj/item/storage/belt/security => 0ms (3) (avg:0)
/obj/machinery/vending/tool => 0ms (3) (avg:0)
/obj/item/clothing/suit/f13/duster => 0ms (3) (avg:0)
/obj/item/reagent_containers/food/snacks/meat/slab/gecko => 0ms (3) (avg:0)
/obj/item/clothing/head/helmet/f13/raidercombathelmet => 0ms (3) (avg:0)
/obj/item/clothing/head/helmet/f13/wayfarer/antler => 0ms (3) (avg:0)
/obj/item/clothing/under/syndicate => 0ms (3) (avg:0)
/obj/item/reagent_containers/glass/bottle/toxin => 0ms (3) (avg:0)
/obj/item/clothing/under/f13/machinist => 0ms (3) (avg:0)
/obj/item/twohanded/fireaxe/bmprsword => 0ms (3) (avg:0)
/obj/item/gun/ballistic/revolver/m29/peacekeeper => 0ms (3) (avg:0)
/obj/item/clothing/under/f13/cowboyb => 0ms (3) (avg:0)
/turf/open/indestructible/ground/outside/ruins => 0ms (3) (avg:0)
/obj/item/reagent_containers/food/snacks/icecream => 0ms (3) (avg:0)
/obj/item/clothing/suit/f13/veteran => 0ms (3) (avg:0)
/obj/item/card/id => 0ms (3) (avg:0)
/obj/screen/alert/notify_cloning => 0ms (3) (avg:0)
/obj/item/claymore/machete/gladius => 0ms (3) (avg:0)
/obj/item/clothing/suit/armor/f13/raider/supafly => 0ms (3) (avg:0)
/obj/item/stack/ore/blackpowder/two => 0ms (3) (avg:0)
/obj/structure/door_assembly/door_assembly_sec => 0ms (3) (avg:0)
/obj/item/clothing/head/f13/trailranger => 0ms (3) (avg:0)
/turf/open/indestructible/ground/outside/desert => 0ms (3) (avg:0)
/obj/item/clothing/under/f13/ranger/trail => 0ms (3) (avg:0)
/obj/item/clothing/under/f13/merca => 0ms (3) (avg:0)
/obj/item/organ/cyberimp/chest/nutriment/plus => 0ms (2) (avg:0)
/mob/living/simple_animal/hostile/handy/sentrybot => 0ms (2) (avg:0)
/mob/living/simple_animal/hostile/handy/robobrain/nsb => 0ms (2) (avg:0)
/obj/structure/tank_dispenser/oxygen => 0ms (2) (avg:0)
/obj/item/storage/box/firingpins => 0ms (2) (avg:0)
/obj/structure/closet/secure_closet/ertMed => 0ms (2) (avg:0)
/obj/structure/closet/secure_closet/ertSec => 0ms (2) (avg:0)
/obj/item/storage/box/flashes => 0ms (2) (avg:0)
/obj/item/gun/energy/laser/captain => 0ms (2) (avg:0)
/obj/machinery/computer/emergency_shuttle => 0ms (2) (avg:0)
/obj/structure/closet/secure_closet/ertEngi => 0ms (2) (avg:0)
/obj/item/storage/box/metalfoam => 0ms (2) (avg:0)
/obj/machinery/computer/shuttle/labor => 0ms (2) (avg:0)
/obj/machinery/computer/shuttle/mining => 0ms (2) (avg:0)
/obj/machinery/computer/security/mining => 0ms (2) (avg:0)
/obj/machinery/gibber => 0ms (2) (avg:0)
/obj/machinery/computer/mech_bay_power_console => 0ms (2) (avg:0)
/obj/machinery/computer/camera_advanced => 0ms (2) (avg:0)
/obj/machinery/computer/shuttle => 0ms (2) (avg:0)
/obj/machinery/computer/telecomms/monitor => 0ms (2) (avg:0)
/obj/machinery/computer/telecomms/server => 0ms (2) (avg:0)
/obj/machinery/computer/message_monitor => 0ms (2) (avg:0)
/obj/effect/decal/cleanable/blood/gibs/limb => 0ms (2) (avg:0)
/obj/item/storage/box/snappops => 0ms (2) (avg:0)
/obj/item/lighter/gold => 0ms (2) (avg:0)
/obj/item/gun/ballistic/automatic/mp5 => 0ms (2) (avg:0)
/obj/item/pda/engineering => 0ms (2) (avg:0)
/obj/machinery/computer/operating/bos => 0ms (2) (avg:0)
/obj/item/storage/box/lights/tubes => 0ms (2) (avg:0)
/obj/item/pda/warden => 0ms (2) (avg:0)
/obj/machinery/computer/robotics => 0ms (2) (avg:0)
/obj/machinery/computer/upload/ai => 0ms (2) (avg:0)
/obj/item/stack/ore/blackpowder/five => 0ms (2) (avg:0)
/turf/open/floor/plasteel/blue/corner => 0ms (2) (avg:0)
/obj/structure/table/wood/fancy/royalblack => 0ms (2) (avg:0)
/obj/structure/window/plasma/reinforced/fulltile => 0ms (2) (avg:0)
/obj/machinery/portable_atmospherics/canister/oxygen => 0ms (2) (avg:0)
/obj/effect/decal/cleanable/blood/gibs/human/lizard/up => 0ms (2) (avg:0)
/obj/effect/decal/cleanable/blood/gibs/slime => 0ms (2) (avg:0)
/obj/effect/decal/cleanable/blood/gibs/human/body => 0ms (2) (avg:0)
/obj/item/reagent_containers/blood/AMinus => 0ms (2) (avg:0)
/obj/item/reagent_containers/blood/APlus => 0ms (2) (avg:0)
/obj/item/reagent_containers/blood/BMinus => 0ms (2) (avg:0)
/obj/item/reagent_containers/blood/BPlus => 0ms (2) (avg:0)
/obj/item/reagent_containers/blood/OPlus => 0ms (2) (avg:0)
/obj/item/reagent_containers/blood/lizard => 0ms (2) (avg:0)
/obj/item/clothing/suit/armor/f13/raider/badlands => 0ms (2) (avg:0)
/obj/item/clothing/suit/armor/f13/kit => 0ms (2) (avg:0)
/obj/item/clothing/head/helmet/f13/combat/enclave => 0ms (2) (avg:0)
/obj/item/storage/backpack/duffelbag => 0ms (2) (avg:0)
/obj/item/claymore/machete/spatha => 0ms (2) (avg:0)
/obj/item/clothing/suit/armor/f13/metalarmor => 0ms (2) (avg:0)
/obj/machinery/am_shielding => 0ms (2) (avg:0)
/obj/item/clothing/neck/cloak => 0ms (2) (avg:0)
/obj/item/gun/ballistic/automatic/m1garand => 0ms (2) (avg:0)
/obj/item/melee/unarmed/brass => 0ms (2) (avg:0)
/obj/item/reagent_containers/glass/bottle/morphine => 0ms (2) (avg:0)
/obj/item/clothing/suit/armor/f13/tribe_armor => 0ms (2) (avg:0)
/obj/structure/window/fulltile/wood_window => 0ms (2) (avg:0)
/obj/item/clothing/head/hooded/human_head => 0ms (2) (avg:0)
/obj/item/clothing/suit/armor/f13/exile/legexile => 0ms (2) (avg:0)
/obj/screen/zone_sel/robot => 0ms (2) (avg:0)
/obj/item/stack/medical/gauze => 0ms (2) (avg:0)
/obj/item/clothing/suit/armor/f13/town/sheriff => 0ms (2) (avg:0)
/obj/item/bodypart/l_leg => 0ms (2) (avg:0)
/obj/item/gun/ballistic/automatic/pistol/ninemil => 0ms (2) (avg:0)
/obj/item/clothing/head/beret/ncr => 0ms (2) (avg:0)
/turf/closed/wall/r_wall/f13/vault => 0ms (2) (avg:0)
/obj/item/clothing/neck/tie/black => 0ms (2) (avg:0)
/obj/item/throwing_star/spear => 0ms (2) (avg:0)
/obj/item/clothing/suit/jacket/miljacket => 0ms (2) (avg:0)
/obj/item/pizzabox/vegetable => 0ms (2) (avg:0)
/obj/item/clothing/head/ushanka => 0ms (2) (avg:0)
/obj/item/clothing/neck/scarf/darkblue => 0ms (2) (avg:0)
/obj/item/clothing/suit/armor/f13/leather_jacket/combat/coat => 0ms (2) (avg:0)
/obj/item/melee/unarmed/lacerator => 0ms (2) (avg:0)
/obj/item/storage/belt/military => 0ms (2) (avg:0)
/obj/item/bedsheet => 0ms (2) (avg:0)
/obj/item/clothing/suit/armor/f13/raider/painspike => 0ms (2) (avg:0)
/obj/structure/window/fulltile/store => 0ms (2) (avg:0)
/obj/item/clothing/suit/armor/f13/combat/brotherhood => 0ms (2) (avg:0)
/obj/item/clothing/head/helmet/f13/combat/brotherhood => 0ms (2) (avg:0)
/obj/item/reagent_containers/hypospray/medipen/stimpak/custom => 0ms (2) (avg:0)
/obj/item/clothing/suit/armor/f13/power_armor/t45d => 0ms (2) (avg:0)
/obj/item/clothing/shoes/roman => 0ms (2) (avg:0)
/obj/item/storage/firstaid/ancient => 0ms (2) (avg:0)
/obj/item/stock_parts/cell/ammo/mfc => 0ms (2) (avg:0)
/turf/closed/wall/mineral/wood => 0ms (2) (avg:0)
/obj/item/clothing/under/f13/settler => 0ms (2) (avg:0)
/obj/item/clothing/under/f13/lumberjack => 0ms (2) (avg:0)
/obj/structure/chair/e_chair => 0ms (1) (avg:0)
/mob/living/simple_animal/hostile/handy/sentrybot/nsb => 0ms (1) (avg:0)
/mob/living/simple_animal/hostile/handy/sentrybot/chew => 0ms (1) (avg:0)
/obj/structure/tank_dispenser/plasma => 0ms (1) (avg:0)
/obj/vehicle/ridden/space/speedbike => 0ms (1) (avg:0)
/obj/vehicle/ridden/space/speedbike/red => 0ms (1) (avg:0)
/obj/vehicle/ridden/space/speedwagon => 0ms (1) (avg:0)
/obj/structure/closet/gimmick/tacticool => 0ms (1) (avg:0)
/obj/structure/closet/gimmick/russian => 0ms (1) (avg:0)
/obj/structure/closet/syndicate/resources/everything => 0ms (1) (avg:0)
/obj/structure/closet/secure_closet/security/sec => 0ms (1) (avg:0)
/obj/structure/closet/secure_closet/warden => 0ms (1) (avg:0)
/obj/structure/closet/secure_closet/armory1 => 0ms (1) (avg:0)
/obj/vehicle/ridden/janicart/upgraded => 0ms (1) (avg:0)
/obj/structure/closet/firecloset/full => 0ms (1) (avg:0)
/obj/structure/closet/wardrobe/mixed => 0ms (1) (avg:0)
/obj/structure/closet/secure_closet/tac => 0ms (1) (avg:0)
/obj/structure/closet/secure_closet/armory2 => 0ms (1) (avg:0)
/obj/structure/closet/secure_closet/armory3 => 0ms (1) (avg:0)
/obj/item/gun/energy/e_gun/stun => 0ms (1) (avg:0)
/obj/item/dice/d00 => 0ms (1) (avg:0)
/obj/item/gun/energy/pulse/pistol/m1911 => 0ms (1) (avg:0)
/obj/structure/closet/secure_closet/ertCom => 0ms (1) (avg:0)
/obj/machinery/computer/shuttle/ferry => 0ms (1) (avg:0)
/obj/machinery/modular_computer/console/preset/command => 0ms (1) (avg:0)
/obj/machinery/computer/prisoner => 0ms (1) (avg:0)
/obj/structure/closet/secure_closet/quartermaster => 0ms (1) (avg:0)
/obj/structure/closet/chefcloset => 0ms (1) (avg:0)
/obj/machinery/modular_computer/console/preset/research => 0ms (1) (avg:0)
/obj/machinery/computer/telecrystals/boss => 0ms (1) (avg:0)
/obj/item/paicard => 0ms (1) (avg:0)
/obj/machinery/computer/shuttle/syndicate/recall => 0ms (1) (avg:0)
/obj/item/disk/data => 0ms (1) (avg:0)
/obj/item/dice/d6/space => 0ms (1) (avg:0)
/obj/item/gun/energy/laser/practice => 0ms (1) (avg:0)
/obj/machinery/computer/atmos_alert => 0ms (1) (avg:0)
/obj/machinery/computer/station_alert => 0ms (1) (avg:0)
/obj/machinery/gravity_generator/part => 0ms (1) (avg:0)
/obj/item/gun/energy/e_gun/mini/practice_phaser => 0ms (1) (avg:0)
/obj/machinery/computer/pandemic => 0ms (1) (avg:0)
/obj/structure/closet/wardrobe/white => 0ms (1) (avg:0)
/obj/item/dice/d1 => 0ms (1) (avg:0)
/obj/item/storage/box/ingredients/delights => 0ms (1) (avg:0)
/obj/machinery/power/solar_control => 0ms (1) (avg:0)
/obj/structure/closet/fridge/meat => 0ms (1) (avg:0)
/obj/item/dice/d2 => 0ms (1) (avg:0)
/obj/item/storage/box/citizenship_permits => 0ms (1) (avg:0)
/obj/machinery/computer/rdconsole => 0ms (1) (avg:0)
/obj/effect/decal/cleanable/blood/gibs/torso => 0ms (1) (avg:0)
/obj/item/storage/box/ingredients/fruity => 0ms (1) (avg:0)
/obj/item/integrated_electronics/detailer => 0ms (1) (avg:0)
/obj/structure/closet/wardrobe/pjs => 0ms (1) (avg:0)
/obj/item/gps/computer => 0ms (1) (avg:0)
/obj/item/pda/heads/hos => 0ms (1) (avg:0)
/obj/item/pda/heads/hop => 0ms (1) (avg:0)
/obj/item/pda/quartermaster => 0ms (1) (avg:0)
/obj/machinery/gibber/autogibber => 0ms (1) (avg:0)
/obj/machinery/computer/cargo/request => 0ms (1) (avg:0)
/obj/item/pda/lawyer => 0ms (1) (avg:0)
/obj/machinery/computer/rdconsole/core/vault => 0ms (1) (avg:0)
/obj/machinery/computer/aifixer => 0ms (1) (avg:0)
/obj/machinery/computer/upload/borg => 0ms (1) (avg:0)
/obj/item/storage/box/PDAs => 0ms (1) (avg:0)
/obj/machinery/computer/card => 0ms (1) (avg:0)
/obj/item/gun/ballistic/automatic/toy => 0ms (1) (avg:0)
/obj/structure/closet/secure_closet/freezer/kitchen/maintenance => 0ms (1) (avg:0)
/obj/machinery/modular_computer/console/preset/engineering => 0ms (1) (avg:0)
/obj/structure/closet/toolcloset => 0ms (1) (avg:0)
/obj/item/gun/energy/laser/aer12 => 0ms (1) (avg:0)
/area/tdome/arena => 0ms (1) (avg:0)
/area/syndicate_mothership => 0ms (1) (avg:0)
/area/ctf => 0ms (1) (avg:0)
/area/awaymission/errorroom => 0ms (1) (avg:0)
/area/tdome/arena_source => 0ms (1) (avg:0)
/area/abductor_ship => 0ms (1) (avg:0)
/area/holodeck/rec_center/refuel => 0ms (1) (avg:0)
/area/holodeck/rec_center/spacechess => 0ms (1) (avg:0)
/area/holodeck/rec_center/thunderdome1218 => 0ms (1) (avg:0)
/area/holodeck/rec_center/kobayashi => 0ms (1) (avg:0)
/area/holodeck/rec_center/chapelcourt => 0ms (1) (avg:0)
/area/holodeck/rec_center/school => 0ms (1) (avg:0)
/area/holodeck/rec_center/firingrange => 0ms (1) (avg:0)
/area/fabric_of_reality => 0ms (1) (avg:0)
/area/holodeck/rec_center/anthophila => 0ms (1) (avg:0)
/area/holodeck/rec_center/pet_lounge => 0ms (1) (avg:0)
/area/holodeck/rec_center/medical => 0ms (1) (avg:0)
/area/holodeck/rec_center/basketball => 0ms (1) (avg:0)
/area/holodeck/rec_center/beach => 0ms (1) (avg:0)
/area/holodeck/rec_center/thunderdome => 0ms (1) (avg:0)
/area/holodeck/rec_center/dodgeball => 0ms (1) (avg:0)
/area/start => 0ms (1) (avg:0)
/area/holodeck/rec_center/winterwonderland => 0ms (1) (avg:0)
/area/holodeck/rec_center/bunker => 0ms (1) (avg:0)
/area/holodeck/rec_center/lounge => 0ms (1) (avg:0)
/area/holodeck/rec_center/wildlife => 0ms (1) (avg:0)
/area/holodeck/rec_center/offline => 0ms (1) (avg:0)
/area/holodeck/rec_center/burn => 0ms (1) (avg:0)
/area/holodeck/rec_center/court => 0ms (1) (avg:0)
/area/space => 0ms (1) (avg:0)
/turf/open/floor/plasteel/darkpurple/side => 0ms (1) (avg:0)
/turf/open/floor/plasteel/f13/vault_floor/yellow/whiteyellowfull => 0ms (1) (avg:0)
/obj/structure/window/reinforced/tinted/fulltile => 0ms (1) (avg:0)
/obj/structure/falsewall/reinforced => 0ms (1) (avg:0)
/obj/machinery/computer/shuttle/bos => 0ms (1) (avg:0)
/obj/machinery/computer/shuttle/ferry/request => 0ms (1) (avg:0)
/obj/machinery/computer/shuttle/syndicate/drop_pod => 0ms (1) (avg:0)
/obj/structure/closet/syndicate/nuclear => 0ms (1) (avg:0)
/obj/item/storage/toolbox/syndicate => 0ms (1) (avg:0)
/obj/machinery/computer/med_data/syndie => 0ms (1) (avg:0)
/obj/machinery/computer/crew/syndie => 0ms (1) (avg:0)
/obj/machinery/computer/camera_advanced/shuttle_docker/syndicate => 0ms (1) (avg:0)
/obj/machinery/computer/shuttle/syndicate => 0ms (1) (avg:0)
/obj/machinery/computer/camera_advanced/syndie => 0ms (1) (avg:0)
/obj/machinery/computer/secure_data/syndie => 0ms (1) (avg:0)
/mob/living/simple_animal/hostile/handy/securitron => 0ms (1) (avg:0)
/obj/effect/decal/cleanable/blood/gibs/human/limb => 0ms (1) (avg:0)
/mob/living/simple_animal/hostile/handy/robobrain => 0ms (1) (avg:0)
/obj/effect/decal/cleanable/blood/gibs/human => 0ms (1) (avg:0)
/obj/effect/decal/cleanable/blood/gibs/slime/torso => 0ms (1) (avg:0)
/obj/effect/decal/cleanable/blood/gibs/human/up => 0ms (1) (avg:0)
/obj/effect/decal/cleanable/blood/gibs/ipc/limb => 0ms (1) (avg:0)
/obj/item/storage/box/hug/medical => 0ms (1) (avg:0)
/obj/item/storage/box/beakers/variety => 0ms (1) (avg:0)
/obj/item/storage/box/minibombs => 0ms (1) (avg:0)
/obj/item/storage/box/deputy_badges => 0ms (1) (avg:0)
/obj/item/ammo_box/a357 => 0ms (1) (avg:0)
/obj/structure/nest/ghoul => 0ms (1) (avg:0)
/obj/structure/bonfire/prelit => 0ms (1) (avg:0)
/obj/item/storage/box/security => 0ms (1) (avg:0)
/obj/item/clothing/head/helmet/f13/metalmask/mk2 => 0ms (1) (avg:0)
/obj/item/clothing/gloves/color/black => 0ms (1) (avg:0)
/obj/item/clothing/head/f13/stormchaser => 0ms (1) (avg:0)
/obj/item/flashlight/flare => 0ms (1) (avg:0)
/obj/item/crowbar/red => 0ms (1) (avg:0)
/obj/item/pda/detective => 0ms (1) (avg:0)
/obj/item/storage/box/evidence => 0ms (1) (avg:0)
/obj/item/card/id/silver => 0ms (1) (avg:0)
/obj/item/clothing/neck/cloak/polychromic => 0ms (1) (avg:0)
/obj/item/pestle => 0ms (1) (avg:0)
/obj/item/grown/log/tree => 0ms (1) (avg:0)
/obj/item/ammo_box/c38 => 0ms (1) (avg:0)
/obj/item/clothing/suit/armor/f13/leather_jacket/combat => 0ms (1) (avg:0)
/obj/item/book/granter/trait/lowsurgery => 0ms (1) (avg:0)
/obj/item/flashlight/flare/torch => 0ms (1) (avg:0)
/obj/item/storage/fancy/cigarettes/cigpack_robustgold => 0ms (1) (avg:0)
/obj/item/stack/crafting/goodparts/five => 0ms (1) (avg:0)
/obj/item/book/granter/crafting_recipe/gunsmith_one => 0ms (1) (avg:0)
/obj/item/stack/crafting/goodparts/three => 0ms (1) (avg:0)
/obj/item/gun/ballistic/automatic/pistol/m1911 => 0ms (1) (avg:0)
/obj/item/ammo_box/magazine/m45 => 0ms (1) (avg:0)
/obj/item/reagent_containers/food/snacks/meat/steak/plain/human => 0ms (1) (avg:0)
/obj/item/stack/f13Cash/caps => 0ms (1) (avg:0)
/obj/item/clothing/head/helmet/f13/fiend => 0ms (1) (avg:0)
/obj/item/gun/ballistic/revolver/pipe_rifle => 0ms (1) (avg:0)
/obj/item/clothing/head/mob_holder => 0ms (1) (avg:0)
/obj/item/clothing/head/scarecrow_hat => 0ms (1) (avg:0)
/obj/item/gun/ballistic/shotgun/remington => 0ms (1) (avg:0)
/obj/item/storage/backpack/satchel/bone => 0ms (1) (avg:0)
/obj/item/twohanded/sledgehammer => 0ms (1) (avg:0)
/obj/item/gun/ballistic/revolver/single_shotgun => 0ms (1) (avg:0)
/obj/item/storage/backpack/spearquiver => 0ms (1) (avg:0)
/obj/item/clothing/mask/cigarette/cigar => 0ms (1) (avg:0)
/obj/item/bodypart/l_arm => 0ms (1) (avg:0)
/obj/item/clothing/mask/bandana/legvet => 0ms (1) (avg:0)
/obj/item/gun/ballistic/revolver/zipgun => 0ms (1) (avg:0)
/obj/item/organ/cyberimp/brain/anti_stun => 0ms (1) (avg:0)
/obj/item/organ/cyberimp/chest/reviver => 0ms (1) (avg:0)
/obj/item/bodypart/r_leg => 0ms (1) (avg:0)
/obj/item/clothing/suit/armor/f13/ncrarmor/lieutenant => 0ms (1) (avg:0)
/obj/machinery/chem_dispenser/drinks/beer => 0ms (1) (avg:0)
/obj/item/clothing/under/f13/doctor => 0ms (1) (avg:0)
/obj/item/gun/ballistic/revolver/thatgun => 0ms (1) (avg:0)
/obj/item/clothing/suit/armor/f13/metalarmor/reinforced => 0ms (1) (avg:0)
/obj/item/clothing/under/f13/sheriff => 0ms (1) (avg:0)
/obj/item/ammo_box/magazine/m10mm_adv/simple => 0ms (1) (avg:0)
/obj/item/clothing/head/helmet/f13/raider/arclight => 0ms (1) (avg:0)
/obj/item/storage/belt/military/assault/ncr => 0ms (1) (avg:0)
/obj/item/ammo_box/magazine/m556/rifle => 0ms (1) (avg:0)
/obj/item/pizzabox/mushroom => 0ms (1) (avg:0)
/obj/item/clothing/head/helmet/f13/power_armor/t51b => 0ms (1) (avg:0)
/obj/item/ammo_box/magazine/m10mm_adv/ext => 0ms (1) (avg:0)
/obj/item/clothing/under/f13/enclave_officer => 0ms (1) (avg:0)
/obj/item/gun/ballistic/automatic/m1carbine => 0ms (1) (avg:0)
/obj/item/clothing/head/hardhat => 0ms (1) (avg:0)
/obj/item/ammo_box/tube/a357 => 0ms (1) (avg:0)
/obj/item/reagent_containers/pill/patch/turbo => 0ms (1) (avg:0)
/obj/item/reagent_containers/pill/stimulant => 0ms (1) (avg:0)
/obj/item/gun/ballistic/shotgun/automatic/hunting/cowboy => 0ms (1) (avg:0)
/obj/machinery/vending/medical => 0ms (1) (avg:0)
/obj/item/kitchen/knife/butcher => 0ms (1) (avg:0)
/obj/item/clothing/mask/gas/cyborg => 0ms (1) (avg:0)
/obj/item/clothing/suit/toggle/labcoat/depjacket/sci => 0ms (1) (avg:0)
/obj/item/clothing/suit/armor/f13/headscribe => 0ms (1) (avg:0)
/obj/item/ammo_box/m44 => 0ms (1) (avg:0)
/obj/item/clothing/suit/armor/f13/brahmin_leather_duster => 0ms (1) (avg:0)
/obj/item/melee/unarmed/deathclawgauntlet => 0ms (1) (avg:0)
/obj/item/storage/box/bowls => 0ms (1) (avg:0)
/obj/structure/door_assembly/door_assembly_vault => 0ms (1) (avg:0)
/obj/item/clothing/head/helmet/f13/power_armor/t45d => 0ms (1) (avg:0)
/obj/item/card/id/dogtag => 0ms (1) (avg:0)
/obj/item/reagent_containers/food/snacks/meat/slab/human/ghoul => 0ms (1) (avg:0)
/obj/item/trash/f13/cram => 0ms (1) (avg:0)
/obj/item/clothing/head/f13/stalkerpelt => 0ms (1) (avg:0)
/obj/item/clothing/head/helmet/f13/firefighter => 0ms (1) (avg:0)
/obj/item/reagent_containers/pill/patch/healingpowder => 0ms (1) (avg:0)
/obj/item/clothing/mask/surgical => 0ms (1) (avg:0)
/obj/item/clothing/head/f13/ncr/steelpot_med => 0ms (1) (avg:0)
/obj/item/clothing/suit/armor/f13/ncrarmor/reinforced => 0ms (1) (avg:0)
/obj/item/clothing/gloves/color/latex/nitrile => 0ms (1) (avg:0)
/obj/item/card/id/dogtag/ncrtrooper => 0ms (1) (avg:0)
/obj/item/storage/fancy/cigarettes/cigars/havana => 0ms (1) (avg:0)
/obj/item/clothing/suit/armor/f13/combat/brotherhood/initiate => 0ms (1) (avg:0)
/obj/item/tape/random => 0ms (1) (avg:0)
/obj/item/clothing/head/helmet/f13/ncr/rangercombat => 0ms (1) (avg:0)
/obj/item/restraints/handcuffs => 0ms (1) (avg:0)
/obj/item/gun/ballistic/revolver/detective => 0ms (1) (avg:0)
/obj/item/clothing/under/f13/ranger/vet => 0ms (1) (avg:0)
/obj/item/clothing/mask/gas/ranger => 0ms (1) (avg:0)
/obj/item/clothing/suit/toggle/armor/f13/rangerrecon => 0ms (1) (avg:0)
/obj/item/toy/cards/deck => 0ms (1) (avg:0)
/obj/item/ammo_box/magazine/m556/rifle/assault => 0ms (1) (avg:0)
/obj/item/clothing/mask/gas/explorer => 0ms (1) (avg:0)
/obj/item/radio/headset/headset_den => 0ms (1) (avg:0)
/obj/item/gun/ballistic/automatic/varmint => 0ms (1) (avg:0)
/obj/item/clothing/suit/armor/f13/ncrarmor/mantle/reinforced => 0ms (1) (avg:0)
/obj/item/clothing/head/rice_hat => 0ms (1) (avg:0)
/obj/item/clothing/under/syndicate/tacticool => 0ms (1) (avg:0)
