[2021-05-16 18:50:04.409] Starting up round ID 11.
 - -------------------------
[2021-05-16 18:50:05.577] INIT: Initialized Profiler subsystem within 0 seconds!
[2021-05-16 18:50:06.124] Fail2Topic: Failed to drop firewall rule. Exit code: 1.
[2021-05-16 18:50:06.124] INIT: Initialized Fail2Topic subsystem within 0.6 seconds!
[2021-05-16 18:50:06.178] INIT: Initialized Title Screen subsystem within 0 seconds!
[2021-05-16 18:50:06.179] INIT: Initialized Database subsystem within 0 seconds!
[2021-05-16 18:50:06.179] INIT: Initialized Stat Panels subsystem within 0 seconds!
[2021-05-16 18:50:06.179] INIT: Initialized Blackbox subsystem within 0 seconds!
[2021-05-16 18:50:06.181] INIT: Initialized Server Tasks subsystem within 0 seconds!
[2021-05-16 18:50:06.182] INIT: Initialized Input subsystem within 0 seconds!
[2021-05-16 18:50:06.184] INIT: Initialized Sounds subsystem within 0 seconds!
[2021-05-16 18:50:06.185] INIT: Initialized Vis contents overlays subsystem within 0 seconds!
[2021-05-16 18:50:06.255] INIT: Initialized Research subsystem within 0.1 seconds!
[2021-05-16 18:50:06.259] INIT: Initialized Events subsystem within 0 seconds!
[2021-05-16 18:50:06.267] INIT: Initialized Jobs subsystem within 0 seconds!
[2021-05-16 18:50:06.271] INIT: Initialized Quirks subsystem within 0 seconds!
[2021-05-16 18:50:06.288] INIT: Initialized Ticker subsystem within 0 seconds!
[2021-05-16 18:50:06.307] INIT: Initialized Instruments subsystem within 0.1 seconds!
[2021-05-16 18:50:28.462] INIT: Initialized Mapping subsystem within 22.1 seconds!
[2021-05-16 18:50:28.488] INIT: Initialized Economy subsystem within 0 seconds!
[2021-05-16 18:50:28.492] INIT: Initialized Networks subsystem within 0 seconds!
[2021-05-16 18:50:28.493] INIT: Initialized Holodeck subsystem within 0 seconds!
[2021-05-16 18:51:38.358] INIT: Initialized Atoms subsystem within 69.8 seconds!
[2021-05-16 18:51:38.503] INIT: Initialized Language subsystem within 0.1 seconds!
[2021-05-16 18:51:38.540] INIT: Initialized Machines subsystem within 0 seconds!
[2021-05-16 18:51:38.657] INIT: Initialized Circuit subsystem within 0.1 seconds!
[2021-05-16 18:51:38.971] INIT: Initialized Atmos Adjacency subsystem within 0.3 seconds!
[2021-05-16 18:51:38.972] INIT: Initialized Autotransfer Vote subsystem within 0 seconds!
[2021-05-16 18:51:38.972] INIT: Initialized Chemistry subsystem within 0 seconds!
[2021-05-16 18:51:38.973] INIT: Initialized Status Effects subsystem within 0 seconds!
[2021-05-16 18:51:38.975] INIT: Initialized Weather subsystem within 0 seconds!
[2021-05-16 18:51:38.980] INIT: Initialized Disease subsystem within 0 seconds!
[2021-05-16 18:51:38.981] INIT: Initialized Item Spawners subsystem within 0 seconds!
[2021-05-16 18:51:38.982] INIT: Initialized Jukeboxes subsystem within 0 seconds!
[2021-05-16 18:51:38.982] INIT: Initialized Medals subsystem within 0 seconds!
[2021-05-16 18:51:40.262] INIT: Initialized Minimaps subsystem within 1.3 seconds!
[2021-05-16 18:51:40.386] INIT: Initialized Mob Spawners subsystem within 0 seconds!
[2021-05-16 18:51:40.386] INIT: Initialized Monster Wave subsystem within 0 seconds!
[2021-05-16 18:51:40.387] INIT: Initialized Day/Night Cycle subsystem within 0 seconds!
[2021-05-16 18:51:40.387] INIT: Initialized Night Shift subsystem within 0 seconds!
[2021-05-16 18:51:40.388] INIT: Initialized Parallax subsystem within 0 seconds!
[2021-05-16 18:51:40.388] INIT: Initialized Sun subsystem within 0 seconds!
[2021-05-16 18:51:40.882] INIT: Initialized Traumas subsystem within 0.5 seconds!
[2021-05-16 18:51:50.607] INIT: Initialized Atmospherics subsystem within 9.7 seconds!
[2021-05-16 18:52:01.392] INIT: Initialized Assets subsystem within 10.7 seconds!
[2021-05-16 18:52:09.243] INIT: Initialized Icon Smoothing subsystem within 7.1 seconds!
[2021-05-16 18:52:10.874] INIT: Initialized Overlay subsystem within 1.6 seconds!
[2021-05-16 18:52:10.875] INIT: Initialized XKeyScore subsystem within 0 seconds!
[2021-05-16 18:52:10.988] INIT: Initialized Sticky Ban subsystem within 0.1 seconds!
[2021-05-16 18:52:23.413] INIT: Initialized Lighting subsystem within 12.4 seconds!
[2021-05-16 18:52:27.683] INIT: Initialized Shuttle subsystem within 4.2 seconds!
[2021-05-16 18:52:34.544] INIT: Initialized Minor Mapping subsystem within 6.9 seconds!
[2021-05-16 18:52:34.546] INIT: Initialized Pathfinder subsystem within 0 seconds!
[2021-05-16 18:52:34.632] INIT: Initialized Persistence subsystem within 0.1 seconds!
[2021-05-16 18:52:34.670] INIT: Initialized Chat subsystem within 0 seconds!
[2021-05-16 22:25:19.144] Fail2Topic: Failed to drop firewall rule. Exit code: 1.
