[2021-05-17 06:44:53.902] TGS Info: Activating API for version 3.2.6.2
[2021-05-17 06:44:53.921] runtime error: list index out of bounds
 - proc name: OnWorldNew (/datum/tgs_api/v3210/OnWorldNew)
 -   source file: api.dm,69
 -   usr: null
 -   src: /datum/tgs_api/v3210 (/datum/tgs_api/v3210)
 -   call stack:
 - /datum/tgs_api/v3210 (/datum/tgs_api/v3210): OnWorldNew(0)
 - world: TgsNew(/datum/tgs_event_handler/impl (/datum/tgs_event_handler/impl), 0)
 - world: InitTgs()
 - world: New()
 - 
[2021-05-17 06:44:53.922] TGS Error: Failed to activate API!
[2021-05-17 06:44:53.924] Running /tg/ revision: 
 - No commit information
[2021-05-17 06:44:53.939] Loading config file config.txt...
[2021-05-17 06:44:53.952] Loading config file game_options.txt...
[2021-05-17 06:44:53.970] Loading config file dbconfig.txt...
[2021-05-17 06:44:53.981] Loading config file comms.txt...
[2021-05-17 06:44:53.990] Loading config file antag_rep.txt...
[2021-05-17 06:44:53.997] Loading config file resources.txt...
[2021-05-17 06:44:54.006] Loading config file donator_groupings.txt...
[2021-05-17 06:44:54.014] Loading config file dynamic_config.txt...
[2021-05-17 06:44:54.033] Loading config file plushies/defines.txt...
[2021-05-17 06:44:54.040] Loading config file job_threats.txt...
[2021-05-17 06:44:54.048] Loading config file policy.txt...
[2021-05-17 06:44:54.059] Loading config file maps.txt...
[2021-05-17 06:44:54.096] Database connection established.
[2021-05-17 06:44:54.099] SQL: Could not get schema version from database
