[2021-05-17 06:44:54.108] Starting up round ID 14.
 - -------------------------
[2021-05-17 06:49:18.274] JohonasMexicanjo \ Heather Rose \ Followers Administrator \ NONE \ LATEJOIN
[2021-05-17 11:21:03.921] HyroFox \ Raul Hooker \ Hunter \ NONE \ LATEJOIN
[2021-05-17 11:43:55.019] hyrofox \ Sue Wilkinson \ NCR Combat Engineer \ NONE \ LATEJOIN
[2021-05-17 12:25:29.508] Corvopimpolho \ Casey Cressman \ Outlaw \ NONE \ LATEJOIN
[2021-05-17 12:28:42.965] Jhonatan lima \ Yuri Stigat \ Vault-tec Engineer \ NONE \ LATEJOIN
[2021-05-17 12:30:19.907] Coffee_MasterOri \ Nickolas Priebe \ Wastelander \ NONE \ LATEJOIN
[2021-05-17 13:02:44.051] AlbertoVinhofino \ Elias Ivanov \ Vault-tec Doctor \ NONE \ LATEJOIN
[2021-05-17 13:10:13.369] 2006F \ Milo Swabey \ NCR Ranger \ NONE \ LATEJOIN
[2021-05-17 13:14:01.703] 2006f \ Kelvin Griffiths \ Head Paladin \ NONE \ LATEJOIN
[2021-05-17 13:14:06.211] n0fun \ Tracey Losey \ Vault-tec Scientist \ NONE \ LATEJOIN
[2021-05-17 13:20:42.647] John_egbert3 \ Moises Raub \ Wastelander \ NONE \ LATEJOIN
[2021-05-17 13:23:19.766] FidgetyBacchus \ Yun-Seo Kierst \ Vault-tec Security \ NONE \ LATEJOIN
[2021-05-17 13:25:04.140] Richard-Campi \ Ethan Brown \ Overseer \ NONE \ LATEJOIN
[2021-05-17 13:27:45.016] johnegbert3 \ Fabian Osterwise \ Enclave Private \ NONE \ LATEJOIN
[2021-05-17 14:08:52.569] Hue100 \ Miller Mike \ Wastelander \ NONE \ LATEJOIN
[2021-05-17 14:08:55.724] Shirozinha \ Tio Osso \ Chief of Security \ NONE \ LATEJOIN
[2021-05-17 14:09:42.802] Syndi-Pudim \ Joaquin Schmidt \ Head Hunter \ NONE \ LATEJOIN
[2021-05-17 14:12:23.424] Baeiou \ Roderick Malkav \ Enclave Private \ NONE \ LATEJOIN
[2021-05-17 14:14:40.828] Zero9e1 \ Zack \ Outlaw \ NONE \ LATEJOIN
[2021-05-17 14:17:44.869] syndipudim \ Drew Thomas \ Outlaw \ NONE \ LATEJOIN
[2021-05-17 14:20:14.772] baeiou \ Roderick Malkav \ Vault Dweller \ NONE \ LATEJOIN
[2021-05-17 14:36:20.937] zero9e1 \ Jack \ Sheriff \ NONE \ LATEJOIN
[2021-05-17 14:37:02.722] Gabrielmilla123 \ Gabriel Milla \ Camp Follower \ NONE \ LATEJOIN
[2021-05-17 14:37:07.319] Matheusgp9999 \ Nykix Nywt \ Outlaw \ NONE \ LATEJOIN
[2021-05-17 14:41:04.460] syndipudim \ Fernandinho Beiramar \ Outlaw \ NONE \ LATEJOIN
[2021-05-17 14:49:05.383] Guilhty \ Guilherme Evan \ Wastelander \ NONE \ LATEJOIN
[2021-05-17 14:49:32.191] Luiz20 \ Luiz Borgos Primeiro \ Enclave Lieutenant \ NONE \ LATEJOIN
[2021-05-17 15:00:03.550] n0fun \ Alisa Swabey \ Outlaw \ NONE \ LATEJOIN
[2021-05-17 15:01:32.211] DanteThanatos \ Default Cyborg Name \ Cyborg \ NONE \ LATEJOIN
[2021-05-17 15:05:07.483] alexalbright \ Adolph Logue \ Recruit Legionary \ NONE \ LATEJOIN
[2021-05-17 15:08:30.127] Eversonblr \ Daria Basinger \ Head Scribe \ NONE \ LATEJOIN
