/mob/living/carbon/human => 1472ms (18859) (avg:0.078052915632724762)
/turf/closed/mineral/random/low_chance => 596ms (55869) (avg:0.010667812079191208)
/obj/screen/healthdoll => 577ms (8367) (avg:0.068961396813392639)
/obj/machinery/light/fo13colored/Red => 397ms (10723) (avg:0.037023220211267471)
/obj/machinery/power/smes/magical => 269ms (6420) (avg:0.041900310665369034)
/obj/machinery/light/fo13colored/Aqua => 158ms (3558) (avg:0.044406969100236893)
/obj/machinery/door/airlock/hatch => 150ms (1338) (avg:0.11210761964321136)
/turf/open/space/basic => 119ms (39910) (avg:0.0029817088507115841)
/obj/machinery/hydroponics/soil => 115ms (7130) (avg:0.016129031777381897)
/obj/machinery/hydroponics/constructable => 92ms (1913) (avg:0.048092003911733627)
/obj/machinery/door/airlock/maintenance/abandoned => 90ms (783) (avg:0.1149425283074379)
/obj/machinery/door/airlock/science/glass => 90ms (709) (avg:0.12693935632705688)
/obj/machinery/light/lampost => 88ms (1918) (avg:0.045881126075983047)
/obj/machinery/light/fo13colored/Pink => 86ms (2315) (avg:0.037149026989936829)
/obj/machinery/door/airlock/public/glass => 84ms (607) (avg:0.13838550448417664)
/turf/closed/mineral/random/high_chance => 68ms (6665) (avg:0.010202550329267979)
/obj/structure/window/reinforced/fulltile => 63ms (4100) (avg:0.015365853905677795)
/obj/screen/parallax_layer/layer_1 => 59ms (192) (avg:0.3072916567325592)
/obj/screen/inventory/hand => 55ms (3085) (avg:0.017828201875090599)
/obj/effect/decal/cleanable/blood/footprints => 55ms (1724) (avg:0.031902551651000977)
/obj/screen/inventory => 54ms (1365) (avg:0.039560440927743912)
/obj/screen/movable/action_button => 51ms (992) (avg:0.051411289721727371)
/obj/machinery/door/airlock/medical/glass => 50ms (426) (avg:0.11737088859081268)
/turf/closed/mineral/iron => 46ms (3457) (avg:0.013306334614753723)
/obj/machinery/door/airlock => 46ms (408) (avg:0.11274509876966476)
/obj/screen/parallax_layer/layer_2 => 43ms (192) (avg:0.2239583283662796)
/mob/living/carbon/human/dummy => 42ms (744) (avg:0.056451611220836639)
/obj/effect/decal/cleanable/dirt => 35ms (4081) (avg:0.0085763288661837578)
/obj/machinery/door/airlock/mining => 32ms (203) (avg:0.15763546526432037)
/obj/screen/sprintbutton => 30ms (617) (avg:0.048622366040945053)
/obj/item/storage/belt/utility/full/engi => 28ms (201) (avg:0.13930347561836243)
/obj/machinery/door/airlock/command => 27ms (219) (avg:0.12328767031431198)
/obj/machinery/door/airlock/shuttle => 26ms (244) (avg:0.10655737668275833)
/obj/machinery/mecha_part_fabricator => 24ms (3678) (avg:0.006525285542011261)
/obj/machinery/door/airlock/security => 24ms (254) (avg:0.094488188624382019)
/obj/machinery/light/built => 24ms (179) (avg:0.13407821953296661)
/obj/machinery/door/airlock/engineering => 21ms (174) (avg:0.12068965286016464)
/turf/closed/indestructible/riveted => 18ms (2661) (avg:0.0067643742077052593)
/turf/closed/wall/r_wall/rust => 18ms (2018) (avg:0.0089197224006056786)
/obj/item/weldingtool/largetank => 18ms (183) (avg:0.098360657691955566)
/obj/machinery/door/airlock/abandoned => 18ms (157) (avg:0.11464968323707581)
/turf/closed/wall/rust => 17ms (2477) (avg:0.0068631409667432308)
/obj/item/stack/ore/iron => 15ms (217) (avg:0.069124422967433929)
/turf/closed/wall/f13/store => 14ms (1231) (avg:0.011372867971658707)
/turf/closed/mineral/lead => 13ms (1202) (avg:0.01081530749797821)
/obj/machinery/door/airlock/grunge => 13ms (185) (avg:0.070270270109176636)
/obj/machinery/door/airlock/wood => 13ms (110) (avg:0.11818181723356247)
/obj/machinery/door/airlock/freezer => 13ms (95) (avg:0.13684210181236267)
/obj/machinery/door/airlock/highsecurity => 13ms (67) (avg:0.19402985274791718)
/turf/closed/wall/r_wall/f13vault => 11ms (1372) (avg:0.0080174924805760384)
/turf/closed/mineral/silver => 11ms (743) (avg:0.014804845675826073)
/obj/item/stack/ore/plasma => 11ms (78) (avg:0.14102564752101898)
/turf/closed/mineral/plasma => 10ms (1264) (avg:0.0079113924875855446)
/turf/open/floor/carpet/black => 10ms (508) (avg:0.019685039296746254)
/turf/closed/mineral/gold => 9ms (599) (avg:0.015025041997432709)
/obj/machinery/door/airlock/command/glass => 9ms (116) (avg:0.077586203813552856)
/turf/closed/wall/f13/ruins => 8ms (1114) (avg:0.007181328721344471)
/turf/closed/mineral/uranium => 8ms (426) (avg:0.018779342994093895)
/obj/effect/decal/cleanable/blood/gibs => 8ms (400) (avg:0.019999999552965164)
/obj/machinery/door/airlock/medical => 8ms (90) (avg:0.088888891041278839)
/turf/closed/wall/f13/wood/house => 8ms (38) (avg:0.21052631735801697)
/obj/structure/table/wood => 7ms (764) (avg:0.0091623039916157722)
/obj/structure/closet => 7ms (295) (avg:0.023728813976049423)
/obj/machinery/door/airlock/security/glass => 7ms (123) (avg:0.056910570710897446)
/obj/item/gun/energy/kinetic_accelerator => 6ms (61) (avg:0.098360657691955566)
/obj/screen/parallax_layer/layer_3 => 6ms (42) (avg:0.1428571492433548)
/turf/closed/wall/f13/supermart => 5ms (866) (avg:0.0057736719027161598)
/obj/structure/table/reinforced => 5ms (748) (avg:0.0066844918765127659)
/turf/closed/mineral/titanium => 5ms (605) (avg:0.0082644624635577202)
/obj/machinery/light/small => 5ms (574) (avg:0.0087108016014099121)
/turf/closed/mineral/bscrystal => 5ms (197) (avg:0.025380710139870644)
/obj/effect/decal/cleanable/blood/drip => 5ms (52) (avg:0.096153847873210907)
/obj/item/stack/ore/lead => 5ms (48) (avg:0.1041666641831398)
/turf/open/space/transit => 4ms (1621) (avg:0.0024676125030964613)
/turf/closed/wall/r_wall => 4ms (871) (avg:0.0045924223959445953)
/obj/machinery/light => 4ms (812) (avg:0.0049261082895100117)
/turf/closed/wall/mineral/titanium => 4ms (318) (avg:0.012578615918755531)
/obj/structure/table/wood/settler => 4ms (258) (avg:0.015503875911235809)
/obj/item/pda => 4ms (182) (avg:0.021978022530674934)
/obj/screen/movable/action_button/hide_toggle => 4ms (107) (avg:0.037383176386356354)
/obj/screen/zone_sel => 4ms (62) (avg:0.064516127109527588)
/obj/machinery/portable_atmospherics/canister/oxygen => 4ms (52) (avg:0.076923079788684845)
/obj/item/gun/ballistic/automatic/mini_uzi => 4ms (44) (avg:0.090909093618392944)
/obj/screen/combattoggle => 4ms (38) (avg:0.10526315867900848)
/obj/structure/table => 3ms (606) (avg:0.004950494971126318)
/turf/closed/mineral/diamond => 3ms (260) (avg:0.011538461782038212)
/obj/structure/barricade/sandbags => 3ms (209) (avg:0.014354066923260689)
/turf/closed/indestructible/f13vaultrusted => 3ms (192) (avg:0.015625)
/obj/effect/decal/cleanable/blood/gibs/core => 3ms (97) (avg:0.030927835032343864)
/obj/item/gun/ballistic/automatic/greasegun => 3ms (62) (avg:0.048387095332145691)
/mob/dead/observer => 3ms (57) (avg:0.052631579339504242)
/turf/open/floor/plasteel/f13/vault_floor/floor => 3ms (56) (avg:0.0535714291036129)
/obj/machinery/power/smes/engineering => 3ms (51) (avg:0.058823529630899429)
/obj/item/stack/ore/silver => 3ms (35) (avg:0.085714288055896759)
/obj/machinery/door/airlock/glass_large => 3ms (24) (avg:0.125)
/obj/machinery/rnd/production/protolathe => 3ms (22) (avg:0.13636364042758942)
/turf/closed/wall/mineral/titanium/nodiagonal => 3ms (17) (avg:0.17647059261798859)
/obj/machinery/door/airlock/research => 3ms (11) (avg:0.27272728085517883)
/turf/open/floor/plasteel => 2ms (371) (avg:0.0053908354602754116)
/turf/closed/indestructible/riveted/boss => 2ms (266) (avg:0.0075187971815466881)
/obj/item/reagent_containers/hypospray/medipen/stimpak => 2ms (191) (avg:0.010471204295754433)
/obj/structure/closet/cabinet => 2ms (157) (avg:0.012738853693008423)
/obj/item/reagent_containers/blood/random => 2ms (144) (avg:0.013888888992369175)
/turf/closed/indestructible/riveted/uranium => 2ms (131) (avg:0.015267175622284412)
/obj/structure/lattice/catwalk => 2ms (130) (avg:0.015384615398943424)
/obj/machinery/computer/terminal => 2ms (110) (avg:0.018181817606091499)
/obj/effect/decal/cleanable/dirt/dust => 2ms (92) (avg:0.021739130839705467)
/turf/closed/mineral/random => 2ms (77) (avg:0.025974025949835777)
/obj/item/gun/energy/laser/plasma => 2ms (36) (avg:0.0555555559694767)
/obj/machinery/door/airlock/vault => 2ms (29) (avg:0.068965516984462738)
/obj/item/stack/ore/titanium => 2ms (25) (avg:0.079999998211860657)
/obj/item/stack/ore/diamond => 2ms (16) (avg:0.125)
/mob/living/silicon/robot => 2ms (11) (avg:0.18181818723678589)
/obj/item/stack/ore/bluespace_crystal => 2ms (4) (avg:0.5)
/turf/closed/wall/f13/wood/house/broken => 2ms (2) (avg:1)
/turf/open/space => 1ms (340) (avg:0.0029411765281111002)
/turf/open/floor/carpet => 1ms (259) (avg:0.0038610037881880999)
/turf/open/floor/plasteel/dark => 1ms (231) (avg:0.0043290043249726295)
/obj/structure/closet/crate/bin => 1ms (171) (avg:0.0058479532599449158)
/turf/closed/indestructible => 1ms (168) (avg:0.0059523810632526875)
/obj/item/gun/ballistic/automatic/toy => 1ms (90) (avg:0.011111111380159855)
/obj/item/screwdriver => 1ms (89) (avg:0.01123595517128706)
/obj/structure/closet/fridge => 1ms (83) (avg:0.012048192322254181)
/obj/machinery/door/airlock/centcom => 1ms (73) (avg:0.013698630034923553)
/obj/item/gun/energy/laser/wattz => 1ms (70) (avg:0.014285714365541935)
/turf/open/floor/f13 => 1ms (63) (avg:0.01587301678955555)
/obj/item/clothing/shoes/jackboots => 1ms (63) (avg:0.01587301678955555)
/obj/item/reagent_containers/glass/beaker/large => 1ms (58) (avg:0.017241379246115685)
/obj/item/gun/ballistic/automatic/tommygun => 1ms (54) (avg:0.018518518656492233)
/turf/open/indestructible/ground/outside/sidewalk => 1ms (46) (avg:0.021739130839705467)
/obj/structure/lattice => 1ms (45) (avg:0.02222222276031971)
/turf/closed/mineral/ash_rock => 1ms (42) (avg:0.02380952425301075)
/obj/structure/closet/secure_closet/personal => 1ms (38) (avg:0.026315789669752121)
/obj/item/kinetic_crusher => 1ms (37) (avg:0.027027027681469917)
/obj/machinery/shower => 1ms (32) (avg:0.03125)
/obj/structure/window/plastitanium => 1ms (30) (avg:0.033333335071802139)
/obj/structure/table/booth => 1ms (29) (avg:0.034482758492231369)
/obj/item/kinetic_crusher/glaive => 1ms (29) (avg:0.034482758492231369)
/obj/item/clothing/shoes/f13/brownie => 1ms (27) (avg:0.037037037312984467)
/obj/machinery/cell_charger => 1ms (22) (avg:0.045454546809196472)
/obj/item/gun/energy/laser/plasma/glock/extended => 1ms (22) (avg:0.045454546809196472)
/obj/structure/necropolis_gate => 1ms (20) (avg:0.05000000074505806)
/obj/item/stock_parts/cell/upgraded => 1ms (18) (avg:0.0555555559694767)
/obj/structure/table/wood/bar => 1ms (18) (avg:0.0555555559694767)
/mob/living/brain => 1ms (18) (avg:0.0555555559694767)
/turf/open/floor/plasteel/darkred/corner => 1ms (16) (avg:0.0625)
/obj/structure/closet/secure_closet/personal/cabinet => 1ms (15) (avg:0.066666670143604279)
/turf/open/floor/plasteel/darkblue/corner => 1ms (13) (avg:0.076923079788684845)
/obj/structure/chair/comfy/brown => 1ms (11) (avg:0.090909093618392944)
/obj/item/reagent_containers/glass/bottle/epinephrine => 1ms (10) (avg:0.10000000149011612)
/area/shuttle/transit => 1ms (10) (avg:0.10000000149011612)
/obj/structure/closet/bus => 1ms (9) (avg:0.1111111119389534)
/obj/structure/door_assembly/door_assembly_hatch => 1ms (9) (avg:0.1111111119389534)
/obj/item/storage/box/vendingmachine => 1ms (9) (avg:0.1111111119389534)
/obj/item/gun/ballistic/automatic/pistol/pistol22 => 1ms (8) (avg:0.125)
/obj/structure/closet/secure_closet/goodies => 1ms (8) (avg:0.125)
/obj/item/stack/ore/uranium => 1ms (7) (avg:0.1428571492433548)
/obj/effect/decal/cleanable/blood/gibs/body => 1ms (6) (avg:0.1666666716337204)
/obj/item/storage/box/ingredients/vegetarian => 1ms (6) (avg:0.1666666716337204)
/obj/machinery/chem_dispenser => 1ms (5) (avg:0.20000000298023224)
/obj/machinery/door/airlock/engineering/glass => 1ms (4) (avg:0.25)
/obj/machinery/computer/security/bos => 1ms (4) (avg:0.25)
/obj/item/gps/mining => 1ms (4) (avg:0.25)
/turf/open/floor/carpet/blue => 1ms (4) (avg:0.25)
/obj/item/melee/unarmed/brass => 1ms (4) (avg:0.25)
/obj/item/reagent_containers/glass/bottle/vial/small/antitoxin => 1ms (4) (avg:0.25)
/obj/structure/door_assembly/door_assembly_grunge => 1ms (4) (avg:0.25)
/obj/item/clothing/under/misc/polyshorts => 1ms (3) (avg:0.3333333432674408)
/obj/machinery/computer/shuttle/northbunkerelevator => 1ms (3) (avg:0.3333333432674408)
/obj/item/twohanded/spear => 1ms (3) (avg:0.3333333432674408)
/obj/item/reagent_containers/glass/beaker/bluespace => 1ms (3) (avg:0.3333333432674408)
/obj/item/clothing/neck/cloak/grey => 1ms (2) (avg:0.5)
/obj/structure/closet/fridge/meat => 1ms (1) (avg:1)
/obj/machinery/computer/shuttle/ferry/request => 1ms (1) (avg:1)
/obj/machinery/portable_atmospherics/canister/air => 1ms (1) (avg:1)
/obj/item/gun/energy/ionrifle/carbine => 1ms (1) (avg:1)
/turf/closed/wall/r_wall/f13superstore => 0ms (150) (avg:0)
/turf/closed/indestructible/fakeglass => 0ms (108) (avg:0)
/obj/item/paper_bin => 0ms (98) (avg:0)
/turf/closed/wall/r_wall/syndicate => 0ms (97) (avg:0)
/obj/machinery/newscaster/security_unit => 0ms (96) (avg:0)
/turf/open/floor/holofloor/carpet => 0ms (87) (avg:0)
/obj/item/wirecutters => 0ms (83) (avg:0)
/obj/item/weldingtool => 0ms (75) (avg:0)
/obj/item/clothing/shoes/f13/diesel/alt => 0ms (70) (avg:0)
/obj/machinery/light/floor => 0ms (62) (avg:0)
/turf/open/floor/plasteel/f13/vault_floor/misc/vaultrust => 0ms (48) (avg:0)
/obj/effect/decal/cleanable/blood/gibs/down => 0ms (46) (avg:0)
/obj/structure/table/wood/poker => 0ms (44) (avg:0)
/obj/screen/radial/slice => 0ms (41) (avg:0)
/turf/open/floor/plasteel/darkred/side => 0ms (40) (avg:0)
/obj/structure/table/glass => 0ms (37) (avg:0)
/obj/effect/decal/cleanable/trail_holder => 0ms (37) (avg:0)
/obj/machinery/newscaster => 0ms (36) (avg:0)
/obj/item/reagent_containers/syringe/charcoal => 0ms (35) (avg:0)
/obj/structure/table/wood/fancy => 0ms (35) (avg:0)
/obj/item/storage/box/drinkingglasses => 0ms (32) (avg:0)
/obj/item/reagent_containers/glass/beaker => 0ms (30) (avg:0)
/obj/item/reagent_containers/blood/radaway => 0ms (29) (avg:0)
/obj/item/disk/plantgene => 0ms (28) (avg:0)
/obj/item/gun/energy/laser => 0ms (27) (avg:0)
/obj/structure/window/paperframe => 0ms (27) (avg:0)
/turf/open/floor/plasteel/f13/vault_floor/dark/darksolid => 0ms (26) (avg:0)
/obj/item/lighter => 0ms (25) (avg:0)
/obj/item/reagent_containers/glass/beaker/waterbottle => 0ms (25) (avg:0)
/obj/item/gun/ballistic/automatic/toy/unrestricted => 0ms (25) (avg:0)
/turf/open/floor/plating/airless => 0ms (24) (avg:0)
/obj/structure/table/abductor => 0ms (24) (avg:0)
/obj/structure/table/wood/fancy/black => 0ms (24) (avg:0)
/obj/item/storage/toolbox/mechanical => 0ms (23) (avg:0)
/obj/item/reagent_containers/syringe/medx => 0ms (23) (avg:0)
/obj/item/storage/box/matches => 0ms (22) (avg:0)
/turf/closed/wall => 0ms (22) (avg:0)
/obj/item/storage/box/handcuffs => 0ms (21) (avg:0)
/obj/structure/window/fulltile => 0ms (21) (avg:0)
/turf/closed/wall/mineral/plastitanium => 0ms (21) (avg:0)
/obj/item/stack/ore/gold => 0ms (21) (avg:0)
/obj/structure/chair/comfy/shuttle => 0ms (20) (avg:0)
/mob/living/simple_animal/hostile/handy => 0ms (19) (avg:0)
/obj/item/clipboard => 0ms (19) (avg:0)
/obj/item/reagent_containers/hypospray/medipen/stimpak/super => 0ms (19) (avg:0)
/turf/open/floor/f13/wood => 0ms (19) (avg:0)
/obj/structure/window/shuttle => 0ms (19) (avg:0)
/obj/structure/window/fulltile/house => 0ms (19) (avg:0)
/obj/item/reagent_containers/glass/bottle/nutrient/ez => 0ms (19) (avg:0)
/mob/living/simple_animal/hostile/handy/gutsy => 0ms (18) (avg:0)
/obj/item/reagent_containers/glass/bottle/blackpowder => 0ms (18) (avg:0)
/obj/item/gun/ballistic/automatic/smg10mm => 0ms (18) (avg:0)
/turf/open/floor/plating => 0ms (18) (avg:0)
/turf/open/floor/wood/wood_tiled => 0ms (18) (avg:0)
/turf/open/floor/plasteel/f13/vault_floor/floor/floorsolid => 0ms (18) (avg:0)
/turf/open/floor/plasteel/darkblue/side => 0ms (17) (avg:0)
/turf/open/floor/plasteel/f13/vault_floor/yellow/yellowchess/yellowchess2 => 0ms (17) (avg:0)
/obj/machinery/door/airlock/external => 0ms (16) (avg:0)
/obj/structure/closet/cabinet/anchored => 0ms (16) (avg:0)
/obj/item/stock_parts/cell => 0ms (16) (avg:0)
/obj/item/defibrillator/loaded => 0ms (15) (avg:0)
/obj/item/storage/crayons => 0ms (15) (avg:0)
/obj/item/storage/box/ingredients/american => 0ms (15) (avg:0)
/turf/open/floor/carpet/green => 0ms (15) (avg:0)
/obj/item/storage/belt/security => 0ms (15) (avg:0)
/obj/structure/closet/crate/secure/weapon => 0ms (14) (avg:0)
/obj/machinery/airalarm => 0ms (14) (avg:0)
/obj/item/gun/ballistic/automatic/smg22 => 0ms (14) (avg:0)
/obj/item/clothing/shoes/combat => 0ms (14) (avg:0)
/obj/item/storage/belt/security/full => 0ms (13) (avg:0)
/obj/item/holochip => 0ms (13) (avg:0)
/obj/effect/decal/cleanable/blood/gibs/old => 0ms (13) (avg:0)
/obj/item/reagent_containers/syringe/epinephrine => 0ms (12) (avg:0)
/turf/open/floor/plasteel/showroomfloor => 0ms (12) (avg:0)
/obj/item/clothing/under/syndicate/brotherhood => 0ms (12) (avg:0)
/obj/machinery/chem_dispenser/drinks => 0ms (12) (avg:0)
/obj/item/clothing/head/hardhat/weldhat => 0ms (12) (avg:0)
/obj/item/storage/box/syringes => 0ms (11) (avg:0)
/obj/machinery/door/airlock/titanium => 0ms (11) (avg:0)
/obj/item/storage/box/gloves => 0ms (11) (avg:0)
/obj/item/reagent_containers/glass/bottle/charcoal => 0ms (10) (avg:0)
/obj/item/storage/box/flashbangs => 0ms (10) (avg:0)
/obj/structure/closet/cardboard => 0ms (10) (avg:0)
/turf/open/floor/plating/f13/outside/desert => 0ms (10) (avg:0)
/obj/item/clothing/shoes/f13/cowboy => 0ms (10) (avg:0)
/obj/item/dice/d20 => 0ms (9) (avg:0)
/obj/machinery/computer/operating => 0ms (9) (avg:0)
/obj/structure/closet/fridge/standard => 0ms (9) (avg:0)
/obj/item/storage/box/ingredients/fruity => 0ms (9) (avg:0)
/obj/item/storage/toolbox/electrical => 0ms (9) (avg:0)
/obj/item/storage/box/security => 0ms (9) (avg:0)
/obj/machinery/computer/secure_data => 0ms (8) (avg:0)
/obj/machinery/computer/security => 0ms (8) (avg:0)
/obj/machinery/computer/security/telescreen => 0ms (8) (avg:0)
/obj/item/storage/toolbox/emergency => 0ms (8) (avg:0)
/obj/structure/closet/abductor => 0ms (8) (avg:0)
/obj/item/gun/energy/laser/pistol => 0ms (8) (avg:0)
/turf/open/floor/plasteel/goonplaque => 0ms (8) (avg:0)
/turf/open/floor/plasteel/vault => 0ms (8) (avg:0)
/obj/item/clothing/gloves/f13/handwraps => 0ms (8) (avg:0)
/obj/item/clothing/shoes/f13/military => 0ms (8) (avg:0)
/turf/closed/wall/f13/wood => 0ms (8) (avg:0)
/mob/living/simple_animal/hostile/handy/protectron => 0ms (7) (avg:0)
/obj/machinery/door/airlock/silver => 0ms (7) (avg:0)
/obj/machinery/computer/security/telescreen/entertainment => 0ms (7) (avg:0)
/obj/item/gun/energy/laser/aer9 => 0ms (7) (avg:0)
/obj/structure/closet/emcloset => 0ms (7) (avg:0)
/obj/structure/closet/wardrobe/cargotech => 0ms (7) (avg:0)
/obj/item/dice => 0ms (7) (avg:0)
/obj/item/storage/box/ingredients/fiesta => 0ms (7) (avg:0)
/obj/item/storage/box/ingredients/carnivore => 0ms (7) (avg:0)
/obj/item/storage/box/bodybags => 0ms (7) (avg:0)
/turf/open/floor/plasteel/f13/vault_floor/yellow => 0ms (7) (avg:0)
/turf/closed/wall/f13 => 0ms (7) (avg:0)
/obj/structure/table/greyscale => 0ms (7) (avg:0)
/obj/structure/table/reinforced/brass => 0ms (7) (avg:0)
/mob/living/simple_animal/hostile/handy/assaultron => 0ms (7) (avg:0)
/obj/structure/closet/secure_closet/security => 0ms (6) (avg:0)
/obj/item/dice/d10 => 0ms (6) (avg:0)
/obj/machinery/computer/cargo => 0ms (6) (avg:0)
/obj/structure/closet/syndicate/personal => 0ms (6) (avg:0)
/obj/item/storage/box/beakers => 0ms (6) (avg:0)
/obj/item/reagent_containers/honeycomb => 0ms (6) (avg:0)
/obj/item/storage/box/ingredients/grains => 0ms (6) (avg:0)
/obj/item/storage/belt/utility/full => 0ms (6) (avg:0)
/obj/machinery/computer/slot_machine => 0ms (6) (avg:0)
/obj/item/gun/ballistic/automatic/autopipe => 0ms (6) (avg:0)
/obj/item/storage/box/ingredients/exotic => 0ms (6) (avg:0)
/obj/machinery/power/smes => 0ms (6) (avg:0)
/obj/item/clothing/under/shorts/polychromic => 0ms (6) (avg:0)
/obj/item/reagent_containers/food/drinks/mug/tea => 0ms (6) (avg:0)
/obj/machinery/modular_computer/console/preset/engineering => 0ms (6) (avg:0)
/obj/item/lighter/greyscale => 0ms (6) (avg:0)
/turf/open/floor/mineral/plastitanium => 0ms (6) (avg:0)
/turf/open/floor/plasteel/f13/vault_floor/red => 0ms (6) (avg:0)
/turf/open/floor/carpet/red => 0ms (6) (avg:0)
/obj/machinery/chem_dispenser/drinks/beer => 0ms (6) (avg:0)
/obj/item/gun/energy/laser/plasma/pistol => 0ms (6) (avg:0)
/turf/closed/wall/f13/tunnel => 0ms (6) (avg:0)
/obj/item/organ/cyberimp/eyes/hud/medical => 0ms (5) (avg:0)
/obj/structure/guncase/shotgun => 0ms (5) (avg:0)
/obj/machinery/computer/card/centcom => 0ms (5) (avg:0)
/obj/structure/closet/secure_closet/freezer/meat => 0ms (5) (avg:0)
/obj/structure/closet/secure_closet/freezer/fridge => 0ms (5) (avg:0)
/obj/structure/closet/radiation => 0ms (5) (avg:0)
/obj/item/storage/box/emps => 0ms (5) (avg:0)
/obj/item/storage/box/dice => 0ms (5) (avg:0)
/obj/item/dice/d4 => 0ms (5) (avg:0)
/obj/item/dice/d6 => 0ms (5) (avg:0)
/obj/item/dice/d8 => 0ms (5) (avg:0)
/obj/item/dice/d12 => 0ms (5) (avg:0)
/obj/machinery/computer/mech_bay_power_console => 0ms (5) (avg:0)
/obj/structure/closet/cardboard/metal => 0ms (5) (avg:0)
/obj/machinery/computer/telecrystals/uplinker => 0ms (5) (avg:0)
/obj/machinery/computer/camera_advanced/abductor => 0ms (5) (avg:0)
/obj/item/storage/box/ingredients/delights => 0ms (5) (avg:0)
/obj/item/storage/box/lights/mixed => 0ms (5) (avg:0)
/turf/open/floor/plasteel/caution => 0ms (5) (avg:0)
/obj/structure/falsewall/reinforced => 0ms (5) (avg:0)
/obj/effect/decal/cleanable/blood/gibs/slime => 0ms (5) (avg:0)
/obj/structure/closet/anchored => 0ms (5) (avg:0)
/obj/screen/storage/volumetric_box/center => 0ms (5) (avg:0)
/obj/item/clothing/shoes/f13/raidertreads => 0ms (5) (avg:0)
/obj/item/construction/rcd => 0ms (5) (avg:0)
/mob/living/simple_animal/hostile/handy/sentrybot => 0ms (4) (avg:0)
/obj/structure/closet/secure_closet/freezer/kitchen => 0ms (4) (avg:0)
/obj/item/gun/energy/ionrifle => 0ms (4) (avg:0)
/obj/item/gun/ballistic/automatic/ar => 0ms (4) (avg:0)
/obj/item/stock_parts/cell/pulse/carbine => 0ms (4) (avg:0)
/obj/item/gun/energy/pulse/carbine/loyalpin => 0ms (4) (avg:0)
/obj/item/storage/box/disks_plantgene => 0ms (4) (avg:0)
/obj/item/storage/box/alienhandcuffs => 0ms (4) (avg:0)
/obj/item/storage/box/ingredients/italian => 0ms (4) (avg:0)
/obj/item/storage/box/masks => 0ms (4) (avg:0)
/obj/item/storage/toolbox/drone => 0ms (4) (avg:0)
/obj/item/gun/ballistic/automatic/commando => 0ms (4) (avg:0)
/obj/structure/closet/boxinggloves => 0ms (4) (avg:0)
/obj/item/storage/box/snappops => 0ms (4) (avg:0)
/obj/item/storage/box/pillbottles => 0ms (4) (avg:0)
/obj/structure/fireaxecabinet => 0ms (4) (avg:0)
/turf/open/indestructible/ground/inside/subway => 0ms (4) (avg:0)
/turf/open/floor/plasteel/f13/vault_floor/plating => 0ms (4) (avg:0)
/turf/closed/wall/mineral/titanium/interior => 0ms (4) (avg:0)
/turf/closed/wall/r_wall/f13composite => 0ms (4) (avg:0)
/obj/structure/falsewall/rust => 0ms (4) (avg:0)
/obj/structure/table/wood/fancy/blackred => 0ms (4) (avg:0)
/turf/closed/wall/r_wall/syndicate/nodiagonal => 0ms (4) (avg:0)
/obj/item/clothing/shoes/f13/military/ncr => 0ms (4) (avg:0)
/obj/item/card/id => 0ms (4) (avg:0)
/obj/item/clothing/head/helmet/f13/brahmincowboyhat => 0ms (4) (avg:0)
/obj/item/modular_computer/processor => 0ms (4) (avg:0)
/obj/machinery/trading_machine => 0ms (4) (avg:0)
/obj/screen/alert/notify_action => 0ms (4) (avg:0)
/obj/item/organ/cyberimp/chest/nutriment => 0ms (3) (avg:0)
/mob/living/simple_animal/hostile/handy/nsb => 0ms (3) (avg:0)
/mob/living/simple_animal/hostile/handy/gutsy/nsb => 0ms (3) (avg:0)
/obj/structure/guncase/ecase => 0ms (3) (avg:0)
/obj/item/storage/box/zipties => 0ms (3) (avg:0)
/obj/item/clothing/under/misc/polyjumpsuit => 0ms (3) (avg:0)
/obj/item/clothing/under/misc/poly_shirt => 0ms (3) (avg:0)
/obj/item/clothing/under/costume/kilt/polychromic => 0ms (3) (avg:0)
/obj/item/clothing/under/dress/skirt/polychromic => 0ms (3) (avg:0)
/obj/item/gun/energy/e_gun => 0ms (3) (avg:0)
/obj/item/storage/box/teargas => 0ms (3) (avg:0)
/obj/item/gun/energy/laser/wattz/magneto => 0ms (3) (avg:0)
/obj/item/gun/ballistic/automatic/pistol/deagle => 0ms (3) (avg:0)
/obj/machinery/computer/communications => 0ms (3) (avg:0)
/obj/machinery/computer/auxillary_base => 0ms (3) (avg:0)
/obj/item/gps/internal/base => 0ms (3) (avg:0)
/obj/item/storage/box/mousetraps => 0ms (3) (avg:0)
/obj/structure/closet/secure_closet/hydroponics => 0ms (3) (avg:0)
/obj/machinery/computer/arcade/orion_trail => 0ms (3) (avg:0)
/obj/item/pda/medical => 0ms (3) (avg:0)
/obj/machinery/computer/shuttle/bunkerelevator => 0ms (3) (avg:0)
/obj/item/clothing/under/maid => 0ms (3) (avg:0)
/obj/item/storage/box/ingredients/sweets => 0ms (3) (avg:0)
/obj/item/storage/box/ingredients/wildcard => 0ms (3) (avg:0)
/obj/item/reagent_containers/food/drinks/mug/coco => 0ms (3) (avg:0)
/obj/item/storage/box/lights => 0ms (3) (avg:0)
/obj/item/storage/box/papersack => 0ms (3) (avg:0)
/obj/item/storage/box/lights/bulbs => 0ms (3) (avg:0)
/obj/structure/guncase => 0ms (3) (avg:0)
/obj/item/gun/ballistic/automatic/mp5 => 0ms (3) (avg:0)
/obj/effect/decal/cleanable/blood/gibs/torso => 0ms (3) (avg:0)
/obj/item/pda/captain => 0ms (3) (avg:0)
/obj/machinery/computer/rdconsole/core/bos => 0ms (3) (avg:0)
/obj/machinery/computer/med_data => 0ms (3) (avg:0)
/obj/item/pda/heads/hop => 0ms (3) (avg:0)
/obj/machinery/computer/crew => 0ms (3) (avg:0)
/obj/item/defibrillator => 0ms (3) (avg:0)
/obj/structure/closet/toolcloset => 0ms (3) (avg:0)
/obj/machinery/computer/med_data/syndie => 0ms (3) (avg:0)
/obj/item/clothing/suit/armor/f13/leather_jacket/combat/coat => 0ms (3) (avg:0)
/obj/item/paper => 0ms (3) (avg:0)
/obj/item/kitchen/knife/cosmicdirty => 0ms (3) (avg:0)
/obj/item/storage/backpack/satchel/explorer => 0ms (3) (avg:0)
/mob/living/simple_animal/hostile/handy/robobrain/nsb => 0ms (2) (avg:0)
/obj/structure/tank_dispenser/oxygen => 0ms (2) (avg:0)
/obj/item/storage/box/firingpins => 0ms (2) (avg:0)
/obj/structure/closet/secure_closet/ertMed => 0ms (2) (avg:0)
/obj/item/defibrillator/compact/combat/loaded => 0ms (2) (avg:0)
/obj/structure/closet/secure_closet/ertSec => 0ms (2) (avg:0)
/obj/item/storage/box/flashes => 0ms (2) (avg:0)
/obj/item/gun/energy/laser/captain => 0ms (2) (avg:0)
/obj/machinery/computer/emergency_shuttle => 0ms (2) (avg:0)
/obj/structure/closet/secure_closet/ertEngi => 0ms (2) (avg:0)
/obj/item/storage/box/metalfoam => 0ms (2) (avg:0)
/obj/machinery/computer/shuttle/labor => 0ms (2) (avg:0)
/obj/machinery/computer/shuttle/mining => 0ms (2) (avg:0)
/obj/machinery/computer/security/mining => 0ms (2) (avg:0)
/obj/item/dice/d1 => 0ms (2) (avg:0)
/obj/machinery/computer/camera_advanced => 0ms (2) (avg:0)
/obj/machinery/computer/shuttle => 0ms (2) (avg:0)
/obj/machinery/computer/telecomms/monitor => 0ms (2) (avg:0)
/obj/machinery/computer/telecomms/server => 0ms (2) (avg:0)
/obj/machinery/computer/message_monitor => 0ms (2) (avg:0)
/obj/structure/closet/fridge/cannibal => 0ms (2) (avg:0)
/obj/effect/decal/cleanable/blood/gibs/limb => 0ms (2) (avg:0)
/obj/structure/closet/athletic_mixed => 0ms (2) (avg:0)
/obj/item/bedsheet/gondola => 0ms (2) (avg:0)
/obj/item/gun/ballistic/automatic/assault_rifle => 0ms (2) (avg:0)
/obj/item/lighter/gold => 0ms (2) (avg:0)
/obj/item/storage/box/cups => 0ms (2) (avg:0)
/obj/item/stack/ore/blackpowder/fifty => 0ms (2) (avg:0)
/obj/item/storage/box/medsprays => 0ms (2) (avg:0)
/obj/item/pda/engineering => 0ms (2) (avg:0)
/obj/item/reagent_containers/blood/OMinus => 0ms (2) (avg:0)
/obj/machinery/computer/operating/bos => 0ms (2) (avg:0)
/obj/item/pda/chemist => 0ms (2) (avg:0)
/obj/structure/closet/secure_closet => 0ms (2) (avg:0)
/obj/item/storage/box/lights/tubes => 0ms (2) (avg:0)
/obj/item/pda/warden => 0ms (2) (avg:0)
/obj/item/weldingtool/hugetank => 0ms (2) (avg:0)
/obj/machinery/computer/robotics => 0ms (2) (avg:0)
/obj/machinery/computer/upload/ai => 0ms (2) (avg:0)
/obj/item/stack/ore/blackpowder/five => 0ms (2) (avg:0)
/turf/open/floor/plasteel/blue/corner => 0ms (2) (avg:0)
/obj/structure/table/wood/fancy/royalblack => 0ms (2) (avg:0)
/obj/structure/window/plasma/reinforced/fulltile => 0ms (2) (avg:0)
/obj/effect/decal/cleanable/blood/gibs/slime/limb => 0ms (2) (avg:0)
/obj/effect/decal/cleanable/blood/gibs/human/lizard/limb => 0ms (2) (avg:0)
/obj/item/reagent_containers/glass/bottle/morphine => 0ms (2) (avg:0)
/obj/structure/closet/secure_closet/freezer/meat/open => 0ms (2) (avg:0)
/obj/structure/window/fulltile/wood => 0ms (2) (avg:0)
/obj/item/clothing/under/f13/ncr => 0ms (2) (avg:0)
/obj/structure/weightmachine/weightlifter => 0ms (2) (avg:0)
/obj/item/reagent_containers/food/drinks/mug => 0ms (2) (avg:0)
/obj/item/clothing/neck/cloak/alt/polychromic => 0ms (2) (avg:0)
/obj/machinery/am_shielding => 0ms (2) (avg:0)
/obj/item/storage/trash_stack => 0ms (2) (avg:0)
/obj/item/pizzabox/mushroom => 0ms (2) (avg:0)
/obj/item/claymore/machete/pipe => 0ms (2) (avg:0)
/obj/item/clothing/under/f13/recon => 0ms (2) (avg:0)
/obj/item/clothing/shoes/sneakers/black => 0ms (2) (avg:0)
/obj/item/bedsheet => 0ms (2) (avg:0)
/obj/item/clothing/under/jabroni => 0ms (2) (avg:0)
/obj/structure/closet/crate/large => 0ms (2) (avg:0)
/obj/item/paper/fluff/jobs/cargo/manifest => 0ms (2) (avg:0)
/obj/item/clothing/shoes/f13/explorer => 0ms (2) (avg:0)
/obj/structure/chair/comfy/lime => 0ms (2) (avg:0)
/obj/item/clothing/head/beret/sci => 0ms (2) (avg:0)
/obj/item/clothing/suit/toggle/labcoat => 0ms (2) (avg:0)
/obj/item/clothing/head/helmet/f13/raider/blastmaster => 0ms (2) (avg:0)
/obj/item/clothing/suit/armor/f13/raider/badlands => 0ms (2) (avg:0)
/obj/item/clothing/head/helmet/f13/power_armor/advanced => 0ms (2) (avg:0)
/obj/structure/weightlifter => 0ms (2) (avg:0)
/obj/item/stock_parts/cell/ammo/mfc => 0ms (2) (avg:0)
/obj/item/clothing/head/f13/cowboy => 0ms (2) (avg:0)
/obj/item/clothing/suit/armor/f13/leatherarmor => 0ms (2) (avg:0)
/obj/item/clothing/gloves/color/brown => 0ms (2) (avg:0)
/obj/item/reagent_containers/spray/cleaner => 0ms (2) (avg:0)
/obj/screen/alert/restrained/handcuffed => 0ms (2) (avg:0)
/obj/item/melee/curator_whip => 0ms (2) (avg:0)
/obj/machinery/vending/sovietsoda => 0ms (2) (avg:0)
/obj/structure/closet/crate/secure/hydroponics => 0ms (1) (avg:0)
/obj/item/organ/cyberimp/chest/nutriment/plus => 0ms (1) (avg:0)
/obj/structure/chair/e_chair => 0ms (1) (avg:0)
/mob/living/simple_animal/hostile/handy/sentrybot/nsb => 0ms (1) (avg:0)
/mob/living/simple_animal/hostile/handy/sentrybot/chew => 0ms (1) (avg:0)
/obj/structure/tank_dispenser/plasma => 0ms (1) (avg:0)
/obj/vehicle/ridden/space/speedbike => 0ms (1) (avg:0)
/obj/vehicle/ridden/space/speedbike/red => 0ms (1) (avg:0)
/obj/vehicle/ridden/space/speedwagon => 0ms (1) (avg:0)
/obj/structure/closet/gimmick/tacticool => 0ms (1) (avg:0)
/obj/structure/closet/gimmick/russian => 0ms (1) (avg:0)
/obj/structure/closet/syndicate/resources/everything => 0ms (1) (avg:0)
/obj/structure/closet/secure_closet/security/sec => 0ms (1) (avg:0)
/obj/structure/closet/secure_closet/warden => 0ms (1) (avg:0)
/obj/structure/closet/secure_closet/armory1 => 0ms (1) (avg:0)
/obj/vehicle/ridden/janicart/upgraded => 0ms (1) (avg:0)
/obj/structure/closet/firecloset/full => 0ms (1) (avg:0)
/obj/structure/closet/wardrobe/mixed => 0ms (1) (avg:0)
/obj/structure/closet/secure_closet/tac => 0ms (1) (avg:0)
/obj/structure/closet/secure_closet/armory2 => 0ms (1) (avg:0)
/obj/structure/closet/secure_closet/armory3 => 0ms (1) (avg:0)
/obj/item/gun/ballistic/automatic/m72 => 0ms (1) (avg:0)
/obj/item/gun/energy/e_gun/stun => 0ms (1) (avg:0)
/obj/item/gun/energy/pulse/pistol/m1911 => 0ms (1) (avg:0)
/obj/structure/closet/secure_closet/ertCom => 0ms (1) (avg:0)
/obj/machinery/computer/shuttle/ferry => 0ms (1) (avg:0)
/obj/machinery/modular_computer/console/preset/command => 0ms (1) (avg:0)
/obj/machinery/computer/prisoner => 0ms (1) (avg:0)
/obj/structure/closet/secure_closet/quartermaster => 0ms (1) (avg:0)
/obj/structure/closet/chefcloset => 0ms (1) (avg:0)
/obj/machinery/gibber => 0ms (1) (avg:0)
/obj/machinery/modular_computer/console/preset/research => 0ms (1) (avg:0)
/obj/machinery/computer/telecrystals/boss => 0ms (1) (avg:0)
/obj/item/paicard => 0ms (1) (avg:0)
/obj/machinery/computer/shuttle/syndicate/recall => 0ms (1) (avg:0)
/obj/item/disk/data => 0ms (1) (avg:0)
/obj/item/gun/energy/laser/practice => 0ms (1) (avg:0)
/obj/machinery/computer/atmos_alert => 0ms (1) (avg:0)
/obj/machinery/computer/station_alert => 0ms (1) (avg:0)
/obj/machinery/gravity_generator/part => 0ms (1) (avg:0)
/obj/item/gun/energy/e_gun/mini/practice_phaser => 0ms (1) (avg:0)
/obj/machinery/computer/pandemic => 0ms (1) (avg:0)
/obj/structure/closet/wardrobe/white => 0ms (1) (avg:0)
/obj/item/gun/ballistic/automatic/pistol/beretta/automatic => 0ms (1) (avg:0)
/obj/item/dice/d2 => 0ms (1) (avg:0)
/obj/structure/closet/secure_closet/freezer/fridge/open => 0ms (1) (avg:0)
/obj/machinery/power/solar_control => 0ms (1) (avg:0)
/obj/item/storage/box/citizenship_permits => 0ms (1) (avg:0)
/obj/item/gun/energy/laser/wattz2k => 0ms (1) (avg:0)
/obj/item/gun/ballistic/automatic/r84 => 0ms (1) (avg:0)
/obj/machinery/computer/rdconsole => 0ms (1) (avg:0)
/obj/item/reagent_containers/food/snacks/lollipop => 0ms (1) (avg:0)
/obj/item/integrated_electronics/detailer => 0ms (1) (avg:0)
/obj/structure/closet/wardrobe/pjs => 0ms (1) (avg:0)
/obj/item/toy/crayon/spraycan => 0ms (1) (avg:0)
/obj/item/gps/computer => 0ms (1) (avg:0)
/obj/item/pda/heads/hos => 0ms (1) (avg:0)
/obj/structure/closet/secure_closet/contraband/armory => 0ms (1) (avg:0)
/obj/item/pda/heads/cmo => 0ms (1) (avg:0)
/obj/item/pda/quartermaster => 0ms (1) (avg:0)
/obj/item/storage/toolbox/artistic => 0ms (1) (avg:0)
/obj/machinery/gibber/autogibber => 0ms (1) (avg:0)
/obj/machinery/computer/cargo/request => 0ms (1) (avg:0)
/obj/item/pda/lawyer => 0ms (1) (avg:0)
/obj/machinery/computer/rdconsole/core/vault => 0ms (1) (avg:0)
/obj/machinery/computer/aifixer => 0ms (1) (avg:0)
/obj/machinery/computer/upload/borg => 0ms (1) (avg:0)
/obj/item/storage/box/PDAs => 0ms (1) (avg:0)
/obj/machinery/computer/card => 0ms (1) (avg:0)
/obj/structure/closet/secure_closet/freezer/kitchen/maintenance => 0ms (1) (avg:0)
/area/tdome/arena => 0ms (1) (avg:0)
/area/syndicate_mothership => 0ms (1) (avg:0)
/area/ctf => 0ms (1) (avg:0)
/area/awaymission/errorroom => 0ms (1) (avg:0)
/area/tdome/arena_source => 0ms (1) (avg:0)
/area/abductor_ship => 0ms (1) (avg:0)
/area/holodeck/rec_center/refuel => 0ms (1) (avg:0)
/area/holodeck/rec_center/spacechess => 0ms (1) (avg:0)
/area/holodeck/rec_center/thunderdome1218 => 0ms (1) (avg:0)
/area/holodeck/rec_center/kobayashi => 0ms (1) (avg:0)
/area/holodeck/rec_center/chapelcourt => 0ms (1) (avg:0)
/area/holodeck/rec_center/school => 0ms (1) (avg:0)
/area/holodeck/rec_center/firingrange => 0ms (1) (avg:0)
/area/fabric_of_reality => 0ms (1) (avg:0)
/area/ai_multicam_room => 0ms (1) (avg:0)
/area/holodeck/rec_center/anthophila => 0ms (1) (avg:0)
/area/holodeck/rec_center/pet_lounge => 0ms (1) (avg:0)
/area/holodeck/rec_center/medical => 0ms (1) (avg:0)
/area/holodeck/rec_center/basketball => 0ms (1) (avg:0)
/area/holodeck/rec_center/beach => 0ms (1) (avg:0)
/area/holodeck/rec_center/thunderdome => 0ms (1) (avg:0)
/area/holodeck/rec_center/dodgeball => 0ms (1) (avg:0)
/area/start => 0ms (1) (avg:0)
/area/holodeck/rec_center/winterwonderland => 0ms (1) (avg:0)
/area/holodeck/rec_center/bunker => 0ms (1) (avg:0)
/area/holodeck/rec_center/lounge => 0ms (1) (avg:0)
/area/holodeck/rec_center/wildlife => 0ms (1) (avg:0)
/area/holodeck/rec_center/offline => 0ms (1) (avg:0)
/area/holodeck/rec_center/burn => 0ms (1) (avg:0)
/area/holodeck/rec_center/court => 0ms (1) (avg:0)
/area/space => 0ms (1) (avg:0)
/turf/open/floor/plasteel/darkpurple/side => 0ms (1) (avg:0)
/turf/open/floor/plasteel/f13/vault_floor/yellow/whiteyellowfull => 0ms (1) (avg:0)
/obj/machinery/atmospherics/components/unary/vent_pump/on => 0ms (1) (avg:0)
/obj/structure/window/reinforced/tinted/fulltile => 0ms (1) (avg:0)
/obj/structure/falsewall => 0ms (1) (avg:0)
/obj/machinery/computer/shuttle/bos => 0ms (1) (avg:0)
/obj/machinery/computer/shuttle/syndicate/drop_pod => 0ms (1) (avg:0)
/obj/structure/closet/syndicate/nuclear => 0ms (1) (avg:0)
/obj/item/pda/syndicate => 0ms (1) (avg:0)
/obj/item/storage/toolbox/syndicate => 0ms (1) (avg:0)
/obj/machinery/computer/crew/syndie => 0ms (1) (avg:0)
/obj/machinery/computer/camera_advanced/shuttle_docker/syndicate => 0ms (1) (avg:0)
/obj/machinery/computer/shuttle/syndicate => 0ms (1) (avg:0)
/obj/machinery/computer/camera_advanced/syndie => 0ms (1) (avg:0)
/obj/machinery/computer/secure_data/syndie => 0ms (1) (avg:0)
/obj/item/gun/ballistic/automatic/bozar => 0ms (1) (avg:0)
/obj/effect/decal/cleanable/blood/gibs/slime/body => 0ms (1) (avg:0)
/obj/item/paper_bin/carbon => 0ms (1) (avg:0)
/turf/open/floor/plasteel/barber => 0ms (1) (avg:0)
/obj/structure/closet/secure_closet/medical1 => 0ms (1) (avg:0)
/obj/item/reagent_containers/glass/bottle/toxin => 0ms (1) (avg:0)
/obj/item/storage/box/rxglasses => 0ms (1) (avg:0)
/obj/structure/closet/secure_closet/medical2 => 0ms (1) (avg:0)
/obj/effect/decal/cleanable/blood/gibs/human/lizard/body => 0ms (1) (avg:0)
/obj/effect/decal/cleanable/blood/gibs/human/lizard/down => 0ms (1) (avg:0)
/obj/machinery/computer/secure_data/laptop => 0ms (1) (avg:0)
/obj/item/storage/box/minibombs => 0ms (1) (avg:0)
/obj/item/card/id/silver => 0ms (1) (avg:0)
/obj/item/kitchen/knife/combat/bone => 0ms (1) (avg:0)
/obj/item/clothing/head/helmet/f13/wayfarer/hunter => 0ms (1) (avg:0)
/obj/item/clothing/suit/armor/f13/tribe_armor => 0ms (1) (avg:0)
/obj/item/storage/box/engineer => 0ms (1) (avg:0)
/obj/item/clothing/suit/armor/f13/raider/yankee => 0ms (1) (avg:0)
/obj/item/storage/toolbox/mechanical/old => 0ms (1) (avg:0)
/obj/item/throwing_star/spear => 0ms (1) (avg:0)
/obj/item/storage/backpack/duffelbag => 0ms (1) (avg:0)
/obj/item/stack/sheet/mineral/wood => 0ms (1) (avg:0)
/obj/item/kitchen/knife/combat/survival => 0ms (1) (avg:0)
/obj/item/ammo_box/shotgun/buck => 0ms (1) (avg:0)
/obj/item/kitchen/knife/butcher => 0ms (1) (avg:0)
/obj/item/storage/survivalkit => 0ms (1) (avg:0)
/obj/machinery/computer/rdconsole/core => 0ms (1) (avg:0)
/obj/item/hatchet => 0ms (1) (avg:0)
/obj/item/gun/ballistic/automatic/m1garand => 0ms (1) (avg:0)
/obj/item/gun/energy/laser/scatter => 0ms (1) (avg:0)
/obj/item/storage/box/ids => 0ms (1) (avg:0)
/obj/item/card/id/gold => 0ms (1) (avg:0)
/obj/item/clothing/under/f13/merchant => 0ms (1) (avg:0)
/obj/item/clothing/head/helmet/skull => 0ms (1) (avg:0)
/obj/item/clothing/suit/armor/f13/leather_jacket => 0ms (1) (avg:0)
/obj/item/modular_computer/laptop/preset/civillian => 0ms (1) (avg:0)
/obj/item/melee/smith/hammer/toolbox => 0ms (1) (avg:0)
/obj/item/gps => 0ms (1) (avg:0)
/obj/structure/nest/radroach => 0ms (1) (avg:0)
/obj/item/clothing/gloves/fingerless => 0ms (1) (avg:0)
/obj/item/organ/cyberimp/brain/anti_drop => 0ms (1) (avg:0)
/obj/item/organ/cyberimp/brain/anti_stun => 0ms (1) (avg:0)
/obj/item/organ/cyberimp/chest/reviver => 0ms (1) (avg:0)
/obj/item/weldingtool/largetank/cyborg => 0ms (1) (avg:0)
/obj/item/clothing/suit/armor/vest/leather => 0ms (1) (avg:0)
/obj/item/clothing/under/syndicate/tacticool => 0ms (1) (avg:0)
/obj/item/storage/box/deputy_badges => 0ms (1) (avg:0)
/obj/item/dice/d6/space => 0ms (1) (avg:0)
/obj/item/stack/medical/gauze => 0ms (1) (avg:0)
/obj/item/clothing/head/pirate => 0ms (1) (avg:0)
/obj/item/clothing/suit/jacket/leather => 0ms (1) (avg:0)
/obj/item/clothing/gloves/legion => 0ms (1) (avg:0)
/turf/closed/wall/f13/wood/interior => 0ms (1) (avg:0)
/obj/item/kitchen/knife/combat => 0ms (1) (avg:0)
/obj/item/clothing/suit/armor/f13/power_armor/advanced => 0ms (1) (avg:0)
/obj/item/storage/backpack/satchel/leather => 0ms (1) (avg:0)
/obj/structure/door_assembly/door_assembly_vault => 0ms (1) (avg:0)
/obj/item/clothing/under/f13/police => 0ms (1) (avg:0)
/obj/item/kitchen/knife => 0ms (1) (avg:0)
/obj/screen/zone_sel/robot => 0ms (1) (avg:0)
/obj/item/melee/unarmed/brass/spiked => 0ms (1) (avg:0)
/obj/item/clothing/head/helmet/f13/power_armor/t45b => 0ms (1) (avg:0)
/obj/item/clothing/suit/armor/f13/power_armor/t45b => 0ms (1) (avg:0)
/obj/item/clothing/mask/gas/explorer/folded => 0ms (1) (avg:0)
/obj/item/bodypart/head => 0ms (1) (avg:0)
/obj/item/gun/ballistic/shotgun/trench => 0ms (1) (avg:0)
/obj/item/clothing/head/collectable/police/cos => 0ms (1) (avg:0)
/obj/item/clothing/suit/armor/vest/alt => 0ms (1) (avg:0)
/obj/item/clothing/under/f13/vault13 => 0ms (1) (avg:0)
/obj/item/gps/cyborg => 0ms (1) (avg:0)
