[2021-05-17 06:44:54.113] Starting up round ID 14.
 - -------------------------
[2021-05-17 06:44:55.180] INIT: Initialized Profiler subsystem within 0 seconds!
[2021-05-17 06:44:55.328] Fail2Topic: Failed to drop firewall rule. Exit code: 1.
[2021-05-17 06:44:55.328] INIT: Initialized Fail2Topic subsystem within 0.2 seconds!
[2021-05-17 06:44:55.376] INIT: Initialized Title Screen subsystem within 0 seconds!
[2021-05-17 06:44:55.376] INIT: Initialized Database subsystem within 0 seconds!
[2021-05-17 06:44:55.376] INIT: Initialized Stat Panels subsystem within 0 seconds!
[2021-05-17 06:44:55.377] INIT: Initialized Blackbox subsystem within 0 seconds!
[2021-05-17 06:44:55.378] INIT: Initialized Server Tasks subsystem within 0 seconds!
[2021-05-17 06:44:55.378] INIT: Initialized Input subsystem within 0 seconds!
[2021-05-17 06:44:55.381] INIT: Initialized Sounds subsystem within 0 seconds!
[2021-05-17 06:44:55.381] INIT: Initialized Vis contents overlays subsystem within 0 seconds!
[2021-05-17 06:44:55.444] INIT: Initialized Research subsystem within 0.1 seconds!
[2021-05-17 06:44:55.446] INIT: Initialized Events subsystem within 0 seconds!
[2021-05-17 06:44:55.452] INIT: Initialized Jobs subsystem within 0 seconds!
[2021-05-17 06:44:55.454] INIT: Initialized Quirks subsystem within 0 seconds!
[2021-05-17 06:44:55.488] INIT: Initialized Ticker subsystem within 0 seconds!
[2021-05-17 06:44:55.509] INIT: Initialized Instruments subsystem within 0.1 seconds!
[2021-05-17 06:45:16.090] INIT: Initialized Mapping subsystem within 20.5 seconds!
[2021-05-17 06:45:16.090] INIT: Initialized Economy subsystem within 0 seconds!
[2021-05-17 06:45:16.092] INIT: Initialized Networks subsystem within 0 seconds!
[2021-05-17 06:45:16.093] INIT: Initialized Holodeck subsystem within 0 seconds!
[2021-05-17 06:46:01.608] INIT: Initialized Atoms subsystem within 45.5 seconds!
[2021-05-17 06:46:01.630] INIT: Initialized Language subsystem within 0 seconds!
[2021-05-17 06:46:01.657] INIT: Initialized Machines subsystem within 0 seconds!
[2021-05-17 06:46:01.754] INIT: Initialized Circuit subsystem within 0.1 seconds!
[2021-05-17 06:46:01.986] INIT: Initialized Atmos Adjacency subsystem within 0.2 seconds!
[2021-05-17 06:46:01.986] INIT: Initialized Autotransfer Vote subsystem within 0 seconds!
[2021-05-17 06:46:01.986] INIT: Initialized Chemistry subsystem within 0 seconds!
[2021-05-17 06:46:01.986] INIT: Initialized Status Effects subsystem within 0 seconds!
[2021-05-17 06:46:01.988] INIT: Initialized Weather subsystem within 0 seconds!
[2021-05-17 06:46:01.994] INIT: Initialized Disease subsystem within 0 seconds!
[2021-05-17 06:46:01.994] INIT: Initialized Item Spawners subsystem within 0 seconds!
[2021-05-17 06:46:01.995] INIT: Initialized Jukeboxes subsystem within 0 seconds!
[2021-05-17 06:46:01.995] INIT: Initialized Medals subsystem within 0 seconds!
[2021-05-17 06:46:02.983] INIT: Initialized Minimaps subsystem within 1 second!
[2021-05-17 06:46:02.990] INIT: Initialized Mob Spawners subsystem within 0 seconds!
[2021-05-17 06:46:02.991] INIT: Initialized Monster Wave subsystem within 0 seconds!
[2021-05-17 06:46:02.991] INIT: Initialized Day/Night Cycle subsystem within 0 seconds!
[2021-05-17 06:46:02.991] INIT: Initialized Night Shift subsystem within 0 seconds!
[2021-05-17 06:46:02.991] INIT: Initialized Parallax subsystem within 0 seconds!
[2021-05-17 06:46:02.991] INIT: Initialized Sun subsystem within 0 seconds!
[2021-05-17 06:46:03.405] INIT: Initialized Traumas subsystem within 0.5 seconds!
[2021-05-17 06:46:10.837] INIT: Initialized Atmospherics subsystem within 7.4 seconds!
[2021-05-17 06:46:19.399] INIT: Initialized Assets subsystem within 8.5 seconds!
[2021-05-17 06:46:24.843] INIT: Initialized Icon Smoothing subsystem within 5.4 seconds!
[2021-05-17 06:46:26.058] INIT: Initialized Overlay subsystem within 1.2 seconds!
[2021-05-17 06:46:26.058] INIT: Initialized XKeyScore subsystem within 0 seconds!
[2021-05-17 06:46:26.140] INIT: Initialized Sticky Ban subsystem within 0.1 seconds!
[2021-05-17 06:46:35.419] INIT: Initialized Lighting subsystem within 9.3 seconds!
[2021-05-17 06:46:38.874] INIT: Initialized Shuttle subsystem within 3.4 seconds!
[2021-05-17 06:46:44.958] INIT: Initialized Minor Mapping subsystem within 6.1 seconds!
[2021-05-17 06:46:44.960] INIT: Initialized Pathfinder subsystem within 0 seconds!
[2021-05-17 06:46:45.053] INIT: Initialized Persistence subsystem within 0.1 seconds!
[2021-05-17 06:46:45.053] INIT: Initialized Chat subsystem within 0 seconds!
[2021-05-17 15:09:55.123] Fail2Topic: Failed to drop firewall rule. Exit code: 1.
