[2021-05-17 06:44:54.107] Starting up round ID 14.
 - -------------------------
[2021-05-17 12:43:46.709] TCOMMS: Jhonatan lima/(Yuri Stigat) [Vault] (spans:  ) "Alo" (language: Galactic Common) (Vault (23, 181, 4))
[2021-05-17 13:06:58.005] TCOMMS: AlbertoVinhofino/(Elias Ivanov) [Common] (spans:  ) "VXN&lt;|M" (language: Galactic Common) (Vault (49, 163, 4))
[2021-05-17 13:07:08.851] TCOMMS: Jhonatan lima/(Yuri Stigat) [Common] (spans:  ) "Ta bem ai" (language: Galactic Common) (Vault (33, 163, 4))
[2021-05-17 13:16:50.284] TCOMMS: Jhonatan lima/(Yuri Stigat) [Vault] (spans:  ) "Temos miners?" (language: Galactic Common) (Vault (72, 188, 4))
[2021-05-17 13:16:54.454] TCOMMS: 2006f/(Kelvin Griffiths) [Common] (spans:  ) "Oi?" (language: Galactic Common) (Brotherhood of Steel RnD Department (235, 199, 3))
[2021-05-17 13:20:30.888] TCOMMS: n0fun/(Tracey Losey) [Common] (spans:  ) "Mas onde é que fica a mining?" (language: Galactic Common) (Vault (43, 163, 4))
[2021-05-17 13:20:53.482] TCOMMS: n0fun/(Tracey Losey) [Vault] (spans:  ) "A" (language: Galactic Common) (Vault (65, 181, 4))
[2021-05-17 13:21:03.009] TCOMMS: n0fun/(Tracey Losey) [Vault] (spans:  ) "Mas onde fica a mining?" (language: Galactic Common) (Vault (60, 185, 4))
[2021-05-17 13:21:12.195] TCOMMS: Jhonatan lima/(Yuri Stigat) [Vault] (spans:  ) "Aqui na sci" (language: Galactic Common) (Vault (44, 162, 4))
[2021-05-17 13:26:02.080] TCOMMS: n0fun/(Tracey Losey) [Vault] (spans:  ) "Overseer?" (language: Galactic Common) (Vault (61, 165, 4))
[2021-05-17 13:26:10.131] TCOMMS: Richard-Campi/(Ethan Brown) [Vault] (spans:  ) "Oh, um momento." (language: Galactic Common) (Vault (54, 185, 4))
[2021-05-17 13:26:17.107] TCOMMS: Richard-Campi/(Ethan Brown) [Security] (spans:  ) "Perdão não ter avisado meu despertar." (language: Galactic Common) (Vault (54, 185, 4))
[2021-05-17 13:26:26.713] TCOMMS: Richard-Campi/(Ethan Brown) [Vault] (spans:  ) "Ahem, perdão não notificar meu acordar." (language: Galactic Common) (Vault (54, 185, 4))
[2021-05-17 13:26:42.485] TCOMMS: Jhonatan lima/(Yuri Stigat) [Vault] (spans:  ) "A antimatter foi ligada" (language: Galactic Common) (Vault (72, 186, 4))
[2021-05-17 13:26:55.901] TCOMMS: Richard-Campi/(Ethan Brown) [Vault] (spans:  ) "Magnifico." (language: Galactic Common) (Vault (53, 184, 4))
[2021-05-17 13:27:16.281] TCOMMS: Jhonatan lima/(Yuri Stigat) [Vault] (spans:  ) "Pressisamos de minerios" (language: Galactic Common) (Vault (45, 162, 4))
[2021-05-17 13:27:35.583] TCOMMS: Jhonatan lima/(Yuri Stigat) [Vault] (spans:  ) "Pra melhorar as smas" (language: Galactic Common) (Vault (44, 172, 4))
[2021-05-17 13:27:45.735] TCOMMS: Richard-Campi/(Ethan Brown) [Vault] (spans:  ) "Compreendo." (language: Galactic Common) (Vault (61, 177, 4))
[2021-05-17 13:27:47.975] TCOMMS: FidgetyBacchus/(Yun-Seo Kierst) [Vault] (spans:  ) "Teste." (language: Galactic Common) (Vault (74, 182, 4))
[2021-05-17 13:27:52.356] TCOMMS: FidgetyBacchus/(Yun-Seo Kierst) [Vault] (spans:  ) "Bom dia." (language: Galactic Common) (Vault (74, 182, 4))
[2021-05-17 13:28:00.131] TCOMMS: Jhonatan lima/(Yuri Stigat) [Vault] (spans:  ) "Estamos gerando mais energia do que a consequimos segurar" (language: Galactic Common) (Vault (43, 172, 4))
[2021-05-17 13:28:05.352] TCOMMS: Richard-Campi/(Ethan Brown) [Vault] (spans:  ) "Irei verificar se a Vault-Tec enviou uma mensagem de sinal verde." (language: Galactic Common) (Vault (51, 181, 4))
[2021-05-17 13:28:31.581] TCOMMS: Richard-Campi/(Ethan Brown) [Vault] (spans:  ) "Eh.. vejo que as conexões não estão boas, se tem enviado alguma mensagem, não recebemos." (language: Galactic Common) (Vault (54, 185, 4))
[2021-05-17 13:33:30.001] TCOMMS: Jhonatan lima/(Yuri Stigat) [Vault] (spans:  ) "Cu" (language: Galactic Common) (Vault (40, 196, 4))
[2021-05-17 13:33:31.356] TCOMMS: FidgetyBacchus/(Yun-Seo Kierst) [Vault] (spans:  ) "Huh." (language: Galactic Common) (Vault (46, 153, 4))
[2021-05-17 13:33:41.030] TCOMMS: Richard-Campi/(Ethan Brown) [Vault] (spans:  ) "Olha o linguajar, yuri." (language: Galactic Common) (Vault (52, 200, 4))
[2021-05-17 13:34:04.396] TCOMMS: Richard-Campi/(Ethan Brown) [Security] (spans:  ) "Yun? Quando o Scientist retornar, por favor solicite para o mesmo se higienizar no chuveiro da entrada." (language: Galactic Common) (Vault (52, 200, 4))
[2021-05-17 13:34:13.907] TCOMMS: FidgetyBacchus/(Yun-Seo Kierst) [Security] (spans:  ) "Certo." (language: Galactic Common) (Vault (46, 153, 4))
[2021-05-17 13:35:02.942] TCOMMS: Jhonatan lima/(Yuri Stigat) [Vault] (spans:  ) "Vou pegar os materiais" (language: Galactic Common) (Vault (60, 186, 4))
[2021-05-17 13:35:17.412] TCOMMS: FidgetyBacchus/(Yun-Seo Kierst) [Vault] (spans:  ) "Negativo, a cientista já está minerando." (language: Galactic Common) (Vault (46, 153, 4))
[2021-05-17 13:35:33.873] TCOMMS: Jhonatan lima/(Yuri Stigat) [Vault] (spans:  ) "Pros reparos" (language: Galactic Common) (Vault (70, 186, 4))
[2021-05-17 13:35:50.134] TCOMMS: Richard-Campi/(Ethan Brown) [Vault] (spans:  ) "Senhorita Tracey, como anda a mineração?" (language: Galactic Common) (Vault (52, 199, 4))
[2021-05-17 13:36:00.198] TCOMMS: n0fun/(Tracey Losey) [Vault] (spans:  ) "Já consegui algums materiais" (language: Galactic Common) (Caves (38, 128, 4))
[2021-05-17 13:36:05.465] TCOMMS: Richard-Campi/(Ethan Brown) [Vault] (spans:  ) "Maravilha." (language: Galactic Common) (Vault (50, 197, 4))
[2021-05-17 13:37:00.649] TCOMMS: Jhonatan lima/(Yuri Stigat) [Vault] (spans:  ) "Pressisamos de madeira pro cão" (language: Galactic Common) (Vault (47, 206, 4))
[2021-05-17 13:37:07.899] TCOMMS: Jhonatan lima/(Yuri Stigat) [Vault] (spans:  ) "Chão" (language: Galactic Common) (Vault (47, 206, 4))
[2021-05-17 13:37:09.602] TCOMMS: Richard-Campi/(Ethan Brown) [Vault] (spans:  ) "Certo, irei solicitar." (language: Galactic Common) (Vault (48, 171, 4))
[2021-05-17 13:37:43.906] TCOMMS: Richard-Campi/(Ethan Brown) [Vault] (spans:  ) "Enginner, a atmosfera da Cargo não se encontra boa." (language: Galactic Common) (Vault (29, 181, 4))
[2021-05-17 13:37:58.843] TCOMMS: Richard-Campi/(Ethan Brown) [Vault] (spans:  ) "Acredito que alguém deve ter aberto as Airlocks que dão ao exterior." (language: Galactic Common) (Vault (29, 181, 4))
[2021-05-17 13:39:04.193] TCOMMS: Jhonatan lima/(Yuri Stigat) [Vault] (spans:  ) "Isso sera um problema" (language: Galactic Common) (Vault (72, 187, 4))
[2021-05-17 13:39:05.529] TCOMMS: FidgetyBacchus/(Yun-Seo Kierst) [Vault] (spans:  ) "Cientista, peço que se você encontrar algo estranho, algum ser estranho ou pessoas, se existir, volte imediatamente." (language: Galactic Common) (Vault (46, 153, 4))
[2021-05-17 13:39:14.825] TCOMMS: Richard-Campi/(Ethan Brown) [Vault] (spans:  ) "Por favor, mantenham distancia da area da Cargo, por um breve momento, a atmosfera está ruim." (language: Galactic Common) (Vault (30, 181, 4))
[2021-05-17 13:39:22.617] TCOMMS: Jhonatan lima/(Yuri Stigat) [Vault] (spans:  ) "Em que eu não possa fazer nada" (language: Galactic Common) (Vault (71, 186, 4))
[2021-05-17 13:39:26.358] TCOMMS: Richard-Campi/(Ethan Brown) [Vault] (spans:  ) "Bem lembrado." (language: Galactic Common) (Vault (41, 172, 4))
[2021-05-17 13:39:37.059] TCOMMS: n0fun/(Tracey Losey) [Vault] (spans:  ) "Eu achei algo estranho" (language: Galactic Common) (Caves (31, 141, 4))
[2021-05-17 13:39:46.297] TCOMMS: n0fun/(Tracey Losey) [Vault] (spans:  ) "Escorpiões gigantes" (language: Galactic Common) (Caves (31, 141, 4))
[2021-05-17 13:39:48.253] TCOMMS: Richard-Campi/(Ethan Brown) [Vault] (spans:  ) "Mantenha a calma, senhor Yuri, iremos solucionar este problema, Vault-Tec nos preparou para isso." (language: Galactic Common) (Vault (49, 164, 4))
[2021-05-17 13:39:50.033] TCOMMS: FidgetyBacchus/(Yun-Seo Kierst) [Vault] (spans:  ) "O quê." (language: Galactic Common) (Vault (46, 153, 4))
[2021-05-17 13:39:58.689] TCOMMS: Richard-Campi/(Ethan Brown) [Vault] (spans:  ) "Es- Escorpiões gigantes!?" (language: Galactic Common) (Vault (45, 162, 4))
[2021-05-17 13:40:00.531] TCOMMS: FidgetyBacchus/(Yun-Seo Kierst) [Vault] (spans:  ) "Cuidado." (language: Galactic Common) (Vault (46, 153, 4))
[2021-05-17 13:40:09.257] TCOMMS: Jhonatan lima/(Yuri Stigat) [Vault] (spans:  ) "ELES SÃO VENENOSOS???" (language: Galactic Common) (Vault (69, 183, 4))
[2021-05-17 13:40:17.162] TCOMMS: Richard-Campi/(Ethan Brown) [Vault] (spans:  ) "Meu deus! Retorne imediatamente, Tracey!" (language: Galactic Common) (Vault (42, 163, 4))
[2021-05-17 13:40:24.159] TCOMMS: n0fun/(Tracey Losey) [Vault] (spans:  ) "Eles não me viram, então consegui fugir" (language: Galactic Common) (Caves (18, 161, 4))
[2021-05-17 13:40:28.100] TCOMMS: Richard-Campi/(Ethan Brown) [Security] (spans:  ) "Segurança, iremos selar o vault por momento." (language: Galactic Common) (Vault (43, 163, 4))
[2021-05-17 13:40:39.463] TCOMMS: FidgetyBacchus/(Yun-Seo Kierst) [Security] (spans:  ) "Certo, devo esperar a Tracey?" (language: Galactic Common) (Vault (46, 153, 4))
[2021-05-17 13:40:41.708] TCOMMS: n0fun/(Tracey Losey) [Vault] (spans:  ) "Indo" (language: Galactic Common) (Caves (12, 161, 4))
[2021-05-17 13:40:44.010] TCOMMS: Richard-Campi/(Ethan Brown) [Security] (spans:  ) "Sim, por favor." (language: Galactic Common) (Vault (43, 163, 4))
[2021-05-17 13:41:23.975] TCOMMS: FidgetyBacchus/(Yun-Seo Kierst) [Security] (spans:  ) "Pronto." (language: Galactic Common) (Vault (45, 153, 4))
[2021-05-17 13:41:28.447] TCOMMS: Richard-Campi/(Ethan Brown) [Security] (spans:  ) "Agradeço." (language: Galactic Common) (Vault (43, 163, 4))
[2021-05-17 13:44:42.396] TCOMMS: Corvopimpolho/(Casey Cressman) [Common] (spans:  ) "Alo" (language: Galactic Common) (Village (171, 97, 2))
[2021-05-17 13:44:51.648] TCOMMS: Jhonatan lima/(Yuri Stigat) [Common] (spans:  ) "Bom dia" (language: Galactic Common) (Vault (44, 164, 4))
[2021-05-17 13:45:29.738] TCOMMS: Corvopimpolho/(Casey Cressman) [Common] (spans:  ) "Alguem quer duas wattz 1000? com 5 power cells?" (language: Galactic Common) (Village (171, 97, 2))
[2021-05-17 13:45:36.764] TCOMMS: Corvopimpolho/(Casey Cressman) [Common] (spans:  ) "Aceito trocas" (language: Galactic Common) (Village (171, 97, 2))
[2021-05-17 13:46:01.907] TCOMMS: Corvopimpolho/(Casey Cressman) [Common] (spans:  ) "Ou caso tu tenha uma workbench eu te dou uma de graça" (language: Galactic Common) (Village (171, 97, 2))
[2021-05-17 13:48:23.917] TCOMMS: Jhonatan lima/(Yuri Stigat) [Vault] (spans:  ) "É impossivel arrumar o o2" (language: Galactic Common) (Vault (48, 162, 4))
[2021-05-17 13:49:32.730] TCOMMS: Richard-Campi/(Ethan Brown) [Vault] (spans:  ) "Em breve irei verificar uma forma de solucionar a ausencia de O2 no ar, senhor Yuri." (language: Galactic Common) (Vault (75, 171, 4))
[2021-05-17 13:50:04.788] TCOMMS: Richard-Campi/(Ethan Brown) [Vault] (spans:  ) "Por agora, irei cuidar dos escorpiões junto a segurança, fiquem seguros." (language: Galactic Common) (Vault (72, 182, 4))
[2021-05-17 13:50:08.983] TCOMMS: Jhonatan lima/(Yuri Stigat) [Vault] (spans:  ) "Não temos atmos nem canisters" (language: Galactic Common) (Vault (33, 181, 4))
[2021-05-17 13:50:29.060] TCOMMS: Richard-Campi/(Ethan Brown) [Vault] (spans:  ) "Na cargo é possivel solicitar, irei verificar em breve." (language: Galactic Common) (Vault (49, 153, 4))
[2021-05-17 13:51:02.320] TCOMMS: Richard-Campi/(Ethan Brown) [Vault] (spans:  ) "Santo cristo.." (language: Galactic Common) (Caves (25, 143, 4))
[2021-05-17 13:51:04.554] TCOMMS: Richard-Campi/(Ethan Brown) [Vault] (spans:  ) "Cuidado." (language: Galactic Common) (Caves (25, 143, 4))
[2021-05-17 13:51:05.826] TCOMMS: Jhonatan lima/(Yuri Stigat) [Vault] (spans:  ) "Quem é nanotrasen?" (language: Galactic Common) (Vault (75, 182, 4))
[2021-05-17 13:51:12.647] TCOMMS: n0fun/(Tracey Losey) [Vault] (spans:  ) "Alguém saiu?" (language: Galactic Common) (Vault (48, 158, 4))
[2021-05-17 13:51:26.912] TCOMMS: Richard-Campi/(Ethan Brown) [Vault] (spans:  ) "Escorpiões eliminados." (language: Galactic Common) (Tunnel (20, 148, 4))
[2021-05-17 13:51:34.999] TCOMMS: Richard-Campi/(Ethan Brown) [Vault] (spans:  ) "Segurança mordido, medico esteja preparado!" (language: Galactic Common) (Tunnel (20, 148, 4))
[2021-05-17 13:51:42.777] TCOMMS: Richard-Campi/(Ethan Brown) [Security] (spans:  ) "Vamos retornar." (language: Galactic Common) (Caves (14, 153, 4))
[2021-05-17 13:51:45.855] TCOMMS: Jhonatan lima/(Yuri Stigat) [Vault] (spans:  ) "Medico ssd" (language: Galactic Common) (Vault (55, 161, 4))
[2021-05-17 13:51:48.242] TCOMMS: Richard-Campi/(Ethan Brown) [Security] (spans:  ) "Você precisa ser tratado." (language: Galactic Common) (Tunnel (17, 148, 4))
[2021-05-17 13:51:54.112] TCOMMS: Richard-Campi/(Ethan Brown) [Vault] (spans:  ) "Oh deus.." (language: Galactic Common) (Caves (29, 145, 4))
[2021-05-17 13:55:03.304] TCOMMS: FidgetyBacchus/(Yun-Seo Kierst) [Security] (spans:  ) "Já devolvi" (language: Galactic Common) (Vault (49, 171, 4))
[2021-05-17 13:55:07.154] TCOMMS: Richard-Campi/(Ethan Brown) [Security] (spans:  ) "Ah certo." (language: Galactic Common) (Vault (68, 181, 4))
[2021-05-17 13:55:50.339] TCOMMS: The supply request console [Supply] (spans: robot ) "A new order has been requested." (language: Galactic Common) (Vault (29, 182, 4))
[2021-05-17 14:00:27.431] TCOMMS: Richard-Campi/(Ethan Brown) [Vault] (spans:  ) "Não quero ver mais sujeira no chão, nem uma balinha se quer." (language: Galactic Common) (Vault (65, 181, 4))
[2021-05-17 14:00:42.883] TCOMMS: Jhonatan lima/(Yuri Stigat) [Vault] (spans:  ) "Sci pode melhorar as smas" (language: Galactic Common) (Vault (76, 186, 4))
[2021-05-17 14:02:53.201] TCOMMS: Richard-Campi/(Ethan Brown) [Vault] (spans:  ) "Enginner, há as madeiras no corredor, para reparar os pisos." (language: Galactic Common) (Vault (35, 169, 4))
[2021-05-17 14:04:18.857] TCOMMS: Jhonatan lima/(Yuri Stigat) [Common] (spans:  ) "Cade as madeiras" (language: Galactic Common) (Vault (40, 172, 4))
[2021-05-17 14:04:29.763] TCOMMS: Richard-Campi/(Ethan Brown) [Vault] (spans:  ) "Ah perdão, peguei elas." (language: Galactic Common) (Vault (25, 168, 4))
[2021-05-17 14:05:13.235] TCOMMS: Richard-Campi/(Ethan Brown) [Vault] (spans:  ) "Por agora, irei estar em minha sala, caso necessitarem de algo, solicite via Rádio ou PDA por favor." (language: Galactic Common) (Vault (49, 172, 4))
[2021-05-17 14:06:29.022] TCOMMS: FidgetyBacchus/(Yun-Seo Kierst) [Vault] (spans:  ) "Tem pizza na cozinha." (language: Galactic Common) (Vault (50, 199, 4))
[2021-05-17 14:08:28.580] TCOMMS: FidgetyBacchus/(Yun-Seo Kierst) [Vault] (spans:  ) "O doutor tá dormindo, engraçado." (language: Galactic Common) (Vault (67, 167, 4))
[2021-05-17 14:08:35.432] TCOMMS: Richard-Campi/(Ethan Brown) [Security] (spans:  ) "Yun, poderia realizar minerações? Por favor." (language: Galactic Common) (Vault (37, 183, 4))
[2021-05-17 14:08:42.853] TCOMMS: FidgetyBacchus/(Yun-Seo Kierst) [Security] (spans:  ) "Ceerto." (language: Galactic Common) (Vault (64, 165, 4))
[2021-05-17 14:08:46.963] TCOMMS: Richard-Campi/(Ethan Brown) [Security] (spans:  ) "Enviar a Scientist sem a devida proteção é perigoso." (language: Galactic Common) (Vault (37, 182, 4))
[2021-05-17 14:09:10.609] TCOMMS: Shirozinha/(Tio Osso) [Vault] (spans:  ) "Alguem na escuta?" (language: Galactic Common) (Vault (52, 189, 4))
[2021-05-17 14:09:18.470] TCOMMS: FidgetyBacchus/(Yun-Seo Kierst) [Vault] (spans:  ) "Sim." (language: Galactic Common) (Vault (48, 164, 4))
[2021-05-17 14:09:18.830] TCOMMS: Jhonatan lima/(Yuri Stigat) [Vault] (spans:  ) "Opa meu amigo" (language: Galactic Common) (Vault (37, 199, 4))
[2021-05-17 14:11:56.483] TCOMMS: Richard-Campi/(Ethan Brown) [Vault] (spans:  ) "Yuri?" (language: Galactic Common) (Vault (66, 181, 4))
[2021-05-17 14:15:01.055] TCOMMS: FidgetyBacchus/(Yun-Seo Kierst) [Vault] (spans:  ) "BARATAS GIGANTES" (language: Galactic Common) (Tunnel (55, 139, 4))
[2021-05-17 14:15:16.105] TCOMMS: Richard-Campi/(Ethan Brown) [Vault] (spans:  ) "Gi- Gigantes!? Como assim!?" (language: Galactic Common) (Vault (54, 185, 4))
[2021-05-17 14:15:28.487] TCOMMS: Jhonatan lima/(Yuri Stigat) [Vault] (spans:  ) "Ba-baratas?" (language: Galactic Common) (Vault (34, 183, 4))
[2021-05-17 14:15:32.250] TCOMMS: Shirozinha/(Tio Osso) [Vault] (spans:  ) "QUE" (language: Galactic Common) (Vault (52, 188, 4))
[2021-05-17 14:15:42.183] TCOMMS: FidgetyBacchus/(Yun-Seo Kierst) [Vault] (spans:  ) "São gigantes, pelo menos elas tão no outro lado da barricada..." (language: Galactic Common) (Caves (57, 132, 4))
[2021-05-17 14:15:46.574] TCOMMS: N0fun/(Tracey Losey) [Vault] (spans:  ) "Não é um problema, isso dá pra fazer com Engenharia Genética" (language: Galactic Common) (Vault (45, 162, 4))
[2021-05-17 14:16:05.787] TCOMMS: Richard-Campi/(Ethan Brown) [Vault] (spans:  ) "Não há baratas, Senhor Yuri." (language: Galactic Common) (Vault (37, 183, 4))
[2021-05-17 14:16:27.197] TCOMMS: Jhonatan lima/(Yuri Stigat) [Vault] (spans:  ) "É o yun" (language: Galactic Common) (Vault (38, 177, 4))
[2021-05-17 14:16:32.279] TCOMMS: Jhonatan lima/(Yuri Stigat) [Vault] (spans:  ) "Não eu" (language: Galactic Common) (Vault (37, 179, 4))
[2021-05-17 14:16:34.122] TCOMMS: Richard-Campi/(Ethan Brown) [Vault] (spans:  ) "Oh.." (language: Galactic Common) (Vault (34, 183, 4))
[2021-05-17 14:16:39.707] TCOMMS: Richard-Campi/(Ethan Brown) [Vault] (spans:  ) "As vozes são parecidas.." (language: Galactic Common) (Vault (36, 182, 4))
[2021-05-17 14:16:45.237] TCOMMS: N0fun/(Tracey Losey) [Vault] (spans:  ) "Ah" (language: Galactic Common) (Vault (50, 155, 4))
[2021-05-17 14:16:46.690] TCOMMS: Richard-Campi/(Ethan Brown) [Vault] (spans:  ) "Yun?" (language: Galactic Common) (Vault (38, 174, 4))
[2021-05-17 14:16:48.006] TCOMMS: N0fun/(Tracey Losey) [Vault] (spans:  ) "Realmente" (language: Galactic Common) (Vault (50, 155, 4))
[2021-05-17 14:16:52.607] TCOMMS: N0fun/(Tracey Losey) [Vault] (spans:  ) "Eu vi uma barata" (language: Galactic Common) (Vault (50, 155, 4))
[2021-05-17 14:16:52.732] TCOMMS: Shirozinha/(Tio Osso) [Vault] (spans:  yell ) "TEM BARATAS SIM!!" (language: Galactic Common) (Vault (45, 189, 4))
[2021-05-17 14:17:05.436] TCOMMS: Richard-Campi/(Ethan Brown) [Vault] (spans:  ) "Mas que voz é esta?" (language: Galactic Common) (Vault (49, 159, 4))
[2021-05-17 14:17:37.809] TCOMMS: Richard-Campi/(Ethan Brown) [Security] (spans:  ) "HOS, venha até minha sala, por favor." (language: Galactic Common) (Vault (49, 159, 4))
[2021-05-17 14:17:55.749] TCOMMS: FidgetyBacchus/(Yun-Seo Kierst) [Security] (spans:  ) "O HoS é o tio osso?" (language: Galactic Common) (Caves (56, 131, 4))
[2021-05-17 14:18:57.755] TCOMMS: FidgetyBacchus/(Yun-Seo Kierst) [Vault] (spans:  ) "Matei as baratas, elas são hostis." (language: Galactic Common) (Caves (47, 130, 4))
[2021-05-17 14:19:10.749] TCOMMS: N0fun/(Tracey Losey) [Vault] (spans:  ) "Eu tapei o buraco que as baratas tavam saindo" (language: Galactic Common) (Tunnel (86, 141, 4))
[2021-05-17 14:19:16.457] TCOMMS: Richard-Campi/(Ethan Brown) [Vault] (spans:  ) "Yun, qual sua localidade?" (language: Galactic Common) (Vault (49, 180, 4))
[2021-05-17 14:19:20.292] TCOMMS: N0fun/(Tracey Losey) [Vault] (spans:  ) "Havia uma arma no buraco" (language: Galactic Common) (Tunnel (86, 141, 4))
[2021-05-17 14:19:35.843] TCOMMS: FidgetyBacchus/(Yun-Seo Kierst) [Vault] (spans:  ) "Perto da entrada" (language: Galactic Common) (Caves (67, 150, 4))
[2021-05-17 14:19:38.200] TCOMMS: Richard-Campi/(Ethan Brown) [Vault] (spans:  ) "Mas.. onde diabos está isso?" (language: Galactic Common) (Vault (49, 165, 4))
[2021-05-17 14:19:51.560] TCOMMS: Richard-Campi/(Ethan Brown) [Vault] (spans:  ) "Meu deus.. essa bixa horrenda em nossa porta!" (language: Galactic Common) (Tunnel (49, 143, 4))
[2021-05-17 14:20:17.769] TCOMMS: Richard-Campi/(Ethan Brown) [Vault] (spans:  ) "Espera.." (language: Galactic Common) (Caves (83, 140, 4))
[2021-05-17 14:20:24.040] TCOMMS: FidgetyBacchus/(Yun-Seo Kierst) [Vault] (spans:  ) "PLANTAS CARNIVORAS GIGANTES?!" (language: Galactic Common) (Tunnel (83, 150, 4))
[2021-05-17 14:20:27.008] TCOMMS: Richard-Campi/(Ethan Brown) [Vault] (spans:  ) "Não acredito que estão abrindo as barricadas de madeira.." (language: Galactic Common) (Tunnel (83, 141, 4))
[2021-05-17 14:20:37.950] TCOMMS: syndipudim/(Drew Thomas) [Common] (spans:  ) "Quem quiser um caçado de recompensas, estarei esperando uma chamada no radio." (language: Galactic Common) (Tunnel (133, 140, 3))
[2021-05-17 14:20:46.039] TCOMMS: baeiou/(Roderick Malkav) [Vault] (spans:  ) "O que?" (language: Galactic Common) (Vault (45, 206, 4))
[2021-05-17 14:21:11.963] TCOMMS: Shirozinha/(Tio Osso) [Vault] (spans:  ) "Aonde?" (language: Galactic Common) (Tunnel (49, 140, 4))
[2021-05-17 14:22:07.075] TCOMMS: Richard-Campi/(Ethan Brown) [Vault] (spans:  ) "Mas que loucura, nunca havia permitido irem tão longe!" (language: Galactic Common) (Tunnel (49, 145, 4))
[2021-05-17 14:22:43.775] TCOMMS: FidgetyBacchus/(Yun-Seo Kierst) [Vault] (spans:  ) "Pra aquele lado tem minerios melhores." (language: Galactic Common) (Tunnel (48, 140, 4))
[2021-05-17 14:23:01.758] TCOMMS: Richard-Campi/(Ethan Brown) [Vault] (spans:  ) "Mas está pondo em risco, nossa localidade." (language: Galactic Common) (Tunnel (53, 139, 4))
[2021-05-17 14:24:22.860] TCOMMS: Richard-Campi/(Ethan Brown) [Vault] (spans:  ) "Precisamos limpar este sangue da entrada." (language: Galactic Common) (Vault (49, 146, 4))
[2021-05-17 14:25:55.582] TCOMMS: Jhonatan lima/(Yuri Stigat) [Vault] (spans:  ) "Parei de ler o que ta acontecendo" (language: Galactic Common) (Vault (28, 167, 4))
[2021-05-17 14:26:07.452] TCOMMS: N0fun/(Tracey Losey) [Vault] (spans:  ) "O quê?" (language: Galactic Common) (Vault (41, 164, 4))
[2021-05-17 14:26:08.560] TCOMMS: Richard-Campi/(Ethan Brown) [Vault] (spans:  ) "Nada, fique tranquilo." (language: Galactic Common) (Tunnel (85, 155, 4))
[2021-05-17 14:26:59.043] TCOMMS: Jhonatan lima/(Yuri Stigat) [Vault] (spans:  ) "Nosso estoque de comida ta como?" (language: Galactic Common) (Vault (38, 177, 4))
[2021-05-17 14:27:37.691] TCOMMS: baeiou/(Roderick Malkav) [Vault] (spans:  ) "É... Tudo bem." (language: Galactic Common) (Vault (45, 206, 4))
[2021-05-17 14:27:54.051] TCOMMS: Jhonatan lima/(Yuri Stigat) [Common] (spans:  ) "Bom dia" (language: Galactic Common) (Vault (49, 154, 4))
[2021-05-17 14:28:00.878] TCOMMS: AlbertoVinhofino/(Elias Ivanov) [Vault] (spans:  ) "Porque" (language: Galactic Common) (Vault (31, 186, 4))
[2021-05-17 14:28:17.535] TCOMMS: Richard-Campi/(Ethan Brown) [Vault] (spans:  ) "Senhor Yuri, tenha cuidado! Não pronuncie nada no rádio exterior." (language: Galactic Common) (Caves (83, 146, 4))
[2021-05-17 14:28:35.720] TCOMMS: syndipudim/(Drew Thomas) [Common] (spans:  ) "Alguem gostaria de um caçador de recompensas?" (language: Galactic Common) (Wasteland (138, 30, 2))
[2021-05-17 14:29:30.697] TCOMMS: Jhonatan lima/(Yuri Stigat) [Vault] (spans:  ) "Ja pensaram em fazer robos?" (language: Galactic Common) (Vault (42, 164, 4))
[2021-05-17 14:29:44.960] TCOMMS: Richard-Campi/(Ethan Brown) [Vault] (spans:  ) "Vault está selado até segundas ordens por agora." (language: Galactic Common) (Vault (49, 162, 4))
[2021-05-17 14:30:37.827] TCOMMS: FidgetyBacchus/(Yun-Seo Kierst) [Vault] (spans:  ) "As baratas gigantes me impressionaram, acho que a area tá segura por ora." (language: Galactic Common) (Vault (49, 170, 4))
[2021-05-17 14:31:08.240] TCOMMS: Richard-Campi/(Ethan Brown) [Vault] (spans:  ) "O tamanho é assustador." (language: Galactic Common) (Vault (53, 184, 4))
[2021-05-17 14:31:24.598] TCOMMS: syndipudim/(Drew Thomas) [Common] (spans:  ) "Opa" (language: Galactic Common) (Wasteland (103, 31, 2))
[2021-05-17 14:31:25.508] TCOMMS: Richard-Campi/(Ethan Brown) [Vault] (spans:  ) "Mas o mais assustador, é as doenças e radiação presente nos corpos delas." (language: Galactic Common) (Vault (53, 184, 4))
[2021-05-17 14:31:37.823] TCOMMS: syndipudim/(Drew Thomas) [Common] (spans:  ) "Quem?" (language: Galactic Common) (Wasteland (103, 31, 2))
[2021-05-17 14:32:33.199] TCOMMS: Richard-Campi/(Ethan Brown) [Vault] (spans:  ) "Yuri, onde estão as madeiras?" (language: Galactic Common) (Vault (70, 185, 4))
[2021-05-17 14:32:45.317] TCOMMS: Jhonatan lima/(Yuri Stigat) [Vault] (spans:  ) "Na biblioteca" (language: Galactic Common) (Vault (49, 162, 4))
[2021-05-17 14:32:50.933] TCOMMS: Richard-Campi/(Ethan Brown) [Vault] (spans:  ) "Certo." (language: Galactic Common) (Vault (74, 172, 4))
[2021-05-17 14:33:58.335] TCOMMS: FidgetyBacchus/(Yun-Seo Kierst) [Vault] (spans:  ) "Acho que a gente tá bom de materiais." (language: Galactic Common) (Vault (34, 163, 4))
[2021-05-17 14:34:15.322] TCOMMS: Richard-Campi/(Ethan Brown) [Security] (spans:  ) "Yun, ainda está minerando?" (language: Galactic Common) (Vault (75, 171, 4))
[2021-05-17 14:34:20.226] TCOMMS: FidgetyBacchus/(Yun-Seo Kierst) [Security] (spans:  ) "Não." (language: Galactic Common) (Vault (34, 162, 4))
[2021-05-17 14:34:24.735] TCOMMS: Richard-Campi/(Ethan Brown) [Security] (spans:  ) "Certo." (language: Galactic Common) (Vault (74, 174, 4))
[2021-05-17 14:34:53.775] TCOMMS: FidgetyBacchus/(Yun-Seo Kierst) [Vault] (spans:  ) "Cientista, faz um ciborgue" (language: Galactic Common) (Vault (44, 163, 4))
[2021-05-17 14:35:17.157] TCOMMS: Richard-Campi/(Ethan Brown) [Vault] (spans:  ) "Solicito que tenham organização por favor, deixar bens jogados pelo chão, vão dificultar trabalho." (language: Galactic Common) (Vault (45, 161, 4))
[2021-05-17 14:35:36.278] TCOMMS: Jhonatan lima/(Yuri Stigat) [Vault] (spans:  ) "Temos um CoF agora" (language: Galactic Common) (Vault (51, 200, 4))
[2021-05-17 14:35:42.938] TCOMMS: FidgetyBacchus/(Yun-Seo Kierst) [Vault] (spans:  ) "CoF?" (language: Galactic Common) (Vault (44, 163, 4))
[2021-05-17 14:35:54.961] TCOMMS: Jhonatan lima/(Yuri Stigat) [Vault] (spans:  ) "CoS" (language: Galactic Common) (Vault (51, 197, 4))
[2021-05-17 14:36:09.829] TCOMMS: Jhonatan lima/(Yuri Stigat) [Vault] (spans:  ) "E um botanico" (language: Galactic Common) (Vault (59, 187, 4))
[2021-05-17 14:36:45.380] TCOMMS: Richard-Campi/(Ethan Brown) [Vault] (spans:  ) "Não quero ver produção de armas, sem autorização." (language: Galactic Common) (Vault (48, 160, 4))
[2021-05-17 14:36:49.907] TCOMMS: Corvopimpolho/(Casey Cressman) [148.9] (spans:  ) "Alo" (language: Galactic Common) (Wasteland (168, 214, 2))
[2021-05-17 14:36:55.053] TCOMMS: FidgetyBacchus/(Yun-Seo Kierst) [Vault] (spans:  ) "E os meus implantes?" (language: Galactic Common) (Vault (44, 163, 4))
[2021-05-17 14:38:01.496] TCOMMS: Richard-Campi/(Ethan Brown) [Vault] (spans:  ) "Segurança, me encontre na Medbay." (language: Galactic Common) (Vault (45, 162, 4))
[2021-05-17 14:39:16.155] TCOMMS: Corvopimpolho/(Casey Cressman) [148.9] (spans:  ) "BOS" (language: Galactic Common) (Wasteland (168, 215, 2))
[2021-05-17 14:40:36.550] TCOMMS: Corvopimpolho/(Casey Cressman) [148.9] (spans:  ) "IDA????" (language: Galactic Common) (Wasteland (168, 215, 2))
[2021-05-17 14:44:41.056] TCOMMS: Richard-Campi/(Ethan Brown) [Vault] (spans:  yell ) "Mas o que eu disse, sobre a produção de armas!!" (language: Galactic Common) (Vault (45, 161, 4))
[2021-05-17 14:44:49.431] TCOMMS: Richard-Campi/(Ethan Brown) [Vault] (spans:  ) "Não quero porte de arma, sem autorização." (language: Galactic Common) (Vault (45, 161, 4))
[2021-05-17 14:44:56.764] TCOMMS: zero9e1/(Jack) [Common] (spans:  ) "Alo" (language: Galactic Common) (City (59, 47, 2))
[2021-05-17 14:50:01.737] TCOMMS: Luiz20/(Luiz Borgos Primeiro) [Enclave] (spans:  ) "Alo" (language: Galactic Common) (Enclave (129, 18, 3))
[2021-05-17 14:50:15.118] TCOMMS: zero9e1/(Jack) [Common] (spans:  ) "O trem vai chegar" (language: Galactic Common) (Building (244, 218, 2))
[2021-05-17 14:50:28.929] TCOMMS: zero9e1/(Jack) [Common] (spans:  ) "Pra que nao sabe o caminho é so ir pra direita" (language: Galactic Common) (Building (244, 219, 2))
[2021-05-17 14:50:54.067] TCOMMS: FidgetyBacchus/(Yun-Seo Kierst) [Vault] (spans:  ) "Trem? que trem? ainda existe estações ferroviarias?" (language: Galactic Common) (Vault (77, 182, 4))
[2021-05-17 14:51:04.177] TCOMMS: Jhonatan lima/(Yuri Stigat) [Vault] (spans:  ) "Parece que sim" (language: Galactic Common) (Vault (40, 191, 4))
[2021-05-17 14:51:08.217] TCOMMS: baeiou/(Roderick Malkav) [Vault] (spans:  ) "Se tiver pessoas lá fora, talvez." (language: Galactic Common) (Vault (39, 173, 4))
[2021-05-17 14:52:18.730] TCOMMS: Luiz20/(Luiz Borgos Primeiro) [Common] (spans:  ) "Alo" (language: Galactic Common) (Wasteland (129, 92, 2))
[2021-05-17 14:52:22.085] TCOMMS: zero9e1/(Jack) [Common] (spans:  ) "Opa" (language: Galactic Common) (Wasteland (246, 227, 2))
[2021-05-17 14:52:29.803] TCOMMS: Luiz20/(Luiz Borgos Primeiro) [Common] (spans:  ) "Trem tá vindo?" (language: Galactic Common) (Wasteland (150, 93, 2))
[2021-05-17 14:52:32.407] TCOMMS: zero9e1/(Jack) [Common] (spans:  ) "Sim" (language: Galactic Common) (Wasteland (243, 227, 2))
[2021-05-17 14:55:38.201] TCOMMS: Richard-Campi/(Ethan Brown) [Vault] (spans:  ) "Irei me ausentar por agora, tenham um bom dia." (language: Galactic Common) (Vault (44, 173, 4))
[2021-05-17 14:56:16.415] TCOMMS: baeiou/(Roderick Malkav) [Vault] (spans:  ) "Uh. Okay." (language: Galactic Common) (Vault (57, 190, 4))
[2021-05-17 15:00:56.699] TCOMMS: Jhonatan lima/(Yuri Stigat) [Vault] (spans:  ) "Biblioteca concertada" (language: Galactic Common) (Vault (36, 203, 4))
[2021-05-17 15:01:18.156] TCOMMS: baeiou/(Roderick Malkav) [Vault] (spans:  ) "Nós temos uma biblioteca?" (language: Galactic Common) (Vault (51, 203, 4))
[2021-05-17 15:01:25.112] TCOMMS: Jhonatan lima/(Yuri Stigat) [Vault] (spans:  ) "Yep" (language: Galactic Common) (Vault (53, 162, 4))
[2021-05-17 15:01:46.201] TCOMMS: baeiou/(Roderick Malkav) [Vault] (spans:  ) "Direção?" (language: Galactic Common) (Vault (46, 206, 4))
[2021-05-17 15:02:03.521] TCOMMS: Jhonatan lima/(Yuri Stigat) [Vault] (spans:  ) "A cima da cargo" (language: Galactic Common) (Vault (46, 170, 4))
[2021-05-17 15:02:28.838] TCOMMS: Jhonatan lima/(Yuri Stigat) [Vault] (spans:  ) "Numa maint" (language: Galactic Common) (Vault (33, 182, 4))
[2021-05-17 15:02:31.802] TCOMMS: baeiou/(Roderick Malkav) [Vault] (spans:  ) "Okay." (language: Galactic Common) (Vault (51, 205, 4))
[2021-05-17 15:08:54.932] TCOMMS: Luiz20/(Luiz Borgos Primeiro) [Common] (spans:  ) "To vivo foda-se" (language: Galactic Common) (Emergency Shuttle (112, 29, 1))
[2021-05-17 15:09:27.706] TCOMMS: Luiz20/(Luiz Borgos Primeiro) [Common] (spans:  ) "AAAAAAAAAAAAAAAAAAAAAAAAA" (language: Galactic Common) (CentCom Recovery Ship (110, 38, 1))
