[2021-05-25 14:32:52.973] Starting up round ID .
 - -------------------------
[2021-05-25 14:37:36.195] ATTACK: *no key*/(mother deathclaw) has attacked *no key*/(molerat) (NEWHP: 13)  (Bunker (19, 119, 3))
[2021-05-25 14:37:40.627] ATTACK: *no key*/(big horner) has attacked *no key*/(big horner) (NEWHP: 104)  (Wasteland (176, 16, 2))
[2021-05-25 14:37:40.633] ATTACK: *no key*/(cazador) has attacked *no key*/(legendary super mutant) (NEWHP: 934)  (Bunker (61, 234, 4))
[2021-05-25 14:37:40.634] ATTACK: *no key*/(young cazador) has attacked *no key*/(legendary super mutant) (NEWHP: 914)  (Bunker (63, 234, 4))
[2021-05-25 14:37:40.643] ATTACK: *no key*/(young cazador) has attacked *no key*/(legendary super mutant) (NEWHP: 914)  (Bunker (62, 234, 4))
[2021-05-25 14:37:40.645] ATTACK: *no key*/(cazador) has attacked *no key*/(legendary super mutant) (NEWHP: 914)  (Bunker (61, 233, 4))
[2021-05-25 14:37:40.647] ATTACK: *no key*/(legendary super mutant) has attacked *no key*/(cazador) (NEWHP: 24)  (Bunker (62, 233, 4))
[2021-05-25 14:37:40.649] ATTACK: *no key*/(young cazador) has attacked *no key*/(legendary super mutant) (NEWHP: 894)  (Bunker (62, 232, 4))
[2021-05-25 14:37:40.777] ATTACK: *no key*/(molerat) has attacked *no key*/(deathclaw) (NEWHP: 710)  (Tunnel (27, 120, 3))
[2021-05-25 14:37:40.779] ATTACK: *no key*/(deathclaw) has attacked *no key*/(molerat) (NEWHP: 9)  (Tunnel (26, 120, 3))
[2021-05-25 14:37:40.797] ATTACK: *no key*/(big horner) has attacked *no key*/(big horner) (NEWHP: 104)  (Wasteland (175, 16, 2))
[2021-05-25 14:37:40.799] ATTACK: *no key*/(big horner) has attacked *no key*/(big horner) (NEWHP: 104)  (Wasteland (141, 9, 2))
[2021-05-25 14:37:40.801] ATTACK: *no key*/(big horner) has attacked *no key*/(big horner) (NEWHP: 80)  (Wasteland (140, 10, 2))
[2021-05-25 14:37:40.807] ATTACK: *no key*/(big horner) has attacked *no key*/(big horner) (NEWHP: 104)  (Wasteland (140, 9, 2))
[2021-05-25 14:37:43.859] ATTACK: *no key*/(big horner) has attacked *no key*/(big horner) (NEWHP: 80)  (Wasteland (176, 16, 2))
[2021-05-25 14:37:43.911] ATTACK: *no key*/(cazador) has attacked *no key*/(legendary super mutant) (NEWHP: 890)  (Bunker (61, 234, 4))
[2021-05-25 14:37:43.962] ATTACK: *no key*/(young cazador) has attacked *no key*/(legendary super mutant) (NEWHP: 870)  (Bunker (63, 234, 4))
[2021-05-25 14:37:44.065] ATTACK: *no key*/(young cazador) has attacked *no key*/(legendary super mutant) (NEWHP: 870)  (Bunker (62, 234, 4))
[2021-05-25 14:37:44.113] ATTACK: *no key*/(cazador) has attacked *no key*/(legendary super mutant) (NEWHP: 870)  (Bunker (61, 233, 4))
[2021-05-25 14:37:44.162] ATTACK: *no key*/(legendary super mutant) has attacked *no key*/(young cazador) (NEWHP: 20)  (Bunker (62, 233, 4))
[2021-05-25 14:37:44.211] ATTACK: *no key*/(young cazador) has attacked *no key*/(legendary super mutant) (NEWHP: 850)  (Bunker (62, 232, 4))
[2021-05-25 14:37:44.564] ATTACK: *no key*/(big horner) has attacked *no key*/(big horner) (NEWHP: 79)  (Wasteland (175, 16, 2))
[2021-05-25 14:37:44.610] ATTACK: *no key*/(big horner) has attacked *no key*/(big horner) (NEWHP: 55)  (Wasteland (141, 9, 2))
[2021-05-25 14:37:44.662] ATTACK: *no key*/(big horner) has attacked *no key*/(big horner) (NEWHP: 32)  (Wasteland (140, 10, 2))
[2021-05-25 14:37:44.712] ATTACK: *no key*/(big horner) has attacked *no key*/(big horner) (NEWHP: 81)  (Wasteland (140, 9, 2))
[2021-05-25 14:37:47.934] ATTACK: *no key*/(big horner) has attacked *no key*/(big horner) (NEWHP: 55)  (Wasteland (176, 16, 2))
[2021-05-25 14:37:47.937] ATTACK: *no key*/(cazador) has attacked *no key*/(legendary super mutant) (NEWHP: 850)  (Bunker (61, 234, 4))
[2021-05-25 14:37:47.938] ATTACK: *no key*/(young cazador) has attacked *no key*/(legendary super mutant) (NEWHP: 830)  (Bunker (63, 234, 4))
[2021-05-25 14:37:47.940] ATTACK: *no key*/(cazador) has attacked *no key*/(legendary super mutant) (NEWHP: 830)  (Bunker (61, 233, 4))
[2021-05-25 14:37:47.952] ATTACK: *no key*/(young cazador) has attacked *no key*/(legendary super mutant) (NEWHP: 810)  (Bunker (62, 232, 4))
[2021-05-25 14:37:48.063] ATTACK: *no key*/(big horner) has attacked *no key*/(big horner) (NEWHP: 56)  (Wasteland (175, 16, 2))
[2021-05-25 14:37:48.185] ATTACK: *no key*/(big horner) has attacked *no key*/(big horner) (NEWHP: 9)  (Wasteland (141, 9, 2))
[2021-05-25 14:37:51.138] ATTACK: *no key*/(cazador) has attacked *no key*/(legendary super mutant) (NEWHP: 810)  (Bunker (61, 234, 4))
[2021-05-25 14:37:51.140] ATTACK: *no key*/(young cazador) has attacked *no key*/(legendary super mutant) (NEWHP: 790)  (Bunker (63, 234, 4))
[2021-05-25 14:37:51.142] ATTACK: *no key*/(cazador) has attacked *no key*/(legendary super mutant) (NEWHP: 790)  (Bunker (61, 233, 4))
[2021-05-25 14:37:51.143] ATTACK: *no key*/(legendary super mutant) has attacked *no key*/(cazador) (NEWHP: 20)  (Bunker (62, 233, 4))
[2021-05-25 14:37:51.146] ATTACK: *no key*/(young cazador) has attacked *no key*/(legendary super mutant) (NEWHP: 770)  (Bunker (62, 232, 4))
[2021-05-25 14:37:51.157] ATTACK: *no key*/(big horner) has attacked *no key*/(big horner) (NEWHP: 30)  (Wasteland (175, 16, 2))
[2021-05-25 14:37:51.159] ATTACK: *no key*/(big horner) has attacked *no key*/(big horner) (NEWHP: 100)  (Wasteland (140, 10, 2))
[2021-05-25 14:37:53.771] ATTACK: *no key*/(young cazador) has attacked *no key*/(legendary super mutant) (NEWHP: 766)  (Bunker (63, 234, 4))
[2021-05-25 14:37:53.773] ATTACK: *no key*/(cazador) has attacked *no key*/(legendary super mutant) (NEWHP: 766)  (Bunker (61, 233, 4))
[2021-05-25 14:37:53.776] ATTACK: *no key*/(legendary super mutant) has attacked *no key*/(young cazador) (NEWHP: 16)  (Bunker (62, 233, 4))
[2021-05-25 14:37:53.779] ATTACK: *no key*/(young cazador) has attacked *no key*/(legendary super mutant) (NEWHP: 746)  (Bunker (62, 232, 4))
[2021-05-25 14:37:53.790] ATTACK: *no key*/(big horner) has attacked *no key*/(big horner) (NEWHP: 4)  (Wasteland (176, 16, 2))
[2021-05-25 14:37:53.792] ATTACK: *no key*/(big horner) has attacked *no key*/(big horner) (NEWHP: 51)  (Wasteland (141, 9, 2))
[2021-05-25 14:37:53.793] ATTACK: *no key*/(big horner) has attacked *no key*/(big horner) (NEWHP: 74)  (Wasteland (140, 10, 2))
[2021-05-25 14:37:56.623] ATTACK: *no key*/(cazador) has attacked *no key*/(legendary super mutant) (NEWHP: 742)  (Bunker (61, 233, 4))
[2021-05-25 14:37:56.625] ATTACK: *no key*/(legendary super mutant) has attacked *no key*/(young cazador) (NEWHP: 12)  (Bunker (62, 233, 4))
[2021-05-25 14:37:56.797] ATTACK: *no key*/(big horner) has attacked *no key*/(big horner) (NEWHP: 29)  (Wasteland (141, 9, 2))
[2021-05-25 14:37:57.250] ATTACK: *no key*/(big horner) has attacked *no key*/(big horner) (NEWHP: 51)  (Wasteland (140, 10, 2))
[2021-05-25 14:37:59.590] ATTACK: *no key*/(cazador) has attacked *no key*/(legendary super mutant) (NEWHP: 722)  (Bunker (61, 233, 4))
[2021-05-25 14:37:59.635] ATTACK: *no key*/(big horner) has attacked *no key*/(big horner) (NEWHP: 3)  (Wasteland (141, 9, 2))
[2021-05-25 14:38:01.949] ATTACK: *no key*/(cazador) has attacked *no key*/(legendary super mutant) (NEWHP: 698)  (Bunker (61, 233, 4))
[2021-05-25 14:38:04.701] ATTACK: *no key*/(cazador) has attacked *no key*/(legendary super mutant) (NEWHP: 674)  (Bunker (60, 234, 4))
