[2021-05-25 14:32:52.973] Starting up round ID .
 - -------------------------
[2021-05-25 14:32:52.975] Running /tg/ revision: 2021-05-25
 - origin/master: 2a55ea0b0d891d1b30b295f484b98b2be5f73928
[2021-05-25 14:32:52.988] Failed to connect to database in load_mentors(). Reverting to legacy system.
[2021-05-25 14:32:54.071] Loading Yuma...
[2021-05-25 14:32:59.092] Loaded Wasteland in 5s!
[2021-05-25 14:33:00.773] Loaded Dungeons in 1.6s!
[2021-05-25 14:33:01.704] Ruin loader finished with 0 left to spend.
[2021-05-25 14:34:07.309] runtime error: Division by zero
 - proc name: create gas (/obj/machinery/portable_atmospherics/canister/proc/create_gas)
 -   source file: canister.dm,220
 -   usr: null
 -   src: the o2 canister (/obj/machinery/portable_atmospherics/canister/oxygen)
 -   src.loc: the floor (57,22,5) (/turf/open/floor/plasteel/dark)
 -   call stack:
 - the o2 canister (/obj/machinery/portable_atmospherics/canister/oxygen): create gas()
 - the o2 canister (/obj/machinery/portable_atmospherics/canister/oxygen): New(the floor (57,22,5) (/turf/open/floor/plasteel/dark), null)
 - /datum/parsed_map (/datum/parsed_map): create atom(/obj/machinery/portable_atmosp... (/obj/machinery/portable_atmospherics/canister/oxygen), the floor (57,22,5) (/turf/open/floor/plasteel/dark))
 - /datum/parsed_map (/datum/parsed_map): instance atom(/obj/machinery/portable_atmosp... (/obj/machinery/portable_atmospherics/canister/oxygen), /list (/list), the floor (57,22,5) (/turf/open/floor/plasteel/dark), 0, 1, 0, 0, 0, 0)
 - /datum/parsed_map (/datum/parsed_map): build coordinate(/list (/list), /list (/list), the floor (57,22,5) (/turf/open/floor/plasteel/dark), 0, 1, 0, 0, 0, 0, 0)
 - /datum/parsed_map (/datum/parsed_map):  load impl(52, 10, 5, 1, 0, -1e+31, 1e+31, -1e+31, 1e+31, 1, 2, 0, null)
 - /datum/parsed_map (/datum/parsed_map): load(52, 10, 5, 1, 0, null, null, null, null, 1, 2, 0, null)
 - basic syndicate infiltrator (/datum/map_template/shuttle/infiltrator/basic): load(the hull (52,10,5) (/turf/closed/wall/r_wall/syndicate), 0, 2, 0, 0, 0, 0)
 - basic syndicate infiltrator (/datum/map_template/shuttle/infiltrator/basic): load(the hull (52,10,5) (/turf/closed/wall/r_wall/syndicate), 0, 2, 0, 0, 0, 0)
 - Shuttle (/datum/controller/subsystem/shuttle): load template(basic syndicate infiltrator (/datum/map_template/shuttle/infiltrator/basic))
 - Shuttle (/datum/controller/subsystem/shuttle): action load(basic syndicate infiltrator (/datum/map_template/shuttle/infiltrator/basic), the syndicate recon outpost (/obj/docking_port/stationary))
 - the syndicate recon outpost (/obj/docking_port/stationary): load roundstart()
 - Shuttle (/datum/controller/subsystem/shuttle): initial load()
 - Shuttle (/datum/controller/subsystem/shuttle): Initialize(524454)
 - Master (/datum/controller/master): Initialize(10, 0, 1)
 - 
[2021-05-25 14:34:08.132] ## WARNING: No /obj/docking_port/mobile/arrivals placed on the map! in code/controllers/subsystem/shuttle.dm at line 80 src: Shuttle usr: .
[2021-05-25 14:34:10.306] runtime error: Division by zero
 - proc name: create gas (/obj/machinery/portable_atmospherics/canister/proc/create_gas)
 -   source file: canister.dm,220
 -   usr: null
 -   src: the o2 canister (/obj/machinery/portable_atmospherics/canister/oxygen)
 -   src.loc: the metal floor (33,229,4) (/turf/open/floor/plating/tunnel)
 -   call stack:
 - the o2 canister (/obj/machinery/portable_atmospherics/canister/oxygen): create gas()
 - the o2 canister (/obj/machinery/portable_atmospherics/canister/oxygen): New(the metal floor (33,229,4) (/turf/open/floor/plating/tunnel), null)
 - /datum/parsed_map (/datum/parsed_map): create atom(/obj/machinery/portable_atmosp... (/obj/machinery/portable_atmospherics/canister/oxygen), the metal floor (33,229,4) (/turf/open/floor/plating/tunnel))
 - /datum/parsed_map (/datum/parsed_map): instance atom(/obj/machinery/portable_atmosp... (/obj/machinery/portable_atmospherics/canister/oxygen), /list (/list), the metal floor (33,229,4) (/turf/open/floor/plating/tunnel), 0, 1, 0, 0, 0, 0)
 - /datum/parsed_map (/datum/parsed_map): build coordinate(/list (/list), /list (/list), the metal floor (33,229,4) (/turf/open/floor/plating/tunnel), 0, 1, 0, 0, 0, 0, 0)
 - /datum/parsed_map (/datum/parsed_map):  load impl(7, 220, 4, 1, 0, -1e+31, 1e+31, -1e+31, 1e+31, 1, 2, 0, null)
 - /datum/parsed_map (/datum/parsed_map): load(7, 220, 4, 1, 0, null, null, null, null, 1, 2, 0, null)
 - North Bunker 2 (/datum/map_template/fallout/dungeons/northbunker2): load(the dense rock (7,220,4) (/turf/closed/indestructible/rock), 0, 2, 0, 0, 0)
 - Mapping (/datum/controller/subsystem/mapping): load marks()
 - Minor Mapping (/datum/controller/subsystem/minor_mapping): Initialize(524481)
 - Master (/datum/controller/master): Initialize(10, 0, 1)
 - 
[2021-05-25 14:34:12.136] runtime error: Division by zero
 - proc name: create gas (/obj/machinery/portable_atmospherics/canister/air/create_gas)
 -   source file: canister.dm,224
 -   usr: null
 -   src: the air canister (/obj/machinery/portable_atmospherics/canister/air)
 -   src.loc: the floor (246,234,4) (/turf/open/floor/plasteel/barber)
 -   call stack:
 - the air canister (/obj/machinery/portable_atmospherics/canister/air): create gas()
 - the air canister (/obj/machinery/portable_atmospherics/canister/air): New(the floor (246,234,4) (/turf/open/floor/plasteel/barber), null)
 - /datum/parsed_map (/datum/parsed_map): create atom(/obj/machinery/portable_atmosp... (/obj/machinery/portable_atmospherics/canister/air), the floor (246,234,4) (/turf/open/floor/plasteel/barber))
 - /datum/parsed_map (/datum/parsed_map): instance atom(/obj/machinery/portable_atmosp... (/obj/machinery/portable_atmospherics/canister/air), /list (/list), the floor (246,234,4) (/turf/open/floor/plasteel/barber), 0, 1, 0, 0, 0, 0)
 - /datum/parsed_map (/datum/parsed_map): build coordinate(/list (/list), /list (/list), the floor (246,234,4) (/turf/open/floor/plasteel/barber), 0, 1, 0, 0, 0, 0, 0)
 - /datum/parsed_map (/datum/parsed_map):  load impl(212, 215, 4, 1, 0, -1e+31, 1e+31, -1e+31, 1e+31, 1, 2, 0, null)
 - /datum/parsed_map (/datum/parsed_map): load(212, 215, 4, 1, 0, null, null, null, null, 1, 2, 0, null)
 - Oasis Bunker 2 (/datum/map_template/fallout/dungeons/oasisbunker2): load(the dense rock (212,215,4) (/turf/closed/indestructible/rock), 0, 2, 0, 0, 0)
 - Mapping (/datum/controller/subsystem/mapping): load marks()
 - Minor Mapping (/datum/controller/subsystem/minor_mapping): Initialize(524481)
 - Master (/datum/controller/master): Initialize(10, 0, 1)
 - 
[2021-05-25 14:34:13.671] Loaded 0 engraved messages on map Yuma
[2021-05-25 14:34:13.676] Initializations complete within 79.7 seconds!
[2021-05-25 14:35:03.414] runtime error: Auxtools not found! Callback subsystem shutting itself off.
 - proc name: process callbacks (/proc/process_callbacks)
 -   source file: callback.dm,10
 -   usr: (src)
 -   src: null
 -   call stack:
 - process callbacks(null, 38.865)
 - Auxtools Callbacks (/datum/controller/subsystem/callbacks): fire(0)
 - Auxtools Callbacks (/datum/controller/subsystem/callbacks): ignite(0)
 - Master (/datum/controller/master): RunQueue()
 - Master (/datum/controller/master): Loop()
 - Master (/datum/controller/master): StartProcessing(0)
 - 
[2021-05-25 14:35:04.084] Ban database connection failure. Key kosolov325 not checked
[2021-05-25 14:36:22.900] Ban database connection failure. Key kosolov325 not checked
[2021-05-25 14:36:22.900] Ban database connection failure. Key kosolov325 not checked
[2021-05-25 14:36:22.901] Ban database connection failure. Key kosolov325 not checked
[2021-05-25 14:36:22.901] Ban database connection failure. Key kosolov325 not checked
[2021-05-25 14:37:28.552] Game start took 0s
[2021-05-25 14:37:28.866] runtime error: Undefined operation: 0 / null
 - proc name: process (/obj/machinery/airalarm/process)
 -   source file: airalarm.dm,703
 -   usr: null
 -   src: the tcom Air Alarm (/obj/machinery/airalarm)
 -   src.loc: the floor (251,4,3) (/turf/open/floor/plasteel)
 -   call stack:
 - the tcom Air Alarm (/obj/machinery/airalarm): process(2)
 - Machines (/datum/controller/subsystem/machines): fire(0)
 - Machines (/datum/controller/subsystem/machines): ignite(0)
 - Master (/datum/controller/master): RunQueue()
 - Master (/datum/controller/master): Loop()
 - Master (/datum/controller/master): StartProcessing(0)
 - 
[2021-05-25 14:37:29.112] runtime error: Undefined operation: 0 / null
 - proc name: process (/obj/machinery/airalarm/process)
 -   source file: airalarm.dm,703
 -   usr: null
 -   src: the mountain Air Alarm (/obj/machinery/airalarm)
 -   src.loc: the floor (194,141,1) (/turf/open/floor/plasteel)
 -   call stack:
 - the mountain Air Alarm (/obj/machinery/airalarm): process(2)
 - Machines (/datum/controller/subsystem/machines): fire(1)
 - Machines (/datum/controller/subsystem/machines): ignite(1)
 - Master (/datum/controller/master): RunQueue()
 - Master (/datum/controller/master): Loop()
 - Master (/datum/controller/master): StartProcessing(0)
 - 
[2021-05-25 14:37:29.113] runtime error: Undefined operation: 0 / null
 - proc name: process (/obj/machinery/airalarm/process)
 -   source file: airalarm.dm,703
 -   usr: null
 -   src: the mountain Air Alarm (/obj/machinery/airalarm)
 -   src.loc: the floor (194,135,1) (/turf/open/floor/plasteel/brown)
 -   call stack:
 - the mountain Air Alarm (/obj/machinery/airalarm): process(2)
 - Machines (/datum/controller/subsystem/machines): fire(1)
 - Machines (/datum/controller/subsystem/machines): ignite(1)
 - Master (/datum/controller/master): RunQueue()
 - Master (/datum/controller/master): Loop()
 - Master (/datum/controller/master): StartProcessing(0)
 - 
[2021-05-25 14:37:29.114] runtime error: Undefined operation: 0 / null
 - proc name: process (/obj/machinery/airalarm/process)
 -   source file: airalarm.dm,703
 -   usr: null
 -   src: the mountain Air Alarm (/obj/machinery/airalarm)
 -   src.loc: the floor (190,135,1) (/turf/open/floor/plasteel/vault)
 -   call stack:
 - the mountain Air Alarm (/obj/machinery/airalarm): process(2)
 - Machines (/datum/controller/subsystem/machines): fire(1)
 - Machines (/datum/controller/subsystem/machines): ignite(1)
 - Master (/datum/controller/master): RunQueue()
 - Master (/datum/controller/master): Loop()
 - Master (/datum/controller/master): StartProcessing(0)
 - 
[2021-05-25 14:37:29.115] runtime error: Undefined operation: 0 / null
 - proc name: process (/obj/machinery/airalarm/process)
 -   source file: airalarm.dm,703
 -   usr: null
 -   src: CentCom Recovery Ship Air Alar... (/obj/machinery/airalarm)
 -   src.loc: the floor (100,120,1) (/turf/open/floor/plasteel)
 -   call stack:
 - CentCom Recovery Ship Air Alar... (/obj/machinery/airalarm): process(2)
 - Machines (/datum/controller/subsystem/machines): fire(1)
 - Machines (/datum/controller/subsystem/machines): ignite(1)
 - Master (/datum/controller/master): RunQueue()
 - Master (/datum/controller/master): Loop()
 - Master (/datum/controller/master): StartProcessing(0)
 - 
[2021-05-25 14:37:29.118] runtime error: Undefined operation: 0 / null
 - proc name: process (/obj/machinery/airalarm/process)
 -   source file: airalarm.dm,703
 -   usr: null
 -   src: CentCom Recovery Ship Air Alar... (/obj/machinery/airalarm)
 -   src.loc: the floor (134,89,1) (/turf/open/floor/plasteel/vault)
 -   call stack:
 - CentCom Recovery Ship Air Alar... (/obj/machinery/airalarm): process(2)
 - Machines (/datum/controller/subsystem/machines): fire(1)
 - Machines (/datum/controller/subsystem/machines): ignite(1)
 - Master (/datum/controller/master): RunQueue()
 - Master (/datum/controller/master): Loop()
 - Master (/datum/controller/master): StartProcessing(0)
 - 
[2021-05-25 14:37:29.119] runtime error: Undefined operation: 0 / null
 - proc name: process (/obj/machinery/airalarm/process)
 -   source file: airalarm.dm,703
 -   usr: null
 -   src: CentCom Recovery Ship Air Alar... (/obj/machinery/airalarm)
 -   src.loc: the floor (122,88,1) (/turf/open/floor/plasteel/vault)
 -   call stack:
 - CentCom Recovery Ship Air Alar... (/obj/machinery/airalarm): process(2)
 - Machines (/datum/controller/subsystem/machines): fire(1)
 - Machines (/datum/controller/subsystem/machines): ignite(1)
 - Master (/datum/controller/master): RunQueue()
 - Master (/datum/controller/master): Loop()
 - Master (/datum/controller/master): StartProcessing(0)
 - 
[2021-05-25 14:37:29.119] runtime error: Undefined operation: 0 / null
 - proc name: process (/obj/machinery/airalarm/process)
 -   source file: airalarm.dm,703
 -   usr: null
 -   src: Thunderdome (Observer.) Air Al... (/obj/machinery/airalarm)
 -   src.loc: the floor (99,88,1) (/turf/open/floor/plasteel/vault)
 -   call stack:
 - Thunderdome (Observer.) Air Al... (/obj/machinery/airalarm): process(2)
 - Machines (/datum/controller/subsystem/machines): fire(1)
 - Machines (/datum/controller/subsystem/machines): ignite(1)
 - Master (/datum/controller/master): RunQueue()
 - Master (/datum/controller/master): Loop()
 - Master (/datum/controller/master): StartProcessing(0)
 - 
[2021-05-25 14:37:29.120] runtime error: Undefined operation: 0 / null
 - proc name: process (/obj/machinery/airalarm/process)
 -   source file: airalarm.dm,703
 -   usr: null
 -   src: CentCom Recovery Ship Air Alar... (/obj/machinery/airalarm)
 -   src.loc: the floor (62,86,1) (/turf/open/floor/plasteel/vault)
 -   call stack:
 - CentCom Recovery Ship Air Alar... (/obj/machinery/airalarm): process(2)
 - Machines (/datum/controller/subsystem/machines): fire(1)
 - Machines (/datum/controller/subsystem/machines): ignite(1)
 - Master (/datum/controller/master): RunQueue()
 - Master (/datum/controller/master): Loop()
 - Master (/datum/controller/master): StartProcessing(0)
 - 
[2021-05-25 14:37:29.121] runtime error: Undefined operation: 0 / null
 - proc name: process (/obj/machinery/airalarm/process)
 -   source file: airalarm.dm,703
 -   usr: null
 -   src: CentCom Recovery Ship Air Alar... (/obj/machinery/airalarm)
 -   src.loc: the floor (137,84,1) (/turf/open/floor/plasteel)
 -   call stack:
 - CentCom Recovery Ship Air Alar... (/obj/machinery/airalarm): process(2)
 - Machines (/datum/controller/subsystem/machines): fire(1)
 - Machines (/datum/controller/subsystem/machines): ignite(1)
 - Master (/datum/controller/master): RunQueue()
 - Master (/datum/controller/master): Loop()
 - Master (/datum/controller/master): StartProcessing(0)
 - 
[2021-05-25 14:37:29.122] runtime error: Undefined operation: 0 / null
 - proc name: process (/obj/machinery/airalarm/process)
 -   source file: airalarm.dm,703
 -   usr: null
 -   src: CentCom Recovery Ship Air Alar... (/obj/machinery/airalarm)
 -   src.loc: the floor (80,81,1) (/turf/open/floor/plasteel/dark)
 -   call stack:
 - CentCom Recovery Ship Air Alar... (/obj/machinery/airalarm): process(2)
 - Machines (/datum/controller/subsystem/machines): fire(1)
 - Machines (/datum/controller/subsystem/machines): ignite(1)
 - Master (/datum/controller/master): RunQueue()
 - Master (/datum/controller/master): Loop()
 - Master (/datum/controller/master): StartProcessing(0)
 - 
[2021-05-25 14:37:29.123] runtime error: Undefined operation: 0 / null
 - proc name: process (/obj/machinery/airalarm/process)
 -   source file: airalarm.dm,703
 -   usr: null
 -   src: CentCom Recovery Ship Air Alar... (/obj/machinery/airalarm)
 -   src.loc: the floor (123,77,1) (/turf/open/floor/plasteel/vault)
 -   call stack:
 - CentCom Recovery Ship Air Alar... (/obj/machinery/airalarm): process(2)
 - Machines (/datum/controller/subsystem/machines): fire(1)
 - Machines (/datum/controller/subsystem/machines): ignite(1)
 - Master (/datum/controller/master): RunQueue()
 - Master (/datum/controller/master): Loop()
 - Master (/datum/controller/master): StartProcessing(0)
 - 
[2021-05-25 14:37:29.124] runtime error: Undefined operation: 0 / null
 - proc name: process (/obj/machinery/airalarm/process)
 -   source file: airalarm.dm,703
 -   usr: null
 -   src: CentCom Recovery Ship Air Alar... (/obj/machinery/airalarm)
 -   src.loc: the floor (74,75,1) (/turf/open/floor/plasteel/vault)
 -   call stack:
 - CentCom Recovery Ship Air Alar... (/obj/machinery/airalarm): process(2)
 - Machines (/datum/controller/subsystem/machines): fire(1)
 - Machines (/datum/controller/subsystem/machines): ignite(1)
 - Master (/datum/controller/master): RunQueue()
 - Master (/datum/controller/master): Loop()
 - Master (/datum/controller/master): StartProcessing(0)
 - 
[2021-05-25 14:37:29.125] runtime error: Undefined operation: 0 / null
 - proc name: process (/obj/machinery/airalarm/process)
 -   source file: airalarm.dm,703
 -   usr: null
 -   src: CentCom Recovery Ship Air Alar... (/obj/machinery/airalarm)
 -   src.loc: the floor (112,67,1) (/turf/open/floor/plasteel/cmo)
 -   call stack:
 - CentCom Recovery Ship Air Alar... (/obj/machinery/airalarm): process(2)
 - Machines (/datum/controller/subsystem/machines): fire(1)
 - Machines (/datum/controller/subsystem/machines): ignite(1)
 - Master (/datum/controller/master): RunQueue()
 - Master (/datum/controller/master): Loop()
 - Master (/datum/controller/master): StartProcessing(0)
 - 
[2021-05-25 14:37:30.859] runtime error: Undefined operation: 0 / null
 - proc name: process (/obj/machinery/airalarm/process)
 -   source file: airalarm.dm,703
 -   usr: null
 -   src: the tcom Air Alarm (/obj/machinery/airalarm)
 -   src.loc: the floor (251,4,3) (/turf/open/floor/plasteel)
 -   call stack:
 - the tcom Air Alarm (/obj/machinery/airalarm): process(2)
 - Machines (/datum/controller/subsystem/machines): fire(0)
 - Machines (/datum/controller/subsystem/machines): ignite(0)
 - Master (/datum/controller/master): RunQueue()
 - Master (/datum/controller/master): Loop()
 - Master (/datum/controller/master): StartProcessing(0)
 - 
[2021-05-25 14:37:30.868] runtime error: Undefined operation: 0 / null
 - proc name: process (/obj/machinery/airalarm/process)
 -   source file: airalarm.dm,703
 - 
[2021-05-25 14:37:30.868] runtime error: Undefined operation: 0 / null
 - proc name: process (/obj/machinery/airalarm/process)
 -   source file: airalarm.dm,703
 - 
[2021-05-25 14:37:30.869] runtime error: Undefined operation: 0 / null
 - proc name: process (/obj/machinery/airalarm/process)
 -   source file: airalarm.dm,703
 - 
[2021-05-25 14:37:30.869] runtime error: Undefined operation: 0 / null
 - proc name: process (/obj/machinery/airalarm/process)
 -   source file: airalarm.dm,703
 - 
[2021-05-25 14:37:30.869] runtime error: Undefined operation: 0 / null
 - proc name: process (/obj/machinery/airalarm/process)
 -   source file: airalarm.dm,703
 - 
[2021-05-25 14:37:30.870] runtime error: Undefined operation: 0 / null
 - proc name: process (/obj/machinery/airalarm/process)
 -   source file: airalarm.dm,703
 - 
[2021-05-25 14:37:30.870] runtime error: Undefined operation: 0 / null
 - proc name: process (/obj/machinery/airalarm/process)
 -   source file: airalarm.dm,703
 - 
[2021-05-25 14:37:30.870] runtime error: Undefined operation: 0 / null
 - proc name: process (/obj/machinery/airalarm/process)
 -   source file: airalarm.dm,703
 - 
[2021-05-25 14:37:30.870] runtime error: Undefined operation: 0 / null
 - proc name: process (/obj/machinery/airalarm/process)
 -   source file: airalarm.dm,703
 - 
[2021-05-25 14:37:30.871] runtime error: Undefined operation: 0 / null
 - proc name: process (/obj/machinery/airalarm/process)
 -   source file: airalarm.dm,703
 - 
[2021-05-25 14:37:30.871] runtime error: Undefined operation: 0 / null
 - proc name: process (/obj/machinery/airalarm/process)
 -   source file: airalarm.dm,703
 - 
[2021-05-25 14:37:30.871] runtime error: Undefined operation: 0 / null
 - proc name: process (/obj/machinery/airalarm/process)
 -   source file: airalarm.dm,703
 - 
[2021-05-25 14:37:30.872] runtime error: Undefined operation: 0 / null
 - proc name: process (/obj/machinery/airalarm/process)
 -   source file: airalarm.dm,703
 - 
[2021-05-25 14:37:32.872] runtime error: Undefined operation: 0 / null
 - proc name: process (/obj/machinery/airalarm/process)
 -   source file: airalarm.dm,703
 - 
[2021-05-25 14:37:33.082] runtime error: Undefined operation: 0 / null
 - proc name: process (/obj/machinery/airalarm/process)
 -   source file: airalarm.dm,703
 - 
[2021-05-25 14:37:33.082] runtime error: Undefined operation: 0 / null
 - proc name: process (/obj/machinery/airalarm/process)
 -   source file: airalarm.dm,703
 - 
[2021-05-25 14:37:33.083] runtime error: Undefined operation: 0 / null
 - proc name: process (/obj/machinery/airalarm/process)
 -   source file: airalarm.dm,703
 - 
[2021-05-25 14:37:33.083] runtime error: Undefined operation: 0 / null
 - proc name: process (/obj/machinery/airalarm/process)
 -   source file: airalarm.dm,703
 - 
[2021-05-25 14:37:33.083] runtime error: Undefined operation: 0 / null
 - proc name: process (/obj/machinery/airalarm/process)
 -   source file: airalarm.dm,703
 - 
[2021-05-25 14:37:33.084] runtime error: Undefined operation: 0 / null
 - proc name: process (/obj/machinery/airalarm/process)
 -   source file: airalarm.dm,703
 - 
[2021-05-25 14:37:33.084] runtime error: Undefined operation: 0 / null
 - proc name: process (/obj/machinery/airalarm/process)
 -   source file: airalarm.dm,703
 - 
[2021-05-25 14:37:33.084] runtime error: Undefined operation: 0 / null
 - proc name: process (/obj/machinery/airalarm/process)
 -   source file: airalarm.dm,703
 - 
[2021-05-25 14:37:33.084] runtime error: Undefined operation: 0 / null
 - proc name: process (/obj/machinery/airalarm/process)
 -   source file: airalarm.dm,703
 - 
[2021-05-25 14:37:33.084] runtime error: Undefined operation: 0 / null
 - proc name: process (/obj/machinery/airalarm/process)
 -   source file: airalarm.dm,703
 - 
[2021-05-25 14:37:33.085] runtime error: Undefined operation: 0 / null
 - proc name: process (/obj/machinery/airalarm/process)
 -   source file: airalarm.dm,703
 - 
[2021-05-25 14:37:33.085] runtime error: Undefined operation: 0 / null
 - proc name: process (/obj/machinery/airalarm/process)
 -   source file: airalarm.dm,703
 - 
[2021-05-25 14:37:33.085] runtime error: Undefined operation: 0 / null
 - proc name: process (/obj/machinery/airalarm/process)
 -   source file: airalarm.dm,703
 - 
[2021-05-25 14:37:34.894] runtime error: Undefined operation: 0 / null
 - proc name: process (/obj/machinery/airalarm/process)
 -   source file: airalarm.dm,703
 - 
[2021-05-25 14:37:35.151] runtime error: Undefined operation: 0 / null
 - proc name: process (/obj/machinery/airalarm/process)
 -   source file: airalarm.dm,703
 - 
[2021-05-25 14:37:35.151] runtime error: Undefined operation: 0 / null
 - proc name: process (/obj/machinery/airalarm/process)
 -   source file: airalarm.dm,703
 - 
[2021-05-25 14:37:35.151] runtime error: Undefined operation: 0 / null
 - proc name: process (/obj/machinery/airalarm/process)
 -   source file: airalarm.dm,703
 - 
[2021-05-25 14:37:35.152] runtime error: Undefined operation: 0 / null
 - proc name: process (/obj/machinery/airalarm/process)
 -   source file: airalarm.dm,703
 - 
[2021-05-25 14:37:35.152] runtime error: Undefined operation: 0 / null
 - proc name: process (/obj/machinery/airalarm/process)
 -   source file: airalarm.dm,703
 - 
[2021-05-25 14:37:35.153] runtime error: Undefined operation: 0 / null
 - proc name: process (/obj/machinery/airalarm/process)
 -   source file: airalarm.dm,703
 - 
[2021-05-25 14:37:35.153] runtime error: Undefined operation: 0 / null
 - proc name: process (/obj/machinery/airalarm/process)
 -   source file: airalarm.dm,703
 - 
[2021-05-25 14:37:35.153] runtime error: Undefined operation: 0 / null
 - proc name: process (/obj/machinery/airalarm/process)
 -   source file: airalarm.dm,703
 - 
