[2021-05-16 13:07:20.533] TGS Info: Activating API for version 3.2.6.2
[2021-05-16 13:07:20.551] runtime error: list index out of bounds
 - proc name: OnWorldNew (/datum/tgs_api/v3210/OnWorldNew)
 -   source file: api.dm,69
 -   usr: null
 -   src: /datum/tgs_api/v3210 (/datum/tgs_api/v3210)
 -   call stack:
 - /datum/tgs_api/v3210 (/datum/tgs_api/v3210): OnWorldNew(0)
 - world: TgsNew(/datum/tgs_event_handler/impl (/datum/tgs_event_handler/impl), 0)
 - world: InitTgs()
 - world: New()
 - 
[2021-05-16 13:07:20.552] TGS Error: Failed to activate API!
[2021-05-16 13:07:20.554] Running /tg/ revision: 
 - No commit information
[2021-05-16 13:07:20.570] Loading config file config.txt...
[2021-05-16 13:07:20.593] Loading config file game_options.txt...
[2021-05-16 13:07:20.623] Loading config file dbconfig.txt...
[2021-05-16 13:07:20.649] Loading config file comms.txt...
[2021-05-16 13:07:20.659] Loading config file antag_rep.txt...
[2021-05-16 13:07:20.669] Loading config file resources.txt...
[2021-05-16 13:07:20.685] Loading config file donator_groupings.txt...
[2021-05-16 13:07:20.694] Loading config file dynamic_config.txt...
[2021-05-16 13:07:20.717] Loading config file plushies/defines.txt...
[2021-05-16 13:07:20.726] Loading config file job_threats.txt...
[2021-05-16 13:07:20.734] Loading config file policy.txt...
[2021-05-16 13:07:20.748] Loading config file maps.txt...
[2021-05-16 13:07:20.857] Database connection established.
[2021-05-16 13:07:20.860] SQL: Could not get schema version from database
