[2021-05-16 13:07:20.870] Starting up round ID 9.
 - -------------------------
[2021-05-16 13:12:39.540] Bibiex \ Bianca Morgan \ Wastelander \ NONE \ LATEJOIN
[2021-05-16 13:13:11.642] Dantesousa \ Dante Sousa \ Enclave Lieutenant \ NONE \ LATEJOIN
[2021-05-16 13:22:56.941] N0fun \ Makenna Coldsmith \ Head Paladin \ NONE \ LATEJOIN
[2021-05-16 13:33:27.193] 2006F \ Alisya Durstine \ NCR Ranger \ NONE \ LATEJOIN
[2021-05-16 13:40:52.723] 2006f \ Adrian Reichard \ Legion Centurion \ NONE \ LATEJOIN
[2021-05-16 13:42:52.423] Matheusgp9999 \ Nykix Nywt \ Outlaw \ NONE \ LATEJOIN
[2021-05-16 13:50:21.033] Kaduh \ Tomas Miller \ Wastelander \ NONE \ LATEJOIN
[2021-05-16 13:58:07.778] Italos \ Josef Polson \ Enclave Sergant \ NONE \ LATEJOIN
[2021-05-16 14:36:07.190] Corvopimpolho \ Jerome Nabiev \ Wastelander \ NONE \ LATEJOIN
[2021-05-16 14:38:15.957] Nickenzo12345 \ Mallory Seidner \ Wastelander \ NONE \ LATEJOIN
[2021-05-16 14:41:26.797] nickenzo12345 \ Candice Hoenshell \ Wastelander \ NONE \ LATEJOIN
[2021-05-16 14:44:10.869] corvopimpolho \ Phillip Brinigh \ Outlaw \ NONE \ LATEJOIN
[2021-05-16 15:01:31.250] GabrielDoomBR \ Baam Frest \ Wastelander \ NONE \ LATEJOIN
[2021-05-16 15:02:09.734] nickenzo12345 \ Aubrey Hujsak \ Sheriff \ NONE \ LATEJOIN
[2021-05-16 15:15:36.793] Zero9e1 \ Jack \ Villager \ NONE \ LATEJOIN
[2021-05-16 15:17:09.014] gabrieldoombr \ Ricky Woolery \ Wastelander \ NONE \ LATEJOIN
[2021-05-16 15:19:38.541] Kaduh \ Tomas Miller \ Outlaw \ NONE \ LATEJOIN
[2021-05-16 15:27:57.346] Shirozinha \ Tio Osso \ Head Hunter \ NONE \ LATEJOIN
[2021-05-16 15:28:48.280] kaduh \ Tomas Miller \ NCR Combat Engineer \ NONE \ LATEJOIN
[2021-05-16 15:30:13.636] Luiz20 \ LUIZ BORGOS TERCEIRO \ Head Knight \ NONE \ LATEJOIN
[2021-05-16 15:31:33.602] alexalbright \ Alex Albright \ Hunter \ NONE \ LATEJOIN
[2021-05-16 15:36:27.083] Mr.Universo \ Lucas Chikui \ Wastelander \ NONE \ LATEJOIN
[2021-05-16 15:42:36.038] zero9e1 \ Zack \ Druid \ NONE \ LATEJOIN
[2021-05-16 15:43:34.040] nickenzo12345 \ Emely Holmes \ Head Scribe \ NONE \ LATEJOIN
