/mob/living/carbon/human => 853ms (9653) (avg:0.088366307318210602)
/turf/closed/mineral/random/low_chance => 365ms (52070) (avg:0.007009794469922781)
/obj/machinery/light/fo13colored/Red => 304ms (8740) (avg:0.034782607108354568)
/obj/machinery/power/smes/magical => 179ms (4498) (avg:0.039795465767383575)
/obj/screen/healthdoll => 177ms (5827) (avg:0.030375836417078972)
/turf/open/space/basic => 117ms (39910) (avg:0.0029315960127860308)
/obj/machinery/light/fo13colored/Aqua => 95ms (2569) (avg:0.036979369819164276)
/obj/machinery/hydroponics/soil => 91ms (5918) (avg:0.015376816503703594)
/obj/machinery/light/fo13colored/Pink => 68ms (1552) (avg:0.043814431875944138)
/obj/screen/inventory => 58ms (1425) (avg:0.04070175439119339)
/obj/effect/decal/cleanable/blood/footprints => 58ms (1410) (avg:0.041134752333164215)
/turf/closed/mineral/random/high_chance => 53ms (6469) (avg:0.0081929201260209084)
/obj/machinery/door/airlock/abandoned => 53ms (241) (avg:0.21991701424121857)
/obj/structure/window/reinforced/fulltile => 51ms (4145) (avg:0.012303980998694897)
/obj/machinery/hydroponics/constructable => 49ms (1398) (avg:0.035050071775913239)
/obj/effect/decal/cleanable/dirt => 48ms (4254) (avg:0.011283498257398605)
/obj/machinery/light/lampost => 48ms (1253) (avg:0.03830806165933609)
/obj/machinery/door/airlock/grunge => 38ms (293) (avg:0.12969283759593964)
/mob/living/carbon/human/dummy => 36ms (894) (avg:0.040268454700708389)
/obj/screen/movable/action_button => 34ms (767) (avg:0.044328551739454269)
/obj/machinery/door/airlock/hatch => 32ms (264) (avg:0.12121212482452393)
/turf/closed/mineral/iron => 27ms (3269) (avg:0.0082594063133001328)
/obj/screen/inventory/hand => 27ms (2175) (avg:0.012413793243467808)
/turf/closed/indestructible/riveted => 24ms (2661) (avg:0.0090191652998328209)
/turf/closed/wall/r_wall/rust => 21ms (2091) (avg:0.010043041780591011)
/obj/item/weldingtool => 20ms (360) (avg:0.0555555559694767)
/turf/closed/wall/rust => 19ms (2485) (avg:0.0076458752155303955)
/obj/screen/parallax_layer/layer_1 => 19ms (80) (avg:0.23749999701976776)
/obj/screen/parallax_layer/layer_2 => 15ms (80) (avg:0.1875)
/turf/closed/wall/r_wall => 14ms (875) (avg:0.016000000759959221)
/obj/machinery/door/airlock => 12ms (137) (avg:0.08759123831987381)
/turf/closed/wall/f13/store => 11ms (1216) (avg:0.0090460525825619698)
/turf/closed/mineral/lead => 11ms (1123) (avg:0.0097951916977763176)
/turf/closed/mineral/silver => 11ms (731) (avg:0.01504787988960743)
/obj/machinery/light => 10ms (877) (avg:0.011402508243918419)
/turf/closed/wall/f13/ruins => 9ms (1115) (avg:0.0080717485398054123)
/obj/structure/table/wood => 9ms (755) (avg:0.011920529417693615)
/obj/machinery/door/airlock/public/glass => 9ms (62) (avg:0.14516128599643707)
/turf/closed/wall/r_wall/f13vault => 8ms (1361) (avg:0.00587803078815341)
/turf/closed/mineral/plasma => 8ms (1229) (avg:0.0065093571320176125)
/turf/closed/wall/f13/supermart => 8ms (872) (avg:0.0091743115335702896)
/obj/structure/table/reinforced => 8ms (742) (avg:0.010781670920550823)
/obj/screen/sprintbutton => 8ms (335) (avg:0.023880597203969955)
/obj/machinery/door/airlock/security/glass => 8ms (65) (avg:0.12307692319154739)
/obj/machinery/door/airlock/glass_large => 8ms (49) (avg:0.16326530277729034)
/obj/item/storage/belt/utility => 7ms (45) (avg:0.15555556118488312)
/obj/effect/decal/cleanable/blood/gibs => 6ms (308) (avg:0.019480518996715546)
/obj/structure/barricade/sandbags => 6ms (204) (avg:0.029411764815449715)
/obj/structure/closet/cabinet => 6ms (176) (avg:0.034090910106897354)
/obj/machinery/door/airlock/medical => 6ms (63) (avg:0.095238097012042999)
/turf/open/space/transit => 5ms (1621) (avg:0.0030845156870782375)
/turf/closed/mineral/titanium => 5ms (591) (avg:0.0084602367132902145)
/turf/open/floor/carpet/black => 5ms (448) (avg:0.01116071455180645)
/obj/structure/table => 4ms (605) (avg:0.0066115702502429485)
/turf/closed/mineral/uranium => 4ms (424) (avg:0.0094339624047279358)
/obj/item/reagent_containers/hypospray/medipen/stimpak => 4ms (195) (avg:0.020512821152806282)
/obj/item/weldingtool/largetank => 4ms (43) (avg:0.093023255467414856)
/obj/screen/parallax_layer/layer_3 => 4ms (35) (avg:0.11428571492433548)
/turf/closed/mineral/gold => 3ms (585) (avg:0.0051282052882015705)
/turf/closed/mineral/diamond => 3ms (260) (avg:0.011538461782038212)
/obj/structure/table/wood/settler => 3ms (260) (avg:0.011538461782038212)
/turf/closed/mineral/bscrystal => 3ms (168) (avg:0.01785714365541935)
/obj/effect/decal/cleanable/dirt/dust => 3ms (104) (avg:0.028846153989434242)
/obj/screen/movable/action_button/hide_toggle => 3ms (75) (avg:0.039999999105930328)
/obj/machinery/door/airlock/command => 3ms (53) (avg:0.056603774428367615)
/obj/structure/falsewall/rust => 3ms (41) (avg:0.073170728981494904)
/obj/machinery/public_nanite_chamber => 3ms (25) (avg:0.11999999731779099)
/turf/closed/indestructible/riveted/boss => 2ms (266) (avg:0.0075187971815466881)
/turf/open/floor/carpet => 2ms (259) (avg:0.0077220075763761997)
/obj/structure/closet => 2ms (208) (avg:0.0096153849735856056)
/turf/closed/indestructible => 2ms (168) (avg:0.011904762126505375)
/obj/item/reagent_containers/blood/random => 2ms (144) (avg:0.013888888992369175)
/turf/open/floor/holofloor/carpet => 2ms (87) (avg:0.022988505661487579)
/obj/item/gun/ballistic/automatic/pistol/beretta/automatic => 2ms (81) (avg:0.024691358208656311)
/turf/closed/mineral/random => 2ms (75) (avg:0.026666667312383652)
/obj/item/pda => 2ms (66) (avg:0.030303031206130981)
/obj/item/gun/energy/laser/plasma/carbine => 2ms (51) (avg:0.039215687662363052)
/obj/item/gun/ballistic/automatic/smg22 => 2ms (48) (avg:0.041666667908430099)
/obj/structure/window/plastitanium => 2ms (30) (avg:0.066666670143604279)
/obj/item/stack/ore/iron => 2ms (28) (avg:0.071428574621677399)
/obj/machinery/door/airlock/wood => 2ms (26) (avg:0.076923079788684845)
/turf/closed/wall/f13/wood/house => 2ms (15) (avg:0.13333334028720856)
/obj/machinery/door/airlock/freezer => 2ms (11) (avg:0.18181818723678589)
/obj/item/stack/ore/silver => 2ms (9) (avg:0.2222222238779068)
/obj/item/stack/ore/blackpowder/fifty => 2ms (3) (avg:0.66666668653488159)
/obj/machinery/light/small => 1ms (537) (avg:0.0018621974159032106)
/turf/open/floor/plasteel/dark => 1ms (243) (avg:0.0041152262128889561)
/turf/closed/indestructible/f13vaultrusted => 1ms (192) (avg:0.0052083334885537624)
/turf/open/space => 1ms (172) (avg:0.0058139534667134285)
/turf/closed/wall/mineral/titanium => 1ms (164) (avg:0.0060975607484579086)
/turf/closed/wall/r_wall/f13superstore => 1ms (150) (avg:0.0066666668280959129)
/turf/closed/indestructible/riveted/uranium => 1ms (131) (avg:0.0076335878111422062)
/obj/structure/lattice/catwalk => 1ms (130) (avg:0.0076923076994717121)
/obj/structure/closet/crate/bin => 1ms (128) (avg:0.0078125)
/obj/machinery/computer/terminal => 1ms (105) (avg:0.0095238098874688148)
/obj/item/wirecutters => 1ms (72) (avg:0.013888888992369175)
/turf/open/floor/f13 => 1ms (69) (avg:0.014492753893136978)
/obj/screen/radial/slice => 1ms (66) (avg:0.015151515603065491)
/obj/machinery/light/floor => 1ms (62) (avg:0.016129031777381897)
/obj/item/clothing/shoes/jackboots => 1ms (47) (avg:0.021276595070958138)
/obj/item/gun/ballistic/automatic/pistol/pistol22 => 1ms (38) (avg:0.026315789669752121)
/obj/item/reagent_containers/syringe/charcoal => 1ms (35) (avg:0.02857142873108387)
/obj/structure/table/wood/fancy => 1ms (35) (avg:0.02857142873108387)
/obj/item/clothing/shoes/combat => 1ms (35) (avg:0.02857142873108387)
/obj/machinery/cell_charger => 1ms (33) (avg:0.030303031206130981)
/obj/item/reagent_containers/glass/beaker => 1ms (32) (avg:0.03125)
/obj/item/clothing/shoes/f13/explorer => 1ms (28) (avg:0.035714287310838699)
/turf/open/floor/plasteel/f13/vault_floor/dark/darksolid => 1ms (26) (avg:0.038461539894342422)
/turf/open/floor/plating/airless => 1ms (24) (avg:0.041666667908430099)
/obj/item/storage/box/matches => 1ms (23) (avg:0.043478261679410934)
/obj/item/gun/energy/laser/plasma => 1ms (22) (avg:0.045454546809196472)
/obj/item/storage/belt/security/full => 1ms (18) (avg:0.0555555559694767)
/obj/item/stock_parts/cell/upgraded => 1ms (18) (avg:0.0555555559694767)
/obj/machinery/door/airlock/medical/glass => 1ms (18) (avg:0.0555555559694767)
/turf/open/floor/wood/wood_tiled => 1ms (18) (avg:0.0555555559694767)
/obj/item/stock_parts/cell => 1ms (17) (avg:0.058823529630899429)
/obj/machinery/door/airlock/highsecurity => 1ms (15) (avg:0.066666670143604279)
/obj/machinery/airalarm => 1ms (14) (avg:0.071428574621677399)
/obj/item/storage/crayons => 1ms (14) (avg:0.071428574621677399)
/obj/item/stack/ore/plasma => 1ms (12) (avg:0.083333335816860199)
/obj/item/reagent_containers/glass/bottle/epinephrine => 1ms (10) (avg:0.10000000149011612)
/turf/open/floor/plating/f13/outside/desert => 1ms (10) (avg:0.10000000149011612)
/obj/item/stack/ore/titanium => 1ms (10) (avg:0.10000000149011612)
/obj/machinery/door/airlock/shuttle => 1ms (9) (avg:0.1111111119389534)
/turf/open/transparent/glass => 1ms (9) (avg:0.1111111119389534)
/obj/item/bodypart/l_arm => 1ms (8) (avg:0.125)
/obj/item/stack/ore/lead => 1ms (8) (avg:0.125)
/obj/item/storage/box/ingredients/italian => 1ms (6) (avg:0.1666666716337204)
/obj/item/dice/d10 => 1ms (5) (avg:0.20000000298023224)
/obj/structure/closet/secure_closet/contraband/armory => 1ms (5) (avg:0.20000000298023224)
/obj/item/dice/d8 => 1ms (4) (avg:0.25)
/obj/item/storage/box/alienhandcuffs => 1ms (4) (avg:0.25)
/obj/item/storage/box/snappops => 1ms (2) (avg:0.5)
/obj/effect/decal/cleanable/blood/gibs/human/body => 1ms (2) (avg:0.5)
/turf/closed/wall/f13/wood/interior => 1ms (2) (avg:0.5)
/obj/structure/chair/sofa/corp/left => 1ms (2) (avg:0.5)
/obj/item/clothing/shoes/f13/raidertreads => 1ms (2) (avg:0.5)
/obj/machinery/computer/cargo/request => 1ms (1) (avg:1)
/turf/open/floor/plasteel => 0ms (371) (avg:0)
/turf/closed/indestructible/fakeglass => 0ms (108) (avg:0)
/obj/item/paper_bin => 0ms (98) (avg:0)
/turf/closed/wall/r_wall/syndicate => 0ms (97) (avg:0)
/obj/effect/decal/cleanable/blood/gibs/core => 0ms (75) (avg:0)
/obj/machinery/door/airlock/centcom => 0ms (73) (avg:0)
/obj/item/screwdriver => 0ms (71) (avg:0)
/obj/item/storage/toolbox/mechanical => 0ms (64) (avg:0)
/obj/screen/zone_sel => 0ms (57) (avg:0)
/obj/item/reagent_containers/glass/beaker/large => 0ms (50) (avg:0)
/obj/structure/closet/fridge => 0ms (50) (avg:0)
/turf/open/floor/plasteel/f13/vault_floor/misc/vaultrust => 0ms (48) (avg:0)
/obj/effect/decal/cleanable/blood/gibs/down => 0ms (46) (avg:0)
/turf/open/indestructible/ground/outside/sidewalk => 0ms (46) (avg:0)
/obj/structure/lattice => 0ms (45) (avg:0)
/obj/structure/table/wood/poker => 0ms (44) (avg:0)
/turf/closed/mineral/ash_rock => 0ms (42) (avg:0)
/turf/open/floor/plasteel/darkred/side => 0ms (40) (avg:0)
/obj/structure/table/glass => 0ms (37) (avg:0)
/obj/machinery/power/smes/engineering => 0ms (36) (avg:0)
/obj/structure/closet/secure_closet/personal => 0ms (34) (avg:0)
/obj/item/reagent_containers/syringe/medx => 0ms (34) (avg:0)
/obj/item/reagent_containers/blood/radaway => 0ms (31) (avg:0)
/obj/structure/table/booth => 0ms (29) (avg:0)
/obj/effect/decal/cleanable/trail_holder => 0ms (29) (avg:0)
/obj/item/disk/plantgene => 0ms (28) (avg:0)
/turf/open/floor/plasteel/f13/vault_floor/floor => 0ms (28) (avg:0)
/obj/item/gun/energy/laser => 0ms (27) (avg:0)
/obj/item/storage/box/drinkingglasses => 0ms (27) (avg:0)
/obj/structure/window/paperframe => 0ms (27) (avg:0)
/mob/dead/observer => 0ms (27) (avg:0)
/obj/item/lighter => 0ms (25) (avg:0)
/obj/item/reagent_containers/glass/beaker/waterbottle => 0ms (25) (avg:0)
/obj/structure/table/abductor => 0ms (24) (avg:0)
/obj/structure/table/wood/fancy/black => 0ms (24) (avg:0)
/turf/closed/wall => 0ms (22) (avg:0)
/obj/item/storage/box/handcuffs => 0ms (21) (avg:0)
/obj/machinery/door/airlock/maintenance/abandoned => 0ms (21) (avg:0)
/obj/structure/window/fulltile => 0ms (21) (avg:0)
/turf/closed/wall/mineral/plastitanium => 0ms (21) (avg:0)
/obj/item/gun/energy/laser/scatter => 0ms (21) (avg:0)
/obj/structure/window/fulltile/house => 0ms (21) (avg:0)
/mob/living/simple_animal/hostile/handy => 0ms (20) (avg:0)
/obj/item/clipboard => 0ms (19) (avg:0)
/obj/structure/window/shuttle => 0ms (19) (avg:0)
/obj/machinery/door/airlock/vault => 0ms (18) (avg:0)
/obj/item/reagent_containers/glass/bottle/blackpowder => 0ms (18) (avg:0)
/turf/open/floor/plating => 0ms (18) (avg:0)
/turf/open/floor/plasteel/f13/vault_floor/floor/floorsolid => 0ms (18) (avg:0)
/obj/structure/table/wood/bar => 0ms (18) (avg:0)
/turf/open/floor/plasteel/darkblue/side => 0ms (17) (avg:0)
/turf/open/floor/f13/wood => 0ms (17) (avg:0)
/turf/open/floor/plasteel/f13/vault_floor/yellow/yellowchess/yellowchess2 => 0ms (17) (avg:0)
/obj/item/gun/energy/laser/plasma/glock/extended => 0ms (17) (avg:0)
/obj/machinery/door/airlock/external => 0ms (16) (avg:0)
/obj/item/storage/box/ingredients/american => 0ms (16) (avg:0)
/turf/open/floor/plasteel/darkred/corner => 0ms (16) (avg:0)
/obj/item/defibrillator/loaded => 0ms (15) (avg:0)
/obj/item/reagent_containers/hypospray/medipen/stimpak/super => 0ms (15) (avg:0)
/turf/open/floor/carpet/green => 0ms (15) (avg:0)
/obj/structure/closet/crate/secure/weapon => 0ms (14) (avg:0)
/turf/open/floor/grass => 0ms (14) (avg:0)
/obj/effect/decal/cleanable/blood/drip => 0ms (14) (avg:0)
/obj/effect/decal/cleanable/blood/gibs/old => 0ms (13) (avg:0)
/turf/open/floor/plasteel/darkblue/corner => 0ms (13) (avg:0)
/obj/item/reagent_containers/syringe/epinephrine => 0ms (12) (avg:0)
/obj/item/holochip => 0ms (12) (avg:0)
/obj/item/storage/box/ingredients/fiesta => 0ms (12) (avg:0)
/obj/structure/necropolis_gate => 0ms (12) (avg:0)
/turf/open/floor/plasteel/showroomfloor => 0ms (12) (avg:0)
/mob/living/simple_animal/hostile/handy/gutsy => 0ms (11) (avg:0)
/obj/item/storage/box/syringes => 0ms (11) (avg:0)
/obj/machinery/door/airlock/titanium => 0ms (11) (avg:0)
/obj/structure/closet/secure_closet/personal/cabinet => 0ms (11) (avg:0)
/obj/item/storage/toolbox/electrical => 0ms (11) (avg:0)
/obj/item/stack/ore/gold => 0ms (11) (avg:0)
/obj/item/clothing/shoes/f13/cowboy => 0ms (11) (avg:0)
/obj/item/reagent_containers/glass/bottle/charcoal => 0ms (10) (avg:0)
/obj/item/storage/box/flashbangs => 0ms (10) (avg:0)
/obj/structure/closet/radiation => 0ms (10) (avg:0)
/obj/machinery/door/airlock/security => 0ms (10) (avg:0)
/obj/item/clothing/shoes/sneakers/black => 0ms (10) (avg:0)
/mob/living/simple_animal/hostile/handy/protectron => 0ms (9) (avg:0)
/obj/machinery/computer/operating => 0ms (9) (avg:0)
/obj/structure/closet/cabinet/anchored => 0ms (9) (avg:0)
/obj/item/storage/box/gloves => 0ms (9) (avg:0)
/obj/item/gun/ballistic/automatic/pistol/deagle => 0ms (9) (avg:0)
/obj/item/stack/ore/diamond => 0ms (9) (avg:0)
/obj/machinery/computer/secure_data => 0ms (8) (avg:0)
/obj/machinery/computer/security => 0ms (8) (avg:0)
/obj/item/gun/energy/laser/aer9 => 0ms (8) (avg:0)
/obj/machinery/computer/security/telescreen => 0ms (8) (avg:0)
/obj/structure/closet/abductor => 0ms (8) (avg:0)
/obj/structure/closet/fridge/standard => 0ms (8) (avg:0)
/obj/item/storage/box/ingredients/carnivore => 0ms (8) (avg:0)
/obj/item/storage/box/ingredients/grains => 0ms (8) (avg:0)
/obj/item/storage/box/ingredients/fruity => 0ms (8) (avg:0)
/obj/item/gun/ballistic/automatic/mini_uzi => 0ms (8) (avg:0)
/turf/open/floor/plasteel/goonplaque => 0ms (8) (avg:0)
/turf/open/floor/plasteel/vault => 0ms (8) (avg:0)
/obj/screen/combattoggle => 0ms (8) (avg:0)
/obj/item/storage/fancy/cigarettes/cigpack_robustgold => 0ms (8) (avg:0)
/obj/machinery/door/airlock/silver => 0ms (7) (avg:0)
/obj/machinery/computer/security/telescreen/entertainment => 0ms (7) (avg:0)
/obj/item/dice/d20 => 0ms (7) (avg:0)
/obj/structure/closet/emcloset => 0ms (7) (avg:0)
/obj/item/dice => 0ms (7) (avg:0)
/obj/effect/decal/cleanable/blood/gibs/body => 0ms (7) (avg:0)
/obj/item/storage/box/bodybags => 0ms (7) (avg:0)
/obj/item/storage/box/ingredients/wildcard => 0ms (7) (avg:0)
/obj/item/gun/ballistic/automatic/autopipe => 0ms (7) (avg:0)
/obj/item/gun/energy/laser/wattz => 0ms (7) (avg:0)
/turf/open/floor/plasteel/f13/vault_floor/yellow => 0ms (7) (avg:0)
/obj/structure/table/greyscale => 0ms (7) (avg:0)
/obj/structure/table/reinforced/brass => 0ms (7) (avg:0)
/obj/effect/decal/cleanable/blood/gibs/slime => 0ms (7) (avg:0)
/mob/living/simple_animal/hostile/handy/assaultron => 0ms (7) (avg:0)
/obj/item/clothing/shoes/f13/military/leather => 0ms (7) (avg:0)
/obj/structure/closet/secure_closet/security => 0ms (6) (avg:0)
/obj/machinery/computer/cargo => 0ms (6) (avg:0)
/obj/structure/closet/syndicate/personal => 0ms (6) (avg:0)
/obj/item/storage/belt/utility/full => 0ms (6) (avg:0)
/obj/item/gun/ballistic/automatic/greasegun => 0ms (6) (avg:0)
/obj/machinery/computer/slot_machine => 0ms (6) (avg:0)
/obj/item/gun/ballistic/automatic/commando => 0ms (6) (avg:0)
/obj/item/reagent_containers/food/snacks/lollipop => 0ms (6) (avg:0)
/obj/machinery/power/smes => 0ms (6) (avg:0)
/obj/item/clothing/under/shorts/polychromic => 0ms (6) (avg:0)
/obj/item/gun/energy/laser/pistol => 0ms (6) (avg:0)
/obj/item/lighter/gold => 0ms (6) (avg:0)
/obj/item/reagent_containers/food/drinks/mug/tea => 0ms (6) (avg:0)
/turf/open/floor/mineral/plastitanium => 0ms (6) (avg:0)
/turf/open/floor/plasteel/f13/vault_floor/red => 0ms (6) (avg:0)
/turf/open/floor/carpet/red => 0ms (6) (avg:0)
/obj/item/bodypart/r_arm => 0ms (6) (avg:0)
/obj/item/stack/ore/uranium => 0ms (6) (avg:0)
/obj/machinery/computer/card/centcom => 0ms (5) (avg:0)
/obj/structure/closet/secure_closet/freezer/meat => 0ms (5) (avg:0)
/obj/structure/closet/secure_closet/freezer/fridge => 0ms (5) (avg:0)
/obj/item/storage/box/emps => 0ms (5) (avg:0)
/obj/item/gun/ballistic/automatic/ar => 0ms (5) (avg:0)
/obj/structure/closet/cardboard/metal => 0ms (5) (avg:0)
/obj/machinery/computer/telecrystals/uplinker => 0ms (5) (avg:0)
/obj/machinery/computer/camera_advanced/abductor => 0ms (5) (avg:0)
/obj/item/storage/box/ingredients/vegetarian => 0ms (5) (avg:0)
/obj/structure/closet/bus => 0ms (5) (avg:0)
/obj/item/reagent_containers/honeycomb => 0ms (5) (avg:0)
/obj/item/storage/box/pillbottles => 0ms (5) (avg:0)
/turf/open/floor/plasteel/caution => 0ms (5) (avg:0)
/turf/closed/wall/f13 => 0ms (5) (avg:0)
/turf/closed/wall/mineral/titanium/nodiagonal => 0ms (5) (avg:0)
/obj/structure/closet/anchored => 0ms (5) (avg:0)
/obj/item/clothing/shoes/combat/swat => 0ms (5) (avg:0)
/obj/structure/window/fulltile/wood_window => 0ms (5) (avg:0)
/obj/item/organ/cyberimp/eyes/hud/medical => 0ms (4) (avg:0)
/obj/structure/guncase/shotgun => 0ms (4) (avg:0)
/obj/structure/closet/secure_closet/freezer/kitchen => 0ms (4) (avg:0)
/obj/item/storage/box/dice => 0ms (4) (avg:0)
/obj/item/dice/d4 => 0ms (4) (avg:0)
/obj/item/dice/d6 => 0ms (4) (avg:0)
/obj/item/dice/d12 => 0ms (4) (avg:0)
/obj/item/stock_parts/cell/pulse/carbine => 0ms (4) (avg:0)
/obj/item/gun/energy/pulse/carbine/loyalpin => 0ms (4) (avg:0)
/obj/item/storage/box/disks_plantgene => 0ms (4) (avg:0)
/obj/structure/closet/cardboard => 0ms (4) (avg:0)
/obj/machinery/door/airlock/engineering/glass => 0ms (4) (avg:0)
/obj/machinery/door/airlock/command/glass => 0ms (4) (avg:0)
/obj/item/storage/box/beakers => 0ms (4) (avg:0)
/obj/item/storage/toolbox/emergency => 0ms (4) (avg:0)
/obj/item/storage/box/masks => 0ms (4) (avg:0)
/obj/item/storage/box/ingredients/sweets => 0ms (4) (avg:0)
/obj/item/storage/toolbox/drone => 0ms (4) (avg:0)
/obj/machinery/computer/security/bos => 0ms (4) (avg:0)
/obj/structure/closet/athletic_mixed => 0ms (4) (avg:0)
/obj/structure/fireaxecabinet => 0ms (4) (avg:0)
/obj/item/gps/mining => 0ms (4) (avg:0)
/obj/item/storage/box/lights/mixed => 0ms (4) (avg:0)
/obj/machinery/door/airlock/science/glass => 0ms (4) (avg:0)
/obj/item/lighter/greyscale => 0ms (4) (avg:0)
/turf/open/indestructible/ground/inside/subway => 0ms (4) (avg:0)
/turf/open/floor/plasteel/f13/vault_floor/plating => 0ms (4) (avg:0)
/turf/closed/wall/mineral/titanium/interior => 0ms (4) (avg:0)
/turf/closed/wall/r_wall/f13composite => 0ms (4) (avg:0)
/obj/structure/falsewall/reinforced => 0ms (4) (avg:0)
/obj/structure/table/wood/fancy/blackred => 0ms (4) (avg:0)
/turf/open/floor/carpet/blue => 0ms (4) (avg:0)
/turf/closed/wall/r_wall/syndicate/nodiagonal => 0ms (4) (avg:0)
/obj/item/clothing/under/f13/recon => 0ms (4) (avg:0)
/obj/item/clothing/under/f13/bosformgold_f => 0ms (4) (avg:0)
/obj/item/bodypart/head => 0ms (4) (avg:0)
/obj/item/clothing/neck/cloak/alt/polychromic => 0ms (4) (avg:0)
/obj/item/clothing/under/syndicate/brotherhood => 0ms (4) (avg:0)
/obj/item/clothing/shoes/f13/rag => 0ms (4) (avg:0)
/obj/item/storage/belt/utility/full/engi => 0ms (4) (avg:0)
/obj/item/organ/cyberimp/chest/nutriment => 0ms (3) (avg:0)
/obj/item/organ/cyberimp/chest/nutriment/plus => 0ms (3) (avg:0)
/mob/living/simple_animal/hostile/handy/sentrybot => 0ms (3) (avg:0)
/mob/living/simple_animal/hostile/handy/nsb => 0ms (3) (avg:0)
/mob/living/simple_animal/hostile/handy/gutsy/nsb => 0ms (3) (avg:0)
/obj/structure/guncase/ecase => 0ms (3) (avg:0)
/obj/item/storage/box/zipties => 0ms (3) (avg:0)
/obj/item/clothing/under/misc/polyjumpsuit => 0ms (3) (avg:0)
/obj/item/clothing/under/misc/poly_shirt => 0ms (3) (avg:0)
/obj/item/clothing/under/costume/kilt/polychromic => 0ms (3) (avg:0)
/obj/item/clothing/under/dress/skirt/polychromic => 0ms (3) (avg:0)
/obj/item/clothing/under/misc/polyshorts => 0ms (3) (avg:0)
/obj/item/gun/energy/ionrifle => 0ms (3) (avg:0)
/obj/item/gun/energy/e_gun => 0ms (3) (avg:0)
/obj/item/defibrillator/compact/combat/loaded => 0ms (3) (avg:0)
/obj/item/storage/box/teargas => 0ms (3) (avg:0)
/obj/item/gun/energy/laser/wattz/magneto => 0ms (3) (avg:0)
/obj/machinery/computer/communications => 0ms (3) (avg:0)
/obj/machinery/computer/auxillary_base => 0ms (3) (avg:0)
/obj/item/gps/internal/base => 0ms (3) (avg:0)
/obj/structure/closet/wardrobe/cargotech => 0ms (3) (avg:0)
/obj/item/storage/box/mousetraps => 0ms (3) (avg:0)
/obj/structure/closet/secure_closet/hydroponics => 0ms (3) (avg:0)
/obj/machinery/computer/arcade/orion_trail => 0ms (3) (avg:0)
/obj/item/pda/medical => 0ms (3) (avg:0)
/obj/machinery/computer/shuttle/bunkerelevator => 0ms (3) (avg:0)
/obj/machinery/computer/shuttle/northbunkerelevator => 0ms (3) (avg:0)
/obj/item/storage/box/ingredients/delights => 0ms (3) (avg:0)
/obj/item/storage/box/ingredients/exotic => 0ms (3) (avg:0)
/obj/item/reagent_containers/food/drinks/mug/coco => 0ms (3) (avg:0)
/obj/structure/closet/boxinggloves => 0ms (3) (avg:0)
/obj/item/storage/box/lights => 0ms (3) (avg:0)
/obj/item/storage/box/papersack => 0ms (3) (avg:0)
/obj/item/storage/box/lights/bulbs => 0ms (3) (avg:0)
/obj/item/storage/box/cups => 0ms (3) (avg:0)
/obj/structure/guncase => 0ms (3) (avg:0)
/obj/effect/decal/cleanable/blood/gibs/torso => 0ms (3) (avg:0)
/obj/machinery/computer/rdconsole/core/bos => 0ms (3) (avg:0)
/obj/structure/closet/wardrobe/pjs => 0ms (3) (avg:0)
/obj/machinery/computer/med_data => 0ms (3) (avg:0)
/obj/machinery/door/airlock/mining => 0ms (3) (avg:0)
/obj/machinery/computer/crew => 0ms (3) (avg:0)
/obj/item/defibrillator => 0ms (3) (avg:0)
/obj/machinery/computer/med_data/syndie => 0ms (3) (avg:0)
/obj/item/construction/rcd/loaded/upgraded => 0ms (3) (avg:0)
/obj/structure/window/fulltile/wood => 0ms (3) (avg:0)
/obj/item/storage/belt/holster => 0ms (3) (avg:0)
/obj/item/claymore/machete/gladius => 0ms (3) (avg:0)
/obj/item/stack/ore/bluespace_crystal => 0ms (3) (avg:0)
/obj/item/gun/energy/laser/plasma/glock => 0ms (3) (avg:0)
/mob/living/simple_animal/hostile/handy/robobrain/nsb => 0ms (2) (avg:0)
/obj/structure/tank_dispenser/oxygen => 0ms (2) (avg:0)
/obj/item/storage/box/firingpins => 0ms (2) (avg:0)
/obj/structure/closet/secure_closet/ertMed => 0ms (2) (avg:0)
/obj/structure/closet/secure_closet/ertSec => 0ms (2) (avg:0)
/obj/item/storage/box/flashes => 0ms (2) (avg:0)
/obj/item/gun/energy/laser/captain => 0ms (2) (avg:0)
/obj/machinery/computer/emergency_shuttle => 0ms (2) (avg:0)
/obj/structure/closet/secure_closet/ertEngi => 0ms (2) (avg:0)
/obj/item/storage/box/metalfoam => 0ms (2) (avg:0)
/obj/machinery/computer/shuttle/labor => 0ms (2) (avg:0)
/obj/machinery/computer/shuttle/mining => 0ms (2) (avg:0)
/obj/machinery/computer/security/mining => 0ms (2) (avg:0)
/obj/machinery/gibber => 0ms (2) (avg:0)
/obj/machinery/computer/mech_bay_power_console => 0ms (2) (avg:0)
/obj/machinery/computer/camera_advanced => 0ms (2) (avg:0)
/obj/machinery/computer/shuttle => 0ms (2) (avg:0)
/obj/machinery/computer/telecomms/monitor => 0ms (2) (avg:0)
/obj/machinery/computer/telecomms/server => 0ms (2) (avg:0)
/obj/machinery/computer/message_monitor => 0ms (2) (avg:0)
/obj/structure/closet/fridge/cannibal => 0ms (2) (avg:0)
/obj/item/gun/ballistic/automatic/assault_rifle => 0ms (2) (avg:0)
/obj/effect/decal/cleanable/blood/gibs/limb => 0ms (2) (avg:0)
/obj/item/gun/ballistic/automatic/smg10mm => 0ms (2) (avg:0)
/obj/item/gun/ballistic/automatic/assault_rifle/infiltrator => 0ms (2) (avg:0)
/obj/item/gun/ballistic/automatic/r84 => 0ms (2) (avg:0)
/obj/item/storage/box/medsprays => 0ms (2) (avg:0)
/obj/item/gun/energy/laser/plasma/pistol => 0ms (2) (avg:0)
/obj/item/pda/engineering => 0ms (2) (avg:0)
/obj/item/reagent_containers/blood/OMinus => 0ms (2) (avg:0)
/obj/machinery/computer/operating/bos => 0ms (2) (avg:0)
/obj/item/pda/chemist => 0ms (2) (avg:0)
/obj/structure/closet/secure_closet => 0ms (2) (avg:0)
/obj/item/storage/box/lights/tubes => 0ms (2) (avg:0)
/obj/item/pda/warden => 0ms (2) (avg:0)
/obj/item/storage/box/marshmallow => 0ms (2) (avg:0)
/obj/machinery/computer/robotics => 0ms (2) (avg:0)
/obj/machinery/computer/upload/ai => 0ms (2) (avg:0)
/obj/machinery/door/airlock/engineering => 0ms (2) (avg:0)
/obj/item/gun/energy/laser/rcw => 0ms (2) (avg:0)
/obj/item/stack/ore/blackpowder/five => 0ms (2) (avg:0)
/turf/open/floor/plasteel/blue/corner => 0ms (2) (avg:0)
/obj/structure/table/wood/fancy/royalblack => 0ms (2) (avg:0)
/obj/structure/window/plasma/reinforced/fulltile => 0ms (2) (avg:0)
/obj/machinery/portable_atmospherics/canister/oxygen => 0ms (2) (avg:0)
/obj/effect/decal/cleanable/blood/gibs/human/lizard/up => 0ms (2) (avg:0)
/obj/effect/decal/cleanable/blood/gibs/slime/limb => 0ms (2) (avg:0)
/obj/effect/decal/cleanable/blood/gibs/human/lizard/limb => 0ms (2) (avg:0)
/obj/item/reagent_containers/glass/bottle/morphine => 0ms (2) (avg:0)
/obj/structure/closet/secure_closet/freezer/meat/open => 0ms (2) (avg:0)
/obj/item/stack/ore/glass => 0ms (2) (avg:0)
/obj/item/kitchen/knife/combat => 0ms (2) (avg:0)
/obj/item/clothing/gloves/patrol => 0ms (2) (avg:0)
/obj/item/clothing/head/helmet/f13/legion/rangercent => 0ms (2) (avg:0)
/obj/item/clothing/suit/armor/f13/legion/rangercent => 0ms (2) (avg:0)
/obj/item/clothing/gloves/legion => 0ms (2) (avg:0)
/obj/item/clothing/gloves/f13/handwraps => 0ms (2) (avg:0)
/obj/item/ammo_casing/shotgun/buckshot => 0ms (2) (avg:0)
/obj/item/clothing/gloves/f13/blacksmith => 0ms (2) (avg:0)
/obj/item/ammo_box/shotgun/buck => 0ms (2) (avg:0)
/obj/machinery/rnd/production/protolathe => 0ms (2) (avg:0)
/obj/item/organ/cyberimp/chest/reviver => 0ms (2) (avg:0)
/obj/structure/window/fulltile/ruins => 0ms (2) (avg:0)
/obj/structure/door_assembly/door_assembly_hatch => 0ms (2) (avg:0)
/obj/structure/door_assembly/door_assembly_sec => 0ms (2) (avg:0)
/obj/item/hatchet => 0ms (2) (avg:0)
/obj/screen/alert/restrained/handcuffed => 0ms (2) (avg:0)
/obj/item/pet_carrier => 0ms (2) (avg:0)
/turf/open/indestructible/ground/inside/mountain => 0ms (2) (avg:0)
/obj/item/clothing/under/f13/ncr => 0ms (2) (avg:0)
/obj/structure/door_assembly/door_assembly_med => 0ms (2) (avg:0)
/obj/structure/closet/crate/secure/hydroponics => 0ms (1) (avg:0)
/obj/structure/chair/e_chair => 0ms (1) (avg:0)
/mob/living/simple_animal/hostile/handy/sentrybot/nsb => 0ms (1) (avg:0)
/mob/living/simple_animal/hostile/handy/sentrybot/chew => 0ms (1) (avg:0)
/obj/structure/tank_dispenser/plasma => 0ms (1) (avg:0)
/obj/vehicle/ridden/space/speedbike => 0ms (1) (avg:0)
/obj/vehicle/ridden/space/speedbike/red => 0ms (1) (avg:0)
/obj/vehicle/ridden/space/speedwagon => 0ms (1) (avg:0)
/obj/structure/closet/gimmick/tacticool => 0ms (1) (avg:0)
/obj/structure/closet/gimmick/russian => 0ms (1) (avg:0)
/obj/structure/closet/syndicate/resources/everything => 0ms (1) (avg:0)
/obj/structure/closet/secure_closet/security/sec => 0ms (1) (avg:0)
/obj/structure/closet/secure_closet/warden => 0ms (1) (avg:0)
/obj/structure/closet/secure_closet/armory1 => 0ms (1) (avg:0)
/obj/vehicle/ridden/janicart/upgraded => 0ms (1) (avg:0)
/obj/structure/closet/firecloset/full => 0ms (1) (avg:0)
/obj/structure/closet/wardrobe/mixed => 0ms (1) (avg:0)
/obj/item/clothing/suit/hooded/wintercoat/polychromic => 0ms (1) (avg:0)
/obj/structure/closet/secure_closet/tac => 0ms (1) (avg:0)
/obj/structure/closet/secure_closet/armory2 => 0ms (1) (avg:0)
/obj/structure/closet/secure_closet/armory3 => 0ms (1) (avg:0)
/obj/item/gun/ballistic/automatic/m72 => 0ms (1) (avg:0)
/obj/item/gun/energy/e_gun/stun => 0ms (1) (avg:0)
/obj/item/dice/fudge => 0ms (1) (avg:0)
/obj/item/gun/energy/pulse/pistol/m1911 => 0ms (1) (avg:0)
/obj/structure/closet/secure_closet/ertCom => 0ms (1) (avg:0)
/obj/machinery/computer/shuttle/ferry => 0ms (1) (avg:0)
/obj/machinery/modular_computer/console/preset/command => 0ms (1) (avg:0)
/obj/machinery/computer/prisoner => 0ms (1) (avg:0)
/obj/structure/closet/secure_closet/quartermaster => 0ms (1) (avg:0)
/obj/structure/closet/chefcloset => 0ms (1) (avg:0)
/obj/machinery/modular_computer/console/preset/research => 0ms (1) (avg:0)
/obj/machinery/computer/telecrystals/boss => 0ms (1) (avg:0)
/obj/item/paicard => 0ms (1) (avg:0)
/obj/machinery/computer/shuttle/syndicate/recall => 0ms (1) (avg:0)
/obj/item/disk/data => 0ms (1) (avg:0)
/obj/item/dice/d00 => 0ms (1) (avg:0)
/obj/item/gun/energy/laser/practice => 0ms (1) (avg:0)
/obj/machinery/computer/atmos_alert => 0ms (1) (avg:0)
/obj/machinery/computer/station_alert => 0ms (1) (avg:0)
/obj/machinery/gravity_generator/part => 0ms (1) (avg:0)
/obj/item/gun/energy/e_gun/mini/practice_phaser => 0ms (1) (avg:0)
/obj/machinery/computer/pandemic => 0ms (1) (avg:0)
/obj/structure/closet/wardrobe/white => 0ms (1) (avg:0)
/obj/item/dice/d1 => 0ms (1) (avg:0)
/obj/structure/closet/secure_closet/freezer/fridge/open => 0ms (1) (avg:0)
/obj/machinery/power/solar_control => 0ms (1) (avg:0)
/obj/structure/closet/fridge/meat => 0ms (1) (avg:0)
/obj/item/dice/d2 => 0ms (1) (avg:0)
/obj/item/gun/energy/laser/aer12 => 0ms (1) (avg:0)
/obj/item/storage/box/citizenship_permits => 0ms (1) (avg:0)
/obj/item/bedsheet/gondola => 0ms (1) (avg:0)
/obj/machinery/computer/rdconsole => 0ms (1) (avg:0)
/obj/item/pda/captain => 0ms (1) (avg:0)
/obj/item/integrated_electronics/detailer => 0ms (1) (avg:0)
/obj/item/toy/crayon/spraycan => 0ms (1) (avg:0)
/obj/item/gps/computer => 0ms (1) (avg:0)
/obj/item/pda/heads/hos => 0ms (1) (avg:0)
/obj/item/pda/heads/hop => 0ms (1) (avg:0)
/obj/item/pda/heads/cmo => 0ms (1) (avg:0)
/obj/item/pda/quartermaster => 0ms (1) (avg:0)
/obj/machinery/gibber/autogibber => 0ms (1) (avg:0)
/obj/machinery/door/airlock/research => 0ms (1) (avg:0)
/obj/item/pda/lawyer => 0ms (1) (avg:0)
/obj/machinery/computer/rdconsole/core/vault => 0ms (1) (avg:0)
/obj/machinery/computer/aifixer => 0ms (1) (avg:0)
/obj/machinery/computer/upload/borg => 0ms (1) (avg:0)
/obj/item/storage/box/PDAs => 0ms (1) (avg:0)
/obj/machinery/computer/card => 0ms (1) (avg:0)
/obj/item/gun/ballistic/automatic/toy => 0ms (1) (avg:0)
/obj/structure/closet/secure_closet/freezer/kitchen/maintenance => 0ms (1) (avg:0)
/obj/machinery/modular_computer/console/preset/engineering => 0ms (1) (avg:0)
/obj/structure/closet/toolcloset => 0ms (1) (avg:0)
/area/tdome/arena => 0ms (1) (avg:0)
/area/syndicate_mothership => 0ms (1) (avg:0)
/area/ctf => 0ms (1) (avg:0)
/area/awaymission/errorroom => 0ms (1) (avg:0)
/area/tdome/arena_source => 0ms (1) (avg:0)
/area/abductor_ship => 0ms (1) (avg:0)
/area/holodeck/rec_center/refuel => 0ms (1) (avg:0)
/area/holodeck/rec_center/spacechess => 0ms (1) (avg:0)
/area/holodeck/rec_center/thunderdome1218 => 0ms (1) (avg:0)
/area/holodeck/rec_center/kobayashi => 0ms (1) (avg:0)
/area/holodeck/rec_center/chapelcourt => 0ms (1) (avg:0)
/area/holodeck/rec_center/school => 0ms (1) (avg:0)
/area/holodeck/rec_center/firingrange => 0ms (1) (avg:0)
/area/fabric_of_reality => 0ms (1) (avg:0)
/area/ai_multicam_room => 0ms (1) (avg:0)
/area/holodeck/rec_center/anthophila => 0ms (1) (avg:0)
/area/holodeck/rec_center/pet_lounge => 0ms (1) (avg:0)
/area/holodeck/rec_center/medical => 0ms (1) (avg:0)
/area/holodeck/rec_center/basketball => 0ms (1) (avg:0)
/area/holodeck/rec_center/beach => 0ms (1) (avg:0)
/area/holodeck/rec_center/thunderdome => 0ms (1) (avg:0)
/area/holodeck/rec_center/dodgeball => 0ms (1) (avg:0)
/area/start => 0ms (1) (avg:0)
/area/holodeck/rec_center/winterwonderland => 0ms (1) (avg:0)
/area/holodeck/rec_center/bunker => 0ms (1) (avg:0)
/area/holodeck/rec_center/lounge => 0ms (1) (avg:0)
/area/holodeck/rec_center/wildlife => 0ms (1) (avg:0)
/area/holodeck/rec_center/offline => 0ms (1) (avg:0)
/area/holodeck/rec_center/burn => 0ms (1) (avg:0)
/area/holodeck/rec_center/court => 0ms (1) (avg:0)
/area/space => 0ms (1) (avg:0)
/turf/open/floor/plasteel/darkpurple/side => 0ms (1) (avg:0)
/turf/open/floor/plasteel/f13/vault_floor/yellow/whiteyellowfull => 0ms (1) (avg:0)
/obj/machinery/atmospherics/components/unary/vent_pump/on => 0ms (1) (avg:0)
/obj/structure/window/reinforced/tinted/fulltile => 0ms (1) (avg:0)
/obj/structure/falsewall => 0ms (1) (avg:0)
/obj/machinery/computer/shuttle/bos => 0ms (1) (avg:0)
/obj/machinery/computer/shuttle/ferry/request => 0ms (1) (avg:0)
/obj/machinery/computer/shuttle/syndicate/drop_pod => 0ms (1) (avg:0)
/obj/structure/closet/syndicate/nuclear => 0ms (1) (avg:0)
/obj/item/pda/syndicate => 0ms (1) (avg:0)
/obj/item/storage/toolbox/syndicate => 0ms (1) (avg:0)
/obj/machinery/computer/crew/syndie => 0ms (1) (avg:0)
/obj/machinery/computer/camera_advanced/shuttle_docker/syndicate => 0ms (1) (avg:0)
/obj/machinery/computer/shuttle/syndicate => 0ms (1) (avg:0)
/obj/machinery/computer/camera_advanced/syndie => 0ms (1) (avg:0)
/obj/machinery/computer/secure_data/syndie => 0ms (1) (avg:0)
/obj/item/gun/ballistic/automatic/bozar => 0ms (1) (avg:0)
/mob/living/simple_animal/hostile/handy/securitron => 0ms (1) (avg:0)
/obj/effect/decal/cleanable/blood/gibs/human/limb => 0ms (1) (avg:0)
/mob/living/simple_animal/hostile/handy/robobrain => 0ms (1) (avg:0)
/obj/item/gun/ballistic/automatic/service/r82 => 0ms (1) (avg:0)
/obj/effect/decal/cleanable/blood/gibs/human => 0ms (1) (avg:0)
/obj/effect/decal/cleanable/blood/gibs/slime/torso => 0ms (1) (avg:0)
/obj/effect/decal/cleanable/blood/gibs/human/up => 0ms (1) (avg:0)
/obj/effect/decal/cleanable/blood/gibs/ipc/limb => 0ms (1) (avg:0)
/obj/item/storage/box/hug/medical => 0ms (1) (avg:0)
/obj/item/storage/box/beakers/variety => 0ms (1) (avg:0)
/obj/machinery/portable_atmospherics/canister/air => 0ms (1) (avg:0)
/obj/item/gun/energy/laser/wattz2k => 0ms (1) (avg:0)
/obj/item/gun/energy/laser/aer14 => 0ms (1) (avg:0)
/obj/effect/decal/cleanable/blood/gibs/slime/body => 0ms (1) (avg:0)
/obj/item/paper_bin/carbon => 0ms (1) (avg:0)
/obj/item/weldingtool/hugetank => 0ms (1) (avg:0)
/turf/open/floor/plasteel/barber => 0ms (1) (avg:0)
/obj/structure/closet/secure_closet/medical1 => 0ms (1) (avg:0)
/obj/item/reagent_containers/glass/bottle/toxin => 0ms (1) (avg:0)
/obj/item/storage/box/rxglasses => 0ms (1) (avg:0)
/obj/structure/closet/secure_closet/medical2 => 0ms (1) (avg:0)
/obj/effect/decal/cleanable/blood/gibs/human/lizard/body => 0ms (1) (avg:0)
/obj/effect/decal/cleanable/blood/gibs/human/lizard/down => 0ms (1) (avg:0)
/obj/machinery/computer/secure_data/laptop => 0ms (1) (avg:0)
/obj/item/storage/box/minibombs => 0ms (1) (avg:0)
/obj/machinery/computer/nanite_cloud_controller => 0ms (1) (avg:0)
/obj/item/clothing/head/helmet/f13/power_armor/advanced => 0ms (1) (avg:0)
/obj/item/clothing/suit/armor/f13/power_armor/advanced => 0ms (1) (avg:0)
/obj/item/clothing/gloves/f13/military => 0ms (1) (avg:0)
/obj/item/storage/backpack => 0ms (1) (avg:0)
/obj/item/storage/belt/military/army => 0ms (1) (avg:0)
/obj/item/clothing/head/mob_holder => 0ms (1) (avg:0)
/obj/machinery/am_shielding => 0ms (1) (avg:0)
/obj/item/gun/ballistic/automatic/m1garand => 0ms (1) (avg:0)
/obj/item/target => 0ms (1) (avg:0)
/obj/structure/chair/sofa/corp/right => 0ms (1) (avg:0)
/obj/item/kitchen/knife/bowie => 0ms (1) (avg:0)
/obj/item/clothing/head/helmet/f13/combat/swat => 0ms (1) (avg:0)
/obj/item/clothing/suit/toggle/armor/f13/rangerrecon => 0ms (1) (avg:0)
/obj/item/gun/ballistic/automatic/marksman/sniper => 0ms (1) (avg:0)
/obj/item/claymore/machete/pipe/tireiron => 0ms (1) (avg:0)
/obj/item/clothing/head/helmet/f13/raider/psychotic => 0ms (1) (avg:0)
/obj/item/clothing/suit/armor/f13/raider/painspike => 0ms (1) (avg:0)
/obj/item/kitchen/knife => 0ms (1) (avg:0)
/obj/item/clothing/head/welding => 0ms (1) (avg:0)
/obj/item/clothing/suit/armor/f13/leatherarmor => 0ms (1) (avg:0)
/obj/item/storage/backpack/duffelbag => 0ms (1) (avg:0)
/turf/closed/wall/f13/wood/house/broken => 0ms (1) (avg:0)
/obj/item/clothing/head/helmet/f13/combat/enclave => 0ms (1) (avg:0)
/obj/item/clothing/suit/armor/f13/combat/enclave => 0ms (1) (avg:0)
/obj/item/gun/ballistic/shotgun/trench => 0ms (1) (avg:0)
/obj/item/kitchen/knife/combat/survival => 0ms (1) (avg:0)
/obj/item/storage/backpack/satchel/explorer => 0ms (1) (avg:0)
/obj/structure/nest/ghoul => 0ms (1) (avg:0)
/obj/item/organ/cyberimp/brain/anti_stun => 0ms (1) (avg:0)
/obj/item/storage/box/vendingmachine => 0ms (1) (avg:0)
/obj/item/clothing/under/f13/roving => 0ms (1) (avg:0)
/obj/item/clothing/under/f13/lumberjack => 0ms (1) (avg:0)
/obj/item/gun/energy/temperature => 0ms (1) (avg:0)
/obj/item/storage/fancy/cigarettes/cigars/havana => 0ms (1) (avg:0)
/obj/item/clothing/head/f13/cowboy => 0ms (1) (avg:0)
/obj/item/clothing/suit/f13/veteran => 0ms (1) (avg:0)
/obj/item/clothing/gloves/color/brown => 0ms (1) (avg:0)
/obj/item/storage/box/deputy_badges => 0ms (1) (avg:0)
/obj/item/electropack/shockcollar/explosive => 0ms (1) (avg:0)
/obj/item/clothing/head/f13/town/sheriff => 0ms (1) (avg:0)
/obj/item/clothing/head/helmet/f13/brahmincowboyhat => 0ms (1) (avg:0)
/obj/item/electropack/shockcollar => 0ms (1) (avg:0)
/obj/item/clothing/suit/armor/f13/raider/badlands => 0ms (1) (avg:0)
/turf/closed/wall/f13/tentwall => 0ms (1) (avg:0)
/obj/item/clothing/head/f13/stalkerpelt => 0ms (1) (avg:0)
/obj/item/clothing/shoes/sandal => 0ms (1) (avg:0)
/obj/item/gun/ballistic/revolver/m29 => 0ms (1) (avg:0)
/obj/item/melee/transforming/cleaving_saw => 0ms (1) (avg:0)
/obj/item/clothing/suit/hooded/cloak/hhunter => 0ms (1) (avg:0)
/obj/machinery/iv_drip/telescopic => 0ms (1) (avg:0)
/obj/structure/door_assembly => 0ms (1) (avg:0)
/obj/item/storage/bag/money/small/ncr => 0ms (1) (avg:0)
/obj/structure/window/fulltile/unanchored => 0ms (1) (avg:0)
/obj/screen/alert/restrained/legcuffed => 0ms (1) (avg:0)
/turf/closed/wall/f13/wood => 0ms (1) (avg:0)
/obj/item/storage/fancy/cigarettes/cigars/cohiba => 0ms (1) (avg:0)
/obj/item/gun/energy/ionrifle/carbine => 0ms (1) (avg:0)
