[2021-05-16 13:07:20.869] Starting up round ID 9.
 - -------------------------
[2021-05-16 13:19:12.020] TCOMMS: Dantesousa/(Dante Sousa) [Common] (spans:  ) "Praise the lord" (language: Galactic Common) (Enclave (133, 25, 3))
[2021-05-16 13:58:28.376] TCOMMS: Italos/(Josef Polson) [Enclave] (spans:  ) "Ae" (language: Galactic Common) (Enclave (129, 19, 3))
[2021-05-16 13:58:31.366] TCOMMS: Italos/(Josef Polson) [Enclave] (spans:  ) "Alguem?" (language: Galactic Common) (Enclave (129, 19, 3))
[2021-05-16 14:00:41.224] TCOMMS: N0fun/(Makenna Coldsmith) [148.9] (spans:  ) "Thou shall not pass" (language: Galactic Common) (Brotherhood of Steel (166, 216, 2))
[2021-05-16 14:01:37.775] TCOMMS: N0fun/(Makenna Coldsmith) [148.9] (spans:  ) "Thou shalt not pass" (language: Galactic Common) (Brotherhood of Steel (166, 216, 2))
[2021-05-16 14:56:47.303] TCOMMS: Italos/(Josef Polson) [Enclave] (spans:  ) "Alguem?" (language: Galactic Common) (Wasteland (109, 79, 2))
[2021-05-16 15:03:22.513] TCOMMS: nickenzo12345/(Aubrey Hujsak) [Common] (spans:  ) "Atacaram o oasis" (language: Galactic Common) (Tunnel (55, 43, 3))
[2021-05-16 15:03:32.126] TCOMMS: GabrielDoomBR/(Baam Frest) [Common] (spans:  ) "Incrivel" (language: Galactic Common) (Wasteland (9, 179, 2))
[2021-05-16 15:03:42.273] TCOMMS: nickenzo12345/(Aubrey Hujsak) [Common] (spans:  ) "A legion fez isso" (language: Galactic Common) (Tunnel (61, 39, 3))
[2021-05-16 15:03:56.614] TCOMMS: GabrielDoomBR/(Baam Frest) [Common] (spans:  ) "Legion cringe pra cacete" (language: Galactic Common) (Wasteland (10, 181, 2))
[2021-05-16 15:05:12.578] TCOMMS: Italos/(Josef Polson) [Common] (spans:  ) "Malditas toxinas" (language: Galactic Common) (Enclave (145, 20, 3))
[2021-05-16 15:06:19.357] TCOMMS: GabrielDoomBR/(Baam Frest) [Common] (spans:  ) "Sabe o engraçado" (language: Galactic Common) (Wasteland (70, 35, 2))
[2021-05-16 15:06:25.445] TCOMMS: GabrielDoomBR/(Baam Frest) [Common] (spans:  ) "Ninguem sabe da segunda armory do oasis" (language: Galactic Common) (Wasteland (70, 35, 2))
[2021-05-16 15:06:28.349] TCOMMS: GabrielDoomBR/(Baam Frest) [Common] (spans:  ) "Pelo visto" (language: Galactic Common) (Wasteland (70, 35, 2))
[2021-05-16 15:09:13.825] TCOMMS: corvopimpolho/(Phillip Brinigh) [Common] (spans:  ) "Alguem na escuta?" (language: Galactic Common) (Wasteland (226, 80, 2))
[2021-05-16 15:09:19.895] TCOMMS: Italos/(Josef Polson) [Common] (spans:  ) "Sim" (language: Galactic Common) (Enclave (143, 21, 3))
[2021-05-16 15:09:22.268] TCOMMS: nickenzo12345/(Aubrey Hujsak) [Common] (spans:  ) "Sim" (language: Galactic Common) (Tunnel (63, 46, 3))
[2021-05-16 15:09:24.577] TCOMMS: Italos/(Josef Polson) [Common] (spans:  ) "Estou morrendo por toxinas" (language: Galactic Common) (Enclave (143, 21, 3))
[2021-05-16 15:09:31.051] TCOMMS: corvopimpolho/(Phillip Brinigh) [Common] (spans:  ) "Aonde se encontra?" (language: Galactic Common) (Wasteland (222, 78, 2))
[2021-05-16 15:09:46.761] TCOMMS: nickenzo12345/(Aubrey Hujsak) [Common] (spans:  ) "Rad x cura" (language: Galactic Common) (Tunnel (63, 44, 3))
[2021-05-16 15:10:42.808] TCOMMS: corvopimpolho/(Phillip Brinigh) [Common] (spans:  ) "Alo?" (language: Galactic Common) (Wasteland (203, 71, 2))
[2021-05-16 15:10:50.465] TCOMMS: corvopimpolho/(Phillip Brinigh) [Common] (spans:  ) "Cara da toxina?" (language: Galactic Common) (Wasteland (203, 62, 2))
[2021-05-16 15:11:24.310] TCOMMS: corvopimpolho/(Phillip Brinigh) [Common] (spans:  ) "Acho que morreu" (language: Galactic Common) (Wasteland (211, 56, 2))
[2021-05-16 15:11:36.307] TCOMMS: Italos/(Josef Polson) [Common] (spans:  ) "Não" (language: Galactic Common) (Enclave (142, 21, 3))
[2021-05-16 15:11:54.251] TCOMMS: Italos/(Josef Polson) [Common] (spans:  ) "Mas estou sobevivendo apenas por stimpack e tecnologia da minha base" (language: Galactic Common) (Enclave (142, 21, 3))
[2021-05-16 15:12:03.478] TCOMMS: Italos/(Josef Polson) [Common] (spans:  ) "Sobrevivendo" (language: Galactic Common) (Enclave (142, 21, 3))
[2021-05-16 15:12:05.729] TCOMMS: nickenzo12345/(Aubrey Hujsak) [Common] (spans:  ) "Que base?" (language: Galactic Common) (Tunnel (63, 44, 3))
[2021-05-16 15:12:12.190] TCOMMS: Italos/(Josef Polson) [Common] (spans:  ) "Não posso falar" (language: Galactic Common) (Enclave (142, 21, 3))
[2021-05-16 15:12:13.619] TCOMMS: nickenzo12345/(Aubrey Hujsak) [Common] (spans:  ) "Podemos fazer um acordo" (language: Galactic Common) (Tunnel (63, 44, 3))
[2021-05-16 15:12:34.672] TCOMMS: Italos/(Josef Polson) [Common] (spans:  ) "Adeus" (language: Galactic Common) (Enclave (141, 21, 3))
[2021-05-16 15:12:40.293] TCOMMS: Italos/(Josef Polson) [Common] (spans:  ) "Acabou o stimpack" (language: Galactic Common) (Enclave (141, 21, 3))
[2021-05-16 15:12:48.465] TCOMMS: Italos/(Josef Polson) [Common] (spans:  ) "Viva o enclave" (language: Galactic Common) (Enclave (137, 24, 3))
[2021-05-16 15:14:20.125] TCOMMS: nickenzo12345/(Aubrey Hujsak) [Common] (spans:  ) "Baam frest preso" (language: Galactic Common) (Wasteland (56, 60, 2))
[2021-05-16 15:14:27.080] TCOMMS: corvopimpolho/(Phillip Brinigh) [Common] (spans:  ) "Achei um pip boy" (language: Galactic Common) (Legion (222, 29, 2))
[2021-05-16 15:14:33.515] TCOMMS: nickenzo12345/(Aubrey Hujsak) [Common] (spans:  ) "Boa" (language: Galactic Common) (Wasteland (72, 61, 2))
[2021-05-16 15:14:45.857] TCOMMS: Italos/(Josef Polson) [Common] (spans:  ) "A" (language: Galactic Common) (Enclave (140, 21, 3))
[2021-05-16 15:14:49.633] TCOMMS: Italos/(Josef Polson) [Common] (spans:  ) "Não morri" (language: Galactic Common) (Enclave (140, 21, 3))
[2021-05-16 15:17:47.472] TCOMMS: corvopimpolho/(Phillip Brinigh) [Common] (spans:  ) "Ola novamente" (language: Galactic Common) (Wasteland (150, 13, 2))
[2021-05-16 15:17:59.574] TCOMMS: corvopimpolho/(Phillip Brinigh) [Common] (spans:  ) "Qual a boa?" (language: Galactic Common) (Wasteland (149, 12, 2))
[2021-05-16 15:18:15.975] TCOMMS: corvopimpolho/(Phillip Brinigh) [Common] (spans:  ) "Quer ajuda pra algo?" (language: Galactic Common) (Wasteland (149, 12, 2))
[2021-05-16 15:18:20.369] TCOMMS: Matheusgp9999/(Nykix Nywt) [Common] (spans:  ) "Não" (language: Galactic Common) (Wasteland (144, 13, 2))
[2021-05-16 15:29:05.822] TCOMMS: kaduh/(Tomas Miller) [Common] (spans:  ) "Ola sou um eng totalmente novo que num apareceu na cidade" (language: Galactic Common) (NCR (8, 209, 2))
[2021-05-16 15:29:14.403] TCOMMS: kaduh/(Tomas Miller) [Common] (spans:  ) "Nunca" (language: Galactic Common) (NCR (10, 211, 2))
[2021-05-16 15:29:26.717] TCOMMS: kaduh/(Tomas Miller) [NCR] (spans:  ) "Teste" (language: Galactic Common) (NCR (13, 214, 2))
[2021-05-16 15:29:36.863] TCOMMS: nickenzo12345/(Aubrey Hujsak) [Common] (spans:  ) "Ok estranho mais ok" (language: Galactic Common) (Wasteland (76, 76, 2))
[2021-05-16 15:29:45.266] TCOMMS: kaduh/(Tomas Miller) [NCR] (spans:  ) "Ata aqui que fala com os amigos" (language: Galactic Common) (NCR (17, 214, 2))
[2021-05-16 15:32:03.576] TCOMMS: kaduh/(Tomas Miller) [NCR] (spans:  ) "Tem mais alguem na NCR?" (language: Galactic Common) (Wasteland (45, 234, 2))
[2021-05-16 15:32:08.506] TCOMMS: Luiz20/(LUIZ BORGOS TERCEIRO) [Common] (spans:  ) "Bom dia" (language: Galactic Common) (Brotherhood of Steel 1st Floor Offices (235, 236, 3))
[2021-05-16 15:32:25.139] TCOMMS: kaduh/(Tomas Miller) [Common] (spans:  ) "De qual facçoes voce são?" (language: Galactic Common) (Wasteland (17, 242, 2))
[2021-05-16 15:33:23.748] TCOMMS: Luiz20/(LUIZ BORGOS TERCEIRO) [Common] (spans:  ) "Pra que voce quer saber?" (language: Galactic Common) (Brotherhood of Steel 1st Floor Offices (237, 236, 3))
[2021-05-16 15:33:52.938] TCOMMS: kaduh/(Tomas Miller) [Common] (spans:  ) "Diplomacia" (language: Galactic Common) (Wasteland (22, 195, 2))
[2021-05-16 15:33:57.310] TCOMMS: Luiz20/(LUIZ BORGOS TERCEIRO) [Common] (spans:  ) "Hm" (language: Galactic Common) (Brotherhood of Steel Leisure Areas (222, 232, 3))
[2021-05-16 15:34:29.405] TCOMMS: Luiz20/(LUIZ BORGOS TERCEIRO) [Common] (spans:  ) "Qual a sua?" (language: Galactic Common) (Brotherhood of Steel Operations Department (231, 220, 3))
[2021-05-16 15:35:19.597] TCOMMS: kaduh/(Tomas Miller) [Common] (spans:  ) "Peguei um radio no autolather sou wasteland" (language: Galactic Common) (NCR (33, 201, 2))
[2021-05-16 15:35:53.554] TCOMMS: nickenzo12345/(Aubrey Hujsak) [Common] (spans:  ) "Oasis pronto pra trocas" (language: Galactic Common) (City (59, 49, 2))
[2021-05-16 15:39:16.716] TCOMMS: nickenzo12345/(Aubrey Hujsak) [Common] (spans:  ) "Oasis pegou o hospital do seguidores do apocaltpse" (language: Galactic Common) (Wasteland (84, 60, 2))
[2021-05-16 15:40:06.724] TCOMMS: Luiz20/(LUIZ BORGOS TERCEIRO) [Common] (spans:  ) "Onde estão voces?" (language: Galactic Common) (Wasteland (233, 209, 2))
[2021-05-16 15:40:15.424] TCOMMS: nickenzo12345/(Aubrey Hujsak) [Common] (spans:  ) "To no hospital" (language: Galactic Common) (Followers of the Apocalypse (85, 50, 2))
[2021-05-16 15:40:21.880] TCOMMS: nickenzo12345/(Aubrey Hujsak) [Common] (spans:  ) "Do oasis agora" (language: Galactic Common) (Wasteland (82, 60, 2))
[2021-05-16 15:43:32.004] TCOMMS: Luiz20/(LUIZ BORGOS TERCEIRO) [Common] (spans:  ) "Muito sangue" (language: Galactic Common) (Tunnel (165, 5, 2))
[2021-05-16 15:43:48.942] TCOMMS: Luiz20/(LUIZ BORGOS TERCEIRO) [Common] (spans:  ) "Caralho" (language: Galactic Common) (Wasteland (127, 15, 2))
[2021-05-16 15:43:52.510] TCOMMS: Luiz20/(LUIZ BORGOS TERCEIRO) [Common] (spans:  ) "Tem muito corpo" (language: Galactic Common) (Wasteland (123, 15, 2))
