[2021-05-25 20:58:26.422] ASSET: Sending asset `tgui-common.chunk.js` to client `Kosolov325` as `tgui-common.chunk.js`
[2021-05-25 20:58:26.422] ASSET: Sending asset `tgui-panel.bundle.js` to client `Kosolov325` as `tgui-panel.bundle.js`
[2021-05-25 20:58:26.422] ASSET: Sending asset `tgui-panel.bundle.css` to client `Kosolov325` as `tgui-panel.bundle.css`
[2021-05-25 20:58:34.258] ASSET: Sending asset `fa-regular-400.eot` to client `Kosolov325` as `fa-regular-400.eot`
[2021-05-25 20:58:34.258] ASSET: Sending asset `fa-regular-400.woff` to client `Kosolov325` as `fa-regular-400.woff`
[2021-05-25 20:58:34.258] ASSET: Sending asset `fa-solid-900.eot` to client `Kosolov325` as `fa-solid-900.eot`
[2021-05-25 20:58:34.258] ASSET: Sending asset `fa-solid-900.woff` to client `Kosolov325` as `fa-solid-900.woff`
[2021-05-25 20:58:34.258] ASSET: Sending asset `font-awesome.css` to client `Kosolov325` as `font-awesome.css`
[2021-05-25 20:58:34.258] ASSET: Sending asset `v4shim.css` to client `Kosolov325` as `v4shim.css`
[2021-05-25 20:58:34.258] ASSET: Sending asset `spritesheet_chat.css` to client `Kosolov325` as `asset.e85d1081d7103b09a2e492fa24dbd97b.css`
[2021-05-25 20:58:34.258] ASSET: Sending asset `chat_16x16.png` to client `Kosolov325` as `asset.253bbc52a19928fa3bb250b9d2a425c6.png`
[2021-05-25 20:58:34.258] ASSET: Sending asset `chat_32x32.png` to client `Kosolov325` as `asset.9fb3455e39c1c40b9eb331534ba43cf4.png`
[2021-05-25 20:58:34.457] ASSET: Sending asset `padlock.png` to client `Kosolov325` as `padlock.png`
[2021-05-25 20:58:34.457] ASSET: Sending asset `common.css` to client `Kosolov325` as `asset.0860cded2abd3cfbf9ba06ae1cfa18fb.css`
[2021-05-25 20:58:35.608] ASSET: Sending asset `jquery.min.js` to client `Kosolov325` as `jquery.min.js`
[2021-05-25 21:02:21.153] ASSET: Sending asset `tgui-common.chunk.js` to client `GabrielDoomBR` as `tgui-common.chunk.js`
[2021-05-25 21:02:21.154] ASSET: Sending asset `tgui-panel.bundle.js` to client `GabrielDoomBR` as `tgui-panel.bundle.js`
[2021-05-25 21:02:21.154] ASSET: Sending asset `tgui-panel.bundle.css` to client `GabrielDoomBR` as `tgui-panel.bundle.css`
[2021-05-25 21:02:25.861] ASSET: Sending asset `fa-regular-400.eot` to client `GabrielDoomBR` as `fa-regular-400.eot`
[2021-05-25 21:02:25.861] ASSET: Sending asset `fa-regular-400.woff` to client `GabrielDoomBR` as `fa-regular-400.woff`
[2021-05-25 21:02:25.861] ASSET: Sending asset `fa-solid-900.eot` to client `GabrielDoomBR` as `fa-solid-900.eot`
[2021-05-25 21:02:25.861] ASSET: Sending asset `fa-solid-900.woff` to client `GabrielDoomBR` as `fa-solid-900.woff`
[2021-05-25 21:02:25.861] ASSET: Sending asset `font-awesome.css` to client `GabrielDoomBR` as `font-awesome.css`
[2021-05-25 21:02:25.862] ASSET: Sending asset `v4shim.css` to client `GabrielDoomBR` as `v4shim.css`
[2021-05-25 21:02:25.862] ASSET: Sending asset `spritesheet_chat.css` to client `GabrielDoomBR` as `asset.e85d1081d7103b09a2e492fa24dbd97b.css`
[2021-05-25 21:02:25.862] ASSET: Sending asset `chat_16x16.png` to client `GabrielDoomBR` as `asset.253bbc52a19928fa3bb250b9d2a425c6.png`
[2021-05-25 21:02:25.862] ASSET: Sending asset `chat_32x32.png` to client `GabrielDoomBR` as `asset.9fb3455e39c1c40b9eb331534ba43cf4.png`
[2021-05-25 21:02:26.062] ASSET: Sending asset `padlock.png` to client `GabrielDoomBR` as `padlock.png`
[2021-05-25 21:02:26.062] ASSET: Sending asset `common.css` to client `GabrielDoomBR` as `asset.0860cded2abd3cfbf9ba06ae1cfa18fb.css`
[2021-05-25 21:02:26.611] ASSET: Sending asset `jquery.min.js` to client `GabrielDoomBR` as `jquery.min.js`
[2021-05-25 21:03:13.538] ASSET: Sending asset `playeroptions.css` to client `GabrielDoomBR` as `asset.30872c7daa2d65e38f92772e971bf109.css`
[2021-05-25 21:04:24.202] ASSET: Sending asset `tgui-common.chunk.js` to client `Kosolov325` as `tgui-common.chunk.js`
[2021-05-25 21:04:24.203] ASSET: Sending asset `tgui-panel.bundle.js` to client `Kosolov325` as `tgui-panel.bundle.js`
[2021-05-25 21:04:24.203] ASSET: Sending asset `tgui-panel.bundle.css` to client `Kosolov325` as `tgui-panel.bundle.css`
[2021-05-25 21:04:34.138] ASSET: Sending asset `fa-regular-400.eot` to client `Kosolov325` as `fa-regular-400.eot`
[2021-05-25 21:04:34.138] ASSET: Sending asset `fa-regular-400.woff` to client `Kosolov325` as `fa-regular-400.woff`
[2021-05-25 21:04:34.138] ASSET: Sending asset `fa-solid-900.eot` to client `Kosolov325` as `fa-solid-900.eot`
[2021-05-25 21:04:34.138] ASSET: Sending asset `fa-solid-900.woff` to client `Kosolov325` as `fa-solid-900.woff`
[2021-05-25 21:04:34.138] ASSET: Sending asset `font-awesome.css` to client `Kosolov325` as `font-awesome.css`
[2021-05-25 21:04:34.138] ASSET: Sending asset `v4shim.css` to client `Kosolov325` as `v4shim.css`
[2021-05-25 21:04:34.139] ASSET: Sending asset `spritesheet_chat.css` to client `Kosolov325` as `asset.e85d1081d7103b09a2e492fa24dbd97b.css`
[2021-05-25 21:04:34.139] ASSET: Sending asset `chat_16x16.png` to client `Kosolov325` as `asset.253bbc52a19928fa3bb250b9d2a425c6.png`
[2021-05-25 21:04:34.139] ASSET: Sending asset `chat_32x32.png` to client `Kosolov325` as `asset.9fb3455e39c1c40b9eb331534ba43cf4.png`
[2021-05-25 21:04:34.455] ASSET: Sending asset `padlock.png` to client `Kosolov325` as `padlock.png`
[2021-05-25 21:04:34.455] ASSET: Sending asset `common.css` to client `Kosolov325` as `asset.0860cded2abd3cfbf9ba06ae1cfa18fb.css`
[2021-05-25 21:04:36.152] ASSET: Sending asset `jquery.min.js` to client `Kosolov325` as `jquery.min.js`
[2021-05-25 21:05:06.661] ASSET: Sending asset `playeroptions.css` to client `Kosolov325` as `asset.30872c7daa2d65e38f92772e971bf109.css`
[2021-05-25 21:07:38.578] ASSET: Sending asset `asset.b641ef6d9543aeaeb7102956a005f048.png` to client `Kosolov325` as `asset.a1441cfb8aa8dd89ee1518aa17927b6b.png`
[2021-05-25 21:07:48.021] ASSET: Sending asset `asset.21c7744691b6fa561b6c3e150cd8965f.png` to client `Kosolov325` as `asset.aa1f656679c537878e6b5cffef520def.png`
