[2021-05-25 20:56:57.164] Starting up round ID 37.
 - -------------------------
[2021-05-25 21:03:20.507] ATTACK: *no key*/(mother deathclaw) has attacked *no key*/(molerat) (NEWHP: 25)  (Bunker (19, 119, 3))
[2021-05-25 21:03:22.105] ATTACK: *no key*/(young cazador) has attacked *no key*/(legendary super mutant) (NEWHP: 950)  (Bunker (62, 234, 4))
[2021-05-25 21:03:22.137] ATTACK: *no key*/(cazador) has attacked *no key*/(legendary super mutant) (NEWHP: 950)  (Bunker (61, 233, 4))
[2021-05-25 21:03:22.140] ATTACK: *no key*/(legendary super mutant) has attacked *no key*/(young cazador) (NEWHP: 40)  (Bunker (62, 233, 4))
[2021-05-25 21:03:22.143] ATTACK: *no key*/(cazador) has attacked *no key*/(legendary super mutant) (NEWHP: 930)  (Bunker (61, 232, 4))
[2021-05-25 21:03:22.148] ATTACK: *no key*/(molerat) has attacked *no key*/(deathclaw) (NEWHP: 750)  (Tunnel (26, 120, 3))
[2021-05-25 21:03:22.154] ATTACK: *no key*/(deathclaw) has attacked *no key*/(molerat) (NEWHP: 25)  (Tunnel (25, 120, 3))
[2021-05-25 21:03:23.689] ATTACK: *no key*/(cazador) has attacked *no key*/(legendary super mutant) (NEWHP: 910)  (Bunker (63, 234, 4))
[2021-05-25 21:03:23.693] ATTACK: *no key*/(young cazador) has attacked *no key*/(legendary super mutant) (NEWHP: 890)  (Bunker (61, 234, 4))
[2021-05-25 21:03:23.695] ATTACK: *no key*/(young cazador) has attacked *no key*/(legendary super mutant) (NEWHP: 890)  (Bunker (62, 234, 4))
[2021-05-25 21:03:23.697] ATTACK: *no key*/(cazador) has attacked *no key*/(legendary super mutant) (NEWHP: 890)  (Bunker (61, 233, 4))
[2021-05-25 21:03:23.699] ATTACK: *no key*/(legendary super mutant) has attacked *no key*/(cazador) (NEWHP: 40)  (Bunker (62, 233, 4))
[2021-05-25 21:03:23.710] ATTACK: *no key*/(feral dog) has attacked *no key*/(feral ghoul reaver) (NEWHP: 150)  (Village (182, 117, 2))
[2021-05-25 21:03:23.712] ATTACK: *no key*/(feral ghoul reaver) has attacked *no key*/(feral dog) (NEWHP: 60)  (Village (181, 117, 2))
[2021-05-25 21:03:25.245] ATTACK: *no key*/(cazador) has attacked *no key*/(legendary super mutant) (NEWHP: 870)  (Bunker (63, 234, 4))
[2021-05-25 21:03:25.247] ATTACK: *no key*/(young cazador) has attacked *no key*/(legendary super mutant) (NEWHP: 850)  (Bunker (61, 234, 4))
[2021-05-25 21:03:25.249] ATTACK: *no key*/(young cazador) has attacked *no key*/(legendary super mutant) (NEWHP: 850)  (Bunker (62, 234, 4))
[2021-05-25 21:03:25.251] ATTACK: *no key*/(cazador) has attacked *no key*/(legendary super mutant) (NEWHP: 850)  (Bunker (61, 233, 4))
[2021-05-25 21:03:25.254] ATTACK: *no key*/(legendary super mutant) has attacked *no key*/(cazador) (NEWHP: 40)  (Bunker (62, 233, 4))
[2021-05-25 21:03:25.267] ATTACK: *no key*/(feral dog) has attacked *no key*/(feral ghoul reaver) (NEWHP: 130)  (Village (182, 117, 2))
[2021-05-25 21:03:25.269] ATTACK: *no key*/(feral ghoul reaver) has attacked *no key*/(feral dog) (NEWHP: 35)  (Village (181, 117, 2))
[2021-05-25 21:03:27.114] ATTACK: *no key*/(cazador) has attacked *no key*/(legendary super mutant) (NEWHP: 830)  (Bunker (63, 234, 4))
[2021-05-25 21:03:27.116] ATTACK: *no key*/(young cazador) has attacked *no key*/(legendary super mutant) (NEWHP: 810)  (Bunker (61, 234, 4))
[2021-05-25 21:03:27.118] ATTACK: *no key*/(young cazador) has attacked *no key*/(legendary super mutant) (NEWHP: 810)  (Bunker (62, 234, 4))
[2021-05-25 21:03:27.127] ATTACK: *no key*/(feral dog) has attacked *no key*/(feral ghoul reaver) (NEWHP: 110)  (Village (182, 117, 2))
[2021-05-25 21:03:27.145] ATTACK: *no key*/(feral ghoul reaver) has attacked *no key*/(feral dog) (NEWHP: 10)  (Village (181, 117, 2))
[2021-05-25 21:03:29.104] ATTACK: *no key*/(cazador) has attacked *no key*/(legendary super mutant) (NEWHP: 810)  (Bunker (63, 234, 4))
[2021-05-25 21:03:29.107] ATTACK: *no key*/(young cazador) has attacked *no key*/(legendary super mutant) (NEWHP: 790)  (Bunker (61, 234, 4))
[2021-05-25 21:03:29.109] ATTACK: *no key*/(young cazador) has attacked *no key*/(legendary super mutant) (NEWHP: 790)  (Bunker (62, 234, 4))
[2021-05-25 21:03:29.111] ATTACK: *no key*/(legendary super mutant) has attacked *no key*/(cazador) (NEWHP: 40)  (Bunker (62, 233, 4))
[2021-05-25 21:03:31.105] ATTACK: *no key*/(young cazador) has attacked *no key*/(legendary super mutant) (NEWHP: 790)  (Bunker (61, 234, 4))
[2021-05-25 21:03:31.107] ATTACK: *no key*/(young cazador) has attacked *no key*/(legendary super mutant) (NEWHP: 790)  (Bunker (62, 234, 4))
[2021-05-25 21:03:33.107] ATTACK: *no key*/(young cazador) has attacked *no key*/(legendary super mutant) (NEWHP: 790)  (Bunker (61, 234, 4))
[2021-05-25 21:03:33.109] ATTACK: *no key*/(young cazador) has attacked *no key*/(legendary super mutant) (NEWHP: 790)  (Bunker (62, 234, 4))
[2021-05-25 21:03:33.111] ATTACK: *no key*/(legendary super mutant) has attacked *no key*/(young cazador) (NEWHP: 40)  (Bunker (62, 233, 4))
[2021-05-25 21:03:35.113] ATTACK: *no key*/(young cazador) has attacked *no key*/(legendary super mutant) (NEWHP: 790)  (Bunker (62, 234, 4))
[2021-05-25 21:03:37.115] ATTACK: *no key*/(young cazador) has attacked *no key*/(legendary super mutant) (NEWHP: 790)  (Bunker (62, 234, 4))
[2021-05-25 21:03:39.549] ATTACK: *no key*/(young cazador) has attacked *no key*/(legendary super mutant) (NEWHP: 790)  (Bunker (60, 232, 4))
[2021-05-25 21:03:41.117] ATTACK: *no key*/(young cazador) has attacked *no key*/(legendary super mutant) (NEWHP: 790)  (Bunker (60, 232, 4))
[2021-05-25 21:03:41.121] ATTACK: *no key*/(cazador) has attacked *no key*/(legendary super mutant) (NEWHP: 790)  (Bunker (58, 233, 4))
[2021-05-25 21:03:43.144] ATTACK: *no key*/(young cazador) has attacked *no key*/(legendary super mutant) (NEWHP: 770)  (Bunker (60, 232, 4))
[2021-05-25 21:03:43.147] ATTACK: *no key*/(legendary super mutant) has attacked *no key*/(cazador) (NEWHP: 40)  (Bunker (59, 232, 4))
[2021-05-25 21:03:45.161] ATTACK: *no key*/(young cazador) has attacked *no key*/(legendary super mutant) (NEWHP: 770)  (Bunker (60, 232, 4))
[2021-05-25 21:03:47.461] ATTACK: *no key*/(young cazador) has attacked *no key*/(legendary super mutant) (NEWHP: 770)  (Bunker (60, 232, 4))
[2021-05-25 21:03:47.464] ATTACK: *no key*/(legendary super mutant) has attacked *no key*/(young cazador) (NEWHP: 40)  (Bunker (59, 232, 4))
[2021-05-25 21:03:51.727] ATTACK: *no key*/(feral ghoul reaver) has attacked *no key*/(feral dog) (NEWHP: 60)  (Wasteland (183, 118, 2))
[2021-05-25 21:03:51.734] ATTACK: *no key*/(feral dog) has attacked *no key*/(feral ghoul reaver) (NEWHP: 90)  (Wasteland (183, 119, 2))
[2021-05-25 21:03:53.235] ATTACK: *no key*/(feral ghoul reaver) has attacked *no key*/(feral dog) (NEWHP: 35)  (Wasteland (183, 118, 2))
[2021-05-25 21:03:53.242] ATTACK: *no key*/(feral dog) has attacked *no key*/(feral ghoul reaver) (NEWHP: 70)  (Wasteland (183, 119, 2))
[2021-05-25 21:03:55.180] ATTACK: *no key*/(feral ghoul reaver) has attacked *no key*/(feral dog) (NEWHP: 10)  (Wasteland (183, 118, 2))
[2021-05-25 21:05:38.430] ATTACK: *no key*/(big horner) has attacked *no key*/(big horner) (NEWHP: 120)  (Wasteland (142, 10, 2))
[2021-05-25 21:05:40.434] ATTACK: *no key*/(big horner) has attacked *no key*/(big horner) (NEWHP: 95)  (Wasteland (142, 10, 2))
[2021-05-25 21:05:44.501] ATTACK: *no key*/(big horner) has attacked *no key*/(big horner) (NEWHP: 120)  (Wasteland (142, 10, 2))
[2021-05-25 21:05:46.453] ATTACK: *no key*/(cazador) has attacked *no key*/(brahmin) (NEWHP: 50)  (Farm (105, 116, 2))
[2021-05-25 21:05:48.464] ATTACK: *no key*/(big horner) has attacked *no key*/(big horner) (NEWHP: 72)  (Wasteland (141, 9, 2))
[2021-05-25 21:05:48.467] ATTACK: *no key*/(cazador) has attacked *no key*/(brahmin) (NEWHP: 30)  (Farm (105, 116, 2))
[2021-05-25 21:05:50.466] ATTACK: *no key*/(big horner) has attacked *no key*/(big horner) (NEWHP: 49)  (Wasteland (141, 9, 2))
[2021-05-25 21:05:50.470] ATTACK: *no key*/(cazador) has attacked *no key*/(brahmin) (NEWHP: 10)  (Farm (105, 116, 2))
[2021-05-25 21:05:52.466] ATTACK: *no key*/(big horner) has attacked *no key*/(big horner) (NEWHP: 95)  (Wasteland (142, 10, 2))
[2021-05-25 21:05:52.469] ATTACK: *no key*/(big horner) has attacked *no key*/(big horner) (NEWHP: 26)  (Wasteland (141, 9, 2))
[2021-05-25 21:05:54.477] ATTACK: *no key*/(big horner) has attacked *no key*/(big horner) (NEWHP: 70)  (Wasteland (142, 10, 2))
[2021-05-25 21:05:54.480] ATTACK: *no key*/(big horner) has attacked *no key*/(big horner) (NEWHP: 3)  (Wasteland (141, 9, 2))
[2021-05-25 21:05:56.479] ATTACK: *no key*/(cazador) has attacked *no key*/(brahmin) (NEWHP: 50)  (Farm (107, 117, 2))
[2021-05-25 21:05:58.480] ATTACK: *no key*/(cazador) has attacked *no key*/(brahmin) (NEWHP: 30)  (Farm (107, 117, 2))
[2021-05-25 21:06:00.477] ATTACK: *no key*/(big horner) has attacked *no key*/(big horner) (NEWHP: 120)  (Wasteland (142, 10, 2))
[2021-05-25 21:06:00.481] ATTACK: *no key*/(cazador) has attacked *no key*/(brahmin) (NEWHP: 10)  (Farm (107, 117, 2))
[2021-05-25 21:06:02.482] ATTACK: *no key*/(big horner) has attacked *no key*/(big horner) (NEWHP: 96)  (Wasteland (142, 10, 2))
[2021-05-25 21:06:06.506] ATTACK: *no key*/(big horner) has attacked *no key*/(big horner) (NEWHP: 45)  (Wasteland (143, 10, 2))
[2021-05-25 21:06:06.509] ATTACK: *no key*/(big horner) has attacked *no key*/(big horner) (NEWHP: 72)  (Wasteland (142, 10, 2))
[2021-05-25 21:06:06.511] ATTACK: *no key*/(cazador) has attacked *no key*/(brahmin) (NEWHP: 50)  (Farm (104, 118, 2))
[2021-05-25 21:06:08.507] ATTACK: *no key*/(big horner) has attacked *no key*/(big horner) (NEWHP: 21)  (Wasteland (143, 10, 2))
[2021-05-25 21:06:08.510] ATTACK: *no key*/(cazador) has attacked *no key*/(brahmin) (NEWHP: 30)  (Farm (104, 118, 2))
[2021-05-25 21:06:10.510] ATTACK: *no key*/(cazador) has attacked *no key*/(brahmin) (NEWHP: 10)  (Farm (104, 118, 2))
[2021-05-25 21:06:16.528] ATTACK: *no key*/(cazador) has attacked *no key*/(brahmin) (NEWHP: 50)  (Farm (102, 116, 2))
[2021-05-25 21:06:18.528] ATTACK: *no key*/(cazador) has attacked *no key*/(brahmin) (NEWHP: 30)  (Farm (102, 116, 2))
[2021-05-25 21:06:20.531] ATTACK: *no key*/(cazador) has attacked *no key*/(brahmin) (NEWHP: 10)  (Farm (102, 116, 2))
[2021-05-25 21:07:51.223] ATTACK: *no key*/(cazador) has attacked *no key*/(feral ghoul) (NEWHP: 80)  (Wasteland (80, 129, 2))
[2021-05-25 21:07:51.226] ATTACK: *no key*/(feral ghoul) has attacked *no key*/(cazador) (NEWHP: 40)  (Wasteland (80, 130, 2))
[2021-05-25 21:07:53.220] ATTACK: *no key*/(cazador) has attacked *no key*/(feral ghoul) (NEWHP: 60)  (Wasteland (80, 129, 2))
[2021-05-25 21:07:53.222] ATTACK: *no key*/(feral ghoul) has attacked *no key*/(cazador) (NEWHP: 25)  (Wasteland (80, 130, 2))
[2021-05-25 21:07:55.228] ATTACK: *no key*/(cazador) has attacked *no key*/(feral ghoul) (NEWHP: 40)  (Wasteland (80, 129, 2))
[2021-05-25 21:07:55.232] ATTACK: *no key*/(feral ghoul) has attacked *no key*/(cazador) (NEWHP: 10)  (Wasteland (80, 130, 2))
