[2021-05-18 15:47:13.251] TGS Info: Activating API for version 3.2.6.2
[2021-05-18 15:47:13.264] runtime error: list index out of bounds
 - proc name: OnWorldNew (/datum/tgs_api/v3210/OnWorldNew)
 -   source file: api.dm,69
 -   usr: null
 -   src: /datum/tgs_api/v3210 (/datum/tgs_api/v3210)
 -   call stack:
 - /datum/tgs_api/v3210 (/datum/tgs_api/v3210): OnWorldNew(0)
 - world: TgsNew(/datum/tgs_event_handler/impl (/datum/tgs_event_handler/impl), 0)
 - world: InitTgs()
 - world: New()
 - 
[2021-05-18 15:47:13.264] TGS Error: Failed to activate API!
[2021-05-18 15:47:13.267] Running /tg/ revision: 
 - No commit information
[2021-05-18 15:47:13.284] Loading config file config.txt...
[2021-05-18 15:47:13.288] Loading config file game_options.txt...
[2021-05-18 15:47:13.298] Loading config file dbconfig.txt...
[2021-05-18 15:47:13.301] Loading config file comms.txt...
[2021-05-18 15:47:13.302] Loading config file antag_rep.txt...
[2021-05-18 15:47:13.304] Loading config file resources.txt...
[2021-05-18 15:47:13.305] Loading config file donator_groupings.txt...
[2021-05-18 15:47:13.306] Loading config file dynamic_config.txt...
[2021-05-18 15:47:13.318] Loading config file plushies/defines.txt...
[2021-05-18 15:47:13.320] Loading config file job_threats.txt...
[2021-05-18 15:47:13.321] Loading config file policy.txt...
[2021-05-18 15:47:13.327] Loading config file maps.txt...
[2021-05-18 15:47:13.367] Database connection established.
[2021-05-18 15:47:13.369] SQL: Could not get schema version from database
