[2021-05-18 15:47:13.378] Starting up round ID 20.
 - -------------------------
[2021-05-18 15:51:15.433] Matheusgp9999 \ Nykix Nywt \ Wastelander \ NONE \ LATEJOIN
[2021-05-18 15:51:19.514] Coffee_MasterOri \ Amir Turner \ Outlaw \ NONE \ LATEJOIN
[2021-05-18 15:51:20.513] AlbertoVinhofino \ Jonah Paynter \ NCR Combat Medic \ NONE \ LATEJOIN
[2021-05-18 15:51:30.064] Aert \ Keziah Wright \ NCR Sergeant \ NONE \ LATEJOIN
[2021-05-18 15:51:48.053] Jhonatan lima \ Luicio Notav \ NCR Ranger \ NONE \ LATEJOIN
[2021-05-18 15:51:57.675] 2006F \ Paget Chauvin \ Enclave Lieutenant \ NONE \ LATEJOIN
[2021-05-18 15:52:45.193] Baeiou \ Roderick Malkav \ Enclave Private \ NONE \ LATEJOIN
[2021-05-18 15:54:43.057] AlexAlbright \ Kenneth Isaman \ Legion Explorer \ NONE \ LATEJOIN
[2021-05-18 15:54:54.031] Gatossj \ John Grave \ Wastelander \ NONE \ LATEJOIN
[2021-05-18 15:58:52.489] NizimGamer \ Nizin Veerriene Primeiro \ Outlaw \ NONE \ LATEJOIN
[2021-05-18 15:59:46.320] Bruno-Asbahr \ Montagne Marshall \ Wastelander \ NONE \ LATEJOIN
[2021-05-18 16:01:03.027] N0fun \ Kyra Taggart \ NCR Ranger \ NONE \ LATEJOIN
[2021-05-18 16:01:15.264] Thebanana3 \ Michelle Mingle \ Mayor \ NONE \ LATEJOIN
[2021-05-18 16:02:21.800] OvelhaCosmica \ Adam Alves \ Outlaw \ NONE \ LATEJOIN
[2021-05-18 16:05:18.030] AlexAlbright \ Alex Magnus Primeiro \ Prime Legionary \ NONE \ LATEJOIN
[2021-05-18 16:06:20.726] thebanana3 \ Haylie Mcmullen \ Enclave Sergant \ NONE \ LATEJOIN
[2021-05-18 16:06:34.151] Luciam \ Victoria Valentine \ Enclave Sergant \ NONE \ LATEJOIN
[2021-05-18 16:26:15.415] GabrielDoomBR \ Baam Frest \ NCR Corporal \ NONE \ LATEJOIN
[2021-05-18 16:31:25.009] SondTheAnime \ Kane Lens \ Enclave Private \ NONE \ LATEJOIN
[2021-05-18 16:45:55.158] Syndi-Pudim \ James Betrayon \ Shopkeeper \ NONE \ LATEJOIN
[2021-05-18 16:55:37.159] FidgetyBacchus \ Klem \ Wastelander \ NONE \ LATEJOIN
[2021-05-18 16:59:23.205] syndipudim \ Josephine Duncan \ Sheriff \ NONE \ LATEJOIN
[2021-05-18 17:09:45.189] Eversonblr \ Miguel Hastings \ Head Scribe \ NONE \ LATEJOIN
[2021-05-18 17:16:51.277] John_egbert3 \ Borgos Comiamaedoluiz \ NCR Ranger \ NONE \ LATEJOIN
[2021-05-18 17:22:33.592] SpookyPineapple \ Cuoymedor Deborgos \ Outlaw \ NONE \ LATEJOIN
[2021-05-18 17:38:52.227] luciam \ Skarlet D'Luker \ Auxilia \ NONE \ LATEJOIN
[2021-05-18 18:07:33.992] sondtheanime \ Courier \ Head Paladin \ NONE \ LATEJOIN
[2021-05-18 18:31:20.494] Nickenzo12345 \ Madilyn Kelly \ Wastelander \ NONE \ LATEJOIN
[2021-05-18 18:51:14.870] alexalbright \ Alexadre Magnus Segundo \ Veteran Legionary \ NONE \ LATEJOIN
[2021-05-18 19:07:45.466] luciam \ Luciam D'Luker \ Auxilia \ NONE \ LATEJOIN
[2021-05-18 19:10:12.648] MarineSA \ Rylan Harrison \ Veteran Legionary \ NONE \ LATEJOIN
[2021-05-18 19:20:18.801] JP0809 \ Leonardo Bickerson \ Enclave Private \ NONE \ LATEJOIN
[2021-05-18 19:29:47.942] thebanana3 \ Amelia Sholl \ Head Hunter \ NONE \ LATEJOIN
[2021-05-18 19:31:50.884] dantethanatos \ Dr Oswald Casket \ NCR Medical Officer \ NONE \ LATEJOIN
[2021-05-18 19:33:40.298] 2006f \ Adam Ramos \ Followers Administrator \ NONE \ LATEJOIN
[2021-05-18 19:35:27.046] Hexfive \ Marco Silva \ Citizen \ NONE \ LATEJOIN
[2021-05-18 19:40:38.067] OvelhaCosmica \ Adam Alves Segundo \ Outlaw \ NONE \ LATEJOIN
[2021-05-18 19:41:48.984] jp0809 \ Jon Doe \ Enclave Private \ NONE \ LATEJOIN
[2021-05-18 19:56:39.821] nickenzo12345 \ Charlie Zeal \ Legion Venator \ NONE \ LATEJOIN
[2021-05-18 19:57:34.449] Guilhty \ Jorge \ Outlaw \ NONE \ LATEJOIN
[2021-05-18 20:01:38.617] alexalbright \ Alex Albright Terceiro \ Legion Prime Decanus \ NONE \ LATEJOIN
[2021-05-18 20:02:28.556] AkamaruBR \ Akaigo Bia \ Wastelander \ NONE \ LATEJOIN
[2021-05-18 20:07:45.080] nickenzo12345 \ Dane Robertson \ Legion Explorer \ NONE \ LATEJOIN
[2021-05-18 20:09:32.272] fidgetybacchus \ Yuri Daruski \ Paladin \ NONE \ LATEJOIN
[2021-05-18 20:11:24.663] Shirozinha \ Tio Osso \ Legion Centurion \ NONE \ LATEJOIN
[2021-05-18 20:14:36.356] spookypineapple \ Hitler Obama Jesus \ Head Knight \ NONE \ LATEJOIN
[2021-05-18 20:17:22.642] nickenzo12345 \ Abby Archibald \ NCR Sergeant First Class \ NONE \ LATEJOIN
[2021-05-18 20:18:43.742] shirozinha \ Joseph Joestar \ Veteran Legionary \ NONE \ LATEJOIN
[2021-05-18 20:21:27.039] alexalbright \ Alex Magnus II \ Recruit Legionary \ NONE \ LATEJOIN
[2021-05-18 20:21:49.267] Torne saien \ Dakota Bunten \ Paladin \ NONE \ LATEJOIN
[2021-05-18 20:22:04.912] johnegbert3 \ Borgos Comiamaedofelipe \ Hunter \ NONE \ LATEJOIN
[2021-05-18 20:22:56.114] shirozinha \ Eugenia Pritchard \ Prime Legionary \ NONE \ LATEJOIN
[2021-05-18 20:23:03.786] Kulzcow \ Derek Ackerley \ Star Paladin \ NONE \ LATEJOIN
[2021-05-18 20:23:37.863] ThuxTK \ Alejandra Swabey \ BoS Off-Duty \ NONE \ LATEJOIN
[2021-05-18 20:24:51.379] ovelhacosmica \ Adam Alves Terceiro \ Outlaw \ NONE \ LATEJOIN
[2021-05-18 20:25:44.753] nickenzo12345 \ Brooke Muller \ Outlaw \ NONE \ LATEJOIN
[2021-05-18 20:26:31.789] 2006f \ Monty Gettemy \ Outlaw \ NONE \ LATEJOIN
[2021-05-18 20:29:32.049] Harm Brade \ Tristen Jenner \ Star Paladin \ NONE \ LATEJOIN
[2021-05-18 20:30:02.363] Comicao1 \ Allah HamduliLyah \ Outlaw \ NONE \ LATEJOIN
[2021-05-18 20:30:31.565] Zero9e1 \ Noton \ Detective \ NONE \ LATEJOIN
[2021-05-18 20:33:32.285] 2006f \ Rastus Stephenson \ Shopkeeper \ NONE \ LATEJOIN
[2021-05-18 20:34:05.469] guilhty \ Pedro \ Outlaw \ NONE \ LATEJOIN
[2021-05-18 20:38:08.551] gabrieldoombr \ Keaton Sandford \ NCR Veteran Ranger \ NONE \ LATEJOIN
[2021-05-18 20:40:07.364] n0fun \ Peter Quill \ NCR Trooper \ NONE \ LATEJOIN
[2021-05-18 20:40:29.116] aert \ Star Kaur \ NCR Trooper \ NONE \ LATEJOIN
[2021-05-18 20:42:46.871] 2006f \ Caleb Fraser \ Overseer \ NONE \ LATEJOIN
[2021-05-18 20:43:27.700] alexalbright \ Noah Griffiths \ Legion Explorer \ NONE \ LATEJOIN
[2021-05-18 20:43:31.107] shirozinha \ Marvin Sullivan \ NCR Lieutenant \ NONE \ LATEJOIN
[2021-05-18 20:44:00.777] Luciam \ Dav Jones \ Legion Veteran Decanus \ NONE \ LATEJOIN
[2021-05-18 20:44:31.217] spookypineapple \ Payde Vinicius \ Knight \ NONE \ LATEJOIN
[2021-05-18 20:44:42.842] InicialPlayss \ Rayan Lindgrey \ Wastelander \ NONE \ LATEJOIN
[2021-05-18 20:44:59.480] thebanana3 \ Wendy Ehret \ Star Knight \ NONE \ LATEJOIN
[2021-05-18 20:46:57.021] thuxtk \ Kate Pinney \ Star Knight \ NONE \ LATEJOIN
[2021-05-18 20:47:12.168] Xandi_Masculu \ Jeremus Hardson \ Prime Legionary \ NONE \ LATEJOIN
[2021-05-18 20:48:30.236] StinkethStonketh \ Tyson Teagarden \ Enclave Private \ NONE \ LATEJOIN
[2021-05-18 20:51:55.234] tornesaien \ Jamie Boyer \ BoS Off-Duty \ NONE \ LATEJOIN
[2021-05-18 20:52:16.009] spookypineapple \ Brunao Tonhao \ Proctor \ NONE \ LATEJOIN
[2021-05-18 20:52:19.460] thebanana3 \ Isabel Williams \ Auxilia \ NONE \ LATEJOIN
[2021-05-18 20:52:20.237] comicao1 \ Justin Sulyard \ NCR Ranger \ NONE \ LATEJOIN
[2021-05-18 20:52:48.016] alexalbright \ Carter Riker \ Recruit Legionary \ NONE \ LATEJOIN
[2021-05-18 20:53:00.845] stinkethstonketh \ Ezekiel Spock \ NCR Veteran Ranger \ NONE \ LATEJOIN
[2021-05-18 20:53:04.457] tornesaien \ Default Cyborg Name \ Cyborg \ NONE \ LATEJOIN
[2021-05-18 20:54:23.877] thuxtk \ Allegria Ryals \ Knight \ NONE \ LATEJOIN
[2021-05-18 20:54:48.285] tornesaien \ Brycen Sheets \ Initiate \ NONE \ LATEJOIN
[2021-05-18 20:55:33.260] aert \ Elaina Siegrist \ NCR Trooper \ NONE \ LATEJOIN
[2021-05-18 20:55:37.970] gabrieldoombr \ Israel Murray \ NCR Trooper \ NONE \ LATEJOIN
[2021-05-18 20:56:37.186] shirozinha \ Dio Brandom \ Proctor \ NONE \ LATEJOIN
[2021-05-18 20:56:48.570] thebanana3 \ Marisol Mingle \ Legion Recruit Decanus \ NONE \ LATEJOIN
[2021-05-18 20:57:01.777] eversonblr \ Caitlin Ackerley \ Knight \ NONE \ LATEJOIN
[2021-05-18 20:57:05.996] n0fun \ Ronald Schmidt \ NCR Trooper \ NONE \ LATEJOIN
[2021-05-18 20:58:01.796] Xandi_Masculu \ Carlos Batista \ Great Khan \ NONE \ LATEJOIN
[2021-05-18 20:58:14.778] Aedaris \ Yurin Femboulos \ Outlaw \ NONE \ LATEJOIN
[2021-05-18 20:59:48.508] kulzcow \ Fulton Demuth \ Wastelander \ NONE \ LATEJOIN
[2021-05-18 21:00:15.155] stinkethstonketh \ Flick Berkheimer \ Scribe \ NONE \ LATEJOIN
[2021-05-18 21:01:23.588] sondtheanime \ Chandler Clewett \ Initiate \ NONE \ LATEJOIN
[2021-05-18 21:02:56.841] comicao1 \ Donald Draudy \ NCR Trooper \ NONE \ LATEJOIN
[2021-05-18 21:03:32.113] eversonblr \ Jayden Hastings \ BoS Off-Duty \ NONE \ LATEJOIN
[2021-05-18 21:09:03.895] comicao1 \ Elijah Mason \ NCR Corporal \ NONE \ LATEJOIN
[2021-05-18 21:10:29.883] eversonblr \ Connor Easter \ BoS Off-Duty \ NONE \ LATEJOIN
[2021-05-18 21:10:53.758] thebanana3 \ Sherill Christman \ Legion Vexillarius \ NONE \ LATEJOIN
[2021-05-18 21:12:05.749] zero9e1 \ Seth Lord \ NCR Combat Medic \ NONE \ LATEJOIN
[2021-05-18 21:14:36.477] sondtheanime \ Cash Callison \ Initiate \ NONE \ LATEJOIN
[2021-05-18 21:15:24.913] spookypineapple \ Tonhao Brunhao \ BoS Off-Duty \ NONE \ LATEJOIN
[2021-05-18 21:16:17.141] eversonblr \ Nasir Pritchard \ BoS Off-Duty \ NONE \ LATEJOIN
[2021-05-18 21:16:20.220] sondtheanime \ Max Mikhaylov \ Scribe \ NONE \ LATEJOIN
[2021-05-18 21:17:24.993] eversonblr \ Jaynie Day \ Scribe \ NONE \ LATEJOIN
[2021-05-18 21:19:08.202] sondtheanime \ Josiah Russell \ BoS Off-Duty \ NONE \ LATEJOIN
[2021-05-18 21:19:48.337] n0fun \ Roscoe Mortland \ NCR Sergeant \ NONE \ LATEJOIN
[2021-05-18 21:19:58.665] Torne saien \ Maximilian Power \ NCR Combat Engineer \ NONE \ LATEJOIN
[2021-05-18 21:24:16.919] eversonblr \ Savanna Scherer \ BoS Off-Duty \ NONE \ LATEJOIN
[2021-05-18 21:24:27.442] spookypineapple \ Brunhao Tonhao \ Prospector \ NONE \ LATEJOIN
[2021-05-18 21:31:35.255] eversonblr \ Melvyn Hunt \ Wastelander \ NONE \ LATEJOIN
