[2021-05-18 15:47:13.383] Starting up round ID 20.
 - -------------------------
[2021-05-18 15:47:14.546] INIT: Initialized Profiler subsystem within 0 seconds!
[2021-05-18 15:47:14.694] Fail2Topic: Failed to drop firewall rule. Exit code: 1.
[2021-05-18 15:47:14.694] INIT: Initialized Fail2Topic subsystem within 0.1 seconds!
[2021-05-18 15:47:14.723] INIT: Initialized Title Screen subsystem within 0.1 seconds!
[2021-05-18 15:47:14.724] INIT: Initialized Database subsystem within 0 seconds!
[2021-05-18 15:47:14.724] INIT: Initialized Stat Panels subsystem within 0 seconds!
[2021-05-18 15:47:14.725] INIT: Initialized Blackbox subsystem within 0 seconds!
[2021-05-18 15:47:14.726] INIT: Initialized Server Tasks subsystem within 0 seconds!
[2021-05-18 15:47:14.727] INIT: Initialized Input subsystem within 0 seconds!
[2021-05-18 15:47:14.730] INIT: Initialized Sounds subsystem within 0 seconds!
[2021-05-18 15:47:14.730] INIT: Initialized Vis contents overlays subsystem within 0 seconds!
[2021-05-18 15:47:14.794] INIT: Initialized Research subsystem within 0 seconds!
[2021-05-18 15:47:14.797] INIT: Initialized Events subsystem within 0 seconds!
[2021-05-18 15:47:14.802] INIT: Initialized Jobs subsystem within 0.1 seconds!
[2021-05-18 15:47:14.805] INIT: Initialized Quirks subsystem within 0 seconds!
[2021-05-18 15:47:14.819] INIT: Initialized Ticker subsystem within 0 seconds!
[2021-05-18 15:47:14.843] INIT: Initialized Instruments subsystem within 0 seconds!
[2021-05-18 15:47:32.706] INIT: Initialized Mapping subsystem within 17.9 seconds!
[2021-05-18 15:47:32.707] INIT: Initialized Economy subsystem within 0 seconds!
[2021-05-18 15:47:32.709] INIT: Initialized Networks subsystem within 0 seconds!
[2021-05-18 15:47:32.710] INIT: Initialized Holodeck subsystem within 0 seconds!
[2021-05-18 15:48:21.609] INIT: Initialized Atoms subsystem within 48.9 seconds!
[2021-05-18 15:48:21.640] INIT: Initialized Language subsystem within 0 seconds!
[2021-05-18 15:48:21.666] INIT: Initialized Machines subsystem within 0 seconds!
[2021-05-18 15:48:21.758] INIT: Initialized Circuit subsystem within 0.1 seconds!
[2021-05-18 15:48:22.002] INIT: Initialized Atmos Adjacency subsystem within 0.3 seconds!
[2021-05-18 15:48:22.003] INIT: Initialized Autotransfer Vote subsystem within 0 seconds!
[2021-05-18 15:48:22.003] INIT: Initialized Chemistry subsystem within 0 seconds!
[2021-05-18 15:48:22.003] INIT: Initialized Status Effects subsystem within 0 seconds!
[2021-05-18 15:48:22.006] INIT: Initialized Weather subsystem within 0 seconds!
[2021-05-18 15:48:22.011] INIT: Initialized Disease subsystem within 0 seconds!
[2021-05-18 15:48:22.012] INIT: Initialized Item Spawners subsystem within 0 seconds!
[2021-05-18 15:48:22.012] INIT: Initialized Jukeboxes subsystem within 0 seconds!
[2021-05-18 15:48:22.012] INIT: Initialized Medals subsystem within 0 seconds!
[2021-05-18 15:48:23.144] INIT: Initialized Minimaps subsystem within 1.1 seconds!
[2021-05-18 15:48:23.160] INIT: Initialized Mob Spawners subsystem within 0 seconds!
[2021-05-18 15:48:23.160] INIT: Initialized Monster Wave subsystem within 0 seconds!
[2021-05-18 15:48:23.161] INIT: Initialized Day/Night Cycle subsystem within 0 seconds!
[2021-05-18 15:48:23.161] INIT: Initialized Night Shift subsystem within 0 seconds!
[2021-05-18 15:48:23.161] INIT: Initialized Parallax subsystem within 0 seconds!
[2021-05-18 15:48:23.161] INIT: Initialized Sun subsystem within 0 seconds!
[2021-05-18 15:48:23.583] INIT: Initialized Traumas subsystem within 0.4 seconds!
[2021-05-18 15:48:31.279] INIT: Initialized Atmospherics subsystem within 7.7 seconds!
[2021-05-18 15:48:40.726] INIT: Initialized Assets subsystem within 9.5 seconds!
[2021-05-18 15:48:46.350] INIT: Initialized Icon Smoothing subsystem within 5.6 seconds!
[2021-05-18 15:48:47.664] INIT: Initialized Overlay subsystem within 1.3 seconds!
[2021-05-18 15:48:47.665] INIT: Initialized XKeyScore subsystem within 0 seconds!
[2021-05-18 15:48:47.725] INIT: Initialized Sticky Ban subsystem within 0.1 seconds!
[2021-05-18 15:48:57.500] INIT: Initialized Lighting subsystem within 9.7 seconds!
[2021-05-18 15:49:00.870] INIT: Initialized Shuttle subsystem within 3.3 seconds!
[2021-05-18 15:49:06.074] INIT: Initialized Minor Mapping subsystem within 5.2 seconds!
[2021-05-18 15:49:06.076] INIT: Initialized Pathfinder subsystem within 0 seconds!
[2021-05-18 15:49:06.140] INIT: Initialized Persistence subsystem within 0.1 seconds!
[2021-05-18 15:49:06.140] INIT: Initialized Chat subsystem within 0 seconds!
[2021-05-18 21:35:38.459] Fail2Topic: Failed to drop firewall rule. Exit code: 1.
