[2021-05-17 22:31:02.545] TGS Info: Activating API for version 3.2.6.2
[2021-05-17 22:31:02.555] runtime error: list index out of bounds
 - proc name: OnWorldNew (/datum/tgs_api/v3210/OnWorldNew)
 -   source file: api.dm,69
 -   usr: null
 -   src: /datum/tgs_api/v3210 (/datum/tgs_api/v3210)
 -   call stack:
 - /datum/tgs_api/v3210 (/datum/tgs_api/v3210): OnWorldNew(0)
 - world: TgsNew(/datum/tgs_event_handler/impl (/datum/tgs_event_handler/impl), 0)
 - world: InitTgs()
 - world: New()
 - 
[2021-05-17 22:31:02.556] TGS Error: Failed to activate API!
[2021-05-17 22:31:02.558] Running /tg/ revision: 
 - No commit information
[2021-05-17 22:31:02.572] Loading config file config.txt...
[2021-05-17 22:31:02.575] Loading config file game_options.txt...
[2021-05-17 22:31:02.585] Loading config file dbconfig.txt...
[2021-05-17 22:31:02.587] Loading config file comms.txt...
[2021-05-17 22:31:02.588] Loading config file antag_rep.txt...
[2021-05-17 22:31:02.589] Loading config file resources.txt...
[2021-05-17 22:31:02.591] Loading config file donator_groupings.txt...
[2021-05-17 22:31:02.592] Loading config file dynamic_config.txt...
[2021-05-17 22:31:02.602] Loading config file plushies/defines.txt...
[2021-05-17 22:31:02.604] Loading config file job_threats.txt...
[2021-05-17 22:31:02.606] Loading config file policy.txt...
[2021-05-17 22:31:02.612] Loading config file maps.txt...
[2021-05-17 22:31:02.623] Database connection established.
[2021-05-17 22:31:02.626] SQL: Could not get schema version from database
