[2021-05-17 22:31:02.635] Starting up round ID 17.
 - -------------------------
[2021-05-17 22:35:05.883] Comicao1 \ Bashar Al-Assad \ Outlaw \ NONE \ LATEJOIN
[2021-05-17 22:35:18.317] SpookyPineapple \ Tonhao Vermelho \ Outlaw \ NONE \ LATEJOIN
[2021-05-17 22:35:18.866] Degusta00 \ Bob Loureiro \ Outlaw \ NONE \ LATEJOIN
[2021-05-17 22:35:22.618] John_egbert3 \ Borgos Comiamaedoluiz \ Outlaw \ NONE \ LATEJOIN
[2021-05-17 22:35:23.086] Shirozinha \ Tio Osso \ Enclave Sergant \ NONE \ LATEJOIN
[2021-05-17 22:36:06.514] Luciam \ Victoria Valentine \ Enclave Sergant \ NONE \ LATEJOIN
[2021-05-17 22:36:13.361] InicialPlayss \ Rayan Lindgrey \ Legion Slave \ NONE \ LATEJOIN
[2021-05-17 22:37:41.081] OvelhaCosmica \ Adam Alves \ Wastelander \ NONE \ LATEJOIN
[2021-05-17 22:37:56.140] 2006F \ Hunter Sinurmano \ Deputy \ NONE \ LATEJOIN
[2021-05-17 22:39:08.780] SondTheAnime \ Kane Lens \ Enclave Lieutenant \ NONE \ LATEJOIN
[2021-05-17 22:39:41.624] DarkPudding \ John Wick \ Hunter \ NONE \ LATEJOIN
[2021-05-17 22:42:19.289] Kaduh \ Erika Miller \ Vault Dweller \ NONE \ LATEJOIN
[2021-05-17 22:42:47.132] AlbertoVinhofino \ Elias Ivanov \ Vault-tec Doctor \ NONE \ LATEJOIN
[2021-05-17 22:43:53.535] 2006f \ Paget Chauvin \ Followers Administrator \ NONE \ LATEJOIN
[2021-05-17 22:45:03.882] comicao1 \ Sorrel Riker \ Outlaw \ NONE \ LATEJOIN
[2021-05-17 22:49:35.804] n0fun \ Peter Quill \ NCR Veteran Ranger \ NONE \ LATEJOIN
[2021-05-17 22:50:01.814] kaduh \ Erika Miller \ Vault-tec Security \ NONE \ LATEJOIN
[2021-05-17 22:51:24.906] alexalbright \ Alex Magnus Primeiro \ Legion Centurion \ NONE \ LATEJOIN
[2021-05-17 22:51:43.779] Thebanana3 \ Default Cyborg Name \ Cyborg \ NONE \ LATEJOIN
[2021-05-17 23:00:41.694] 2006f \ Dirk Cook \ Head Paladin \ NONE \ LATEJOIN
[2021-05-17 23:00:47.719] Rodinha \ Eridan Hikaj \ Wastelander \ NONE \ LATEJOIN
[2021-05-17 23:09:06.517] Harm Brade \ Rebecca Dawkins \ Outlaw \ NONE \ LATEJOIN
[2021-05-17 23:11:00.390] Zero9e1 \ Garrety Wells \ Citizen \ NONE \ LATEJOIN
[2021-05-17 23:18:25.050] DropShip27 \ Drake Gibson \ Outlaw \ NONE \ LATEJOIN
[2021-05-17 23:18:31.926] Coffee_MasterOri \ Nickolas Priebe \ Outlaw \ NONE \ LATEJOIN
[2021-05-17 23:29:06.607] degusta00 \ Monte Ehret \ Wastelander \ NONE \ LATEJOIN
[2021-05-17 23:36:45.522] kaduh \ Erika Miller \ Vault-tec Scientist \ NONE \ LATEJOIN
[2021-05-17 23:37:18.745] sondtheanime \ Courier \ Head Knight \ NONE \ LATEJOIN
[2021-05-17 23:39:38.842] Mollwu \ Vaughn Baxter \ Wastelander \ NONE \ LATEJOIN
[2021-05-17 23:41:38.580] luciam \ Skarlet D'Luker \ Auxilia \ NONE \ LATEJOIN
[2021-05-17 23:42:32.259] zero9e1 \ Seth Lord \ Outlaw \ NONE \ LATEJOIN
[2021-05-17 23:42:42.521] Matheusgp9999 \ Nykix Nywt \ Wastelander \ NONE \ LATEJOIN
[2021-05-17 23:48:49.549] JohonasMexicanjo \ Maximus Wolfe \ Legion Venator \ NONE \ LATEJOIN
[2021-05-17 23:53:26.508] johonasmexicanjo \ Heather Rose \ Star Knight \ NONE \ LATEJOIN
[2021-05-17 23:56:30.528] Xandi_Masculu \ Jeremus Hardson \ Legion Explorer \ NONE \ LATEJOIN
[2021-05-17 23:59:24.223] zero9e1 \ Valary Paynter \ NCR Combat Medic \ NONE \ LATEJOIN
[2021-05-17 23:59:56.647] 2006f \ Jordan Skywalker \ Enclave Lieutenant \ NONE \ LATEJOIN
[2021-05-18 00:01:04.842] Luiz20 \ Luiz Borgos Primeiro \ Outlaw \ NONE \ LATEJOIN
[2021-05-18 00:03:19.680] zero9e1 \ Casey Mens \ NCR Ranger \ NONE \ LATEJOIN
[2021-05-18 00:06:15.920] comicao1 \ Allah Humdililah \ Outlaw \ NONE \ LATEJOIN
[2021-05-18 00:10:25.146] harmbrade \ Tristen Jenner \ Paladin \ NONE \ LATEJOIN
[2021-05-18 00:10:51.247] Macaco99 \ Ramon Lee \ Doctor \ NONE \ LATEJOIN
[2021-05-18 00:13:47.095] dantethanatos \ Mr Doc \ Cyborg \ NONE \ LATEJOIN
[2021-05-18 00:14:58.008] zero9e1 \ Noton \ Citizen \ NONE \ LATEJOIN
[2021-05-18 00:17:04.810] NizimGamer \ Nizin Veerriene \ Hunter \ NONE \ LATEJOIN
[2021-05-18 00:18:03.685] GabrielDoomBR \ Baam Frest \ NCR Corporal \ NONE \ LATEJOIN
[2021-05-18 00:21:09.400] johonasmexicanjo \ Johonas Contreras \ Outlaw \ NONE \ LATEJOIN
[2021-05-18 00:21:31.547] nizimgamer \ Nizin Veerriene Primeiro \ Outlaw \ NONE \ LATEJOIN
[2021-05-18 00:22:51.034] kaduh \ Erika Miller \ Vault-tec Engineer \ NONE \ LATEJOIN
[2021-05-18 00:26:48.153] comicao1 \ Allah Mashallah \ Outlaw \ NONE \ LATEJOIN
[2021-05-18 00:29:09.911] thebanana3 \ Macey Byers \ Great Khan \ NONE \ LATEJOIN
[2021-05-18 00:29:33.166] darkpudding \ Brody Rathens \ Wastelander \ NONE \ LATEJOIN
[2021-05-18 00:30:11.087] comicao1 \ Allah HamduliLyah \ Outlaw \ NONE \ LATEJOIN
[2021-05-18 00:32:15.468] BurningShingo \ Josisvaldo Joestar \ Wastelander \ NONE \ LATEJOIN
[2021-05-18 00:34:13.924] luciam \ Luciam D'Luker \ Wastelander \ NONE \ LATEJOIN
[2021-05-18 00:36:07.209] darkpudding \ Arthur Mueller \ Wastelander \ NONE \ LATEJOIN
[2021-05-18 00:36:31.626] alexalbright \ Alexadre Magnus Segundo \ Legion Explorer \ NONE \ LATEJOIN
[2021-05-18 00:41:52.731] alexalbright \ Burt Wardle \ Recruit Legionary \ NONE \ LATEJOIN
[2021-05-18 00:43:27.297] 2006f \ Mark Benford \ Head Scribe \ NONE \ LATEJOIN
[2021-05-18 00:44:01.277] kaduh \ Erika Miller \ Vault-tec Scientist \ NONE \ LATEJOIN
[2021-05-18 00:47:27.329] luiz20 \ Luiz Borgos Segundo \ Star Paladin \ NONE \ LATEJOIN
[2021-05-18 00:47:38.779] 2006f \ Davion Powers \ Star Paladin \ NONE \ LATEJOIN
[2021-05-18 00:49:05.609] spookypineapple \ Vinicius Levenuyrabo \ NCR Lieutenant \ NONE \ LATEJOIN
[2021-05-18 00:49:08.727] Aedaris \ Daniel Payde \ Citizen \ NONE \ LATEJOIN
[2021-05-18 00:51:10.759] johonasmexicanjo \ Weston Demuth \ NCR Sergeant First Class \ NONE \ LATEJOIN
[2021-05-18 00:58:45.915] BxsSvg \ Lia Pavlov \ Wastelander \ NONE \ LATEJOIN
[2021-05-18 00:58:54.122] thebanana3 \ Marcia Ainda \ Shopkeeper \ NONE \ LATEJOIN
[2021-05-18 01:02:54.553] spookypineapple \ Payde Antonio \ Vault-tec Scientist \ NONE \ LATEJOIN
[2021-05-18 01:04:18.549] Zircony \ Natasha Harding \ Vault-tec Engineer \ NONE \ LATEJOIN
[2021-05-18 01:05:52.270] Luciam \ Dav Jones \ Vault-tec Engineer \ NONE \ LATEJOIN
[2021-05-18 01:09:02.223] Xandi_Masculu \ Carlos Batista \ Prime Legionary \ NONE \ LATEJOIN
[2021-05-18 01:17:45.150] Gabrielmilla123 \ Gabriel Milla \ Citizen \ NONE \ LATEJOIN
