/mob/living/carbon/human => 3349ms (41344) (avg:0.081003285944461823)
/obj/screen/healthdoll => 1443ms (28188) (avg:0.051191996783018112)
/turf/closed/mineral/random/low_chance => 458ms (52425) (avg:0.0087362900376319885)
/obj/machinery/power/smes/magical => 351ms (4913) (avg:0.071443110704421997)
/obj/machinery/door/airlock/grunge => 316ms (2137) (avg:0.14787085354328156)
/obj/machinery/light/fo13colored/Red => 246ms (8455) (avg:0.029095210134983063)
/obj/effect/decal/cleanable/blood/footprints => 224ms (5351) (avg:0.041861332952976227)
/obj/screen/inventory => 183ms (3210) (avg:0.057009346783161163)
/obj/structure/window/reinforced/fulltile => 169ms (4114) (avg:0.041079241782426834)
/obj/screen/inventory/hand => 157ms (7387) (avg:0.021253554150462151)
/mob/living/carbon/human/dummy => 130ms (2249) (avg:0.05780346691608429)
/obj/machinery/door/airlock/hatch => 124ms (938) (avg:0.13219615817070007)
/turf/open/space/basic => 122ms (39910) (avg:0.0030568779911845922)
/obj/machinery/hydroponics/soil => 111ms (6391) (avg:0.017368173226714134)
/obj/screen/sprintbutton => 103ms (2775) (avg:0.037117116153240204)
/obj/screen/movable/action_button => 103ms (1574) (avg:0.065438374876976013)
/obj/screen/parallax_layer/layer_1 => 101ms (308) (avg:0.32792207598686218)
/obj/machinery/hydroponics/constructable => 81ms (1254) (avg:0.064593300223350525)
/obj/machinery/light/fo13colored/Aqua => 73ms (2233) (avg:0.032691445201635361)
/obj/screen/parallax_layer/layer_2 => 62ms (308) (avg:0.20129869878292084)
/obj/item/weldingtool => 56ms (479) (avg:0.11691022664308548)
/turf/closed/mineral/random/high_chance => 52ms (6413) (avg:0.0081085292622447014)
/obj/machinery/light/lampost => 50ms (1426) (avg:0.035063114017248154)
/obj/machinery/door/airlock/medical => 45ms (348) (avg:0.12931033968925476)
/obj/machinery/door/airlock/abandoned => 44ms (317) (avg:0.13880126178264618)
/obj/effect/decal/cleanable/dirt => 41ms (3688) (avg:0.011117137037217617)
/obj/machinery/light/fo13colored/Pink => 40ms (1369) (avg:0.029218407347798347)
/obj/machinery/door/airlock/science/glass => 32ms (233) (avg:0.13733905553817749)
/turf/closed/indestructible/riveted => 29ms (2661) (avg:0.010898158885538578)
/turf/closed/wall/f13/supermart => 29ms (971) (avg:0.029866117984056473)
/obj/machinery/mecha_part_fabricator => 28ms (2972) (avg:0.0094212647527456284)
/obj/item/weldingtool/largetank/cyborg => 27ms (206) (avg:0.13106796145439148)
/turf/closed/mineral/iron => 24ms (3378) (avg:0.0071047958917915821)
/obj/item/gun/ballistic/automatic/smg22 => 24ms (256) (avg:0.09375)
/turf/closed/wall/r_wall/rust => 23ms (1677) (avg:0.013714967295527458)
/turf/closed/wall/rust => 22ms (2506) (avg:0.0087789306417107582)
/obj/machinery/door/airlock/public/glass => 22ms (140) (avg:0.15714286267757416)
/obj/machinery/door/airlock/medical/glass => 20ms (204) (avg:0.098039217293262482)
/obj/machinery/door/airlock/shuttle => 19ms (171) (avg:0.1111111119389534)
/obj/machinery/door/airlock/security/glass => 18ms (180) (avg:0.10000000149011612)
/turf/closed/wall/f13/wood => 18ms (105) (avg:0.17142857611179352)
/turf/closed/wall/f13/ruins => 17ms (1137) (avg:0.014951626770198345)
/turf/closed/wall/r_wall => 17ms (915) (avg:0.018579235300421715)
/obj/item/storage/belt/utility => 17ms (125) (avg:0.13600000739097595)
/turf/closed/wall/f13/store => 16ms (1255) (avg:0.012749004177749157)
/turf/closed/mineral/plasma => 16ms (1166) (avg:0.013722127303481102)
/obj/machinery/door/airlock/security => 16ms (128) (avg:0.125)
/obj/item/reagent_containers/glass/beaker/large => 15ms (257) (avg:0.058365758508443832)
/obj/screen/parallax_layer/layer_3 => 15ms (89) (avg:0.16853933036327362)
/turf/closed/wall/r_wall/f13vault => 14ms (1386) (avg:0.010101010091602802)
/turf/closed/mineral/lead => 14ms (1121) (avg:0.012488849461078644)
/obj/structure/closet => 14ms (387) (avg:0.036175709217786789)
/obj/effect/decal/cleanable/blood/drip => 13ms (658) (avg:0.01975683867931366)
/obj/effect/decal/cleanable/blood/gibs => 13ms (577) (avg:0.02253032848238945)
/obj/screen/combattoggle => 13ms (260) (avg:0.05000000074505806)
/obj/machinery/door/airlock/glass_large => 13ms (108) (avg:0.12037037312984467)
/obj/item/gun/energy/laser/pistol => 12ms (220) (avg:0.054545454680919647)
/obj/screen/zone_sel => 12ms (207) (avg:0.057971015572547913)
/obj/machinery/door/airlock/wood => 12ms (110) (avg:0.10909090936183929)
/obj/item/stack/ore/iron => 12ms (84) (avg:0.1428571492433548)
/obj/item/storage/belt/utility/full/engi => 12ms (78) (avg:0.15384615957736969)
/obj/structure/table => 10ms (588) (avg:0.017006803303956985)
/mob/living/silicon/robot => 10ms (250) (avg:0.039999999105930328)
/obj/machinery/light => 9ms (886) (avg:0.010158013552427292)
/obj/item/gun/energy/laser/wattz => 9ms (142) (avg:0.063380278646945953)
/mob/dead/observer => 9ms (120) (avg:0.075000002980232239)
/turf/closed/mineral/silver => 8ms (709) (avg:0.011283498257398605)
/turf/open/floor/carpet/black => 8ms (510) (avg:0.015686275437474251)
/obj/item/gun/ballistic/automatic/bozar => 8ms (180) (avg:0.04444444552063942)
/turf/closed/wall/f13/wood/house => 8ms (77) (avg:0.10389610379934311)
/obj/structure/falsewall/rust => 8ms (38) (avg:0.21052631735801697)
/turf/open/space/transit => 7ms (1621) (avg:0.00431832205504179)
/obj/structure/table/wood => 7ms (766) (avg:0.0091383811086416245)
/obj/structure/table/reinforced => 7ms (743) (avg:0.0094212647527456284)
/obj/item/gun/energy/laser/aer14 => 7ms (228) (avg:0.030701754614710808)
/obj/item/storage/box/vendingmachine => 7ms (111) (avg:0.063063062727451324)
/obj/item/gun/energy/laser/rcw => 7ms (67) (avg:0.10447761416435242)
/obj/item/reagent_containers/hypospray/medipen/stimpak => 6ms (309) (avg:0.019417475908994675)
/obj/screen/movable/action_button/hide_toggle => 6ms (257) (avg:0.023346303030848503)
/obj/screen/radial/slice => 6ms (181) (avg:0.033149171620607376)
/obj/item/gun/ballistic/automatic/greasegun => 6ms (121) (avg:0.04958677664399147)
/obj/item/storage/belt/medical => 6ms (46) (avg:0.1304347813129425)
/turf/closed/wall/mineral/titanium => 5ms (320) (avg:0.015625)
/obj/effect/decal/cleanable/trail_holder => 5ms (224) (avg:0.0223214291036129)
/obj/item/gun/energy/laser/plasma/glock/extended => 5ms (91) (avg:0.054945055395364761)
/obj/item/reagent_containers/glass/beaker/bluespace => 5ms (54) (avg:0.092592589557170868)
/turf/closed/mineral/titanium => 4ms (648) (avg:0.0061728395521640778)
/obj/machinery/light/small => 4ms (594) (avg:0.0067340065725147724)
/turf/closed/mineral/gold => 4ms (588) (avg:0.0068027209490537643)
/obj/item/clothing/shoes/jackboots => 4ms (348) (avg:0.01149425283074379)
/obj/structure/table/wood/settler => 4ms (261) (avg:0.015325670130550861)
/obj/structure/barricade/sandbags => 4ms (241) (avg:0.016597511246800423)
/obj/item/reagent_containers/blood/random => 4ms (160) (avg:0.02500000037252903)
/obj/item/gun/energy/laser/plasma/glock => 4ms (49) (avg:0.081632651388645172)
/obj/machinery/cell_charger => 4ms (40) (avg:0.10000000149011612)
/obj/machinery/door/airlock/command => 4ms (39) (avg:0.10256410390138626)
/obj/machinery/door/airlock/engineering => 4ms (38) (avg:0.10526315867900848)
/turf/closed/mineral/uranium => 3ms (395) (avg:0.0075949365273118019)
/turf/open/floor/plasteel => 3ms (371) (avg:0.0080862529575824738)
/turf/closed/mineral/diamond => 3ms (298) (avg:0.010067113675177097)
/obj/structure/closet/crate/bin => 3ms (155) (avg:0.019354838877916336)
/obj/structure/lattice/catwalk => 3ms (130) (avg:0.023076923564076424)
/obj/item/pda => 3ms (121) (avg:0.024793388321995735)
/obj/machinery/chem_dispenser => 3ms (90) (avg:0.033333335071802139)
/obj/item/weldingtool/largetank => 3ms (82) (avg:0.036585364490747452)
/obj/item/gun/energy/laser/aer9 => 3ms (71) (avg:0.042253520339727402)
/obj/item/gun/ballistic/automatic/assault_rifle/infiltrator => 3ms (69) (avg:0.043478261679410934)
/obj/item/gun/ballistic/automatic/service => 3ms (63) (avg:0.0476190485060215)
/obj/machinery/door/airlock => 3ms (47) (avg:0.063829787075519562)
/obj/item/gun/ballistic/automatic/mp5 => 3ms (43) (avg:0.06976744532585144)
/obj/item/reagent_containers/glass/beaker/plastic => 3ms (39) (avg:0.076923079788684845)
/obj/item/reagent_containers/glass/bottle/vial/small/kelotane => 3ms (32) (avg:0.09375)
/obj/item/gun/ballistic/shotgun/automatic/hunting/trail => 3ms (24) (avg:0.125)
/obj/machinery/door/airlock/highsecurity => 3ms (19) (avg:0.15789473056793213)
/obj/item/storage/belt/utility/full => 3ms (17) (avg:0.17647059261798859)
/obj/item/stack/ore/plasma => 3ms (17) (avg:0.17647059261798859)
/obj/item/stack/ore/lead => 3ms (16) (avg:0.1875)
/obj/item/stack/ore/glass => 3ms (15) (avg:0.20000000298023224)
/turf/closed/indestructible/riveted/boss => 2ms (266) (avg:0.0075187971815466881)
/turf/open/floor/carpet => 2ms (259) (avg:0.0077220075763761997)
/turf/closed/indestructible/f13vaultrusted => 2ms (192) (avg:0.010416666977107525)
/obj/structure/closet/cabinet => 2ms (180) (avg:0.011111111380159855)
/obj/effect/decal/cleanable/blood/gibs/core => 2ms (141) (avg:0.014184396713972092)
/obj/machinery/newscaster/security_unit => 2ms (125) (avg:0.016000000759959221)
/obj/item/clothing/shoes/f13/raidertreads => 2ms (115) (avg:0.017391303554177284)
/turf/closed/indestructible/fakeglass => 2ms (108) (avg:0.018518518656492233)
/obj/structure/lattice => 2ms (103) (avg:0.019417475908994675)
/turf/open/floor/holofloor/carpet => 2ms (87) (avg:0.022988505661487579)
/obj/item/screwdriver => 2ms (82) (avg:0.024390242993831635)
/obj/item/gun/ballistic/automatic/pistol/pistol22 => 2ms (65) (avg:0.030769230797886848)
/turf/open/floor/f13 => 2ms (59) (avg:0.033898305147886276)
/obj/item/gun/ballistic/automatic/smg10mm => 2ms (55) (avg:0.036363635212182999)
/obj/structure/window/fulltile/house => 2ms (49) (avg:0.040816325694322586)
/obj/machinery/power/smes/engineering => 2ms (44) (avg:0.045454546809196472)
/obj/item/reagent_containers/glass/beaker => 2ms (43) (avg:0.046511627733707428)
/obj/item/gun/energy/laser/plasma/carbine => 2ms (30) (avg:0.066666670143604279)
/obj/item/gun/ballistic/automatic/service/r82 => 2ms (25) (avg:0.079999998211860657)
/obj/item/storage/crayons => 2ms (17) (avg:0.11764705926179886)
/obj/machinery/door/airlock/mining => 2ms (15) (avg:0.13333334028720856)
/obj/item/stack/ore/gold => 2ms (14) (avg:0.1428571492433548)
/obj/item/stack/ore/diamond => 2ms (8) (avg:0.25)
/obj/item/toy/crayon/spraycan => 2ms (7) (avg:0.28571429848670959)
/obj/item/clothing/under/f13/roving => 2ms (7) (avg:0.28571429848670959)
/obj/item/storage/fancy/cigarettes/cigars/havana => 2ms (5) (avg:0.40000000596046448)
/turf/closed/wall/r_wall/f13composite => 2ms (4) (avg:0.5)
/turf/open/space => 1ms (256) (avg:0.00390625)
/turf/closed/mineral/bscrystal => 1ms (191) (avg:0.0052356021478772163)
/turf/closed/indestructible => 1ms (168) (avg:0.0059523810632526875)
/turf/closed/indestructible/riveted/uranium => 1ms (131) (avg:0.0076335878111422062)
/obj/machinery/computer/terminal => 1ms (110) (avg:0.0090909088030457497)
/obj/item/wirecutters => 1ms (82) (avg:0.012195121496915817)
/turf/closed/mineral/random => 1ms (78) (avg:0.012820512987673283)
/obj/item/clothing/shoes/f13/military/plated => 1ms (71) (avg:0.014084506779909134)
/obj/item/gun/ballistic/automatic/autopipe => 1ms (49) (avg:0.020408162847161293)
/obj/item/storage/toolbox/mechanical => 1ms (48) (avg:0.02083333395421505)
/obj/structure/table/wood/poker => 1ms (44) (avg:0.022727273404598236)
/turf/open/floor/plasteel/darkred/side => 1ms (40) (avg:0.02500000037252903)
/obj/item/gun/ballistic/automatic/mini_uzi => 1ms (37) (avg:0.027027027681469917)
/obj/item/storage/box/gloves => 1ms (36) (avg:0.02777777798473835)
/obj/machinery/rnd/production/protolathe => 1ms (34) (avg:0.029411764815449715)
/obj/structure/window/fulltile => 1ms (32) (avg:0.03125)
/obj/structure/window/plastitanium => 1ms (30) (avg:0.033333335071802139)
/obj/item/clothing/head/helmet/knight/f13/metal => 1ms (29) (avg:0.034482758492231369)
/obj/item/defibrillator/loaded => 1ms (27) (avg:0.037037037312984467)
/obj/item/lighter => 1ms (26) (avg:0.038461539894342422)
/turf/open/floor/plasteel/f13/vault_floor/dark/darksolid => 1ms (26) (avg:0.038461539894342422)
/obj/item/storage/box/handcuffs => 1ms (23) (avg:0.043478261679410934)
/obj/item/clothing/under/f13/recon => 1ms (23) (avg:0.043478261679410934)
/obj/screen/storage/volumetric_box/center => 1ms (21) (avg:0.0476190485060215)
/obj/item/reagent_containers/glass/bottle/blackpowder => 1ms (19) (avg:0.052631579339504242)
/obj/item/storage/belt/security/full => 1ms (18) (avg:0.0555555559694767)
/obj/item/stock_parts/cell/upgraded => 1ms (18) (avg:0.0555555559694767)
/obj/item/gun/energy/laser/wattz2k => 1ms (18) (avg:0.0555555559694767)
/obj/structure/closet/secure_closet/personal/cabinet => 1ms (17) (avg:0.058823529630899429)
/turf/closed/wall/mineral/titanium/nodiagonal => 1ms (17) (avg:0.058823529630899429)
/obj/machinery/door/airlock/external => 1ms (16) (avg:0.0625)
/obj/structure/closet/cardboard => 1ms (16) (avg:0.0625)
/turf/open/floor/plasteel/darkred/corner => 1ms (16) (avg:0.0625)
/obj/item/clothing/shoes/f13/military/leather => 1ms (16) (avg:0.0625)
/obj/item/bodypart/head => 1ms (15) (avg:0.066666670143604279)
/turf/open/floor/plasteel/showroomfloor => 1ms (12) (avg:0.083333335816860199)
/obj/item/storage/belt/holster => 1ms (10) (avg:0.10000000149011612)
/obj/item/stack/ore/silver => 1ms (10) (avg:0.10000000149011612)
/obj/item/clothing/neck/cloak/alt/polychromic => 1ms (10) (avg:0.10000000149011612)
/turf/closed/wall/f13/wood/interior => 1ms (8) (avg:0.125)
/obj/item/stack/ore/uranium => 1ms (8) (avg:0.125)
/obj/item/twohanded/fireaxe => 1ms (8) (avg:0.125)
/obj/item/clothing/under/f13/legskirt => 1ms (8) (avg:0.125)
/obj/item/reagent_containers/glass/bottle/epinephrine => 1ms (7) (avg:0.1428571492433548)
/obj/item/defibrillator/compact/combat/loaded => 1ms (7) (avg:0.1428571492433548)
/obj/item/twohanded/spear => 1ms (7) (avg:0.1428571492433548)
/obj/structure/door_assembly/door_assembly_hatch => 1ms (6) (avg:0.1666666716337204)
/obj/item/clothing/shoes/combat => 1ms (6) (avg:0.1666666716337204)
/obj/item/storage/box/emps => 1ms (5) (avg:0.20000000298023224)
/obj/machinery/door/airlock/research => 1ms (5) (avg:0.20000000298023224)
/obj/item/gun/energy/ionrifle => 1ms (4) (avg:0.25)
/obj/machinery/door/airlock/engineering/glass => 1ms (4) (avg:0.25)
/obj/item/storage/box/alienhandcuffs => 1ms (4) (avg:0.25)
/mob/living/simple_animal/hostile/handy/nsb => 1ms (3) (avg:0.3333333432674408)
/obj/machinery/computer/mech_bay_power_console => 1ms (3) (avg:0.3333333432674408)
/obj/item/storage/box/lights => 1ms (3) (avg:0.3333333432674408)
/obj/machinery/computer/med_data => 1ms (3) (avg:0.3333333432674408)
/obj/item/gun/energy/ionrifle/carbine => 1ms (3) (avg:0.3333333432674408)
/obj/structure/falsewall/reinforced => 1ms (2) (avg:0.5)
/obj/item/clothing/head/helmet/knight/f13/rider => 1ms (2) (avg:0.5)
/obj/item/reagent_containers/pill/patch/healingpowder => 1ms (2) (avg:0.5)
/obj/item/clothing/under/f13/mercc => 1ms (2) (avg:0.5)
/obj/item/claymore/machete/pipe/pan => 1ms (1) (avg:1)
/obj/item/clothing/head/helmet/riot/vaultsec => 1ms (1) (avg:1)
/turf/closed/wall/f13/tentwall => 1ms (1) (avg:1)
/obj/item/clothing/head/helmet/f13/power_armor/t60 => 1ms (1) (avg:1)
/obj/item/storage/survivalkit_tribal => 1ms (1) (avg:1)
/obj/item/gun/ballistic/shotgun/antimateriel => 1ms (1) (avg:1)
/turf/open/floor/plasteel/dark => 0ms (231) (avg:0)
/turf/closed/wall/r_wall/f13superstore => 0ms (150) (avg:0)
/obj/item/clothing/shoes/combat/swat => 0ms (102) (avg:0)
/obj/item/paper_bin => 0ms (100) (avg:0)
/turf/closed/wall/r_wall/syndicate => 0ms (97) (avg:0)
/obj/effect/decal/cleanable/dirt/dust => 0ms (92) (avg:0)
/obj/machinery/door/airlock/centcom => 0ms (73) (avg:0)
/obj/machinery/light/floor => 0ms (59) (avg:0)
/obj/structure/closet/fridge => 0ms (48) (avg:0)
/turf/open/floor/plasteel/f13/vault_floor/misc/vaultrust => 0ms (48) (avg:0)
/obj/machinery/newscaster => 0ms (48) (avg:0)
/obj/effect/decal/cleanable/blood/gibs/down => 0ms (46) (avg:0)
/turf/open/indestructible/ground/outside/sidewalk => 0ms (46) (avg:0)
/turf/closed/mineral/ash_rock => 0ms (42) (avg:0)
/obj/structure/table/glass => 0ms (39) (avg:0)
/obj/item/reagent_containers/blood/radaway => 0ms (37) (avg:0)
/obj/item/reagent_containers/hypospray/medipen/stimpak/super => 0ms (37) (avg:0)
/obj/structure/closet/secure_closet/personal => 0ms (35) (avg:0)
/obj/item/reagent_containers/syringe/charcoal => 0ms (35) (avg:0)
/obj/structure/table/wood/fancy => 0ms (35) (avg:0)
/obj/item/storage/box/drinkingglasses => 0ms (32) (avg:0)
/obj/item/reagent_containers/glass/bottle/vial/small/bicaridine => 0ms (32) (avg:0)
/turf/closed/wall => 0ms (31) (avg:0)
/obj/item/gun/energy/laser => 0ms (30) (avg:0)
/obj/machinery/door/airlock/maintenance/abandoned => 0ms (30) (avg:0)
/obj/structure/table/booth => 0ms (29) (avg:0)
/obj/item/disk/plantgene => 0ms (28) (avg:0)
/turf/open/floor/plasteel/f13/vault_floor/floor => 0ms (28) (avg:0)
/obj/structure/window/paperframe => 0ms (27) (avg:0)
/obj/structure/closet/bus => 0ms (27) (avg:0)
/obj/item/storage/box/matches => 0ms (24) (avg:0)
/obj/item/reagent_containers/glass/beaker/waterbottle => 0ms (24) (avg:0)
/turf/open/floor/plating/airless => 0ms (24) (avg:0)
/obj/structure/table/abductor => 0ms (24) (avg:0)
/obj/structure/table/wood/fancy/black => 0ms (24) (avg:0)
/obj/item/storage/box/ingredients/delights => 0ms (22) (avg:0)
/obj/item/reagent_containers/syringe/medx => 0ms (22) (avg:0)
/turf/open/floor/plating => 0ms (22) (avg:0)
/obj/item/stock_parts/cell => 0ms (21) (avg:0)
/turf/closed/wall/mineral/plastitanium => 0ms (21) (avg:0)
/obj/structure/window/fulltile/wood => 0ms (21) (avg:0)
/mob/living/simple_animal/hostile/handy => 0ms (20) (avg:0)
/mob/living/simple_animal/hostile/handy/gutsy => 0ms (20) (avg:0)
/obj/item/clipboard => 0ms (19) (avg:0)
/obj/structure/window/shuttle => 0ms (19) (avg:0)
/turf/open/floor/wood/wood_tiled => 0ms (18) (avg:0)
/turf/open/floor/plasteel/f13/vault_floor/floor/floorsolid => 0ms (18) (avg:0)
/obj/structure/table/wood/bar => 0ms (18) (avg:0)
/obj/item/stack/ore/titanium => 0ms (18) (avg:0)
/turf/open/floor/plasteel/darkblue/side => 0ms (17) (avg:0)
/turf/open/floor/f13/wood => 0ms (17) (avg:0)
/turf/open/floor/plasteel/f13/vault_floor/yellow/yellowchess/yellowchess2 => 0ms (17) (avg:0)
/turf/open/indestructible/ground/outside/desert => 0ms (16) (avg:0)
/turf/open/floor/carpet/green => 0ms (15) (avg:0)
/obj/structure/chair/comfy/shuttle => 0ms (15) (avg:0)
/obj/machinery/airalarm => 0ms (14) (avg:0)
/obj/item/storage/box/syringes => 0ms (13) (avg:0)
/obj/machinery/modular_computer/console/preset/engineering => 0ms (13) (avg:0)
/turf/open/floor/plasteel/darkblue/corner => 0ms (13) (avg:0)
/obj/item/clothing/gloves/legion => 0ms (13) (avg:0)
/obj/item/clothing/shoes/f13/brownie => 0ms (13) (avg:0)
/obj/item/clothing/shoes/f13/explorer => 0ms (13) (avg:0)
/obj/item/reagent_containers/syringe/epinephrine => 0ms (12) (avg:0)
/obj/structure/closet/fridge/standard => 0ms (12) (avg:0)
/obj/item/storage/box/ingredients/american => 0ms (12) (avg:0)
/obj/item/storage/box/ingredients/vegetarian => 0ms (12) (avg:0)
/obj/structure/necropolis_gate => 0ms (12) (avg:0)
/obj/item/clothing/gloves/f13/handwraps => 0ms (12) (avg:0)
/obj/item/stack/ore/bluespace_crystal => 0ms (12) (avg:0)
/obj/item/modular_computer/laptop/preset/civillian => 0ms (12) (avg:0)
/obj/item/modular_computer/processor => 0ms (12) (avg:0)
/obj/machinery/door/airlock/titanium => 0ms (11) (avg:0)
/obj/item/holochip => 0ms (11) (avg:0)
/obj/item/clothing/gloves/fingerless => 0ms (11) (avg:0)
/obj/item/storage/backpack/satchel/explorer => 0ms (11) (avg:0)
/turf/closed/wall/f13/tunnel => 0ms (11) (avg:0)
/obj/item/clothing/shoes/f13/fancy => 0ms (11) (avg:0)
/obj/item/storage/box/flashbangs => 0ms (10) (avg:0)
/obj/item/storage/box/beakers => 0ms (10) (avg:0)
/turf/open/floor/plating/f13/outside/desert => 0ms (10) (avg:0)
/obj/item/storage/box => 0ms (10) (avg:0)
/obj/item/clothing/under/syndicate/brotherhood => 0ms (10) (avg:0)
/obj/structure/closet/crate/secure/weapon => 0ms (9) (avg:0)
/obj/machinery/computer/operating => 0ms (9) (avg:0)
/obj/item/storage/toolbox/electrical => 0ms (9) (avg:0)
/obj/item/storage/box/snappops => 0ms (9) (avg:0)
/obj/structure/closet/secure_closet/contraband/armory => 0ms (9) (avg:0)
/obj/item/clothing/under/f13/ncr => 0ms (9) (avg:0)
/obj/machinery/computer/secure_data => 0ms (8) (avg:0)
/obj/machinery/computer/security => 0ms (8) (avg:0)
/obj/machinery/computer/security/telescreen => 0ms (8) (avg:0)
/obj/item/storage/toolbox/emergency => 0ms (8) (avg:0)
/obj/structure/closet/abductor => 0ms (8) (avg:0)
/obj/structure/closet/cabinet/anchored => 0ms (8) (avg:0)
/obj/item/lighter/gold => 0ms (8) (avg:0)
/obj/item/reagent_containers/food/drinks/mug/tea => 0ms (8) (avg:0)
/turf/open/floor/plasteel/goonplaque => 0ms (8) (avg:0)
/turf/open/floor/plasteel/vault => 0ms (8) (avg:0)
/obj/item/grenade/iedcasing => 0ms (8) (avg:0)
/obj/item/kitchen/knife/combat => 0ms (8) (avg:0)
/obj/item/card/id => 0ms (8) (avg:0)
/obj/item/clothing/gloves/combat => 0ms (8) (avg:0)
/obj/item/weldingtool/experimental => 0ms (8) (avg:0)
/obj/machinery/am_shielding => 0ms (8) (avg:0)
/obj/machinery/door/airlock/silver => 0ms (7) (avg:0)
/obj/item/reagent_containers/glass/bottle/charcoal => 0ms (7) (avg:0)
/obj/item/dice/d20 => 0ms (7) (avg:0)
/obj/structure/closet/emcloset => 0ms (7) (avg:0)
/obj/item/dice => 0ms (7) (avg:0)
/obj/item/storage/box/ingredients/fiesta => 0ms (7) (avg:0)
/obj/item/storage/box/ingredients/italian => 0ms (7) (avg:0)
/obj/item/storage/box/bodybags => 0ms (7) (avg:0)
/turf/open/floor/plasteel/f13/vault_floor/yellow => 0ms (7) (avg:0)
/turf/closed/wall/f13 => 0ms (7) (avg:0)
/obj/structure/table/greyscale => 0ms (7) (avg:0)
/obj/structure/table/reinforced/brass => 0ms (7) (avg:0)
/obj/item/clothing/neck/cloak/bos/paladin => 0ms (7) (avg:0)
/obj/item/bodypart/r_arm => 0ms (7) (avg:0)
/obj/structure/closet/secure_closet/security => 0ms (6) (avg:0)
/obj/machinery/computer/security/telescreen/entertainment => 0ms (6) (avg:0)
/obj/item/gun/ballistic/automatic/m72 => 0ms (6) (avg:0)
/obj/machinery/door/airlock/vault => 0ms (6) (avg:0)
/obj/machinery/computer/cargo => 0ms (6) (avg:0)
/obj/structure/closet/syndicate/personal => 0ms (6) (avg:0)
/obj/item/storage/box/ingredients/carnivore => 0ms (6) (avg:0)
/obj/machinery/door/airlock/freezer => 0ms (6) (avg:0)
/obj/item/reagent_containers/honeycomb => 0ms (6) (avg:0)
/obj/machinery/computer/slot_machine => 0ms (6) (avg:0)
/obj/item/reagent_containers/food/snacks/lollipop => 0ms (6) (avg:0)
/obj/machinery/power/smes => 0ms (6) (avg:0)
/obj/item/clothing/under/shorts/polychromic => 0ms (6) (avg:0)
/turf/open/floor/mineral/plastitanium => 0ms (6) (avg:0)
/turf/open/floor/plasteel/f13/vault_floor/red => 0ms (6) (avg:0)
/turf/open/floor/carpet/red => 0ms (6) (avg:0)
/obj/item/reagent_containers/syringe => 0ms (6) (avg:0)
/obj/effect/decal/cleanable/blood/gibs/human => 0ms (6) (avg:0)
/obj/machinery/computer/card/centcom => 0ms (5) (avg:0)
/obj/structure/closet/secure_closet/freezer/meat => 0ms (5) (avg:0)
/obj/item/dice/d10 => 0ms (5) (avg:0)
/obj/structure/closet/cardboard/metal => 0ms (5) (avg:0)
/obj/machinery/computer/telecrystals/uplinker => 0ms (5) (avg:0)
/obj/effect/decal/cleanable/blood/gibs/body => 0ms (5) (avg:0)
/obj/machinery/computer/camera_advanced/abductor => 0ms (5) (avg:0)
/obj/item/storage/box/masks => 0ms (5) (avg:0)
/obj/item/storage/toolbox/drone => 0ms (5) (avg:0)
/obj/item/storage/box/ingredients/sweets => 0ms (5) (avg:0)
/obj/item/storage/box/pillbottles => 0ms (5) (avg:0)
/turf/open/floor/plasteel/caution => 0ms (5) (avg:0)
/obj/item/clothing/head/helmet/f13/combat/enclave => 0ms (5) (avg:0)
/obj/structure/window/fulltile/wood_window => 0ms (5) (avg:0)
/obj/item/clothing/head/helmet/f13/metalmask => 0ms (5) (avg:0)
/obj/item/clothing/head/helmet/f13/brahmincowboyhat => 0ms (5) (avg:0)
/obj/item/stock_parts/cell/ammo/ec => 0ms (5) (avg:0)
/obj/structure/window/fulltile/ruins => 0ms (5) (avg:0)
/obj/item/claymore/machete => 0ms (5) (avg:0)
/obj/item/clothing/shoes/f13/military/ncr => 0ms (5) (avg:0)
/obj/item/bodypart/r_leg => 0ms (5) (avg:0)
/obj/item/organ/cyberimp/eyes/hud/medical => 0ms (4) (avg:0)
/mob/living/simple_animal/hostile/handy/protectron => 0ms (4) (avg:0)
/obj/structure/guncase/shotgun => 0ms (4) (avg:0)
/obj/structure/closet/secure_closet/freezer/fridge => 0ms (4) (avg:0)
/obj/structure/closet/secure_closet/freezer/kitchen => 0ms (4) (avg:0)
/obj/structure/closet/radiation => 0ms (4) (avg:0)
/obj/item/storage/box/dice => 0ms (4) (avg:0)
/obj/item/dice/d4 => 0ms (4) (avg:0)
/obj/item/dice/d6 => 0ms (4) (avg:0)
/obj/item/dice/d8 => 0ms (4) (avg:0)
/obj/item/dice/d12 => 0ms (4) (avg:0)
/obj/item/gun/ballistic/automatic/ar => 0ms (4) (avg:0)
/obj/item/stock_parts/cell/pulse/carbine => 0ms (4) (avg:0)
/obj/item/gun/energy/pulse/carbine/loyalpin => 0ms (4) (avg:0)
/obj/item/storage/box/disks_plantgene => 0ms (4) (avg:0)
/obj/machinery/door/airlock/command/glass => 0ms (4) (avg:0)
/obj/structure/closet/fridge/cannibal => 0ms (4) (avg:0)
/obj/item/storage/box/ingredients/exotic => 0ms (4) (avg:0)
/obj/item/storage/box/ingredients/fruity => 0ms (4) (avg:0)
/obj/item/storage/box/ingredients/wildcard => 0ms (4) (avg:0)
/obj/machinery/computer/security/bos => 0ms (4) (avg:0)
/obj/effect/decal/cleanable/blood/gibs/old => 0ms (4) (avg:0)
/obj/structure/fireaxecabinet => 0ms (4) (avg:0)
/obj/item/gps/mining => 0ms (4) (avg:0)
/obj/item/reagent_containers/blood/OMinus => 0ms (4) (avg:0)
/turf/open/indestructible/ground/inside/subway => 0ms (4) (avg:0)
/turf/open/floor/plasteel/f13/vault_floor/plating => 0ms (4) (avg:0)
/turf/closed/wall/mineral/titanium/interior => 0ms (4) (avg:0)
/obj/structure/table/wood/fancy/blackred => 0ms (4) (avg:0)
/turf/open/floor/carpet/blue => 0ms (4) (avg:0)
/turf/closed/wall/r_wall/syndicate/nodiagonal => 0ms (4) (avg:0)
/obj/item/clothing/suit/armor/f13/combat/enclave => 0ms (4) (avg:0)
/obj/item/clothing/head/helmet/f13/raider/blastmaster => 0ms (4) (avg:0)
/obj/item/kitchen/knife/combat/survival => 0ms (4) (avg:0)
/obj/item/melee/unarmed/bladed => 0ms (4) (avg:0)
/obj/item/storage/survivalkit => 0ms (4) (avg:0)
/obj/item/clothing/head/helmet/f13/combat/swat => 0ms (4) (avg:0)
/obj/screen/alert/restrained/handcuffed => 0ms (4) (avg:0)
/obj/item/clothing/under/f13/enclave_officer => 0ms (4) (avg:0)
/obj/item/clothing/suit/armor/f13/legion/vet/explorer => 0ms (4) (avg:0)
/obj/item/melee/unarmed/brass/spiked => 0ms (4) (avg:0)
/obj/item/claymore/machete/reinforced => 0ms (4) (avg:0)
/obj/item/clothing/head/helmet/f13/legion/vet/explorer => 0ms (4) (avg:0)
/obj/item/clothing/head/helmet/f13/power_armor/advanced => 0ms (4) (avg:0)
/obj/item/clothing/suit/armor/f13/power_armor/advanced => 0ms (4) (avg:0)
/obj/item/clothing/head/helmet/f13/legion/recruit => 0ms (4) (avg:0)
/obj/item/storage/backpack/explorer => 0ms (4) (avg:0)
/obj/item/clothing/under/f13/ncr/ncr_officer => 0ms (4) (avg:0)
/obj/item/clothing/head/helmet/f13/power_armor/t51b => 0ms (4) (avg:0)
/obj/item/clothing/suit/armor/f13/power_armor/t51b => 0ms (4) (avg:0)
/area/shuttle/transit => 0ms (4) (avg:0)
/obj/item/bodypart/l_arm => 0ms (4) (avg:0)
/obj/item/bodypart/l_leg => 0ms (4) (avg:0)
/obj/item/organ/cyberimp/chest/nutriment => 0ms (3) (avg:0)
/mob/living/simple_animal/hostile/handy/sentrybot => 0ms (3) (avg:0)
/mob/living/simple_animal/hostile/handy/gutsy/nsb => 0ms (3) (avg:0)
/obj/structure/guncase/ecase => 0ms (3) (avg:0)
/obj/item/storage/box/zipties => 0ms (3) (avg:0)
/obj/item/clothing/under/misc/polyjumpsuit => 0ms (3) (avg:0)
/obj/item/clothing/under/misc/poly_shirt => 0ms (3) (avg:0)
/obj/item/clothing/under/costume/kilt/polychromic => 0ms (3) (avg:0)
/obj/item/clothing/under/dress/skirt/polychromic => 0ms (3) (avg:0)
/obj/item/clothing/under/misc/polyshorts => 0ms (3) (avg:0)
/obj/item/gun/energy/e_gun => 0ms (3) (avg:0)
/obj/item/storage/box/teargas => 0ms (3) (avg:0)
/obj/item/gun/energy/laser/wattz/magneto => 0ms (3) (avg:0)
/obj/machinery/computer/communications => 0ms (3) (avg:0)
/obj/machinery/computer/auxillary_base => 0ms (3) (avg:0)
/obj/item/gps/internal/base => 0ms (3) (avg:0)
/obj/structure/closet/wardrobe/cargotech => 0ms (3) (avg:0)
/obj/item/storage/box/mousetraps => 0ms (3) (avg:0)
/obj/structure/closet/secure_closet/hydroponics => 0ms (3) (avg:0)
/obj/machinery/computer/arcade/orion_trail => 0ms (3) (avg:0)
/obj/item/storage/box/ingredients/grains => 0ms (3) (avg:0)
/obj/item/pda/medical => 0ms (3) (avg:0)
/obj/machinery/computer/shuttle/bunkerelevator => 0ms (3) (avg:0)
/obj/machinery/computer/shuttle/northbunkerelevator => 0ms (3) (avg:0)
/obj/item/reagent_containers/food/drinks/mug/coco => 0ms (3) (avg:0)
/obj/structure/closet/athletic_mixed => 0ms (3) (avg:0)
/obj/structure/closet/boxinggloves => 0ms (3) (avg:0)
/obj/item/storage/box/lights/bulbs => 0ms (3) (avg:0)
/obj/structure/guncase => 0ms (3) (avg:0)
/obj/item/gun/energy/laser/plasma/pistol => 0ms (3) (avg:0)
/obj/machinery/computer/rdconsole/core/bos => 0ms (3) (avg:0)
/obj/machinery/computer/crew => 0ms (3) (avg:0)
/obj/item/defibrillator => 0ms (3) (avg:0)
/obj/item/storage/belt/military/army => 0ms (3) (avg:0)
/obj/item/storage/backpack => 0ms (3) (avg:0)
/obj/item/clothing/suit/armor/f13/raider/blastmaster => 0ms (3) (avg:0)
/obj/item/clothing/suit/armor/f13/exile/ncrexile => 0ms (3) (avg:0)
/obj/item/clothing/head/helmet/skull => 0ms (3) (avg:0)
/obj/item/clothing/suit/armor/f13/combat/mk2/raider => 0ms (3) (avg:0)
/obj/item/minigunpack => 0ms (3) (avg:0)
/obj/machinery/vending/tool => 0ms (3) (avg:0)
/obj/item/clothing/under/f13/raider_leather => 0ms (3) (avg:0)
/turf/closed/wall/mineral/wood => 0ms (3) (avg:0)
/obj/item/clothing/under/f13/cowboyg => 0ms (3) (avg:0)
/obj/item/clothing/under/f13/cowboyb => 0ms (3) (avg:0)
/obj/item/storage/box/engineer => 0ms (3) (avg:0)
/obj/item/clothing/head/helmet/f13/combat/mk2 => 0ms (3) (avg:0)
/obj/item/clothing/under/f13/merca => 0ms (3) (avg:0)
/obj/item/clothing/head/helmet/f13/khan => 0ms (3) (avg:0)
/obj/item/clothing/suit/toggle/labcoat/f13/khan_jacket => 0ms (3) (avg:0)
/obj/item/clothing/gloves/f13/leather/fingerless => 0ms (3) (avg:0)
/obj/item/clothing/gloves/rifleman => 0ms (3) (avg:0)
/obj/item/claymore/machete/spatha => 0ms (3) (avg:0)
/obj/item/clothing/head/helmet/f13/power_armor/t45d => 0ms (3) (avg:0)
/obj/item/clothing/suit/armor/f13/legion/recruit => 0ms (3) (avg:0)
/obj/item/clothing/suit/armor/f13/metalarmor => 0ms (3) (avg:0)
/obj/effect/decal/cleanable/blood/gibs/human/up => 0ms (3) (avg:0)
/obj/effect/decal/cleanable/blood/gibs/human/down => 0ms (3) (avg:0)
/obj/effect/decal/cleanable/blood/gibs/human/body => 0ms (3) (avg:0)
/obj/effect/decal/cleanable/blood/gibs/human/limb => 0ms (3) (avg:0)
/obj/effect/decal/cleanable/blood/gibs/human/core => 0ms (3) (avg:0)
/mob/living/simple_animal/hostile/handy/robobrain/nsb => 0ms (2) (avg:0)
/obj/structure/tank_dispenser/oxygen => 0ms (2) (avg:0)
/obj/item/storage/box/firingpins => 0ms (2) (avg:0)
/obj/structure/closet/secure_closet/ertMed => 0ms (2) (avg:0)
/obj/structure/closet/secure_closet/ertSec => 0ms (2) (avg:0)
/obj/item/storage/box/flashes => 0ms (2) (avg:0)
/obj/item/gun/energy/laser/captain => 0ms (2) (avg:0)
/obj/machinery/computer/emergency_shuttle => 0ms (2) (avg:0)
/obj/structure/closet/secure_closet/ertEngi => 0ms (2) (avg:0)
/obj/item/storage/box/metalfoam => 0ms (2) (avg:0)
/obj/machinery/computer/shuttle/labor => 0ms (2) (avg:0)
/obj/machinery/computer/shuttle/mining => 0ms (2) (avg:0)
/obj/machinery/computer/security/mining => 0ms (2) (avg:0)
/obj/machinery/computer/camera_advanced => 0ms (2) (avg:0)
/obj/machinery/computer/shuttle => 0ms (2) (avg:0)
/obj/machinery/computer/telecomms/monitor => 0ms (2) (avg:0)
/obj/machinery/computer/telecomms/server => 0ms (2) (avg:0)
/obj/machinery/computer/message_monitor => 0ms (2) (avg:0)
/obj/effect/decal/cleanable/blood/gibs/limb => 0ms (2) (avg:0)
/obj/item/weldingtool/hugetank => 0ms (2) (avg:0)
/obj/item/storage/box/papersack => 0ms (2) (avg:0)
/obj/item/storage/box/cups => 0ms (2) (avg:0)
/obj/item/gun/energy/laser/plasma => 0ms (2) (avg:0)
/obj/item/stack/ore/blackpowder/fifty => 0ms (2) (avg:0)
/obj/item/storage/box/medsprays => 0ms (2) (avg:0)
/obj/item/pda/engineering => 0ms (2) (avg:0)
/obj/machinery/computer/operating/bos => 0ms (2) (avg:0)
/obj/item/pda/chemist => 0ms (2) (avg:0)
/obj/structure/closet/secure_closet => 0ms (2) (avg:0)
/obj/item/storage/box/lights/tubes => 0ms (2) (avg:0)
/obj/item/pda/warden => 0ms (2) (avg:0)
/obj/item/storage/box/lights/mixed => 0ms (2) (avg:0)
/obj/machinery/computer/robotics => 0ms (2) (avg:0)
/obj/machinery/computer/upload/ai => 0ms (2) (avg:0)
/obj/structure/closet/toolcloset => 0ms (2) (avg:0)
/obj/item/stack/ore/blackpowder/five => 0ms (2) (avg:0)
/turf/open/floor/plasteel/blue/corner => 0ms (2) (avg:0)
/obj/structure/table/wood/fancy/royalblack => 0ms (2) (avg:0)
/obj/structure/window/plasma/reinforced/fulltile => 0ms (2) (avg:0)
/obj/item/reagent_containers/blood/AMinus => 0ms (2) (avg:0)
/obj/item/reagent_containers/blood/APlus => 0ms (2) (avg:0)
/obj/item/reagent_containers/blood/BMinus => 0ms (2) (avg:0)
/obj/item/reagent_containers/blood/BPlus => 0ms (2) (avg:0)
/obj/item/reagent_containers/blood/OPlus => 0ms (2) (avg:0)
/obj/item/reagent_containers/blood/lizard => 0ms (2) (avg:0)
/obj/item/electropack/shockcollar => 0ms (2) (avg:0)
/obj/item/claymore/machete/pipe => 0ms (2) (avg:0)
/obj/item/clothing/suit/armor/f13/raider/yankee => 0ms (2) (avg:0)
/obj/item/construction/rcd/loaded => 0ms (2) (avg:0)
/obj/screen/zone_sel/robot => 0ms (2) (avg:0)
/obj/item/clothing/glasses/sunglasses/big => 0ms (2) (avg:0)
/obj/item/clothing/neck/tie/black => 0ms (2) (avg:0)
/obj/item/assembly/flash/cyborg => 0ms (2) (avg:0)
/obj/item/pickaxe/drill => 0ms (2) (avg:0)
/obj/item/gun/ballistic/automatic/pistol/n99 => 0ms (2) (avg:0)
/obj/item/clothing/head/helmet/f13/combat/mk2/raider => 0ms (2) (avg:0)
/obj/item/flashlight/flare => 0ms (2) (avg:0)
/obj/structure/door_assembly/door_assembly_sec => 0ms (2) (avg:0)
/obj/item/hatchet => 0ms (2) (avg:0)
/obj/item/clothing/suit/armor/vest/leather => 0ms (2) (avg:0)
/obj/machinery/vending/medical => 0ms (2) (avg:0)
/obj/item/ammo_box/m44 => 0ms (2) (avg:0)
/obj/item/clothing/head/welding => 0ms (2) (avg:0)
/obj/item/clothing/suit/armor/f13/leatherarmor => 0ms (2) (avg:0)
/obj/item/gun/ballistic/revolver/colt6520 => 0ms (2) (avg:0)
/obj/item/kitchen/knife/bowie => 0ms (2) (avg:0)
/obj/machinery/computer/rdservercontrol => 0ms (2) (avg:0)
/obj/item/gun/ballistic/shotgun/remington => 0ms (2) (avg:0)
/obj/item/clothing/suit/armor/f13/combatrusted => 0ms (2) (avg:0)
/obj/item/storage/survivalkit_adv => 0ms (2) (avg:0)
/obj/item/clothing/suit/armor/f13/brahmin_leather_duster => 0ms (2) (avg:0)
/obj/item/clothing/gloves/f13/leather => 0ms (2) (avg:0)
/obj/item/clothing/shoes/f13/cowboy => 0ms (2) (avg:0)
/obj/item/gun/ballistic/shotgun/trench => 0ms (2) (avg:0)
/obj/item/clothing/suit/toggle/labcoat/f13/wanderer => 0ms (2) (avg:0)
/obj/item/clothing/gloves/color/brown => 0ms (2) (avg:0)
/obj/item/twohanded/sledgehammer/supersledge => 0ms (2) (avg:0)
/obj/item/clothing/suit/armor/f13/ncrarmor/mantle => 0ms (2) (avg:0)
/obj/item/gun/ballistic/minigun => 0ms (2) (avg:0)
/obj/item/clothing/under/f13/medic => 0ms (2) (avg:0)
/obj/item/clothing/suit/armor/f13/power_armor/t45d/knightcaptain => 0ms (2) (avg:0)
/obj/item/clothing/gloves/color/black => 0ms (2) (avg:0)
/obj/item/clothing/glasses/legiongoggles => 0ms (2) (avg:0)
/obj/item/clothing/shoes/f13/rag => 0ms (2) (avg:0)
/obj/item/kitchen/knife/butcher => 0ms (2) (avg:0)
/obj/item/clothing/neck/cloak => 0ms (2) (avg:0)
/obj/machinery/chem_dispenser/drinks/beer => 0ms (2) (avg:0)
/obj/machinery/chem_dispenser/drinks => 0ms (2) (avg:0)
/obj/item/reagent_containers/food/drinks/drinkingglass/shotglass => 0ms (2) (avg:0)
/obj/structure/flora/ausbushes/sparsegrass => 0ms (2) (avg:0)
/obj/structure/closet/crate/secure/hydroponics => 0ms (1) (avg:0)
/obj/item/organ/cyberimp/chest/nutriment/plus => 0ms (1) (avg:0)
/obj/structure/chair/e_chair => 0ms (1) (avg:0)
/mob/living/simple_animal/hostile/handy/sentrybot/nsb => 0ms (1) (avg:0)
/mob/living/simple_animal/hostile/handy/sentrybot/chew => 0ms (1) (avg:0)
/obj/structure/tank_dispenser/plasma => 0ms (1) (avg:0)
/obj/vehicle/ridden/space/speedbike => 0ms (1) (avg:0)
/obj/vehicle/ridden/space/speedbike/red => 0ms (1) (avg:0)
/obj/vehicle/ridden/space/speedwagon => 0ms (1) (avg:0)
/obj/structure/closet/gimmick/tacticool => 0ms (1) (avg:0)
/obj/structure/closet/gimmick/russian => 0ms (1) (avg:0)
/obj/structure/closet/syndicate/resources/everything => 0ms (1) (avg:0)
/obj/structure/closet/secure_closet/security/sec => 0ms (1) (avg:0)
/obj/structure/closet/secure_closet/warden => 0ms (1) (avg:0)
/obj/structure/closet/secure_closet/armory1 => 0ms (1) (avg:0)
/obj/vehicle/ridden/janicart/upgraded => 0ms (1) (avg:0)
/obj/structure/closet/firecloset/full => 0ms (1) (avg:0)
/obj/structure/closet/wardrobe/mixed => 0ms (1) (avg:0)
/obj/structure/closet/secure_closet/tac => 0ms (1) (avg:0)
/obj/structure/closet/secure_closet/armory2 => 0ms (1) (avg:0)
/obj/structure/closet/secure_closet/armory3 => 0ms (1) (avg:0)
/obj/item/gun/energy/e_gun/stun => 0ms (1) (avg:0)
/obj/item/dice/d1 => 0ms (1) (avg:0)
/obj/item/gun/energy/pulse/pistol/m1911 => 0ms (1) (avg:0)
/obj/structure/closet/secure_closet/ertCom => 0ms (1) (avg:0)
/obj/item/gun/ballistic/automatic/pistol/deagle => 0ms (1) (avg:0)
/obj/machinery/computer/shuttle/ferry => 0ms (1) (avg:0)
/obj/machinery/modular_computer/console/preset/command => 0ms (1) (avg:0)
/obj/machinery/computer/prisoner => 0ms (1) (avg:0)
/obj/structure/closet/secure_closet/quartermaster => 0ms (1) (avg:0)
/obj/structure/closet/chefcloset => 0ms (1) (avg:0)
/obj/machinery/gibber => 0ms (1) (avg:0)
/obj/machinery/modular_computer/console/preset/research => 0ms (1) (avg:0)
/obj/machinery/computer/telecrystals/boss => 0ms (1) (avg:0)
/obj/item/paicard => 0ms (1) (avg:0)
/obj/machinery/computer/shuttle/syndicate/recall => 0ms (1) (avg:0)
/obj/item/disk/data => 0ms (1) (avg:0)
/obj/item/dice/d00 => 0ms (1) (avg:0)
/obj/item/gun/energy/laser/practice => 0ms (1) (avg:0)
/obj/machinery/computer/atmos_alert => 0ms (1) (avg:0)
/obj/machinery/computer/station_alert => 0ms (1) (avg:0)
/obj/machinery/gravity_generator/part => 0ms (1) (avg:0)
/obj/item/gun/energy/e_gun/mini/practice_phaser => 0ms (1) (avg:0)
/obj/machinery/computer/pandemic => 0ms (1) (avg:0)
/obj/structure/closet/wardrobe/white => 0ms (1) (avg:0)
/obj/item/gun/ballistic/automatic/pistol/beretta/automatic => 0ms (1) (avg:0)
/obj/item/clothing/under/maid => 0ms (1) (avg:0)
/obj/structure/closet/secure_closet/freezer/fridge/open => 0ms (1) (avg:0)
/obj/machinery/power/solar_control => 0ms (1) (avg:0)
/obj/structure/closet/fridge/meat => 0ms (1) (avg:0)
/obj/item/dice/fudge => 0ms (1) (avg:0)
/obj/item/gun/energy/laser/aer12 => 0ms (1) (avg:0)
/obj/item/storage/box/citizenship_permits => 0ms (1) (avg:0)
/obj/machinery/computer/rdconsole => 0ms (1) (avg:0)
/obj/effect/decal/cleanable/blood/gibs/torso => 0ms (1) (avg:0)
/obj/item/pda/captain => 0ms (1) (avg:0)
/obj/item/integrated_electronics/detailer => 0ms (1) (avg:0)
/obj/structure/closet/wardrobe/pjs => 0ms (1) (avg:0)
/obj/item/gps/computer => 0ms (1) (avg:0)
/obj/item/pda/heads/hos => 0ms (1) (avg:0)
/obj/item/pda/heads/hop => 0ms (1) (avg:0)
/obj/item/pda/heads/cmo => 0ms (1) (avg:0)
/obj/item/pda/quartermaster => 0ms (1) (avg:0)
/obj/machinery/gibber/autogibber => 0ms (1) (avg:0)
/obj/machinery/computer/cargo/request => 0ms (1) (avg:0)
/obj/item/pda/lawyer => 0ms (1) (avg:0)
/obj/machinery/computer/rdconsole/core/vault => 0ms (1) (avg:0)
/obj/machinery/computer/aifixer => 0ms (1) (avg:0)
/obj/machinery/computer/upload/borg => 0ms (1) (avg:0)
/obj/item/storage/box/PDAs => 0ms (1) (avg:0)
/obj/machinery/computer/card => 0ms (1) (avg:0)
/obj/item/gun/ballistic/automatic/toy => 0ms (1) (avg:0)
/obj/structure/closet/secure_closet/freezer/kitchen/maintenance => 0ms (1) (avg:0)
/obj/item/lighter/greyscale => 0ms (1) (avg:0)
/area/tdome/arena => 0ms (1) (avg:0)
/area/syndicate_mothership => 0ms (1) (avg:0)
/area/ctf => 0ms (1) (avg:0)
/area/awaymission/errorroom => 0ms (1) (avg:0)
/area/tdome/arena_source => 0ms (1) (avg:0)
/area/abductor_ship => 0ms (1) (avg:0)
/area/holodeck/rec_center/refuel => 0ms (1) (avg:0)
/area/holodeck/rec_center/spacechess => 0ms (1) (avg:0)
/area/holodeck/rec_center/thunderdome1218 => 0ms (1) (avg:0)
/area/holodeck/rec_center/kobayashi => 0ms (1) (avg:0)
/area/holodeck/rec_center/chapelcourt => 0ms (1) (avg:0)
/area/holodeck/rec_center/school => 0ms (1) (avg:0)
/area/holodeck/rec_center/firingrange => 0ms (1) (avg:0)
/area/fabric_of_reality => 0ms (1) (avg:0)
/area/ai_multicam_room => 0ms (1) (avg:0)
/area/holodeck/rec_center/anthophila => 0ms (1) (avg:0)
/area/holodeck/rec_center/pet_lounge => 0ms (1) (avg:0)
/area/holodeck/rec_center/medical => 0ms (1) (avg:0)
/area/holodeck/rec_center/basketball => 0ms (1) (avg:0)
/area/holodeck/rec_center/beach => 0ms (1) (avg:0)
/area/holodeck/rec_center/thunderdome => 0ms (1) (avg:0)
/area/holodeck/rec_center/dodgeball => 0ms (1) (avg:0)
/area/start => 0ms (1) (avg:0)
/area/holodeck/rec_center/winterwonderland => 0ms (1) (avg:0)
/area/holodeck/rec_center/bunker => 0ms (1) (avg:0)
/area/holodeck/rec_center/lounge => 0ms (1) (avg:0)
/area/holodeck/rec_center/wildlife => 0ms (1) (avg:0)
/area/holodeck/rec_center/offline => 0ms (1) (avg:0)
/area/holodeck/rec_center/burn => 0ms (1) (avg:0)
/area/holodeck/rec_center/court => 0ms (1) (avg:0)
/area/space => 0ms (1) (avg:0)
/turf/open/floor/plasteel/darkpurple/side => 0ms (1) (avg:0)
/turf/open/floor/plasteel/f13/vault_floor/yellow/whiteyellowfull => 0ms (1) (avg:0)
/obj/machinery/atmospherics/components/unary/vent_pump/on => 0ms (1) (avg:0)
/obj/structure/window/reinforced/tinted/fulltile => 0ms (1) (avg:0)
/obj/structure/falsewall => 0ms (1) (avg:0)
/obj/machinery/computer/shuttle/bos => 0ms (1) (avg:0)
/obj/machinery/computer/shuttle/ferry/request => 0ms (1) (avg:0)
/obj/machinery/computer/shuttle/syndicate/drop_pod => 0ms (1) (avg:0)
/obj/machinery/portable_atmospherics/canister/oxygen => 0ms (1) (avg:0)
/obj/structure/closet/syndicate/nuclear => 0ms (1) (avg:0)
/obj/item/pda/syndicate => 0ms (1) (avg:0)
/obj/item/storage/toolbox/syndicate => 0ms (1) (avg:0)
/obj/machinery/computer/med_data/syndie => 0ms (1) (avg:0)
/obj/machinery/computer/crew/syndie => 0ms (1) (avg:0)
/obj/machinery/computer/camera_advanced/shuttle_docker/syndicate => 0ms (1) (avg:0)
/obj/machinery/computer/shuttle/syndicate => 0ms (1) (avg:0)
/obj/machinery/computer/camera_advanced/syndie => 0ms (1) (avg:0)
/obj/machinery/computer/secure_data/syndie => 0ms (1) (avg:0)
/obj/item/gun/ballistic/automatic/tommygun => 0ms (1) (avg:0)
/obj/item/storage/box/minibombs => 0ms (1) (avg:0)
/obj/item/gun/ballistic/revolver/colt357 => 0ms (1) (avg:0)
/obj/item/clothing/head/f13/town/deputy => 0ms (1) (avg:0)
/obj/item/clothing/suit/armor/f13/town/deputy => 0ms (1) (avg:0)
/obj/item/clothing/under/f13/legslave => 0ms (1) (avg:0)
/obj/item/pickaxe => 0ms (1) (avg:0)
/obj/item/card/id/silver => 0ms (1) (avg:0)
/obj/item/stack/crafting/metalparts/five => 0ms (1) (avg:0)
/obj/item/reagent_containers/food/snacks/f13/specialapples => 0ms (1) (avg:0)
/obj/item/clothing/under/f13/exile => 0ms (1) (avg:0)
/obj/item/picket_sign => 0ms (1) (avg:0)
/obj/item/storage/box/security => 0ms (1) (avg:0)
/obj/item/clothing/under/suit/charcoal => 0ms (1) (avg:0)
/obj/item/construction/rcd/borg => 0ms (1) (avg:0)
/obj/item/shield/legion/buckler => 0ms (1) (avg:0)
/obj/item/clothing/under/misc/assistantformal => 0ms (1) (avg:0)
/obj/item/clothing/suit/armor/f13/tribe_armor => 0ms (1) (avg:0)
/obj/item/gun/ballistic/automatic/varmint => 0ms (1) (avg:0)
/obj/item/clothing/head/helmet/f13/legion/palacent => 0ms (1) (avg:0)
/obj/item/clothing/suit/armor/f13/legion/palacent => 0ms (1) (avg:0)
/obj/item/ammo_box/magazine/m556/rifle => 0ms (1) (avg:0)
/obj/item/storage/backpack/satchel/leather => 0ms (1) (avg:0)
/obj/item/clothing/suit/armor/vest => 0ms (1) (avg:0)
/obj/item/gun/energy/laser/scatter => 0ms (1) (avg:0)
/obj/item/clothing/shoes/sneakers/black => 0ms (1) (avg:0)
/obj/screen/alert/restrained/legcuffed => 0ms (1) (avg:0)
/obj/item/gun/ballistic/shotgun/automatic/hunting/cowboy => 0ms (1) (avg:0)
/obj/item/clothing/suit/armor/f13/kit => 0ms (1) (avg:0)
/obj/item/restraints/handcuffs => 0ms (1) (avg:0)
/obj/structure/door_assembly => 0ms (1) (avg:0)
/obj/item/crowbar => 0ms (1) (avg:0)
/obj/item/gun/ballistic/revolver/zipgun => 0ms (1) (avg:0)
/obj/item/clothing/under/f13/ravenharness => 0ms (1) (avg:0)
/obj/item/gun/medbeam => 0ms (1) (avg:0)
/obj/item/clothing/suit/armor/f13/combat/swat => 0ms (1) (avg:0)
/obj/item/clothing/head/helmet/f13/raider/yankee => 0ms (1) (avg:0)
/obj/item/clothing/under/jabroni => 0ms (1) (avg:0)
/obj/item/storage/belt/security => 0ms (1) (avg:0)
/obj/item/pickaxe/drill/diamonddrill => 0ms (1) (avg:0)
/obj/item/clothing/suit/armor/f13/power_armor/t60 => 0ms (1) (avg:0)
/obj/item/storage/bag/ore => 0ms (1) (avg:0)
/obj/item/gun/ballistic/shotgun/mosin => 0ms (1) (avg:0)
/obj/item/gun/ballistic/revolver/widowmaker => 0ms (1) (avg:0)
/obj/item/ammo_casing/shotgun/buckshot => 0ms (1) (avg:0)
/obj/item/clothing/gloves/f13/blacksmith => 0ms (1) (avg:0)
/obj/item/stack/f13Cash/caps => 0ms (1) (avg:0)
/obj/structure/flora/grass/wasteland => 0ms (1) (avg:0)
/obj/item/melee/classic_baton/telescopic => 0ms (1) (avg:0)
/obj/item/clothing/suit/armor/f13/leather_jacket/combat/coat => 0ms (1) (avg:0)
/obj/item/clothing/head/helmet/f13/ncr/rangercombat => 0ms (1) (avg:0)
/obj/item/clothing/glasses/sunglasses => 0ms (1) (avg:0)
/obj/structure/flora/tree/tall => 0ms (1) (avg:0)
/obj/machinery/computer/rdconsole/core => 0ms (1) (avg:0)
/obj/structure/door_assembly/door_assembly_wood => 0ms (1) (avg:0)
/obj/item/gun/ballistic/automatic/m1garand => 0ms (1) (avg:0)
/obj/item/gun/ballistic/automatic/service/carbine => 0ms (1) (avg:0)
/obj/item/clothing/head/helmet/f13/combat/ncr_patrol => 0ms (1) (avg:0)
/obj/item/clothing/suit/armor/f13/combat/ncr_patrol => 0ms (1) (avg:0)
/obj/item/clothing/gloves/patrol => 0ms (1) (avg:0)
/obj/item/clothing/neck/tie/red => 0ms (1) (avg:0)
/obj/item/bedsheet/cosmos => 0ms (1) (avg:0)
/obj/item/clothing/suit/armor/f13/exile/bosexile => 0ms (1) (avg:0)
/obj/item/clothing/gloves/color/yellow => 0ms (1) (avg:0)
/obj/item/storage/trash_stack => 0ms (1) (avg:0)
/obj/item/clothing/neck/scarf/cptpatriot => 0ms (1) (avg:0)
/obj/item/clothing/suit/armor/f13/battlecoat => 0ms (1) (avg:0)
/obj/item/grenade/chem_grenade/adv_release => 0ms (1) (avg:0)
/obj/item/clothing/under/f13/legauxiliaf => 0ms (1) (avg:0)
/obj/item/clothing/under/f13/merchant => 0ms (1) (avg:0)
/obj/item/clothing/head/helmet/f13/raider/psychotic => 0ms (1) (avg:0)
/obj/item/clothing/under/f13/doctor => 0ms (1) (avg:0)
/obj/item/clothing/head/helmet/f13/raider/arclight => 0ms (1) (avg:0)
/obj/item/gun/ballistic/revolver/pipe_rifle => 0ms (1) (avg:0)
/obj/item/clothing/mask/bandana/legrecruit => 0ms (1) (avg:0)
/obj/item/clothing/glasses/welding => 0ms (1) (avg:0)
/obj/item/clothing/suit/armor/f13/headscribe => 0ms (1) (avg:0)
/obj/structure/chair/sofa/corp => 0ms (1) (avg:0)
/obj/item/clothing/under/rank/medical/doctor/util => 0ms (1) (avg:0)
/obj/item/clothing/shoes/f13/military/ncr_officer_boots => 0ms (1) (avg:0)
/obj/item/clothing/suit/armor/f13/ncrarmor/lieutenant => 0ms (1) (avg:0)
/obj/item/clothing/head/beret/ncr => 0ms (1) (avg:0)
/obj/item/clothing/suit/armor/f13/ncrarmor/mantle/reinforced => 0ms (1) (avg:0)
/obj/structure/closet/crate/secure/gear => 0ms (1) (avg:0)
/obj/item/clothing/under/f13/rag => 0ms (1) (avg:0)
/obj/item/clothing/suit/armor/f13/leather_jacket => 0ms (1) (avg:0)
/obj/item/stack/medical/gauze => 0ms (1) (avg:0)
/obj/item/clothing/head/helmet/f13/legion/prime => 0ms (1) (avg:0)
/obj/item/clothing/suit/armor/f13/legion/prime => 0ms (1) (avg:0)
/obj/item/clothing/suit/armor/f13/combat/mk2 => 0ms (1) (avg:0)
/obj/item/clothing/head/that => 0ms (1) (avg:0)
/obj/item/clothing/mask/gas/glass => 0ms (1) (avg:0)
/obj/item/stake/basic => 0ms (1) (avg:0)
/obj/item/clothing/under/lawyer/female => 0ms (1) (avg:0)
/obj/item/kitchen/knife => 0ms (1) (avg:0)
/obj/item/clothing/suit/armor/bulletproof => 0ms (1) (avg:0)
/obj/item/reagent_containers/food/snacks/f13/crisps => 0ms (1) (avg:0)
/obj/item/clothing/head/helmet/alt => 0ms (1) (avg:0)
/obj/item/clothing/suit/armor/f13/combat/dark => 0ms (1) (avg:0)
/turf/closed/wall/f13/vault => 0ms (1) (avg:0)
