[2021-05-17 22:31:02.640] Starting up round ID 17.
 - -------------------------
[2021-05-17 22:31:03.821] INIT: Initialized Profiler subsystem within 0 seconds!
[2021-05-17 22:31:03.968] Fail2Topic: Failed to drop firewall rule. Exit code: 1.
[2021-05-17 22:31:03.968] INIT: Initialized Fail2Topic subsystem within 0.1 seconds!
[2021-05-17 22:31:04.008] INIT: Initialized Title Screen subsystem within 0.1 seconds!
[2021-05-17 22:31:04.008] INIT: Initialized Database subsystem within 0 seconds!
[2021-05-17 22:31:04.008] INIT: Initialized Stat Panels subsystem within 0 seconds!
[2021-05-17 22:31:04.008] INIT: Initialized Blackbox subsystem within 0 seconds!
[2021-05-17 22:31:04.010] INIT: Initialized Server Tasks subsystem within 0 seconds!
[2021-05-17 22:31:04.010] INIT: Initialized Input subsystem within 0 seconds!
[2021-05-17 22:31:04.013] INIT: Initialized Sounds subsystem within 0 seconds!
[2021-05-17 22:31:04.013] INIT: Initialized Vis contents overlays subsystem within 0 seconds!
[2021-05-17 22:31:04.080] INIT: Initialized Research subsystem within 0 seconds!
[2021-05-17 22:31:04.082] INIT: Initialized Events subsystem within 0 seconds!
[2021-05-17 22:31:04.088] INIT: Initialized Jobs subsystem within 0 seconds!
[2021-05-17 22:31:04.091] INIT: Initialized Quirks subsystem within 0 seconds!
[2021-05-17 22:31:04.105] INIT: Initialized Ticker subsystem within 0.1 seconds!
[2021-05-17 22:31:04.131] INIT: Initialized Instruments subsystem within 0 seconds!
[2021-05-17 22:31:21.933] INIT: Initialized Mapping subsystem within 17.8 seconds!
[2021-05-17 22:31:21.933] INIT: Initialized Economy subsystem within 0 seconds!
[2021-05-17 22:31:21.936] INIT: Initialized Networks subsystem within 0 seconds!
[2021-05-17 22:31:21.936] INIT: Initialized Holodeck subsystem within 0 seconds!
[2021-05-17 22:32:10.482] INIT: Initialized Atoms subsystem within 48.5 seconds!
[2021-05-17 22:32:10.501] INIT: Initialized Language subsystem within 0.1 seconds!
[2021-05-17 22:32:10.528] INIT: Initialized Machines subsystem within 0 seconds!
[2021-05-17 22:32:10.617] INIT: Initialized Circuit subsystem within 0.1 seconds!
[2021-05-17 22:32:10.879] INIT: Initialized Atmos Adjacency subsystem within 0.2 seconds!
[2021-05-17 22:32:10.879] INIT: Initialized Autotransfer Vote subsystem within 0 seconds!
[2021-05-17 22:32:10.880] INIT: Initialized Chemistry subsystem within 0 seconds!
[2021-05-17 22:32:10.880] INIT: Initialized Status Effects subsystem within 0 seconds!
[2021-05-17 22:32:10.883] INIT: Initialized Weather subsystem within 0 seconds!
[2021-05-17 22:32:10.888] INIT: Initialized Disease subsystem within 0 seconds!
[2021-05-17 22:32:10.888] INIT: Initialized Item Spawners subsystem within 0 seconds!
[2021-05-17 22:32:10.889] INIT: Initialized Jukeboxes subsystem within 0 seconds!
[2021-05-17 22:32:10.889] INIT: Initialized Medals subsystem within 0 seconds!
[2021-05-17 22:32:11.878] INIT: Initialized Minimaps subsystem within 1 second!
[2021-05-17 22:32:11.881] INIT: Initialized Mob Spawners subsystem within 0 seconds!
[2021-05-17 22:32:11.882] INIT: Initialized Monster Wave subsystem within 0 seconds!
[2021-05-17 22:32:11.882] INIT: Initialized Day/Night Cycle subsystem within 0 seconds!
[2021-05-17 22:32:11.883] INIT: Initialized Night Shift subsystem within 0 seconds!
[2021-05-17 22:32:11.883] INIT: Initialized Parallax subsystem within 0 seconds!
[2021-05-17 22:32:11.883] INIT: Initialized Sun subsystem within 0 seconds!
[2021-05-17 22:32:12.306] INIT: Initialized Traumas subsystem within 0.5 seconds!
[2021-05-17 22:32:20.010] INIT: Initialized Atmospherics subsystem within 7.7 seconds!
[2021-05-17 22:32:29.135] INIT: Initialized Assets subsystem within 9.1 seconds!
[2021-05-17 22:32:34.751] INIT: Initialized Icon Smoothing subsystem within 5.6 seconds!
[2021-05-17 22:32:35.980] INIT: Initialized Overlay subsystem within 1.2 seconds!
[2021-05-17 22:32:35.980] INIT: Initialized XKeyScore subsystem within 0 seconds!
[2021-05-17 22:32:36.049] INIT: Initialized Sticky Ban subsystem within 0.1 seconds!
[2021-05-17 22:32:45.636] INIT: Initialized Lighting subsystem within 9.6 seconds!
[2021-05-17 22:32:48.898] INIT: Initialized Shuttle subsystem within 3.2 seconds!
[2021-05-17 22:32:54.360] INIT: Initialized Minor Mapping subsystem within 5.5 seconds!
[2021-05-17 22:32:54.363] INIT: Initialized Pathfinder subsystem within 0 seconds!
[2021-05-17 22:32:54.433] INIT: Initialized Persistence subsystem within 0.1 seconds!
[2021-05-17 22:32:54.435] INIT: Initialized Chat subsystem within 0 seconds!
[2021-05-18 01:29:17.033] Fail2Topic: Failed to drop firewall rule. Exit code: 1.
