[2021-05-17 22:31:02.634] Starting up round ID 17.
 - -------------------------
[2021-05-17 22:35:35.668] TCOMMS: Shirozinha/(Tio Osso) [Enclave] (spans:  ) "Alo" (language: Galactic Common) (Enclave (134, 13, 3))
[2021-05-17 22:39:30.911] TCOMMS: SondTheAnime/(Kane Lens) [Enclave] (spans:  ) "Alguém ?" (language: Galactic Common) (Enclave (134, 12, 3))
[2021-05-17 22:39:33.111] TCOMMS: Luciam/(Victoria Valentine) [Enclave] (spans:  ) "Faz um carregador de baterias, pesquisa e constroi" (language: Galactic Common) (Tunnel (133, 68, 3))
[2021-05-17 22:39:43.273] TCOMMS: Luciam/(Victoria Valentine) [Enclave] (spans:  ) "Kane ta fazendo oq?" (language: Galactic Common) (Tunnel (136, 68, 3))
[2021-05-17 22:39:59.596] TCOMMS: SondTheAnime/(Kane Lens) [Enclave] (spans:  ) "Nada por enquanto." (language: Galactic Common) (Enclave (129, 22, 3))
[2021-05-17 22:44:49.816] TCOMMS: AlbertoVinhofino/(Elias Ivanov) [Vault] (spans:  ) "Alguém?" (language: Galactic Common) (Vault (38, 188, 4))
[2021-05-17 22:49:41.369] TCOMMS: Degusta00/(Bob Loureiro) [148.9] (spans:  ) "Vão si fude" (language: Galactic Common) (Wasteland (168, 215, 2))
[2021-05-17 22:50:06.687] TCOMMS: kaduh/(Erika Miller) [Vault] (spans:  ) "Oi" (language: Galactic Common) (Vault (84, 174, 4))
[2021-05-17 22:55:42.289] TCOMMS: John_egbert3/(Borgos Comiamaedoluiz) [Common] (spans:  ) "Alo" (language: Galactic Common) (Wasteland (103, 101, 2))
[2021-05-17 22:55:43.209] TCOMMS: John_egbert3/(Borgos Comiamaedoluiz) [Common] (spans:  ) "??" (language: Galactic Common) (Wasteland (103, 101, 2))
[2021-05-17 22:55:45.555] TCOMMS: John_egbert3/(Borgos Comiamaedoluiz) [Common] (spans:  ) "Tem alguem ai" (language: Galactic Common) (Wasteland (103, 101, 2))
[2021-05-17 22:55:53.771] TCOMMS: John_egbert3/(Borgos Comiamaedoluiz) [Common] (spans:  ) "ALOOOOOOOOOO" (language: Galactic Common) (Wasteland (103, 102, 2))
[2021-05-17 22:55:56.704] TCOMMS: John_egbert3/(Borgos Comiamaedoluiz) [Common] (spans:  ) "OADASDOSAODSAODOSADOASKODIASKODOAKSD" (language: Galactic Common) (Wasteland (103, 102, 2))
[2021-05-17 22:55:58.823] TCOMMS: John_egbert3/(Borgos Comiamaedoluiz) [Common] (spans:  ) "OASDOASKDOAKOSDAOKISDOKMASOKDASKODOKASOKASD" (language: Galactic Common) (Wasteland (103, 102, 2))
[2021-05-17 22:56:01.167] TCOMMS: John_egbert3/(Borgos Comiamaedoluiz) [Common] (spans:  ) "ASKODAKOSDKSADOASDOKASOKDAOKSDKOASK OALO" (language: Galactic Common) (Wasteland (103, 102, 2))
[2021-05-17 22:56:48.585] TCOMMS: John_egbert3/(Borgos Comiamaedoluiz) [Common] (spans:  ) "NOSSA PRIMEIRA BASE" (language: Galactic Common) (Wasteland (104, 99, 2))
[2021-05-17 22:57:19.626] TCOMMS: 2006f/(Paget Chauvin) [Common] (spans:  ) "Bos" (language: Galactic Common) (Followers of the Apocalypse (84, 56, 2))
[2021-05-17 22:57:23.651] TCOMMS: 2006f/(Paget Chauvin) [Common] (spans:  ) "Querem negociar?" (language: Galactic Common) (Followers of the Apocalypse (84, 56, 2))
[2021-05-17 23:03:54.543] TCOMMS: alexalbright/(Alex Magnus Primeiro) [Legion] (spans:  ) "Alguem?" (language: Galactic Common) (Wasteland (144, 65, 2))
[2021-05-17 23:07:34.495] TCOMMS: kaduh/(Erika Miller) [Vault] (spans:  ) "Enrta" (language: Galactic Common) (Village (80, 162, 2))
[2021-05-17 23:10:09.710] TCOMMS: SondTheAnime/(Kane Lens) [Enclave] (spans:  ) "Talvez vai ter que construir na mão" (language: Galactic Common) (Tunnel (122, 33, 3))
[2021-05-17 23:11:42.781] TCOMMS: SondTheAnime/(Kane Lens) [Enclave] (spans:  ) "Cade tu?" (language: Galactic Common) (Tunnel (122, 98, 3))
[2021-05-17 23:12:40.207] TCOMMS: Thebanana3/(Default Cyborg Name) [Common] (spans: robot ) "Oi gente" (language: Galactic Common) (Wasteland (79, 122, 2))
[2021-05-17 23:12:40.364] TCOMMS: SpookyPineapple/(Tonhao Vermelho) [Common] (spans:  italics ) "ALOOOO" (language: Galactic Common) (Wasteland (76, 121, 2))
[2021-05-17 23:12:40.870] TCOMMS: John_egbert3/(Borgos Comiamaedoluiz) [Common] (spans:  ) "ALGUEM FALA COMIGO" (language: Galactic Common) (Wasteland (79, 121, 2))
[2021-05-17 23:12:45.950] TCOMMS: 2006f/(Dirk Cook) [Common] (spans:  ) "Existe uma gang de 3 pessoas e 1 robo que deram o cu cuidado" (language: Galactic Common) (Brotherhood of Steel RnD Department (231, 205, 3))
[2021-05-17 23:12:48.222] TCOMMS: Zero9e1/(Garrety Wells) [Common] (spans:  ) "Que?" (language: Galactic Common) (Wasteland (68, 36, 2))
[2021-05-17 23:13:00.934] TCOMMS: Zero9e1/(Garrety Wells) [Common] (spans:  ) "Quem invadiu o oasis?" (language: Galactic Common) (City (73, 39, 2))
[2021-05-17 23:13:09.922] TCOMMS: John_egbert3/(Borgos Comiamaedoluiz) [Common] (spans:  ) "SEU PAI FDP" (language: Galactic Common) (Wasteland (69, 76, 2))
[2021-05-17 23:13:13.951] TCOMMS: SpookyPineapple/(Tonhao Vermelho) [Common] (spans:  italics ) "Carentes" (language: Galactic Common) (Wasteland (57, 78, 2))
[2021-05-17 23:13:17.446] TCOMMS: SpookyPineapple/(Tonhao Vermelho) [Common] (spans:  italics ) "Tomaaaa" (language: Galactic Common) (Wasteland (53, 78, 2))
[2021-05-17 23:15:28.015] TCOMMS: alexalbright/(Alex Magnus Primeiro) [Legion] (spans:  ) "Alguem?" (language: Galactic Common) (Legion (214, 43, 2))
[2021-05-17 23:15:35.041] TCOMMS: John_egbert3/(Borgos Comiamaedoluiz) [Common] (spans:  ) "AHHH" (language: Galactic Common) (Wasteland (27, 186, 2))
[2021-05-17 23:16:21.073] TCOMMS: comicao1/(Sorrel Riker) [Common] (spans:  ) "Ea." (language: Galactic Common) (Wasteland (26, 186, 2))
[2021-05-17 23:16:27.643] TCOMMS: John_egbert3/(Borgos Comiamaedoluiz) [Common] (spans:  ) "Sou da paz" (language: Galactic Common) (Wasteland (29, 181, 2))
[2021-05-17 23:16:47.049] TCOMMS: 2006f/(Dirk Cook) [Common] (spans:  ) "Borgos e um risco nuclear para nossa cidade ele não tem pai" (language: Galactic Common) (Brotherhood of Steel (155, 237, 2))
[2021-05-17 23:21:10.531] TCOMMS: kaduh/(Erika Miller) [Vault] (spans:  ) "Na verdade o pessoal do vault nao poderia fica saindo de la" (language: Galactic Common) (Wasteland (161, 206, 2))
[2021-05-17 23:21:27.727] TCOMMS: AlbertoVinhofino/(Elias Ivanov) [Vault] (spans:  ) "A vault estava meio abandonada, o certo era ter que sair" (language: Galactic Common) (Wasteland (153, 221, 2))
[2021-05-17 23:21:45.743] TCOMMS: kaduh/(Erika Miller) [148.9] (spans:  ) "A bos" (language: Galactic Common) (Wasteland (170, 213, 2))
[2021-05-17 23:21:52.748] TCOMMS: AlbertoVinhofino/(Elias Ivanov) [148.9] (spans:  ) "É dela isso?" (language: Galactic Common) (Wasteland (169, 213, 2))
[2021-05-17 23:21:57.058] TCOMMS: kaduh/(Erika Miller) [148.9] (spans:  ) "Sim" (language: Galactic Common) (Wasteland (170, 214, 2))
[2021-05-17 23:22:36.938] TCOMMS: kaduh/(Erika Miller) [Vault] (spans:  ) "A facções só atacando se a gente fizer alguma coisa" (language: Galactic Common) (Building (208, 189, 2))
[2021-05-17 23:22:42.795] TCOMMS: kaduh/(Erika Miller) [Vault] (spans:  ) "O vault é neutro" (language: Galactic Common) (Building (208, 189, 2))
[2021-05-17 23:23:05.135] TCOMMS: kaduh/(Erika Miller) [Vault] (spans:  ) "Mas tem bandidos pelo mundo" (language: Galactic Common) (Wasteland (230, 184, 2))
[2021-05-17 23:24:28.455] TCOMMS: kaduh/(Erika Miller) [Vault] (spans:  ) "Se tiver uma solda para para sucatear os carros" (language: Galactic Common) (Wasteland (232, 228, 2))
[2021-05-17 23:25:52.010] TCOMMS: John_egbert3/(Borgos Comiamaedoluiz) [Common] (spans:  ) "A" (language: Galactic Common) (Wasteland (27, 219, 2))
[2021-05-17 23:26:40.998] TCOMMS: Zero9e1/(Garrety Wells) [Common] (spans:  ) "Ei" (language: Galactic Common) (Wasteland (26, 216, 2))
[2021-05-17 23:26:53.311] TCOMMS: OvelhaCosmica/(Adam Alves) [Common] (spans:  ) "Salve" (language: Galactic Common) (Wasteland (95, 213, 2))
[2021-05-17 23:26:54.024] TCOMMS: Zero9e1/(Garrety Wells) [Common] (spans:  ) "O senhor sabe quem invadiu o oasis?" (language: Galactic Common) (Wasteland (26, 216, 2))
[2021-05-17 23:27:13.334] TCOMMS: John_egbert3/(Borgos Comiamaedoluiz) [Common] (spans:  ) "Oi" (language: Galactic Common) (Wasteland (27, 220, 2))
[2021-05-17 23:27:14.160] TCOMMS: Zero9e1/(Garrety Wells) [Common] (spans:  ) "E então?" (language: Galactic Common) (Wasteland (26, 218, 2))
[2021-05-17 23:27:20.200] TCOMMS: John_egbert3/(Borgos Comiamaedoluiz) [Common] (spans:  ) "Nao" (language: Galactic Common) (Wasteland (29, 218, 2))
[2021-05-17 23:27:20.253] TCOMMS: Zero9e1/(Garrety Wells) [Common] (spans:  ) "Quem invadiu o oasis?" (language: Galactic Common) (Wasteland (26, 218, 2))
[2021-05-17 23:28:00.292] TCOMMS: John_egbert3/(Borgos Comiamaedoluiz) [Common] (spans:  ) "CURA" (language: Galactic Common) (NCR (9, 211, 2))
[2021-05-17 23:28:03.448] TCOMMS: comicao1/(Sorrel Riker) [Common] (spans:  ) "CURAP ORRA" (language: Galactic Common) (NCR (9, 211, 2))
[2021-05-17 23:28:17.636] TCOMMS: John_egbert3/(Borgos Comiamaedoluiz) [Common] (spans:  ) "CYRA" (language: Galactic Common) (NCR (20, 214, 2))
[2021-05-17 23:28:18.309] TCOMMS: John_egbert3/(Borgos Comiamaedoluiz) [Common] (spans:  ) "CURA" (language: Galactic Common) (NCR (20, 214, 2))
[2021-05-17 23:30:51.657] TCOMMS: alexalbright/(Alex Magnus Primeiro) [Legion] (spans:  ) "Algum legion?" (language: Galactic Common) (Legion (221, 43, 2))
[2021-05-17 23:32:02.929] TCOMMS: OvelhaCosmica/(Adam Alves) [Common] (spans:  ) "Caralho NCR" (language: Galactic Common) (Wasteland (29, 179, 2))
[2021-05-17 23:32:07.341] TCOMMS: OvelhaCosmica/(Adam Alves) [Common] (spans:  ) "Seis são mo cuzão" (language: Galactic Common) (Wasteland (29, 179, 2))
[2021-05-17 23:32:11.395] TCOMMS: OvelhaCosmica/(Adam Alves) [Common] (spans:  ) "Vim fala pra voces" (language: Galactic Common) (Wasteland (29, 179, 2))
[2021-05-17 23:32:14.745] TCOMMS: OvelhaCosmica/(Adam Alves) [Common] (spans:  ) "Fortaleci" (language: Galactic Common) (Wasteland (29, 179, 2))
[2021-05-17 23:32:16.130] TCOMMS: John_egbert3/(Borgos Comiamaedoluiz) [Common] (spans:  ) "Vamo comer seu cu" (language: Galactic Common) (Wasteland (25, 193, 2))
[2021-05-17 23:32:16.167] TCOMMS: comicao1/(Sorrel Riker) [Common] (spans:  ) "Vai te dar como oferecimento" (language: Galactic Common) (Wasteland (25, 195, 2))
[2021-05-17 23:32:18.924] TCOMMS: comicao1/(Sorrel Riker) [Common] (spans:  ) "Ao deus rei do sexo" (language: Galactic Common) (Wasteland (25, 195, 2))
[2021-05-17 23:32:19.634] TCOMMS: OvelhaCosmica/(Adam Alves) [Common] (spans:  ) "E seis me deu bala" (language: Galactic Common) (Wasteland (29, 179, 2))
[2021-05-17 23:32:25.424] TCOMMS: John_egbert3/(Borgos Comiamaedoluiz) [Common] (spans:  ) "OBSERVEM" (language: Galactic Common) (Wasteland (25, 193, 2))
[2021-05-17 23:32:26.809] TCOMMS: John_egbert3/(Borgos Comiamaedoluiz) [Common] (spans:  ) "OBSERVEM" (language: Galactic Common) (Wasteland (25, 193, 2))
[2021-05-17 23:32:29.009] TCOMMS: John_egbert3/(Borgos Comiamaedoluiz) [Common] (spans:  ) "O RITUAL DO REI DO SEXO" (language: Galactic Common) (Wasteland (25, 193, 2))
[2021-05-17 23:32:30.772] TCOMMS: John_egbert3/(Borgos Comiamaedoluiz) [Common] (spans:  ) "GRAVADO AO VIVO" (language: Galactic Common) (Wasteland (25, 193, 2))
[2021-05-17 23:32:34.362] TCOMMS: John_egbert3/(Borgos Comiamaedoluiz) [Common] (spans:  ) "VOCES IRAO OUVIR TUDO" (language: Galactic Common) (Wasteland (25, 193, 2))
[2021-05-17 23:32:42.348] TCOMMS: SpookyPineapple/(Tonhao Vermelho) [Common] (spans:  italics ) "WOOOOOOOOOOOOOOOAN" (language: Galactic Common) (Wasteland (27, 194, 2))
[2021-05-17 23:32:47.702] TCOMMS: SpookyPineapple/(Tonhao Vermelho) [Common] (spans:  italics ) "OOOOOOOOOOOOOOOOOOOOOH" (language: Galactic Common) (Wasteland (27, 194, 2))
[2021-05-17 23:32:49.652] TCOMMS: comicao1/(Sorrel Riker) [Common] (spans:  ) "PL" (language: Galactic Common) (Wasteland (27, 195, 2))
[2021-05-17 23:32:51.079] TCOMMS: SpookyPineapple/(Tonhao Vermelho) [Common] (spans:  italics ) "UUUUUH" (language: Galactic Common) (Wasteland (27, 194, 2))
[2021-05-17 23:32:53.187] TCOMMS: comicao1/(Sorrel Riker) [Common] (spans:  yell ) "OOOOOOOOOOOOOOOOOOOOOHHH!!" (language: Galactic Common) (Wasteland (27, 195, 2))
[2021-05-17 23:32:54.208] TCOMMS: John_egbert3/(Borgos Comiamaedoluiz) [Common] (spans:  ) "REI DO SEXO" (language: Galactic Common) (Wasteland (25, 194, 2))
[2021-05-17 23:32:55.709] TCOMMS: John_egbert3/(Borgos Comiamaedoluiz) [Common] (spans:  ) "O TENHA" (language: Galactic Common) (Wasteland (25, 194, 2))
[2021-05-17 23:32:56.197] TCOMMS: comicao1/(Sorrel Riker) [Common] (spans:  ) "OOOOOOOOOOOOOOOOOHHH!" (language: Galactic Common) (Wasteland (27, 195, 2))
[2021-05-17 23:32:56.446] TCOMMS: SpookyPineapple/(Tonhao Vermelho) [Common] (spans:  italics ) "AWNNNNNNNNT" (language: Galactic Common) (Wasteland (27, 194, 2))
[2021-05-17 23:32:57.454] TCOMMS: comicao1/(Sorrel Riker) [Common] (spans:  ) "O TENHA" (language: Galactic Common) (Wasteland (27, 195, 2))
[2021-05-17 23:32:59.626] TCOMMS: comicao1/(Sorrel Riker) [Common] (spans:  yell ) "O TENHA!!" (language: Galactic Common) (Wasteland (27, 195, 2))
[2021-05-17 23:33:02.569] TCOMMS: SpookyPineapple/(Tonhao Vermelho) [Common] (spans:  italics ) "AWOOOOOOOONHH" (language: Galactic Common) (Wasteland (27, 194, 2))
[2021-05-17 23:33:07.774] TCOMMS: Thebanana3/(Default Cyborg Name) [Common] (spans: robot ) "Awoooooga" (language: Galactic Common) (Wasteland (26, 194, 2))
[2021-05-17 23:33:10.225] TCOMMS: SpookyPineapple/(Tonhao Vermelho) [Common] (spans:  italics ) "UUUUUUUUH AAAAAH ESTOU COMENDO O CU DESSE HOMEM" (language: Galactic Common) (Wasteland (27, 194, 2))
[2021-05-17 23:33:13.031] TCOMMS: SpookyPineapple/(Tonhao Vermelho) [Common] (spans:  italics ) "AHHHHHHHHHHHH" (language: Galactic Common) (Wasteland (27, 194, 2))
[2021-05-17 23:33:15.315] TCOMMS: comicao1/(Sorrel Riker) [Common] (spans:  ) "ESTOU COMENDO O CU DELE" (language: Galactic Common) (Wasteland (27, 195, 2))
[2021-05-17 23:33:16.437] TCOMMS: John_egbert3/(Borgos Comiamaedoluiz) [Common] (spans:  ) "O REI DO SEXO ESTA GANHANDO" (language: Galactic Common) (Wasteland (25, 194, 2))
[2021-05-17 23:33:17.420] TCOMMS: comicao1/(Sorrel Riker) [Common] (spans:  ) "QUE DELICIA" (language: Galactic Common) (Wasteland (27, 195, 2))
[2021-05-17 23:33:22.508] TCOMMS: Harm Brade/(Rebecca Dawkins) [Common] (spans:  italics ) "Eu o rei do sexo como seu cu em forma de agradecimento" (language: Galactic Common) (Wasteland (26, 195, 2))
[2021-05-17 23:33:25.017] TCOMMS: comicao1/(Sorrel Riker) [Common] (spans:  ) "ESTOU COMENDO" (language: Galactic Common) (Wasteland (27, 195, 2))
[2021-05-17 23:33:25.491] TCOMMS: SpookyPineapple/(Tonhao Vermelho) [Common] (spans:  italics ) "UUUUH AAAAAAH OOOOHJ" (language: Galactic Common) (Wasteland (27, 194, 2))
[2021-05-17 23:33:28.967] TCOMMS: comicao1/(Sorrel Riker) [Common] (spans:  yell ) "AAAAAAAAAAAAAAAAAAAAAAAAAAAAAAAAAAAHHHH!!" (language: Galactic Common) (Wasteland (27, 195, 2))
[2021-05-17 23:33:37.737] TCOMMS: John_egbert3/(Borgos Comiamaedoluiz) [Common] (spans:  ) "Ele ta dormindo" (language: Galactic Common) (Wasteland (25, 194, 2))
[2021-05-17 23:33:38.884] TCOMMS: SpookyPineapple/(Tonhao Vermelho) [Common] (spans:  italics yell ) "VOU GOZAR!!!!!!!! NÃO AGUENTO MAIS!!!!" (language: Galactic Common) (Wasteland (27, 194, 2))
[2021-05-17 23:34:42.330] TCOMMS: SpookyPineapple/(Tonhao Vermelho) [Common] (spans:  ) "JOGUEM O CORPO DELE FORA" (language: Galactic Common) (Wasteland (26, 197, 2))
[2021-05-17 23:34:57.585] TCOMMS: SpookyPineapple/(Tonhao Vermelho) [Common] (spans:  ) "ESQUECE" (language: Galactic Common) (Wasteland (26, 197, 2))
[2021-05-17 23:35:05.865] TCOMMS: John_egbert3/(Borgos Comiamaedoluiz) [Common] (spans:  ) "Quem entrar na NCR" (language: Galactic Common) (Wasteland (27, 194, 2))
[2021-05-17 23:35:10.711] TCOMMS: John_egbert3/(Borgos Comiamaedoluiz) [Common] (spans:  ) "Sera feito de oferenda pro rei do sexo" (language: Galactic Common) (Wasteland (27, 194, 2))
[2021-05-17 23:35:17.936] TCOMMS: SpookyPineapple/(Tonhao Vermelho) [Common] (spans:  ) "QUEM ENTRAR NA NCR OU PRÓXIMO IRÁ SE ENCHER DE SAFADEZA" (language: Galactic Common) (Wasteland (26, 197, 2))
[2021-05-17 23:36:30.745] TCOMMS: OvelhaCosmica/(Adam Alves) [Common] (spans:  ) "Voces são uns bosta" (language: Galactic Common) (Wasteland (23, 179, 2))
[2021-05-17 23:36:37.993] TCOMMS: John_egbert3/(Borgos Comiamaedoluiz) [Common] (spans:  ) "Vamo comer teu cu mlk" (language: Galactic Common) (Wasteland (26, 193, 2))
[2021-05-17 23:37:04.582] TCOMMS: OvelhaCosmica/(Adam Alves) [Common] (spans:  ) "Eu ajudei voces" (language: Galactic Common) (Wasteland (35, 174, 2))
[2021-05-17 23:37:08.408] TCOMMS: OvelhaCosmica/(Adam Alves) [Common] (spans:  ) "Seus filha da puta" (language: Galactic Common) (Wasteland (35, 174, 2))
[2021-05-17 23:37:23.855] TCOMMS: John_egbert3/(Borgos Comiamaedoluiz) [Common] (spans:  ) "Quem" (language: Galactic Common) (Wasteland (28, 189, 2))
[2021-05-17 23:37:24.568] TCOMMS: sondtheanime/(Courier) [BOS] (spans:  ) "Alo" (language: Galactic Common) (Brotherhood of Steel 1st Floor Offices (238, 236, 3))
[2021-05-17 23:39:51.021] TCOMMS: John_egbert3/(Borgos Comiamaedoluiz) [Common] (spans:  italics ) "Tu ta morto" (language: Galactic Common) (NCR (21, 194, 2))
[2021-05-17 23:40:08.231] TCOMMS: OvelhaCosmica/(Adam Alves) [Common] (spans:  ) "Voces pagarão aguardem..." (language: Galactic Common) (Wasteland (42, 162, 2))
[2021-05-17 23:40:12.400] TCOMMS: John_egbert3/(Borgos Comiamaedoluiz) [Common] (spans:  italics ) "Vou te matar" (language: Galactic Common) (Wasteland (26, 202, 2))
[2021-05-17 23:40:19.103] TCOMMS: OvelhaCosmica/(Adam Alves) [Common] (spans:  ) "Eu nao sou um homen de pressa" (language: Galactic Common) (Wasteland (45, 161, 2))
[2021-05-17 23:40:23.458] TCOMMS: John_egbert3/(Borgos Comiamaedoluiz) [Common] (spans:  italics ) "Eu sou" (language: Galactic Common) (Wasteland (24, 197, 2))
[2021-05-17 23:40:25.681] TCOMMS: John_egbert3/(Borgos Comiamaedoluiz) [Common] (spans:  italics ) "Voce ta fudido" (language: Galactic Common) (Wasteland (23, 196, 2))
[2021-05-17 23:40:44.399] TCOMMS: OvelhaCosmica/(Adam Alves) [Common] (spans:  ) "Claro vem em cima de robozinho" (language: Galactic Common) (Wasteland (54, 161, 2))
[2021-05-17 23:40:50.737] TCOMMS: sondtheanime/(Courier) [BOS] (spans:  ) "To Pronto" (language: Galactic Common) (Brotherhood of Steel RnD Department (232, 205, 3))
[2021-05-17 23:40:54.857] TCOMMS: sondtheanime/(Courier) [BOS] (spans:  ) "Cade você?" (language: Galactic Common) (Brotherhood of Steel RnD Department (232, 205, 3))
[2021-05-17 23:42:50.083] TCOMMS: OvelhaCosmica/(Adam Alves) [Oasis] (spans:  ) "Alo" (language: Galactic Common) (Wasteland (120, 23, 2))
[2021-05-17 23:44:30.400] TCOMMS: luciam/(Skarlet D'Luker) [Legion] (spans:  ) "Aoba?" (language: Galactic Common) (Legion (224, 31, 2))
[2021-05-17 23:45:32.245] TCOMMS: sondtheanime/(Courier) [BOS] (spans:  ) "Ta com as granadas ai?" (language: Galactic Common) (Brotherhood of Steel (163, 232, 2))
[2021-05-17 23:45:35.836] TCOMMS: SpookyPineapple/(Tonhao Vermelho) [Common] (spans:  ) "BORA RALAR O PÉ MOLEQUE" (language: Galactic Common) (NCR (39, 191, 3))
[2021-05-17 23:46:16.676] TCOMMS: OvelhaCosmica/(Adam Alves) [Common] (spans:  ) "O que rolo NCR?" (language: Galactic Common) (Wasteland (211, 58, 2))
[2021-05-17 23:49:06.059] TCOMMS: JohonasMexicanjo/(Maximus Wolfe) [Legion] (spans:  ) "Opa." (language: Galactic Common) (Legion (212, 37, 2))
[2021-05-17 23:49:17.936] TCOMMS: luciam/(Skarlet D'Luker) [Legion] (spans:  ) "Opa" (language: Galactic Common) (Legion (243, 31, 2))
[2021-05-17 23:50:17.554] TCOMMS: alexalbright/(Alex Magnus Primeiro) [Common] (spans:  yell ) "NCR voces estão forçando sexo nos outros?!!!!" (language: Galactic Common) (Legion (221, 43, 2))
[2021-05-17 23:52:45.840] TCOMMS: alexalbright/(Alex Magnus Primeiro) [Legion] (spans:  ) "Legion, se preparem para a guerra contra a NCR" (language: Galactic Common) (Legion (222, 43, 2))
[2021-05-17 23:52:55.937] TCOMMS: alexalbright/(Alex Magnus Primeiro) [Legion] (spans:  ) "Quem está na escuta?" (language: Galactic Common) (Legion (213, 43, 2))
[2021-05-17 23:53:26.552] TCOMMS: sondtheanime/(Courier) [BOS] (spans:  ) "Aqui" (language: Galactic Common) (NCR (9, 215, 2))
[2021-05-17 23:53:30.859] TCOMMS: johonasmexicanjo/(Heather Rose) [BOS] (spans:  ) "Oi." (language: Galactic Common) (Brotherhood of Steel 1st Floor Offices (235, 247, 3))
[2021-05-17 23:53:36.346] TCOMMS: John_egbert3/(Borgos Comiamaedoluiz) [Common] (spans:  ) "SEUS FILHOS DA PUTAAA" (language: Galactic Common) (Caves (55, 236, 3))
[2021-05-17 23:53:36.976] TCOMMS: sondtheanime/(Courier) [BOS] (spans:  ) "Heather" (language: Galactic Common) (Wasteland (27, 215, 2))
[2021-05-17 23:53:38.890] TCOMMS: John_egbert3/(Borgos Comiamaedoluiz) [Common] (spans:  ) "VAZAMOS NEGRAÇOS" (language: Galactic Common) (Caves (55, 236, 3))
[2021-05-17 23:53:40.557] TCOMMS: sondtheanime/(Courier) [BOS] (spans:  ) "Se arma e vem NCR" (language: Galactic Common) (Wasteland (27, 215, 2))
[2021-05-17 23:53:43.879] TCOMMS: johonasmexicanjo/(Heather Rose) [BOS] (spans:  ) "Ok." (language: Galactic Common) (Brotherhood of Steel 1st Floor Offices (236, 246, 3))
[2021-05-17 23:53:46.909] TCOMMS: John_egbert3/(Borgos Comiamaedoluiz) [Common] (spans:  ) "O REI DO SEXO SOBREVIVE" (language: Galactic Common) (Caves (55, 236, 3))
[2021-05-17 23:53:48.542] TCOMMS: John_egbert3/(Borgos Comiamaedoluiz) [Common] (spans:  ) "VIDA LONGA AO REI" (language: Galactic Common) (Caves (55, 236, 3))
[2021-05-17 23:53:53.450] TCOMMS: OvelhaCosmica/(Adam Alves) [Common] (spans:  ) "SUCUMBA SEUS MERDAS" (language: Galactic Common) (Legion (222, 33, 2))
[2021-05-17 23:53:55.094] TCOMMS: Thebanana3/(Default Cyborg Name) [Common] (spans: robot ) "Ei" (language: Galactic Common) (Caves (54, 236, 3))
[2021-05-17 23:53:56.440] TCOMMS: Harm Brade/(Rebecca Dawkins) [Common] (spans:  italics ) "REI DO SEXO AINDA ESTA AQUI" (language: Galactic Common) (Caves (55, 236, 3))
[2021-05-17 23:54:01.068] TCOMMS: OvelhaCosmica/(Adam Alves) [Common] (spans:  ) "A GENTE VAI CAÇA VOCES" (language: Galactic Common) (Legion (222, 33, 2))
[2021-05-17 23:54:02.594] TCOMMS: John_egbert3/(Borgos Comiamaedoluiz) [Common] (spans:  ) "Iremos voltar com mais força" (language: Galactic Common) (Caves (55, 236, 3))
[2021-05-17 23:54:05.453] TCOMMS: Thebanana3/(Default Cyborg Name) [Common] (spans: robot ) "Ei" (language: Galactic Common) (Caves (54, 236, 3))
[2021-05-17 23:54:06.041] TCOMMS: sondtheanime/(Courier) [BOS] (spans:  ) "Cade você?" (language: Galactic Common) (NCR (34, 218, 2))
[2021-05-17 23:54:09.433] TCOMMS: Thebanana3/(Default Cyborg Name) [Common] (spans: robot ) "Ei" (language: Galactic Common) (Caves (54, 236, 3))
[2021-05-17 23:54:09.726] TCOMMS: sondtheanime/(Courier) [BOS] (spans:  ) "Head Paladin" (language: Galactic Common) (Wasteland (33, 216, 2))
[2021-05-17 23:54:43.263] TCOMMS: sondtheanime/(Courier) [BOS] (spans:  ) "PALADIN?" (language: Galactic Common) (Wasteland (34, 234, 2))
[2021-05-17 23:54:52.554] TCOMMS: sondtheanime/(Courier) [BOS] (spans:  ) "HEather" (language: Galactic Common) (Wasteland (26, 209, 2))
[2021-05-17 23:54:52.820] TCOMMS: 2006f/(Dirk Cook) [BOS] (spans:  ) "To aqui an frente" (language: Galactic Common) (Wasteland (23, 199, 2))
[2021-05-17 23:54:54.777] TCOMMS: johonasmexicanjo/(Heather Rose) [BOS] (spans:  ) "NCR é noroeste, né?" (language: Galactic Common) (Brotherhood of Steel (123, 238, 2))
[2021-05-17 23:55:08.075] TCOMMS: sondtheanime/(Courier) [BOS] (spans:  ) "Sai da base e so segue oeste" (language: Galactic Common) (Wasteland (26, 203, 2))
[2021-05-17 23:55:39.280] TCOMMS: SpookyPineapple/(Tonhao Vermelho) [Common] (spans:  ) "VIVEMOS COMO ORFAOS" (language: Galactic Common) (Caves (54, 236, 3))
[2021-05-17 23:55:43.868] TCOMMS: SpookyPineapple/(Tonhao Vermelho) [Common] (spans:  ) "E ORFAOS NUNCA MORREM" (language: Galactic Common) (Caves (54, 236, 3))
[2021-05-17 23:55:55.425] TCOMMS: SpookyPineapple/(Tonhao Vermelho) [Common] (spans:  ) "SÓ RESPAWNAN COMO O BRKSEDU DIZIA" (language: Galactic Common) (Caves (54, 236, 3))
[2021-05-17 23:55:57.122] TCOMMS: John_egbert3/(Borgos Comiamaedoluiz) [Common] (spans:  ) "E o nosso fim por agora" (language: Galactic Common) (Caves (55, 236, 3))
[2021-05-17 23:56:07.242] TCOMMS: John_egbert3/(Borgos Comiamaedoluiz) [Common] (spans:  ) "Vemos voces depois" (language: Galactic Common) (Caves (55, 236, 3))
[2021-05-17 23:56:08.150] TCOMMS: John_egbert3/(Borgos Comiamaedoluiz) [Common] (spans:  ) "Adeus" (language: Galactic Common) (Caves (55, 236, 3))
[2021-05-17 23:56:10.728] TCOMMS: OvelhaCosmica/(Adam Alves) [Common] (spans:  ) "VOCES VIVERÂO COMO PAI DE ORFÃOS MORTOS" (language: Galactic Common) (Legion (221, 34, 2))
[2021-05-17 23:56:35.156] TCOMMS: sondtheanime/(Courier) [BOS] (spans:  ) "Acho que eles estão na caverna de mineração" (language: Galactic Common) (NCR (37, 211, 3))
[2021-05-17 23:56:40.381] TCOMMS: John_egbert3/(Borgos Comiamaedoluiz) [Common] (spans:  ) "+f" (language: Galactic Common) (Caves (55, 236, 3))
[2021-05-17 23:56:40.866] TCOMMS: sondtheanime/(Courier) [BOS] (spans:  ) "Entrei la e tinha proteção" (language: Galactic Common) (NCR (35, 211, 3))
[2021-05-17 23:56:43.509] TCOMMS: 2006f/(Dirk Cook) [Common] (spans:  ) "Onde fica" (language: Galactic Common) (NCR (4, 215, 2))
[2021-05-17 23:56:46.347] TCOMMS: johonasmexicanjo/(Heather Rose) [BOS] (spans:  ) "Tem um cara aqui fora com um arco e flecha." (language: Galactic Common) (Wasteland (26, 201, 2))
[2021-05-17 23:56:59.533] TCOMMS: sondtheanime/(Courier) [BOS] (spans:  ) "Entra na base da NCR" (language: Galactic Common) (Wasteland (25, 214, 2))
[2021-05-17 23:57:04.108] TCOMMS: johonasmexicanjo/(Heather Rose) [BOS] (spans:  ) "Tô dentro" (language: Galactic Common) (Wasteland (21, 195, 2))
[2021-05-17 23:58:11.088] TCOMMS: sondtheanime/(Courier) [BOS] (spans:  ) "Heather?" (language: Galactic Common) (Wasteland (17, 194, 2))
[2021-05-17 23:59:47.990] TCOMMS: SpookyPineapple/(Tonhao Vermelho) [Common] (spans:  ) "OS ORFAOS" (language: Galactic Common) (Wasteland (4, 197, 2))
[2021-05-17 23:59:48.076] TCOMMS: John_egbert3/(Borgos Comiamaedoluiz) [Common] (spans:  ) "A VITORIA E NOSSA" (language: Galactic Common) (Wasteland (3, 198, 2))
[2021-05-17 23:59:49.956] TCOMMS: SpookyPineapple/(Tonhao Vermelho) [Common] (spans:  ) "NUNCA MORREM" (language: Galactic Common) (Wasteland (4, 197, 2))
[2021-05-18 00:00:04.868] TCOMMS: 2006f/(Jordan Skywalker) [Common] (spans:  ) "Pessoal" (language: Galactic Common) (Enclave (132, 16, 3))
[2021-05-18 00:00:11.400] TCOMMS: 2006f/(Jordan Skywalker) [Common] (spans:  ) "Pelo copettismo" (language: Galactic Common) (Enclave (132, 16, 3))
[2021-05-18 00:00:17.812] TCOMMS: 2006f/(Jordan Skywalker) [Common] (spans:  ) "Se juntem contra a ncr" (language: Galactic Common) (Enclave (132, 16, 3))
[2021-05-18 00:00:51.831] TCOMMS: zero9e1/(Valary Paynter) [Common] (spans:  ) "Acredite" (language: Galactic Common) (Wasteland (7, 199, 2))
[2021-05-18 00:00:57.754] TCOMMS: John_egbert3/(Borgos Comiamaedoluiz) [Common] (spans:  ) "Cala boca mlk" (language: Galactic Common) (Wasteland (8, 199, 2))
[2021-05-18 00:01:06.620] TCOMMS: SpookyPineapple/(Tonhao Vermelho) [Common] (spans:  ) "BORA" (language: Galactic Common) (Wasteland (7, 197, 2))
[2021-05-18 00:01:11.077] TCOMMS: SpookyPineapple/(Tonhao Vermelho) [Common] (spans:  ) "RAPA RAPA PORRA" (language: Galactic Common) (Wasteland (7, 197, 2))
[2021-05-18 00:01:28.643] TCOMMS: John_egbert3/(Borgos Comiamaedoluiz) [Common] (spans:  italics ) "ADAM TA AI" (language: Galactic Common) (Wasteland (39, 181, 2))
[2021-05-18 00:01:43.834] TCOMMS: OvelhaCosmica/(Adam Alves) [Common] (spans:  ) "TO NA CASA DA SUA MÂE SEU PORRA" (language: Galactic Common) (Tunnel (74, 37, 3))
[2021-05-18 00:01:50.719] TCOMMS: John_egbert3/(Borgos Comiamaedoluiz) [Common] (spans:  italics ) "Matamo todos os seus amigos" (language: Galactic Common) (Wasteland (28, 181, 2))
[2021-05-18 00:01:55.165] TCOMMS: John_egbert3/(Borgos Comiamaedoluiz) [Common] (spans:  italics ) "Voce e o proximo" (language: Galactic Common) (Wasteland (28, 181, 2))
[2021-05-18 00:02:10.980] TCOMMS: OvelhaCosmica/(Adam Alves) [Common] (spans:  ) "SE EU CAI EU CAIO ATIRANDO" (language: Galactic Common) (Tunnel (70, 43, 3))
[2021-05-18 00:02:20.393] TCOMMS: luciam/(Skarlet D'Luker) [Common] (spans:  ) "Quando os homen ficam loucos as mulheres se escondem né?" (language: Galactic Common) (Wasteland (217, 59, 2))
[2021-05-18 00:02:45.854] TCOMMS: OvelhaCosmica/(Adam Alves) [Common] (spans:  ) "QUANDO SEU PAI BEBADO CHEGA EM CASA VOCE SE ESCONDE NE SEU PORRA" (language: Galactic Common) (Wasteland (59, 37, 2))
[2021-05-18 00:03:02.209] TCOMMS: John_egbert3/(Borgos Comiamaedoluiz) [Common] (spans:  italics ) "Cara" (language: Galactic Common) (NCR (18, 211, 2))
[2021-05-18 00:03:19.721] TCOMMS: 2006f/(Jordan Skywalker) [Common] (spans:  ) "Estou contratando o pessoal" (language: Galactic Common) (Wasteland (78, 175, 2))
[2021-05-18 00:03:26.576] TCOMMS: luciam/(Skarlet D'Luker) [Common] (spans:  ) "Por isso que tem que forçar as pessoas a ficarem com voce" (language: Galactic Common) (Wasteland (205, 64, 2))
[2021-05-18 00:03:30.937] TCOMMS: luciam/(Skarlet D'Luker) [Common] (spans:  ) "Pinto pequeno" (language: Galactic Common) (Wasteland (205, 64, 2))
[2021-05-18 00:03:30.960] TCOMMS: 2006f/(Jordan Skywalker) [Common] (spans:  ) "Quem quiser se encontrar so me chamar" (language: Galactic Common) (Wasteland (78, 175, 2))
[2021-05-18 00:03:58.203] TCOMMS: comicao1/(Sorrel Riker) [Common] (spans:  ) "GENTE" (language: Galactic Common) (Wasteland (27, 194, 2))
[2021-05-18 00:03:59.268] TCOMMS: comicao1/(Sorrel Riker) [Common] (spans:  ) "REUNIAO" (language: Galactic Common) (Wasteland (27, 194, 2))
[2021-05-18 00:04:00.289] TCOMMS: SpookyPineapple/(Tonhao Vermelho) [Common] (spans:  ) "BORA RAPA MLK" (language: Galactic Common) (Wasteland (25, 195, 2))
[2021-05-18 00:04:02.035] TCOMMS: OvelhaCosmica/(Adam Alves) [Common] (spans:  ) "Nao fico com pessoas seus animais" (language: Galactic Common) (Wasteland (77, 72, 2))
[2021-05-18 00:04:06.974] TCOMMS: OvelhaCosmica/(Adam Alves) [Common] (spans:  ) "Que fazem sexo" (language: Galactic Common) (Wasteland (77, 72, 2))
[2021-05-18 00:04:15.881] TCOMMS: OvelhaCosmica/(Adam Alves) [Common] (spans:  ) "Seus nojentos" (language: Galactic Common) (Wasteland (77, 94, 2))
[2021-05-18 00:04:16.216] TCOMMS: 2006f/(Jordan Skywalker) [Common] (spans:  ) "Adam me encontra no oasis" (language: Galactic Common) (Wasteland (96, 111, 2))
[2021-05-18 00:04:29.376] TCOMMS: OvelhaCosmica/(Adam Alves) [Common] (spans:  ) "Nem fudendo" (language: Galactic Common) (Wasteland (77, 107, 2))
[2021-05-18 00:04:35.063] TCOMMS: OvelhaCosmica/(Adam Alves) [Common] (spans:  ) "Os carqa vai la me passa" (language: Galactic Common) (Wasteland (77, 107, 2))
[2021-05-18 00:04:40.412] TCOMMS: 2006f/(Jordan Skywalker) [Common] (spans:  ) "Sou da gang" (language: Galactic Common) (Wasteland (78, 93, 2))
[2021-05-18 00:04:52.279] TCOMMS: 2006f/(Jordan Skywalker) [Common] (spans:  ) "Não sou" (language: Galactic Common) (Wasteland (78, 80, 2))
[2021-05-18 00:04:55.955] TCOMMS: 2006f/(Jordan Skywalker) [Common] (spans:  ) "Confundi" (language: Galactic Common) (Wasteland (78, 80, 2))
[2021-05-18 00:04:59.378] TCOMMS: OvelhaCosmica/(Adam Alves) [Common] (spans:  ) "Eu sei" (language: Galactic Common) (Village (56, 142, 2))
[2021-05-18 00:05:06.473] TCOMMS: OvelhaCosmica/(Adam Alves) [Common] (spans:  ) "Mas eles vão la tenta passa nois" (language: Galactic Common) (Village (56, 142, 2))
[2021-05-18 00:05:18.179] TCOMMS: OvelhaCosmica/(Adam Alves) [Common] (spans:  ) "Alias recomendo voce sai dai" (language: Galactic Common) (Village (53, 140, 2))
[2021-05-18 00:05:24.881] TCOMMS: 2006f/(Jordan Skywalker) [Common] (spans:  ) "Sou enclave" (language: Galactic Common) (Wasteland (57, 39, 2))
[2021-05-18 00:05:32.271] TCOMMS: OvelhaCosmica/(Adam Alves) [Common] (spans:  ) "Ta" (language: Galactic Common) (Wasteland (51, 129, 2))
[2021-05-18 00:05:35.260] TCOMMS: OvelhaCosmica/(Adam Alves) [Common] (spans:  ) "Menos mal" (language: Galactic Common) (Wasteland (51, 129, 2))
[2021-05-18 00:05:42.199] TCOMMS: OvelhaCosmica/(Adam Alves) [Common] (spans:  ) "Mas tem 3 NCR atras de min" (language: Galactic Common) (Wasteland (51, 129, 2))
[2021-05-18 00:05:42.831] TCOMMS: 2006f/(Jordan Skywalker) [Common] (spans:  ) "Vem rapido" (language: Galactic Common) (Wasteland (57, 64, 2))
[2021-05-18 00:05:55.229] TCOMMS: 2006f/(Jordan Skywalker) [Common] (spans:  ) "To indo la na ncr" (language: Galactic Common) (Wasteland (53, 70, 2))
[2021-05-18 00:06:12.688] TCOMMS: alexalbright/(Alex Magnus Primeiro) [Common] (spans:  ) "Adam vem na base da legion" (language: Galactic Common) (Wasteland (212, 59, 2))
[2021-05-18 00:06:25.427] TCOMMS: OvelhaCosmica/(Adam Alves) [Common] (spans:  ) "Calma la nao existe dois" (language: Galactic Common) (Wasteland (79, 94, 2))
[2021-05-18 00:06:55.051] TCOMMS: zero9e1/(Casey Mens) [Common] (spans:  ) "NÃO  VOLTEM" (language: Galactic Common) (Wasteland (26, 194, 2))
[2021-05-18 00:07:53.564] TCOMMS: Kaduh/(Erika Miller) [Common] (spans:  yell ) "Chamem o TREM!!!!" (language: Galactic Common) (Vault (43, 164, 4))
[2021-05-18 00:09:05.447] TCOMMS: alexalbright/(Alex Magnus Primeiro) [Common] (spans:  yell ) "Em nome de cesar eu declaro guerra a NCR!!!" (language: Galactic Common) (Wasteland (206, 65, 2))
[2021-05-18 00:09:27.513] TCOMMS: alexalbright/(Alex Magnus Primeiro) [Common] (spans:  yell ) "Para parar o abuso sexual, desse povo nojeto!!!" (language: Galactic Common) (Wasteland (206, 65, 2))
[2021-05-18 00:09:28.841] TCOMMS: John_egbert3/(Borgos Comiamaedoluiz) [Common] (spans:  ) "Nao sei se voce sabe" (language: Galactic Common) (Wasteland (17, 186, 2))
[2021-05-18 00:09:31.688] TCOMMS: John_egbert3/(Borgos Comiamaedoluiz) [Common] (spans:  ) "A gente ja matou toda a NCR" (language: Galactic Common) (Wasteland (17, 186, 2))
[2021-05-18 00:09:33.716] TCOMMS: John_egbert3/(Borgos Comiamaedoluiz) [Common] (spans:  ) "Somos os orfaos" (language: Galactic Common) (Wasteland (19, 186, 2))
[2021-05-18 00:09:36.124] TCOMMS: alexalbright/(Alex Magnus Primeiro) [Common] (spans:  yell ) "Morte a NCR!!!" (language: Galactic Common) (Wasteland (206, 65, 2))
[2021-05-18 00:09:39.508] TCOMMS: OvelhaCosmica/(Adam Alves) [Common] (spans:  ) "Mentira" (language: Galactic Common) (Wasteland (207, 62, 2))
[2021-05-18 00:09:44.329] TCOMMS: OvelhaCosmica/(Adam Alves) [Common] (spans:  ) "Voces são" (language: Galactic Common) (Wasteland (207, 62, 2))
[2021-05-18 00:09:47.657] TCOMMS: OvelhaCosmica/(Adam Alves) [Common] (spans:  ) "A NCR" (language: Galactic Common) (Wasteland (207, 62, 2))
[2021-05-18 00:09:50.844] TCOMMS: John_egbert3/(Borgos Comiamaedoluiz) [Common] (spans:  italics ) "Se fodam" (language: Galactic Common) (Wasteland (85, 183, 2))
[2021-05-18 00:09:53.625] TCOMMS: John_egbert3/(Borgos Comiamaedoluiz) [Common] (spans:  italics ) "Vou me matar" (language: Galactic Common) (Wasteland (96, 181, 2))
[2021-05-18 00:09:56.243] TCOMMS: John_egbert3/(Borgos Comiamaedoluiz) [Common] (spans:  italics ) "Falouy" (language: Galactic Common) (Wasteland (94, 170, 2))
[2021-05-18 00:11:09.707] TCOMMS: luciam/(Skarlet D'Luker) [Legion] (spans:  ) "Cade voces/" (language: Galactic Common) (Wasteland (202, 67, 2))
[2021-05-18 00:11:15.725] TCOMMS: luciam/(Skarlet D'Luker) [Legion] (spans:  ) "?" (language: Galactic Common) (Wasteland (202, 65, 2))
[2021-05-18 00:14:11.127] TCOMMS: luciam/(Skarlet D'Luker) [Legion] (spans:  ) "Pessoal?" (language: Galactic Common) (Legion (221, 39, 2))
[2021-05-18 00:14:21.116] TCOMMS: OvelhaCosmica/(Adam Alves) [Common] (spans:  ) "Porra" (language: Galactic Common) (Wasteland (12, 196, 2))
[2021-05-18 00:14:28.629] TCOMMS: alexalbright/(Alex Magnus Primeiro) [Legion] (spans:  ) "Sim" (language: Galactic Common) (Wasteland (8, 197, 2))
[2021-05-18 00:14:43.749] TCOMMS: OvelhaCosmica/(Adam Alves) [Common] (spans:  ) "Teste" (language: Galactic Common) (Wasteland (10, 196, 2))
[2021-05-18 00:14:49.111] TCOMMS: OvelhaCosmica/(Adam Alves) [Common] (spans:  ) "Acho que a NCR" (language: Galactic Common) (Wasteland (10, 196, 2))
[2021-05-18 00:14:51.417] TCOMMS: OvelhaCosmica/(Adam Alves) [Common] (spans:  ) "Morreu" (language: Galactic Common) (Wasteland (10, 196, 2))
[2021-05-18 00:14:58.084] TCOMMS: harmbrade/(Tristen Jenner) [Common] (spans:  ) "É isso" (language: Galactic Common) (Brotherhood of Steel (153, 247, 2))
[2021-05-18 00:14:59.717] TCOMMS: luciam/(Skarlet D'Luker) [Common] (spans:  ) "Como?" (language: Galactic Common) (Wasteland (195, 65, 2))
[2021-05-18 00:15:06.702] TCOMMS: harmbrade/(Tristen Jenner) [BOS] (spans:  ) "Ae chefia" (language: Galactic Common) (Brotherhood of Steel (153, 247, 2))
[2021-05-18 00:15:10.691] TCOMMS: harmbrade/(Tristen Jenner) [BOS] (spans:  ) "Ta ae?" (language: Galactic Common) (Brotherhood of Steel (153, 247, 2))
[2021-05-18 00:15:32.907] TCOMMS: 2006f/(Jordan Skywalker) [Common] (spans:  ) "Vamos" (language: Galactic Common) (Wasteland (24, 189, 2))
[2021-05-18 00:15:39.789] TCOMMS: OvelhaCosmica/(Adam Alves) [Common] (spans:  ) "Caralho" (language: Galactic Common) (NCR (11, 215, 2))
[2021-05-18 00:15:47.634] TCOMMS: OvelhaCosmica/(Adam Alves) [Common] (spans:  ) "Acho que mataram mesmo a NCR" (language: Galactic Common) (NCR (11, 215, 2))
[2021-05-18 00:17:09.505] TCOMMS: Kaduh/(Erika Miller) [Common] (spans:  ) "Borgo cade voce??? saudades de sua voz" (language: Galactic Common) (Vault (49, 166, 4))
[2021-05-18 00:17:29.876] TCOMMS: Kaduh/(Erika Miller) [Common] (spans:  ) "E parece que mataram mesmo" (language: Galactic Common) (Vault (32, 181, 4))
[2021-05-18 00:17:34.282] TCOMMS: Kaduh/(Erika Miller) [Common] (spans:  ) "Em fim paz" (language: Galactic Common) (Vault (32, 177, 4))
[2021-05-18 00:18:10.118] TCOMMS: GabrielDoomBR/(Baam Frest) [NCR] (spans:  ) "Mais que caralho" (language: Galactic Common) (NCR (11, 208, 2))
[2021-05-18 00:18:19.460] TCOMMS: alexalbright/(Alex Magnus Primeiro) [Legion] (spans:  ) "Volta pra base" (language: Galactic Common) (Wasteland (29, 182, 2))
[2021-05-18 00:18:32.246] TCOMMS: luciam/(Skarlet D'Luker) [Legion] (spans:  ) "To pegando os blueprints" (language: Galactic Common) (NCR (37, 222, 2))
[2021-05-18 00:18:47.343] TCOMMS: alexalbright/(Alex Magnus Primeiro) [Legion] (spans:  ) "Vai rapido e toma cuidado" (language: Galactic Common) (Wasteland (86, 184, 2))
[2021-05-18 00:18:58.384] TCOMMS: GabrielDoomBR/(Baam Frest) [Common] (spans:  ) "Ah ta" (language: Galactic Common) (NCR (41, 195, 3))
[2021-05-18 00:19:01.101] TCOMMS: GabrielDoomBR/(Baam Frest) [Common] (spans:  ) "Invadiram a ncr" (language: Galactic Common) (NCR (41, 195, 3))
[2021-05-18 00:19:08.186] TCOMMS: GabrielDoomBR/(Baam Frest) [Common] (spans:  ) "Foda demais" (language: Galactic Common) (NCR (30, 199, 3))
[2021-05-18 00:19:14.920] TCOMMS: luciam/(Skarlet D'Luker) [Common] (spans:  ) "Loucura" (language: Galactic Common) (NCR (37, 222, 2))
[2021-05-18 00:19:38.526] TCOMMS: 2006f/(Jordan Skywalker) [Common] (spans:  ) "Vai voltar pra base alex?" (language: Galactic Common) (Wasteland (104, 61, 2))
[2021-05-18 00:19:53.833] TCOMMS: 2006f/(Jordan Skywalker) [Common] (spans:  ) "Me avisa quando chegar" (language: Galactic Common) (Wasteland (124, 60, 2))
[2021-05-18 00:20:24.252] TCOMMS: GabrielDoomBR/(Baam Frest) [Common] (spans:  ) "Pelo visto foi a legion" (language: Galactic Common) (NCR (20, 190, 2))
[2021-05-18 00:20:34.259] TCOMMS: GabrielDoomBR/(Baam Frest) [Common] (spans:  ) "Mano" (language: Galactic Common) (Wasteland (7, 195, 2))
[2021-05-18 00:20:35.027] TCOMMS: 2006f/(Jordan Skywalker) [Common] (spans:  ) "N ão foi" (language: Galactic Common) (Wasteland (187, 55, 2))
[2021-05-18 00:20:36.138] TCOMMS: GabrielDoomBR/(Baam Frest) [Common] (spans:  ) "Que caralho" (language: Galactic Common) (Wasteland (7, 195, 2))
[2021-05-18 00:20:39.531] TCOMMS: GabrielDoomBR/(Baam Frest) [Common] (spans:  ) "Tem até power armor" (language: Galactic Common) (Wasteland (7, 195, 2))
[2021-05-18 00:20:43.007] TCOMMS: 2006f/(Jordan Skywalker) [Common] (spans:  ) "Foi vandalos" (language: Galactic Common) (Wasteland (187, 55, 2))
[2021-05-18 00:21:09.485] TCOMMS: OvelhaCosmica/(Adam Alves) [Common] (spans:  ) "Calma voce é o que?" (language: Galactic Common) (Wasteland (122, 181, 2))
[2021-05-18 00:21:11.834] TCOMMS: OvelhaCosmica/(Adam Alves) [Common] (spans:  ) "Baam" (language: Galactic Common) (Wasteland (123, 180, 2))
[2021-05-18 00:21:14.132] TCOMMS: GabrielDoomBR/(Baam Frest) [Common] (spans:  ) "Ncr ne" (language: Galactic Common) (Wasteland (8, 198, 2))
[2021-05-18 00:21:26.462] TCOMMS: OvelhaCosmica/(Adam Alves) [Common] (spans:  ) "VOCE SOFRERA FAZERDOR DE SEXO" (language: Galactic Common) (Wasteland (131, 183, 2))
[2021-05-18 00:21:31.571] TCOMMS: luciam/(Skarlet D'Luker) [Legion] (spans:  ) "Achei um sobrevivente" (language: Galactic Common) (Wasteland (43, 198, 2))
[2021-05-18 00:21:35.193] TCOMMS: GabrielDoomBR/(Baam Frest) [Common] (spans:  ) "Gosto de sexo não cara" (language: Galactic Common) (NCR (21, 193, 2))
[2021-05-18 00:21:40.024] TCOMMS: 2006f/(Jordan Skywalker) [Common] (spans:  ) "Akex?" (language: Galactic Common) (Wasteland (182, 42, 2))
[2021-05-18 00:21:40.141] TCOMMS: OvelhaCosmica/(Adam Alves) [Common] (spans:  ) "A então ta" (language: Galactic Common) (Wasteland (165, 176, 2))
[2021-05-18 00:21:41.779] TCOMMS: luciam/(Skarlet D'Luker) [Legion] (spans:  ) "Ta com arma leizer" (language: Galactic Common) (Wasteland (45, 200, 2))
[2021-05-18 00:21:44.378] TCOMMS: 2006f/(Jordan Skywalker) [Common] (spans:  ) "Legion???" (language: Galactic Common) (Wasteland (182, 42, 2))
[2021-05-18 00:21:50.895] TCOMMS: alexalbright/(Alex Magnus Primeiro) [Legion] (spans:  ) "Sai dai" (language: Galactic Common) (Wasteland (213, 183, 2))
[2021-05-18 00:21:53.433] TCOMMS: GabrielDoomBR/(Baam Frest) [Common] (spans:  ) "Tu que quebrou essa porra adam" (language: Galactic Common) (NCR (33, 189, 2))
[2021-05-18 00:21:53.704] TCOMMS: OvelhaCosmica/(Adam Alves) [Common] (spans:  ) "Os cara da NCR tava fazendo sexo e foram assassinados" (language: Galactic Common) (Wasteland (165, 176, 2))
[2021-05-18 00:21:58.980] TCOMMS: alexalbright/(Alex Magnus Primeiro) [Common] (spans:  ) "Oi" (language: Galactic Common) (Wasteland (214, 183, 2))
[2021-05-18 00:22:15.425] TCOMMS: 2006f/(Jordan Skywalker) [Common] (spans:  ) "Cade voce?" (language: Galactic Common) (Wasteland (163, 62, 2))
[2021-05-18 00:22:46.908] TCOMMS: alexalbright/(Alex Magnus Primeiro) [Legion] (spans:  ) "Cade voce soldado?" (language: Galactic Common) (Wasteland (40, 184, 2))
[2021-05-18 00:23:39.897] TCOMMS: Xandi_Masculu/(Jeremus Hardson) [Legion] (spans:  ) "TAO ATACANDO A BASE" (language: Galactic Common) (Legion (239, 38, 2))
[2021-05-18 00:23:46.651] TCOMMS: 2006f/(Jordan Skywalker) [Common] (spans:  ) "Invadiram a legion" (language: Galactic Common) (Wasteland (211, 56, 2))
[2021-05-18 00:23:47.536] TCOMMS: alexalbright/(Alex Magnus Primeiro) [Legion] (spans:  ) "Voltem" (language: Galactic Common) (Wasteland (98, 111, 2))
[2021-05-18 00:23:51.530] TCOMMS: 2006f/(Jordan Skywalker) [Common] (spans:  ) "Todos para legion" (language: Galactic Common) (Wasteland (211, 56, 2))
[2021-05-18 00:23:55.729] TCOMMS: 2006f/(Jordan Skywalker) [Common] (spans:  ) "Eles estão presos" (language: Galactic Common) (Wasteland (211, 56, 2))
[2021-05-18 00:24:09.816] TCOMMS: John_egbert3/(Borgos Comiamaedoluiz) [Common] (spans:  ) "Otarios" (language: Galactic Common) (Legion (206, 12, 2))
[2021-05-18 00:24:10.927] TCOMMS: John_egbert3/(Borgos Comiamaedoluiz) [Common] (spans:  ) "Trouxas" (language: Galactic Common) (Legion (206, 12, 2))
[2021-05-18 00:24:13.668] TCOMMS: John_egbert3/(Borgos Comiamaedoluiz) [Common] (spans:  ) "Os orfaos nunca morrem" (language: Galactic Common) (Legion (206, 12, 2))
[2021-05-18 00:24:19.254] TCOMMS: John_egbert3/(Borgos Comiamaedoluiz) [Common] (spans:  ) "Flw ae seus bostas" (language: Galactic Common) (Legion (206, 12, 2))
[2021-05-18 00:24:34.589] TCOMMS: John_egbert3/(Borgos Comiamaedoluiz) [Common] (spans:  ) "O orfao dos paladins" (language: Galactic Common) (Legion (205, 12, 2))
[2021-05-18 00:24:39.416] TCOMMS: John_egbert3/(Borgos Comiamaedoluiz) [Common] (spans:  ) "Tentou nos matar" (language: Galactic Common) (Legion (205, 12, 2))
[2021-05-18 00:24:47.900] TCOMMS: John_egbert3/(Borgos Comiamaedoluiz) [Common] (spans:  ) "Enclave orfao" (language: Galactic Common) (Legion (205, 12, 2))
[2021-05-18 00:26:03.433] TCOMMS: dantethanatos/(Mr Doc) [Common] (spans: robot ) "Olá, meu nome é Mr Doc. Alguém gostaria de obter um robô médico?" (language: Galactic Common) (Wasteland (52, 186, 2))
[2021-05-18 00:26:07.647] TCOMMS: luciam/(Skarlet D'Luker) [Legion] (spans:  ) "Achei uama rmadura muito foda" (language: Galactic Common) (Wasteland (42, 185, 2))
[2021-05-18 00:26:25.805] TCOMMS: alexalbright/(Alex Magnus Primeiro) [Legion] (spans:  ) "Volta" (language: Galactic Common) (Wasteland (210, 61, 2))
[2021-05-18 00:26:43.534] TCOMMS: GabrielDoomBR/(Baam Frest) [Common] (spans:  ) "Namoral" (language: Galactic Common) (Wasteland (23, 196, 2))
[2021-05-18 00:26:48.208] TCOMMS: GabrielDoomBR/(Baam Frest) [Common] (spans:  ) "Quem foram as putas que raidaram a ncr" (language: Galactic Common) (Wasteland (23, 196, 2))
[2021-05-18 00:26:48.454] TCOMMS: OvelhaCosmica/(Adam Alves) [Common] (spans:  ) "O que" (language: Galactic Common) (Wasteland (211, 65, 2))
[2021-05-18 00:26:51.114] TCOMMS: 2006f/(Jordan Skywalker) [Common] (spans:  ) "Devemos aumentare" (language: Galactic Common) (Wasteland (207, 67, 2))
[2021-05-18 00:26:59.980] TCOMMS: GabrielDoomBR/(Baam Frest) [Common] (spans:  ) "Eu que não vou consertar isso" (language: Galactic Common) (NCR (31, 194, 2))
[2021-05-18 00:27:11.773] TCOMMS: OvelhaCosmica/(Adam Alves) [Common] (spans:  ) "Eles faziam sexo baam" (language: Galactic Common) (Wasteland (221, 81, 2))
[2021-05-18 00:27:15.092] TCOMMS: OvelhaCosmica/(Adam Alves) [Common] (spans:  ) "Ai matram eles" (language: Galactic Common) (Wasteland (221, 81, 2))
[2021-05-18 00:27:22.787] TCOMMS: GabrielDoomBR/(Baam Frest) [Common] (spans:  ) "Quem" (language: Galactic Common) (Wasteland (30, 199, 2))
[2021-05-18 00:27:23.902] TCOMMS: GabrielDoomBR/(Baam Frest) [Common] (spans:  ) "Matou" (language: Galactic Common) (Wasteland (30, 199, 2))
[2021-05-18 00:27:28.949] TCOMMS: OvelhaCosmica/(Adam Alves) [Common] (spans:  ) "Acho que a bos" (language: Galactic Common) (Wasteland (211, 58, 2))
[2021-05-18 00:27:33.081] TCOMMS: GabrielDoomBR/(Baam Frest) [Common] (spans:  ) "Incrivel" (language: Galactic Common) (Wasteland (30, 199, 2))
[2021-05-18 00:28:06.693] TCOMMS: 2006f/(Jordan Skywalker) [Common] (spans:  ) "Pessoal" (language: Galactic Common) (Wasteland (161, 161, 2))
[2021-05-18 00:28:06.974] TCOMMS: dantethanatos/(Mr Doc) [Common] (spans: robot ) "Não há precença de Brotherhoods na area." (language: Galactic Common) (Wasteland (129, 183, 2))
[2021-05-18 00:28:11.429] TCOMMS: 2006f/(Jordan Skywalker) [Common] (spans:  ) "Estamos todos contra a gang" (language: Galactic Common) (Wasteland (161, 161, 2))
[2021-05-18 00:28:14.541] TCOMMS: dantethanatos/(Mr Doc) [Common] (spans: robot ) "S" (language: Galactic Common) (Wasteland (130, 183, 2))
[2021-05-18 00:28:14.581] TCOMMS: OvelhaCosmica/(Adam Alves) [Common] (spans:  ) "Então seila" (language: Galactic Common) (Legion (221, 41, 2))
[2021-05-18 00:28:25.358] TCOMMS: OvelhaCosmica/(Adam Alves) [Common] (spans:  ) "Quem seria a gang" (language: Galactic Common) (Legion (221, 31, 2))
[2021-05-18 00:28:26.357] TCOMMS: 2006f/(Jordan Skywalker) [Common] (spans:  ) "Um do pessoal da gang e o tonhão" (language: Galactic Common) (Wasteland (161, 161, 2))
[2021-05-18 00:28:32.539] TCOMMS: OvelhaCosmica/(Adam Alves) [Common] (spans:  ) "Ata" (language: Galactic Common) (Legion (211, 22, 2))
[2021-05-18 00:28:36.525] TCOMMS: OvelhaCosmica/(Adam Alves) [Common] (spans:  ) "A NCR" (language: Galactic Common) (Legion (210, 22, 2))
[2021-05-18 00:28:43.317] TCOMMS: 2006f/(Jordan Skywalker) [Common] (spans:  ) "1 da gang ja foi morto" (language: Galactic Common) (Wasteland (164, 172, 2))
[2021-05-18 00:28:47.994] TCOMMS: 2006f/(Jordan Skywalker) [Common] (spans:  ) "E o borg deles tambem" (language: Galactic Common) (Wasteland (164, 172, 2))
[2021-05-18 00:28:57.024] TCOMMS: John_egbert3/(Borgos Comiamaedoluiz) [Common] (spans:  ) "Ninguem morreu" (language: Galactic Common) (Wasteland (213, 198, 2))
[2021-05-18 00:29:02.943] TCOMMS: John_egbert3/(Borgos Comiamaedoluiz) [Common] (spans:  ) "O borg ainda ta vivo" (language: Galactic Common) (Wasteland (214, 203, 2))
[2021-05-18 00:29:12.777] TCOMMS: John_egbert3/(Borgos Comiamaedoluiz) [Common] (spans:  ) "Eu passei welder" (language: Galactic Common) (Wasteland (224, 213, 2))
[2021-05-18 00:29:25.390] TCOMMS: OvelhaCosmica/(Adam Alves) [Common] (spans:  ) "Vou deitar e mimir um pouco" (language: Galactic Common) (Legion (241, 46, 2))
[2021-05-18 00:29:51.798] TCOMMS: John_egbert3/(Borgos Comiamaedoluiz) [Common] (spans:  ) "Paz" (language: Galactic Common) (Building (244, 217, 2))
[2021-05-18 00:30:13.769] TCOMMS: OvelhaCosmica/(Adam Alves) [Common] (spans:  ) "Voces fazem sexo" (language: Galactic Common) (Legion (241, 46, 2))
[2021-05-18 00:30:16.298] TCOMMS: OvelhaCosmica/(Adam Alves) [Common] (spans:  ) "Sem paz" (language: Galactic Common) (Legion (241, 46, 2))
[2021-05-18 00:30:20.585] TCOMMS: OvelhaCosmica/(Adam Alves) [Common] (spans:  ) "Pagara pelos crimes" (language: Galactic Common) (Legion (241, 46, 2))
[2021-05-18 00:30:28.063] TCOMMS: GabrielDoomBR/(Baam Frest) [Common] (spans:  ) "Repete" (language: Galactic Common) (Wasteland (7, 195, 2))
[2021-05-18 00:30:30.369] TCOMMS: John_egbert3/(Borgos Comiamaedoluiz) [Common] (spans:  ) "Nao da pra gente ganhar" (language: Galactic Common) (Wasteland (230, 196, 2))
[2021-05-18 00:30:32.580] TCOMMS: GabrielDoomBR/(Baam Frest) [Common] (spans:  ) "Eu tava ssd" (language: Galactic Common) (Wasteland (7, 195, 2))
[2021-05-18 00:30:35.989] TCOMMS: OvelhaCosmica/(Adam Alves) [Common] (spans:  ) "Nao voce baam" (language: Galactic Common) (Legion (241, 46, 2))
[2021-05-18 00:30:38.288] TCOMMS: John_egbert3/(Borgos Comiamaedoluiz) [Common] (spans:  ) "O problema nao é a NCR" (language: Galactic Common) (Wasteland (231, 198, 2))
[2021-05-18 00:30:40.113] TCOMMS: GabrielDoomBR/(Baam Frest) [Common] (spans:  ) "Beleza" (language: Galactic Common) (Wasteland (7, 195, 2))
[2021-05-18 00:30:42.855] TCOMMS: John_egbert3/(Borgos Comiamaedoluiz) [Common] (spans:  ) "O problema é o enclave e a BOS" (language: Galactic Common) (Wasteland (231, 197, 2))
[2021-05-18 00:30:43.591] TCOMMS: OvelhaCosmica/(Adam Alves) [Common] (spans:  ) "Voce chego depois" (language: Galactic Common) (Legion (241, 46, 2))
[2021-05-18 00:31:18.866] TCOMMS: OvelhaCosmica/(Adam Alves) [Common] (spans:  ) "Borgos e mais dois da NCR falaram que faziam sexo e tentaram me sacrificar pro deus do sexo" (language: Galactic Common) (Legion (241, 46, 2))
[2021-05-18 00:31:23.859] TCOMMS: 2006f/(Jordan Skywalker) [Common] (spans:  ) "Pessoal" (language: Galactic Common) (Legion (209, 44, 2))
[2021-05-18 00:31:28.826] TCOMMS: 2006f/(Jordan Skywalker) [Common] (spans:  ) "Adivinha quem ta na legion" (language: Galactic Common) (Legion (209, 44, 2))
[2021-05-18 00:31:32.731] TCOMMS: OvelhaCosmica/(Adam Alves) [Common] (spans:  ) "En~tao nao a desculpas" (language: Galactic Common) (Legion (241, 46, 2))
[2021-05-18 00:31:59.629] TCOMMS: 2006f/(Jordan Skywalker) [Common] (spans:  ) "O tonhão voltou pra legion" (language: Galactic Common) (Wasteland (221, 84, 2))
[2021-05-18 00:32:19.296] TCOMMS: luciam/(Skarlet D'Luker) [Legion] (spans:  ) "Tem um cara pegando nossas coisas aqui em" (language: Galactic Common) (Legion (241, 31, 2))
[2021-05-18 00:32:29.129] TCOMMS: luciam/(Skarlet D'Luker) [Common] (spans:  ) "Alguem tem uma glcok pra me dar?" (language: Galactic Common) (Legion (239, 30, 2))
[2021-05-18 00:33:54.677] TCOMMS: harmbrade/(Tristen Jenner) [148.9] (spans:  ) "Nois" (language: Galactic Common) (Wasteland (169, 213, 2))
[2021-05-18 00:34:04.350] TCOMMS: Luiz20/(Luiz Borgos Primeiro) [148.9] (spans:  ) "Aperta" (language: Galactic Common) (Brotherhood of Steel (169, 216, 2))
[2021-05-18 00:34:06.835] TCOMMS: Luiz20/(Luiz Borgos Primeiro) [148.9] (spans:  ) "Esse botão" (language: Galactic Common) (Brotherhood of Steel (169, 216, 2))
[2021-05-18 00:34:08.758] TCOMMS: harmbrade/(Tristen Jenner) [148.9] (spans:  ) "Usa ae" (language: Galactic Common) (Wasteland (169, 214, 2))
[2021-05-18 00:34:15.703] TCOMMS: harmbrade/(Tristen Jenner) [148.9] (spans:  ) "Mas me devolve" (language: Galactic Common) (Wasteland (170, 214, 2))
[2021-05-18 00:34:20.800] TCOMMS: Luiz20/(Luiz Borgos Primeiro) [Common] (spans:  ) "Legions vai tomar no cu" (language: Galactic Common) (Brotherhood of Steel (168, 216, 2))
[2021-05-18 00:34:20.809] TCOMMS: Luiz20/(Luiz Borgos Primeiro) [148.9] (spans:  italics ) "Legions vai tomar no cu" (language: Galactic Common) (Brotherhood of Steel (168, 216, 2))
[2021-05-18 00:34:25.936] TCOMMS: Luiz20/(Luiz Borgos Primeiro) [Common] (spans:  ) "Bando de filho da puta" (language: Galactic Common) (Brotherhood of Steel (168, 216, 2))
[2021-05-18 00:34:25.950] TCOMMS: Luiz20/(Luiz Borgos Primeiro) [148.9] (spans:  italics ) "Bando de filho da puta" (language: Galactic Common) (Brotherhood of Steel (168, 216, 2))
[2021-05-18 00:34:36.564] TCOMMS: Luiz20/(Luiz Borgos Primeiro) [Common] (spans:  ) "Bando de arrombado" (language: Galactic Common) (Brotherhood of Steel (168, 216, 2))
[2021-05-18 00:34:36.574] TCOMMS: Luiz20/(Luiz Borgos Primeiro) [148.9] (spans:  italics ) "Bando de arrombado" (language: Galactic Common) (Brotherhood of Steel (168, 216, 2))
[2021-05-18 00:34:38.265] TCOMMS: harmbrade/(Tristen Jenner) [148.9] (spans:  ) "Só isso?" (language: Galactic Common) (Wasteland (170, 214, 2))
[2021-05-18 00:34:42.650] TCOMMS: Luiz20/(Luiz Borgos Primeiro) [148.9] (spans:  ) "Si" (language: Galactic Common) (Brotherhood of Steel (168, 216, 2))
[2021-05-18 00:35:46.365] TCOMMS: 2006f/(Jordan Skywalker) [Common] (spans:  ) "Bos?" (language: Galactic Common) (Wasteland (168, 207, 2))
[2021-05-18 00:35:58.862] TCOMMS: 2006f/(Jordan Skywalker) [Common] (spans:  ) "Vim negociar" (language: Galactic Common) (Wasteland (169, 214, 2))
[2021-05-18 00:35:58.896] TCOMMS: 2006f/(Jordan Skywalker) [148.9] (spans:  italics ) "Vim negociar" (language: Galactic Common) (Wasteland (169, 214, 2))
[2021-05-18 00:38:04.171] TCOMMS: Macaco99/(Ramon Lee) [Common] (spans:  ) "Alo" (language: Galactic Common) (Tunnel (64, 29, 3))
[2021-05-18 00:39:58.350] TCOMMS: Macaco99/(Ramon Lee) [Common] (spans:  ) "Alguem?" (language: Galactic Common) (Tunnel (65, 30, 3))
[2021-05-18 00:40:02.324] TCOMMS: GabrielDoomBR/(Baam Frest) [Common] (spans:  ) "Fala" (language: Galactic Common) (Wasteland (18, 196, 2))
[2021-05-18 00:40:21.597] TCOMMS: Macaco99/(Ramon Lee) [Common] (spans:  ) "Achei um cara morto no hospital" (language: Galactic Common) (Tunnel (65, 29, 3))
[2021-05-18 00:40:38.651] TCOMMS: Macaco99/(Ramon Lee) [Common] (spans:  ) "A identificação dele diz Nykix Nywt" (language: Galactic Common) (Tunnel (70, 31, 3))
[2021-05-18 00:41:00.711] TCOMMS: NizimGamer/(Nizin Veerriene Primeiro) [Common] (spans:  italics ) "Matei o borgos" (language: Galactic Common) (Wasteland (14, 66, 2))
[2021-05-18 00:41:06.163] TCOMMS: NizimGamer/(Nizin Veerriene Primeiro) [Common] (spans:  italics ) "Tentou me matar aqui" (language: Galactic Common) (Wasteland (14, 66, 2))
[2021-05-18 00:41:19.987] TCOMMS: NizimGamer/(Nizin Veerriene Primeiro) [Common] (spans:  ) "Sei naop" (language: Galactic Common) (Wasteland (14, 66, 2))
[2021-05-18 00:42:43.952] TCOMMS: zero9e1/(Noton) [Common] (spans:  ) "Algum grupo me aceita?" (language: Galactic Common) (Wasteland (120, 68, 2))
[2021-05-18 00:46:43.162] TCOMMS: OvelhaCosmica/(Adam Alves) [Common] (spans:  ) "Alex?" (language: Galactic Common) (Legion (221, 25, 2))
[2021-05-18 00:46:45.567] TCOMMS: NizimGamer/(Nizin Veerriene Primeiro) [Common] (spans:  italics ) "Salve rapaziada, to free agent aqui" (language: Galactic Common) (Building (146, 192, 2))
[2021-05-18 00:46:55.567] TCOMMS: NizimGamer/(Nizin Veerriene Primeiro) [Common] (spans:  italics ) "Se alguem quiser me contratar pra missões" (language: Galactic Common) (Building (147, 190, 2))
[2021-05-18 00:47:00.325] TCOMMS: OvelhaCosmica/(Adam Alves) [Common] (spans:  ) "Quem mato a legion?" (language: Galactic Common) (Legion (210, 23, 2))
[2021-05-18 00:47:04.572] TCOMMS: NizimGamer/(Nizin Veerriene Primeiro) [Common] (spans:  italics ) "Eu" (language: Galactic Common) (Wasteland (151, 184, 2))
[2021-05-18 00:47:04.749] TCOMMS: OvelhaCosmica/(Adam Alves) [Common] (spans:  ) "Voltei agora" (language: Galactic Common) (Legion (214, 23, 2))
[2021-05-18 00:47:09.319] TCOMMS: NizimGamer/(Nizin Veerriene Primeiro) [Common] (spans:  italics ) "Matei a NCR" (language: Galactic Common) (Wasteland (151, 184, 2))
[2021-05-18 00:47:37.666] TCOMMS: GabrielDoomBR/(Baam Frest) [Common] (spans:  ) "Tu matou o que" (language: Galactic Common) (Brotherhood of Steel Operations Department (243, 247, 3))
[2021-05-18 00:47:38.842] TCOMMS: GabrielDoomBR/(Baam Frest) [Common] (spans:  ) "A ncr" (language: Galactic Common) (Brotherhood of Steel Operations Department (243, 247, 3))
[2021-05-18 00:47:40.286] TCOMMS: GabrielDoomBR/(Baam Frest) [Common] (spans:  ) "Tu diz" (language: Galactic Common) (Brotherhood of Steel Operations Department (243, 247, 3))
[2021-05-18 00:47:45.211] TCOMMS: GabrielDoomBR/(Baam Frest) [Common] (spans:  ) "Beleza então" (language: Galactic Common) (Brotherhood of Steel Operations Department (243, 247, 3))
[2021-05-18 00:48:15.062] TCOMMS: luiz20/(Luiz Borgos Segundo) [BOS] (spans:  ) "Oi" (language: Galactic Common) (Brotherhood of Steel 1st Floor Offices (223, 217, 3))
[2021-05-18 00:48:19.155] TCOMMS: NizimGamer/(Nizin Veerriene Primeiro) [Common] (spans:  italics ) "Matei ninguem nao cria" (language: Galactic Common) (Wasteland (172, 184, 2))
[2021-05-18 00:48:21.559] TCOMMS: NizimGamer/(Nizin Veerriene Primeiro) [Common] (spans:  italics ) "Apenas KO" (language: Galactic Common) (Wasteland (172, 184, 2))
[2021-05-18 00:48:33.012] TCOMMS: NizimGamer/(Nizin Veerriene Primeiro) [Common] (spans:  italics ) "Nao dei um tiro ate agora" (language: Galactic Common) (Wasteland (188, 188, 2))
[2021-05-18 00:48:37.244] TCOMMS: NizimGamer/(Nizin Veerriene Primeiro) [Common] (spans:  italics ) "So matei o borgos" (language: Galactic Common) (Wasteland (188, 188, 2))
[2021-05-18 00:48:42.154] TCOMMS: GabrielDoomBR/(Baam Frest) [Common] (spans:  ) "Tu falou que" (language: Galactic Common) (Wasteland (186, 186, 2))
[2021-05-18 00:48:42.296] TCOMMS: NizimGamer/(Nizin Veerriene Primeiro) [Common] (spans:  ) "Salve" (language: Galactic Common) (Wasteland (189, 187, 2))
[2021-05-18 00:48:44.531] TCOMMS: GabrielDoomBR/(Baam Frest) [Common] (spans:  ) "Matou a ncr" (language: Galactic Common) (Wasteland (186, 186, 2))
[2021-05-18 00:49:11.392] TCOMMS: OvelhaCosmica/(Adam Alves) [Common] (spans:  ) "Se mato toda NCR Nizin?" (language: Galactic Common) (Legion (204, 21, 2))
[2021-05-18 00:49:21.066] TCOMMS: spookypineapple/(Vinicius Levenuyrabo) [Common] (spans:  ) "Não toda." (language: Galactic Common) (NCR (16, 204, 2))
[2021-05-18 00:49:43.792] TCOMMS: luiz20/(Luiz Borgos Segundo) [BOS] (spans:  ) "Onde está o nosso capitão?" (language: Galactic Common) (Wasteland (162, 184, 2))
[2021-05-18 00:49:46.156] TCOMMS: NizimGamer/(Nizin Veerriene Primeiro) [Common] (spans:  italics ) "Matei so o borgos" (language: Galactic Common) (Wasteland (229, 190, 2))
[2021-05-18 00:49:52.823] TCOMMS: NizimGamer/(Nizin Veerriene Primeiro) [Common] (spans:  italics ) "Alguem tem um radio de ouvido pra me dar?" (language: Galactic Common) (Wasteland (229, 190, 2))
[2021-05-18 00:50:15.091] TCOMMS: NizimGamer/(Nizin Veerriene Primeiro) [Common] (spans:  italics ) "Adam" (language: Galactic Common) (Wasteland (228, 132, 2))
[2021-05-18 00:50:26.978] TCOMMS: NizimGamer/(Nizin Veerriene Primeiro) [Common] (spans:  italics ) "Ta fazendo algo de interessante?" (language: Galactic Common) (Wasteland (228, 132, 2))
[2021-05-18 00:50:53.399] TCOMMS: OvelhaCosmica/(Adam Alves) [Common] (spans:  ) "Dois cara que me mata" (language: Galactic Common) (Wasteland (171, 64, 2))
[2021-05-18 00:50:57.136] TCOMMS: OvelhaCosmica/(Adam Alves) [Common] (spans:  ) "Mais fugi]" (language: Galactic Common) (Wasteland (165, 64, 2))
[2021-05-18 00:50:58.054] TCOMMS: NizimGamer/(Nizin Veerriene Primeiro) [Common] (spans:  italics ) "Aonde?" (language: Galactic Common) (Wasteland (162, 133, 2))
[2021-05-18 00:51:01.223] TCOMMS: OvelhaCosmica/(Adam Alves) [Common] (spans:  ) "E dei uns tiro" (language: Galactic Common) (Wasteland (165, 64, 2))
[2021-05-18 00:51:06.045] TCOMMS: OvelhaCosmica/(Adam Alves) [Common] (spans:  ) "Perto da legion" (language: Galactic Common) (Wasteland (165, 64, 2))
[2021-05-18 00:51:07.905] TCOMMS: NizimGamer/(Nizin Veerriene Primeiro) [Common] (spans:  ) "Salve" (language: Galactic Common) (Wasteland (135, 133, 2))
[2021-05-18 00:51:12.999] TCOMMS: NizimGamer/(Nizin Veerriene Primeiro) [Common] (spans:  ) "Caralho" (language: Galactic Common) (Wasteland (134, 133, 2))
[2021-05-18 00:51:17.485] TCOMMS: johonasmexicanjo/(Weston Demuth) [NCR] (spans:  ) "Hola" (language: Galactic Common) (NCR (21, 209, 2))
[2021-05-18 00:51:24.940] TCOMMS: spookypineapple/(Vinicius Levenuyrabo) [NCR] (spans:  ) "Hola" (language: Galactic Common) (Wasteland (38, 193, 2))
[2021-05-18 00:51:27.736] TCOMMS: NizimGamer/(Nizin Veerriene Primeiro) [Common] (spans:  ) "Posso pegar as coisas dele?" (language: Galactic Common) (Wasteland (134, 133, 2))
[2021-05-18 00:51:32.515] TCOMMS: Macaco99/(Ramon Lee) [Common] (spans:  ) "Tem gente perto da area medica" (language: Galactic Common) (Tunnel (62, 33, 3))
[2021-05-18 00:52:29.767] TCOMMS: zero9e1/(Noton) [Common] (spans:  ) "Cara de chapeu?" (language: Galactic Common) (Wasteland (210, 64, 2))
[2021-05-18 00:53:32.021] TCOMMS: NizimGamer/(Nizin Veerriene Primeiro) [Common] (spans:  ) "Adam?" (language: Galactic Common) (Wasteland (119, 134, 2))
[2021-05-18 00:53:57.541] TCOMMS: spookypineapple/(Vinicius Levenuyrabo) [BOS] (spans:  ) "Olá" (language: Galactic Common) (Wasteland (7, 195, 2))
[2021-05-18 00:54:07.377] TCOMMS: luiz20/(Luiz Borgos Segundo) [BOS] (spans:  ) "Oi" (language: Galactic Common) (Wasteland (123, 136, 2))
[2021-05-18 00:54:14.825] TCOMMS: luiz20/(Luiz Borgos Segundo) [BOS] (spans:  ) "Nosso comandante sumio e foda-se" (language: Galactic Common) (Wasteland (123, 136, 2))
[2021-05-18 00:54:20.541] TCOMMS: spookypineapple/(Vinicius Levenuyrabo) [BOS] (spans:  ) "Eu consegui pegar esse rádio de um dos seus soldados mortos durante a batalha  na nossa base" (language: Galactic Common) (Wasteland (7, 195, 2))
[2021-05-18 00:54:22.574] TCOMMS: luiz20/(Luiz Borgos Segundo) [BOS] (spans:  ) "Sou star paladin" (language: Galactic Common) (Wasteland (125, 136, 2))
[2021-05-18 00:54:43.636] TCOMMS: spookypineapple/(Vinicius Levenuyrabo) [BOS] (spans:  ) "Só vim avisar" (language: Galactic Common) (Wasteland (7, 195, 2))
[2021-05-18 00:54:44.024] TCOMMS: NizimGamer/(Nizin Veerriene Primeiro) [Common] (spans:  ) "Quem matou o Adam?" (language: Galactic Common) (Wasteland (120, 23, 2))
[2021-05-18 00:54:54.603] TCOMMS: luiz20/(Luiz Borgos Segundo) [BOS] (spans:  ) "Poderia devolver o radio?" (language: Galactic Common) (Wasteland (120, 157, 2))
[2021-05-18 00:55:02.894] TCOMMS: luiz20/(Luiz Borgos Segundo) [BOS] (spans:  ) "Ou ver ter que ir pegar ai a força?" (language: Galactic Common) (Wasteland (120, 159, 2))
[2021-05-18 00:55:29.830] TCOMMS: luiz20/(Luiz Borgos Segundo) [BOS] (spans:  ) "Como vai ser?" (language: Galactic Common) (Wasteland (95, 185, 2))
[2021-05-18 00:57:27.511] TCOMMS: zero9e1/(Noton) [Common] (spans:  ) "Alguem vendendo remedio?" (language: Galactic Common) (Wasteland (167, 140, 2))
[2021-05-18 00:58:44.122] TCOMMS: Macaco99/(Ramon Lee) [Common] (spans:  ) "Alguem na cidade" (language: Galactic Common) (Wasteland (56, 43, 2))
[2021-05-18 00:59:32.047] TCOMMS: spookypineapple/(Vinicius Levenuyrabo) [Common] (spans:  ) "CÃES DESGRAÇADOS!" (language: Galactic Common) (Wasteland (28, 188, 2))
[2021-05-18 00:59:34.842] TCOMMS: spookypineapple/(Vinicius Levenuyrabo) [Common] (spans:  ) "VOCÊS" (language: Galactic Common) (Wasteland (28, 188, 2))
[2021-05-18 00:59:44.223] TCOMMS: johonasmexicanjo/(Weston Demuth) [Common] (spans:  ) "SEGURA" (language: Galactic Common) (Wasteland (31, 184, 2))
[2021-05-18 00:59:46.722] TCOMMS: johonasmexicanjo/(Weston Demuth) [Common] (spans:  ) "CESSA FOGO AI" (language: Galactic Common) (Wasteland (31, 184, 2))
[2021-05-18 00:59:50.036] TCOMMS: Macaco99/(Ramon Lee) [Common] (spans:  ) "Alguem na cidade?" (language: Galactic Common) (City (67, 31, 2))
[2021-05-18 00:59:52.720] TCOMMS: alexalbright/(Burt Wardle) [Common] (spans:  ) "Tem gente no oasis?" (language: Galactic Common) (Wasteland (205, 65, 2))
[2021-05-18 01:00:27.827] TCOMMS: Aedaris/(Daniel Payde) [Common] (spans:  ) "Seu pai" (language: Galactic Common) (Wasteland (156, 183, 2))
[2021-05-18 01:00:50.865] TCOMMS: Aedaris/(Daniel Payde) [148.9] (spans:  ) "Sou pai de Daniel" (language: Galactic Common) (Wasteland (169, 215, 2))
[2021-05-18 01:00:58.887] TCOMMS: luiz20/(Luiz Borgos Segundo) [Common] (spans:  ) "Lider da NCR morto" (language: Galactic Common) (Wasteland (20, 182, 2))
[2021-05-18 01:01:09.919] TCOMMS: johonasmexicanjo/(Weston Demuth) [Common] (spans:  yell ) "DEVOLVAO O MEU TENENTE!!" (language: Galactic Common) (Wasteland (17, 194, 2))
[2021-05-18 01:01:13.111] TCOMMS: johonasmexicanjo/(Weston Demuth) [Common] (spans:  yell ) "NÃÃÃÃÃÃOOOOO!!!!" (language: Galactic Common) (Wasteland (17, 194, 2))
[2021-05-18 01:01:21.739] TCOMMS: johonasmexicanjo/(Weston Demuth) [Common] (spans:  yell ) "MEU TENENTE, POR FAVOR! EU IMPLORO!!" (language: Galactic Common) (Wasteland (17, 194, 2))
[2021-05-18 01:01:28.265] TCOMMS: johonasmexicanjo/(Weston Demuth) [Common] (spans:  yell ) "EU NÃO GOSTO DE GUERRA!!" (language: Galactic Common) (Wasteland (17, 194, 2))
[2021-05-18 01:01:38.554] TCOMMS: luiz20/(Luiz Borgos Segundo) [Common] (spans:  ) "Ele tá com o satanas" (language: Galactic Common) (Wasteland (5, 180, 2))
[2021-05-18 01:02:00.557] TCOMMS: Macaco99/(Ramon Lee) [Common] (spans:  ) "Que porra de trem é esse?" (language: Galactic Common) (Tunnel (62, 33, 3))
[2021-05-18 01:02:06.745] TCOMMS: thebanana3/(Marcia Ainda) [Common] (spans:  ) "Shopping no oasis abriu" (language: Galactic Common) (City (72, 43, 2))
[2021-05-18 01:02:08.574] TCOMMS: zero9e1/(Noton) [Common] (spans:  ) "Vai vim um trem" (language: Galactic Common) (Wasteland (187, 25, 2))
[2021-05-18 01:02:11.566] TCOMMS: johonasmexicanjo/(Weston Demuth) [Common] (spans:  ) "ENCLAVE FOI MAL" (language: Galactic Common) (Wasteland (126, 182, 2))
[2021-05-18 01:02:11.905] TCOMMS: Aedaris/(Daniel Payde) [Common] (spans:  ) "É o trem que vai nos levar pra Ravenheart." (language: Galactic Common) (Wasteland (180, 192, 2))
[2021-05-18 01:02:13.382] TCOMMS: johonasmexicanjo/(Weston Demuth) [Common] (spans:  ) "TE CONFUNDI" (language: Galactic Common) (Wasteland (126, 182, 2))
[2021-05-18 01:02:15.200] TCOMMS: zero9e1/(Noton) [Common] (spans:  ) "Vamos evacuar essa area" (language: Galactic Common) (Wasteland (187, 25, 2))
[2021-05-18 01:02:16.268] TCOMMS: johonasmexicanjo/(Weston Demuth) [Common] (spans:  yell ) "ENCLAVE, DESCULPA!!" (language: Galactic Common) (Wasteland (126, 181, 2))
[2021-05-18 01:02:25.296] TCOMMS: thebanana3/(Marcia Ainda) [Common] (spans:  ) "VENHAM COMPRAR NA LOJA DO OASIS" (language: Galactic Common) (City (72, 44, 2))
[2021-05-18 01:02:26.031] TCOMMS: Macaco99/(Ramon Lee) [Common] (spans:  ) "Onde fica o trem?" (language: Galactic Common) (Tunnel (62, 33, 3))
[2021-05-18 01:03:44.907] TCOMMS: Luiz20/(Luiz Borgos Segundo) [NCR] (spans:  ) "Seguinte bando de bixas" (language: Galactic Common) (Wasteland (5, 178, 2))
[2021-05-18 01:03:52.741] TCOMMS: Luiz20/(Luiz Borgos Segundo) [NCR] (spans:  ) "Falem onde está o felipe copetti" (language: Galactic Common) (Wasteland (5, 178, 2))
[2021-05-18 01:03:58.739] TCOMMS: Aedaris/(Daniel Payde) [Common] (spans:  yell ) "DANIEL!!!!" (language: Galactic Common) (Wasteland (96, 188, 2))
[2021-05-18 01:04:02.253] TCOMMS: johonasmexicanjo/(Weston Demuth) [Common] (spans:  yell ) "BOS!!" (language: Galactic Common) (Wasteland (169, 214, 2))
[2021-05-18 01:04:02.262] TCOMMS: johonasmexicanjo/(Weston Demuth) [148.9] (spans:  italics yell ) "BOS!!" (language: Galactic Common) (Wasteland (169, 214, 2))
[2021-05-18 01:04:04.128] TCOMMS: spookypineapple/(Payde Antonio) [Common] (spans:  ) "ANTONIOOOOO!" (language: Galactic Common) (Vault (41, 164, 4))
[2021-05-18 01:04:04.801] TCOMMS: johonasmexicanjo/(Weston Demuth) [Common] (spans:  yell ) "ABRAM, VIADOS!!" (language: Galactic Common) (Wasteland (169, 214, 2))
[2021-05-18 01:04:04.810] TCOMMS: johonasmexicanjo/(Weston Demuth) [148.9] (spans:  italics yell ) "ABRAM, VIADOS!!" (language: Galactic Common) (Wasteland (169, 214, 2))
[2021-05-18 01:04:05.352] TCOMMS: Aedaris/(Daniel Payde) [Common] (spans:  yell ) "CADÊ VOCÊ!!!!!" (language: Galactic Common) (Wasteland (96, 188, 2))
[2021-05-18 01:04:11.067] TCOMMS: johonasmexicanjo/(Weston Demuth) [Common] (spans:  yell ) "VIADINHOS!! ABRAM O PORTÃO E ME ENFRENTEM!!" (language: Galactic Common) (Wasteland (169, 214, 2))
[2021-05-18 01:04:11.078] TCOMMS: johonasmexicanjo/(Weston Demuth) [148.9] (spans:  italics yell ) "VIADINHOS!! ABRAM O PORTÃO E ME ENFRENTEM!!" (language: Galactic Common) (Wasteland (169, 214, 2))
[2021-05-18 01:04:12.042] TCOMMS: Aedaris/(Daniel Payde) [Common] (spans:  yell ) "DANIEL, SEU PAI ESTÁ AQUI!!!!!" (language: Galactic Common) (Wasteland (88, 186, 2))
[2021-05-18 01:04:12.494] TCOMMS: spookypineapple/(Payde Antonio) [Common] (spans:  yell ) "EU VOU TE ENCONTRAR!!!" (language: Galactic Common) (Vault (41, 164, 4))
[2021-05-18 01:04:18.633] TCOMMS: spookypineapple/(Payde Antonio) [Common] (spans:  yell ) "MEU FILHO!!!!!" (language: Galactic Common) (Vault (41, 164, 4))
[2021-05-18 01:05:24.268] TCOMMS: thebanana3/(Marcia Ainda) [Common] (spans:  ) "VENDO TRIGO COLA ELETRONICOS PARTES DE METAL DE QUALIDADE PO NEGRO E GIZ DE CERA" (language: Galactic Common) (City (71, 44, 2))
[2021-05-18 01:06:01.373] TCOMMS: Luiz20/(Luiz Borgos Segundo) [Common] (spans:  ) "BORGOS" (language: Galactic Common) (Wasteland (27, 190, 2))
[2021-05-18 01:06:09.427] TCOMMS: Luiz20/(Luiz Borgos Segundo) [Common] (spans:  ) "VEM NA BASE DA NCR AGORA" (language: Galactic Common) (Wasteland (27, 190, 2))
[2021-05-18 01:06:23.563] TCOMMS: NizimGamer/(Nizin Veerriene Primeiro) [Common] (spans:  ) "Oque ta rolando?" (language: Galactic Common) (Wasteland (26, 187, 2))
[2021-05-18 01:06:23.719] TCOMMS: spookypineapple/(Payde Antonio) [Common] (spans:  ) "OLÁ, SUB-HUMANOS!" (language: Galactic Common) (Vault (49, 158, 4))
[2021-05-18 01:06:37.682] TCOMMS: spookypineapple/(Payde Antonio) [Common] (spans:  ) "AQUI É ANTONIO PAYDE REBOCO SILVEIRA, UM PESQUISADOR DOS TEMPOS ANTIGOS!" (language: Galactic Common) (Vault (49, 158, 4))
[2021-05-18 01:06:39.124] TCOMMS: Luiz20/(Luiz Borgos Segundo) [Common] (spans:  ) "Vem pro portão" (language: Galactic Common) (Wasteland (24, 210, 2))
[2021-05-18 01:06:47.988] TCOMMS: Luiz20/(Luiz Borgos Segundo) [Common] (spans:  ) "Agora borg" (language: Galactic Common) (Wasteland (24, 195, 2))
[2021-05-18 01:06:57.145] TCOMMS: Aedaris/(Daniel Payde) [Common] (spans:  yell ) "SRTA DANIEL!!!!!!!!!!" (language: Galactic Common) (Wasteland (11, 181, 2))
[2021-05-18 01:07:00.152] TCOMMS: Aedaris/(Daniel Payde) [Common] (spans:  yell ) "IREI GOZAR!!!!!!!!!!!" (language: Galactic Common) (Wasteland (11, 181, 2))
[2021-05-18 01:07:01.461] TCOMMS: Luiz20/(Luiz Borgos Segundo) [Common] (spans:  ) "Acabei de descobrir algo" (language: Galactic Common) (Wasteland (28, 195, 2))
[2021-05-18 01:07:02.858] TCOMMS: spookypineapple/(Payde Antonio) [Common] (spans:  ) "SOMOS DA VAULT 13, UMA GRANDE E PODEROSA ESTRUTURA PARECIDA COM SUAS CASAS DE MADEIRA" (language: Galactic Common) (Vault (49, 158, 4))
[2021-05-18 01:07:05.506] TCOMMS: spookypineapple/(Payde Antonio) [Common] (spans:  ) "CALA BOCA ÓRFÃO" (language: Galactic Common) (Vault (49, 158, 4))
[2021-05-18 01:07:12.357] TCOMMS: The supply request console [Supply] (spans: robot ) "A new order has been requested." (language: Galactic Common) (Vault (29, 182, 4))
[2021-05-18 01:07:50.457] TCOMMS: spookypineapple/(Payde Antonio) [Common] (spans:  ) "NÓS OFERECEMOS UMA SUGESTÃO, SE NOS ACHAREM, TERAM A CHANCE DE NOS AUXILIAR NA DESCOBERTA DE NOVAS ARMAS, NOVOS MECANISMOS, E A SALVAÇÃO DA HUMANIDADE!" (language: Galactic Common) (Tunnel (49, 140, 4))
[2021-05-18 01:08:03.044] TCOMMS: spookypineapple/(Payde Antonio) [Common] (spans:  ) "MECHAS, SEXO RÁPIDO COM A SRTA ANTONIO, ARMAS, DROGAS!" (language: Galactic Common) (Tunnel (49, 140, 4))
[2021-05-18 01:08:12.150] TCOMMS: spookypineapple/(Payde Antonio) [Common] (spans:  ) "TUDO QUE VOCES BARBAROS AMAM!" (language: Galactic Common) (Caves (45, 137, 4))
[2021-05-18 01:08:14.747] TCOMMS: Aedaris/(Daniel Payde) [Common] (spans:  yell ) "SEXO, SEXO COM A SRTª DANIEL!!!!!!" (language: Galactic Common) (Wasteland (38, 195, 2))
[2021-05-18 01:09:03.996] TCOMMS: spookypineapple/(Payde Antonio) [Common] (spans:  ) "SENHORA ANTONIO, LINDA GAROTA! ME OUÇAM, BRUTOS!" (language: Galactic Common) (Tunnel (50, 140, 4))
[2021-05-18 01:09:10.772] TCOMMS: spookypineapple/(Payde Antonio) [Common] (spans:  ) "VENHAM, NOS ENCONTREM, E MINEREM POR NÓS!" (language: Galactic Common) (Tunnel (50, 140, 4))
[2021-05-18 01:11:23.008] TCOMMS: 2006f/(Davion Powers) [Common] (spans:  ) "Precisamos parar o luiz" (language: Galactic Common) (Wasteland (165, 146, 2))
[2021-05-18 01:11:28.918] TCOMMS: 2006f/(Davion Powers) [Common] (spans:  ) "Ele ta insano" (language: Galactic Common) (Wasteland (165, 146, 2))
[2021-05-18 01:13:04.438] TCOMMS: spookypineapple/(Payde Antonio) [Vault] (spans:  ) "Fecha" (language: Galactic Common) (Caves (40, 135, 4))
[2021-05-18 01:13:07.758] TCOMMS: spookypineapple/(Payde Antonio) [Vault] (spans:  ) "Os airlocks" (language: Galactic Common) (Caves (40, 135, 4))
[2021-05-18 01:13:11.059] TCOMMS: spookypineapple/(Payde Antonio) [Vault] (spans:  ) "Pra ninguém invadir" (language: Galactic Common) (Caves (40, 135, 4))
[2021-05-18 01:13:17.937] TCOMMS: spookypineapple/(Payde Antonio) [Vault] (spans:  ) "Eu vou trazer minério" (language: Galactic Common) (Caves (40, 136, 4))
[2021-05-18 01:13:43.602] TCOMMS: Kaduh/(Erika Miller) [Vault] (spans:  ) "Nao tenho acesso" (language: Galactic Common) (Vault (46, 162, 4))
[2021-05-18 01:13:55.664] TCOMMS: Kaduh/(Erika Miller) [Vault] (spans:  ) "Vou tentar hacker" (language: Galactic Common) (Vault (48, 162, 4))
[2021-05-18 01:14:00.660] TCOMMS: spookypineapple/(Payde Antonio) [Vault] (spans:  ) "Volta" (language: Galactic Common) (Vault (49, 156, 4))
[2021-05-18 01:14:02.859] TCOMMS: spookypineapple/(Payde Antonio) [Vault] (spans:  ) "Aqui atrás" (language: Galactic Common) (Vault (49, 156, 4))
[2021-05-18 01:14:07.058] TCOMMS: spookypineapple/(Payde Antonio) [Vault] (spans:  ) "Tem um botãozinho" (language: Galactic Common) (Vault (49, 156, 4))
[2021-05-18 01:14:17.818] TCOMMS: Kaduh/(Erika Miller) [Vault] (spans:  ) "Ata esse" (language: Galactic Common) (Vault (50, 159, 4))
[2021-05-18 01:14:24.427] TCOMMS: Kaduh/(Erika Miller) [Vault] (spans:  ) "Pensei que era a porta do vault" (language: Galactic Common) (Vault (49, 159, 4))
[2021-05-18 01:15:53.523] TCOMMS: NizimGamer/(Nizin Veerriene Primeiro) [Common] (spans:  ) "Eita" (language: Galactic Common) (Wasteland (160, 184, 2))
[2021-05-18 01:16:15.005] TCOMMS: NizimGamer/(Nizin Veerriene Primeiro) [Common] (spans:  ) "Adam?" (language: Galactic Common) (Wasteland (119, 163, 2))
[2021-05-18 01:16:20.601] TCOMMS: OvelhaCosmica/(Adam Alves) [Common] (spans:  ) "Oi" (language: Galactic Common) (Legion (212, 45, 2))
[2021-05-18 01:16:23.172] TCOMMS: OvelhaCosmica/(Adam Alves) [Common] (spans:  ) "Voltei" (language: Galactic Common) (Legion (212, 45, 2))
[2021-05-18 01:16:25.755] TCOMMS: NizimGamer/(Nizin Veerriene Primeiro) [Common] (spans:  ) "Cade tu" (language: Galactic Common) (Wasteland (115, 181, 2))
[2021-05-18 01:16:26.228] TCOMMS: OvelhaCosmica/(Adam Alves) [Common] (spans:  ) "Tava mimindo" (language: Galactic Common) (Legion (212, 45, 2))
[2021-05-18 01:16:55.155] TCOMMS: OvelhaCosmica/(Adam Alves) [Common] (spans:  ) "Oasis" (language: Galactic Common) (Wasteland (149, 65, 2))
[2021-05-18 01:17:13.793] TCOMMS: Kaduh/(Erika Miller) [Common] (spans:  ) "O que aconteceu?" (language: Galactic Common) (Vault (44, 162, 4))
[2021-05-18 01:18:36.105] TCOMMS: spookypineapple/(Payde Antonio) [Vault] (spans:  ) "Pó abrir" (language: Galactic Common) (Vault (49, 154, 4))
[2021-05-18 01:18:41.206] TCOMMS: spookypineapple/(Payde Antonio) [Vault] (spans:  ) "No botãozinho" (language: Galactic Common) (Vault (49, 156, 4))
[2021-05-18 01:18:51.189] TCOMMS: Kaduh/(Erika Miller) [Vault] (spans:  ) "Tava meio de SSD" (language: Galactic Common) (Vault (48, 160, 4))
[2021-05-18 01:18:55.992] TCOMMS: Kaduh/(Erika Miller) [Vault] (spans:  ) "Voltei agora" (language: Galactic Common) (Vault (47, 161, 4))
[2021-05-18 01:19:17.110] TCOMMS: spookypineapple/(Payde Antonio) [Vault] (spans:  ) "Fecha ainda não" (language: Galactic Common) (Vault (49, 158, 4))
[2021-05-18 01:19:30.928] TCOMMS: 2006f/(Davion Powers) [Common] (spans:  ) "Luiz assado na bos" (language: Galactic Common) (Brotherhood of Steel (152, 248, 2))
[2021-05-18 01:19:31.635] TCOMMS: Kaduh/(Erika Miller) [Vault] (spans:  ) "Vou deixar aberto acho que nao vai vir ninguem" (language: Galactic Common) (Vault (43, 164, 4))
[2021-05-18 01:19:44.055] TCOMMS: Kaduh/(Erika Miller) [Vault] (spans:  ) "O train ta vindo eles nao querem fica aqui" (language: Galactic Common) (Vault (43, 164, 4))
[2021-05-18 01:22:20.179] TCOMMS: thebanana3/(Marcia Ainda) [Common] (spans:  ) "Alo?" (language: Galactic Common) (Wasteland (95, 187, 2))
[2021-05-18 01:23:11.702] TCOMMS: thebanana3/(Marcia Ainda) [Common] (spans:  ) "ONDE FICA ESSE TREM????" (language: Galactic Common) (Wasteland (94, 135, 2))
[2021-05-18 01:23:12.363] TCOMMS: Kaduh/(Erika Miller) [Vault] (spans:  ) "Vai la" (language: Galactic Common) (Vault (45, 162, 4))
[2021-05-18 01:23:15.432] TCOMMS: Kaduh/(Erika Miller) [Vault] (spans:  ) "Depois eu vou" (language: Galactic Common) (Vault (45, 162, 4))
