[2021-05-22 01:55:21.785] ASSET: Sending asset `tgui-common.chunk.js` to client `N0fun` as `tgui-common.chunk.js`
[2021-05-22 01:55:21.787] ASSET: Sending asset `tgui-panel.bundle.js` to client `N0fun` as `tgui-panel.bundle.js`
[2021-05-22 01:55:21.787] ASSET: Sending asset `tgui-panel.bundle.css` to client `N0fun` as `tgui-panel.bundle.css`
[2021-05-22 01:55:24.809] ASSET: Sending asset `fa-regular-400.eot` to client `N0fun` as `fa-regular-400.eot`
[2021-05-22 01:55:24.810] ASSET: Sending asset `fa-regular-400.woff` to client `N0fun` as `fa-regular-400.woff`
[2021-05-22 01:55:24.810] ASSET: Sending asset `fa-solid-900.eot` to client `N0fun` as `fa-solid-900.eot`
[2021-05-22 01:55:24.810] ASSET: Sending asset `fa-solid-900.woff` to client `N0fun` as `fa-solid-900.woff`
[2021-05-22 01:55:24.811] ASSET: Sending asset `font-awesome.css` to client `N0fun` as `font-awesome.css`
[2021-05-22 01:55:24.811] ASSET: Sending asset `v4shim.css` to client `N0fun` as `v4shim.css`
[2021-05-22 01:55:25.107] ASSET: Sending asset `spritesheet_chat.css` to client `N0fun` as `asset.9d9c5d18011d0acb1e27b98bc6cd295f.css`
[2021-05-22 01:55:25.107] ASSET: Sending asset `chat_16x16.png` to client `N0fun` as `asset.253bbc52a19928fa3bb250b9d2a425c6.png`
[2021-05-22 01:55:25.107] ASSET: Sending asset `chat_32x32.png` to client `N0fun` as `asset.9fb3455e39c1c40b9eb331534ba43cf4.png`
[2021-05-22 01:55:25.780] ASSET: Sending asset `padlock.png` to client `N0fun` as `padlock.png`
[2021-05-22 01:55:25.781] ASSET: Sending asset `common.css` to client `N0fun` as `asset.622312737bbe2cc2ca8ae98407fe605a.css`
[2021-05-22 01:55:57.309] ASSET: Sending asset `tgui-common.chunk.js` to client `Baeiou` as `tgui-common.chunk.js`
[2021-05-22 01:55:57.310] ASSET: Sending asset `tgui-panel.bundle.js` to client `Baeiou` as `tgui-panel.bundle.js`
[2021-05-22 01:55:57.310] ASSET: Sending asset `tgui-panel.bundle.css` to client `Baeiou` as `tgui-panel.bundle.css`
[2021-05-22 01:56:01.741] ASSET: Sending asset `fa-regular-400.eot` to client `Baeiou` as `fa-regular-400.eot`
[2021-05-22 01:56:01.741] ASSET: Sending asset `fa-regular-400.woff` to client `Baeiou` as `fa-regular-400.woff`
[2021-05-22 01:56:01.741] ASSET: Sending asset `fa-solid-900.eot` to client `Baeiou` as `fa-solid-900.eot`
[2021-05-22 01:56:01.741] ASSET: Sending asset `fa-solid-900.woff` to client `Baeiou` as `fa-solid-900.woff`
[2021-05-22 01:56:01.741] ASSET: Sending asset `font-awesome.css` to client `Baeiou` as `font-awesome.css`
[2021-05-22 01:56:01.741] ASSET: Sending asset `v4shim.css` to client `Baeiou` as `v4shim.css`
[2021-05-22 01:56:01.742] ASSET: Sending asset `spritesheet_chat.css` to client `Baeiou` as `asset.9d9c5d18011d0acb1e27b98bc6cd295f.css`
[2021-05-22 01:56:01.742] ASSET: Sending asset `chat_16x16.png` to client `Baeiou` as `asset.253bbc52a19928fa3bb250b9d2a425c6.png`
[2021-05-22 01:56:01.742] ASSET: Sending asset `chat_32x32.png` to client `Baeiou` as `asset.9fb3455e39c1c40b9eb331534ba43cf4.png`
[2021-05-22 01:56:02.512] ASSET: Sending asset `padlock.png` to client `Baeiou` as `padlock.png`
[2021-05-22 01:56:02.512] ASSET: Sending asset `common.css` to client `Baeiou` as `asset.622312737bbe2cc2ca8ae98407fe605a.css`
[2021-05-22 01:56:12.224] ASSET: Sending asset `jquery.min.js` to client `Baeiou` as `jquery.min.js`
[2021-05-22 01:56:49.874] ASSET: Sending asset `tgui-common.chunk.js` to client `AnotherGenericPlayer` as `tgui-common.chunk.js`
[2021-05-22 01:56:49.875] ASSET: Sending asset `tgui-panel.bundle.js` to client `AnotherGenericPlayer` as `tgui-panel.bundle.js`
[2021-05-22 01:56:49.875] ASSET: Sending asset `tgui-panel.bundle.css` to client `AnotherGenericPlayer` as `tgui-panel.bundle.css`
[2021-05-22 01:56:53.722] ASSET: Sending asset `fa-regular-400.eot` to client `AnotherGenericPlayer` as `fa-regular-400.eot`
[2021-05-22 01:56:53.722] ASSET: Sending asset `fa-regular-400.woff` to client `AnotherGenericPlayer` as `fa-regular-400.woff`
[2021-05-22 01:56:53.722] ASSET: Sending asset `fa-solid-900.eot` to client `AnotherGenericPlayer` as `fa-solid-900.eot`
[2021-05-22 01:56:53.722] ASSET: Sending asset `fa-solid-900.woff` to client `AnotherGenericPlayer` as `fa-solid-900.woff`
[2021-05-22 01:56:53.722] ASSET: Sending asset `font-awesome.css` to client `AnotherGenericPlayer` as `font-awesome.css`
[2021-05-22 01:56:53.722] ASSET: Sending asset `v4shim.css` to client `AnotherGenericPlayer` as `v4shim.css`
[2021-05-22 01:56:53.723] ASSET: Sending asset `spritesheet_chat.css` to client `AnotherGenericPlayer` as `asset.9d9c5d18011d0acb1e27b98bc6cd295f.css`
[2021-05-22 01:56:53.723] ASSET: Sending asset `chat_16x16.png` to client `AnotherGenericPlayer` as `asset.253bbc52a19928fa3bb250b9d2a425c6.png`
[2021-05-22 01:56:53.723] ASSET: Sending asset `chat_32x32.png` to client `AnotherGenericPlayer` as `asset.9fb3455e39c1c40b9eb331534ba43cf4.png`
[2021-05-22 01:56:54.496] ASSET: Sending asset `padlock.png` to client `AnotherGenericPlayer` as `padlock.png`
[2021-05-22 01:56:54.496] ASSET: Sending asset `common.css` to client `AnotherGenericPlayer` as `asset.622312737bbe2cc2ca8ae98407fe605a.css`
