[2021-05-22 01:54:23.698] TGS Info: Activating API for version 3.2.6.2
[2021-05-22 01:54:23.724] runtime error: list index out of bounds
 - proc name: OnWorldNew (/datum/tgs_api/v3210/OnWorldNew)
 -   source file: api.dm,69
 -   usr: null
 -   src: /datum/tgs_api/v3210 (/datum/tgs_api/v3210)
 -   call stack:
 - /datum/tgs_api/v3210 (/datum/tgs_api/v3210): OnWorldNew(0)
 - world: TgsNew(/datum/tgs_event_handler/impl (/datum/tgs_event_handler/impl), 0)
 - world: InitTgs()
 - world: New()
 - 
[2021-05-22 01:54:23.724] TGS Error: Failed to activate API!
[2021-05-22 01:54:23.726] Running /tg/ revision: 
 - No commit information
[2021-05-22 01:54:23.749] Loading config file config.txt...
[2021-05-22 01:54:23.786] Loading config file game_options.txt...
[2021-05-22 01:54:23.813] Loading config file dbconfig.txt...
[2021-05-22 01:54:23.852] Loading config file comms.txt...
[2021-05-22 01:54:23.862] Loading config file antag_rep.txt...
[2021-05-22 01:54:23.872] Loading config file resources.txt...
[2021-05-22 01:54:23.908] Loading config file donator_groupings.txt...
[2021-05-22 01:54:23.919] Loading config file dynamic_config.txt...
[2021-05-22 01:54:24.020] Loading config file plushies/defines.txt...
[2021-05-22 01:54:24.030] Loading config file job_threats.txt...
[2021-05-22 01:54:24.042] Loading config file policy.txt...
[2021-05-22 01:54:24.060] Loading config file maps.txt...
[2021-05-22 01:54:24.171] Database connection established.
[2021-05-22 01:54:24.177] SQL: Could not get schema version from database
