[2021-05-22 01:54:24.200] Starting up round ID 24.
 - -------------------------
[2021-05-22 01:55:26.023] HREF: N0fun (usr:N0fun[(180,247,1)]) : tgui=1&window_id=browseroutput&type=ready
[2021-05-22 01:55:26.819] HREF: N0fun (usr:N0fun[(180,247,1)]) : tgui=1&window_id=browseroutput&type=ping&payload=%7B%22index%22%3A0%7D
[2021-05-22 01:55:27.352] HREF: N0fun (usr:N0fun[(180,247,1)]) : tgui=1&window_id=browseroutput&type=telemetry&payload=%7B%22connections%22%3A%5B%7B%22ckey%22%3A%22n0fun%22%2C%22address%22%3A%228.36.217.190%22%2C%22computer_id%22%3A%222062831805%22%7D%2C%7B%22ckey%22%3A%22n0fun%22%2C%22address%22%3A%22177.194.178.121%22%2C%22computer_id%22%3A%221507685415%22%7D%2C%7B%22ckey%22%3A%22n0fun%22%2C%22address%22%3A%228.18.113.31%22%2C%22computer_id%22%3A%221507685415%22%7D%2C%7B%22ckey%22%3A%22n0fun%22%2C%22address%22%3A%228.36.217.190%22%2C%22computer_id%22%3A%221507685415%22%7D%2C%7B%22ckey%22%3A%22n0fun%22%2C%22address%22%3A%228.36.217.217%22%2C%22computer_id%22%3A%221507685415%22%7D%5D%7D
[2021-05-22 01:55:29.369] HREF: N0fun (usr:N0fun[(180,247,1)]) : tgui=1&window_id=browseroutput&type=ping&payload=%7B%22index%22%3A1%7D
[2021-05-22 01:56:03.014] HREF: Baeiou (usr:Baeiou[(180,247,1)]) : tgui=1&window_id=browseroutput&type=ready
[2021-05-22 01:56:12.390] HREF: Baeiou (usr:Baeiou[(180,247,1)]) : tgui=1&window_id=browseroutput&type=ping&payload=%7B%22index%22%3A0%7D
[2021-05-22 01:56:13.741] HREF: Baeiou (usr:Baeiou[(180,247,1)]) : tgui=1&window_id=browseroutput&type=telemetry&payload=%7B%22connections%22%3A%5B%7B%22ckey%22%3A%22baeiou%22%2C%22address%22%3A%22191.189.14.4%22%2C%22computer_id%22%3A%22598825671%22%7D%5D%7D
[2021-05-22 01:56:14.856] HREF: Baeiou (usr:Baeiou[(180,247,1)]) : tgui=1&window_id=browseroutput&type=ping&payload=%7B%22index%22%3A1%7D
[2021-05-22 01:56:16.502] HREF: Baeiou (usr:Baeiou[(180,247,1)]) : 
[2021-05-22 01:56:16.503] HREF: Baeiou (usr:Baeiou[(180,247,1)]) : 
[2021-05-22 01:56:17.602] HREF: Baeiou (usr:Baeiou[(180,247,1)]) : tgui=1&window_id=browseroutput&type=ping&payload=%7B%22index%22%3A2%7D
[2021-05-22 01:56:20.040] HREF: Baeiou (usr:Baeiou[(180,247,1)]) : tgui=1&window_id=browseroutput&type=ping&payload=%7B%22index%22%3A3%7D
[2021-05-22 01:56:22.584] HREF: Baeiou (usr:Baeiou[(180,247,1)]) : tgui=1&window_id=browseroutput&type=ping&payload=%7B%22index%22%3A4%7D
[2021-05-22 01:56:25.040] HREF: Baeiou (usr:Baeiou[(180,247,1)]) : tgui=1&window_id=browseroutput&type=ping&payload=%7B%22index%22%3A5%7D
[2021-05-22 01:56:27.580] HREF: Baeiou (usr:Baeiou[(180,247,1)]) : tgui=1&window_id=browseroutput&type=ping&payload=%7B%22index%22%3A6%7D
[2021-05-22 01:56:30.201] HREF: Baeiou (usr:Baeiou[(180,247,1)]) : tgui=1&window_id=browseroutput&type=ping&payload=%7B%22index%22%3A7%7D
[2021-05-22 01:56:32.806] HREF: Baeiou (usr:Baeiou[(180,247,1)]) : tgui=1&window_id=browseroutput&type=ping&payload=%7B%22index%22%3A0%7D
[2021-05-22 01:56:35.410] HREF: Baeiou (usr:Baeiou[(180,247,1)]) : tgui=1&window_id=browseroutput&type=ping&payload=%7B%22index%22%3A1%7D
[2021-05-22 01:56:38.013] HREF: Baeiou (usr:Baeiou[(180,247,1)]) : tgui=1&window_id=browseroutput&type=ping&payload=%7B%22index%22%3A2%7D
[2021-05-22 01:56:49.719] HREF: Baeiou (usr:Baeiou[(180,247,1)]) : tgui=1&window_id=browseroutput&type=ping&payload=%7B%22index%22%3A3%7D
[2021-05-22 01:56:49.719] HREF: Baeiou (usr:Baeiou[(180,247,1)]) : tgui=1&window_id=browseroutput&type=ping&payload=%7B%22index%22%3A4%7D
[2021-05-22 01:56:49.720] HREF: Baeiou (usr:Baeiou[(180,247,1)]) : tgui=1&window_id=browseroutput&type=ping&payload=%7B%22index%22%3A5%7D
[2021-05-22 01:56:49.720] HREF: Baeiou (usr:Baeiou[(180,247,1)]) : tgui=1&window_id=browseroutput&type=ping&payload=%7B%22index%22%3A6%7D
[2021-05-22 01:56:51.655] HREF: Baeiou (usr:Baeiou[(180,247,1)]) : tgui=1&window_id=browseroutput&type=ping&payload=%7B%22index%22%3A7%7D
[2021-05-22 01:56:52.949] HREF: Baeiou (usr:Baeiou[(180,247,1)]) : tgui=1&window_id=browseroutput&type=ping&payload=%7B%22index%22%3A0%7D
[2021-05-22 01:56:54.748] HREF: AnotherGenericPlayer (usr:AnotherGenericPlayer[(180,247,1)]) : tgui=1&window_id=browseroutput&type=ready
[2021-05-22 01:56:55.514] HREF: Baeiou (usr:Baeiou[(180,247,1)]) : tgui=1&window_id=browseroutput&type=ping&payload=%7B%22index%22%3A1%7D
[2021-05-22 01:56:57.053] HREF: AnotherGenericPlayer (usr:AnotherGenericPlayer[(180,247,1)]) : tgui=1&window_id=browseroutput&type=ping&payload=%7B%22index%22%3A0%7D
[2021-05-22 01:56:57.824] HREF: AnotherGenericPlayer (usr:AnotherGenericPlayer[(180,247,1)]) : tgui=1&window_id=browseroutput&type=telemetry&payload=%7B%22connections%22%3A%5B%7B%22ckey%22%3A%22anothergenericpiayer%22%2C%22address%22%3A%22189.101.117.234%22%2C%22computer_id%22%3A%222213424377%22%7D%2C%7B%22ckey%22%3A%22anothergenericplayer%22%2C%22address%22%3A%22189.101.117.234%22%2C%22computer_id%22%3A%223341641347%22%7D%2C%7B%22ckey%22%3A%22anothergenericplayer%22%2C%22address%22%3A%22189.101.117.234%22%2C%22computer_id%22%3A%222213424377%22%7D%2C%7B%22ckey%22%3A%22anothergenericplayer%22%2C%22address%22%3A%22191.177.168.209%22%2C%22computer_id%22%3A%222213424377%22%7D%2C%7B%22ckey%22%3A%22anothergenericplayer%22%2C%22address%22%3A%22191.177.174.215%22%2C%22computer_id%22%3A%222213424377%22%7D%5D%7D
[2021-05-22 01:56:58.083] HREF: Baeiou (usr:Baeiou[(180,247,1)]) : tgui=1&window_id=browseroutput&type=ping&payload=%7B%22index%22%3A2%7D
[2021-05-22 01:56:59.621] HREF: AnotherGenericPlayer (usr:AnotherGenericPlayer[(180,247,1)]) : tgui=1&window_id=browseroutput&type=ping&payload=%7B%22index%22%3A1%7D
[2021-05-22 01:57:00.662] HREF: Baeiou (usr:Baeiou[(180,247,1)]) : tgui=1&window_id=browseroutput&type=ping&payload=%7B%22index%22%3A3%7D
