[2021-05-22 01:54:24.203] Starting up round ID 24.
 - -------------------------
[2021-05-22 01:54:25.406] INIT: Initialized Profiler subsystem within 0 seconds!
[2021-05-22 01:54:27.004] Fail2Topic: Failed to drop firewall rule. Exit code: 1.
[2021-05-22 01:54:27.005] INIT: Initialized Fail2Topic subsystem within 1.6 seconds!
[2021-05-22 01:54:27.035] INIT: Initialized Title Screen subsystem within 0 seconds!
[2021-05-22 01:54:27.036] INIT: Initialized Database subsystem within 0 seconds!
[2021-05-22 01:54:27.036] INIT: Initialized Stat Panels subsystem within 0 seconds!
[2021-05-22 01:54:27.036] INIT: Initialized Blackbox subsystem within 0 seconds!
[2021-05-22 01:54:27.037] INIT: Initialized Server Tasks subsystem within 0 seconds!
[2021-05-22 01:54:27.038] INIT: Initialized Input subsystem within 0 seconds!
[2021-05-22 01:54:27.042] INIT: Initialized Sounds subsystem within 0 seconds!
[2021-05-22 01:54:27.042] INIT: Initialized Vis contents overlays subsystem within 0 seconds!
[2021-05-22 01:54:27.124] INIT: Initialized Research subsystem within 0.1 seconds!
[2021-05-22 01:54:27.127] INIT: Initialized Events subsystem within 0 seconds!
[2021-05-22 01:54:27.136] INIT: Initialized Jobs subsystem within 0 seconds!
[2021-05-22 01:54:27.139] INIT: Initialized Quirks subsystem within 0 seconds!
[2021-05-22 01:54:27.196] INIT: Initialized Ticker subsystem within 0 seconds!
[2021-05-22 01:54:27.229] INIT: Initialized Instruments subsystem within 0.1 seconds!
[2021-05-22 01:54:56.238] INIT: Initialized Mapping subsystem within 29 seconds!
[2021-05-22 01:54:56.242] INIT: Initialized Economy subsystem within 0 seconds!
[2021-05-22 01:54:56.244] INIT: Initialized Networks subsystem within 0 seconds!
[2021-05-22 01:54:56.245] INIT: Initialized Holodeck subsystem within 0 seconds!
[2021-05-22 01:56:24.527] INIT: Initialized Atoms subsystem within 88.3 seconds!
[2021-05-22 01:56:24.552] INIT: Initialized Language subsystem within 0 seconds!
[2021-05-22 01:56:24.602] INIT: Initialized Machines subsystem within 0.1 seconds!
[2021-05-22 01:56:24.745] INIT: Initialized Circuit subsystem within 0.1 seconds!
[2021-05-22 01:56:25.333] INIT: Initialized Atmos Adjacency subsystem within 0.6 seconds!
[2021-05-22 01:56:25.333] INIT: Initialized Autotransfer Vote subsystem within 0 seconds!
[2021-05-22 01:56:25.334] INIT: Initialized Chemistry subsystem within 0 seconds!
[2021-05-22 01:56:25.334] INIT: Initialized Status Effects subsystem within 0 seconds!
[2021-05-22 01:56:25.336] INIT: Initialized Weather subsystem within 0 seconds!
[2021-05-22 01:56:25.343] INIT: Initialized Disease subsystem within 0 seconds!
[2021-05-22 01:56:25.343] INIT: Initialized Item Spawners subsystem within 0 seconds!
[2021-05-22 01:56:25.343] INIT: Initialized Jukeboxes subsystem within 0 seconds!
[2021-05-22 01:56:25.344] INIT: Initialized Medals subsystem within 0 seconds!
[2021-05-22 01:56:27.024] INIT: Initialized Minimaps subsystem within 1.7 seconds!
[2021-05-22 01:56:27.040] INIT: Initialized Mob Spawners subsystem within 0 seconds!
[2021-05-22 01:56:27.040] INIT: Initialized Monster Wave subsystem within 0 seconds!
[2021-05-22 01:56:27.040] INIT: Initialized Day/Night Cycle subsystem within 0 seconds!
[2021-05-22 01:56:27.040] INIT: Initialized Night Shift subsystem within 0 seconds!
[2021-05-22 01:56:27.040] INIT: Initialized Parallax subsystem within 0 seconds!
[2021-05-22 01:56:27.041] INIT: Initialized Sun subsystem within 0 seconds!
[2021-05-22 01:56:27.577] INIT: Initialized Traumas subsystem within 0.5 seconds!
[2021-05-22 01:56:40.021] INIT: Initialized Atmospherics subsystem within 12.5 seconds!
[2021-05-22 01:56:49.714] INIT: Initialized Assets subsystem within 9.7 seconds!
[2021-05-22 01:56:55.620] INIT: Initialized Icon Smoothing subsystem within 5.6 seconds!
[2021-05-22 01:56:56.801] INIT: Initialized Overlay subsystem within 1.2 seconds!
[2021-05-22 01:56:56.802] INIT: Initialized XKeyScore subsystem within 0 seconds!
[2021-05-22 01:56:56.897] INIT: Initialized Sticky Ban subsystem within 0 seconds!
