[2021-05-16 15:44:19.730] TGS Info: Activating API for version 3.2.6.2
[2021-05-16 15:44:19.741] runtime error: list index out of bounds
 - proc name: OnWorldNew (/datum/tgs_api/v3210/OnWorldNew)
 -   source file: api.dm,69
 -   usr: null
 -   src: /datum/tgs_api/v3210 (/datum/tgs_api/v3210)
 -   call stack:
 - /datum/tgs_api/v3210 (/datum/tgs_api/v3210): OnWorldNew(0)
 - world: TgsNew(/datum/tgs_event_handler/impl (/datum/tgs_event_handler/impl), 0)
 - world: InitTgs()
 - world: New()
 - 
[2021-05-16 15:44:19.741] TGS Error: Failed to activate API!
[2021-05-16 15:44:19.744] Running /tg/ revision: 
 - No commit information
[2021-05-16 15:44:19.759] Loading config file config.txt...
[2021-05-16 15:44:19.762] Loading config file game_options.txt...
[2021-05-16 15:44:19.772] Loading config file dbconfig.txt...
[2021-05-16 15:44:19.774] Loading config file comms.txt...
[2021-05-16 15:44:19.775] Loading config file antag_rep.txt...
[2021-05-16 15:44:19.776] Loading config file resources.txt...
[2021-05-16 15:44:19.777] Loading config file donator_groupings.txt...
[2021-05-16 15:44:19.779] Loading config file dynamic_config.txt...
[2021-05-16 15:44:19.789] Loading config file plushies/defines.txt...
[2021-05-16 15:44:19.790] Loading config file job_threats.txt...
[2021-05-16 15:44:19.791] Loading config file policy.txt...
[2021-05-16 15:44:19.796] Loading config file maps.txt...
[2021-05-16 15:44:19.807] Database connection established.
[2021-05-16 15:44:19.809] SQL: Could not get schema version from database
