[2021-05-16 15:44:19.818] Starting up round ID 10.
 - -------------------------
[2021-05-16 15:48:20.024] GabrielDoomBR \ Baam Frest \ Sheriff \ NONE \ LATEJOIN
[2021-05-16 15:48:23.753] Luiz20 \ Luiz Borgos Terceiro \ Overseer \ NONE \ LATEJOIN
[2021-05-16 15:48:30.133] Nickenzo12345 \ Marjory Otis \ Head Paladin \ NONE \ LATEJOIN
[2021-05-16 15:48:30.873] Italos \ Josef Polson \ Enclave Lieutenant \ NONE \ LATEJOIN
[2021-05-16 15:48:32.716] Matheusgp9999 \ Nykix Nywt \ Outlaw \ NONE \ LATEJOIN
[2021-05-16 15:48:42.674] Mr.Universo \ Lucas Chikui \ Wastelander \ NONE \ LATEJOIN
[2021-05-16 15:48:58.012] N0fun \ Makenna Coldsmith \ Outlaw \ NONE \ LATEJOIN
[2021-05-16 15:50:21.073] AlexAlbright \ Rebeka Marinho \ Wastelander \ NONE \ LATEJOIN
[2021-05-16 15:50:36.875] Zero9e1 \ Jordan Dawkins \ Citizen \ NONE \ LATEJOIN
[2021-05-16 15:50:40.332] Shirozinha \ Tio Osso \ Wastelander \ NONE \ LATEJOIN
[2021-05-16 16:01:09.515] kaduh \ Erika Miller \ Vault-tec Engineer \ NONE \ LATEJOIN
[2021-05-16 16:07:57.832] SondTheAnime \ Courier \ Head Knight \ NONE \ LATEJOIN
[2021-05-16 16:21:51.945] nickenzo12345 \ Anjelica Wilkinson \ Head Scribe \ NONE \ LATEJOIN
[2021-05-16 16:21:58.909] Pudinsboy \ Jeffrey Keener \ Star Knight \ NONE \ LATEJOIN
[2021-05-16 16:25:17.116] Mrsand22 \ Cody Owen \ Detective \ NONE \ LATEJOIN
[2021-05-16 16:28:54.104] mruniverso \ Baldric Jewell \ Wastelander \ NONE \ LATEJOIN
[2021-05-16 16:29:39.932] shirozinha \ Joseph Joestar \ Star Paladin \ NONE \ LATEJOIN
[2021-05-16 16:30:27.988] zero9e1 \ Meryl Hegarty \ Knight \ NONE \ LATEJOIN
[2021-05-16 16:36:08.721] 2006F \ Julian Tennant \ Legion Prime Decanus \ NONE \ LATEJOIN
[2021-05-16 16:46:48.576] luiz20 \ Luiz Borgos Quarto \ Wastelander \ NONE \ LATEJOIN
[2021-05-16 16:47:48.311] kaduh \ Tomas Miller \ Chief of Security \ NONE \ LATEJOIN
[2021-05-16 16:47:48.708] alexalbright \ Alex Albright \ Citizen \ NONE \ LATEJOIN
[2021-05-16 16:54:13.012] Corvopimpolho \ Jesus Wood \ Outlaw \ NONE \ LATEJOIN
[2021-05-16 16:54:58.500] shirozinha \ Jayden Sanders \ Star Paladin \ NONE \ LATEJOIN
[2021-05-16 16:59:03.262] zero9e1 \ Zack \ Recruit Legionary \ NONE \ LATEJOIN
[2021-05-16 17:02:49.061] shirozinha \ Lukas Randolph \ Paladin \ NONE \ LATEJOIN
[2021-05-16 17:13:18.046] n0fun \ Lillian Polson \ Scribe \ NONE \ LATEJOIN
[2021-05-16 17:17:39.081] luiz20 \ Luiz Borgos Quinto \ Outlaw \ NONE \ LATEJOIN
[2021-05-16 17:25:19.434] Jhonatan lima \ Yuri Stigat \ Wastelander \ NONE \ LATEJOIN
[2021-05-16 17:32:25.192] 2006f \ Default Cyborg Name \ Cyborg \ NONE \ LATEJOIN
[2021-05-16 17:34:13.046] 2006f \ Abel Zimmer \ Head Hunter \ NONE \ LATEJOIN
[2021-05-16 17:36:18.704] zero9e1 \ Default Cyborg Name \ Cyborg \ NONE \ LATEJOIN
[2021-05-16 17:36:27.228] 2006f \ David Bickerson \ NCR Trooper \ NONE \ LATEJOIN
[2021-05-16 17:39:36.095] 2006f \ Syd Mccune \ Enclave Private \ NONE \ LATEJOIN
[2021-05-16 17:39:54.050] kaduh \ Tim Miller \ Vault-tec Scientist \ NONE \ LATEJOIN
[2021-05-16 17:45:40.502] Yakifuji \ Brayan Roberts \ Wastelander \ NONE \ LATEJOIN
[2021-05-16 17:45:43.553] BebeYoshi \ Crush Easter \ Wastelander \ NONE \ LATEJOIN
[2021-05-16 17:47:25.266] Zircony \ Natasha Harding \ Wastelander \ NONE \ LATEJOIN
[2021-05-16 17:47:49.337] luiz20 \ Luiz Borgos Sexto \ Outlaw \ NONE \ LATEJOIN
[2021-05-16 17:49:24.450] Baeiou \ Roderick Malkav \ Shaman \ NONE \ LATEJOIN
[2021-05-16 17:53:51.326] Gatossj \ John Grave \ Citizen \ NONE \ LATEJOIN
[2021-05-16 17:56:40.381] luiz20 \ Luiz Borgos Setimo \ Outlaw \ NONE \ LATEJOIN
[2021-05-16 18:00:32.455] Eversonblr \ Miguel Hastings \ Paladin \ NONE \ LATEJOIN
[2021-05-16 18:04:17.595] kaduh \ Tim Miller \ Overseer \ NONE \ LATEJOIN
[2021-05-16 18:17:20.466] Grauber_Games \ Joshua Davidson \ NCR Trooper \ NONE \ LATEJOIN
[2021-05-16 18:19:07.351] Alexmic2255 \ Gage Howard \ NCR Trooper \ NONE \ LATEJOIN
[2021-05-16 18:21:11.201] luiz20 \ Luiz Borgos Oitavo \ Legion Centurion \ NONE \ LATEJOIN
[2021-05-16 18:29:03.423] jhonatanlima \ Markus Stigat \ Wastelander \ NONE \ LATEJOIN
[2021-05-16 18:37:16.900] luiz20 \ Luiz Borgos Nono \ Hunter \ NONE \ LATEJOIN
[2021-05-16 18:40:35.097] Nickenzo12345 \ Jermaine Ratcliff \ Legion Explorer \ NONE \ LATEJOIN
[2021-05-16 18:41:25.935] luiz20 \ Luiz Borgos Decimo \ Wastelander \ NONE \ LATEJOIN
