[2021-05-16 15:44:19.817] Starting up round ID 10.
 - -------------------------
[2021-05-16 15:49:00.081] TCOMMS: Luiz20/(Luiz Borgos Terceiro) [Common] (spans:  ) "Alo?" (language: Galactic Common) (Vault (49, 177, 4))
[2021-05-16 15:49:32.725] TCOMMS: Nickenzo12345/(Marjory Otis) [Common] (spans:  ) "Bom dia" (language: Galactic Common) (Brotherhood of Steel 1st Floor Offices (221, 224, 3))
[2021-05-16 15:49:44.943] TCOMMS: Luiz20/(Luiz Borgos Terceiro) [Common] (spans:  ) "Bom dia" (language: Galactic Common) (Vault (43, 193, 4))
[2021-05-16 15:49:50.587] TCOMMS: Italos/(Josef Polson) [Common] (spans:  ) "Bom dia" (language: Galactic Common) (Enclave (131, 23, 3))
[2021-05-16 15:49:54.816] TCOMMS: Nickenzo12345/(Marjory Otis) [Common] (spans:  ) "Sou o paladin supremo" (language: Galactic Common) (Brotherhood of Steel Operations Department (228, 224, 3))
[2021-05-16 15:50:04.204] TCOMMS: Nickenzo12345/(Marjory Otis) [Common] (spans:  ) "E voces?" (language: Galactic Common) (Brotherhood of Steel Medbay (238, 225, 3))
[2021-05-16 15:50:18.510] TCOMMS: Italos/(Josef Polson) [Common] (spans:  ) "Sou tenente supremo" (language: Galactic Common) (Enclave (135, 23, 3))
[2021-05-16 15:50:22.351] TCOMMS: Luiz20/(Luiz Borgos Terceiro) [Common] (spans:  ) "Porque gostaria de saber" (language: Galactic Common) (Vault (60, 182, 4))
[2021-05-16 15:50:28.707] TCOMMS: Nickenzo12345/(Marjory Otis) [Common] (spans:  ) "Por que sim" (language: Galactic Common) (Brotherhood of Steel Leisure Areas (232, 248, 3))
[2021-05-16 15:50:34.330] TCOMMS: Luiz20/(Luiz Borgos Terceiro) [Common] (spans:  ) "Sou overseer" (language: Galactic Common) (Vault (60, 175, 4))
[2021-05-16 15:50:42.824] TCOMMS: Nickenzo12345/(Marjory Otis) [BOS] (spans:  ) "Bom dia" (language: Galactic Common) (Brotherhood of Steel Operations Department (241, 244, 3))
[2021-05-16 15:50:47.584] TCOMMS: Nickenzo12345/(Marjory Otis) [BOS] (spans:  ) "Senhores" (language: Galactic Common) (Brotherhood of Steel Operations Department (241, 244, 3))
[2021-05-16 15:52:23.237] TCOMMS: Luiz20/(Luiz Borgos Terceiro) [Common] (spans:  ) "Tem ninguem da minha facção?" (language: Galactic Common) (Vault (48, 189, 4))
[2021-05-16 15:52:30.091] TCOMMS: Zero9e1/(Jordan Dawkins) [Common] (spans:  ) "OPA" (language: Galactic Common) (Caves (73, 25, 3))
[2021-05-16 15:55:28.163] TCOMMS: Zero9e1/(Jordan Dawkins) [Common] (spans:  ) "Alo?" (language: Galactic Common) (Wasteland (66, 21, 2))
[2021-05-16 16:01:23.602] TCOMMS: kaduh/(Erika Miller) [Vault] (spans:  ) "Onde é que eu to" (language: Galactic Common) (Vault (71, 186, 4))
[2021-05-16 16:01:47.201] TCOMMS: Luiz20/(Luiz Borgos Terceiro) [Vault] (spans:  ) "Bem vinda" (language: Galactic Common) (Vault (49, 161, 4))
[2021-05-16 16:01:52.065] TCOMMS: kaduh/(Erika Miller) [Vault] (spans:  ) "Ola over" (language: Galactic Common) (Vault (74, 186, 4))
[2021-05-16 16:02:08.275] TCOMMS: Luiz20/(Luiz Borgos Terceiro) [Vault] (spans:  ) "Eu sou seu supervisor" (language: Galactic Common) (Vault (41, 174, 4))
[2021-05-16 16:02:15.647] TCOMMS: Luiz20/(Luiz Borgos Terceiro) [Vault] (spans:  ) "Conhece as regras certo?" (language: Galactic Common) (Vault (48, 171, 4))
[2021-05-16 16:02:20.280] TCOMMS: kaduh/(Erika Miller) [Vault] (spans:  ) "Sim" (language: Galactic Common) (Vault (75, 186, 4))
[2021-05-16 16:02:24.800] TCOMMS: kaduh/(Erika Miller) [Vault] (spans:  ) "Nao sair do vault" (language: Galactic Common) (Vault (75, 186, 4))
[2021-05-16 16:03:14.062] TCOMMS: Luiz20/(Luiz Borgos Terceiro) [Vault] (spans:  ) "O Vault proíbe: Desobedecer ao Supervisor. Abandonando o Vault, a menos que se torne inóspito. Matando companheiros Vault Dwellers. Traindo o Vault e seu povo." (language: Galactic Common) (Vault (39, 174, 4))
[2021-05-16 16:03:34.917] TCOMMS: kaduh/(Erika Miller) [Vault] (spans:  ) "Ok" (language: Galactic Common) (Vault (73, 186, 4))
[2021-05-16 16:04:13.200] TCOMMS: Luiz20/(Luiz Borgos Terceiro) [Vault] (spans:  ) "Estou falando com o head paladin" (language: Galactic Common) (Vault (50, 193, 4))
[2021-05-16 16:04:36.627] TCOMMS: Luiz20/(Luiz Borgos Terceiro) [Vault] (spans:  ) "Tentando fazer amizade com eles já que não temos nenhum segurança por aqui" (language: Galactic Common) (Vault (58, 174, 4))
[2021-05-16 16:05:13.117] TCOMMS: kaduh/(Erika Miller) [Vault] (spans:  ) "Pode ligar o gerador?" (language: Galactic Common) (Vault (71, 190, 4))
[2021-05-16 16:05:18.623] TCOMMS: Luiz20/(Luiz Borgos Terceiro) [Vault] (spans:  ) "Sim" (language: Galactic Common) (Vault (49, 177, 4))
[2021-05-16 16:05:19.312] TCOMMS: kaduh/(Erika Miller) [Vault] (spans:  ) "Sou da eng" (language: Galactic Common) (Vault (70, 189, 4))
[2021-05-16 16:10:30.973] TCOMMS: SondTheAnime/(Courier) [BOS] (spans:  ) "Alo, alguém na escuta?" (language: Galactic Common) (Brotherhood of Steel Operations Department (232, 227, 3))
[2021-05-16 16:10:34.090] TCOMMS: Nickenzo12345/(Marjory Otis) [Common] (spans:  ) ":H sim" (language: Galactic Common) (Wasteland (158, 212, 2))
[2021-05-16 16:10:37.403] TCOMMS: Nickenzo12345/(Marjory Otis) [BOS] (spans:  ) "Sim" (language: Galactic Common) (Wasteland (158, 210, 2))
[2021-05-16 16:10:46.948] TCOMMS: SondTheAnime/(Courier) [BOS] (spans:  ) "Opa, bom tarde." (language: Galactic Common) (Brotherhood of Steel RnD Department (240, 204, 3))
[2021-05-16 16:10:53.147] TCOMMS: Nickenzo12345/(Marjory Otis) [BOS] (spans:  ) "O que tu e?" (language: Galactic Common) (Brotherhood of Steel (170, 222, 2))
[2021-05-16 16:11:11.610] TCOMMS: SondTheAnime/(Courier) [BOS] (spans:  ) "Sou o Caveleiro Chefe." (language: Galactic Common) (Brotherhood of Steel RnD Department (244, 203, 3))
[2021-05-16 16:11:26.493] TCOMMS: Nickenzo12345/(Marjory Otis) [BOS] (spans:  ) "Sou opaladino supremo" (language: Galactic Common) (Brotherhood of Steel (124, 237, 2))
[2021-05-16 16:11:49.228] TCOMMS: Luiz20/(Luiz Borgos Terceiro) [Vault] (spans:  ) "Abri o vault" (language: Galactic Common) (Vault (46, 153, 4))
[2021-05-16 16:11:52.741] TCOMMS: SondTheAnime/(Courier) [BOS] (spans:  ) "Se está na base?" (language: Galactic Common) (Brotherhood of Steel 1st Floor Offices (221, 223, 3))
[2021-05-16 16:12:01.149] TCOMMS: kaduh/(Erika Miller) [Vault] (spans:  ) "Ok depois vou la fora minerar" (language: Galactic Common) (Vault (69, 183, 4))
[2021-05-16 16:12:07.804] TCOMMS: kaduh/(Erika Miller) [Vault] (spans:  ) "E cheio e monstro cuidado" (language: Galactic Common) (Vault (69, 183, 4))
[2021-05-16 16:12:32.616] TCOMMS: Luiz20/(Luiz Borgos Terceiro) [Vault] (spans:  ) "Eu abri pra olhar a localização pra informar o head paladin" (language: Galactic Common) (Vault (50, 158, 4))
[2021-05-16 16:12:53.917] TCOMMS: kaduh/(Erika Miller) [Vault] (spans:  ) "A gente fica uns 2 andares abaixo da superficie" (language: Galactic Common) (Vault (71, 185, 4))
[2021-05-16 16:12:58.051] TCOMMS: Luiz20/(Luiz Borgos Terceiro) [Vault] (spans:  ) "Eu não sei se ele tá planejando matar nois" (language: Galactic Common) (Vault (48, 158, 4))
[2021-05-16 16:13:08.663] TCOMMS: Luiz20/(Luiz Borgos Terceiro) [Vault] (spans:  ) "Então vem aqui" (language: Galactic Common) (Vault (48, 158, 4))
[2021-05-16 16:13:12.182] TCOMMS: Luiz20/(Luiz Borgos Terceiro) [Vault] (spans:  ) "Pra eu te dar arma" (language: Galactic Common) (Vault (48, 158, 4))
[2021-05-16 16:14:13.689] TCOMMS: Zero9e1/(Jordan Dawkins) [Common] (spans:  ) "Abre o portão" (language: Galactic Common) (Wasteland (77, 53, 2))
[2021-05-16 16:15:50.515] TCOMMS: kaduh/(Erika Miller) [Vault] (spans:  ) "Ja voulto vou ficar de SSD por um pouco" (language: Galactic Common) (Vault (59, 171, 4))
[2021-05-16 16:18:25.941] TCOMMS: SondTheAnime/(Courier) [BOS] (spans:  ) "Está saindo, Chefe Paladino?" (language: Galactic Common) (Brotherhood of Steel 1st Floor Offices (239, 236, 3))
[2021-05-16 16:18:31.852] TCOMMS: Nickenzo12345/(Marjory Otis) [BOS] (spans:  ) "Sim" (language: Galactic Common) (Wasteland (169, 202, 2))
[2021-05-16 16:18:39.344] TCOMMS: Nickenzo12345/(Marjory Otis) [BOS] (spans:  ) "Vou procurar a vault" (language: Galactic Common) (Wasteland (169, 204, 2))
[2021-05-16 16:18:43.856] TCOMMS: SondTheAnime/(Courier) [BOS] (spans:  ) "Cuidado." (language: Galactic Common) (Brotherhood of Steel 1st Floor Offices (239, 236, 3))
[2021-05-16 16:18:52.844] TCOMMS: SondTheAnime/(Courier) [BOS] (spans:  ) "Temos inimigos la fora, ainda." (language: Galactic Common) (Brotherhood of Steel 1st Floor Offices (239, 236, 3))
[2021-05-16 16:20:09.222] TCOMMS: kaduh/(Erika Miller) [Vault] (spans:  ) "Voltei" (language: Galactic Common) (Vault (59, 171, 4))
[2021-05-16 16:20:32.671] TCOMMS: Luiz20/(Luiz Borgos Terceiro) [Vault] (spans:  ) "Estou saindo" (language: Galactic Common) (Tunnel (51, 138, 4))
[2021-05-16 16:20:44.363] TCOMMS: Zero9e1/(Jordan Dawkins) [Common] (spans:  ) "ALO" (language: Galactic Common) (Wasteland (52, 64, 2))
[2021-05-16 16:21:04.039] TCOMMS: kaduh/(Erika Miller) [Vault] (spans:  ) "Acho melher irmo juntos" (language: Galactic Common) (Vault (49, 163, 4))
[2021-05-16 16:26:02.113] TCOMMS: Italos/(Josef Polson) [Common] (spans:  ) "Alguem vende pessoas?" (language: Galactic Common) (Legion (241, 31, 2))
[2021-05-16 16:29:47.769] TCOMMS: shirozinha/(Joseph Joestar) [BOS] (spans:  ) "Alo alo" (language: Galactic Common) (Brotherhood of Steel 1st Floor Offices (219, 217, 3))
[2021-05-16 16:29:52.906] TCOMMS: Pudinsboy/(Jeffrey Keener) [Common] (spans:  ) "Oi" (language: Galactic Common) (Wasteland (234, 160, 2))
[2021-05-16 16:29:57.705] TCOMMS: SondTheAnime/(Courier) [BOS] (spans:  ) "Alo" (language: Galactic Common) (Brotherhood of Steel Reactor (217, 207, 3))
[2021-05-16 16:30:00.914] TCOMMS: Luiz20/(Luiz Borgos Terceiro) [Common] (spans:  ) "Alo" (language: Galactic Common) (Vault (55, 162, 4))
[2021-05-16 16:30:02.884] TCOMMS: SondTheAnime/(Courier) [BOS] (spans:  ) "Alo" (language: Galactic Common) (Brotherhood of Steel Reactor (217, 208, 3))
[2021-05-16 16:30:03.034] TCOMMS: Pudinsboy/(Jeffrey Keener) [BOS] (spans:  ) "Oi" (language: Galactic Common) (Wasteland (232, 162, 2))
[2021-05-16 16:30:25.813] TCOMMS: SondTheAnime/(Courier) [BOS] (spans:  ) "Poderiam identificassem?" (language: Galactic Common) (Brotherhood of Steel Reactor (217, 206, 3))
[2021-05-16 16:30:37.382] TCOMMS: Pudinsboy/(Jeffrey Keener) [BOS] (spans:  ) "Estou perdido" (language: Galactic Common) (Wasteland (184, 130, 2))
[2021-05-16 16:30:45.899] TCOMMS: shirozinha/(Joseph Joestar) [BOS] (spans:  ) "Joseph..um star paladino" (language: Galactic Common) (Brotherhood of Steel 1st Floor Offices (219, 216, 3))
[2021-05-16 16:30:51.035] TCOMMS: shirozinha/(Joseph Joestar) [BOS] (spans:  ) "Estou no QG" (language: Galactic Common) (Brotherhood of Steel 1st Floor Offices (219, 216, 3))
[2021-05-16 16:31:01.241] TCOMMS: SondTheAnime/(Courier) [BOS] (spans:  ) "Jeffrey onde você está?" (language: Galactic Common) (Brotherhood of Steel Operations Department (231, 224, 3))
[2021-05-16 16:31:13.786] TCOMMS: Pudinsboy/(Jeffrey Keener) [BOS] (spans:  ) "Escuto gemidos..." (language: Galactic Common) (Wasteland (147, 170, 2))
[2021-05-16 16:31:26.271] TCOMMS: kaduh/(Erika Miller) [Vault] (spans:  ) "Vamos correr nas parte das baratas para economiza munição" (language: Galactic Common) (Caves (47, 135, 4))
[2021-05-16 16:31:48.161] TCOMMS: shirozinha/(Joseph Joestar) [BOS] (spans:  ) "Posição?" (language: Galactic Common) (Brotherhood of Steel Operations Department (228, 231, 3))
[2021-05-16 16:31:57.621] TCOMMS: Pudinsboy/(Jeffrey Keener) [BOS] (spans:  ) "Superficie" (language: Galactic Common) (Wasteland (164, 185, 2))
[2021-05-16 16:32:07.304] TCOMMS: GabrielDoomBR/(Baam Frest) [Common] (spans:  ) "Quem foi o viado que invadiu a armory do oasix" (language: Galactic Common) (Tunnel (73, 37, 3))
[2021-05-16 16:32:08.846] TCOMMS: GabrielDoomBR/(Baam Frest) [Common] (spans:  ) "Oasis" (language: Galactic Common) (Tunnel (73, 37, 3))
[2021-05-16 16:32:09.107] TCOMMS: SondTheAnime/(Courier) [BOS] (spans:  ) "Desça para o bunker" (language: Galactic Common) (Brotherhood of Steel Operations Department (231, 242, 3))
[2021-05-16 16:32:10.652] TCOMMS: GabrielDoomBR/(Baam Frest) [Common] (spans:  ) "Caralho" (language: Galactic Common) (Tunnel (73, 37, 3))
[2021-05-16 16:32:13.502] TCOMMS: GabrielDoomBR/(Baam Frest) [Common] (spans:  ) "To puto agora" (language: Galactic Common) (Tunnel (73, 37, 3))
[2021-05-16 16:32:13.867] TCOMMS: Pudinsboy/(Jeffrey Keener) [BOS] (spans:  ) "Ok" (language: Galactic Common) (Wasteland (157, 208, 2))
[2021-05-16 16:32:51.349] TCOMMS: N0fun/(Makenna Coldsmith) [Common] (spans:  ) "Mais que diabo" (language: Galactic Common) (Village (171, 97, 2))
[2021-05-16 16:33:02.923] TCOMMS: Italos/(Josef Polson) [Common] (spans:  ) "Abre o portão ai" (language: Galactic Common) (Wasteland (57, 51, 2))
[2021-05-16 16:33:07.515] TCOMMS: GabrielDoomBR/(Baam Frest) [Common] (spans:  ) "Pera ai" (language: Galactic Common) (Tunnel (71, 37, 3))
[2021-05-16 16:33:14.050] TCOMMS: GabrielDoomBR/(Baam Frest) [Common] (spans:  ) "To com uma situação aqui dentro" (language: Galactic Common) (Tunnel (71, 37, 3))
[2021-05-16 16:33:17.243] TCOMMS: GabrielDoomBR/(Baam Frest) [Common] (spans:  ) "Espera uns 2 min" (language: Galactic Common) (Tunnel (71, 37, 3))
[2021-05-16 16:33:20.967] TCOMMS: Italos/(Josef Polson) [Common] (spans:  ) "Eu ajudo" (language: Galactic Common) (Wasteland (57, 51, 2))
[2021-05-16 16:33:35.569] TCOMMS: SondTheAnime/(Courier) [BOS] (spans:  ) "Cavaleiros, não saiam do QG sem permissão." (language: Galactic Common) (Brotherhood of Steel (169, 220, 2))
[2021-05-16 16:33:45.515] TCOMMS: SondTheAnime/(Courier) [BOS] (spans:  ) "Quebra dessa regra é punivel" (language: Galactic Common) (Brotherhood of Steel (169, 222, 2))
[2021-05-16 16:34:28.169] TCOMMS: SondTheAnime/(Courier) [BOS] (spans:  ) "Star Knight, Fique ai em cima defendendo o portão." (language: Galactic Common) (Brotherhood of Steel (134, 237, 2))
[2021-05-16 16:34:52.367] TCOMMS: SondTheAnime/(Courier) [BOS] (spans:  ) "Chefe Paladino, na escuta?" (language: Galactic Common) (Brotherhood of Steel RnD Department (231, 209, 3))
[2021-05-16 16:35:03.161] TCOMMS: shirozinha/(Joseph Joestar) [BOS] (spans:  ) "Sim sim" (language: Galactic Common) (Brotherhood of Steel (169, 225, 2))
[2021-05-16 16:35:08.866] TCOMMS: shirozinha/(Joseph Joestar) [BOS] (spans:  ) "Star paladino ouvindo" (language: Galactic Common) (Brotherhood of Steel (169, 225, 2))
[2021-05-16 16:35:20.026] TCOMMS: kaduh/(Erika Miller) [Vault] (spans:  ) "Minha minuçao" (language: Galactic Common) (Tunnel (10, 219, 3))
[2021-05-16 16:36:04.537] TCOMMS: SondTheAnime/(Courier) [BOS] (spans:  ) "O Chefe Paladino saiu do QG..." (language: Galactic Common) (Brotherhood of Steel Mining (221, 199, 3))
[2021-05-16 16:36:14.676] TCOMMS: SondTheAnime/(Courier) [BOS] (spans:  ) "Na escuta chefe paladino?" (language: Galactic Common) (Brotherhood of Steel Mining (221, 199, 3))
[2021-05-16 16:36:21.411] TCOMMS: shirozinha/(Joseph Joestar) [BOS] (spans:  ) "Pera..o star ou o chefe mesmo?" (language: Galactic Common) (Brotherhood of Steel (123, 237, 2))
[2021-05-16 16:36:30.199] TCOMMS: SondTheAnime/(Courier) [BOS] (spans:  ) "Chefe, Head Paladin" (language: Galactic Common) (Brotherhood of Steel RnD Department (230, 198, 3))
[2021-05-16 16:36:34.786] TCOMMS: SondTheAnime/(Courier) [BOS] (spans:  ) "Não Star Paladin" (language: Galactic Common) (Brotherhood of Steel RnD Department (231, 199, 3))
[2021-05-16 16:36:52.808] TCOMMS: SondTheAnime/(Courier) [BOS] (spans:  ) "O Seu supervisor, Joseph" (language: Galactic Common) (Brotherhood of Steel Operations Department (226, 231, 3))
[2021-05-16 16:36:58.127] TCOMMS: shirozinha/(Joseph Joestar) [BOS] (spans:  ) "Ah" (language: Galactic Common) (Brotherhood of Steel 1st Floor Offices (219, 217, 3))
[2021-05-16 16:37:00.867] TCOMMS: shirozinha/(Joseph Joestar) [BOS] (spans:  ) "Sim sim" (language: Galactic Common) (Brotherhood of Steel 1st Floor Offices (219, 217, 3))
[2021-05-16 16:37:23.100] TCOMMS: SondTheAnime/(Courier) [BOS] (spans:  ) "Majory Otis, na escuta?" (language: Galactic Common) (Brotherhood of Steel 1st Floor Offices (239, 236, 3))
[2021-05-16 16:37:43.481] TCOMMS: N0fun/(Makenna Coldsmith) [Common] (spans:  ) "Hm..." (language: Galactic Common) (Village (165, 97, 2))
[2021-05-16 16:37:55.392] TCOMMS: SondTheAnime/(Courier) [BOS] (spans:  ) "Todos pro subterraneo, no salão. Agora!" (language: Galactic Common) (Brotherhood of Steel Operations Department (226, 230, 3))
[2021-05-16 16:38:18.340] TCOMMS: SondTheAnime/(Courier) [BOS] (spans:  ) "Star Knight?" (language: Galactic Common) (Brotherhood of Steel Operations Department (228, 228, 3))
[2021-05-16 16:38:22.084] TCOMMS: Pudinsboy/(Jeffrey Keener) [BOS] (spans:  ) "Oi" (language: Galactic Common) (Brotherhood of Steel (162, 237, 2))
[2021-05-16 16:38:28.715] TCOMMS: SondTheAnime/(Courier) [BOS] (spans:  ) "Desça para o Bunker" (language: Galactic Common) (Brotherhood of Steel Operations Department (228, 236, 3))
[2021-05-16 16:38:34.214] TCOMMS: Pudinsboy/(Jeffrey Keener) [BOS] (spans:  ) "Ok" (language: Galactic Common) (Brotherhood of Steel (163, 232, 2))
[2021-05-16 16:40:51.037] TCOMMS: zero9e1/(Meryl Hegarty) [BOS] (spans:  ) "Eu estou bem assim" (language: Galactic Common) (Brotherhood of Steel Operations Department (227, 237, 3))
[2021-05-16 16:41:16.582] TCOMMS: shirozinha/(Joseph Joestar) [BOS] (spans:  ) "Preciso de informaçoes do caminho que levem ate as vaults" (language: Galactic Common) (Brotherhood of Steel (169, 219, 2))
[2021-05-16 16:41:28.685] TCOMMS: shirozinha/(Joseph Joestar) [BOS] (spans:  ) "Abrindo o portao" (language: Galactic Common) (Brotherhood of Steel (169, 219, 2))
[2021-05-16 16:41:33.901] TCOMMS: SondTheAnime/(Courier) [BOS] (spans:  ) "Se que me engano, a oeste fica a vault." (language: Galactic Common) (Brotherhood of Steel Reactor (218, 207, 3))
[2021-05-16 16:41:47.540] TCOMMS: SondTheAnime/(Courier) [BOS] (spans:  ) "Ele é dentro da terra, não tenho muitas informações a respeito." (language: Galactic Common) (Brotherhood of Steel Reactor (218, 207, 3))
[2021-05-16 16:42:13.322] TCOMMS: SondTheAnime/(Courier) [BOS] (spans:  ) "Encontrem todo tipo de informação e reportem." (language: Galactic Common) (Brotherhood of Steel Reactor (217, 208, 3))
[2021-05-16 16:42:49.309] TCOMMS: shirozinha/(Joseph Joestar) [BOS] (spans:  ) "As vaults sao oque mesmo?" (language: Galactic Common) (Wasteland (157, 183, 2))
[2021-05-16 16:43:22.256] TCOMMS: SondTheAnime/(Courier) [BOS] (spans:  ) "São abrigos subterraneos criados para abrigar os cidadões para o perigo da grande guerra" (language: Galactic Common) (Brotherhood of Steel Reactor (217, 208, 3))
[2021-05-16 16:43:30.323] TCOMMS: SondTheAnime/(Courier) [BOS] (spans:  ) "Que ocrreu em 2077" (language: Galactic Common) (Brotherhood of Steel Reactor (217, 208, 3))
[2021-05-16 16:43:39.866] TCOMMS: SondTheAnime/(Courier) [BOS] (spans:  ) "Procure locais que levem ao vaul" (language: Galactic Common) (Brotherhood of Steel Reactor (217, 209, 3))
[2021-05-16 16:43:45.731] TCOMMS: SondTheAnime/(Courier) [BOS] (spans:  ) "Vault..." (language: Galactic Common) (Brotherhood of Steel Reactor (217, 209, 3))
[2021-05-16 16:43:47.814] TCOMMS: shirozinha/(Joseph Joestar) [BOS] (spans:  ) "Estamos nos tuneis" (language: Galactic Common) (Tunnel (164, 137, 3))
[2021-05-16 16:44:04.038] TCOMMS: SondTheAnime/(Courier) [BOS] (spans:  ) "Se possivel busquem informações com os habitantes do Deserto." (language: Galactic Common) (Brotherhood of Steel Reactor (218, 208, 3))
[2021-05-16 16:44:27.397] TCOMMS: SondTheAnime/(Courier) [BOS] (spans:  ) "Lembrando, sigam o regurlamento, não atirem em estranhos até que mostrem perigo." (language: Galactic Common) (Brotherhood of Steel Reactor (218, 208, 3))
[2021-05-16 16:44:58.495] TCOMMS: GabrielDoomBR/(Baam Frest) [Common] (spans:  ) "Oasis aberta" (language: Galactic Common) (City (59, 48, 2))
[2021-05-16 16:45:27.293] TCOMMS: shirozinha/(Joseph Joestar) [BOS] (spans:  ) "Nao sabemos aonde fica as vaultsa" (language: Galactic Common) (Wasteland (120, 180, 2))
[2021-05-16 16:45:37.092] TCOMMS: SondTheAnime/(Courier) [BOS] (spans:  ) "Siga a oeste." (language: Galactic Common) (Brotherhood of Steel Leisure Areas (222, 231, 3))
[2021-05-16 16:45:42.503] TCOMMS: zero9e1/(Meryl Hegarty) [BOS] (spans:  ) "Podemos ir saber isso pelo oasis" (language: Galactic Common) (Wasteland (118, 181, 2))
[2021-05-16 16:46:02.973] TCOMMS: SondTheAnime/(Courier) [BOS] (spans:  ) "Tentem buscar informações, não sabemos a localização exata." (language: Galactic Common) (Brotherhood of Steel Operations Department (232, 231, 3))
[2021-05-16 16:47:14.628] TCOMMS: shirozinha/(Joseph Joestar) [BOS] (spans:  ) "MEU DEUS" (language: Galactic Common) (Tunnel (12, 140, 3))
[2021-05-16 16:47:20.026] TCOMMS: shirozinha/(Joseph Joestar) [BOS] (spans:  ) "ACHO QUE ACHAMOS O CORPO" (language: Galactic Common) (Tunnel (12, 140, 3))
[2021-05-16 16:47:22.447] TCOMMS: SondTheAnime/(Courier) [BOS] (spans:  ) "O que?" (language: Galactic Common) (Brotherhood of Steel (141, 232, 2))
[2021-05-16 16:47:29.571] TCOMMS: SondTheAnime/(Courier) [BOS] (spans:  ) "O CHEFE PALADINO?!" (language: Galactic Common) (Brotherhood of Steel (141, 232, 2))
[2021-05-16 16:48:09.218] TCOMMS: shirozinha/(Joseph Joestar) [BOS] (spans:  ) "CARRRALH" (language: Galactic Common) (Tunnel (10, 181, 3))
[2021-05-16 16:48:09.395] TCOMMS: zero9e1/(Meryl Hegarty) [BOS] (spans:  ) "Estão bem?" (language: Galactic Common) (Tunnel (14, 132, 3))
[2021-05-16 16:48:14.835] TCOMMS: shirozinha/(Joseph Joestar) [BOS] (spans:  ) "DEATH CLAW" (language: Galactic Common) (Tunnel (10, 181, 3))
[2021-05-16 16:48:20.779] TCOMMS: SondTheAnime/(Courier) [BOS] (spans:  ) "Merda! Saiam dai" (language: Galactic Common) (Brotherhood of Steel (154, 230, 2))
[2021-05-16 16:48:28.709] TCOMMS: SondTheAnime/(Courier) [BOS] (spans:  ) "Evitem combate." (language: Galactic Common) (Brotherhood of Steel (154, 230, 2))
[2021-05-16 16:48:30.835] TCOMMS: zero9e1/(Meryl Hegarty) [BOS] (spans:  ) "Eu to preso" (language: Galactic Common) (Tunnel (17, 128, 3))
[2021-05-16 16:48:30.994] TCOMMS: shirozinha/(Joseph Joestar) [BOS] (spans:  ) "ELE MATO TRES HMENS" (language: Galactic Common) (Tunnel (10, 179, 3))
[2021-05-16 16:48:39.097] TCOMMS: shirozinha/(Joseph Joestar) [BOS] (spans:  ) "MERYL FICA AI" (language: Galactic Common) (Tunnel (10, 179, 3))
[2021-05-16 16:48:41.911] TCOMMS: alexalbright/(Alex Albright) [Common] (spans:  ) "Abre o oasis" (language: Galactic Common) (Wasteland (62, 37, 2))
[2021-05-16 16:48:52.917] TCOMMS: SondTheAnime/(Courier) [BOS] (spans:  ) "EVITEM COMBATE DIRETO." (language: Galactic Common) (Brotherhood of Steel (163, 236, 2))
[2021-05-16 16:49:08.631] TCOMMS: zero9e1/(Meryl Hegarty) [BOS] (spans:  ) "Posso avançar a caverna? ele se encontra na saida" (language: Galactic Common) (Tunnel (14, 131, 3))
[2021-05-16 16:49:29.095] TCOMMS: zero9e1/(Meryl Hegarty) [BOS] (spans:  ) "Estou com o corpo do paladino" (language: Galactic Common) (Tunnel (11, 140, 3))
[2021-05-16 16:49:45.531] TCOMMS: shirozinha/(Joseph Joestar) [BOS] (spans:  ) "JESUS" (language: Galactic Common) (Tunnel (8, 185, 3))
[2021-05-16 16:49:58.427] TCOMMS: SondTheAnime/(Courier) [BOS] (spans:  ) "Tras" (language: Galactic Common) (Wasteland (169, 207, 2))
[2021-05-16 16:50:08.253] TCOMMS: SondTheAnime/(Courier) [BOS] (spans:  ) "Merda!" (language: Galactic Common) (Brotherhood of Steel (170, 219, 2))
[2021-05-16 16:50:19.001] TCOMMS: kaduh/(Tomas Miller) [Common] (spans:  ) "Parece que o over morreu aqui na vault..." (language: Galactic Common) (Vault (68, 164, 4))
[2021-05-16 16:50:22.126] TCOMMS: SondTheAnime/(Courier) [BOS] (spans:  ) "Trás agora, evitem combate direto com o DeathClaw." (language: Galactic Common) (Brotherhood of Steel (170, 220, 2))
[2021-05-16 16:50:35.495] TCOMMS: shirozinha/(Joseph Joestar) [BOS] (spans:  ) "MERYL NA ESCUTA?" (language: Galactic Common) (Tunnel (12, 142, 3))
[2021-05-16 16:50:45.227] TCOMMS: SondTheAnime/(Courier) [BOS] (spans:  ) "O que ta acontecendo?!" (language: Galactic Common) (Brotherhood of Steel (161, 241, 2))
[2021-05-16 16:51:24.811] TCOMMS: shirozinha/(Joseph Joestar) [BOS] (spans:  ) "Descobrimos quem mato" (language: Galactic Common) (Tunnel (11, 148, 3))
[2021-05-16 16:51:37.742] TCOMMS: SondTheAnime/(Courier) [BOS] (spans:  ) "Relate tudo." (language: Galactic Common) (Brotherhood of Steel (170, 218, 2))
[2021-05-16 16:51:51.517] TCOMMS: shirozinha/(Joseph Joestar) [BOS] (spans:  ) "Death claw mato ele e o mercador" (language: Galactic Common) (Tunnel (11, 178, 3))
[2021-05-16 16:51:59.826] TCOMMS: GabrielDoomBR/(Baam Frest) [Common] (spans:  ) "Mermão" (language: Galactic Common) (City (60, 42, 2))
[2021-05-16 16:52:02.078] TCOMMS: SondTheAnime/(Courier) [BOS] (spans:  ) "Conseguem sair dai?" (language: Galactic Common) (Wasteland (168, 206, 2))
[2021-05-16 16:52:05.631] TCOMMS: GabrielDoomBR/(Baam Frest) [Common] (spans:  ) "Já invadiram o oasis denovo" (language: Galactic Common) (City (60, 42, 2))
[2021-05-16 16:52:07.357] TCOMMS: GabrielDoomBR/(Baam Frest) [Common] (spans:  ) "Caralho" (language: Galactic Common) (City (60, 42, 2))
[2021-05-16 16:52:08.637] TCOMMS: shirozinha/(Joseph Joestar) [BOS] (spans:  ) "Sim" (language: Galactic Common) (Wasteland (36, 184, 2))
[2021-05-16 16:52:18.368] TCOMMS: Matheusgp9999/(Nykix Nywt) [Common] (spans:  ) "É foda" (language: Galactic Common) (Village (169, 98, 2))
[2021-05-16 16:52:19.461] TCOMMS: SondTheAnime/(Courier) [BOS] (spans:  ) "Conseguem sair e levar o corpo dele?" (language: Galactic Common) (Brotherhood of Steel (168, 225, 2))
[2021-05-16 16:52:25.574] TCOMMS: kaduh/(Tomas Miller) [Common] (spans:  ) "Tranca a porta ue" (language: Galactic Common) (Vault (57, 161, 4))
[2021-05-16 16:52:30.596] TCOMMS: zero9e1/(Meryl Hegarty) [BOS] (spans:  ) "A caminho" (language: Galactic Common) (Wasteland (77, 184, 2))
[2021-05-16 16:52:38.023] TCOMMS: SondTheAnime/(Courier) [BOS] (spans:  ) "Tragam o corpo dele pra cá." (language: Galactic Common) (Brotherhood of Steel (164, 238, 2))
[2021-05-16 16:53:19.316] TCOMMS: Matheusgp9999/(Nykix Nywt) [Common] (spans:  ) "Ae" (language: Galactic Common) (Village (170, 97, 2))
[2021-05-16 16:53:24.514] TCOMMS: Matheusgp9999/(Nykix Nywt) [Common] (spans:  ) "Alguem quer comprar escravo?" (language: Galactic Common) (Village (170, 97, 2))
[2021-05-16 16:53:42.276] TCOMMS: SondTheAnime/(Courier) [BOS] (spans:  ) "Situação?" (language: Galactic Common) (Brotherhood of Steel (166, 216, 2))
[2021-05-16 16:54:13.354] TCOMMS: Italos/(Josef Polson) [Common] (spans:  ) "Eu compro" (language: Galactic Common) (Enclave (130, 23, 3))
[2021-05-16 16:54:24.291] TCOMMS: SondTheAnime/(Courier) [BOS] (spans:  ) "Situação??" (language: Galactic Common) (Brotherhood of Steel (169, 220, 2))
[2021-05-16 16:54:36.888] TCOMMS: GabrielDoomBR/(Baam Frest) [Common] (spans:  ) "Vou ficar ssd aqui" (language: Galactic Common) (City (59, 48, 2))
[2021-05-16 16:54:38.330] TCOMMS: GabrielDoomBR/(Baam Frest) [Common] (spans:  ) "Se eu voltar" (language: Galactic Common) (City (59, 48, 2))
[2021-05-16 16:54:43.917] TCOMMS: GabrielDoomBR/(Baam Frest) [Common] (spans:  ) "E tiverem quebrado essa porra denovo" (language: Galactic Common) (City (59, 48, 2))
[2021-05-16 16:54:47.254] TCOMMS: GabrielDoomBR/(Baam Frest) [Common] (spans:  ) "Eu vou ficar muito puto" (language: Galactic Common) (City (59, 48, 2))
[2021-05-16 16:55:16.128] TCOMMS: SondTheAnime/(Courier) [BOS] (spans:  ) "SITUAÇÃO?!" (language: Galactic Common) (Wasteland (175, 188, 2))
[2021-05-16 16:56:31.552] TCOMMS: shirozinha/(Jayden Sanders) [BOS] (spans:  ) "Paladino star acordado e si apresentando" (language: Galactic Common) (Brotherhood of Steel 1st Floor Offices (219, 217, 3))
[2021-05-16 16:56:36.914] TCOMMS: SondTheAnime/(Courier) [BOS] (spans:  ) "ALO?! NA ESCUTA?!" (language: Galactic Common) (Wasteland (157, 162, 2))
[2021-05-16 16:56:38.589] TCOMMS: shirozinha/(Jayden Sanders) [BOS] (spans:  ) "Situaçao?" (language: Galactic Common) (Brotherhood of Steel 1st Floor Offices (219, 217, 3))
[2021-05-16 16:56:48.029] TCOMMS: SondTheAnime/(Courier) [BOS] (spans:  ) "Merda." (language: Galactic Common) (Wasteland (164, 156, 2))
[2021-05-16 16:56:54.380] TCOMMS: SondTheAnime/(Courier) [BOS] (spans:  ) "Jayden, se arma ai" (language: Galactic Common) (Wasteland (167, 155, 2))
[2021-05-16 16:56:57.026] TCOMMS: shirozinha/(Jayden Sanders) [BOS] (spans:  ) "Oque ocorreu?" (language: Galactic Common) (Brotherhood of Steel Operations Department (227, 239, 3))
[2021-05-16 16:57:07.055] TCOMMS: SondTheAnime/(Courier) [BOS] (spans:  ) "E vai pro portão que eu conto" (language: Galactic Common) (Wasteland (165, 178, 2))
[2021-05-16 16:57:24.183] TCOMMS: shirozinha/(Jayden Sanders) [BOS] (spans:  ) "Ja estou" (language: Galactic Common) (Brotherhood of Steel (168, 219, 2))
[2021-05-16 16:59:38.847] TCOMMS: SondTheAnime/(Courier) [BOS] (spans:  ) "Matou" (language: Galactic Common) (Wasteland (64, 183, 2))
[2021-05-16 16:59:54.857] TCOMMS: shirozinha/(Jayden Sanders) [BOS] (spans:  ) "Entao foi isso" (language: Galactic Common) (Wasteland (79, 184, 2))
[2021-05-16 17:00:11.893] TCOMMS: shirozinha/(Jayden Sanders) [BOS] (spans:  ) "Achei outro corpo" (language: Galactic Common) (Wasteland (92, 192, 2))
[2021-05-16 17:00:19.767] TCOMMS: shirozinha/(Jayden Sanders) [BOS] (spans:  ) "Dois na verdad1" (language: Galactic Common) (Wasteland (91, 196, 2))
[2021-05-16 17:00:44.567] TCOMMS: SondTheAnime/(Courier) [BOS] (spans:  ) "JAYDEN?!" (language: Galactic Common) (Wasteland (93, 187, 2))
[2021-05-16 17:01:18.339] TCOMMS: SondTheAnime/(Courier) [BOS] (spans:  ) "JAYDEN CADE VOCE?!" (language: Galactic Common) (Wasteland (72, 183, 2))
[2021-05-16 17:01:55.755] TCOMMS: zero9e1/(Zack) [Common] (spans:  ) "Alo" (language: Galactic Common) (Legion (202, 44, 2))
[2021-05-16 17:02:01.115] TCOMMS: SondTheAnime/(Courier) [BOS] (spans:  ) "Merda" (language: Galactic Common) (Wasteland (95, 225, 2))
[2021-05-16 17:02:25.323] TCOMMS: 2006F/(Julian Tennant) [Common] (spans:  ) "Oi" (language: Galactic Common) (Followers of the Apocalypse (91, 56, 3))
[2021-05-16 17:03:00.928] TCOMMS: kaduh/(Tomas Miller) [Common] (spans:  ) "Overseer enterrado sniff" (language: Galactic Common) (Vault (31, 172, 4))
[2021-05-16 17:03:26.502] TCOMMS: shirozinha/(Lukas Randolph) [BOS] (spans:  ) "ALO?" (language: Galactic Common) (Brotherhood of Steel 1st Floor Offices (227, 213, 3))
[2021-05-16 17:03:31.486] TCOMMS: shirozinha/(Lukas Randolph) [BOS] (spans:  ) "Alguem ai?" (language: Galactic Common) (Brotherhood of Steel 1st Floor Offices (227, 213, 3))
[2021-05-16 17:03:55.079] TCOMMS: SondTheAnime/(Courier) [BOS] (spans:  ) "PORTÃO AGORA LUKAS" (language: Galactic Common) (Wasteland (150, 184, 2))
[2021-05-16 17:04:11.493] TCOMMS: shirozinha/(Lukas Randolph) [BOS] (spans:  ) "Indo" (language: Galactic Common) (Brotherhood of Steel (129, 237, 2))
[2021-05-16 17:07:12.201] TCOMMS: N0fun/(Makenna Coldsmith) [Common] (spans:  ) "Uh oh" (language: Galactic Common) (Village (165, 97, 2))
[2021-05-16 17:07:21.395] TCOMMS: 2006F/(Julian Tennant) [Common] (spans:  ) "Ta gemendo filha da puta?" (language: Galactic Common) (Followers of the Apocalypse (85, 59, 3))
[2021-05-16 17:07:23.192] TCOMMS: SondTheAnime/(Courier) [BOS] (spans:  ) "Não deixe pegar as tecnologias" (language: Galactic Common) (Wasteland (91, 187, 2))
[2021-05-16 17:07:36.936] TCOMMS: SondTheAnime/(Courier) [BOS] (spans:  ) "Pegar os outros, depois vamos atras deles" (language: Galactic Common) (Wasteland (89, 178, 2))
[2021-05-16 17:07:50.336] TCOMMS: SondTheAnime/(Courier) [BOS] (spans:  ) "Eles devem ter pego so o scribe" (language: Galactic Common) (Wasteland (93, 195, 2))
[2021-05-16 17:08:20.301] TCOMMS: SondTheAnime/(Courier) [BOS] (spans:  ) "Vamos" (language: Galactic Common) (Wasteland (95, 186, 2))
[2021-05-16 17:12:35.564] TCOMMS: zero9e1/(Zack) [Common] (spans:  ) "Alguem no oasis?" (language: Galactic Common) (Wasteland (56, 51, 2))
[2021-05-16 17:14:19.040] TCOMMS: Corvopimpolho/(Jesus Wood) [Common] (spans:  ) "Alo" (language: Galactic Common) (Village (169, 97, 2))
[2021-05-16 17:14:22.277] TCOMMS: zero9e1/(Zack) [Common] (spans:  ) "A" (language: Galactic Common) (Wasteland (56, 58, 2))
[2021-05-16 17:15:19.199] TCOMMS: alexalbright/(Alex Albright) [Oasis] (spans:  yell ) "Oasis abre ai!!!" (language: Galactic Common) (Wasteland (55, 53, 2))
[2021-05-16 17:17:13.504] TCOMMS: SondTheAnime/(Courier) [BOS] (spans:  ) "Incinerei o corpo" (language: Galactic Common) (Brotherhood of Steel Medbay (244, 213, 3))
[2021-05-16 17:17:44.541] TCOMMS: zero9e1/(Zack) [Legion] (spans:  ) "Esse lugar é maior que eu pensava" (language: Galactic Common) (Caves (46, 19, 3))
[2021-05-16 17:17:45.909] TCOMMS: shirozinha/(Lukas Randolph) [BOS] (spans:  ) "Buscar os outros corpos" (language: Galactic Common) (Brotherhood of Steel (123, 238, 2))
[2021-05-16 17:17:53.669] TCOMMS: SondTheAnime/(Courier) [BOS] (spans:  ) "SIm to me curandoo" (language: Galactic Common) (Brotherhood of Steel Medbay (239, 223, 3))
[2021-05-16 17:18:17.572] TCOMMS: SondTheAnime/(Courier) [BOS] (spans:  ) "Vou pegar mais munição" (language: Galactic Common) (Brotherhood of Steel Medbay (237, 228, 3))
[2021-05-16 17:18:32.896] TCOMMS: alexalbright/(Alex Albright) [Oasis] (spans:  ) "Baam os caras da legion invadiram aqui" (language: Galactic Common) (City (47, 45, 2))
[2021-05-16 17:18:57.985] TCOMMS: alexalbright/(Alex Albright) [Oasis] (spans:  ) "Tá vivo Baam?" (language: Galactic Common) (City (43, 46, 2))
[2021-05-16 17:20:02.026] TCOMMS: shirozinha/(Lukas Randolph) [BOS] (spans:  ) "Achei o corpo da jayde" (language: Galactic Common) (Wasteland (43, 183, 2))
[2021-05-16 17:20:14.368] TCOMMS: 2006F/(Julian Tennant) [Common] (spans:  ) "Zake?" (language: Galactic Common) (Wasteland (53, 61, 2))
[2021-05-16 17:20:19.468] TCOMMS: zero9e1/(Zack) [Common] (spans:  ) "A" (language: Galactic Common) (Caves (42, 18, 3))
[2021-05-16 17:20:20.930] TCOMMS: SondTheAnime/(Courier) [BOS] (spans:  ) "Trás todos os corpos que encontrar da BrotherHood, ou qualquer tecnologia nossa" (language: Galactic Common) (Brotherhood of Steel Operations Department (242, 241, 3))
[2021-05-16 17:20:25.901] TCOMMS: alexalbright/(Alex Albright) [Common] (spans:  ) "Tá vivo Bamm?" (language: Galactic Common) (Wasteland (54, 35, 2))
[2021-05-16 17:20:31.475] TCOMMS: 2006F/(Julian Tennant) [Common] (spans:  ) "Vem na frente do oasis" (language: Galactic Common) (Wasteland (55, 44, 2))
[2021-05-16 17:20:37.743] TCOMMS: zero9e1/(Zack) [Common] (spans:  ) "Espere" (language: Galactic Common) (Tunnel (48, 16, 3))
[2021-05-16 17:20:58.297] TCOMMS: zero9e1/(Zack) [Common] (spans:  ) "To perdido" (language: Galactic Common) (Tunnel (79, 36, 3))
[2021-05-16 17:22:40.458] TCOMMS: SondTheAnime/(Courier) [BOS] (spans:  ) "Achou outro corpo?" (language: Galactic Common) (Wasteland (148, 182, 2))
[2021-05-16 17:26:05.059] TCOMMS: SondTheAnime/(Courier) [BOS] (spans:  ) "Interroga ai" (language: Galactic Common) (Brotherhood of Steel Operations Department (248, 235, 3))
[2021-05-16 17:26:35.227] TCOMMS: SondTheAnime/(Courier) [BOS] (spans:  ) "Vou pegar os corpos" (language: Galactic Common) (Brotherhood of Steel 1st Floor Offices (239, 236, 3))
[2021-05-16 17:29:57.848] TCOMMS: luiz20/(Luiz Borgos Quinto) [Common] (spans:  ) "Alo" (language: Galactic Common) (Wasteland (107, 191, 2))
[2021-05-16 17:29:59.516] TCOMMS: luiz20/(Luiz Borgos Quinto) [Common] (spans:  italics ) "A" (language: Galactic Common) (Wasteland (107, 187, 2))
[2021-05-16 17:30:13.747] TCOMMS: luiz20/(Luiz Borgos Quinto) [BOS] (spans:  ) "Achei o radio de voces" (language: Galactic Common) (Wasteland (110, 184, 2))
[2021-05-16 17:30:13.766] TCOMMS: luiz20/(Luiz Borgos Quinto) [Common] (spans:  italics ) "Achei o radio de voces" (language: Galactic Common) (Wasteland (110, 184, 2))
[2021-05-16 17:30:24.829] TCOMMS: shirozinha/(Lukas Randolph) [BOS] (spans:  ) "Deixe ele na entrada" (language: Galactic Common) (Brotherhood of Steel Operations Department (247, 234, 3))
[2021-05-16 17:30:41.566] TCOMMS: SondTheAnime/(Courier) [BOS] (spans:  ) "Poderia entregar?" (language: Galactic Common) (Brotherhood of Steel Medbay (237, 214, 3))
[2021-05-16 17:30:41.600] TCOMMS: luiz20/(Luiz Borgos Quinto) [BOS] (spans:  ) "Epa não é assim" (language: Galactic Common) (Wasteland (162, 185, 2))
[2021-05-16 17:30:48.630] TCOMMS: luiz20/(Luiz Borgos Quinto) [BOS] (spans:  ) "Quero algo em troca" (language: Galactic Common) (Wasteland (174, 185, 2))
[2021-05-16 17:30:51.646] TCOMMS: SondTheAnime/(Courier) [BOS] (spans:  ) "Vai ser assim, ou vai ser pior" (language: Galactic Common) (Brotherhood of Steel Medbay (236, 221, 3))
[2021-05-16 17:31:06.065] TCOMMS: luiz20/(Luiz Borgos Quinto) [BOS] (spans:  ) "Eu só estou pedindo algo em troca" (language: Galactic Common) (Wasteland (185, 184, 2))
[2021-05-16 17:31:14.674] TCOMMS: luiz20/(Luiz Borgos Quinto) [BOS] (spans:  ) "Eu aceito 30 caps" (language: Galactic Common) (Wasteland (190, 186, 2))
[2021-05-16 17:31:48.576] TCOMMS: shirozinha/(Lukas Randolph) [BOS] (spans:  ) "Ok ok" (language: Galactic Common) (Brotherhood of Steel (170, 218, 2))
[2021-05-16 17:32:01.977] TCOMMS: luiz20/(Luiz Borgos Quinto) [BOS] (spans:  ) "Estou indo ai" (language: Galactic Common) (Wasteland (198, 186, 2))
[2021-05-16 17:35:32.905] TCOMMS: shirozinha/(Lukas Randolph) [BOS] (spans:  ) "Retira as armas primeiro" (language: Galactic Common) (Brotherhood of Steel Medbay (234, 224, 3))
[2021-05-16 17:35:36.486] TCOMMS: shirozinha/(Lukas Randolph) [BOS] (spans:  ) "E as armaduras" (language: Galactic Common) (Brotherhood of Steel Medbay (234, 224, 3))
[2021-05-16 17:35:49.460] TCOMMS: shirozinha/(Lukas Randolph) [BOS] (spans:  ) "Qualquer coisa inutil pode queima" (language: Galactic Common) (Brotherhood of Steel Operations Department (228, 239, 3))
[2021-05-16 17:39:07.562] TCOMMS: zero9e1/(Default Cyborg Name) [Common] (spans: robot ) "Alo" (language: Galactic Common) (Wasteland (122, 27, 2))
[2021-05-16 17:39:28.187] TCOMMS: zero9e1/(Default Cyborg Name) [Common] (spans: robot ) "Algum humano ?" (language: Galactic Common) (Wasteland (150, 13, 2))
[2021-05-16 17:39:34.790] TCOMMS: N0fun/(Lillian Polson) [Common] (spans:  ) "Olá" (language: Galactic Common) (Brotherhood of Steel RnD Department (234, 200, 3))
[2021-05-16 17:39:50.821] TCOMMS: alexalbright/(Alex Albright) [Common] (spans:  ) "Humano aqui" (language: Galactic Common) (Wasteland (169, 184, 2))
[2021-05-16 17:43:31.827] TCOMMS: SondTheAnime/(Courier) [BOS] (spans:  ) "Scribe?" (language: Galactic Common) (Brotherhood of Steel RnD Department (241, 204, 3))
[2021-05-16 17:44:56.009] TCOMMS: SondTheAnime/(Courier) [BOS] (spans:  ) "Lukas, tua power armor ta quebrada?" (language: Galactic Common) (Brotherhood of Steel Medbay (238, 215, 3))
[2021-05-16 17:45:23.102] TCOMMS: shirozinha/(Lukas Randolph) [BOS] (spans:  ) "Acho que nao" (language: Galactic Common) (Brotherhood of Steel Medbay (234, 223, 3))
[2021-05-16 17:49:16.349] TCOMMS: Matheusgp9999/(Nykix Nywt) [148.9] (spans:  ) "Oi" (language: Galactic Common) (Brotherhood of Steel (168, 216, 2))
[2021-05-16 17:49:27.555] TCOMMS: Matheusgp9999/(Nykix Nywt) [148.9] (spans:  ) "Vim negoçiar" (language: Galactic Common) (Wasteland (168, 215, 2))
[2021-05-16 17:49:30.432] TCOMMS: Matheusgp9999/(Nykix Nywt) [148.9] (spans:  ) "Tem alguem?" (language: Galactic Common) (Wasteland (168, 215, 2))
[2021-05-16 17:49:40.948] TCOMMS: SondTheAnime/(Courier) [148.9] (spans:  ) "Alo" (language: Galactic Common) (Brotherhood of Steel RnD Department (238, 195, 3))
[2021-05-16 17:49:44.946] TCOMMS: SondTheAnime/(Courier) [148.9] (spans:  ) "Quem é?" (language: Galactic Common) (Brotherhood of Steel RnD Department (238, 195, 3))
[2021-05-16 17:49:48.296] TCOMMS: Matheusgp9999/(Nykix Nywt) [148.9] (spans:  ) "Nykix" (language: Galactic Common) (Wasteland (168, 214, 2))
[2021-05-16 17:49:55.979] TCOMMS: Matheusgp9999/(Nykix Nywt) [148.9] (spans:  ) "Vim negoçiar" (language: Galactic Common) (Wasteland (168, 214, 2))
[2021-05-16 17:49:56.479] TCOMMS: SondTheAnime/(Courier) [148.9] (spans:  ) "Deseja negociar?" (language: Galactic Common) (Brotherhood of Steel RnD Department (238, 195, 3))
[2021-05-16 17:49:58.700] TCOMMS: Matheusgp9999/(Nykix Nywt) [148.9] (spans:  ) "É" (language: Galactic Common) (Wasteland (168, 214, 2))
[2021-05-16 17:50:07.238] TCOMMS: SondTheAnime/(Courier) [148.9] (spans:  ) "Tem o que a oferecer?" (language: Galactic Common) (Brotherhood of Steel RnD Department (238, 195, 3))
[2021-05-16 17:50:13.675] TCOMMS: Matheusgp9999/(Nykix Nywt) [148.9] (spans:  italics ) "Pele de deathclaw" (language: Galactic Common) (Wasteland (168, 214, 2))
[2021-05-16 17:50:21.093] TCOMMS: Matheusgp9999/(Nykix Nywt) [148.9] (spans:  ) "Um wattz 1000" (language: Galactic Common) (Wasteland (168, 214, 2))
[2021-05-16 17:50:28.029] TCOMMS: Matheusgp9999/(Nykix Nywt) [148.9] (spans:  ) "E umas bateria usada" (language: Galactic Common) (Wasteland (168, 214, 2))
[2021-05-16 17:50:39.435] TCOMMS: SondTheAnime/(Courier) [148.9] (spans:  ) "Certo, um momento." (language: Galactic Common) (Brotherhood of Steel RnD Department (238, 195, 3))
[2021-05-16 17:51:10.759] TCOMMS: GabrielDoomBR/(Baam Frest) [Common] (spans:  ) "Ta" (language: Galactic Common) (Tunnel (55, 42, 3))
[2021-05-16 17:51:12.091] TCOMMS: GabrielDoomBR/(Baam Frest) [Common] (spans:  ) "Voltei" (language: Galactic Common) (Tunnel (55, 42, 3))
[2021-05-16 17:51:29.814] TCOMMS: GabrielDoomBR/(Baam Frest) [Common] (spans:  ) "Caralho" (language: Galactic Common) (City (62, 41, 2))
[2021-05-16 17:51:38.201] TCOMMS: GabrielDoomBR/(Baam Frest) [Common] (spans:  ) "Sabia que tinham invadido" (language: Galactic Common) (City (62, 41, 2))
[2021-05-16 17:51:38.731] TCOMMS: Italos/(Josef Polson) [Enclave] (spans:  ) "Porra soldado" (language: Galactic Common) (Tunnel (122, 24, 3))
[2021-05-16 17:51:39.413] TCOMMS: alexalbright/(Alex Albright) [Oasis] (spans:  ) "Legion invdiu o oasis" (language: Galactic Common) (Building (201, 80, 2))
[2021-05-16 17:51:53.405] TCOMMS: GabrielDoomBR/(Baam Frest) [Oasis] (spans:  ) "Blz" (language: Galactic Common) (City (60, 42, 2))
[2021-05-16 17:51:58.980] TCOMMS: GabrielDoomBR/(Baam Frest) [Oasis] (spans:  ) "Chega na armory ai" (language: Galactic Common) (City (60, 42, 2))
[2021-05-16 17:52:07.357] TCOMMS: alexalbright/(Alex Albright) [Oasis] (spans:  ) "To indo ai" (language: Galactic Common) (Building (201, 80, 2))
[2021-05-16 17:52:09.193] TCOMMS: SondTheAnime/(Courier) [BOS] (spans:  ) "Paladino vai no portão" (language: Galactic Common) (Brotherhood of Steel RnD Department (235, 193, 3))
[2021-05-16 17:52:13.524] TCOMMS: Italos/(Josef Polson) [Enclave] (spans:  ) "Tu deixou uma armado do governo no chão" (language: Galactic Common) (Enclave (128, 19, 3))
[2021-05-16 17:52:17.094] TCOMMS: SondTheAnime/(Courier) [BOS] (spans:  ) "Auxilia o scribe na negociação" (language: Galactic Common) (Brotherhood of Steel RnD Department (235, 193, 3))
[2021-05-16 17:52:17.657] TCOMMS: shirozinha/(Lukas Randolph) [BOS] (spans:  ) "Indo" (language: Galactic Common) (Brotherhood of Steel Operations Department (243, 245, 3))
[2021-05-16 17:52:28.359] TCOMMS: SondTheAnime/(Courier) [BOS] (spans:  ) "Para caso der algo errado, tem um cara querendo negociar" (language: Galactic Common) (Brotherhood of Steel RnD Department (237, 194, 3))
[2021-05-16 17:52:28.366] TCOMMS: SondTheAnime/(Courier) [148.9] (spans:  italics ) "Para caso der algo errado, tem um cara querendo negociar" (language: Galactic Common) (Brotherhood of Steel RnD Department (237, 194, 3))
[2021-05-16 17:52:30.722] TCOMMS: SondTheAnime/(Courier) [148.9] (spans:  ) "Alo" (language: Galactic Common) (Brotherhood of Steel RnD Department (238, 195, 3))
[2021-05-16 17:52:33.652] TCOMMS: SondTheAnime/(Courier) [148.9] (spans:  ) "Na escuta?" (language: Galactic Common) (Brotherhood of Steel RnD Department (238, 195, 3))
[2021-05-16 17:52:45.186] TCOMMS: SondTheAnime/(Courier) [148.9] (spans:  ) "Alo" (language: Galactic Common) (Brotherhood of Steel RnD Department (238, 195, 3))
[2021-05-16 17:53:05.211] TCOMMS: shirozinha/(Lukas Randolph) [BOS] (spans:  ) "Estou no portao" (language: Galactic Common) (Wasteland (170, 212, 2))
[2021-05-16 17:53:08.700] TCOMMS: Italos/(Josef Polson) [Enclave] (spans:  ) "Não vai falar nada?" (language: Galactic Common) (Enclave (129, 19, 3))
[2021-05-16 17:53:13.799] TCOMMS: SondTheAnime/(Courier) [BOS] (spans:  ) "Cade o cara?" (language: Galactic Common) (Brotherhood of Steel 1st Floor Offices (239, 236, 3))
[2021-05-16 17:53:20.020] TCOMMS: SondTheAnime/(Courier) [BOS] (spans:  ) "Ele ta ai?" (language: Galactic Common) (Brotherhood of Steel 1st Floor Offices (240, 236, 3))
[2021-05-16 17:53:25.391] TCOMMS: N0fun/(Lillian Polson) [148.9] (spans:  ) "Tens coisas interessantes aí" (language: Galactic Common) (Wasteland (170, 213, 2))
[2021-05-16 17:53:27.897] TCOMMS: shirozinha/(Lukas Randolph) [BOS] (spans:  ) "ELE TA NO PORTAO" (language: Galactic Common) (Wasteland (172, 212, 2))
[2021-05-16 17:54:01.519] TCOMMS: SondTheAnime/(Courier) [148.9] (spans:  ) "Aa" (language: Galactic Common) (Wasteland (170, 214, 2))
[2021-05-16 17:54:03.123] TCOMMS: SondTheAnime/(Courier) [148.9] (spans:  ) "Ok" (language: Galactic Common) (Wasteland (170, 214, 2))
[2021-05-16 17:54:37.154] TCOMMS: SondTheAnime/(Courier) [BOS] (spans:  ) "Paladino negociação envolvendo tecnologia, deixa pro Scribe resolver." (language: Galactic Common) (Brotherhood of Steel (150, 236, 2))
[2021-05-16 17:54:46.788] TCOMMS: shirozinha/(Lukas Randolph) [BOS] (spans:  ) "Ah ok" (language: Galactic Common) (Brotherhood of Steel (162, 233, 2))
[2021-05-16 17:54:49.961] TCOMMS: SondTheAnime/(Courier) [BOS] (spans:  ) "Ele que sabe o que é bom ou ruim pro capitulo" (language: Galactic Common) (Brotherhood of Steel (150, 236, 2))
[2021-05-16 17:54:55.984] TCOMMS: SondTheAnime/(Courier) [BOS] (spans:  ) "Armamento tu resolve" (language: Galactic Common) (Brotherhood of Steel (145, 237, 2))
[2021-05-16 17:55:08.951] TCOMMS: Yakifuji/(Brayan Roberts) [Common] (spans:  ) "Hello" (language: Galactic Common) (Building (206, 78, 2))
[2021-05-16 17:55:44.621] TCOMMS: shirozinha/(Lukas Randolph) [148.9] (spans:  ) "Boa" (language: Galactic Common) (Wasteland (170, 214, 2))
[2021-05-16 17:56:07.304] TCOMMS: shirozinha/(Lukas Randolph) [BOS] (spans:  ) "QUEM EXPORTO NOSSAS CONVERSAS NO RADIO?" (language: Galactic Common) (Wasteland (170, 214, 2))
[2021-05-16 17:56:07.312] TCOMMS: shirozinha/(Lukas Randolph) [148.9] (spans:  italics ) "QUEM EXPORTO NOSSAS CONVERSAS NO RADIO?" (language: Galactic Common) (Wasteland (170, 214, 2))
[2021-05-16 17:56:14.378] TCOMMS: SondTheAnime/(Courier) [BOS] (spans:  ) "Calma" (language: Galactic Common) (Brotherhood of Steel Operations Department (230, 229, 3))
[2021-05-16 17:56:19.178] TCOMMS: SondTheAnime/(Courier) [BOS] (spans:  ) "É do interfone da base" (language: Galactic Common) (Brotherhood of Steel Operations Department (230, 229, 3))
[2021-05-16 17:56:22.275] TCOMMS: SondTheAnime/(Courier) [BOS] (spans:  ) "Esse radio" (language: Galactic Common) (Brotherhood of Steel Operations Department (230, 229, 3))
[2021-05-16 17:56:32.752] TCOMMS: shirozinha/(Lukas Randolph) [148.9] (spans:  ) "Eles vao trazer" (language: Galactic Common) (Wasteland (170, 213, 2))
[2021-05-16 17:56:47.930] TCOMMS: shirozinha/(Lukas Randolph) [BOS] (spans:  ) "Trazem as caps ae" (language: Galactic Common) (Wasteland (170, 213, 2))
[2021-05-16 17:56:47.940] TCOMMS: shirozinha/(Lukas Randolph) [148.9] (spans:  italics ) "Trazem as caps ae" (language: Galactic Common) (Wasteland (170, 213, 2))
[2021-05-16 17:56:55.474] TCOMMS: SondTheAnime/(Courier) [148.9] (spans:  ) "Tudo ocorrendo bem ai?" (language: Galactic Common) (Brotherhood of Steel RnD Department (238, 195, 3))
[2021-05-16 17:58:10.687] TCOMMS: N0fun/(Lillian Polson) [148.9] (spans:  ) "Bom o resto a  gente pode cremar" (language: Galactic Common) (Wasteland (170, 213, 2))
[2021-05-16 17:58:12.884] TCOMMS: N0fun/(Lillian Polson) [148.9] (spans:  ) "Ah" (language: Galactic Common) (Wasteland (170, 213, 2))
[2021-05-16 17:58:34.999] TCOMMS: N0fun/(Lillian Polson) [148.9] (spans:  ) "Já comprou?" (language: Galactic Common) (Wasteland (170, 213, 2))
[2021-05-16 17:58:38.512] TCOMMS: alexalbright/(Alex Albright) [Oasis] (spans:  ) "Acho que eles sairam da base" (language: Galactic Common) (Wasteland (210, 59, 2))
[2021-05-16 17:58:51.485] TCOMMS: GabrielDoomBR/(Baam Frest) [Oasis] (spans:  ) "Volta pro oasis" (language: Galactic Common) (Legion (212, 45, 2))
[2021-05-16 17:58:55.846] TCOMMS: N0fun/(Lillian Polson) [148.9] (spans:  ) "Mas acho que não temos isso" (language: Galactic Common) (Wasteland (170, 213, 2))
[2021-05-16 17:58:58.144] TCOMMS: SondTheAnime/(Courier) [148.9] (spans:  ) "Tudo ocorrendo bem ai na negociação ai?" (language: Galactic Common) (Brotherhood of Steel RnD Department (238, 195, 3))
[2021-05-16 17:59:17.698] TCOMMS: N0fun/(Lillian Polson) [148.9] (spans:  ) "O máximo que a gente pode fazer é trocar tecnologia por tecnologia" (language: Galactic Common) (Wasteland (170, 213, 2))
[2021-05-16 17:59:33.208] TCOMMS: N0fun/(Lillian Polson) [148.9] (spans:  ) "Escambo" (language: Galactic Common) (Wasteland (170, 213, 2))
[2021-05-16 18:00:06.143] TCOMMS: N0fun/(Lillian Polson) [148.9] (spans:  ) "Só quer carregar baterias?" (language: Galactic Common) (Wasteland (170, 213, 2))
[2021-05-16 18:01:11.758] TCOMMS: GabrielDoomBR/(Baam Frest) [Common] (spans:  ) "Cade a legião" (language: Galactic Common) (Wasteland (57, 40, 2))
[2021-05-16 18:01:35.300] TCOMMS: Italos/(Josef Polson) [Common] (spans:  ) "Tive que matar uns 2 por saberem demais" (language: Galactic Common) (Followers of the Apocalypse (89, 45, 3))
[2021-05-16 18:01:46.504] TCOMMS: GabrielDoomBR/(Baam Frest) [Common] (spans:  ) "Matou tudo" (language: Galactic Common) (Wasteland (77, 94, 2))
[2021-05-16 18:01:55.723] TCOMMS: SondTheAnime/(Courier) [BOS] (spans:  ) "Paladino, na escuta?" (language: Galactic Common) (Brotherhood of Steel 1st Floor Offices (240, 236, 3))
[2021-05-16 18:02:40.243] TCOMMS: Eversonblr/(Miguel Hastings) [BOS] (spans:  ) "Olá" (language: Galactic Common) (Brotherhood of Steel Operations Department (225, 229, 3))
[2021-05-16 18:03:11.852] TCOMMS: SondTheAnime/(Courier) [BOS] (spans:  ) "Apresente-se Miguel." (language: Galactic Common) (Wasteland (170, 210, 2))
[2021-05-16 18:03:15.720] TCOMMS: GabrielDoomBR/(Baam Frest) [Common] (spans:  ) "Devolve as armas pro oasis ai" (language: Galactic Common) (Wasteland (85, 116, 2))
[2021-05-16 18:03:21.063] TCOMMS: Eversonblr/(Miguel Hastings) [BOS] (spans:  ) "SOu paladin" (language: Galactic Common) (Brotherhood of Steel RnD Department (238, 194, 3))
[2021-05-16 18:03:21.070] TCOMMS: Eversonblr/(Miguel Hastings) [148.9] (spans:  italics ) "SOu paladin" (language: Galactic Common) (Brotherhood of Steel RnD Department (238, 194, 3))
[2021-05-16 18:03:25.201] TCOMMS: Eversonblr/(Miguel Hastings) [BOS] (spans:  ) "Prazer a todos" (language: Galactic Common) (Brotherhood of Steel RnD Department (238, 194, 3))
[2021-05-16 18:03:25.212] TCOMMS: Eversonblr/(Miguel Hastings) [148.9] (spans:  italics ) "Prazer a todos" (language: Galactic Common) (Brotherhood of Steel RnD Department (238, 194, 3))
[2021-05-16 18:03:29.351] TCOMMS: shirozinha/(Lukas Randolph) [BOS] (spans:  ) "Otimo" (language: Galactic Common) (Wasteland (168, 211, 2))
[2021-05-16 18:03:32.846] TCOMMS: SondTheAnime/(Courier) [BOS] (spans:  ) "Certo." (language: Galactic Common) (Wasteland (170, 212, 2))
[2021-05-16 18:03:50.277] TCOMMS: Eversonblr/(Miguel Hastings) [BOS] (spans:  ) "SO quero avisa a todos" (language: Galactic Common) (Brotherhood of Steel RnD Department (238, 195, 3))
[2021-05-16 18:03:50.284] TCOMMS: Eversonblr/(Miguel Hastings) [148.9] (spans:  italics ) "SO quero avisa a todos" (language: Galactic Common) (Brotherhood of Steel RnD Department (238, 195, 3))
[2021-05-16 18:03:56.703] TCOMMS: Eversonblr/(Miguel Hastings) [BOS] (spans:  ) "Se verem livros tragam pra base" (language: Galactic Common) (Brotherhood of Steel RnD Department (238, 195, 3))
[2021-05-16 18:03:56.710] TCOMMS: Eversonblr/(Miguel Hastings) [148.9] (spans:  italics ) "Se verem livros tragam pra base" (language: Galactic Common) (Brotherhood of Steel RnD Department (238, 195, 3))
[2021-05-16 18:04:05.793] TCOMMS: Eversonblr/(Miguel Hastings) [BOS] (spans:  ) "Se tiverem livros pra combra comprem" (language: Galactic Common) (Brotherhood of Steel RnD Department (238, 195, 3))
[2021-05-16 18:04:05.802] TCOMMS: Eversonblr/(Miguel Hastings) [148.9] (spans:  italics ) "Se tiverem livros pra combra comprem" (language: Galactic Common) (Brotherhood of Steel RnD Department (238, 195, 3))
[2021-05-16 18:04:16.293] TCOMMS: Eversonblr/(Miguel Hastings) [BOS] (spans:  ) "Tambem tragam coisas tecnologicos" (language: Galactic Common) (Brotherhood of Steel RnD Department (238, 195, 3))
[2021-05-16 18:04:16.301] TCOMMS: Eversonblr/(Miguel Hastings) [148.9] (spans:  italics ) "Tambem tragam coisas tecnologicos" (language: Galactic Common) (Brotherhood of Steel RnD Department (238, 195, 3))
[2021-05-16 18:04:20.627] TCOMMS: Italos/(Josef Polson) [Common] (spans:  ) "Ae" (language: Galactic Common) (Wasteland (104, 80, 2))
[2021-05-16 18:04:20.936] TCOMMS: Eversonblr/(Miguel Hastings) [BOS] (spans:  ) "Como resto de tecnologia" (language: Galactic Common) (Brotherhood of Steel RnD Department (238, 195, 3))
[2021-05-16 18:04:20.946] TCOMMS: Eversonblr/(Miguel Hastings) [148.9] (spans:  italics ) "Como resto de tecnologia" (language: Galactic Common) (Brotherhood of Steel RnD Department (238, 195, 3))
[2021-05-16 18:04:27.683] TCOMMS: Italos/(Josef Polson) [Common] (spans:  ) "Quem matou o head scribe?" (language: Galactic Common) (Wasteland (104, 80, 2))
[2021-05-16 18:04:35.433] TCOMMS: Eversonblr/(Miguel Hastings) [BOS] (spans:  ) "E tabem se verem alguem com alguma coisa tecnologia avisem" (language: Galactic Common) (Brotherhood of Steel RnD Department (238, 195, 3))
[2021-05-16 18:04:35.442] TCOMMS: Eversonblr/(Miguel Hastings) [148.9] (spans:  italics ) "E tabem se verem alguem com alguma coisa tecnologia avisem" (language: Galactic Common) (Brotherhood of Steel RnD Department (238, 195, 3))
[2021-05-16 18:04:45.929] TCOMMS: Eversonblr/(Miguel Hastings) [BOS] (spans:  ) "Certo ?" (language: Galactic Common) (Brotherhood of Steel RnD Department (238, 195, 3))
[2021-05-16 18:04:45.938] TCOMMS: Eversonblr/(Miguel Hastings) [148.9] (spans:  italics ) "Certo ?" (language: Galactic Common) (Brotherhood of Steel RnD Department (238, 195, 3))
[2021-05-16 18:05:00.183] TCOMMS: Eversonblr/(Miguel Hastings) [148.9] (spans:  ) "A" (language: Galactic Common) (Brotherhood of Steel RnD Department (238, 194, 3))
[2021-05-16 18:05:03.140] TCOMMS: Eversonblr/(Miguel Hastings) [148.9] (spans:  ) "Merda" (language: Galactic Common) (Brotherhood of Steel RnD Department (238, 194, 3))
[2021-05-16 18:05:20.597] TCOMMS: shirozinha/(Lukas Randolph) [BOS] (spans:  ) "Um deathclaw matou um esquadrao de paladinos e knights" (language: Galactic Common) (Brotherhood of Steel (169, 218, 2))
[2021-05-16 18:05:26.882] TCOMMS: Eversonblr/(Miguel Hastings) [BOS] (spans:  ) "Quem foi o idiota que deixo o intercom lgiado" (language: Galactic Common) (Brotherhood of Steel RnD Department (238, 195, 3))
[2021-05-16 18:05:51.413] TCOMMS: SondTheAnime/(Courier) [BOS] (spans:  ) "O Intercom ficou ligado, porque ta tendo negociação na superfice." (language: Galactic Common) (Brotherhood of Steel Operations Department (228, 230, 3))
[2021-05-16 18:06:48.228] TCOMMS: Eversonblr/(Miguel Hastings) [BOS] (spans:  ) "Se encontrarem livro tragam pra base eles são super importante" (language: Galactic Common) (Brotherhood of Steel RnD Department (237, 203, 3))
[2021-05-16 18:07:03.852] TCOMMS: SondTheAnime/(Courier) [BOS] (spans:  ) "Sabemos, paladino." (language: Galactic Common) (Brotherhood of Steel RnD Department (231, 194, 3))
[2021-05-16 18:07:43.136] TCOMMS: Eversonblr/(Miguel Hastings) [BOS] (spans:  ) "Alguem sabe mecher na robotica ?" (language: Galactic Common) (Brotherhood of Steel RnD Department (235, 206, 3))
[2021-05-16 18:08:00.835] TCOMMS: SondTheAnime/(Courier) [BOS] (spans:  ) "A gente ta sem recursos para fazer robos" (language: Galactic Common) (Brotherhood of Steel Reactor (222, 209, 3))
[2021-05-16 18:09:29.482] TCOMMS: Eversonblr/(Miguel Hastings) [BOS] (spans:  ) "Qualquer coisa tecnologia traga pra base" (language: Galactic Common) (Brotherhood of Steel RnD Department (231, 206, 3))
[2021-05-16 18:09:31.652] TCOMMS: SondTheAnime/(Courier) [BOS] (spans:  ) "Lucas, posição." (language: Galactic Common) (Brotherhood of Steel 1st Floor Offices (239, 236, 3))
[2021-05-16 18:09:47.795] TCOMMS: shirozinha/(Lukas Randolph) [BOS] (spans:  ) "Estou na armory" (language: Galactic Common) (Brotherhood of Steel Operations Department (244, 250, 3))
[2021-05-16 18:09:56.784] TCOMMS: SondTheAnime/(Courier) [BOS] (spans:  ) "Certo" (language: Galactic Common) (Brotherhood of Steel 1st Floor Offices (239, 236, 3))
[2021-05-16 18:10:02.451] TCOMMS: shirozinha/(Lukas Randolph) [BOS] (spans:  ) "Transferindo e guardando a carga" (language: Galactic Common) (Brotherhood of Steel Operations Department (244, 250, 3))
[2021-05-16 18:10:34.550] TCOMMS: shirozinha/(Lukas Randolph) [BOS] (spans:  ) "Paladino supervisa a negoçisao" (language: Galactic Common) (Brotherhood of Steel Operations Department (244, 244, 3))
[2021-05-16 18:10:53.885] TCOMMS: shirozinha/(Lukas Randolph) [BOS] (spans:  ) "Nosso estoque de armas almento ao extremo" (language: Galactic Common) (Brotherhood of Steel Operations Department (230, 230, 3))
[2021-05-16 18:11:08.492] TCOMMS: shirozinha/(Lukas Randolph) [BOS] (spans:  ) "Acho que somos o maior grupo com armas de wasteland" (language: Galactic Common) (Brotherhood of Steel Operations Department (230, 230, 3))
[2021-05-16 18:11:11.552] TCOMMS: SondTheAnime/(Courier) [BOS] (spans:  ) "Temos que reparar as armaduras quebradas, tem umas." (language: Galactic Common) (Brotherhood of Steel 1st Floor Offices (239, 236, 3))
[2021-05-16 18:11:19.695] TCOMMS: SondTheAnime/(Courier) [BOS] (spans:  ) "Miguel." (language: Galactic Common) (Brotherhood of Steel Operations Department (233, 230, 3))
[2021-05-16 18:12:16.125] TCOMMS: shirozinha/(Lukas Randolph) [BOS] (spans:  ) "A gente ta precisandod e escravos?" (language: Galactic Common) (Wasteland (170, 214, 2))
[2021-05-16 18:12:41.043] TCOMMS: Eversonblr/(Miguel Hastings) [BOS] (spans:  ) "Onde esta ocorrendo a negociação" (language: Galactic Common) (Brotherhood of Steel (169, 222, 2))
[2021-05-16 18:12:58.716] TCOMMS: SondTheAnime/(Courier) [BOS] (spans:  ) "A gente não fazemos escravos" (language: Galactic Common) (Brotherhood of Steel RnD Department (231, 206, 3))
[2021-05-16 18:13:04.540] TCOMMS: SondTheAnime/(Courier) [BOS] (spans:  ) "Portão, Miguel." (language: Galactic Common) (Brotherhood of Steel RnD Department (231, 206, 3))
[2021-05-16 18:14:06.912] TCOMMS: shirozinha/(Lukas Randolph) [BOS] (spans:  ) "Acho que estamos precisando de um pouco de muniçao" (language: Galactic Common) (Brotherhood of Steel Operations Department (245, 250, 3))
[2021-05-16 18:14:53.338] TCOMMS: SondTheAnime/(Courier) [BOS] (spans:  ) "Que tipo de munição?" (language: Galactic Common) (Brotherhood of Steel (151, 241, 2))
[2021-05-16 18:15:06.748] TCOMMS: shirozinha/(Lukas Randolph) [BOS] (spans:  ) "De todo tipo" (language: Galactic Common) (Brotherhood of Steel (139, 238, 2))
[2021-05-16 18:15:10.326] TCOMMS: N0fun/(Lillian Polson) [BOS] (spans:  ) "Tem comida aí em baixo pra gente trocar com a Nykix?" (language: Galactic Common) (Brotherhood of Steel (166, 216, 2))
[2021-05-16 18:16:30.514] TCOMMS: SondTheAnime/(Courier) [BOS] (spans:  ) "Comida..." (language: Galactic Common) (Brotherhood of Steel RnD Department (235, 198, 3))
[2021-05-16 18:16:34.791] TCOMMS: SondTheAnime/(Courier) [BOS] (spans:  ) "Pior que não" (language: Galactic Common) (Brotherhood of Steel RnD Department (235, 198, 3))
[2021-05-16 18:16:44.375] TCOMMS: SondTheAnime/(Courier) [BOS] (spans:  ) "É bom enviar uma patrulha atrás de comida" (language: Galactic Common) (Brotherhood of Steel RnD Department (235, 198, 3))
[2021-05-16 18:16:48.454] TCOMMS: SondTheAnime/(Courier) [BOS] (spans:  ) "Aqui so tem MRE" (language: Galactic Common) (Brotherhood of Steel RnD Department (235, 200, 3))
[2021-05-16 18:16:51.331] TCOMMS: Eversonblr/(Miguel Hastings) [BOS] (spans:  ) "Coemçaram a briga com outro cara aque fora" (language: Galactic Common) (Brotherhood of Steel (166, 216, 2))
[2021-05-16 18:16:51.806] TCOMMS: N0fun/(Lillian Polson) [BOS] (spans:  ) "Entendo então vou ir plantar algumas coisas depois" (language: Galactic Common) (Brotherhood of Steel Medbay (238, 224, 3))
[2021-05-16 18:16:52.236] TCOMMS: shirozinha/(Lukas Randolph) [BOS] (spans:  ) "Ja estou" (language: Galactic Common) (Wasteland (231, 144, 2))
[2021-05-16 18:17:12.548] TCOMMS: SondTheAnime/(Courier) [BOS] (spans:  ) "Tem uns animais la fora" (language: Galactic Common) (Brotherhood of Steel Operations Department (229, 231, 3))
[2021-05-16 18:17:25.241] TCOMMS: shirozinha/(Lukas Randolph) [BOS] (spans:  ) "Incrivel...quantos familiares esse cara de cabelo verde tem?!" (language: Galactic Common) (Wasteland (212, 132, 2))
[2021-05-16 18:17:36.031] TCOMMS: Eversonblr/(Miguel Hastings) [BOS] (spans:  ) "Tentem acha lviros são extremamentes importantes para fazemos as coisas" (language: Galactic Common) (Brotherhood of Steel (166, 216, 2))
[2021-05-16 18:18:08.388] TCOMMS: Eversonblr/(Miguel Hastings) [Common] (spans:  ) "Nykix Nywt ?" (language: Galactic Common) (Brotherhood of Steel (166, 217, 2))
[2021-05-16 18:19:18.806] TCOMMS: Grauber_Games/(Joshua Davidson) [NCR] (spans:  ) "Alguem na escuta cambio" (language: Galactic Common) (NCR (14, 225, 2))
[2021-05-16 18:19:33.711] TCOMMS: Gatossj/(John Grave) [Common] (spans:  ) "T&#39;este" (language: Galactic Common) (Caves (78, 34, 3))
[2021-05-16 18:21:02.908] TCOMMS: SondTheAnime/(Courier) [BOS] (spans:  ) "Lembramos, preservamos tecnologias pré-guerra." (language: Galactic Common) (Brotherhood of Steel (149, 231, 2))
[2021-05-16 18:21:44.610] TCOMMS: SondTheAnime/(Courier) [BOS] (spans:  ) "Lucas, posição." (language: Galactic Common) (Brotherhood of Steel (158, 237, 2))
[2021-05-16 18:22:10.418] TCOMMS: shirozinha/(Lukas Randolph) [BOS] (spans:  ) "Mercado" (language: Galactic Common) (Building (127, 193, 2))
[2021-05-16 18:22:18.696] TCOMMS: shirozinha/(Lukas Randolph) [BOS] (spans:  ) "Com um armario cheio de comida" (language: Galactic Common) (Building (127, 193, 2))
[2021-05-16 18:22:25.405] TCOMMS: SondTheAnime/(Courier) [BOS] (spans:  ) "Certo, bom." (language: Galactic Common) (Brotherhood of Steel Operations Department (243, 245, 3))
[2021-05-16 18:22:39.970] TCOMMS: GabrielDoomBR/(Baam Frest) [Common] (spans:  ) "Oasis aberto" (language: Galactic Common) (City (60, 48, 2))
[2021-05-16 18:23:40.432] TCOMMS: luiz20/(Luiz Borgos Oitavo) [Common] (spans:  ) "Alo" (language: Galactic Common) (Legion (231, 30, 2))
[2021-05-16 18:23:44.266] TCOMMS: GabrielDoomBR/(Baam Frest) [Common] (spans:  ) "Alo" (language: Galactic Common) (City (59, 48, 2))
[2021-05-16 18:23:52.753] TCOMMS: luiz20/(Luiz Borgos Oitavo) [Legion] (spans:  ) "Alguem?" (language: Galactic Common) (Legion (238, 30, 2))
[2021-05-16 18:24:20.527] TCOMMS: shirozinha/(Lukas Randolph) [BOS] (spans:  ) "Descarregando comida no subterraneo da mes" (language: Galactic Common) (Brotherhood of Steel Leisure Areas (223, 233, 3))
[2021-05-16 18:24:52.859] TCOMMS: luiz20/(Luiz Borgos Oitavo) [Common] (spans:  ) "Temos sheriff?" (language: Galactic Common) (Wasteland (223, 74, 2))
[2021-05-16 18:24:56.016] TCOMMS: GabrielDoomBR/(Baam Frest) [Common] (spans:  ) "Claro" (language: Galactic Common) (City (59, 48, 2))
[2021-05-16 18:25:03.326] TCOMMS: luiz20/(Luiz Borgos Oitavo) [Common] (spans:  ) "Entendi" (language: Galactic Common) (Wasteland (230, 115, 2))
[2021-05-16 18:25:11.517] TCOMMS: luiz20/(Luiz Borgos Oitavo) [Common] (spans:  ) "Sou lider da legião" (language: Galactic Common) (Wasteland (226, 121, 2))
[2021-05-16 18:25:21.816] TCOMMS: GabrielDoomBR/(Baam Frest) [Common] (spans:  ) "Teu pessoal tinha invadido aqui" (language: Galactic Common) (City (59, 48, 2))
[2021-05-16 18:25:24.166] TCOMMS: alexalbright/(Alex Albright) [Common] (spans:  ) "Mo&#39;rte a...huuuhhh...L&#39;egion" (language: Galactic Common) (City (46, 46, 2))
[2021-05-16 18:25:46.610] TCOMMS: luiz20/(Luiz Borgos Oitavo) [Common] (spans:  ) "Eles atacaram sem eu mandar" (language: Galactic Common) (Wasteland (173, 133, 2))
[2021-05-16 18:25:53.123] TCOMMS: N0fun/(Lillian Polson) [BOS] (spans:  ) "Courier e os Heads..." (language: Galactic Common) (Brotherhood of Steel (166, 221, 2))
[2021-05-16 18:25:58.503] TCOMMS: N0fun/(Lillian Polson) [BOS] (spans:  ) "Eu queria perguntar" (language: Galactic Common) (Brotherhood of Steel (166, 221, 2))
[2021-05-16 18:26:00.645] TCOMMS: luiz20/(Luiz Borgos Oitavo) [Common] (spans:  ) "Desculpe pelo incoveniente" (language: Galactic Common) (Wasteland (166, 163, 2))
[2021-05-16 18:26:03.413] TCOMMS: SondTheAnime/(Courier) [BOS] (spans:  ) "Sim?" (language: Galactic Common) (Brotherhood of Steel Leisure Areas (223, 237, 3))
[2021-05-16 18:26:05.984] TCOMMS: GabrielDoomBR/(Baam Frest) [Common] (spans:  ) "Beleza" (language: Galactic Common) (City (59, 48, 2))
[2021-05-16 18:26:06.911] TCOMMS: luiz20/(Luiz Borgos Oitavo) [Common] (spans:  ) "Poderia soltar eles?" (language: Galactic Common) (Wasteland (164, 165, 2))
[2021-05-16 18:26:12.717] TCOMMS: GabrielDoomBR/(Baam Frest) [Common] (spans:  ) "Eles não tão aqui não" (language: Galactic Common) (City (59, 48, 2))
[2021-05-16 18:26:17.737] TCOMMS: N0fun/(Lillian Polson) [BOS] (spans:  ) "A mercadora que se juntar a nossa causa" (language: Galactic Common) (Brotherhood of Steel (166, 221, 2))
[2021-05-16 18:26:34.231] TCOMMS: SondTheAnime/(Courier) [BOS] (spans:  ) "Certo, estou subindo." (language: Galactic Common) (Brotherhood of Steel Operations Department (237, 231, 3))
[2021-05-16 18:26:40.264] TCOMMS: GabrielDoomBR/(Baam Frest) [Common] (spans:  ) "O enclave tinha falado que tinha matado dois deles ai" (language: Galactic Common) (City (59, 48, 2))
[2021-05-16 18:27:42.214] TCOMMS: Eversonblr/(Miguel Hastings) [BOS] (spans:  ) "Não deveria interroga ele ?" (language: Galactic Common) (Brotherhood of Steel (165, 230, 2))
[2021-05-16 18:27:46.976] TCOMMS: Eversonblr/(Miguel Hastings) [BOS] (spans:  ) "Pra ver as inteções" (language: Galactic Common) (Brotherhood of Steel (165, 230, 2))
[2021-05-16 18:28:11.930] TCOMMS: luiz20/(Luiz Borgos Oitavo) [Legion] (spans:  ) "Ataque a bos" (language: Galactic Common) (Wasteland (179, 182, 2))
[2021-05-16 18:28:14.997] TCOMMS: shirozinha/(Lukas Randolph) [BOS] (spans:  ) "Aaaaa" (language: Galactic Common) (Wasteland (179, 190, 2))
[2021-05-16 18:28:16.814] TCOMMS: shirozinha/(Lukas Randolph) [BOS] (spans:  ) "Caloor" (language: Galactic Common) (Wasteland (179, 190, 2))
[2021-05-16 18:28:26.411] TCOMMS: SondTheAnime/(Courier) [BOS] (spans:  ) "Cuidado" (language: Galactic Common) (Brotherhood of Steel (153, 238, 2))
[2021-05-16 18:28:32.099] TCOMMS: luiz20/(Luiz Borgos Oitavo) [Common] (spans:  ) "Encontrei os não filhos de cesar" (language: Galactic Common) (Wasteland (167, 138, 2))
[2021-05-16 18:28:40.333] TCOMMS: shirozinha/(Lukas Randolph) [BOS] (spans:  ) "Socrro" (language: Galactic Common) (Wasteland (174, 200, 2))
[2021-05-16 18:28:46.735] TCOMMS: shirozinha/(Lukas Randolph) [BOS] (spans:  ) "Estou na frente da base" (language: Galactic Common) (Wasteland (174, 200, 2))
[2021-05-16 18:30:42.037] TCOMMS: luiz20/(Luiz Borgos Oitavo) [Common] (spans:  ) "Sheriff onde se encontra?" (language: Galactic Common) (Wasteland (111, 18, 2))
[2021-05-16 18:33:02.599] TCOMMS: shirozinha/(Lukas Randolph) [BOS] (spans:  ) "Eu vou fica ssd" (language: Galactic Common) (Brotherhood of Steel Leisure Areas (222, 234, 3))
[2021-05-16 18:33:10.803] TCOMMS: shirozinha/(Lukas Randolph) [BOS] (spans:  ) "Ja volto" (language: Galactic Common) (Brotherhood of Steel Leisure Areas (222, 234, 3))
[2021-05-16 18:34:08.568] TCOMMS: Eversonblr/(Miguel Hastings) [BOS] (spans:  ) "Irei guarda as arma na armory" (language: Galactic Common) (Brotherhood of Steel 1st Floor Offices (239, 206, 3))
[2021-05-16 18:35:45.552] TCOMMS: Eversonblr/(Miguel Hastings) [BOS] (spans:  ) "Depois irei organiza a armory" (language: Galactic Common) (Brotherhood of Steel Operations Department (244, 250, 3))
[2021-05-16 18:40:06.834] TCOMMS: SondTheAnime/(Courier) [BOS] (spans:  ) "Scribe" (language: Galactic Common) (Brotherhood of Steel RnD Department (232, 195, 3))
[2021-05-16 18:40:25.200] TCOMMS: SondTheAnime/(Courier) [BOS] (spans:  ) "Scribe?" (language: Galactic Common) (Brotherhood of Steel Mining (222, 202, 3))
[2021-05-16 18:40:58.393] TCOMMS: SondTheAnime/(Courier) [BOS] (spans:  ) "Lukas, posição." (language: Galactic Common) (Brotherhood of Steel Medbay (244, 213, 3))
[2021-05-16 18:41:22.389] TCOMMS: Eversonblr/(Miguel Hastings) [BOS] (spans:  ) "So uma coisa o medical beam não peguem pra uso proprio é pra uso geral então mantenha isso na med" (language: Galactic Common) (Brotherhood of Steel Medbay (237, 223, 3))
[2021-05-16 18:41:58.901] TCOMMS: SondTheAnime/(Courier) [BOS] (spans:  ) "A gente não faz robo aqui, não temos recursos" (language: Galactic Common) (Brotherhood of Steel RnD Department (232, 212, 3))
[2021-05-16 18:44:29.185] TCOMMS: SondTheAnime/(Courier) [BOS] (spans:  ) "Cade o Lukas?" (language: Galactic Common) (Brotherhood of Steel Operations Department (231, 223, 3))
[2021-05-16 18:44:43.787] TCOMMS: SondTheAnime/(Courier) [BOS] (spans:  ) "Aa ta dormindo." (language: Galactic Common) (Brotherhood of Steel Operations Department (226, 231, 3))
[2021-05-16 18:44:57.151] TCOMMS: SondTheAnime/(Courier) [BOS] (spans:  ) "Quer dizer, ta morto." (language: Galactic Common) (Brotherhood of Steel Leisure Areas (224, 236, 3))
[2021-05-16 18:45:33.497] TCOMMS: N0fun/(Lillian Polson) [BOS] (spans:  ) "Morreu? como?" (language: Galactic Common) (Brotherhood of Steel 1st Floor Offices (251, 204, 3))
[2021-05-16 18:46:00.327] TCOMMS: SondTheAnime/(Courier) [BOS] (spans:  ) "Pelo visto se matou" (language: Galactic Common) (Brotherhood of Steel Medbay (237, 216, 3))
