[2021-05-15 23:29:09.724] ASSET: Sending asset `tgui-common.chunk.js` to client `Dantesousa` as `tgui-common.chunk.js`
[2021-05-15 23:29:09.725] ASSET: Sending asset `tgui-panel.bundle.js` to client `Dantesousa` as `tgui-panel.bundle.js`
[2021-05-15 23:29:09.725] ASSET: Sending asset `tgui-panel.bundle.css` to client `Dantesousa` as `tgui-panel.bundle.css`
[2021-05-15 23:29:20.334] ASSET: Sending asset `tgui-common.chunk.js` to client `Bruno-Asbahr` as `tgui-common.chunk.js`
[2021-05-15 23:29:20.334] ASSET: Sending asset `tgui-panel.bundle.js` to client `Bruno-Asbahr` as `tgui-panel.bundle.js`
[2021-05-15 23:29:20.334] ASSET: Sending asset `tgui-panel.bundle.css` to client `Bruno-Asbahr` as `tgui-panel.bundle.css`
[2021-05-15 23:29:20.626] ASSET: Sending asset `fa-regular-400.eot` to client `Dantesousa` as `fa-regular-400.eot`
[2021-05-15 23:29:20.627] ASSET: Sending asset `fa-regular-400.woff` to client `Dantesousa` as `fa-regular-400.woff`
[2021-05-15 23:29:20.628] ASSET: Sending asset `fa-solid-900.eot` to client `Dantesousa` as `fa-solid-900.eot`
[2021-05-15 23:29:20.628] ASSET: Sending asset `fa-solid-900.woff` to client `Dantesousa` as `fa-solid-900.woff`
[2021-05-15 23:29:20.628] ASSET: Sending asset `font-awesome.css` to client `Dantesousa` as `font-awesome.css`
[2021-05-15 23:29:20.628] ASSET: Sending asset `v4shim.css` to client `Dantesousa` as `v4shim.css`
[2021-05-15 23:29:20.628] ASSET: Sending asset `spritesheet_chat.css` to client `Dantesousa` as `asset.9d9c5d18011d0acb1e27b98bc6cd295f.css`
[2021-05-15 23:29:20.628] ASSET: Sending asset `chat_16x16.png` to client `Dantesousa` as `asset.253bbc52a19928fa3bb250b9d2a425c6.png`
[2021-05-15 23:29:20.628] ASSET: Sending asset `chat_32x32.png` to client `Dantesousa` as `asset.9fb3455e39c1c40b9eb331534ba43cf4.png`
[2021-05-15 23:29:20.646] ASSET: Sending asset `padlock.png` to client `Dantesousa` as `padlock.png`
[2021-05-15 23:29:20.646] ASSET: Sending asset `common.css` to client `Dantesousa` as `asset.622312737bbe2cc2ca8ae98407fe605a.css`
[2021-05-15 23:29:22.980] ASSET: Sending asset `jquery.min.js` to client `Dantesousa` as `jquery.min.js`
[2021-05-15 23:29:22.990] ASSET: Sending asset `fa-regular-400.eot` to client `Bruno-Asbahr` as `fa-regular-400.eot`
[2021-05-15 23:29:22.990] ASSET: Sending asset `fa-regular-400.woff` to client `Bruno-Asbahr` as `fa-regular-400.woff`
[2021-05-15 23:29:22.990] ASSET: Sending asset `fa-solid-900.eot` to client `Bruno-Asbahr` as `fa-solid-900.eot`
[2021-05-15 23:29:22.990] ASSET: Sending asset `fa-solid-900.woff` to client `Bruno-Asbahr` as `fa-solid-900.woff`
[2021-05-15 23:29:22.990] ASSET: Sending asset `font-awesome.css` to client `Bruno-Asbahr` as `font-awesome.css`
[2021-05-15 23:29:22.990] ASSET: Sending asset `v4shim.css` to client `Bruno-Asbahr` as `v4shim.css`
[2021-05-15 23:29:22.991] ASSET: Sending asset `spritesheet_chat.css` to client `Bruno-Asbahr` as `asset.9d9c5d18011d0acb1e27b98bc6cd295f.css`
[2021-05-15 23:29:22.991] ASSET: Sending asset `chat_16x16.png` to client `Bruno-Asbahr` as `asset.253bbc52a19928fa3bb250b9d2a425c6.png`
[2021-05-15 23:29:22.991] ASSET: Sending asset `chat_32x32.png` to client `Bruno-Asbahr` as `asset.9fb3455e39c1c40b9eb331534ba43cf4.png`
[2021-05-15 23:29:22.996] ASSET: Sending asset `padlock.png` to client `Bruno-Asbahr` as `padlock.png`
[2021-05-15 23:29:22.996] ASSET: Sending asset `common.css` to client `Bruno-Asbahr` as `asset.622312737bbe2cc2ca8ae98407fe605a.css`
[2021-05-15 23:29:34.320] ASSET: Sending asset `tgui-common.chunk.js` to client `Bruno-Asbahr` as `tgui-common.chunk.js`
[2021-05-15 23:29:34.321] ASSET: Sending asset `tgui-panel.bundle.js` to client `Bruno-Asbahr` as `tgui-panel.bundle.js`
[2021-05-15 23:29:34.321] ASSET: Sending asset `tgui-panel.bundle.css` to client `Bruno-Asbahr` as `tgui-panel.bundle.css`
[2021-05-15 23:29:37.073] ASSET: Sending asset `fa-regular-400.eot` to client `Bruno-Asbahr` as `fa-regular-400.eot`
[2021-05-15 23:29:37.073] ASSET: Sending asset `fa-regular-400.woff` to client `Bruno-Asbahr` as `fa-regular-400.woff`
[2021-05-15 23:29:37.073] ASSET: Sending asset `fa-solid-900.eot` to client `Bruno-Asbahr` as `fa-solid-900.eot`
[2021-05-15 23:29:37.073] ASSET: Sending asset `fa-solid-900.woff` to client `Bruno-Asbahr` as `fa-solid-900.woff`
[2021-05-15 23:29:37.073] ASSET: Sending asset `font-awesome.css` to client `Bruno-Asbahr` as `font-awesome.css`
[2021-05-15 23:29:37.074] ASSET: Sending asset `v4shim.css` to client `Bruno-Asbahr` as `v4shim.css`
[2021-05-15 23:29:37.074] ASSET: Sending asset `spritesheet_chat.css` to client `Bruno-Asbahr` as `asset.9d9c5d18011d0acb1e27b98bc6cd295f.css`
[2021-05-15 23:29:37.074] ASSET: Sending asset `chat_16x16.png` to client `Bruno-Asbahr` as `asset.253bbc52a19928fa3bb250b9d2a425c6.png`
[2021-05-15 23:29:37.074] ASSET: Sending asset `chat_32x32.png` to client `Bruno-Asbahr` as `asset.9fb3455e39c1c40b9eb331534ba43cf4.png`
[2021-05-15 23:29:37.081] ASSET: Sending asset `padlock.png` to client `Bruno-Asbahr` as `padlock.png`
[2021-05-15 23:29:37.081] ASSET: Sending asset `common.css` to client `Bruno-Asbahr` as `asset.622312737bbe2cc2ca8ae98407fe605a.css`
[2021-05-15 23:29:39.892] ASSET: Sending asset `jquery.min.js` to client `Bruno-Asbahr` as `jquery.min.js`
