[2021-05-15 23:27:39.043] TGS Info: Activating API for version 3.2.6.2
[2021-05-15 23:27:39.052] runtime error: list index out of bounds
 - proc name: OnWorldNew (/datum/tgs_api/v3210/OnWorldNew)
 -   source file: api.dm,69
 -   usr: null
 -   src: /datum/tgs_api/v3210 (/datum/tgs_api/v3210)
 -   call stack:
 - /datum/tgs_api/v3210 (/datum/tgs_api/v3210): OnWorldNew(0)
 - world: TgsNew(/datum/tgs_event_handler/impl (/datum/tgs_event_handler/impl), 0)
 - world: InitTgs()
 - world: New()
 - 
[2021-05-15 23:27:39.053] TGS Error: Failed to activate API!
[2021-05-15 23:27:39.055] Running /tg/ revision: 
 - No commit information
[2021-05-15 23:27:39.070] Loading config file config.txt...
[2021-05-15 23:27:39.072] Loading config file game_options.txt...
[2021-05-15 23:27:39.081] Loading config file dbconfig.txt...
[2021-05-15 23:27:39.083] Loading config file comms.txt...
[2021-05-15 23:27:39.084] Loading config file antag_rep.txt...
[2021-05-15 23:27:39.085] Loading config file resources.txt...
[2021-05-15 23:27:39.086] Loading config file donator_groupings.txt...
[2021-05-15 23:27:39.087] Loading config file dynamic_config.txt...
[2021-05-15 23:27:39.096] Loading config file plushies/defines.txt...
[2021-05-15 23:27:39.097] Loading config file job_threats.txt...
[2021-05-15 23:27:39.098] Loading config file policy.txt...
[2021-05-15 23:27:39.103] Loading config file maps.txt...
[2021-05-15 23:27:39.112] Database connection established.
[2021-05-15 23:27:39.114] SQL: Could not get schema version from database
