[2021-05-15 23:27:39.135] Starting up round ID 5.
 - -------------------------
[2021-05-15 23:27:39.172] Running /tg/ revision: 
 - No commit information
[2021-05-15 23:27:39.185] runtime error: Admin datum created without a rank
 - proc name: New (/datum/admins/New)
 -   source file: holder2.dm,45
 -   usr: null
 -   src: nobody\'s admin datum (no rank... (/datum/admins)
 -   call stack:
 - nobody\'s admin datum (no rank... (/datum/admins): New(null, "dantesousa", 0, 1)
 - load admins(null)
 - world: New()
 - 
[2021-05-15 23:27:40.456] Loading Yuma...
[2021-05-15 23:27:51.024] runtime error: The specified procedure could not be found.
 - 
 - proc name: AUXTOOLS CHECK (/proc/AUXTOOLS_CHECK)
 -   source file: _extools_api.dm,14
 -   usr: (src)
 -   src: null
 -   call stack:
 - AUXTOOLS CHECK("auxmos.dll")
 - /datum/gas_mixture (/datum/gas_mixture): New(200)
 - the air vent (/obj/machinery/atmospherics/components/unary/vent_pump/on): New(the vault floor (235,194,3) (/turf/open/floor/plasteel/f13/vault_floor/plating))
 - the air vent (/obj/machinery/atmospherics/components/unary/vent_pump/on): New(the vault floor (235,194,3) (/turf/open/floor/plasteel/f13/vault_floor/plating))
 - /datum/parsed_map (/datum/parsed_map): create atom(/obj/machinery/atmospherics/co... (/obj/machinery/atmospherics/components/unary/vent_pump/on), the vault floor (235,194,3) (/turf/open/floor/plasteel/f13/vault_floor/plating))
 - /datum/parsed_map (/datum/parsed_map): instance atom(/obj/machinery/atmospherics/co... (/obj/machinery/atmospherics/components/unary/vent_pump/on), /list (/list), the vault floor (235,194,3) (/turf/open/floor/plasteel/f13/vault_floor/plating), 1, 0, 0, 0, 0, 0)
 - /datum/parsed_map (/datum/parsed_map): build coordinate(/list (/list), /list (/list), the vault floor (235,194,3) (/turf/open/floor/plasteel/f13/vault_floor/plating), 1, 0, 0, 0, 0, 0, 0)
 - /datum/parsed_map (/datum/parsed_map):  load impl(1, 1, 3, 0, 1, -1e+031, 1e+031, -1e+031, 1e+031, 0, 2, 0, null)
 - /datum/parsed_map (/datum/parsed_map): load(1, 1, 3, null, 1, null, null, null, null, null, 2, null, null)
 - Mapping (/datum/controller/subsystem/mapping): LoadGroup(/list (/list), "Wasteland", "map_files/Pahrump", /list (/list), /list (/list), /list (/list), 0, 2)
 - Mapping (/datum/controller/subsystem/mapping): loadWorld()
 - Mapping (/datum/controller/subsystem/mapping): Initialize(844604)
 - Master (/datum/controller/master): Initialize(10, 0, 1)
 - 
[2021-05-15 23:27:51.040] runtime error: The specified procedure could not be found.
 - 
 - proc name: AUXTOOLS CHECK (/proc/AUXTOOLS_CHECK)
 -   source file: _extools_api.dm,14
 -   usr: (src)
 -   src: null
 -   call stack:
 - AUXTOOLS CHECK("auxmos.dll")
 - /datum/gas_mixture (/datum/gas_mixture): New(200)
 - the air vent (/obj/machinery/atmospherics/components/unary/vent_pump/on): New(the metal floor (235,191,3) (/turf/open/floor/plating/tunnel))
 - the air vent (/obj/machinery/atmospherics/components/unary/vent_pump/on): New(the metal floor (235,191,3) (/turf/open/floor/plating/tunnel))
 - /datum/parsed_map (/datum/parsed_map): create atom(/obj/machinery/atmospherics/co... (/obj/machinery/atmospherics/components/unary/vent_pump/on), the metal floor (235,191,3) (/turf/open/floor/plating/tunnel))
 - /datum/parsed_map (/datum/parsed_map): instance atom(/obj/machinery/atmospherics/co... (/obj/machinery/atmospherics/components/unary/vent_pump/on), /list (/list), the metal floor (235,191,3) (/turf/open/floor/plating/tunnel), 1, 0, 0, 0, 0, 0)
 - /datum/parsed_map (/datum/parsed_map): build coordinate(/list (/list), /list (/list), the metal floor (235,191,3) (/turf/open/floor/plating/tunnel), 1, 0, 0, 0, 0, 0, 0)
 - /datum/parsed_map (/datum/parsed_map):  load impl(1, 1, 3, 0, 1, -1e+031, 1e+031, -1e+031, 1e+031, 0, 2, 0, null)
 - /datum/parsed_map (/datum/parsed_map): load(1, 1, 3, null, 1, null, null, null, null, null, 2, null, null)
 - Mapping (/datum/controller/subsystem/mapping): LoadGroup(/list (/list), "Wasteland", "map_files/Pahrump", /list (/list), /list (/list), /list (/list), 0, 2)
 - Mapping (/datum/controller/subsystem/mapping): loadWorld()
 - Mapping (/datum/controller/subsystem/mapping): Initialize(844604)
 - Master (/datum/controller/master): Initialize(10, 0, 1)
 - 
[2021-05-15 23:27:51.184] Loaded Wasteland in 10.7s!
[2021-05-15 23:27:53.525] Loaded Dungeons in 2.3s!
[2021-05-15 23:27:55.891] Ruin loader finished with 0 left to spend.
[2021-05-15 23:27:56.537] runtime error: The specified procedure could not be found.
 - 
 - proc name: AUXTOOLS CHECK (/proc/AUXTOOLS_CHECK)
 -   source file: _extools_api.dm,14
 -   usr: (src)
 -   src: null
 -   call stack:
 - AUXTOOLS CHECK("auxmos.dll")
 - /datum/gas_mixture (/datum/gas_mixture): New(70)
 - the plasma tank (/obj/item/tank/internals/plasma): Initialize(1)
 - Atoms (/datum/controller/subsystem/atoms): InitAtom(the plasma tank (/obj/item/tank/internals/plasma), /list (/list))
 - the plasma tank (/obj/item/tank/internals/plasma): New(1)
 - the tank dispenser (/obj/structure/tank_dispenser/plasma): Initialize(1)
 - Atoms (/datum/controller/subsystem/atoms): InitAtom(the tank dispenser (/obj/structure/tank_dispenser/plasma), /list (/list))
 - Atoms (/datum/controller/subsystem/atoms): InitializeAtoms(null)
 - Atoms (/datum/controller/subsystem/atoms): Initialize(844760)
 - Master (/datum/controller/master): Initialize(10, 0, 1)
 - 
[2021-05-15 23:27:56.548] runtime error: The specified procedure could not be found.
 - 
 - proc name: AUXTOOLS CHECK (/proc/AUXTOOLS_CHECK)
 -   source file: _extools_api.dm,14
 -   usr: (src)
 -   src: null
 -   call stack:
 - AUXTOOLS CHECK("auxmos.dll")
 - /datum/gas_mixture (/datum/gas_mixture): New(70)
 - the plasma tank (/obj/item/tank/internals/plasma): Initialize(1)
 - Atoms (/datum/controller/subsystem/atoms): InitAtom(the plasma tank (/obj/item/tank/internals/plasma), /list (/list))
 - the plasma tank (/obj/item/tank/internals/plasma): New(1)
 - the tank dispenser (/obj/structure/tank_dispenser/plasma): Initialize(1)
 - Atoms (/datum/controller/subsystem/atoms): InitAtom(the tank dispenser (/obj/structure/tank_dispenser/plasma), /list (/list))
 - Atoms (/datum/controller/subsystem/atoms): InitializeAtoms(null)
 - Atoms (/datum/controller/subsystem/atoms): Initialize(844760)
 - Master (/datum/controller/master): Initialize(10, 0, 1)
 - 
[2021-05-15 23:27:56.559] runtime error: The specified procedure could not be found.
 - 
 - proc name: AUXTOOLS CHECK (/proc/AUXTOOLS_CHECK)
 -   source file: _extools_api.dm,14
 -   usr: (src)
 -   src: null
 -   call stack:
 - AUXTOOLS CHECK("auxmos.dll")
 - /datum/gas_mixture (/datum/gas_mixture): New(70)
 - the plasma tank (/obj/item/tank/internals/plasma): Initialize(1)
 - Atoms (/datum/controller/subsystem/atoms): InitAtom(the plasma tank (/obj/item/tank/internals/plasma), /list (/list))
 - the plasma tank (/obj/item/tank/internals/plasma): New(1)
 - the tank dispenser (/obj/structure/tank_dispenser/plasma): Initialize(1)
 - Atoms (/datum/controller/subsystem/atoms): InitAtom(the tank dispenser (/obj/structure/tank_dispenser/plasma), /list (/list))
 - Atoms (/datum/controller/subsystem/atoms): InitializeAtoms(null)
 - Atoms (/datum/controller/subsystem/atoms): Initialize(844760)
 - Master (/datum/controller/master): Initialize(10, 0, 1)
 - 
[2021-05-15 23:27:56.570] runtime error: The specified procedure could not be found.
 - 
 - proc name: AUXTOOLS CHECK (/proc/AUXTOOLS_CHECK)
 -   source file: _extools_api.dm,14
 -   usr: (src)
 -   src: null
 -   call stack:
 - AUXTOOLS CHECK("auxmos.dll")
 - /datum/gas_mixture (/datum/gas_mixture): New(70)
 - the plasma tank (/obj/item/tank/internals/plasma): Initialize(1)
 - Atoms (/datum/controller/subsystem/atoms): InitAtom(the plasma tank (/obj/item/tank/internals/plasma), /list (/list))
 - the plasma tank (/obj/item/tank/internals/plasma): New(1)
 - the tank dispenser (/obj/structure/tank_dispenser/plasma): Initialize(1)
 - Atoms (/datum/controller/subsystem/atoms): InitAtom(the tank dispenser (/obj/structure/tank_dispenser/plasma), /list (/list))
 - Atoms (/datum/controller/subsystem/atoms): InitializeAtoms(null)
 - Atoms (/datum/controller/subsystem/atoms): Initialize(844760)
 - Master (/datum/controller/master): Initialize(10, 0, 1)
 - 
[2021-05-15 23:27:56.583] runtime error: The specified procedure could not be found.
 - 
 - proc name: AUXTOOLS CHECK (/proc/AUXTOOLS_CHECK)
 -   source file: _extools_api.dm,14
 -   usr: (src)
 -   src: null
 -   call stack:
 - AUXTOOLS CHECK("auxmos.dll")
 - /datum/gas_mixture (/datum/gas_mixture): New(70)
 - the plasma tank (/obj/item/tank/internals/plasma): Initialize(1)
 - Atoms (/datum/controller/subsystem/atoms): InitAtom(the plasma tank (/obj/item/tank/internals/plasma), /list (/list))
 - the plasma tank (/obj/item/tank/internals/plasma): New(1)
 - the tank dispenser (/obj/structure/tank_dispenser/plasma): Initialize(1)
 - Atoms (/datum/controller/subsystem/atoms): InitAtom(the tank dispenser (/obj/structure/tank_dispenser/plasma), /list (/list))
 - Atoms (/datum/controller/subsystem/atoms): InitializeAtoms(null)
 - Atoms (/datum/controller/subsystem/atoms): Initialize(844760)
 - Master (/datum/controller/master): Initialize(10, 0, 1)
 - 
[2021-05-15 23:27:56.594] runtime error: The specified procedure could not be found.
 - 
 - proc name: AUXTOOLS CHECK (/proc/AUXTOOLS_CHECK)
 -   source file: _extools_api.dm,14
 -   usr: (src)
 -   src: null
 -   call stack:
 - AUXTOOLS CHECK("auxmos.dll")
 - /datum/gas_mixture (/datum/gas_mixture): New(70)
 - the plasma tank (/obj/item/tank/internals/plasma): Initialize(1)
 - Atoms (/datum/controller/subsystem/atoms): InitAtom(the plasma tank (/obj/item/tank/internals/plasma), /list (/list))
 - the plasma tank (/obj/item/tank/internals/plasma): New(1)
 - the tank dispenser (/obj/structure/tank_dispenser/plasma): Initialize(1)
 - Atoms (/datum/controller/subsystem/atoms): InitAtom(the tank dispenser (/obj/structure/tank_dispenser/plasma), /list (/list))
 - Atoms (/datum/controller/subsystem/atoms): InitializeAtoms(null)
 - Atoms (/datum/controller/subsystem/atoms): Initialize(844760)
 - Master (/datum/controller/master): Initialize(10, 0, 1)
 - 
[2021-05-15 23:27:56.605] runtime error: The specified procedure could not be found.
 - 
 - proc name: AUXTOOLS CHECK (/proc/AUXTOOLS_CHECK)
 -   source file: _extools_api.dm,14
 -   usr: (src)
 -   src: null
 -   call stack:
 - AUXTOOLS CHECK("auxmos.dll")
 - /datum/gas_mixture (/datum/gas_mixture): New(70)
 - the plasma tank (/obj/item/tank/internals/plasma): Initialize(1)
 - Atoms (/datum/controller/subsystem/atoms): InitAtom(the plasma tank (/obj/item/tank/internals/plasma), /list (/list))
 - the plasma tank (/obj/item/tank/internals/plasma): New(1)
 - the tank dispenser (/obj/structure/tank_dispenser/plasma): Initialize(1)
 - Atoms (/datum/controller/subsystem/atoms): InitAtom(the tank dispenser (/obj/structure/tank_dispenser/plasma), /list (/list))
 - Atoms (/datum/controller/subsystem/atoms): InitializeAtoms(null)
 - Atoms (/datum/controller/subsystem/atoms): Initialize(844760)
 - Master (/datum/controller/master): Initialize(10, 0, 1)
 - 
[2021-05-15 23:27:56.617] runtime error: The specified procedure could not be found.
 - 
 - proc name: AUXTOOLS CHECK (/proc/AUXTOOLS_CHECK)
 -   source file: _extools_api.dm,14
 -   usr: (src)
 -   src: null
 -   call stack:
 - AUXTOOLS CHECK("auxmos.dll")
 - /datum/gas_mixture (/datum/gas_mixture): New(70)
 - the plasma tank (/obj/item/tank/internals/plasma): Initialize(1)
 - Atoms (/datum/controller/subsystem/atoms): InitAtom(the plasma tank (/obj/item/tank/internals/plasma), /list (/list))
 - the plasma tank (/obj/item/tank/internals/plasma): New(1)
 - the tank dispenser (/obj/structure/tank_dispenser/plasma): Initialize(1)
 - Atoms (/datum/controller/subsystem/atoms): InitAtom(the tank dispenser (/obj/structure/tank_dispenser/plasma), /list (/list))
 - Atoms (/datum/controller/subsystem/atoms): InitializeAtoms(null)
 - Atoms (/datum/controller/subsystem/atoms): Initialize(844760)
 - Master (/datum/controller/master): Initialize(10, 0, 1)
 - 
[2021-05-15 23:27:56.628] runtime error: The specified procedure could not be found.
 - 
 - proc name: AUXTOOLS CHECK (/proc/AUXTOOLS_CHECK)
 -   source file: _extools_api.dm,14
 -   usr: (src)
 -   src: null
 -   call stack:
 - AUXTOOLS CHECK("auxmos.dll")
 - /datum/gas_mixture (/datum/gas_mixture): New(70)
 - the plasma tank (/obj/item/tank/internals/plasma): Initialize(1)
 - Atoms (/datum/controller/subsystem/atoms): InitAtom(the plasma tank (/obj/item/tank/internals/plasma), /list (/list))
 - the plasma tank (/obj/item/tank/internals/plasma): New(1)
 - the tank dispenser (/obj/structure/tank_dispenser/plasma): Initialize(1)
 - Atoms (/datum/controller/subsystem/atoms): InitAtom(the tank dispenser (/obj/structure/tank_dispenser/plasma), /list (/list))
 - Atoms (/datum/controller/subsystem/atoms): InitializeAtoms(null)
 - Atoms (/datum/controller/subsystem/atoms): Initialize(844760)
 - Master (/datum/controller/master): Initialize(10, 0, 1)
 - 
[2021-05-15 23:27:56.639] runtime error: The specified procedure could not be found.
 - 
 - proc name: AUXTOOLS CHECK (/proc/AUXTOOLS_CHECK)
 -   source file: _extools_api.dm,14
 -   usr: (src)
 -   src: null
 -   call stack:
 - AUXTOOLS CHECK("auxmos.dll")
 - /datum/gas_mixture (/datum/gas_mixture): New(70)
 - the plasma tank (/obj/item/tank/internals/plasma): Initialize(1)
 - Atoms (/datum/controller/subsystem/atoms): InitAtom(the plasma tank (/obj/item/tank/internals/plasma), /list (/list))
 - the plasma tank (/obj/item/tank/internals/plasma): New(1)
 - the tank dispenser (/obj/structure/tank_dispenser/plasma): Initialize(1)
 - Atoms (/datum/controller/subsystem/atoms): InitAtom(the tank dispenser (/obj/structure/tank_dispenser/plasma), /list (/list))
 - Atoms (/datum/controller/subsystem/atoms): InitializeAtoms(null)
 - Atoms (/datum/controller/subsystem/atoms): Initialize(844760)
 - Master (/datum/controller/master): Initialize(10, 0, 1)
 - 
[2021-05-15 23:27:56.652] runtime error: The specified procedure could not be found.
 - 
 - proc name: AUXTOOLS CHECK (/proc/AUXTOOLS_CHECK)
 -   source file: _extools_api.dm,14
 -   usr: (src)
 -   src: null
 -   call stack:
 - AUXTOOLS CHECK("auxmos.dll")
 - /datum/gas_mixture (/datum/gas_mixture): New(70)
 - the oxygen tank (/obj/item/tank/internals/oxygen): Initialize(1)
 - Atoms (/datum/controller/subsystem/atoms): InitAtom(the oxygen tank (/obj/item/tank/internals/oxygen), /list (/list))
 - the oxygen tank (/obj/item/tank/internals/oxygen): New(1)
 - the tank dispenser (/obj/structure/tank_dispenser/oxygen): Initialize(1)
 - Atoms (/datum/controller/subsystem/atoms): InitAtom(the tank dispenser (/obj/structure/tank_dispenser/oxygen), /list (/list))
 - Atoms (/datum/controller/subsystem/atoms): InitializeAtoms(null)
 - Atoms (/datum/controller/subsystem/atoms): Initialize(844760)
 - Master (/datum/controller/master): Initialize(10, 0, 1)
 - 
[2021-05-15 23:27:56.663] runtime error: The specified procedure could not be found.
 - 
 - proc name: AUXTOOLS CHECK (/proc/AUXTOOLS_CHECK)
 -   source file: _extools_api.dm,14
 -   usr: (src)
 -   src: null
 -   call stack:
 - AUXTOOLS CHECK("auxmos.dll")
 - /datum/gas_mixture (/datum/gas_mixture): New(70)
 - the oxygen tank (/obj/item/tank/internals/oxygen): Initialize(1)
 - Atoms (/datum/controller/subsystem/atoms): InitAtom(the oxygen tank (/obj/item/tank/internals/oxygen), /list (/list))
 - the oxygen tank (/obj/item/tank/internals/oxygen): New(1)
 - the tank dispenser (/obj/structure/tank_dispenser/oxygen): Initialize(1)
 - Atoms (/datum/controller/subsystem/atoms): InitAtom(the tank dispenser (/obj/structure/tank_dispenser/oxygen), /list (/list))
 - Atoms (/datum/controller/subsystem/atoms): InitializeAtoms(null)
 - Atoms (/datum/controller/subsystem/atoms): Initialize(844760)
 - Master (/datum/controller/master): Initialize(10, 0, 1)
 - 
[2021-05-15 23:27:56.673] runtime error: The specified procedure could not be found.
 - 
 - proc name: AUXTOOLS CHECK (/proc/AUXTOOLS_CHECK)
 -   source file: _extools_api.dm,14
 -   usr: (src)
 -   src: null
 -   call stack:
 - AUXTOOLS CHECK("auxmos.dll")
 - /datum/gas_mixture (/datum/gas_mixture): New(70)
 - the oxygen tank (/obj/item/tank/internals/oxygen): Initialize(1)
 - Atoms (/datum/controller/subsystem/atoms): InitAtom(the oxygen tank (/obj/item/tank/internals/oxygen), /list (/list))
 - the oxygen tank (/obj/item/tank/internals/oxygen): New(1)
 - the tank dispenser (/obj/structure/tank_dispenser/oxygen): Initialize(1)
 - Atoms (/datum/controller/subsystem/atoms): InitAtom(the tank dispenser (/obj/structure/tank_dispenser/oxygen), /list (/list))
 - Atoms (/datum/controller/subsystem/atoms): InitializeAtoms(null)
 - Atoms (/datum/controller/subsystem/atoms): Initialize(844760)
 - Master (/datum/controller/master): Initialize(10, 0, 1)
 - 
[2021-05-15 23:27:56.686] runtime error: The specified procedure could not be found.
 - 
 - proc name: AUXTOOLS CHECK (/proc/AUXTOOLS_CHECK)
 -   source file: _extools_api.dm,14
 -   usr: (src)
 -   src: null
 -   call stack:
 - AUXTOOLS CHECK("auxmos.dll")
 - /datum/gas_mixture (/datum/gas_mixture): New(70)
 - the oxygen tank (/obj/item/tank/internals/oxygen): Initialize(1)
 - Atoms (/datum/controller/subsystem/atoms): InitAtom(the oxygen tank (/obj/item/tank/internals/oxygen), /list (/list))
 - the oxygen tank (/obj/item/tank/internals/oxygen): New(1)
 - the tank dispenser (/obj/structure/tank_dispenser/oxygen): Initialize(1)
 - Atoms (/datum/controller/subsystem/atoms): InitAtom(the tank dispenser (/obj/structure/tank_dispenser/oxygen), /list (/list))
 - Atoms (/datum/controller/subsystem/atoms): InitializeAtoms(null)
 - Atoms (/datum/controller/subsystem/atoms): Initialize(844760)
 - Master (/datum/controller/master): Initialize(10, 0, 1)
 - 
[2021-05-15 23:27:56.698] runtime error: The specified procedure could not be found.
 - 
 - proc name: AUXTOOLS CHECK (/proc/AUXTOOLS_CHECK)
 -   source file: _extools_api.dm,14
 -   usr: (src)
 -   src: null
 -   call stack:
 - AUXTOOLS CHECK("auxmos.dll")
 - /datum/gas_mixture (/datum/gas_mixture): New(70)
 - the oxygen tank (/obj/item/tank/internals/oxygen): Initialize(1)
 - Atoms (/datum/controller/subsystem/atoms): InitAtom(the oxygen tank (/obj/item/tank/internals/oxygen), /list (/list))
 - the oxygen tank (/obj/item/tank/internals/oxygen): New(1)
 - the tank dispenser (/obj/structure/tank_dispenser/oxygen): Initialize(1)
 - Atoms (/datum/controller/subsystem/atoms): InitAtom(the tank dispenser (/obj/structure/tank_dispenser/oxygen), /list (/list))
 - Atoms (/datum/controller/subsystem/atoms): InitializeAtoms(null)
 - Atoms (/datum/controller/subsystem/atoms): Initialize(844760)
 - Master (/datum/controller/master): Initialize(10, 0, 1)
 - 
[2021-05-15 23:27:56.709] runtime error: The specified procedure could not be found.
 - 
 - proc name: AUXTOOLS CHECK (/proc/AUXTOOLS_CHECK)
 -   source file: _extools_api.dm,14
 -   usr: (src)
 -   src: null
 -   call stack:
 - AUXTOOLS CHECK("auxmos.dll")
 - /datum/gas_mixture (/datum/gas_mixture): New(70)
 - the oxygen tank (/obj/item/tank/internals/oxygen): Initialize(1)
 - Atoms (/datum/controller/subsystem/atoms): InitAtom(the oxygen tank (/obj/item/tank/internals/oxygen), /list (/list))
 - the oxygen tank (/obj/item/tank/internals/oxygen): New(1)
 - the tank dispenser (/obj/structure/tank_dispenser/oxygen): Initialize(1)
 - Atoms (/datum/controller/subsystem/atoms): InitAtom(the tank dispenser (/obj/structure/tank_dispenser/oxygen), /list (/list))
 - Atoms (/datum/controller/subsystem/atoms): InitializeAtoms(null)
 - Atoms (/datum/controller/subsystem/atoms): Initialize(844760)
 - Master (/datum/controller/master): Initialize(10, 0, 1)
 - 
[2021-05-15 23:27:56.720] runtime error: The specified procedure could not be found.
 - 
 - proc name: AUXTOOLS CHECK (/proc/AUXTOOLS_CHECK)
 -   source file: _extools_api.dm,14
 -   usr: (src)
 -   src: null
 -   call stack:
 - AUXTOOLS CHECK("auxmos.dll")
 - /datum/gas_mixture (/datum/gas_mixture): New(70)
 - the oxygen tank (/obj/item/tank/internals/oxygen): Initialize(1)
 - Atoms (/datum/controller/subsystem/atoms): InitAtom(the oxygen tank (/obj/item/tank/internals/oxygen), /list (/list))
 - the oxygen tank (/obj/item/tank/internals/oxygen): New(1)
 - the tank dispenser (/obj/structure/tank_dispenser/oxygen): Initialize(1)
 - Atoms (/datum/controller/subsystem/atoms): InitAtom(the tank dispenser (/obj/structure/tank_dispenser/oxygen), /list (/list))
 - Atoms (/datum/controller/subsystem/atoms): InitializeAtoms(null)
 - Atoms (/datum/controller/subsystem/atoms): Initialize(844760)
 - Master (/datum/controller/master): Initialize(10, 0, 1)
 - 
[2021-05-15 23:27:56.730] runtime error: The specified procedure could not be found.
 - 
 - proc name: AUXTOOLS CHECK (/proc/AUXTOOLS_CHECK)
 -   source file: _extools_api.dm,14
 -   usr: (src)
 -   src: null
 -   call stack:
 - AUXTOOLS CHECK("auxmos.dll")
 - /datum/gas_mixture (/datum/gas_mixture): New(70)
 - the oxygen tank (/obj/item/tank/internals/oxygen): Initialize(1)
 - Atoms (/datum/controller/subsystem/atoms): InitAtom(the oxygen tank (/obj/item/tank/internals/oxygen), /list (/list))
 - the oxygen tank (/obj/item/tank/internals/oxygen): New(1)
 - the tank dispenser (/obj/structure/tank_dispenser/oxygen): Initialize(1)
 - Atoms (/datum/controller/subsystem/atoms): InitAtom(the tank dispenser (/obj/structure/tank_dispenser/oxygen), /list (/list))
 - Atoms (/datum/controller/subsystem/atoms): InitializeAtoms(null)
 - Atoms (/datum/controller/subsystem/atoms): Initialize(844760)
 - Master (/datum/controller/master): Initialize(10, 0, 1)
 - 
[2021-05-15 23:27:56.741] runtime error: The specified procedure could not be found.
 - 
 - proc name: AUXTOOLS CHECK (/proc/AUXTOOLS_CHECK)
 -   source file: _extools_api.dm,14
 -   usr: (src)
 -   src: null
 -   call stack:
 - AUXTOOLS CHECK("auxmos.dll")
 - /datum/gas_mixture (/datum/gas_mixture): New(70)
 - the oxygen tank (/obj/item/tank/internals/oxygen): Initialize(1)
 - Atoms (/datum/controller/subsystem/atoms): InitAtom(the oxygen tank (/obj/item/tank/internals/oxygen), /list (/list))
 - the oxygen tank (/obj/item/tank/internals/oxygen): New(1)
 - the tank dispenser (/obj/structure/tank_dispenser/oxygen): Initialize(1)
 - Atoms (/datum/controller/subsystem/atoms): InitAtom(the tank dispenser (/obj/structure/tank_dispenser/oxygen), /list (/list))
 - Atoms (/datum/controller/subsystem/atoms): InitializeAtoms(null)
 - Atoms (/datum/controller/subsystem/atoms): Initialize(844760)
 - Master (/datum/controller/master): Initialize(10, 0, 1)
 - 
[2021-05-15 23:27:56.752] runtime error: The specified procedure could not be found.
 - 
 - proc name: AUXTOOLS CHECK (/proc/AUXTOOLS_CHECK)
 -   source file: _extools_api.dm,14
 -   usr: (src)
 -   src: null
 -   call stack:
 - AUXTOOLS CHECK("auxmos.dll")
 - /datum/gas_mixture (/datum/gas_mixture): New(70)
 - the oxygen tank (/obj/item/tank/internals/oxygen): Initialize(1)
 - Atoms (/datum/controller/subsystem/atoms): InitAtom(the oxygen tank (/obj/item/tank/internals/oxygen), /list (/list))
 - the oxygen tank (/obj/item/tank/internals/oxygen): New(1)
 - the tank dispenser (/obj/structure/tank_dispenser/oxygen): Initialize(1)
 - Atoms (/datum/controller/subsystem/atoms): InitAtom(the tank dispenser (/obj/structure/tank_dispenser/oxygen), /list (/list))
 - Atoms (/datum/controller/subsystem/atoms): InitializeAtoms(null)
 - Atoms (/datum/controller/subsystem/atoms): Initialize(844760)
 - Master (/datum/controller/master): Initialize(10, 0, 1)
 - 
[2021-05-15 23:27:57.043] runtime error: The specified procedure could not be found.
 - 
 - proc name: AUXTOOLS CHECK (/proc/AUXTOOLS_CHECK)
 -   source file: _extools_api.dm,14
 -   usr: (src)
 -   src: null
 -   call stack:
 - AUXTOOLS CHECK("auxmos.dll")
 - /datum/gas_mixture (/datum/gas_mixture): New(70)
 - the oxygen tank (/obj/item/tank/internals/oxygen/red): Initialize(1)
 - Atoms (/datum/controller/subsystem/atoms): InitAtom(the oxygen tank (/obj/item/tank/internals/oxygen/red), /list (/list))
 - the oxygen tank (/obj/item/tank/internals/oxygen/red): New(1)
 - the fire-safety closet (/obj/structure/closet/firecloset/full): PopulateContents()
 - the fire-safety closet (/obj/structure/closet/firecloset/full): PopulateContents()
 - the fire-safety closet (/obj/structure/closet/firecloset/full): Initialize(1)
 - Atoms (/datum/controller/subsystem/atoms): InitAtom(the fire-safety closet (/obj/structure/closet/firecloset/full), /list (/list))
 - Atoms (/datum/controller/subsystem/atoms): InitializeAtoms(null)
 - Atoms (/datum/controller/subsystem/atoms): Initialize(844760)
 - Master (/datum/controller/master): Initialize(10, 0, 1)
 - 
[2021-05-15 23:27:57.056] runtime error: The specified procedure could not be found.
 - 
 - proc name: AUXTOOLS CHECK (/proc/AUXTOOLS_CHECK)
 -   source file: _extools_api.dm,14
 -   usr: (src)
 -   src: null
 -   call stack:
 - AUXTOOLS CHECK("auxmos.dll")
 - /datum/gas_mixture (/datum/gas_mixture): New(70)
 - the oxygen tank (/obj/item/tank/internals/oxygen/red): Initialize(1)
 - Atoms (/datum/controller/subsystem/atoms): InitAtom(the oxygen tank (/obj/item/tank/internals/oxygen/red), /list (/list))
 - the oxygen tank (/obj/item/tank/internals/oxygen/red): New(1)
 - the fire-safety closet (/obj/structure/closet/firecloset/full): PopulateContents()
 - the fire-safety closet (/obj/structure/closet/firecloset/full): Initialize(1)
 - Atoms (/datum/controller/subsystem/atoms): InitAtom(the fire-safety closet (/obj/structure/closet/firecloset/full), /list (/list))
 - Atoms (/datum/controller/subsystem/atoms): InitializeAtoms(null)
 - Atoms (/datum/controller/subsystem/atoms): Initialize(844760)
 - Master (/datum/controller/master): Initialize(10, 0, 1)
 - 
[2021-05-15 23:27:57.395] runtime error: The specified procedure could not be found.
 - 
 - proc name: AUXTOOLS CHECK (/proc/AUXTOOLS_CHECK)
 -   source file: _extools_api.dm,14
 -   usr: (src)
 -   src: null
 -   call stack:
 - AUXTOOLS CHECK("auxmos.dll")
 - /datum/gas_mixture (/datum/gas_mixture): New(6)
 - the extended-capacity emergenc... (/obj/item/tank/internals/emergency_oxygen/engi): Initialize(1)
 - Atoms (/datum/controller/subsystem/atoms): InitAtom(the extended-capacity emergenc... (/obj/item/tank/internals/emergency_oxygen/engi), /list (/list))
 - Atoms (/datum/controller/subsystem/atoms): InitializeAtoms(null)
 - Atoms (/datum/controller/subsystem/atoms): Initialize(844760)
 - Master (/datum/controller/master): Initialize(10, 0, 1)
 - 
[2021-05-15 23:27:57.409] runtime error: The specified procedure could not be found.
 - 
 - proc name: AUXTOOLS CHECK (/proc/AUXTOOLS_CHECK)
 -   source file: _extools_api.dm,14
 -   usr: (src)
 -   src: null
 -   call stack:
 - AUXTOOLS CHECK("auxmos.dll")
 - /datum/gas_mixture (/datum/gas_mixture): New(6)
 - the extended-capacity emergenc... (/obj/item/tank/internals/emergency_oxygen/engi): Initialize(1)
 - Atoms (/datum/controller/subsystem/atoms): InitAtom(the extended-capacity emergenc... (/obj/item/tank/internals/emergency_oxygen/engi), /list (/list))
 - Atoms (/datum/controller/subsystem/atoms): InitializeAtoms(null)
 - Atoms (/datum/controller/subsystem/atoms): Initialize(844760)
 - Master (/datum/controller/master): Initialize(10, 0, 1)
 - 
[2021-05-15 23:27:57.925] runtime error: The specified procedure could not be found.
 - 
 - proc name: AUXTOOLS CHECK (/proc/AUXTOOLS_CHECK)
 -   source file: _extools_api.dm,14
 -   usr: (src)
 -   src: null
 -   call stack:
 - AUXTOOLS CHECK("auxmos.dll")
 - /datum/gas_mixture (/datum/gas_mixture): New(3)
 - the emergency oxygen tank (/obj/item/tank/internals/emergency_oxygen): Initialize(1)
 - Atoms (/datum/controller/subsystem/atoms): InitAtom(the emergency oxygen tank (/obj/item/tank/internals/emergency_oxygen), /list (/list))
 - the emergency oxygen tank (/obj/item/tank/internals/emergency_oxygen): New(1)
 - the emergency closet (/obj/structure/closet/emcloset): PopulateContents()
 - the emergency closet (/obj/structure/closet/emcloset): Initialize(1)
 - Atoms (/datum/controller/subsystem/atoms): InitAtom(the emergency closet (/obj/structure/closet/emcloset), /list (/list))
 - Atoms (/datum/controller/subsystem/atoms): InitializeAtoms(null)
 - Atoms (/datum/controller/subsystem/atoms): Initialize(844760)
 - Master (/datum/controller/master): Initialize(10, 0, 1)
 - 
[2021-05-15 23:27:57.940] runtime error: The specified procedure could not be found.
 - 
 - proc name: AUXTOOLS CHECK (/proc/AUXTOOLS_CHECK)
 -   source file: _extools_api.dm,14
 -   usr: (src)
 -   src: null
 -   call stack:
 - AUXTOOLS CHECK("auxmos.dll")
 - /datum/gas_mixture (/datum/gas_mixture): New(3)
 - the emergency oxygen tank (/obj/item/tank/internals/emergency_oxygen): Initialize(1)
 - Atoms (/datum/controller/subsystem/atoms): InitAtom(the emergency oxygen tank (/obj/item/tank/internals/emergency_oxygen), /list (/list))
 - the emergency oxygen tank (/obj/item/tank/internals/emergency_oxygen): New(1)
 - the emergency closet (/obj/structure/closet/emcloset): PopulateContents()
 - the emergency closet (/obj/structure/closet/emcloset): Initialize(1)
 - Atoms (/datum/controller/subsystem/atoms): InitAtom(the emergency closet (/obj/structure/closet/emcloset), /list (/list))
 - Atoms (/datum/controller/subsystem/atoms): InitializeAtoms(null)
 - Atoms (/datum/controller/subsystem/atoms): Initialize(844760)
 - Master (/datum/controller/master): Initialize(10, 0, 1)
 - 
[2021-05-15 23:27:57.951] runtime error: The specified procedure could not be found.
 - 
 - proc name: AUXTOOLS CHECK (/proc/AUXTOOLS_CHECK)
 -   source file: _extools_api.dm,14
 -   usr: (src)
 -   src: null
 -   call stack:
 - AUXTOOLS CHECK("auxmos.dll")
 - /datum/gas_mixture (/datum/gas_mixture): New(6)
 - the extended-capacity emergenc... (/obj/item/tank/internals/emergency_oxygen/engi): Initialize(1)
 - Atoms (/datum/controller/subsystem/atoms): InitAtom(the extended-capacity emergenc... (/obj/item/tank/internals/emergency_oxygen/engi), /list (/list))
 - Atoms (/datum/controller/subsystem/atoms): InitializeAtoms(null)
 - Atoms (/datum/controller/subsystem/atoms): Initialize(844760)
 - Master (/datum/controller/master): Initialize(10, 0, 1)
 - 
[2021-05-15 23:27:57.964] runtime error: The specified procedure could not be found.
 - 
 - proc name: AUXTOOLS CHECK (/proc/AUXTOOLS_CHECK)
 -   source file: _extools_api.dm,14
 -   usr: (src)
 -   src: null
 -   call stack:
 - AUXTOOLS CHECK("auxmos.dll")
 - /datum/gas_mixture (/datum/gas_mixture): New(6)
 - the extended-capacity emergenc... (/obj/item/tank/internals/emergency_oxygen/engi): Initialize(1)
 - Atoms (/datum/controller/subsystem/atoms): InitAtom(the extended-capacity emergenc... (/obj/item/tank/internals/emergency_oxygen/engi), /list (/list))
 - Atoms (/datum/controller/subsystem/atoms): InitializeAtoms(null)
 - Atoms (/datum/controller/subsystem/atoms): Initialize(844760)
 - Master (/datum/controller/master): Initialize(10, 0, 1)
 - 
[2021-05-15 23:27:57.975] runtime error: The specified procedure could not be found.
 - 
 - proc name: AUXTOOLS CHECK (/proc/AUXTOOLS_CHECK)
 -   source file: _extools_api.dm,14
 -   usr: (src)
 -   src: null
 -   call stack:
 - AUXTOOLS CHECK("auxmos.dll")
 - /datum/gas_mixture (/datum/gas_mixture): New(6)
 - the extended-capacity emergenc... (/obj/item/tank/internals/emergency_oxygen/engi): Initialize(1)
 - Atoms (/datum/controller/subsystem/atoms): InitAtom(the extended-capacity emergenc... (/obj/item/tank/internals/emergency_oxygen/engi), /list (/list))
 - Atoms (/datum/controller/subsystem/atoms): InitializeAtoms(null)
 - Atoms (/datum/controller/subsystem/atoms): Initialize(844760)
 - Master (/datum/controller/master): Initialize(10, 0, 1)
 - 
[2021-05-15 23:27:58.295] runtime error: The specified procedure could not be found.
 - 
 - proc name: AUXTOOLS CHECK (/proc/AUXTOOLS_CHECK)
 -   source file: _extools_api.dm,14
 -   usr: (src)
 -   src: null
 -   call stack:
 - AUXTOOLS CHECK("auxmos.dll")
 - /datum/gas_mixture (/datum/gas_mixture): New(3)
 - the emergency oxygen tank (/obj/item/tank/internals/emergency_oxygen): Initialize(1)
 - Atoms (/datum/controller/subsystem/atoms): InitAtom(the emergency oxygen tank (/obj/item/tank/internals/emergency_oxygen), /list (/list))
 - the emergency oxygen tank (/obj/item/tank/internals/emergency_oxygen): New(1)
 - the emergency closet (/obj/structure/closet/emcloset): PopulateContents()
 - the emergency closet (/obj/structure/closet/emcloset): Initialize(1)
 - Atoms (/datum/controller/subsystem/atoms): InitAtom(the emergency closet (/obj/structure/closet/emcloset), /list (/list))
 - Atoms (/datum/controller/subsystem/atoms): InitializeAtoms(null)
 - Atoms (/datum/controller/subsystem/atoms): Initialize(844760)
 - Master (/datum/controller/master): Initialize(10, 0, 1)
 - 
[2021-05-15 23:27:58.306] runtime error: The specified procedure could not be found.
 - 
 - proc name: AUXTOOLS CHECK (/proc/AUXTOOLS_CHECK)
 -   source file: _extools_api.dm,14
 -   usr: (src)
 -   src: null
 -   call stack:
 - AUXTOOLS CHECK("auxmos.dll")
 - /datum/gas_mixture (/datum/gas_mixture): New(6)
 - the extended-capacity emergenc... (/obj/item/tank/internals/emergency_oxygen/engi): Initialize(1)
 - Atoms (/datum/controller/subsystem/atoms): InitAtom(the extended-capacity emergenc... (/obj/item/tank/internals/emergency_oxygen/engi), /list (/list))
 - Atoms (/datum/controller/subsystem/atoms): InitializeAtoms(null)
 - Atoms (/datum/controller/subsystem/atoms): Initialize(844760)
 - Master (/datum/controller/master): Initialize(10, 0, 1)
 - 
[2021-05-15 23:27:58.315] runtime error: The specified procedure could not be found.
 - 
 - proc name: AUXTOOLS CHECK (/proc/AUXTOOLS_CHECK)
 -   source file: _extools_api.dm,14
 -   usr: (src)
 -   src: null
 -   call stack:
 - AUXTOOLS CHECK("auxmos.dll")
 - /datum/gas_mixture (/datum/gas_mixture): New(6)
 - the extended-capacity emergenc... (/obj/item/tank/internals/emergency_oxygen/engi): Initialize(1)
 - Atoms (/datum/controller/subsystem/atoms): InitAtom(the extended-capacity emergenc... (/obj/item/tank/internals/emergency_oxygen/engi), /list (/list))
 - Atoms (/datum/controller/subsystem/atoms): InitializeAtoms(null)
 - Atoms (/datum/controller/subsystem/atoms): Initialize(844760)
 - Master (/datum/controller/master): Initialize(10, 0, 1)
 - 
[2021-05-15 23:27:58.324] runtime error: The specified procedure could not be found.
 - 
 - proc name: AUXTOOLS CHECK (/proc/AUXTOOLS_CHECK)
 -   source file: _extools_api.dm,14
 -   usr: (src)
 -   src: null
 -   call stack:
 - AUXTOOLS CHECK("auxmos.dll")
 - /datum/gas_mixture (/datum/gas_mixture): New(6)
 - the extended-capacity emergenc... (/obj/item/tank/internals/emergency_oxygen/engi): Initialize(1)
 - Atoms (/datum/controller/subsystem/atoms): InitAtom(the extended-capacity emergenc... (/obj/item/tank/internals/emergency_oxygen/engi), /list (/list))
 - Atoms (/datum/controller/subsystem/atoms): InitializeAtoms(null)
 - Atoms (/datum/controller/subsystem/atoms): Initialize(844760)
 - Master (/datum/controller/master): Initialize(10, 0, 1)
 - 
[2021-05-15 23:27:58.655] runtime error: The specified procedure could not be found.
 - 
 - proc name: AUXTOOLS CHECK (/proc/AUXTOOLS_CHECK)
 -   source file: _extools_api.dm,14
 -   usr: (src)
 -   src: null
 -   call stack:
 - AUXTOOLS CHECK("auxmos.dll")
 - /datum/gas_mixture (/datum/gas_mixture): New(6)
 - the extended-capacity emergenc... (/obj/item/tank/internals/emergency_oxygen/engi): Initialize(1)
 - Atoms (/datum/controller/subsystem/atoms): InitAtom(the extended-capacity emergenc... (/obj/item/tank/internals/emergency_oxygen/engi), /list (/list))
 - Atoms (/datum/controller/subsystem/atoms): InitializeAtoms(null)
 - Atoms (/datum/controller/subsystem/atoms): Initialize(844760)
 - Master (/datum/controller/master): Initialize(10, 0, 1)
 - 
[2021-05-15 23:27:58.714] runtime error: The specified procedure could not be found.
 - 
 - proc name: AUXTOOLS CHECK (/proc/AUXTOOLS_CHECK)
 -   source file: _extools_api.dm,14
 -   usr: (src)
 -   src: null
 -   call stack:
 - AUXTOOLS CHECK("auxmos.dll")
 - /datum/gas_mixture (/datum/gas_mixture): New(3)
 - the emergency oxygen tank (/obj/item/tank/internals/emergency_oxygen): Initialize(1)
 - Atoms (/datum/controller/subsystem/atoms): InitAtom(the emergency oxygen tank (/obj/item/tank/internals/emergency_oxygen), /list (/list))
 - the emergency oxygen tank (/obj/item/tank/internals/emergency_oxygen): New(1)
 - quartermaster\'s locker (/obj/structure/closet/secure_closet/quartermaster): PopulateContents()
 - quartermaster\'s locker (/obj/structure/closet/secure_closet/quartermaster): Initialize(1)
 - Atoms (/datum/controller/subsystem/atoms): InitAtom(quartermaster\'s locker (/obj/structure/closet/secure_closet/quartermaster), /list (/list))
 - Atoms (/datum/controller/subsystem/atoms): InitializeAtoms(null)
 - Atoms (/datum/controller/subsystem/atoms): Initialize(844760)
 - Master (/datum/controller/master): Initialize(10, 0, 1)
 - 
[2021-05-15 23:27:59.223] runtime error: The specified procedure could not be found.
 - 
 - proc name: AUXTOOLS CHECK (/proc/AUXTOOLS_CHECK)
 -   source file: _extools_api.dm,14
 -   usr: (src)
 -   src: null
 -   call stack:
 - AUXTOOLS CHECK("auxmos.dll")
 - /datum/gas_mixture (/datum/gas_mixture): New(3)
 - the emergency oxygen tank (/obj/item/tank/internals/emergency_oxygen): Initialize(1)
 - Atoms (/datum/controller/subsystem/atoms): InitAtom(the emergency oxygen tank (/obj/item/tank/internals/emergency_oxygen), /list (/list))
 - the emergency oxygen tank (/obj/item/tank/internals/emergency_oxygen): New(1)
 - the emergency closet (/obj/structure/closet/emcloset): PopulateContents()
 - the emergency closet (/obj/structure/closet/emcloset): Initialize(1)
 - Atoms (/datum/controller/subsystem/atoms): InitAtom(the emergency closet (/obj/structure/closet/emcloset), /list (/list))
 - Atoms (/datum/controller/subsystem/atoms): InitializeAtoms(null)
 - Atoms (/datum/controller/subsystem/atoms): Initialize(844760)
 - Master (/datum/controller/master): Initialize(10, 0, 1)
 - 
[2021-05-15 23:27:59.235] runtime error: The specified procedure could not be found.
 - 
 - proc name: AUXTOOLS CHECK (/proc/AUXTOOLS_CHECK)
 -   source file: _extools_api.dm,14
 -   usr: (src)
 -   src: null
 -   call stack:
 - AUXTOOLS CHECK("auxmos.dll")
 - /datum/gas_mixture (/datum/gas_mixture): New(3)
 - the emergency oxygen tank (/obj/item/tank/internals/emergency_oxygen): Initialize(1)
 - Atoms (/datum/controller/subsystem/atoms): InitAtom(the emergency oxygen tank (/obj/item/tank/internals/emergency_oxygen), /list (/list))
 - the emergency oxygen tank (/obj/item/tank/internals/emergency_oxygen): New(1)
 - the emergency closet (/obj/structure/closet/emcloset): PopulateContents()
 - the emergency closet (/obj/structure/closet/emcloset): Initialize(1)
 - Atoms (/datum/controller/subsystem/atoms): InitAtom(the emergency closet (/obj/structure/closet/emcloset), /list (/list))
 - Atoms (/datum/controller/subsystem/atoms): InitializeAtoms(null)
 - Atoms (/datum/controller/subsystem/atoms): Initialize(844760)
 - Master (/datum/controller/master): Initialize(10, 0, 1)
 - 
[2021-05-15 23:27:59.452] runtime error: The specified procedure could not be found.
 - 
 - proc name: AUXTOOLS CHECK (/proc/AUXTOOLS_CHECK)
 -   source file: _extools_api.dm,14
 -   usr: (src)
 -   src: null
 -   call stack:
 - AUXTOOLS CHECK("auxmos.dll")
 - /datum/gas_mixture (/datum/gas_mixture): New(3)
 - the emergency oxygen tank (/obj/item/tank/internals/emergency_oxygen): Initialize(1)
 - Atoms (/datum/controller/subsystem/atoms): InitAtom(the emergency oxygen tank (/obj/item/tank/internals/emergency_oxygen), /list (/list))
 - the emergency oxygen tank (/obj/item/tank/internals/emergency_oxygen): New(1)
 - the emergency closet (/obj/structure/closet/emcloset): PopulateContents()
 - the emergency closet (/obj/structure/closet/emcloset): Initialize(1)
 - Atoms (/datum/controller/subsystem/atoms): InitAtom(the emergency closet (/obj/structure/closet/emcloset), /list (/list))
 - Atoms (/datum/controller/subsystem/atoms): InitializeAtoms(null)
 - Atoms (/datum/controller/subsystem/atoms): Initialize(844760)
 - Master (/datum/controller/master): Initialize(10, 0, 1)
 - 
[2021-05-15 23:27:59.465] runtime error: The specified procedure could not be found.
 - 
 - proc name: AUXTOOLS CHECK (/proc/AUXTOOLS_CHECK)
 -   source file: _extools_api.dm,14
 -   usr: (src)
 -   src: null
 -   call stack:
 - AUXTOOLS CHECK("auxmos.dll")
 - /datum/gas_mixture (/datum/gas_mixture): New(3)
 - the emergency oxygen tank (/obj/item/tank/internals/emergency_oxygen): Initialize(1)
 - Atoms (/datum/controller/subsystem/atoms): InitAtom(the emergency oxygen tank (/obj/item/tank/internals/emergency_oxygen), /list (/list))
 - the emergency oxygen tank (/obj/item/tank/internals/emergency_oxygen): New(1)
 - the emergency closet (/obj/structure/closet/emcloset): PopulateContents()
 - the emergency closet (/obj/structure/closet/emcloset): Initialize(1)
 - Atoms (/datum/controller/subsystem/atoms): InitAtom(the emergency closet (/obj/structure/closet/emcloset), /list (/list))
 - Atoms (/datum/controller/subsystem/atoms): InitializeAtoms(null)
 - Atoms (/datum/controller/subsystem/atoms): Initialize(844760)
 - Master (/datum/controller/master): Initialize(10, 0, 1)
 - 
[2021-05-15 23:27:59.558] runtime error: The specified procedure could not be found.
 - 
 - proc name: AUXTOOLS CHECK (/proc/AUXTOOLS_CHECK)
 -   source file: _extools_api.dm,14
 -   usr: (src)
 -   src: null
 -   call stack:
 - AUXTOOLS CHECK("auxmos.dll")
 - /datum/gas_mixture (/datum/gas_mixture): New(3)
 - the emergency oxygen tank (/obj/item/tank/internals/emergency_oxygen): Initialize(1)
 - Atoms (/datum/controller/subsystem/atoms): InitAtom(the emergency oxygen tank (/obj/item/tank/internals/emergency_oxygen), /list (/list))
 - the emergency oxygen tank (/obj/item/tank/internals/emergency_oxygen): New(1)
 - the emergency closet (/obj/structure/closet/emcloset): PopulateContents()
 - the emergency closet (/obj/structure/closet/emcloset): Initialize(1)
 - Atoms (/datum/controller/subsystem/atoms): InitAtom(the emergency closet (/obj/structure/closet/emcloset), /list (/list))
 - Atoms (/datum/controller/subsystem/atoms): InitializeAtoms(null)
 - Atoms (/datum/controller/subsystem/atoms): Initialize(844760)
 - Master (/datum/controller/master): Initialize(10, 0, 1)
 - 
[2021-05-15 23:28:01.092] runtime error: The specified procedure could not be found.
 - 
 - proc name: AUXTOOLS CHECK (/proc/AUXTOOLS_CHECK)
 -   source file: _extools_api.dm,14
 -   usr: (src)
 -   src: null
 -   call stack:
 - AUXTOOLS CHECK("auxmos.dll")
 - /datum/gas_mixture (/datum/gas_mixture): New(70)
 - the anesthetic tank (/obj/item/tank/internals/anesthetic): Initialize(1)
 - Atoms (/datum/controller/subsystem/atoms): InitAtom(the anesthetic tank (/obj/item/tank/internals/anesthetic), /list (/list))
 - Atoms (/datum/controller/subsystem/atoms): InitializeAtoms(null)
 - Atoms (/datum/controller/subsystem/atoms): Initialize(844760)
 - Master (/datum/controller/master): Initialize(10, 0, 1)
 - 
[2021-05-15 23:28:01.101] runtime error: The specified procedure could not be found.
 - 
 - proc name: AUXTOOLS CHECK (/proc/AUXTOOLS_CHECK)
 -   source file: _extools_api.dm,14
 -   usr: (src)
 -   src: null
 -   call stack:
 - AUXTOOLS CHECK("auxmos.dll")
 - /datum/gas_mixture (/datum/gas_mixture): New(70)
 - the anesthetic tank (/obj/item/tank/internals/anesthetic): Initialize(1)
 - Atoms (/datum/controller/subsystem/atoms): InitAtom(the anesthetic tank (/obj/item/tank/internals/anesthetic), /list (/list))
 - Atoms (/datum/controller/subsystem/atoms): InitializeAtoms(null)
 - Atoms (/datum/controller/subsystem/atoms): Initialize(844760)
 - Master (/datum/controller/master): Initialize(10, 0, 1)
 - 
[2021-05-15 23:28:01.268] runtime error: The specified procedure could not be found.
 - 
 - proc name: AUXTOOLS CHECK (/proc/AUXTOOLS_CHECK)
 -   source file: _extools_api.dm,14
 -   usr: (src)
 -   src: null
 -   call stack:
 - AUXTOOLS CHECK("auxmos.dll")
 - /datum/gas_mixture (/datum/gas_mixture): New(70)
 - the anesthetic tank (/obj/item/tank/internals/anesthetic): Initialize(1)
 - Atoms (/datum/controller/subsystem/atoms): InitAtom(the anesthetic tank (/obj/item/tank/internals/anesthetic), /list (/list))
 - Atoms (/datum/controller/subsystem/atoms): InitializeAtoms(null)
 - Atoms (/datum/controller/subsystem/atoms): Initialize(844760)
 - Master (/datum/controller/master): Initialize(10, 0, 1)
 - 
[2021-05-15 23:28:01.277] runtime error: The specified procedure could not be found.
 - 
 - proc name: AUXTOOLS CHECK (/proc/AUXTOOLS_CHECK)
 -   source file: _extools_api.dm,14
 -   usr: (src)
 -   src: null
 -   call stack:
 - AUXTOOLS CHECK("auxmos.dll")
 - /datum/gas_mixture (/datum/gas_mixture): New(70)
 - the anesthetic tank (/obj/item/tank/internals/anesthetic): Initialize(1)
 - Atoms (/datum/controller/subsystem/atoms): InitAtom(the anesthetic tank (/obj/item/tank/internals/anesthetic), /list (/list))
 - Atoms (/datum/controller/subsystem/atoms): InitializeAtoms(null)
 - Atoms (/datum/controller/subsystem/atoms): Initialize(844760)
 - Master (/datum/controller/master): Initialize(10, 0, 1)
 - 
[2021-05-15 23:28:02.198] runtime error: The specified procedure could not be found.
 - 
 - proc name: AUXTOOLS CHECK (/proc/AUXTOOLS_CHECK)
 -   source file: _extools_api.dm,14
 -   usr: (src)
 -   src: null
 -   call stack:
 - AUXTOOLS CHECK("auxmos.dll")
 - /datum/gas_mixture (/datum/gas_mixture): New(70)
 - the anesthetic tank (/obj/item/tank/internals/anesthetic): Initialize(1)
 - Atoms (/datum/controller/subsystem/atoms): InitAtom(the anesthetic tank (/obj/item/tank/internals/anesthetic), /list (/list))
 - Atoms (/datum/controller/subsystem/atoms): InitializeAtoms(null)
 - Atoms (/datum/controller/subsystem/atoms): Initialize(844760)
 - Master (/datum/controller/master): Initialize(10, 0, 1)
 - 
[2021-05-15 23:28:02.208] runtime error: The specified procedure could not be found.
 - 
 - proc name: AUXTOOLS CHECK (/proc/AUXTOOLS_CHECK)
 -   source file: _extools_api.dm,14
 -   usr: (src)
 -   src: null
 -   call stack:
 - AUXTOOLS CHECK("auxmos.dll")
 - /datum/gas_mixture (/datum/gas_mixture): New(70)
 - the anesthetic tank (/obj/item/tank/internals/anesthetic): Initialize(1)
 - Atoms (/datum/controller/subsystem/atoms): InitAtom(the anesthetic tank (/obj/item/tank/internals/anesthetic), /list (/list))
 - Atoms (/datum/controller/subsystem/atoms): InitializeAtoms(null)
 - Atoms (/datum/controller/subsystem/atoms): Initialize(844760)
 - Master (/datum/controller/master): Initialize(10, 0, 1)
 - 
[2021-05-15 23:28:02.218] runtime error: The specified procedure could not be found.
 - 
 - proc name: AUXTOOLS CHECK (/proc/AUXTOOLS_CHECK)
 -   source file: _extools_api.dm,14
 -   usr: (src)
 -   src: null
 -   call stack:
 - AUXTOOLS CHECK("auxmos.dll")
 - /datum/gas_mixture (/datum/gas_mixture): New(70)
 - the anesthetic tank (/obj/item/tank/internals/anesthetic): Initialize(1)
 - Atoms (/datum/controller/subsystem/atoms): InitAtom(the anesthetic tank (/obj/item/tank/internals/anesthetic), /list (/list))
 - Atoms (/datum/controller/subsystem/atoms): InitializeAtoms(null)
 - Atoms (/datum/controller/subsystem/atoms): Initialize(844760)
 - Master (/datum/controller/master): Initialize(10, 0, 1)
 - 
[2021-05-15 23:29:37.372] runtime error: Division by zero
 - proc name: create gas (/obj/machinery/portable_atmospherics/canister/proc/create_gas)
 -   source file: canister.dm,220
 -   usr: null
 -   src: the o2 canister (/obj/machinery/portable_atmospherics/canister/oxygen)
 -   src.loc: the floor (57,22,5) (/turf/open/floor/plasteel/dark)
 -   call stack:
 - the o2 canister (/obj/machinery/portable_atmospherics/canister/oxygen): create gas()
 - the o2 canister (/obj/machinery/portable_atmospherics/canister/oxygen): New(the floor (57,22,5) (/turf/open/floor/plasteel/dark), null)
 - /datum/parsed_map (/datum/parsed_map): create atom(/obj/machinery/portable_atmosp... (/obj/machinery/portable_atmospherics/canister/oxygen), the floor (57,22,5) (/turf/open/floor/plasteel/dark))
 - /datum/parsed_map (/datum/parsed_map): instance atom(/obj/machinery/portable_atmosp... (/obj/machinery/portable_atmospherics/canister/oxygen), /list (/list), the floor (57,22,5) (/turf/open/floor/plasteel/dark), 0, 1, 0, 0, 0, 0)
 - /datum/parsed_map (/datum/parsed_map): build coordinate(/list (/list), /list (/list), the floor (57,22,5) (/turf/open/floor/plasteel/dark), 0, 1, 0, 0, 0, 0, 0)
 - /datum/parsed_map (/datum/parsed_map):  load impl(52, 10, 5, 1, 0, -1e+031, 1e+031, -1e+031, 1e+031, 1, 2, 0, null)
 - /datum/parsed_map (/datum/parsed_map): load(52, 10, 5, 1, 0, null, null, null, null, 1, 2, 0, null)
 - basic syndicate infiltrator (/datum/map_template/shuttle/infiltrator/basic): load(the hull (52,10,5) (/turf/closed/wall/r_wall/syndicate), 0, 2, 0, 0, 0, 0)
 - basic syndicate infiltrator (/datum/map_template/shuttle/infiltrator/basic): load(the hull (52,10,5) (/turf/closed/wall/r_wall/syndicate), 0, 2, 0, 0, 0, 0)
 - Shuttle (/datum/controller/subsystem/shuttle): load template(basic syndicate infiltrator (/datum/map_template/shuttle/infiltrator/basic))
 - Shuttle (/datum/controller/subsystem/shuttle): action load(basic syndicate infiltrator (/datum/map_template/shuttle/infiltrator/basic), the syndicate recon outpost (/obj/docking_port/stationary))
 - the syndicate recon outpost (/obj/docking_port/stationary): load roundstart()
 - Shuttle (/datum/controller/subsystem/shuttle): initial load()
 - Shuttle (/datum/controller/subsystem/shuttle): Initialize(845752)
 - Master (/datum/controller/master): Initialize(10, 0, 1)
 - 
[2021-05-15 23:29:38.473] ## WARNING: No /obj/docking_port/mobile/arrivals placed on the map! in code/controllers/subsystem/shuttle.dm at line 80 src: Shuttle usr: .
[2021-05-15 23:29:43.754] Initializations complete within 123.6 seconds!
[2021-05-15 23:29:43.918] runtime error: Auxtools not found! Callback subsystem shutting itself off.
 - proc name: process callbacks (/proc/process_callbacks)
 -   source file: callback.dm,10
 -   usr: (src)
 -   src: null
 -   call stack:
 - process callbacks(null, 47.5)
 - Auxtools Callbacks (/datum/controller/subsystem/callbacks): fire(0)
 - Auxtools Callbacks (/datum/controller/subsystem/callbacks): ignite(0)
 - Master (/datum/controller/master): RunQueue()
 - Master (/datum/controller/master): Loop()
 - Master (/datum/controller/master): StartProcessing(0)
 - 
