[2021-05-22 18:40:35.561] TGS Info: Activating API for version 3.2.6.2
[2021-05-22 18:40:35.618] TGS Error: Custom chat commands in /datum/tgs_version lacks the /datum/tgs_chat_user/sender.channel field!
[2021-05-22 18:40:35.625] TGS Error: Use of TgsRevision on 3.2.1.0 origin_commit only points to master!
[2021-05-22 18:40:35.625] Running /tg/ revision: 
 - origin/master: 03a83e2ef4473a3107578d22120b9150fe6284e5
[2021-05-22 18:40:35.640] Loading config file config.txt...
[2021-05-22 18:40:35.678] Loading config file game_options.txt...
[2021-05-22 18:40:35.704] LINE 103: Failed to validate setting "CLOWNOPS 0" for probability
[2021-05-22 18:40:35.711] Loading config file dbconfig.txt...
[2021-05-22 18:40:35.721] Loading config file comms.txt...
[2021-05-22 18:40:35.728] Loading config file antag_rep.txt...
[2021-05-22 18:40:35.735] Loading config file resources.txt...
[2021-05-22 18:40:35.761] Loading config file donator_groupings.txt...
[2021-05-22 18:40:35.769] Loading config file dynamic_config.txt...
[2021-05-22 18:40:35.790] Loading config file plushies/defines.txt...
[2021-05-22 18:40:35.792] Loading config file job_threats.txt...
[2021-05-22 18:40:35.794] Loading config file policy.txt...
[2021-05-22 18:40:35.807] Loading config file maps.txt...
[2021-05-22 18:40:35.917] Database connection established.
[2021-05-22 18:40:35.921] SQL: Could not get schema version from database
