[2021-05-22 18:40:35.929] Starting up round ID 28.
 - -------------------------
[2021-05-22 18:44:39.319] SondTheAnime \ Courier \ Head Paladin \ NONE \ LATEJOIN
[2021-05-22 18:44:46.098] NizimGamer \ Nizin Veerriene Primeiro \ Mayor \ NONE \ LATEJOIN
[2021-05-22 18:44:51.180] Eversonblr \ Miguel Hastings \ Head Scribe \ NONE \ LATEJOIN
[2021-05-22 18:44:53.719] Nickenzo12345 \ Monty Hoopengarner \ Wastelander \ NONE \ LATEJOIN
[2021-05-22 18:44:56.152] Luiz20 \ Luiz Borgos Primeiro \ Legion Centurion \ NONE \ LATEJOIN
[2021-05-22 18:45:06.431] Mr.Universo \ Lucas Chikui \ Wastelander \ NONE \ LATEJOIN
[2021-05-22 18:45:15.013] Darkrazor191 \ Nero Vilontius \ Recruit Legionary \ NONE \ LATEJOIN
[2021-05-22 18:45:52.364] Italos \ Josef Polson \ NCR Veteran Ranger \ NONE \ LATEJOIN
[2021-05-22 18:46:14.207] Dantesousa \ Dante Sousa \ NCR Lieutenant \ NONE \ LATEJOIN
[2021-05-22 18:48:37.697] Jhonatan lima \ Luicio Notav \ NCR Combat Engineer \ NONE \ LATEJOIN
[2021-05-22 18:48:47.893] N0fun \ Makenna Coldsmith \ NCR Medical Officer \ NONE \ LATEJOIN
[2021-05-22 18:50:01.295] AlexAlbright \ Alex Magnus Primeiro \ Legion Explorer \ NONE \ LATEJOIN
[2021-05-22 18:50:12.960] OvelhaCosmica \ Adam Alves \ Outlaw \ NONE \ LATEJOIN
[2021-05-22 18:56:17.137] Luciam \ Victoria Valentine \ Wastelander \ NONE \ LATEJOIN
[2021-05-22 18:58:50.603] luiz20 \ Luiz Borgos Segundo \ Followers Administrator \ NONE \ LATEJOIN
[2021-05-22 19:01:34.980] luiz20 \ Luiz Borgos Segundor \ Outlaw \ NONE \ LATEJOIN
[2021-05-22 19:09:49.048] Rzyka \ Scott Woodworth \ Wastelander \ NONE \ LATEJOIN
[2021-05-22 19:50:00.423] AkamaruBR \ Akaigo Bia \ Head Knight \ NONE \ LATEJOIN
[2021-05-22 19:56:19.079] DanteThanatos \ Dr Oswald Casket \ NCR Combat Medic \ NONE \ LATEJOIN
[2021-05-22 20:01:18.402] Mollwu \ Vaughn Baxter \ Wastelander \ NONE \ LATEJOIN
[2021-05-22 20:14:43.254] Goldencatc \ Charlie Stroble \ Star Paladin \ NONE \ LATEJOIN
[2021-05-22 20:17:26.685] Xandi_Masculu \ Jeremus Hardson \ Prime Legionary \ NONE \ LATEJOIN
[2021-05-22 20:20:32.752] dantesousa \ John Snow \ NCR Captain \ NONE \ LATEJOIN
[2021-05-22 20:25:27.631] Baeiou \ Roderick Malkav \ Doctor \ NONE \ LATEJOIN
[2021-05-22 20:25:29.866] Matheusgp9999 \ Nycolly Nywt \ Wastelander \ NONE \ LATEJOIN
[2021-05-22 20:36:36.460] DustinBriner \ Karson Metzer \ Head Hunter \ NONE \ LATEJOIN
[2021-05-22 21:05:04.720] nickenzo12345 \ Connor Harding \ Enclave Lieutenant \ NONE \ LATEJOIN
[2021-05-22 21:05:39.014] Kaduh \ Erika Miller \ Followers Volunteer \ NONE \ LATEJOIN
[2021-05-22 21:05:40.792] baeiou \ Jose Bebado \ Enclave Private \ NONE \ LATEJOIN
[2021-05-22 21:05:45.306] ConteudoGenerico \ Thiagus Machado \ Recruit Legionary \ NONE \ LATEJOIN
[2021-05-22 21:07:21.637] Seyagoldarmor \ Kennedy Bennett \ NCR Ranger \ NONE \ LATEJOIN
[2021-05-22 21:14:39.406] dantesousa \ Declan Smith \ Elder \ NONE \ LATEJOIN
[2021-05-22 21:23:48.896] dustinbriner \ Jace Shaner \ Sheriff \ NONE \ LATEJOIN
[2021-05-22 21:25:32.942] goldencatc \ Roscoe Rowley \ Paladin \ NONE \ LATEJOIN
[2021-05-22 21:26:06.624] LittlePlayer0102 \ Edward Bowel \ Wastelander \ NONE \ LATEJOIN
[2021-05-22 21:28:05.092] sondtheanime \ River Wilkerson \ Star Knight \ NONE \ LATEJOIN
[2021-05-22 21:30:27.162] goldencatc \ Eliot Zimmer \ Star Knight \ NONE \ LATEJOIN
[2021-05-22 21:31:36.569] sondtheanime \ Wesley Schofield \ Knight \ NONE \ LATEJOIN
[2021-05-22 21:32:56.824] eversonblr \ Connor Easter \ Knight \ NONE \ LATEJOIN
[2021-05-22 21:33:35.196] sondtheanime \ Wesley Aultman \ Head Paladin \ NONE \ LATEJOIN
[2021-05-22 21:34:33.261] goldencatc \ Kingston Power \ Knight \ NONE \ LATEJOIN
[2021-05-22 21:34:58.988] eversonblr \ Ian Huey \ Scribe \ NONE \ LATEJOIN
[2021-05-22 21:35:16.539] XXLucasWesleyXx \ Will Riker \ NCR Trooper \ NONE \ LATEJOIN
[2021-05-22 21:41:00.818] Senhordosdoguinho \ Ze Neguinho \ Wastelander \ NONE \ LATEJOIN
[2021-05-22 21:44:30.290] luiz20 \ Luiz Borgos Terceiro \ Outlaw \ NONE \ LATEJOIN
[2021-05-22 21:46:27.074] goldencatc \ Giorno Giovanna II \ Legion Veteran Decanus \ NONE \ LATEJOIN
[2021-05-22 21:52:12.650] Shirozinha \ Tio Osso \ NCR Captain \ NONE \ LATEJOIN
[2021-05-22 22:00:00.456] goldencatc \ Giorno Giovanna II \ Proctor \ NONE \ LATEJOIN
