/mob/living/carbon/human => 2913ms (34595) (avg:0.084202922880649567)
/obj/screen/healthdoll => 1432ms (35515) (avg:0.040320992469787598)
/turf/closed/mineral/random/low_chance => 501ms (53558) (avg:0.0093543445691466331)
/obj/machinery/power/smes/magical => 414ms (5813) (avg:0.071219682693481445)
/obj/machinery/door/airlock/abandoned => 308ms (2325) (avg:0.13247311115264893)
/obj/machinery/light/fo13colored/Red => 299ms (11716) (avg:0.025520656257867813)
/obj/machinery/door/airlock/security/glass => 213ms (2449) (avg:0.086974278092384338)
/obj/screen/inventory/hand => 186ms (7829) (avg:0.023757822811603546)
/obj/machinery/hydroponics/soil => 171ms (7602) (avg:0.022494081407785416)
/obj/screen/inventory => 166ms (3135) (avg:0.052950557321310043)
/obj/effect/decal/cleanable/blood/footprints => 138ms (3880) (avg:0.035567011684179306)
/turf/open/space/basic => 130ms (39910) (avg:0.0032573288772255182)
/obj/screen/movable/action_button => 127ms (2075) (avg:0.061204820871353149)
/obj/machinery/hydroponics/constructable => 107ms (1787) (avg:0.059876888990402222)
/obj/machinery/light/fo13colored/Aqua => 106ms (2848) (avg:0.037219099700450897)
/obj/structure/window/reinforced/fulltile => 105ms (4237) (avg:0.024781685322523117)
/obj/machinery/door/airlock/hatch => 101ms (962) (avg:0.10498960316181183)
/obj/screen/parallax_layer/layer_1 => 101ms (312) (avg:0.32371795177459717)
/obj/item/weldingtool => 93ms (779) (avg:0.11938382685184479)
/mob/living/carbon/human/dummy => 74ms (1316) (avg:0.056231003254652023)
/obj/machinery/door/airlock/medical => 72ms (537) (avg:0.13407821953296661)
/obj/screen/parallax_layer/layer_2 => 70ms (312) (avg:0.22435897588729858)
/obj/screen/sprintbutton => 66ms (1431) (avg:0.046121593564748764)
/obj/machinery/door/airlock/maintenance/external/glass => 61ms (572) (avg:0.10664335638284683)
/obj/machinery/door/airlock/grunge => 61ms (527) (avg:0.11574952304363251)
/turf/closed/mineral/random/high_chance => 60ms (6771) (avg:0.0088613200932741165)
/obj/machinery/light/fo13colored/Pink => 59ms (1349) (avg:0.043736100196838379)
/turf/closed/wall/r_wall => 51ms (1034) (avg:0.04932301864027977)
/obj/item/gun/ballistic/automatic/smg22 => 47ms (525) (avg:0.089523807168006897)
/obj/effect/decal/cleanable/dirt => 42ms (3883) (avg:0.010816379450261593)
/turf/closed/mineral/iron => 39ms (3361) (avg:0.011603689752519131)
/obj/machinery/door/airlock/medical/glass => 38ms (398) (avg:0.095477387309074402)
/obj/machinery/light/lampost => 37ms (1667) (avg:0.022195560857653618)
/obj/structure/table/wood => 35ms (982) (avg:0.035641547292470932)
/turf/closed/wall/rust => 30ms (2508) (avg:0.011961722746491432)
/turf/closed/wall/r_wall/rust => 29ms (1777) (avg:0.016319639980792999)
/turf/closed/indestructible/riveted => 24ms (2661) (avg:0.0090191652998328209)
/obj/item/pinpointer/crew => 21ms (451) (avg:0.046563193202018738)
/obj/item/stack/ore/iron => 21ms (256) (avg:0.08203125)
/obj/machinery/door/airlock/glass_large => 19ms (103) (avg:0.18446601927280426)
/obj/screen/parallax_layer/layer_3 => 16ms (84) (avg:0.190476194024086)
/obj/structure/barricade/sandbags => 15ms (318) (avg:0.047169812023639679)
/obj/item/storage/belt/utility/full => 15ms (104) (avg:0.14423076808452606)
/turf/closed/wall/r_wall/f13vault => 13ms (1361) (avg:0.0095517998561263084)
/obj/item/reagent_containers/glass/beaker/large => 13ms (176) (avg:0.07386363297700882)
/obj/item/storage/belt/medical => 13ms (55) (avg:0.23636363446712494)
/obj/machinery/door/airlock/shuttle => 12ms (94) (avg:0.12765957415103912)
/turf/closed/wall/f13/store => 11ms (1243) (avg:0.008849557489156723)
/turf/closed/mineral/titanium => 11ms (639) (avg:0.017214396968483925)
/obj/screen/zone_sel => 11ms (214) (avg:0.051401868462562561)
/mob/dead/observer => 11ms (130) (avg:0.08461538702249527)
/turf/closed/mineral/plasma => 10ms (1330) (avg:0.0075187971815466881)
/turf/closed/wall/f13/supermart => 10ms (877) (avg:0.011402508243918419)
/obj/structure/table/reinforced => 10ms (775) (avg:0.012903225608170033)
/obj/effect/decal/cleanable/blood/gibs => 10ms (489) (avg:0.020449897274374962)
/obj/screen/radial/slice => 10ms (446) (avg:0.022421523928642273)
/obj/item/gun/energy/laser/scatter => 10ms (233) (avg:0.042918454855680466)
/obj/item/storage/belt/utility/full/engi => 10ms (104) (avg:0.096153847873210907)
/obj/machinery/door/airlock/public/glass => 10ms (70) (avg:0.1428571492433548)
/turf/open/floor/carpet/black => 9ms (508) (avg:0.017716536298394203)
/obj/item/gun/ballistic/automatic/service => 9ms (113) (avg:0.079646021127700806)
/obj/item/stack/ore/lead => 9ms (68) (avg:0.13235294818878174)
/turf/closed/mineral/lead => 8ms (1278) (avg:0.0062597808428108692)
/obj/machinery/light => 8ms (846) (avg:0.0094562647864222527)
/turf/closed/mineral/gold => 8ms (628) (avg:0.012738853693008423)
/obj/structure/table => 8ms (595) (avg:0.01344537828117609)
/obj/machinery/door/airlock/wood => 8ms (135) (avg:0.059259258210659027)
/obj/structure/table/wood/settler => 7ms (259) (avg:0.027027027681469917)
/obj/item/gun/energy/laser/aer9 => 7ms (144) (avg:0.0486111119389534)
/obj/item/stack/ore/plasma => 7ms (106) (avg:0.066037736833095551)
/obj/item/stack/ore/titanium => 7ms (75) (avg:0.093333333730697632)
/obj/item/stack/ore/gold => 7ms (68) (avg:0.10294117778539658)
/obj/item/stack/ore/uranium => 7ms (50) (avg:0.14000000059604645)
/turf/closed/wall/f13/wood/house => 7ms (47) (avg:0.14893616735935211)
/turf/closed/wall/r_wall/f13/vault => 7ms (41) (avg:0.17073170840740204)
/turf/closed/mineral/silver => 6ms (777) (avg:0.0077220075763761997)
/turf/closed/wall/mineral/titanium => 6ms (317) (avg:0.018927445635199547)
/obj/structure/closet => 6ms (292) (avg:0.02054794505238533)
/obj/effect/decal/cleanable/blood/drip => 6ms (235) (avg:0.025531914085149765)
/obj/screen/movable/action_button/hide_toggle => 6ms (180) (avg:0.033333335071802139)
/obj/structure/mopbucket => 6ms (82) (avg:0.073170728981494904)
/obj/machinery/door/airlock/vault => 6ms (72) (avg:0.083333335816860199)
/obj/item/stack/ore/silver => 6ms (66) (avg:0.090909093618392944)
/obj/item/weldingtool/largetank => 6ms (46) (avg:0.1304347813129425)
/turf/closed/wall/f13/tunnel => 6ms (28) (avg:0.2142857164144516)
/obj/item/stack/ore/glass => 6ms (19) (avg:0.31578946113586426)
/turf/open/space/transit => 5ms (1621) (avg:0.0030845156870782375)
/turf/closed/wall/f13/ruins => 5ms (1117) (avg:0.0044762757606804371)
/obj/effect/decal/cleanable/dirt/dust => 5ms (125) (avg:0.039999999105930328)
/obj/screen/combattoggle => 5ms (113) (avg:0.044247787445783615)
/obj/structure/door_assembly/door_assembly_sec => 5ms (26) (avg:0.19230769574642181)
/turf/open/floor/plasteel => 4ms (371) (avg:0.010781670920550823)
/turf/closed/mineral/diamond => 4ms (304) (avg:0.01315789483487606)
/obj/item/reagent_containers/hypospray/medipen/stimpak => 4ms (276) (avg:0.014492753893136978)
/turf/closed/indestructible/riveted/boss => 4ms (266) (avg:0.015037594363093376)
/turf/open/indestructible/ground/outside/road => 4ms (152) (avg:0.026315789669752121)
/obj/item/gun/ballistic/automatic/mini_uzi => 4ms (103) (avg:0.038834951817989349)
/turf/open/indestructible/ground/outside/sidewalk => 4ms (100) (avg:0.039999999105930328)
/obj/item/pda => 4ms (74) (avg:0.054054055362939835)
/obj/item/gun/ballistic/automatic/commando => 4ms (65) (avg:0.061538461595773697)
/obj/machinery/door/airlock/freezer => 4ms (34) (avg:0.11764705926179886)
/obj/item/reagent_containers/food/snacks/grown/corn => 4ms (33) (avg:0.12121212482452393)
/obj/item/storage/belt/utility => 4ms (32) (avg:0.125)
/obj/item/stack/ore/glass/basalt => 4ms (24) (avg:0.1666666716337204)
/obj/machinery/light/small => 3ms (567) (avg:0.0052910051308572292)
/obj/structure/closet/cabinet => 3ms (237) (avg:0.012658228166401386)
/turf/closed/indestructible/f13vaultrusted => 3ms (191) (avg:0.015706805512309074)
/turf/open/floor/f13 => 3ms (139) (avg:0.02158273383975029)
/obj/item/gun/energy/laser/rcw => 3ms (123) (avg:0.024390242993831635)
/obj/effect/decal/cleanable/blood/gibs/core => 3ms (120) (avg:0.02500000037252903)
/turf/closed/wall/r_wall/syndicate => 3ms (97) (avg:0.030927835032343864)
/turf/closed/mineral/random => 3ms (83) (avg:0.036144576966762543)
/obj/machinery/door/airlock/centcom => 3ms (75) (avg:0.039999999105930328)
/obj/item/storage/toolbox/mechanical => 3ms (62) (avg:0.048387095332145691)
/obj/item/clothing/under/f13/ncr/ncr_officer => 3ms (59) (avg:0.050847455859184265)
/obj/item/gun/ballistic/automatic/pistol/beretta/automatic => 3ms (52) (avg:0.057692307978868484)
/obj/machinery/power/smes/engineering => 3ms (48) (avg:0.0625)
/turf/closed/mineral/ash_rock => 3ms (42) (avg:0.071428574621677399)
/obj/item/construction/rcd/loaded => 3ms (40) (avg:0.075000002980232239)
/obj/item/reagent_containers/glass/bottle/vial/small/kelotane => 3ms (30) (avg:0.10000000149011612)
/obj/item/gun/ballistic/shotgun/automatic/hunting/trail => 3ms (23) (avg:0.1304347813129425)
/obj/machinery/door/airlock/silver => 3ms (19) (avg:0.15789473056793213)
/obj/item/storage/box/ingredients/fiesta => 3ms (16) (avg:0.1875)
/obj/structure/closet/cardboard => 3ms (10) (avg:0.30000001192092896)
/obj/structure/window/fulltile/store => 3ms (9) (avg:0.3333333432674408)
/obj/structure/lattice/catwalk => 2ms (130) (avg:0.015384615398943424)
/obj/effect/decal/cleanable/trail_holder => 2ms (122) (avg:0.016393441706895828)
/obj/item/clothing/shoes/f13/military/plated => 2ms (114) (avg:0.017543859779834747)
/obj/item/reagent_containers/hypospray/medipen/stimpak/custom => 2ms (111) (avg:0.018018018454313278)
/turf/closed/indestructible/fakeglass => 2ms (108) (avg:0.018518518656492233)
/obj/item/gun/energy/laser/pistol => 2ms (99) (avg:0.020202020183205605)
/obj/item/storage/box/gloves => 2ms (73) (avg:0.027397260069847107)
/obj/item/gun/energy/laser/plasma/glock/extended => 2ms (64) (avg:0.03125)
/obj/structure/window/fulltile/house => 2ms (60) (avg:0.033333335071802139)
/obj/item/clothing/shoes/f13/cowboy => 2ms (54) (avg:0.037037037312984467)
/obj/machinery/cell_charger => 2ms (48) (avg:0.041666667908430099)
/obj/item/gun/ballistic/automatic/ar => 2ms (43) (avg:0.046511627733707428)
/turf/closed/wall => 2ms (37) (avg:0.054054055362939835)
/obj/item/gun/energy/laser/laer => 2ms (36) (avg:0.0555555559694767)
/obj/machinery/chem_dispenser => 2ms (35) (avg:0.05714285746216774)
/obj/item/defibrillator/loaded => 2ms (26) (avg:0.076923079788684845)
/obj/structure/window/fulltile => 2ms (24) (avg:0.083333335816860199)
/obj/structure/necropolis_gate => 2ms (16) (avg:0.125)
/obj/item/weldingtool/largetank/cyborg => 2ms (13) (avg:0.15384615957736969)
/turf/open/floor/plasteel/dark => 1ms (295) (avg:0.0033898304682224989)
/turf/open/floor/carpet => 1ms (259) (avg:0.0038610037881880999)
/turf/closed/mineral/bscrystal => 1ms (203) (avg:0.0049261082895100117)
/obj/item/reagent_containers/blood/random => 1ms (179) (avg:0.0055865920148789883)
/turf/closed/wall/r_wall/f13superstore => 1ms (150) (avg:0.0066666668280959129)
/obj/structure/closet/crate/bin => 1ms (149) (avg:0.0067114094272255898)
/turf/closed/indestructible/riveted/uranium => 1ms (131) (avg:0.0076335878111422062)
/obj/item/paper_bin => 1ms (100) (avg:0.0099999997764825821)
/turf/open/floor/holofloor/carpet => 1ms (87) (avg:0.01149425283074379)
/obj/item/gun/ballistic/automatic/smg10mm => 1ms (82) (avg:0.012195121496915817)
/obj/item/screwdriver => 1ms (75) (avg:0.013333333656191826)
/obj/item/weldingtool/experimental => 1ms (70) (avg:0.014285714365541935)
/obj/machinery/newscaster => 1ms (66) (avg:0.015151515603065491)
/obj/item/clothing/shoes/f13/military/leather => 1ms (61) (avg:0.016393441706895828)
/obj/item/clothing/shoes/f13/military/ncr_officer_boots => 1ms (52) (avg:0.019230769947171211)
/obj/item/clothing/shoes/combat/swat => 1ms (52) (avg:0.019230769947171211)
/obj/item/gun/energy/laser/plasma/glock => 1ms (49) (avg:0.020408162847161293)
/obj/effect/decal/cleanable/blood/gibs/down => 1ms (46) (avg:0.021739130839705467)
/obj/item/reagent_containers/syringe/charcoal => 1ms (39) (avg:0.025641025975346565)
/obj/structure/table/wood/fancy => 1ms (35) (avg:0.02857142873108387)
/obj/item/reagent_containers/glass/beaker => 1ms (30) (avg:0.033333335071802139)
/obj/structure/table/booth => 1ms (29) (avg:0.034482758492231369)
/obj/machinery/iv_drip => 1ms (28) (avg:0.035714287310838699)
/obj/item/gun/energy/laser => 1ms (27) (avg:0.037037037312984467)
/obj/item/storage/box/matches => 1ms (25) (avg:0.039999999105930328)
/obj/item/gun/ballistic/automatic/m1garand/republicspride => 1ms (25) (avg:0.039999999105930328)
/obj/structure/table/wood/fancy/black => 1ms (24) (avg:0.041666667908430099)
/obj/item/clothing/under/syndicate/brotherhood => 1ms (23) (avg:0.043478261679410934)
/turf/closed/wall/mineral/plastitanium => 1ms (21) (avg:0.0476190485060215)
/obj/item/reagent_containers/syringe => 1ms (20) (avg:0.05000000074505806)
/obj/item/gun/ballistic/automatic/pistol/deagle => 1ms (19) (avg:0.052631579339504242)
/obj/item/clothing/gloves/legion => 1ms (19) (avg:0.052631579339504242)
/obj/structure/closet/crate/secure/weapon => 1ms (18) (avg:0.0555555559694767)
/obj/item/storage/belt/security/full => 1ms (18) (avg:0.0555555559694767)
/turf/open/floor/f13/wood => 1ms (17) (avg:0.058823529630899429)
/turf/closed/wall/mineral/titanium/nodiagonal => 1ms (17) (avg:0.058823529630899429)
/obj/machinery/door/airlock/external => 1ms (16) (avg:0.0625)
/turf/closed/wall/f13/vault => 1ms (16) (avg:0.0625)
/obj/item/storage/box/ingredients/american => 1ms (15) (avg:0.066666670143604279)
/obj/machinery/door/airlock/command => 1ms (15) (avg:0.066666670143604279)
/obj/item/reagent_containers/glass/bottle/vial/small/antitoxin => 1ms (12) (avg:0.083333335816860199)
/obj/structure/falsewall/rust => 1ms (11) (avg:0.090909093618392944)
/obj/item/pda/heads/cmo => 1ms (10) (avg:0.10000000149011612)
/obj/item/storage/fancy/cigarettes/cigars/havana => 1ms (10) (avg:0.10000000149011612)
/obj/item/reagent_containers/glass/bottle/salglu_solution => 1ms (9) (avg:0.1111111119389534)
/turf/open/transparent/glass => 1ms (8) (avg:0.125)
/obj/structure/window/fulltile/wood => 1ms (8) (avg:0.125)
/obj/item/bodypart/head => 1ms (8) (avg:0.125)
/obj/machinery/computer/camera_advanced/abductor => 1ms (7) (avg:0.1428571492433548)
/obj/item/storage/box/ingredients/vegetarian => 1ms (7) (avg:0.1428571492433548)
/obj/item/stack/ore/blackpowder/fifty => 1ms (6) (avg:0.1666666716337204)
/obj/item/reagent_containers/food/drinks/mug/tea => 1ms (6) (avg:0.1666666716337204)
/turf/open/floor/plasteel/f13/vault_floor/red => 1ms (6) (avg:0.1666666716337204)
/obj/machinery/shower => 1ms (6) (avg:0.1666666716337204)
/turf/closed/wall/f13/wood => 1ms (6) (avg:0.1666666716337204)
/turf/closed/wall/mineral/iron => 1ms (6) (avg:0.1666666716337204)
/obj/item/dice/d12 => 1ms (5) (avg:0.20000000298023224)
/obj/item/ammo_box/magazine/m9mm => 1ms (5) (avg:0.20000000298023224)
/obj/machinery/door/airlock/engineering/glass => 1ms (4) (avg:0.25)
/obj/item/clothing/under/f13/ranger/vet => 1ms (4) (avg:0.25)
/obj/machinery/chem_dispenser/drinks/beer => 1ms (4) (avg:0.25)
/turf/closed/wall/f13/wood/house/broken => 1ms (4) (avg:0.25)
/obj/item/gun/energy/e_gun => 1ms (3) (avg:0.3333333432674408)
/obj/item/defibrillator => 1ms (3) (avg:0.3333333432674408)
/obj/item/clothing/gloves/fingerless => 1ms (3) (avg:0.3333333432674408)
/obj/structure/closet/supplypod/centcompod => 1ms (3) (avg:0.3333333432674408)
/obj/item/clothing/shoes/f13/rag => 1ms (3) (avg:0.3333333432674408)
/obj/item/reagent_containers/glass/bottle/toxin => 1ms (3) (avg:0.3333333432674408)
/obj/machinery/gibber => 1ms (2) (avg:0.5)
/obj/item/clothing/under/f13/lumberjack => 1ms (2) (avg:0.5)
/obj/item/gun/energy/pulse/pistol/m1911 => 1ms (1) (avg:1)
/obj/item/gun/energy/e_gun/mini/practice_phaser => 1ms (1) (avg:1)
/obj/item/pda/heads/hos => 1ms (1) (avg:1)
/obj/machinery/gibber/autogibber => 1ms (1) (avg:1)
/obj/item/clothing/head/helmet/f13/ncr/rangercombat => 1ms (1) (avg:1)
/obj/item/reagent_containers/food/snacks/grown/buffalogourd => 1ms (1) (avg:1)
/turf/closed/mineral/uranium => 0ms (459) (avg:0)
/obj/machinery/newscaster/security_unit => 0ms (176) (avg:0)
/turf/open/space => 0ms (172) (avg:0)
/turf/closed/indestructible => 0ms (168) (avg:0)
/obj/machinery/computer/terminal => 0ms (123) (avg:0)
/turf/open/floor/plasteel/barber => 0ms (78) (avg:0)
/obj/item/wirecutters => 0ms (71) (avg:0)
/obj/item/clothing/shoes/f13/military/ncr => 0ms (71) (avg:0)
/obj/item/clothing/shoes/f13/raidertreads => 0ms (63) (avg:0)
/obj/machinery/light/floor => 0ms (60) (avg:0)
/obj/structure/closet/fridge => 0ms (52) (avg:0)
/obj/item/reagent_containers/hypospray/medipen/stimpak/super => 0ms (52) (avg:0)
/turf/open/floor/plasteel/f13/vault_floor/misc/vaultrust => 0ms (48) (avg:0)
/obj/item/clothing/shoes/f13/explorer => 0ms (46) (avg:0)
/obj/structure/lattice => 0ms (45) (avg:0)
/obj/structure/table/wood/poker => 0ms (44) (avg:0)
/turf/open/floor/plasteel/darkred/side => 0ms (40) (avg:0)
/obj/structure/table/glass => 0ms (37) (avg:0)
/obj/item/stack/ore/diamond => 0ms (36) (avg:0)
/obj/structure/closet/secure_closet/personal => 0ms (35) (avg:0)
/obj/item/lighter => 0ms (33) (avg:0)
/obj/item/reagent_containers/blood/radaway => 0ms (33) (avg:0)
/obj/item/weldingtool/advanced => 0ms (33) (avg:0)
/obj/item/storage/box/drinkingglasses => 0ms (32) (avg:0)
/obj/structure/window/plastitanium => 0ms (30) (avg:0)
/obj/item/disk/plantgene => 0ms (28) (avg:0)
/turf/open/floor/plasteel/f13/vault_floor/floor => 0ms (28) (avg:0)
/obj/structure/chair/comfy/shuttle => 0ms (28) (avg:0)
/obj/structure/window/paperframe => 0ms (27) (avg:0)
/obj/item/reagent_containers/syringe/medx => 0ms (27) (avg:0)
/turf/open/floor/plasteel/f13/vault_floor/dark/darksolid => 0ms (26) (avg:0)
/obj/machinery/rnd/production/protolathe => 0ms (26) (avg:0)
/obj/machinery/door/airlock => 0ms (25) (avg:0)
/obj/item/reagent_containers/glass/bottle/blackpowder => 0ms (25) (avg:0)
/obj/item/clothing/under/f13/recon => 0ms (25) (avg:0)
/obj/item/reagent_containers/glass/bottle/vial/small/bicaridine => 0ms (25) (avg:0)
/obj/item/reagent_containers/glass/beaker/waterbottle => 0ms (24) (avg:0)
/turf/open/floor/plating/airless => 0ms (24) (avg:0)
/obj/structure/table/abductor => 0ms (24) (avg:0)
/obj/structure/window/shuttle => 0ms (22) (avg:0)
/obj/structure/door_assembly/door_assembly_med => 0ms (22) (avg:0)
/mob/living/simple_animal/hostile/handy => 0ms (21) (avg:0)
/obj/item/storage/box/handcuffs => 0ms (21) (avg:0)
/obj/machinery/door/airlock/maintenance/abandoned => 0ms (21) (avg:0)
/obj/item/clipboard => 0ms (19) (avg:0)
/obj/structure/closet/fridge/standard => 0ms (19) (avg:0)
/obj/item/stock_parts/cell => 0ms (19) (avg:0)
/obj/item/stock_parts/cell/upgraded => 0ms (18) (avg:0)
/turf/open/floor/plating => 0ms (18) (avg:0)
/turf/open/floor/wood/wood_tiled => 0ms (18) (avg:0)
/turf/open/floor/plasteel/f13/vault_floor/floor/floorsolid => 0ms (18) (avg:0)
/obj/structure/table/wood/bar => 0ms (18) (avg:0)
/obj/item/stack/ore/bluespace_crystal => 0ms (18) (avg:0)
/turf/open/floor/plasteel/darkblue/side => 0ms (17) (avg:0)
/turf/open/floor/plasteel/f13/vault_floor/yellow/yellowchess/yellowchess2 => 0ms (17) (avg:0)
/turf/open/floor/plasteel/darkred/corner => 0ms (16) (avg:0)
/obj/item/reagent_containers/food/snacks/fishmeat/lobster => 0ms (16) (avg:0)
/obj/structure/weightmachine/weightlifter => 0ms (16) (avg:0)
/turf/open/floor/carpet/green => 0ms (15) (avg:0)
/obj/item/clothing/under/f13/ncr => 0ms (15) (avg:0)
/obj/machinery/airalarm => 0ms (14) (avg:0)
/obj/item/storage/crayons => 0ms (14) (avg:0)
/obj/structure/closet/cabinet/anchored => 0ms (14) (avg:0)
/turf/open/floor/grass => 0ms (14) (avg:0)
/obj/item/clothing/shoes/jackboots => 0ms (14) (avg:0)
/obj/screen/storage/volumetric_box/center => 0ms (14) (avg:0)
/mob/living/simple_animal/hostile/handy/gutsy => 0ms (13) (avg:0)
/obj/item/gun/ballistic/automatic/m72 => 0ms (13) (avg:0)
/obj/item/gun/ballistic/automatic/greasegun => 0ms (13) (avg:0)
/turf/open/floor/plasteel/darkblue/corner => 0ms (13) (avg:0)
/obj/item/clothing/neck/cloak/polychromic => 0ms (13) (avg:0)
/obj/item/reagent_containers/syringe/epinephrine => 0ms (12) (avg:0)
/obj/item/storage/box/syringes => 0ms (12) (avg:0)
/obj/item/gun/ballistic/automatic/autopipe => 0ms (12) (avg:0)
/turf/open/floor/plasteel/showroomfloor => 0ms (12) (avg:0)
/obj/item/storage/belt/holster => 0ms (12) (avg:0)
/obj/machinery/chem_dispenser/drinks => 0ms (12) (avg:0)
/obj/item/clothing/shoes/f13/fancy => 0ms (12) (avg:0)
/obj/item/kitchen/knife/combat => 0ms (12) (avg:0)
/obj/item/gun/energy/kinetic_accelerator/premiumka => 0ms (12) (avg:0)
/obj/machinery/door/airlock/titanium => 0ms (11) (avg:0)
/obj/item/holochip => 0ms (11) (avg:0)
/obj/structure/closet/secure_closet/hydroponics => 0ms (11) (avg:0)
/obj/item/reagent_containers/glass/bottle/epinephrine => 0ms (10) (avg:0)
/obj/item/storage/box/flashbangs => 0ms (10) (avg:0)
/obj/structure/closet/secure_closet/personal/cabinet => 0ms (10) (avg:0)
/obj/item/storage/toolbox/electrical => 0ms (10) (avg:0)
/obj/machinery/door/airlock/security => 0ms (10) (avg:0)
/turf/open/floor/plating/f13/outside/desert => 0ms (10) (avg:0)
/obj/item/stack/ore/blackpowder/two => 0ms (10) (avg:0)
/obj/item/reagent_containers/food/drinks/drinkingglass => 0ms (10) (avg:0)
/turf/open/floor/plating/tunnel => 0ms (10) (avg:0)
/obj/machinery/computer/operating => 0ms (9) (avg:0)
/obj/machinery/computer/rdconsole/core/bos => 0ms (9) (avg:0)
/obj/item/reagent_containers/food/snacks/customizable/kebab => 0ms (9) (avg:0)
/obj/machinery/computer/secure_data => 0ms (8) (avg:0)
/obj/machinery/computer/security => 0ms (8) (avg:0)
/obj/item/dice/d20 => 0ms (8) (avg:0)
/obj/machinery/computer/security/telescreen => 0ms (8) (avg:0)
/obj/structure/closet/abductor => 0ms (8) (avg:0)
/obj/item/storage/box/beakers => 0ms (8) (avg:0)
/obj/item/toy/crayon/spraycan => 0ms (8) (avg:0)
/turf/open/floor/plasteel/goonplaque => 0ms (8) (avg:0)
/turf/open/floor/plasteel/vault => 0ms (8) (avg:0)
/obj/structure/table/greyscale => 0ms (8) (avg:0)
/obj/item/clothing/head/helmet/f13/legion/recruit => 0ms (8) (avg:0)
/obj/item/clothing/suit/armor/f13/legion/recruit => 0ms (8) (avg:0)
/obj/item/reagent_containers/glass/bottle/charcoal => 0ms (7) (avg:0)
/obj/structure/closet/emcloset => 0ms (7) (avg:0)
/obj/item/dice => 0ms (7) (avg:0)
/obj/item/storage/box/ingredients/italian => 0ms (7) (avg:0)
/obj/structure/closet/bus => 0ms (7) (avg:0)
/obj/item/storage/box/bodybags => 0ms (7) (avg:0)
/turf/open/floor/plasteel/f13/vault_floor/yellow => 0ms (7) (avg:0)
/turf/closed/wall/f13 => 0ms (7) (avg:0)
/obj/structure/table/reinforced/brass => 0ms (7) (avg:0)
/obj/item/storage/backpack/explorer => 0ms (7) (avg:0)
/obj/item/stack/ore/blackpowder => 0ms (7) (avg:0)
/obj/item/gun/ballistic/automatic/service/r82 => 0ms (7) (avg:0)
/obj/structure/door_assembly/door_assembly_extmai => 0ms (7) (avg:0)
/mob/living/simple_animal/hostile/handy/protectron => 0ms (6) (avg:0)
/obj/structure/closet/secure_closet/security => 0ms (6) (avg:0)
/obj/machinery/computer/security/telescreen/entertainment => 0ms (6) (avg:0)
/obj/item/dice/d10 => 0ms (6) (avg:0)
/obj/machinery/computer/cargo => 0ms (6) (avg:0)
/obj/structure/closet/syndicate/personal => 0ms (6) (avg:0)
/obj/effect/decal/cleanable/blood/gibs/body => 0ms (6) (avg:0)
/obj/item/storage/box/ingredients/carnivore => 0ms (6) (avg:0)
/obj/item/gun/ballistic/automatic/pistol/pistol22 => 0ms (6) (avg:0)
/obj/item/storage/box/ingredients/sweets => 0ms (6) (avg:0)
/obj/machinery/computer/slot_machine => 0ms (6) (avg:0)
/obj/machinery/power/smes => 0ms (6) (avg:0)
/obj/item/clothing/under/shorts/polychromic => 0ms (6) (avg:0)
/obj/item/lighter/gold => 0ms (6) (avg:0)
/obj/item/storage/box/pillbottles => 0ms (6) (avg:0)
/obj/structure/closet/wardrobe/pjs => 0ms (6) (avg:0)
/obj/item/lighter/greyscale => 0ms (6) (avg:0)
/turf/open/floor/mineral/plastitanium => 0ms (6) (avg:0)
/turf/open/floor/carpet/red => 0ms (6) (avg:0)
/obj/structure/door_assembly => 0ms (6) (avg:0)
/obj/item/reagent_containers/glass/bottle/vial/large/combat => 0ms (6) (avg:0)
/obj/item/organ/cyberimp/eyes/hud/medical => 0ms (5) (avg:0)
/obj/machinery/computer/card/centcom => 0ms (5) (avg:0)
/obj/structure/closet/secure_closet/freezer/meat => 0ms (5) (avg:0)
/obj/item/gun/energy/ionrifle => 0ms (5) (avg:0)
/obj/item/storage/box/emps => 0ms (5) (avg:0)
/obj/item/storage/box/dice => 0ms (5) (avg:0)
/obj/item/dice/d4 => 0ms (5) (avg:0)
/obj/item/dice/d6 => 0ms (5) (avg:0)
/obj/item/dice/d8 => 0ms (5) (avg:0)
/obj/machinery/computer/telecrystals/uplinker => 0ms (5) (avg:0)
/obj/item/reagent_containers/honeycomb => 0ms (5) (avg:0)
/obj/item/storage/box/ingredients/grains => 0ms (5) (avg:0)
/obj/structure/closet/fridge/cannibal => 0ms (5) (avg:0)
/obj/item/storage/box/masks => 0ms (5) (avg:0)
/obj/item/storage/box/ingredients/fruity => 0ms (5) (avg:0)
/obj/item/gun/energy/laser/plasma => 0ms (5) (avg:0)
/obj/item/storage/box/ingredients/exotic => 0ms (5) (avg:0)
/obj/item/gun/energy/laser/wattz => 0ms (5) (avg:0)
/obj/structure/closet/secure_closet/contraband/armory => 0ms (5) (avg:0)
/obj/machinery/door/airlock/highsecurity => 0ms (5) (avg:0)
/turf/open/floor/plasteel/caution => 0ms (5) (avg:0)
/turf/closed/wall/f13/tentwall => 0ms (5) (avg:0)
/obj/item/target => 0ms (5) (avg:0)
/obj/item/twohanded/spear => 0ms (5) (avg:0)
/obj/item/clothing/gloves/f13/leather => 0ms (5) (avg:0)
/obj/item/gun/ballistic/automatic/assault_carbine => 0ms (5) (avg:0)
/obj/machinery/defibrillator_mount => 0ms (5) (avg:0)
/obj/item/clothing/gloves/combat => 0ms (5) (avg:0)
/obj/item/storage/box/vendingmachine => 0ms (5) (avg:0)
/obj/structure/guncase/shotgun => 0ms (4) (avg:0)
/obj/structure/closet/secure_closet/freezer/fridge => 0ms (4) (avg:0)
/obj/structure/closet/secure_closet/freezer/kitchen => 0ms (4) (avg:0)
/obj/structure/closet/radiation => 0ms (4) (avg:0)
/obj/item/stock_parts/cell/pulse/carbine => 0ms (4) (avg:0)
/obj/item/gun/energy/pulse/carbine/loyalpin => 0ms (4) (avg:0)
/obj/item/storage/box/disks_plantgene => 0ms (4) (avg:0)
/obj/machinery/door/airlock/command/glass => 0ms (4) (avg:0)
/obj/item/storage/box/alienhandcuffs => 0ms (4) (avg:0)
/obj/item/storage/toolbox/emergency => 0ms (4) (avg:0)
/obj/item/pda/medical => 0ms (4) (avg:0)
/obj/item/storage/toolbox/drone => 0ms (4) (avg:0)
/obj/item/storage/box/ingredients/wildcard => 0ms (4) (avg:0)
/obj/item/storage/box/ingredients/delights => 0ms (4) (avg:0)
/obj/machinery/computer/security/bos => 0ms (4) (avg:0)
/obj/effect/decal/cleanable/blood/gibs/old => 0ms (4) (avg:0)
/obj/structure/fireaxecabinet => 0ms (4) (avg:0)
/obj/item/gps/mining => 0ms (4) (avg:0)
/obj/item/reagent_containers/blood/OMinus => 0ms (4) (avg:0)
/obj/item/pda/chemist => 0ms (4) (avg:0)
/obj/machinery/door/airlock/science/glass => 0ms (4) (avg:0)
/turf/open/indestructible/ground/inside/subway => 0ms (4) (avg:0)
/turf/open/floor/plasteel/f13/vault_floor/plating => 0ms (4) (avg:0)
/turf/closed/wall/mineral/titanium/interior => 0ms (4) (avg:0)
/turf/closed/wall/r_wall/f13composite => 0ms (4) (avg:0)
/obj/structure/table/wood/fancy/blackred => 0ms (4) (avg:0)
/turf/open/floor/carpet/blue => 0ms (4) (avg:0)
/turf/closed/wall/r_wall/syndicate/nodiagonal => 0ms (4) (avg:0)
/obj/item/storage/backpack/trekker => 0ms (4) (avg:0)
/obj/structure/nest/radroach => 0ms (4) (avg:0)
/obj/machinery/light/small/broken => 0ms (4) (avg:0)
/obj/item/gun/energy/e_gun/turret => 0ms (4) (avg:0)
/obj/item/construction/rcd => 0ms (4) (avg:0)
/obj/item/clothing/gloves/f13/handwraps => 0ms (4) (avg:0)
/obj/item/clothing/neck/cloak/bos/paladin => 0ms (4) (avg:0)
/obj/item/clothing/suit/armor/f13/power_armor/t60 => 0ms (4) (avg:0)
/obj/machinery/computer/libraryconsole/bookmanagement => 0ms (4) (avg:0)
/obj/item/clothing/head/helmet/f13/power_armor/t60 => 0ms (4) (avg:0)
/obj/item/organ/cyberimp/chest/nutriment => 0ms (3) (avg:0)
/obj/item/organ/cyberimp/chest/nutriment/plus => 0ms (3) (avg:0)
/mob/living/simple_animal/hostile/handy/nsb => 0ms (3) (avg:0)
/mob/living/simple_animal/hostile/handy/gutsy/nsb => 0ms (3) (avg:0)
/obj/item/storage/box/hug/medical => 0ms (3) (avg:0)
/obj/structure/guncase/ecase => 0ms (3) (avg:0)
/obj/item/storage/box/zipties => 0ms (3) (avg:0)
/obj/item/clothing/under/misc/polyjumpsuit => 0ms (3) (avg:0)
/obj/item/clothing/under/misc/poly_shirt => 0ms (3) (avg:0)
/obj/item/clothing/under/costume/kilt/polychromic => 0ms (3) (avg:0)
/obj/item/clothing/under/dress/skirt/polychromic => 0ms (3) (avg:0)
/obj/item/clothing/under/misc/polyshorts => 0ms (3) (avg:0)
/obj/item/defibrillator/compact/combat/loaded => 0ms (3) (avg:0)
/obj/item/storage/box/teargas => 0ms (3) (avg:0)
/obj/item/gun/energy/laser/wattz/magneto => 0ms (3) (avg:0)
/obj/machinery/computer/communications => 0ms (3) (avg:0)
/obj/machinery/computer/auxillary_base => 0ms (3) (avg:0)
/obj/item/gps/internal/base => 0ms (3) (avg:0)
/obj/structure/closet/wardrobe/cargotech => 0ms (3) (avg:0)
/obj/structure/closet/cardboard/metal => 0ms (3) (avg:0)
/obj/machinery/computer/arcade/orion_trail => 0ms (3) (avg:0)
/obj/machinery/computer/shuttle/bunkerelevator => 0ms (3) (avg:0)
/obj/item/reagent_containers/food/snacks/lollipop => 0ms (3) (avg:0)
/obj/machinery/computer/shuttle/northbunkerelevator => 0ms (3) (avg:0)
/obj/item/reagent_containers/food/drinks/mug/coco => 0ms (3) (avg:0)
/obj/item/storage/box/lights => 0ms (3) (avg:0)
/obj/item/storage/box/lights/bulbs => 0ms (3) (avg:0)
/obj/item/storage/box/cups => 0ms (3) (avg:0)
/obj/structure/guncase => 0ms (3) (avg:0)
/obj/machinery/computer/med_data => 0ms (3) (avg:0)
/obj/machinery/door/airlock/mining => 0ms (3) (avg:0)
/obj/machinery/computer/crew => 0ms (3) (avg:0)
/obj/machinery/atmospherics/components/unary/vent_pump/on => 0ms (3) (avg:0)
/obj/item/gun/energy/ionrifle/carbine => 0ms (3) (avg:0)
/obj/item/clothing/neck/cloak/alt/polychromic => 0ms (3) (avg:0)
/obj/item/kitchen/knife/bowie => 0ms (3) (avg:0)
/obj/item/stack/sheet/metal => 0ms (3) (avg:0)
/obj/item/claymore/machete/reinforced => 0ms (3) (avg:0)
/obj/item/storage/keys_set => 0ms (3) (avg:0)
/obj/item/clothing/under/f13/wayfarer/hunter => 0ms (3) (avg:0)
/obj/item/gun/ballistic/automatic/pistol/ninemil => 0ms (3) (avg:0)
/obj/item/clothing/head/helmet/f13/power_armor/advanced => 0ms (3) (avg:0)
/obj/item/clothing/suit/armor/f13/power_armor/advanced => 0ms (3) (avg:0)
/obj/item/clothing/suit/armor/f13/power_armor/t45d/knightcaptain => 0ms (3) (avg:0)
/obj/item/clothing/head/helmet/f13/power_armor/t45d/sierra => 0ms (3) (avg:0)
/obj/item/clothing/suit/armor/f13/power_armor/t45d/sierra => 0ms (3) (avg:0)
/obj/structure/door_assembly/door_assembly_grunge => 0ms (3) (avg:0)
/mob/living/simple_animal/hostile/handy/sentrybot => 0ms (2) (avg:0)
/mob/living/simple_animal/hostile/handy/robobrain/nsb => 0ms (2) (avg:0)
/obj/structure/tank_dispenser/oxygen => 0ms (2) (avg:0)
/obj/item/storage/box/firingpins => 0ms (2) (avg:0)
/obj/structure/closet/secure_closet/ertMed => 0ms (2) (avg:0)
/obj/structure/closet/secure_closet/ertSec => 0ms (2) (avg:0)
/obj/item/storage/box/flashes => 0ms (2) (avg:0)
/obj/item/gun/energy/laser/captain => 0ms (2) (avg:0)
/obj/item/dice/d1 => 0ms (2) (avg:0)
/obj/machinery/computer/emergency_shuttle => 0ms (2) (avg:0)
/obj/structure/closet/secure_closet/ertEngi => 0ms (2) (avg:0)
/obj/item/storage/box/metalfoam => 0ms (2) (avg:0)
/obj/machinery/computer/shuttle/labor => 0ms (2) (avg:0)
/obj/machinery/computer/shuttle/mining => 0ms (2) (avg:0)
/obj/machinery/computer/security/mining => 0ms (2) (avg:0)
/obj/item/storage/box/mousetraps => 0ms (2) (avg:0)
/obj/machinery/computer/mech_bay_power_console => 0ms (2) (avg:0)
/obj/machinery/computer/camera_advanced => 0ms (2) (avg:0)
/obj/machinery/computer/shuttle => 0ms (2) (avg:0)
/obj/machinery/computer/telecomms/monitor => 0ms (2) (avg:0)
/obj/machinery/computer/telecomms/server => 0ms (2) (avg:0)
/obj/machinery/computer/message_monitor => 0ms (2) (avg:0)
/obj/effect/decal/cleanable/blood/gibs/limb => 0ms (2) (avg:0)
/obj/item/storage/box/snappops => 0ms (2) (avg:0)
/obj/structure/closet/athletic_mixed => 0ms (2) (avg:0)
/obj/structure/closet/boxinggloves => 0ms (2) (avg:0)
/obj/item/storage/box/papersack => 0ms (2) (avg:0)
/obj/item/gun/ballistic/automatic/assault_rifle/infiltrator => 0ms (2) (avg:0)
/obj/item/storage/box/citizenship_permits => 0ms (2) (avg:0)
/obj/item/gun/ballistic/automatic/assault_rifle => 0ms (2) (avg:0)
/obj/item/storage/box/medsprays => 0ms (2) (avg:0)
/obj/item/pda/engineering => 0ms (2) (avg:0)
/obj/machinery/computer/operating/bos => 0ms (2) (avg:0)
/obj/item/pda/heads/hop => 0ms (2) (avg:0)
/obj/structure/closet/secure_closet => 0ms (2) (avg:0)
/obj/item/storage/box/lights/tubes => 0ms (2) (avg:0)
/obj/item/pda/warden => 0ms (2) (avg:0)
/obj/item/storage/box/lights/mixed => 0ms (2) (avg:0)
/obj/machinery/computer/robotics => 0ms (2) (avg:0)
/obj/machinery/computer/upload/ai => 0ms (2) (avg:0)
/obj/machinery/door/airlock/engineering => 0ms (2) (avg:0)
/obj/item/stack/ore/blackpowder/five => 0ms (2) (avg:0)
/turf/open/floor/plasteel/blue/corner => 0ms (2) (avg:0)
/obj/structure/table/wood/fancy/royalblack => 0ms (2) (avg:0)
/obj/structure/window/plasma/reinforced/fulltile => 0ms (2) (avg:0)
/obj/structure/falsewall/reinforced => 0ms (2) (avg:0)
/obj/machinery/portable_atmospherics/canister/oxygen => 0ms (2) (avg:0)
/obj/effect/decal/cleanable/blood/gibs/human/lizard/up => 0ms (2) (avg:0)
/obj/effect/decal/cleanable/blood/gibs/slime => 0ms (2) (avg:0)
/obj/effect/decal/cleanable/blood/gibs/human/body => 0ms (2) (avg:0)
/obj/item/reagent_containers/blood/AMinus => 0ms (2) (avg:0)
/obj/item/reagent_containers/blood/APlus => 0ms (2) (avg:0)
/obj/item/reagent_containers/blood/BMinus => 0ms (2) (avg:0)
/obj/item/reagent_containers/blood/BPlus => 0ms (2) (avg:0)
/obj/item/reagent_containers/blood/OPlus => 0ms (2) (avg:0)
/obj/item/reagent_containers/blood/lizard => 0ms (2) (avg:0)
/obj/item/clothing/gloves/rifleman => 0ms (2) (avg:0)
/obj/item/stack/sheet/glass/fifty => 0ms (2) (avg:0)
/obj/item/clothing/head/helmet/f13/legion/vet/explorer => 0ms (2) (avg:0)
/obj/item/clothing/suit/armor/f13/legion/vet/explorer => 0ms (2) (avg:0)
/obj/item/card/id/silver => 0ms (2) (avg:0)
/obj/item/claymore/machete => 0ms (2) (avg:0)
/obj/item/clothing/suit/armor/f13/leather_jacket => 0ms (2) (avg:0)
/obj/item/clothing/under/jabroni => 0ms (2) (avg:0)
/obj/item/ammo_box/c38 => 0ms (2) (avg:0)
/obj/item/storage/trash_stack => 0ms (2) (avg:0)
/obj/item/modular_computer/laptop/preset/civillian => 0ms (2) (avg:0)
/obj/screen/alert/restrained/handcuffed => 0ms (2) (avg:0)
/obj/item/melee/unarmed/brass/spiked => 0ms (2) (avg:0)
/turf/open/floor/plasteel/freezer => 0ms (2) (avg:0)
/obj/item/hatchet => 0ms (2) (avg:0)
/obj/item/clothing/gloves/color/yellow => 0ms (2) (avg:0)
/obj/machinery/vending/cigarette => 0ms (2) (avg:0)
/obj/item/clothing/under/f13/medic => 0ms (2) (avg:0)
/obj/item/gun/ballistic/automatic/pistol/suppressed => 0ms (2) (avg:0)
/obj/item/pda/heads/ce => 0ms (2) (avg:0)
/obj/item/storage/box/engineer => 0ms (2) (avg:0)
/obj/item/storage/belt/military/assault/ncr => 0ms (2) (avg:0)
/obj/item/clothing/head/hooded/cloakhood/hhunter => 0ms (2) (avg:0)
/obj/item/clothing/suit/hooded/cloak/hhunter => 0ms (2) (avg:0)
/obj/item/reagent_containers/food/snacks/rawmeatball => 0ms (2) (avg:0)
/obj/item/organ/cyberimp/brain/anti_stun => 0ms (2) (avg:0)
/obj/item/organ/cyberimp/brain/anti_drop => 0ms (2) (avg:0)
/obj/item/organ/cyberimp/chest/reviver => 0ms (2) (avg:0)
/obj/item/organ/cyberimp/eyes/hud/security => 0ms (2) (avg:0)
/obj/item/clothing/head/f13/ranger => 0ms (2) (avg:0)
/obj/item/clothing/under/jester => 0ms (2) (avg:0)
/obj/structure/door_assembly/door_assembly_hatch => 0ms (2) (avg:0)
/obj/item/storage/part_replacer/bluespace => 0ms (2) (avg:0)
/obj/item/clothing/head/helmet/f13/power_armor/t45d => 0ms (2) (avg:0)
/obj/item/clothing/mask/gas/sechailer/swat => 0ms (2) (avg:0)
/obj/item/clothing/glasses/night => 0ms (2) (avg:0)
/obj/item/storage/backpack/duffelbag => 0ms (2) (avg:0)
/obj/item/clothing/suit/armor/f13/town/sheriff => 0ms (2) (avg:0)
/obj/item/melee/unarmed/maceglove => 0ms (2) (avg:0)
/obj/item/storage/belt/military/assault => 0ms (2) (avg:0)
/obj/item/stock_parts/cell/ammo/mfc => 0ms (2) (avg:0)
/obj/item/clothing/head/helmet/f13/power_armor/raiderpa_helm => 0ms (2) (avg:0)
/obj/item/clothing/neck/cloak => 0ms (2) (avg:0)
/obj/item/clothing/under/f13/merchant => 0ms (2) (avg:0)
/area/shuttle/transit => 0ms (2) (avg:0)
/obj/item/gun/ballistic/shotgun/remington => 0ms (2) (avg:0)
/obj/structure/closet/crate/secure/hydroponics => 0ms (1) (avg:0)
/obj/structure/chair/e_chair => 0ms (1) (avg:0)
/mob/living/simple_animal/hostile/handy/sentrybot/nsb => 0ms (1) (avg:0)
/mob/living/simple_animal/hostile/handy/sentrybot/chew => 0ms (1) (avg:0)
/obj/structure/tank_dispenser/plasma => 0ms (1) (avg:0)
/obj/vehicle/ridden/space/speedbike => 0ms (1) (avg:0)
/obj/vehicle/ridden/space/speedbike/red => 0ms (1) (avg:0)
/obj/vehicle/ridden/space/speedwagon => 0ms (1) (avg:0)
/obj/structure/closet/gimmick/tacticool => 0ms (1) (avg:0)
/obj/structure/closet/gimmick/russian => 0ms (1) (avg:0)
/obj/structure/closet/syndicate/resources/everything => 0ms (1) (avg:0)
/obj/structure/closet/secure_closet/security/sec => 0ms (1) (avg:0)
/obj/structure/closet/secure_closet/warden => 0ms (1) (avg:0)
/obj/structure/closet/secure_closet/armory1 => 0ms (1) (avg:0)
/obj/vehicle/ridden/janicart/upgraded => 0ms (1) (avg:0)
/obj/structure/closet/firecloset/full => 0ms (1) (avg:0)
/obj/structure/closet/wardrobe/mixed => 0ms (1) (avg:0)
/obj/item/clothing/suit/hooded/wintercoat/polychromic => 0ms (1) (avg:0)
/obj/structure/closet/secure_closet/tac => 0ms (1) (avg:0)
/obj/structure/closet/secure_closet/armory2 => 0ms (1) (avg:0)
/obj/structure/closet/secure_closet/armory3 => 0ms (1) (avg:0)
/obj/item/gun/energy/e_gun/stun => 0ms (1) (avg:0)
/obj/structure/closet/secure_closet/ertCom => 0ms (1) (avg:0)
/obj/machinery/computer/shuttle/ferry => 0ms (1) (avg:0)
/obj/machinery/modular_computer/console/preset/command => 0ms (1) (avg:0)
/obj/machinery/computer/prisoner => 0ms (1) (avg:0)
/obj/structure/closet/secure_closet/quartermaster => 0ms (1) (avg:0)
/obj/structure/closet/chefcloset => 0ms (1) (avg:0)
/obj/machinery/modular_computer/console/preset/research => 0ms (1) (avg:0)
/obj/machinery/computer/telecrystals/boss => 0ms (1) (avg:0)
/obj/item/paicard => 0ms (1) (avg:0)
/obj/machinery/computer/shuttle/syndicate/recall => 0ms (1) (avg:0)
/obj/item/disk/data => 0ms (1) (avg:0)
/obj/item/gun/energy/laser/practice => 0ms (1) (avg:0)
/obj/machinery/computer/atmos_alert => 0ms (1) (avg:0)
/obj/machinery/computer/station_alert => 0ms (1) (avg:0)
/obj/machinery/gravity_generator/part => 0ms (1) (avg:0)
/obj/machinery/computer/pandemic => 0ms (1) (avg:0)
/obj/structure/closet/wardrobe/white => 0ms (1) (avg:0)
/obj/structure/closet/secure_closet/freezer/fridge/open => 0ms (1) (avg:0)
/obj/machinery/power/solar_control => 0ms (1) (avg:0)
/obj/structure/closet/fridge/meat => 0ms (1) (avg:0)
/obj/item/bedsheet/gondola => 0ms (1) (avg:0)
/obj/item/dice/d00 => 0ms (1) (avg:0)
/obj/item/gun/energy/laser/plasma/pistol => 0ms (1) (avg:0)
/obj/item/gun/ballistic/automatic/r84 => 0ms (1) (avg:0)
/obj/machinery/computer/rdconsole => 0ms (1) (avg:0)
/obj/effect/decal/cleanable/blood/gibs/torso => 0ms (1) (avg:0)
/obj/item/pda/captain => 0ms (1) (avg:0)
/obj/item/integrated_electronics/detailer => 0ms (1) (avg:0)
/obj/item/gps/computer => 0ms (1) (avg:0)
/obj/item/pda/quartermaster => 0ms (1) (avg:0)
/obj/machinery/computer/cargo/request => 0ms (1) (avg:0)
/obj/machinery/door/airlock/research => 0ms (1) (avg:0)
/obj/item/pda/lawyer => 0ms (1) (avg:0)
/obj/machinery/computer/rdconsole/core/vault => 0ms (1) (avg:0)
/obj/machinery/computer/aifixer => 0ms (1) (avg:0)
/obj/machinery/computer/upload/borg => 0ms (1) (avg:0)
/obj/item/storage/box/PDAs => 0ms (1) (avg:0)
/obj/machinery/computer/card => 0ms (1) (avg:0)
/obj/item/gun/ballistic/automatic/toy => 0ms (1) (avg:0)
/obj/structure/closet/secure_closet/freezer/kitchen/maintenance => 0ms (1) (avg:0)
/obj/machinery/modular_computer/console/preset/engineering => 0ms (1) (avg:0)
/obj/structure/closet/toolcloset => 0ms (1) (avg:0)
/obj/item/gun/energy/laser/aer12 => 0ms (1) (avg:0)
/area/tdome/arena => 0ms (1) (avg:0)
/area/syndicate_mothership => 0ms (1) (avg:0)
/area/ctf => 0ms (1) (avg:0)
/area/awaymission/errorroom => 0ms (1) (avg:0)
/area/tdome/arena_source => 0ms (1) (avg:0)
/area/abductor_ship => 0ms (1) (avg:0)
/area/holodeck/rec_center/refuel => 0ms (1) (avg:0)
/area/holodeck/rec_center/spacechess => 0ms (1) (avg:0)
/area/holodeck/rec_center/thunderdome1218 => 0ms (1) (avg:0)
/area/holodeck/rec_center/kobayashi => 0ms (1) (avg:0)
/area/holodeck/rec_center/chapelcourt => 0ms (1) (avg:0)
/area/holodeck/rec_center/school => 0ms (1) (avg:0)
/area/holodeck/rec_center/firingrange => 0ms (1) (avg:0)
/area/fabric_of_reality => 0ms (1) (avg:0)
/area/ai_multicam_room => 0ms (1) (avg:0)
/area/holodeck/rec_center/anthophila => 0ms (1) (avg:0)
/area/holodeck/rec_center/pet_lounge => 0ms (1) (avg:0)
/area/holodeck/rec_center/medical => 0ms (1) (avg:0)
/area/holodeck/rec_center/basketball => 0ms (1) (avg:0)
/area/holodeck/rec_center/beach => 0ms (1) (avg:0)
/area/holodeck/rec_center/thunderdome => 0ms (1) (avg:0)
/area/holodeck/rec_center/dodgeball => 0ms (1) (avg:0)
/area/start => 0ms (1) (avg:0)
/area/holodeck/rec_center/winterwonderland => 0ms (1) (avg:0)
/area/holodeck/rec_center/bunker => 0ms (1) (avg:0)
/area/holodeck/rec_center/lounge => 0ms (1) (avg:0)
/area/holodeck/rec_center/wildlife => 0ms (1) (avg:0)
/area/holodeck/rec_center/offline => 0ms (1) (avg:0)
/area/holodeck/rec_center/burn => 0ms (1) (avg:0)
/area/holodeck/rec_center/court => 0ms (1) (avg:0)
/area/space => 0ms (1) (avg:0)
/turf/open/floor/plasteel/darkpurple/side => 0ms (1) (avg:0)
/turf/open/floor/plasteel/f13/vault_floor/yellow/whiteyellowfull => 0ms (1) (avg:0)
/obj/structure/window/reinforced/tinted/fulltile => 0ms (1) (avg:0)
/obj/structure/falsewall => 0ms (1) (avg:0)
/obj/machinery/computer/shuttle/bos => 0ms (1) (avg:0)
/obj/machinery/computer/shuttle/ferry/request => 0ms (1) (avg:0)
/obj/machinery/computer/shuttle/syndicate/drop_pod => 0ms (1) (avg:0)
/obj/structure/closet/syndicate/nuclear => 0ms (1) (avg:0)
/obj/item/pda/syndicate => 0ms (1) (avg:0)
/obj/item/storage/toolbox/syndicate => 0ms (1) (avg:0)
/obj/machinery/computer/med_data/syndie => 0ms (1) (avg:0)
/obj/machinery/computer/crew/syndie => 0ms (1) (avg:0)
/obj/machinery/computer/camera_advanced/shuttle_docker/syndicate => 0ms (1) (avg:0)
/obj/machinery/computer/shuttle/syndicate => 0ms (1) (avg:0)
/obj/machinery/computer/camera_advanced/syndie => 0ms (1) (avg:0)
/obj/machinery/computer/secure_data/syndie => 0ms (1) (avg:0)
/mob/living/simple_animal/hostile/handy/securitron => 0ms (1) (avg:0)
/obj/effect/decal/cleanable/blood/gibs/human/limb => 0ms (1) (avg:0)
/mob/living/simple_animal/hostile/handy/robobrain => 0ms (1) (avg:0)
/obj/effect/decal/cleanable/blood/gibs/human => 0ms (1) (avg:0)
/obj/effect/decal/cleanable/blood/gibs/slime/torso => 0ms (1) (avg:0)
/obj/effect/decal/cleanable/blood/gibs/human/up => 0ms (1) (avg:0)
/obj/effect/decal/cleanable/blood/gibs/ipc/limb => 0ms (1) (avg:0)
/obj/item/storage/box/beakers/variety => 0ms (1) (avg:0)
/obj/item/clothing/suit/armor/f13/rangercombat => 0ms (1) (avg:0)
/obj/item/gun/ballistic/revolver/sequoia => 0ms (1) (avg:0)
/obj/item/storage/box/ration/ranger_dinner => 0ms (1) (avg:0)
/obj/item/reagent_containers/pill/patch/healingpowder => 0ms (1) (avg:0)
/obj/item/clothing/shoes/sneakers/black => 0ms (1) (avg:0)
/obj/item/pickaxe/drill => 0ms (1) (avg:0)
/obj/item/clothing/head/welding => 0ms (1) (avg:0)
/obj/item/clothing/suit/armor/f13/kit => 0ms (1) (avg:0)
/obj/item/kitchen/knife/combat/survival => 0ms (1) (avg:0)
/obj/item/clothing/head/helmet/knight/f13/metal => 0ms (1) (avg:0)
/obj/item/clothing/suit/armor/f13/metalarmor => 0ms (1) (avg:0)
/obj/item/storage/backpack/satchel/leather => 0ms (1) (avg:0)
/obj/item/storage/fancy/cigarettes/cigars/cohiba => 0ms (1) (avg:0)
/obj/item/gun/ballistic/automatic/pistol/n99 => 0ms (1) (avg:0)
/obj/item/clothing/suit/toggle/labcoat/f13/wanderer => 0ms (1) (avg:0)
/obj/item/ammo_box/m44 => 0ms (1) (avg:0)
/obj/item/gun/ballistic/revolver/revolver44 => 0ms (1) (avg:0)
/turf/closed/wall/f13/wood/interior => 0ms (1) (avg:0)
/obj/item/stack/sheet/metal/fifty => 0ms (1) (avg:0)
/obj/item/grenade/iedcasing => 0ms (1) (avg:0)
/obj/item/clothing/head/f13/town/big => 0ms (1) (avg:0)
/obj/item/clothing/suit/armor/f13/town/mayor => 0ms (1) (avg:0)
/obj/machinery/am_shielding => 0ms (1) (avg:0)
/obj/item/claymore/machete/gladius => 0ms (1) (avg:0)
/obj/item/clothing/head/sombrero => 0ms (1) (avg:0)
/obj/item/clothing/suit/armor/f13/raider/supafly => 0ms (1) (avg:0)
/obj/item/reagent_containers/food/snacks/meat/slab/gecko => 0ms (1) (avg:0)
/obj/item/stack/sheet/animalhide/gecko => 0ms (1) (avg:0)
/obj/item/clothing/neck/necklace/dope => 0ms (1) (avg:0)
/obj/item/storage/backpack/satchel/explorer => 0ms (1) (avg:0)
/obj/item/throwing_star/spear => 0ms (1) (avg:0)
/obj/item/card/id/rusted/rustedmedallion => 0ms (1) (avg:0)
/obj/structure/bonfire => 0ms (1) (avg:0)
/obj/item/binoculars => 0ms (1) (avg:0)
/obj/item/reagent_containers/glass/bottle/FEV_solution => 0ms (1) (avg:0)
/obj/item/card/id/syndicate/anyone => 0ms (1) (avg:0)
/obj/item/clothing/under/color/grey => 0ms (1) (avg:0)
/obj/item/clothing/head/beret/ncr_scout => 0ms (1) (avg:0)
/obj/item/clothing/suit/armor/f13/ncrarmor/captain => 0ms (1) (avg:0)
/obj/item/clothing/gloves/f13/leather/fingerless => 0ms (1) (avg:0)
/obj/item/stack/sheet/mineral/wood/fifty => 0ms (1) (avg:0)
/obj/structure/nest/wanamingo => 0ms (1) (avg:0)
/obj/item/bodypart/l_arm => 0ms (1) (avg:0)
/obj/item/clothing/head/beret/ncr => 0ms (1) (avg:0)
/obj/item/clothing/suit/armor/f13/ncrarmor/lieutenant => 0ms (1) (avg:0)
/obj/item/clothing/under/f13/roving => 0ms (1) (avg:0)
/obj/item/kitchen/knife/combat/bone => 0ms (1) (avg:0)
/obj/item/reagent_containers/food/snacks/meat/slab => 0ms (1) (avg:0)
/obj/item/melee/transforming/cleaving_saw => 0ms (1) (avg:0)
/obj/item/clothing/head/helmet/skull => 0ms (1) (avg:0)
/obj/item/gun/ballistic/automatic/tribalbow => 0ms (1) (avg:0)
/obj/item/clothing/head/helmet/f13/legion/prime => 0ms (1) (avg:0)
/obj/item/clothing/suit/armor/f13/legion/prime => 0ms (1) (avg:0)
/obj/item/storage/box/deputy_badges => 0ms (1) (avg:0)
/obj/item/clothing/suit/armor/f13/combat/ncr_patrol => 0ms (1) (avg:0)
/obj/item/clothing/gloves/patrol => 0ms (1) (avg:0)
/obj/item/clothing/head/helmet/f13/power_armor/t51b => 0ms (1) (avg:0)
/obj/item/clothing/suit/armor/f13/power_armor/t51b => 0ms (1) (avg:0)
/obj/item/gun/ballistic/revolver/widowmaker => 0ms (1) (avg:0)
/obj/item/clothing/under/f13/enclave_officer => 0ms (1) (avg:0)
/obj/item/gun/ballistic/automatic/pistol/sig => 0ms (1) (avg:0)
/obj/item/storage/belt/military/army => 0ms (1) (avg:0)
/obj/structure/door_assembly/door_assembly_vault => 0ms (1) (avg:0)
/obj/item/clothing/suit/armor/f13/power_armor/t45d => 0ms (1) (avg:0)
/obj/item/clothing/mask/gas/ranger => 0ms (1) (avg:0)
/obj/item/gun/ballistic/automatic/rangemaster => 0ms (1) (avg:0)
/obj/item/clothing/head/helmet/f13/combat/brotherhood/senior => 0ms (1) (avg:0)
/obj/item/clothing/suit/f13/elder => 0ms (1) (avg:0)
/obj/item/ammo_box/magazine/m556/rifle/small => 0ms (1) (avg:0)
/obj/item/clothing/suit/armor/f13/headscribe => 0ms (1) (avg:0)
/obj/item/storage/bag/money/small/ncr => 0ms (1) (avg:0)
/obj/item/clothing/head/f13/town/sheriff => 0ms (1) (avg:0)
/obj/item/clothing/head/helmet/f13/combat/brotherhood => 0ms (1) (avg:0)
/obj/item/clothing/glasses/sunglasses/big => 0ms (1) (avg:0)
/obj/item/reagent_containers/hypospray/medipen/psycho => 0ms (1) (avg:0)
/obj/item/storage/survivalkit_adv => 0ms (1) (avg:0)
/obj/item/clothing/suit/f13/scribe => 0ms (1) (avg:0)
/obj/item/stack/tile/wood/wood_large => 0ms (1) (avg:0)
/obj/item/stack/tile/wood/wood_diagonal => 0ms (1) (avg:0)
/obj/item/stack/tile/wood/wood_tiled => 0ms (1) (avg:0)
/turf/open/indestructible/ground/outside/ruins => 0ms (1) (avg:0)
/obj/item/clothing/glasses/eyepatch => 0ms (1) (avg:0)
/obj/item/gun/medbeam => 0ms (1) (avg:0)
/obj/item/clothing/head/beanie/black => 0ms (1) (avg:0)
/obj/item/clothing/glasses/orange => 0ms (1) (avg:0)
/obj/item/stack/sheet/mineral/wood => 0ms (1) (avg:0)
/obj/item/kitchen/knife/butcher => 0ms (1) (avg:0)
/obj/structure/nest/ghoul => 0ms (1) (avg:0)
/obj/item/gun/ballistic/automatic/pistol/m1911/compact => 0ms (1) (avg:0)
/obj/item/ammo_box/shotgun/bean => 0ms (1) (avg:0)
/obj/item/gun/ballistic/revolver/single_shotgun => 0ms (1) (avg:0)
/obj/structure/window/fulltile/wood_window => 0ms (1) (avg:0)
/obj/item/gun/ballistic/shotgun/automatic/hunting/brush => 0ms (1) (avg:0)
/obj/item/gun/ballistic/shotgun/kar98k => 0ms (1) (avg:0)
/obj/item/ammo_box/shotgun/buck => 0ms (1) (avg:0)
/obj/item/gun/ballistic/revolver/revolver45 => 0ms (1) (avg:0)
/obj/item/clothing/head/helmet/f13/legion/heavy => 0ms (1) (avg:0)
/obj/item/clothing/suit/armor/f13/legion/heavy => 0ms (1) (avg:0)
/obj/item/clothing/under/f13/legskirt => 0ms (1) (avg:0)
/obj/item/stack/sheet/bone => 0ms (1) (avg:0)
/obj/item/reagent_containers/food/snacks/meat/slab/human/centaur => 0ms (1) (avg:0)
/obj/item/clothing/suit/f13/seniorscribe => 0ms (1) (avg:0)
/obj/item/clothing/under/pants/f13/ghoul => 0ms (1) (avg:0)
/obj/item/clothing/shoes/combat => 0ms (1) (avg:0)
/obj/item/reagent_containers/food/snacks/f13/crisps => 0ms (1) (avg:0)
