[2021-05-22 18:40:35.934] Starting up round ID 28.
 - -------------------------
[2021-05-22 18:40:37.445] INIT: Initialized Profiler subsystem within 0 seconds!
[2021-05-22 18:40:37.592] Fail2Topic: Failed to drop firewall rule. Exit code: 1.
[2021-05-22 18:40:37.592] INIT: Initialized Fail2Topic subsystem within 0.1 seconds!
[2021-05-22 18:40:37.625] INIT: Initialized Title Screen subsystem within 0.1 seconds!
[2021-05-22 18:40:37.626] INIT: Initialized Database subsystem within 0 seconds!
[2021-05-22 18:40:37.626] INIT: Initialized Stat Panels subsystem within 0 seconds!
[2021-05-22 18:40:37.626] INIT: Initialized Blackbox subsystem within 0 seconds!
[2021-05-22 18:40:37.627] INIT: Initialized Server Tasks subsystem within 0 seconds!
[2021-05-22 18:40:37.628] INIT: Initialized Input subsystem within 0 seconds!
[2021-05-22 18:40:37.630] INIT: Initialized Sounds subsystem within 0 seconds!
[2021-05-22 18:40:37.630] INIT: Initialized Vis contents overlays subsystem within 0 seconds!
[2021-05-22 18:40:37.693] INIT: Initialized Research subsystem within 0 seconds!
[2021-05-22 18:40:37.695] INIT: Initialized Events subsystem within 0 seconds!
[2021-05-22 18:40:37.701] INIT: Initialized Jobs subsystem within 0.1 seconds!
[2021-05-22 18:40:37.703] INIT: Initialized Quirks subsystem within 0 seconds!
[2021-05-22 18:40:37.746] INIT: Initialized Ticker subsystem within 0 seconds!
[2021-05-22 18:40:37.780] INIT: Initialized Instruments subsystem within 0 seconds!
[2021-05-22 18:40:56.173] INIT: Initialized Mapping subsystem within 18.4 seconds!
[2021-05-22 18:40:56.173] INIT: Initialized Economy subsystem within 0 seconds!
[2021-05-22 18:40:56.175] INIT: Initialized Networks subsystem within 0 seconds!
[2021-05-22 18:40:56.175] INIT: Initialized Holodeck subsystem within 0 seconds!
[2021-05-22 18:41:45.815] INIT: Initialized Atoms subsystem within 49.7 seconds!
[2021-05-22 18:41:45.834] INIT: Initialized Language subsystem within 0 seconds!
[2021-05-22 18:41:45.862] INIT: Initialized Machines subsystem within 0 seconds!
[2021-05-22 18:41:45.956] INIT: Initialized Circuit subsystem within 0.1 seconds!
[2021-05-22 18:41:46.218] INIT: Initialized Atmos Adjacency subsystem within 0.3 seconds!
[2021-05-22 18:41:46.219] INIT: Initialized Autotransfer Vote subsystem within 0 seconds!
[2021-05-22 18:41:46.219] INIT: Initialized Chemistry subsystem within 0 seconds!
[2021-05-22 18:41:46.220] INIT: Initialized Status Effects subsystem within 0 seconds!
[2021-05-22 18:41:46.222] INIT: Initialized Weather subsystem within 0 seconds!
[2021-05-22 18:41:46.227] INIT: Initialized Disease subsystem within 0 seconds!
[2021-05-22 18:41:46.227] INIT: Initialized Item Spawners subsystem within 0 seconds!
[2021-05-22 18:41:46.228] INIT: Initialized Jukeboxes subsystem within 0 seconds!
[2021-05-22 18:41:46.228] INIT: Initialized Medals subsystem within 0 seconds!
[2021-05-22 18:41:47.338] INIT: Initialized Minimaps subsystem within 1.1 seconds!
[2021-05-22 18:41:47.342] INIT: Initialized Mob Spawners subsystem within 0 seconds!
[2021-05-22 18:41:47.343] INIT: Initialized Monster Wave subsystem within 0 seconds!
[2021-05-22 18:41:47.343] INIT: Initialized Day/Night Cycle subsystem within 0 seconds!
[2021-05-22 18:41:47.344] INIT: Initialized Night Shift subsystem within 0 seconds!
[2021-05-22 18:41:47.344] INIT: Initialized Parallax subsystem within 0 seconds!
[2021-05-22 18:41:47.344] INIT: Initialized Sun subsystem within 0 seconds!
[2021-05-22 18:41:47.766] INIT: Initialized Traumas subsystem within 0.4 seconds!
[2021-05-22 18:41:55.592] INIT: Initialized Atmospherics subsystem within 7.8 seconds!
[2021-05-22 18:42:04.967] INIT: Initialized Assets subsystem within 9.4 seconds!
[2021-05-22 18:42:11.055] INIT: Initialized Icon Smoothing subsystem within 5.6 seconds!
[2021-05-22 18:42:12.310] INIT: Initialized Overlay subsystem within 1.3 seconds!
[2021-05-22 18:42:12.311] INIT: Initialized XKeyScore subsystem within 0 seconds!
[2021-05-22 18:42:12.362] INIT: Initialized Sticky Ban subsystem within 0 seconds!
[2021-05-22 18:42:22.176] INIT: Initialized Lighting subsystem within 9.8 seconds!
[2021-05-22 18:42:25.473] INIT: Initialized Shuttle subsystem within 3.3 seconds!
[2021-05-22 18:42:31.409] INIT: Initialized Minor Mapping subsystem within 6 seconds!
[2021-05-22 18:42:31.412] INIT: Initialized Pathfinder subsystem within 0 seconds!
[2021-05-22 18:42:31.471] INIT: Initialized Persistence subsystem within 0 seconds!
[2021-05-22 18:42:31.471] INIT: Initialized Chat subsystem within 0 seconds!
[2021-05-22 22:05:59.520] Fail2Topic: Failed to drop firewall rule. Exit code: 1.
