[2021-05-22 18:40:35.928] Starting up round ID 28.
 - -------------------------
[2021-05-22 18:46:31.109] TCOMMS: Dantesousa/(Dante Sousa) [NCR] (spans:  ) "Salve" (language: Galactic Common) (NCR (17, 204, 2))
[2021-05-22 18:46:42.388] TCOMMS: Italos/(Josef Polson) [NCR] (spans:  ) "Opa" (language: Galactic Common) (NCR (29, 210, 3))
[2021-05-22 18:48:48.886] TCOMMS: Jhonatan lima/(Luicio Notav) [NCR] (spans:  ) "Bom dia" (language: Galactic Common) (NCR (8, 209, 2))
[2021-05-22 18:48:53.942] TCOMMS: Dantesousa/(Dante Sousa) [NCR] (spans:  ) "Salve" (language: Galactic Common) (Wasteland (96, 117, 2))
[2021-05-22 18:48:55.800] TCOMMS: Eversonblr/(Miguel Hastings) [BOS] (spans:  ) "Ola" (language: Galactic Common) (Brotherhood of Steel 1st Floor Offices (247, 201, 3))
[2021-05-22 18:48:58.948] TCOMMS: SondTheAnime/(Courier) [BOS] (spans:  ) "Olá" (language: Galactic Common) (Brotherhood of Steel RnD Department (234, 194, 3))
[2021-05-22 18:49:15.474] TCOMMS: Luiz20/(Luiz Borgos Primeiro) [Common] (spans:  ) "Bos abre o portão" (language: Galactic Common) (Brotherhood of Steel (170, 216, 2))
[2021-05-22 18:49:24.414] TCOMMS: SondTheAnime/(Courier) [Common] (spans:  ) "Pra?" (language: Galactic Common) (Brotherhood of Steel RnD Department (231, 199, 3))
[2021-05-22 18:49:35.403] TCOMMS: Luiz20/(Luiz Borgos Primeiro) [Common] (spans:  ) "Presciso falar com voces" (language: Galactic Common) (Brotherhood of Steel (169, 216, 2))
[2021-05-22 18:49:49.263] TCOMMS: SondTheAnime/(Courier) [Common] (spans:  ) "To indo ai" (language: Galactic Common) (Brotherhood of Steel Operations Department (228, 237, 3))
[2021-05-22 18:49:51.492] TCOMMS: Jhonatan lima/(Luicio Notav) [NCR] (spans:  ) "Quem saiu e deixou o portão aberto?" (language: Galactic Common) (Wasteland (18, 197, 2))
[2021-05-22 18:50:02.189] TCOMMS: Dantesousa/(Dante Sousa) [NCR] (spans:  ) "Foi eu e o polson, mas ele ficou" (language: Galactic Common) (Wasteland (29, 200, 2))
[2021-05-22 18:50:36.695] TCOMMS: Jhonatan lima/(Luicio Notav) [NCR] (spans:  ) "Vou sair pra cortar umas arvores" (language: Galactic Common) (Wasteland (29, 196, 2))
[2021-05-22 18:52:46.386] TCOMMS: Italos/(Josef Polson) [NCR] (spans:  ) "Abre o portão" (language: Galactic Common) (Wasteland (26, 188, 2))
[2021-05-22 18:55:26.197] TCOMMS: Italos/(Josef Polson) [Common] (spans:  ) "Vai levar fogo" (language: Galactic Common) (Wasteland (27, 193, 2))
[2021-05-22 18:55:32.361] TCOMMS: Luiz20/(Luiz Borgos Primeiro) [Common] (spans:  ) "Bunda mole" (language: Galactic Common) (Tunnel (18, 206, 3))
[2021-05-22 18:55:38.168] TCOMMS: SondTheAnime/(Courier) [BOS] (spans:  ) "Ninguém na vault" (language: Galactic Common) (Brotherhood of Steel (170, 220, 2))
[2021-05-22 18:55:44.548] TCOMMS: Eversonblr/(Miguel Hastings) [BOS] (spans:  ) "Que bosta" (language: Galactic Common) (Brotherhood of Steel (140, 238, 2))
[2021-05-22 18:55:56.253] TCOMMS: Jhonatan lima/(Luicio Notav) [NCR] (spans:  ) "O que houve?" (language: Galactic Common) (Wasteland (42, 193, 2))
[2021-05-22 18:55:57.132] TCOMMS: SondTheAnime/(Courier) [BOS] (spans:  ) "O que tava pensando?" (language: Galactic Common) (Brotherhood of Steel (137, 238, 2))
[2021-05-22 18:56:22.518] TCOMMS: Eversonblr/(Miguel Hastings) [BOS] (spans:  ) "Eu queria modifica meu id" (language: Galactic Common) (Brotherhood of Steel RnD Department (238, 204, 3))
[2021-05-22 18:56:29.369] TCOMMS: Eversonblr/(Miguel Hastings) [BOS] (spans:  ) "Pra ter acesso as maquinas" (language: Galactic Common) (Brotherhood of Steel RnD Department (234, 201, 3))
[2021-05-22 18:56:35.660] TCOMMS: Eversonblr/(Miguel Hastings) [BOS] (spans:  ) "Mas isso é so na vault e tem niguem lá" (language: Galactic Common) (Brotherhood of Steel RnD Department (234, 201, 3))
[2021-05-22 18:56:36.810] TCOMMS: SondTheAnime/(Courier) [BOS] (spans:  ) "Entendo, mas acho difcicil ter comercio com eles" (language: Galactic Common) (Brotherhood of Steel (162, 233, 2))
[2021-05-22 18:56:38.915] TCOMMS: Eversonblr/(Miguel Hastings) [BOS] (spans:  ) "QUe merda viu" (language: Galactic Common) (Brotherhood of Steel RnD Department (234, 201, 3))
[2021-05-22 18:57:55.780] TCOMMS: SondTheAnime/(Courier) [BOS] (spans:  ) "Pesquisa as pesquisas de mineração" (language: Galactic Common) (Brotherhood of Steel (169, 224, 2))
[2021-05-22 18:58:41.906] TCOMMS: NizimGamer/(Nizin Veerriene Primeiro) [Common] (spans:  ) "Oasis aberta para trocas" (language: Galactic Common) (City (62, 41, 2))
[2021-05-22 18:59:16.190] TCOMMS: SondTheAnime/(Courier) [BOS] (spans:  ) "Tá" (language: Galactic Common) (Brotherhood of Steel RnD Department (233, 200, 3))
[2021-05-22 19:00:58.655] TCOMMS: Jhonatan lima/(Luicio Notav) [NCR] (spans:  ) "Ja foram de baixo do onibôs?" (language: Galactic Common) (Wasteland (8, 195, 2))
[2021-05-22 19:01:24.648] TCOMMS: OvelhaCosmica/(Adam Alves) [Common] (spans:  ) "Alo" (language: Galactic Common) (Tunnel (125, 141, 3))
[2021-05-22 19:01:27.859] TCOMMS: Dantesousa/(Dante Sousa) [Common] (spans:  ) "Eae" (language: Galactic Common) (Wasteland (31, 196, 2))
[2021-05-22 19:01:32.792] TCOMMS: NizimGamer/(Nizin Veerriene Primeiro) [Common] (spans:  ) "Eae" (language: Galactic Common) (City (60, 48, 2))
[2021-05-22 19:01:33.218] TCOMMS: AlexAlbright/(Alex Magnus Primeiro) [Legion] (spans:  ) "Quantos somos na legion?" (language: Galactic Common) (Legion (243, 26, 2))
[2021-05-22 19:01:50.194] TCOMMS: NizimGamer/(Nizin Veerriene Primeiro) [Common] (spans:  ) "Oasis abertas para trocas, temos armas e munições" (language: Galactic Common) (City (60, 48, 2))
[2021-05-22 19:01:52.257] TCOMMS: OvelhaCosmica/(Adam Alves) [Common] (spans:  ) "Alguem ai quer comprar kits e hyposprays?" (language: Galactic Common) (Tunnel (126, 142, 3))
[2021-05-22 19:02:18.187] TCOMMS: AlexAlbright/(Alex Magnus Primeiro) [Legion] (spans:  ) "Temos centurion?" (language: Galactic Common) (Legion (211, 48, 2))
[2021-05-22 19:02:55.601] TCOMMS: SondTheAnime/(Courier) [BOS] (spans:  ) "Ok" (language: Galactic Common) (Brotherhood of Steel Mining (221, 198, 3))
[2021-05-22 19:03:13.410] TCOMMS: OvelhaCosmica/(Adam Alves) [Common] (spans:  ) "Ninguem?" (language: Galactic Common) (Wasteland (170, 134, 2))
[2021-05-22 19:03:20.268] TCOMMS: Darkrazor191/(Nero Vilontius) [Legion] (spans:  ) "Acho que é só eu e você" (language: Galactic Common) (Legion (245, 40, 2))
[2021-05-22 19:03:23.028] TCOMMS: Dantesousa/(Dante Sousa) [Common] (spans:  ) "Hypospray" (language: Galactic Common) (Wasteland (29, 198, 2))
[2021-05-22 19:03:25.883] TCOMMS: Italos/(Josef Polson) [Common] (spans:  ) "Vem na NCR" (language: Galactic Common) (NCR (34, 218, 2))
[2021-05-22 19:03:28.301] TCOMMS: Dantesousa/(Dante Sousa) [Common] (spans:  ) "Vem na ncr" (language: Galactic Common) (Wasteland (29, 198, 2))
[2021-05-22 19:03:31.753] TCOMMS: OvelhaCosmica/(Adam Alves) [Common] (spans:  ) "Ta" (language: Galactic Common) (Wasteland (169, 133, 2))
[2021-05-22 19:03:47.321] TCOMMS: OvelhaCosmica/(Adam Alves) [Common] (spans:  ) "Nao me dem tiros so quero fazer minha vendas" (language: Galactic Common) (Wasteland (167, 134, 2))
[2021-05-22 19:03:54.199] TCOMMS: AlexAlbright/(Alex Magnus Primeiro) [Legion] (spans:  ) "Vamos continuar a saquear os lugares" (language: Galactic Common) (Legion (219, 43, 2))
[2021-05-22 19:04:02.088] TCOMMS: Dantesousa/(Dante Sousa) [Common] (spans:  ) "Se tu ver um outlaw avisa" (language: Galactic Common) (NCR (31, 190, 2))
[2021-05-22 19:04:05.728] TCOMMS: Dantesousa/(Dante Sousa) [Common] (spans:  ) "Que a gente rapa ele" (language: Galactic Common) (NCR (31, 190, 2))
[2021-05-22 19:04:09.726] TCOMMS: NizimGamer/(Nizin Veerriene Primeiro) [Common] (spans:  ) "Vish" (language: Galactic Common) (Caves (68, 36, 3))
[2021-05-22 19:04:11.593] TCOMMS: Dantesousa/(Dante Sousa) [Common] (spans:  ) "E joga na prisão" (language: Galactic Common) (NCR (31, 190, 2))
[2021-05-22 19:04:16.367] TCOMMS: NizimGamer/(Nizin Veerriene Primeiro) [Common] (spans:  ) "Vish" (language: Galactic Common) (Tunnel (70, 38, 3))
[2021-05-22 19:04:18.364] TCOMMS: OvelhaCosmica/(Adam Alves) [Common] (spans:  ) "Eu sou um outlaw mas to na paz" (language: Galactic Common) (Wasteland (164, 177, 2))
[2021-05-22 19:04:19.515] TCOMMS: Darkrazor191/(Nero Vilontius) [Legion] (spans:  ) "Tem raider no sub solo" (language: Galactic Common) (Caves (252, 39, 2))
[2021-05-22 19:04:21.937] TCOMMS: OvelhaCosmica/(Adam Alves) [Common] (spans:  ) "So quero vender" (language: Galactic Common) (Wasteland (164, 177, 2))
[2021-05-22 19:04:24.495] TCOMMS: OvelhaCosmica/(Adam Alves) [Common] (spans:  ) "Os bagulho" (language: Galactic Common) (Wasteland (164, 177, 2))
[2021-05-22 19:04:24.751] TCOMMS: Dantesousa/(Dante Sousa) [Common] (spans:  ) "Depende" (language: Galactic Common) (NCR (31, 190, 2))
[2021-05-22 19:04:32.022] TCOMMS: Dantesousa/(Dante Sousa) [Common] (spans:  ) "Outlaw para a gente é quem rouba os outros" (language: Galactic Common) (NCR (31, 190, 2))
[2021-05-22 19:04:32.354] TCOMMS: Darkrazor191/(Nero Vilontius) [Legion] (spans:  ) "Devemos eliminar?" (language: Galactic Common) (Caves (252, 39, 2))
[2021-05-22 19:04:33.524] TCOMMS: AlexAlbright/(Alex Magnus Primeiro) [Legion] (spans:  ) "Depois a gente limpa ai" (language: Galactic Common) (Legion (217, 44, 2))
[2021-05-22 19:04:40.723] TCOMMS: OvelhaCosmica/(Adam Alves) [Common] (spans:  ) "Eu nao" (language: Galactic Common) (Wasteland (165, 184, 2))
[2021-05-22 19:04:43.399] TCOMMS: OvelhaCosmica/(Adam Alves) [Common] (spans:  ) "So quero vende" (language: Galactic Common) (Wasteland (165, 184, 2))
[2021-05-22 19:04:46.313] TCOMMS: OvelhaCosmica/(Adam Alves) [Common] (spans:  ) "Os baguio" (language: Galactic Common) (Wasteland (165, 184, 2))
[2021-05-22 19:04:46.332] TCOMMS: Dantesousa/(Dante Sousa) [Common] (spans:  ) "Então ta bom" (language: Galactic Common) (NCR (31, 190, 2))
[2021-05-22 19:05:46.064] TCOMMS: The elevator controls [Common] (spans: robot ) "Shuttle departing. Please stand away from the doors." (language: Galactic Common) (North Bunker Elevator (43, 234, 4))
[2021-05-22 19:05:47.288] TCOMMS: The elevator controls [Common] (spans: robot ) "Shuttle departing. Please stand away from the doors." (language: Galactic Common) (North Bunker Elevator (43, 234, 4))
[2021-05-22 19:06:10.967] TCOMMS: The elevator controls [Common] (spans: robot ) "Shuttle departing. Please stand away from the doors." (language: Galactic Common) (North Bunker Elevator (102, 232, 2))
[2021-05-22 19:06:22.174] TCOMMS: The elevator controls [Common] (spans: robot ) "Shuttle departing. Please stand away from the doors." (language: Galactic Common) (North Bunker Elevator (43, 234, 4))
[2021-05-22 19:06:40.952] TCOMMS: The elevator controls [Common] (spans: robot ) "Shuttle departing. Please stand away from the doors." (language: Galactic Common) (North Bunker Elevator (102, 232, 2))
[2021-05-22 19:07:34.240] TCOMMS: Luciam/(Victoria Valentine) [148.9] (spans:  ) "Bos?" (language: Galactic Common) (Wasteland (168, 215, 2))
[2021-05-22 19:08:06.445] TCOMMS: SondTheAnime/(Courier) [BOS] (spans:  ) "Miguel, o reator." (language: Galactic Common) (Brotherhood of Steel Reactor (225, 210, 3))
[2021-05-22 19:08:19.500] TCOMMS: OvelhaCosmica/(Adam Alves) [Common] (spans:  ) "To aqui" (language: Galactic Common) (Wasteland (17, 183, 2))
[2021-05-22 19:08:47.491] TCOMMS: OvelhaCosmica/(Adam Alves) [Common] (spans:  ) "Pra vende" (language: Galactic Common) (Wasteland (26, 189, 2))
[2021-05-22 19:08:51.478] TCOMMS: OvelhaCosmica/(Adam Alves) [Common] (spans:  ) "Fala" (language: Galactic Common) (Wasteland (25, 189, 2))
[2021-05-22 19:08:58.279] TCOMMS: OvelhaCosmica/(Adam Alves) [Common] (spans:  ) "Opa" (language: Galactic Common) (Wasteland (25, 189, 2))
[2021-05-22 19:09:01.032] TCOMMS: OvelhaCosmica/(Adam Alves) [Common] (spans:  ) "Eu to sozinho" (language: Galactic Common) (Wasteland (25, 189, 2))
[2021-05-22 19:09:03.542] TCOMMS: luiz20/(Luiz Borgos Segundor) [Common] (spans:  ) "Oque se ta vendendo?" (language: Galactic Common) (Wasteland (28, 188, 2))
[2021-05-22 19:09:04.461] TCOMMS: OvelhaCosmica/(Adam Alves) [Common] (spans:  ) "Ele nao ta comigo" (language: Galactic Common) (Wasteland (25, 189, 2))
[2021-05-22 19:09:17.500] TCOMMS: Dantesousa/(Dante Sousa) [NCR] (spans:  ) "Aquele cara me parece muito igual ao que a gente matou" (language: Galactic Common) (Wasteland (27, 193, 2))
[2021-05-22 19:09:24.202] TCOMMS: Dantesousa/(Dante Sousa) [NCR] (spans:  ) "Podem ser parente, ficar de olho" (language: Galactic Common) (Wasteland (27, 193, 2))
[2021-05-22 19:09:30.625] TCOMMS: N0fun/(Makenna Coldsmith) [NCR] (spans:  ) "Deve ser o filho dele" (language: Galactic Common) (Wasteland (30, 195, 2))
[2021-05-22 19:11:20.075] TCOMMS: Dantesousa/(Dante Sousa) [NCR] (spans:  ) "Makenna vem ca na med" (language: Galactic Common) (NCR (33, 207, 2))
[2021-05-22 19:13:08.987] TCOMMS: SondTheAnime/(Courier) [BOS] (spans:  ) "Ja volto" (language: Galactic Common) (Brotherhood of Steel Mining (221, 198, 3))
[2021-05-22 19:13:10.797] TCOMMS: Eversonblr/(Miguel Hastings) [BOS] (spans:  ) "Voltei" (language: Galactic Common) (Brotherhood of Steel Operations Department (238, 231, 3))
[2021-05-22 19:13:14.242] TCOMMS: Eversonblr/(Miguel Hastings) [BOS] (spans:  ) "Ok" (language: Galactic Common) (Brotherhood of Steel Operations Department (232, 226, 3))
[2021-05-22 19:13:23.836] TCOMMS: OvelhaCosmica/(Adam Alves) [Common] (spans:  ) "Ainda tenho dois kits de brute" (language: Galactic Common) (Wasteland (60, 183, 2))
[2021-05-22 19:13:26.798] TCOMMS: OvelhaCosmica/(Adam Alves) [Common] (spans:  ) "E um completo" (language: Galactic Common) (Wasteland (61, 183, 2))
[2021-05-22 19:13:30.409] TCOMMS: OvelhaCosmica/(Adam Alves) [Common] (spans:  ) "Basico" (language: Galactic Common) (Wasteland (70, 183, 2))
[2021-05-22 19:13:37.176] TCOMMS: OvelhaCosmica/(Adam Alves) [Common] (spans:  ) "Pra quem quiser" (language: Galactic Common) (Wasteland (80, 183, 2))
[2021-05-22 19:15:14.100] TCOMMS: AlexAlbright/(Alex Magnus Primeiro) [Legion] (spans:  ) "Alguem novo na legion?" (language: Galactic Common) (Legion (240, 31, 2))
[2021-05-22 19:15:25.300] TCOMMS: AlexAlbright/(Alex Magnus Primeiro) [Legion] (spans:  yell ) "Alguem novo na legion?!!!" (language: Galactic Common) (Legion (240, 31, 2))
[2021-05-22 19:15:39.616] TCOMMS: Darkrazor191/(Nero Vilontius) [Legion] (spans:  ) "Acho que não" (language: Galactic Common) (Legion (244, 25, 2))
[2021-05-22 19:15:39.645] TCOMMS: OvelhaCosmica/(Adam Alves) [Common] (spans:  ) "Teste" (language: Galactic Common) (Village (150, 177, 2))
[2021-05-22 19:16:10.367] TCOMMS: Darkrazor191/(Nero Vilontius) [Legion] (spans:  ) "O sub solo" (language: Galactic Common) (Legion (223, 39, 2))
[2021-05-22 19:17:51.484] TCOMMS: luiz20/(Luiz Borgos Segundor) [Common] (spans:  ) "Alo" (language: Galactic Common) (Building (208, 80, 2))
[2021-05-22 19:18:05.964] TCOMMS: AlexAlbright/(Alex Magnus Primeiro) [Legion] (spans:  ) "Luiz voce é da legion?" (language: Galactic Common) (Legion (253, 42, 2))
[2021-05-22 19:21:00.931] TCOMMS: Italos/(Josef Polson) [NCR] (spans:  ) "Alguem faz essa reloading bench funcionar" (language: Galactic Common) (NCR (37, 222, 2))
[2021-05-22 19:21:09.008] TCOMMS: dantesousa/(Dante Sousa) [NCR] (spans:  ) "To indo" (language: Galactic Common) (NCR (39, 198, 3))
[2021-05-22 19:21:15.518] TCOMMS: Jhonatan lima/(Luicio Notav) [NCR] (spans:  ) "Eu não sei fazer isso" (language: Galactic Common) (NCR (51, 202, 2))
[2021-05-22 19:22:40.596] TCOMMS: SondTheAnime/(Courier) [BOS] (spans:  ) "Alo, voltei" (language: Galactic Common) (Brotherhood of Steel Mining (221, 198, 3))
[2021-05-22 19:22:54.919] TCOMMS: SondTheAnime/(Courier) [BOS] (spans:  ) "Ta ai?" (language: Galactic Common) (Caves (210, 191, 3))
[2021-05-22 19:23:03.930] TCOMMS: Eversonblr/(Miguel Hastings) [BOS] (spans:  ) "To" (language: Galactic Common) (Brotherhood of Steel RnD Department (233, 200, 3))
[2021-05-22 19:23:10.836] TCOMMS: SondTheAnime/(Courier) [BOS] (spans:  ) "Certo, to minerando" (language: Galactic Common) (Caves (206, 192, 3))
[2021-05-22 19:23:24.687] TCOMMS: SondTheAnime/(Courier) [BOS] (spans:  ) "Se conseguir dar upgrade na Ore Redpetion machine seria top" (language: Galactic Common) (Caves (206, 193, 3))
[2021-05-22 19:23:38.273] TCOMMS: Mr.Universo/(Lucas Chikui) [Common] (spans:  ) "Alo" (language: Galactic Common) (Village (164, 96, 2))
[2021-05-22 19:23:44.875] TCOMMS: Mr.Universo/(Lucas Chikui) [Common] (spans:  ) "Alguem me ouvindo" (language: Galactic Common) (Village (164, 96, 2))
[2021-05-22 19:23:46.851] TCOMMS: dantesousa/(Dante Sousa) [Common] (spans:  ) "Fala" (language: Galactic Common) (NCR (31, 190, 2))
[2021-05-22 19:23:51.588] TCOMMS: Mr.Universo/(Lucas Chikui) [Common] (spans:  ) "Eita" (language: Galactic Common) (Village (164, 96, 2))
[2021-05-22 19:24:05.205] TCOMMS: dantesousa/(Dante Sousa) [NCR] (spans:  ) "Fecha depois a base, vou comprar algo" (language: Galactic Common) (Wasteland (27, 191, 2))
[2021-05-22 19:24:05.885] TCOMMS: Mr.Universo/(Lucas Chikui) [Common] (spans:  ) "Achei esse radio na casa, pensei que nao teria ninguem me ouvindo" (language: Galactic Common) (Village (164, 96, 2))
[2021-05-22 19:24:07.371] TCOMMS: OvelhaCosmica/(Adam Alves) [Common] (spans:  ) "Simn" (language: Galactic Common) (Followers of the Apocalypse (83, 57, 2))
[2021-05-22 19:26:46.177] TCOMMS: Jhonatan lima/(Luicio Notav) [NCR] (spans:  ) "To fazendo stimpak" (language: Galactic Common) (NCR (52, 202, 2))
[2021-05-22 19:26:46.678] TCOMMS: OvelhaCosmica/(Adam Alves) [148.9] (spans:  ) "Alo" (language: Galactic Common) (Wasteland (168, 214, 2))
[2021-05-22 19:27:04.143] TCOMMS: OvelhaCosmica/(Adam Alves) [148.9] (spans:  ) "Alguem ai" (language: Galactic Common) (Wasteland (168, 214, 2))
[2021-05-22 19:28:23.503] TCOMMS: Eversonblr/(Miguel Hastings) [BOS] (spans:  ) "Paladin" (language: Galactic Common) (Brotherhood of Steel 1st Floor Offices (237, 209, 3))
[2021-05-22 19:28:27.749] TCOMMS: SondTheAnime/(Courier) [BOS] (spans:  ) "Sim?" (language: Galactic Common) (Brotherhood of Steel Mining (220, 198, 3))
[2021-05-22 19:28:43.990] TCOMMS: Eversonblr/(Miguel Hastings) [BOS] (spans:  ) "Eu consegui log in na maquina por conta dos deuses vai da pra nois fazer aquela defesa" (language: Galactic Common) (Brotherhood of Steel 1st Floor Offices (237, 209, 3))
[2021-05-22 19:30:24.799] TCOMMS: Eversonblr/(Miguel Hastings) [BOS] (spans:  ) "So vou ver oque precissa mais aque no manual" (language: Galactic Common) (Brotherhood of Steel RnD Department (235, 200, 3))
[2021-05-22 19:30:59.570] TCOMMS: SondTheAnime/(Courier) [BOS] (spans:  ) "Precisamos pegar scraps depois, pra fazer mais dessas AEP7" (language: Galactic Common) (Brotherhood of Steel Operations Department (242, 247, 3))
[2021-05-22 19:31:51.004] TCOMMS: Eversonblr/(Miguel Hastings) [BOS] (spans:  ) "Vou precissa de proximity sensor tambem" (language: Galactic Common) (Brotherhood of Steel RnD Department (235, 200, 3))
[2021-05-22 19:31:59.442] TCOMMS: SondTheAnime/(Courier) [BOS] (spans:  ) "É facil fazer" (language: Galactic Common) (Brotherhood of Steel RnD Department (238, 195, 3))
[2021-05-22 19:32:02.816] TCOMMS: Eversonblr/(Miguel Hastings) [BOS] (spans:  ) "Sim" (language: Galactic Common) (Brotherhood of Steel RnD Department (235, 200, 3))
[2021-05-22 19:32:08.512] TCOMMS: SondTheAnime/(Courier) [BOS] (spans:  ) "1 metal rod, 1 metal, e glass sheet" (language: Galactic Common) (Brotherhood of Steel RnD Department (238, 195, 3))
[2021-05-22 19:32:26.301] TCOMMS: dantesousa/(Dante Sousa) [NCR] (spans:  ) "Polson" (language: Galactic Common) (NCR (32, 190, 2))
[2021-05-22 19:32:29.986] TCOMMS: dantesousa/(Dante Sousa) [NCR] (spans:  ) "Pode prender esse cara?" (language: Galactic Common) (NCR (32, 190, 2))
[2021-05-22 19:32:34.317] TCOMMS: Italos/(Josef Polson) [NCR] (spans:  ) "Claro" (language: Galactic Common) (NCR (30, 191, 2))
[2021-05-22 19:33:36.743] TCOMMS: SondTheAnime/(Courier) [BOS] (spans:  ) "Vou reforçar umas coisa na ecim" (language: Galactic Common) (Brotherhood of Steel Operations Department (231, 213, 3))
[2021-05-22 19:33:38.542] TCOMMS: SondTheAnime/(Courier) [BOS] (spans:  ) "Encima" (language: Galactic Common) (Brotherhood of Steel Operations Department (231, 213, 3))
[2021-05-22 19:34:50.536] TCOMMS: Italos/(Josef Polson) [NCR] (spans:  ) "Coloca ele na prisão?" (language: Galactic Common) (Wasteland (31, 198, 2))
[2021-05-22 19:35:04.681] TCOMMS: SondTheAnime/(Courier) [BOS] (spans:  ) "Quebraram a janela" (language: Galactic Common) (Brotherhood of Steel (166, 216, 2))
[2021-05-22 19:35:04.688] TCOMMS: SondTheAnime/(Courier) [148.9] (spans:  italics ) "Quebraram a janela" (language: Galactic Common) (Brotherhood of Steel (166, 216, 2))
[2021-05-22 19:35:05.089] TCOMMS: dantesousa/(Dante Sousa) [NCR] (spans:  ) "Sim, ele ta roubando" (language: Galactic Common) (Wasteland (24, 187, 2))
[2021-05-22 19:35:11.622] TCOMMS: dantesousa/(Dante Sousa) [NCR] (spans:  ) "E pega o dinheiro que dei a ele devlta, fica para tu" (language: Galactic Common) (Wasteland (24, 187, 2))
[2021-05-22 19:37:42.583] TCOMMS: Eversonblr/(Miguel Hastings) [BOS] (spans:  ) "Vamo ter que leva energia ai pra cima" (language: Galactic Common) (Brotherhood of Steel RnD Department (231, 195, 3))
[2021-05-22 19:37:53.957] TCOMMS: SondTheAnime/(Courier) [BOS] (spans:  ) "Certo" (language: Galactic Common) (Wasteland (173, 213, 2))
[2021-05-22 19:37:54.381] TCOMMS: AlexAlbright/(Alex Magnus Primeiro) [Legion] (spans:  yell ) "Alguem chegou?!!!" (language: Galactic Common) (Legion (238, 31, 2))
[2021-05-22 19:40:50.947] TCOMMS: Nickenzo12345/(Monty Hoopengarner) [Common] (spans:  ) "Luiz volta pra base" (language: Galactic Common) (Village (152, 178, 2))
[2021-05-22 19:41:43.366] TCOMMS: Italos/(Josef Polson) [Common] (spans:  ) "Luiz Borgos?" (language: Galactic Common) (NCR (54, 228, 2))
[2021-05-22 19:41:56.829] TCOMMS: Eversonblr/(Miguel Hastings) [BOS] (spans:  ) "Talvez com energia solar" (language: Galactic Common) (Brotherhood of Steel Operations Department (229, 223, 3))
[2021-05-22 19:42:03.217] TCOMMS: Eversonblr/(Miguel Hastings) [BOS] (spans:  ) "Mas não temos painel" (language: Galactic Common) (Brotherhood of Steel Operations Department (232, 220, 3))
[2021-05-22 19:42:59.892] TCOMMS: Nickenzo12345/(Monty Hoopengarner) [Common] (spans:  ) "E" (language: Galactic Common) (Village (151, 179, 2))
[2021-05-22 19:43:17.810] TCOMMS: OvelhaCosmica/(Adam Alves) [Common] (spans:  ) "Ele ta preso" (language: Galactic Common) (Wasteland (231, 174, 2))
[2021-05-22 19:43:34.772] TCOMMS: dantesousa/(Dante Sousa) [Common] (spans:  ) "Adivinha" (language: Galactic Common) (NCR (8, 216, 2))
[2021-05-22 19:43:41.425] TCOMMS: dantesousa/(Dante Sousa) [Common] (spans:  ) "Outro parente do luiz está a solta" (language: Galactic Common) (NCR (8, 216, 2))
[2021-05-22 19:43:44.599] TCOMMS: dantesousa/(Dante Sousa) [Common] (spans:  ) "O segundor" (language: Galactic Common) (NCR (8, 216, 2))
[2021-05-22 19:43:50.803] TCOMMS: SondTheAnime/(Courier) [BOS] (spans:  ) "La encima deve ter fio na hidroponica" (language: Galactic Common) (Brotherhood of Steel RnD Department (234, 204, 3))
[2021-05-22 19:43:53.198] TCOMMS: Nickenzo12345/(Monty Hoopengarner) [Common] (spans:  ) "O segundo mesmo" (language: Galactic Common) (Village (150, 177, 2))
[2021-05-22 19:43:59.044] TCOMMS: Nickenzo12345/(Monty Hoopengarner) [Common] (spans:  ) "Elew e meu amigo de gang" (language: Galactic Common) (Village (150, 177, 2))
[2021-05-22 19:43:59.922] TCOMMS: dantesousa/(Dante Sousa) [Common] (spans:  ) "É outro parente dele" (language: Galactic Common) (Wasteland (27, 201, 2))
[2021-05-22 19:44:07.537] TCOMMS: Eversonblr/(Miguel Hastings) [BOS] (spans:  ) "Verdade" (language: Galactic Common) (Brotherhood of Steel RnD Department (235, 200, 3))
[2021-05-22 19:44:29.248] TCOMMS: Italos/(Josef Polson) [Common] (spans:  ) "O segundo foi preso" (language: Galactic Common) (Wasteland (41, 199, 2))
[2021-05-22 19:44:35.118] TCOMMS: Italos/(Josef Polson) [Common] (spans:  ) "O primeiro foi morto" (language: Galactic Common) (Wasteland (41, 199, 2))
[2021-05-22 19:44:35.727] TCOMMS: Nickenzo12345/(Monty Hoopengarner) [Common] (spans:  ) "Onde?" (language: Galactic Common) (Wasteland (166, 185, 2))
[2021-05-22 19:44:35.903] TCOMMS: SondTheAnime/(Courier) [BOS] (spans:  ) "Não tem ks" (language: Galactic Common) (Brotherhood of Steel (165, 246, 2))
[2021-05-22 19:45:01.565] TCOMMS: Italos/(Josef Polson) [Common] (spans:  ) "Os dois na NCR" (language: Galactic Common) (Wasteland (42, 199, 2))
[2021-05-22 19:46:41.113] TCOMMS: Nickenzo12345/(Monty Hoopengarner) [NCR] (spans:  ) "Ncr quero troca por power energia" (language: Galactic Common) (Wasteland (33, 188, 2))
[2021-05-22 19:46:43.932] TCOMMS: Jhonatan lima/(Luicio Notav) [NCR] (spans:  ) "Olha a base" (language: Galactic Common) (Wasteland (9, 198, 2))
[2021-05-22 19:46:55.780] TCOMMS: dantesousa/(Dante Sousa) [NCR] (spans:  ) "Quer energia?" (language: Galactic Common) (Wasteland (35, 230, 2))
[2021-05-22 19:46:59.236] TCOMMS: Nickenzo12345/(Monty Hoopengarner) [NCR] (spans:  ) "Sim" (language: Galactic Common) (Wasteland (33, 188, 2))
[2021-05-22 19:47:03.977] TCOMMS: Nickenzo12345/(Monty Hoopengarner) [NCR] (spans:  ) "Painel solar" (language: Galactic Common) (Wasteland (33, 188, 2))
[2021-05-22 19:47:17.970] TCOMMS: Jhonatan lima/(Luicio Notav) [NCR] (spans:  ) "A gente não tem" (language: Galactic Common) (Wasteland (9, 198, 2))
[2021-05-22 19:47:28.347] TCOMMS: Nickenzo12345/(Monty Hoopengarner) [NCR] (spans:  ) "Foda viu" (language: Galactic Common) (Wasteland (33, 188, 2))
[2021-05-22 19:47:31.642] TCOMMS: Italos/(Josef Polson) [NCR] (spans:  ) "Como conseguiu esse radio?" (language: Galactic Common) (Wasteland (26, 209, 2))
[2021-05-22 19:47:38.812] TCOMMS: Nickenzo12345/(Monty Hoopengarner) [NCR] (spans:  ) "O dante me deu" (language: Galactic Common) (Wasteland (56, 186, 2))
[2021-05-22 19:49:54.402] TCOMMS: Eversonblr/(Miguel Hastings) [BOS] (spans:  ) "Tem que destruir a torre" (language: Galactic Common) (Brotherhood of Steel (171, 221, 2))
[2021-05-22 19:50:05.610] TCOMMS: Eversonblr/(Miguel Hastings) [BOS] (spans:  ) "Usa sua tribeam" (language: Galactic Common) (Brotherhood of Steel (171, 221, 2))
[2021-05-22 19:50:19.496] TCOMMS: Eversonblr/(Miguel Hastings) [BOS] (spans:  ) "So temos &amp;0% de chance de recupera a rma" (language: Galactic Common) (Brotherhood of Steel (171, 221, 2))
[2021-05-22 19:50:28.887] TCOMMS: Eversonblr/(Miguel Hastings) [BOS] (spans:  ) "70%" (language: Galactic Common) (Brotherhood of Steel (171, 221, 2))
[2021-05-22 19:50:29.407] TCOMMS: AkamaruBR/(Akaigo Bia) [BOS] (spans:  yell ) "Salve, Head Knight aqui, Ad victoriam irmãos!!" (language: Galactic Common) (Brotherhood of Steel 1st Floor Offices (238, 236, 3))
[2021-05-22 19:52:20.495] TCOMMS: OvelhaCosmica/(Adam Alves) [Common] (spans:  ) "Eta porra" (language: Galactic Common) (Wasteland (83, 121, 2))
[2021-05-22 19:52:27.305] TCOMMS: OvelhaCosmica/(Adam Alves) [Common] (spans:  ) "Tem mo bichão" (language: Galactic Common) (Wasteland (83, 122, 2))
[2021-05-22 19:52:42.271] TCOMMS: OvelhaCosmica/(Adam Alves) [Common] (spans:  ) "Na rua da legion indo pro oasis" (language: Galactic Common) (Wasteland (83, 122, 2))
[2021-05-22 19:52:45.270] TCOMMS: SondTheAnime/(Courier) [148.9] (spans:  ) "Hummm" (language: Galactic Common) (Wasteland (170, 213, 2))
[2021-05-22 19:52:51.953] TCOMMS: NizimGamer/(Nizin Veerriene Primeiro) [Common] (spans:  ) "Deathclaw?" (language: Galactic Common) (City (65, 43, 2))
[2021-05-22 19:52:54.880] TCOMMS: SondTheAnime/(Courier) [148.9] (spans:  ) "Deve pegar" (language: Galactic Common) (Wasteland (170, 213, 2))
[2021-05-22 19:53:39.826] TCOMMS: OvelhaCosmica/(Adam Alves) [Common] (spans:  ) "Sim" (language: Galactic Common) (Wasteland (73, 106, 2))
[2021-05-22 19:53:49.050] TCOMMS: OvelhaCosmica/(Adam Alves) [Common] (spans:  ) "Caralho" (language: Galactic Common) (Wasteland (68, 120, 2))
[2021-05-22 19:53:59.479] TCOMMS: OvelhaCosmica/(Adam Alves) [Common] (spans:  ) "Ele é grandão" (language: Galactic Common) (Wasteland (62, 119, 2))
[2021-05-22 19:54:18.061] TCOMMS: Darkrazor191/(Nero Vilontius) [Legion] (spans:  ) "To voltanto" (language: Galactic Common) (Wasteland (119, 48, 2))
[2021-05-22 19:55:27.052] TCOMMS: dantesousa/(Dante Sousa) [NCR] (spans:  ) "POR QUE TEM UM DEATHCLAW AQUI" (language: Galactic Common) (Wasteland (15, 197, 2))
[2021-05-22 19:55:30.429] TCOMMS: Darkrazor191/(Nero Vilontius) [Legion] (spans:  ) "Ta ai na frente" (language: Galactic Common) (Legion (207, 41, 2))
[2021-05-22 19:55:39.149] TCOMMS: AlexAlbright/(Alex Magnus Primeiro) [Legion] (spans:  ) "Valeu" (language: Galactic Common) (Wasteland (207, 58, 2))
[2021-05-22 19:55:39.266] TCOMMS: Jhonatan lima/(Luicio Notav) [NCR] (spans:  yell ) "ONDE!!!" (language: Galactic Common) (NCR (37, 221, 2))
[2021-05-22 19:55:50.012] TCOMMS: dantesousa/(Dante Sousa) [NCR] (spans:  ) "BASE" (language: Galactic Common) (Wasteland (31, 199, 2))
[2021-05-22 19:55:58.499] TCOMMS: dantesousa/(Dante Sousa) [NCR] (spans:  ) "Quase eu e a makenna morremos" (language: Galactic Common) (Wasteland (31, 199, 2))
[2021-05-22 19:56:11.562] TCOMMS: Nickenzo12345/(Monty Hoopengarner) [NCR] (spans:  ) "Cade" (language: Galactic Common) (Wasteland (25, 190, 2))
[2021-05-22 19:56:23.971] TCOMMS: Jhonatan lima/(Luicio Notav) [NCR] (spans:  ) "As vacas" (language: Galactic Common) (Wasteland (43, 204, 2))
[2021-05-22 19:57:05.062] TCOMMS: Italos/(Josef Polson) [NCR] (spans:  ) "Eu tinha saido pra uma patrulha" (language: Galactic Common) (Wasteland (35, 199, 2))
[2021-05-22 19:57:20.755] TCOMMS: Jhonatan lima/(Luicio Notav) [NCR] (spans:  ) "Eu tava organizando a armory" (language: Galactic Common) (NCR (40, 219, 2))
[2021-05-22 19:59:51.701] TCOMMS: Jhonatan lima/(Luicio Notav) [NCR] (spans:  ) "To indo comprar polvora" (language: Galactic Common) (Wasteland (28, 194, 2))
[2021-05-22 20:00:41.491] TCOMMS: Italos/(Josef Polson) [NCR] (spans:  ) "Vou na BoS comprar um def pra gente" (language: Galactic Common) (Wasteland (40, 186, 2))
[2021-05-22 20:00:56.934] TCOMMS: Jhonatan lima/(Luicio Notav) [NCR] (spans:  ) "Lembrei" (language: Galactic Common) (Wasteland (114, 186, 2))
[2021-05-22 20:01:01.273] TCOMMS: N0fun/(Makenna Coldsmith) [NCR] (spans:  ) "Se veste como wastlander" (language: Galactic Common) (NCR (32, 204, 2))
[2021-05-22 20:01:10.700] TCOMMS: N0fun/(Makenna Coldsmith) [NCR] (spans:  ) "A BoS é nossa inimiga" (language: Galactic Common) (NCR (32, 204, 2))
[2021-05-22 20:01:18.453] TCOMMS: Italos/(Josef Polson) [NCR] (spans:  ) "Por que?" (language: Galactic Common) (Wasteland (126, 183, 2))
[2021-05-22 20:01:31.546] TCOMMS: N0fun/(Makenna Coldsmith) [NCR] (spans:  ) "Conflito de interesses" (language: Galactic Common) (NCR (33, 204, 2))
[2021-05-22 20:01:41.194] TCOMMS: Jhonatan lima/(Luicio Notav) [NCR] (spans:  ) "Eu não tenho dinheiro" (language: Galactic Common) (Wasteland (65, 183, 2))
[2021-05-22 20:01:55.495] TCOMMS: Darkrazor191/(Nero Vilontius) [Legion] (spans:  ) "Onde esta você senhor?" (language: Galactic Common) (Legion (211, 45, 2))
[2021-05-22 20:02:09.074] TCOMMS: Jhonatan lima/(Luicio Notav) [NCR] (spans:  ) "Dante me da dinheiro" (language: Galactic Common) (Wasteland (33, 198, 2))
[2021-05-22 20:02:16.515] TCOMMS: dantesousa/(Dante Sousa) [NCR] (spans:  ) "Quanto tu quer" (language: Galactic Common) (Wasteland (43, 246, 2))
[2021-05-22 20:02:26.561] TCOMMS: Jhonatan lima/(Luicio Notav) [NCR] (spans:  ) "Pra comprar polvora" (language: Galactic Common) (Wasteland (35, 198, 2))
[2021-05-22 20:02:34.726] TCOMMS: AkamaruBR/(Akaigo Bia) [BOS] (spans:  ) "Vou dar uma explorada" (language: Galactic Common) (Wasteland (171, 211, 2))
[2021-05-22 20:02:36.484] TCOMMS: dantesousa/(Dante Sousa) [NCR] (spans:  ) "Cade tu" (language: Galactic Common) (Wasteland (28, 216, 2))
[2021-05-22 20:02:39.012] TCOMMS: Jhonatan lima/(Luicio Notav) [NCR] (spans:  ) "Me da uns 700" (language: Galactic Common) (Wasteland (27, 198, 2))
[2021-05-22 20:02:52.410] TCOMMS: SondTheAnime/(Courier) [BOS] (spans:  ) "Não entre em combate atoa." (language: Galactic Common) (Brotherhood of Steel Operations Department (228, 240, 3))
[2021-05-22 20:02:57.884] TCOMMS: AkamaruBR/(Akaigo Bia) [BOS] (spans:  ) "Entendido" (language: Galactic Common) (Wasteland (171, 211, 2))
[2021-05-22 20:03:14.773] TCOMMS: SondTheAnime/(Courier) [BOS] (spans:  ) "Não queremos entrar em guerra logo agora que estamos ainda preparando as defesas." (language: Galactic Common) (Brotherhood of Steel Operations Department (230, 227, 3))
[2021-05-22 20:03:32.418] TCOMMS: Italos/(Josef Polson) [NCR] (spans:  ) "Dante tem um pessoal querendo stimpack na gate" (language: Galactic Common) (Wasteland (27, 193, 2))
[2021-05-22 20:05:18.307] TCOMMS: AkamaruBR/(Akaigo Bia) [BOS] (spans:  ) "Achei uma base com turret" (language: Galactic Common) (Wasteland (153, 183, 2))
[2021-05-22 20:05:23.497] TCOMMS: SondTheAnime/(Courier) [BOS] (spans:  ) "Onde?" (language: Galactic Common) (Wasteland (170, 210, 2))
[2021-05-22 20:05:24.196] TCOMMS: AkamaruBR/(Akaigo Bia) [BOS] (spans:  ) "Logo na frente da nossa" (language: Galactic Common) (Wasteland (153, 183, 2))
[2021-05-22 20:05:31.585] TCOMMS: AkamaruBR/(Akaigo Bia) [BOS] (spans:  ) "Trancada" (language: Galactic Common) (Wasteland (162, 183, 2))
[2021-05-22 20:05:39.054] TCOMMS: AkamaruBR/(Akaigo Bia) [BOS] (spans:  ) "Com portão de ferro e barra" (language: Galactic Common) (Wasteland (162, 183, 2))
[2021-05-22 20:05:57.496] TCOMMS: Eversonblr/(Miguel Hastings) [BOS] (spans:  ) "Eles não tem security console então server pra nada" (language: Galactic Common) (Wasteland (170, 210, 2))
[2021-05-22 20:06:17.705] TCOMMS: Eversonblr/(Miguel Hastings) [BOS] (spans:  ) "Cade você head paladin" (language: Galactic Common) (Wasteland (177, 196, 2))
[2021-05-22 20:06:27.197] TCOMMS: SondTheAnime/(Courier) [BOS] (spans:  ) "Estou com o Cavaleiro" (language: Galactic Common) (Wasteland (152, 184, 2))
[2021-05-22 20:06:39.812] TCOMMS: Eversonblr/(Miguel Hastings) [BOS] (spans:  ) "Eu queria ir junto pra você quebra a turret e ver se nois consegue pega a arma dela" (language: Galactic Common) (Wasteland (170, 202, 2))
[2021-05-22 20:06:48.205] TCOMMS: Eversonblr/(Miguel Hastings) [BOS] (spans:  ) "Mas não sei onde tu ta" (language: Galactic Common) (Wasteland (170, 201, 2))
[2021-05-22 20:07:55.526] TCOMMS: Eversonblr/(Miguel Hastings) [BOS] (spans:  ) "Destroi a turret" (language: Galactic Common) (Wasteland (149, 187, 2))
[2021-05-22 20:08:03.720] TCOMMS: Eversonblr/(Miguel Hastings) [BOS] (spans:  ) "Talvez nos consiga pega a rma dela" (language: Galactic Common) (Wasteland (149, 187, 2))
[2021-05-22 20:08:06.985] TCOMMS: Eversonblr/(Miguel Hastings) [BOS] (spans:  ) "Destroi" (language: Galactic Common) (Wasteland (149, 187, 2))
[2021-05-22 20:09:18.418] TCOMMS: luiz20/(Luiz Borgos Segundor) [Common] (spans:  ) "To ficando rico" (language: Galactic Common) (Wasteland (95, 108, 2))
[2021-05-22 20:09:34.573] TCOMMS: luiz20/(Luiz Borgos Segundor) [Common] (spans:  ) "Achei quase 1000 caps em lixo" (language: Galactic Common) (Wasteland (98, 108, 2))
[2021-05-22 20:09:41.132] TCOMMS: OvelhaCosmica/(Adam Alves) [Common] (spans:  ) "Caralho" (language: Galactic Common) (Wasteland (121, 100, 2))
[2021-05-22 20:09:52.956] TCOMMS: OvelhaCosmica/(Adam Alves) [Common] (spans:  ) "Lixo de ouro" (language: Galactic Common) (Wasteland (120, 118, 2))
[2021-05-22 20:11:47.932] TCOMMS: SondTheAnime/(Courier) [BOS] (spans:  ) "Volta aqui scribe" (language: Galactic Common) (Caves (167, 211, 2))
[2021-05-22 20:11:59.631] TCOMMS: SondTheAnime/(Courier) [BOS] (spans:  ) "Portão" (language: Galactic Common) (Wasteland (169, 211, 2))
[2021-05-22 20:12:12.309] TCOMMS: Jhonatan lima/(Luicio Notav) [NCR] (spans:  ) "Dante" (language: Galactic Common) (NCR (38, 224, 2))
[2021-05-22 20:12:12.919] TCOMMS: OvelhaCosmica/(Adam Alves) [Common] (spans:  ) "Alguem me vende um binoculos?" (language: Galactic Common) (Wasteland (83, 121, 2))
[2021-05-22 20:12:15.497] TCOMMS: dantesousa/(Dante Sousa) [NCR] (spans:  ) "Fala" (language: Galactic Common) (Wasteland (27, 217, 2))
[2021-05-22 20:12:16.672] TCOMMS: SondTheAnime/(Courier) [BOS] (spans:  ) "Scribe?" (language: Galactic Common) (Wasteland (171, 209, 2))
[2021-05-22 20:12:24.141] TCOMMS: Jhonatan lima/(Luicio Notav) [NCR] (spans:  ) "Vai querer uma scope?" (language: Galactic Common) (NCR (38, 224, 2))
[2021-05-22 20:12:38.467] TCOMMS: dantesousa/(Dante Sousa) [NCR] (spans:  ) "Sim" (language: Galactic Common) (Wasteland (27, 217, 2))
[2021-05-22 20:13:23.999] TCOMMS: SondTheAnime/(Courier) [BOS] (spans:  ) "Knight?" (language: Galactic Common) (Wasteland (169, 213, 2))
[2021-05-22 20:13:40.977] TCOMMS: luiz20/(Luiz Borgos Segundor) [Common] (spans:  ) "Ou" (language: Galactic Common) (Wasteland (26, 191, 2))
[2021-05-22 20:13:54.423] TCOMMS: luiz20/(Luiz Borgos Segundor) [Common] (spans:  ) "Vem aqui" (language: Galactic Common) (Wasteland (26, 191, 2))
[2021-05-22 20:13:57.801] TCOMMS: SondTheAnime/(Courier) [BOS] (spans:  ) "Head Knight?" (language: Galactic Common) (Wasteland (169, 210, 2))
[2021-05-22 20:14:12.591] TCOMMS: DanteThanatos/(Dr Oswald Casket) [NCR] (spans:  ) "Alguém na entrada" (language: Galactic Common) (Wasteland (27, 197, 2))
[2021-05-22 20:14:30.415] TCOMMS: SondTheAnime/(Courier) [BOS] (spans:  ) "Head Knight?!" (language: Galactic Common) (Wasteland (171, 212, 2))
[2021-05-22 20:14:37.409] TCOMMS: AkamaruBR/(Akaigo Bia) [BOS] (spans:  ) "Opa" (language: Galactic Common) (Wasteland (203, 60, 2))
[2021-05-22 20:14:41.349] TCOMMS: SondTheAnime/(Courier) [BOS] (spans:  ) "Ufa" (language: Galactic Common) (Wasteland (171, 212, 2))
[2021-05-22 20:14:42.078] TCOMMS: AkamaruBR/(Akaigo Bia) [BOS] (spans:  ) "To na base da legion" (language: Galactic Common) (Wasteland (203, 60, 2))
[2021-05-22 20:14:49.632] TCOMMS: SondTheAnime/(Courier) [BOS] (spans:  ) "O que ta fazendo ai?" (language: Galactic Common) (Wasteland (171, 212, 2))
[2021-05-22 20:14:59.498] TCOMMS: AkamaruBR/(Akaigo Bia) [BOS] (spans:  ) "Dando uma bisbilhotada" (language: Galactic Common) (Wasteland (203, 60, 2))
[2021-05-22 20:15:08.532] TCOMMS: SondTheAnime/(Courier) [BOS] (spans:  ) "Sai dai, volta pra base" (language: Galactic Common) (Wasteland (171, 212, 2))
[2021-05-22 20:15:18.445] TCOMMS: AkamaruBR/(Akaigo Bia) [BOS] (spans:  ) "Eles tão fazendo uma boa defesa" (language: Galactic Common) (Wasteland (200, 59, 2))
[2021-05-22 20:16:07.408] TCOMMS: SondTheAnime/(Courier) [BOS] (spans:  ) "Deixa a legião quieta" (language: Galactic Common) (Wasteland (169, 210, 2))
[2021-05-22 20:16:17.051] TCOMMS: dantesousa/(Dante Sousa) [NCR] (spans:  ) "Polson?" (language: Galactic Common) (Wasteland (28, 208, 2))
[2021-05-22 20:16:21.245] TCOMMS: Italos/(Josef Polson) [NCR] (spans:  ) "Sim?" (language: Galactic Common) (NCR (39, 222, 2))
[2021-05-22 20:16:30.063] TCOMMS: Goldencatc/(Charlie Stroble) [BOS] (spans:  ) "Ad Victoriam, irmãos." (language: Galactic Common) (Brotherhood of Steel Operations Department (224, 218, 3))
[2021-05-22 20:16:41.663] TCOMMS: SondTheAnime/(Courier) [BOS] (spans:  ) "Opa, irmão. Identifique-se." (language: Galactic Common) (Brotherhood of Steel (169, 217, 2))
[2021-05-22 20:16:45.162] TCOMMS: AkamaruBR/(Akaigo Bia) [BOS] (spans:  ) "Arranjei informações" (language: Galactic Common) (Wasteland (197, 64, 2))
[2021-05-22 20:16:52.302] TCOMMS: SondTheAnime/(Courier) [BOS] (spans:  ) "Certo, volte pra base." (language: Galactic Common) (Brotherhood of Steel (170, 217, 2))
[2021-05-22 20:16:55.052] TCOMMS: AkamaruBR/(Akaigo Bia) [BOS] (spans:  ) "Legion está apenas com 2 soldados" (language: Galactic Common) (Wasteland (197, 64, 2))
[2021-05-22 20:16:58.227] TCOMMS: AkamaruBR/(Akaigo Bia) [BOS] (spans:  ) "Sem lider" (language: Galactic Common) (Wasteland (197, 64, 2))
[2021-05-22 20:16:58.797] TCOMMS: SondTheAnime/(Courier) [BOS] (spans:  ) "Precisamos de você aqui, defendendo." (language: Galactic Common) (Brotherhood of Steel (170, 217, 2))
[2021-05-22 20:17:04.552] TCOMMS: Goldencatc/(Charlie Stroble) [BOS] (spans:  ) "Star Paladin, irmão." (language: Galactic Common) (Brotherhood of Steel Operations Department (223, 224, 3))
[2021-05-22 20:17:08.387] TCOMMS: AkamaruBR/(Akaigo Bia) [BOS] (spans:  ) "Estou a caminho" (language: Galactic Common) (Wasteland (200, 66, 2))
[2021-05-22 20:18:15.394] TCOMMS: Goldencatc/(Charlie Stroble) [BOS] (spans:  ) "Não os ataque, parece que eles tem objetivos em comum." (language: Galactic Common) (Brotherhood of Steel Operations Department (235, 229, 3))
[2021-05-22 20:18:21.614] TCOMMS: Goldencatc/(Charlie Stroble) [BOS] (spans:  ) "Odeiam NCR com todas forças." (language: Galactic Common) (Brotherhood of Steel Operations Department (235, 229, 3))
[2021-05-22 20:18:37.859] TCOMMS: SondTheAnime/(Courier) [BOS] (spans:  ) "Charlie, qual seu cargo?" (language: Galactic Common) (Wasteland (169, 213, 2))
[2021-05-22 20:18:40.123] TCOMMS: AkamaruBR/(Akaigo Bia) [BOS] (spans:  ) "Tem uma dangeon aqui no lado da nossa base" (language: Galactic Common) (Wasteland (182, 199, 2))
[2021-05-22 20:18:44.622] TCOMMS: Goldencatc/(Charlie Stroble) [BOS] (spans:  ) "Star Paladin." (language: Galactic Common) (Brotherhood of Steel Medbay (240, 224, 3))
[2021-05-22 20:18:49.657] TCOMMS: AkamaruBR/(Akaigo Bia) [BOS] (spans:  ) "Dungeon de robos" (language: Galactic Common) (Wasteland (182, 199, 2))
[2021-05-22 20:18:56.680] TCOMMS: SondTheAnime/(Courier) [BOS] (spans:  ) "Vem aqui na porta Charlie." (language: Galactic Common) (Wasteland (169, 213, 2))
[2021-05-22 20:20:51.453] TCOMMS: dantesousa/(John Snow) [NCR] (spans:  ) "Salve pessoal." (language: Galactic Common) (Wasteland (213, 64, 2))
[2021-05-22 20:22:18.874] TCOMMS: SondTheAnime/(Courier) [BOS] (spans:  ) "Paladino, fica de olho também nesse cara" (language: Galactic Common) (Brotherhood of Steel (169, 218, 2))
[2021-05-22 20:22:29.212] TCOMMS: Goldencatc/(Charlie Stroble) [BOS] (spans:  ) "Ficarei." (language: Galactic Common) (Caves (160, 200, 2))
[2021-05-22 20:22:39.903] TCOMMS: SondTheAnime/(Courier) [BOS] (spans:  ) "Knight leva as arma que tu pegou pra Armory" (language: Galactic Common) (Brotherhood of Steel (153, 234, 2))
[2021-05-22 20:22:54.026] TCOMMS: AkamaruBR/(Akaigo Bia) [BOS] (spans:  ) "Ja fiz isso" (language: Galactic Common) (Brotherhood of Steel Operations Department (227, 231, 3))
[2021-05-22 20:22:57.836] TCOMMS: SondTheAnime/(Courier) [BOS] (spans:  ) "Certo" (language: Galactic Common) (Brotherhood of Steel Operations Department (228, 239, 3))
[2021-05-22 20:26:07.673] TCOMMS: Eversonblr/(Miguel Hastings) [BOS] (spans:  ) "Traz iron tambem" (language: Galactic Common) (Wasteland (170, 209, 2))
[2021-05-22 20:26:17.730] TCOMMS: SondTheAnime/(Courier) [BOS] (spans:  ) "Metal Sheet?" (language: Galactic Common) (Wasteland (170, 214, 2))
[2021-05-22 20:26:36.013] TCOMMS: SondTheAnime/(Courier) [BOS] (spans:  ) "Ou Iron Ingot?" (language: Galactic Common) (Brotherhood of Steel (162, 237, 2))
[2021-05-22 20:27:07.967] TCOMMS: Eversonblr/(Miguel Hastings) [BOS] (spans:  ) "Metal" (language: Galactic Common) (Wasteland (171, 207, 2))
[2021-05-22 20:27:21.039] TCOMMS: luiz20/(Luiz Borgos Segundor) [Common] (spans:  ) "Acho que vou gastar meus caps em armor" (language: Galactic Common) (Wasteland (235, 217, 2))
[2021-05-22 20:27:35.715] TCOMMS: AkamaruBR/(Akaigo Bia) [BOS] (spans:  ) "Roubei a armory dos khans hahaha" (language: Galactic Common) (Wasteland (216, 133, 2))
[2021-05-22 20:27:43.050] TCOMMS: Eversonblr/(Miguel Hastings) [BOS] (spans:  ) "*laughs" (language: Galactic Common) (Wasteland (170, 211, 2))
[2021-05-22 20:28:39.680] TCOMMS: Darkrazor191/(Nero Vilontius) [Legion] (spans:  ) "Esta tudo ok ai senhor alex?" (language: Galactic Common) (Wasteland (210, 58, 2))
[2021-05-22 20:29:04.058] TCOMMS: Eversonblr/(Miguel Hastings) [BOS] (spans:  ) "Corruier traz mais metal" (language: Galactic Common) (Wasteland (170, 210, 2))
[2021-05-22 20:29:09.669] TCOMMS: AkamaruBR/(Akaigo Bia) [BOS] (spans:  ) "Head Paladin, achei uma nota de 100 da NCR, aonde está você?" (language: Galactic Common) (Brotherhood of Steel Operations Department (228, 235, 3))
[2021-05-22 20:29:15.041] TCOMMS: SondTheAnime/(Courier) [BOS] (spans:  ) "Base" (language: Galactic Common) (Brotherhood of Steel (166, 223, 2))
[2021-05-22 20:29:24.994] TCOMMS: AkamaruBR/(Akaigo Bia) [BOS] (spans:  ) "Minto 200" (language: Galactic Common) (Brotherhood of Steel Operations Department (243, 240, 3))
[2021-05-22 20:29:29.040] TCOMMS: SondTheAnime/(Courier) [BOS] (spans:  ) "Guarda ela, vale pouco, mas vale alguma coisa" (language: Galactic Common) (Brotherhood of Steel (154, 234, 2))
[2021-05-22 20:29:32.318] TCOMMS: SondTheAnime/(Courier) [BOS] (spans:  ) "Humm" (language: Galactic Common) (Brotherhood of Steel (154, 233, 2))
[2021-05-22 20:29:37.981] TCOMMS: AkamaruBR/(Akaigo Bia) [BOS] (spans:  ) "Vou deixar na armory" (language: Galactic Common) (Brotherhood of Steel Operations Department (242, 247, 3))
[2021-05-22 20:29:38.456] TCOMMS: SondTheAnime/(Courier) [BOS] (spans:  ) "Mudou a historia, guarda" (language: Galactic Common) (Brotherhood of Steel (154, 233, 2))
[2021-05-22 20:29:43.520] TCOMMS: Eversonblr/(Miguel Hastings) [BOS] (spans:  ) "Traz mais metal ai" (language: Galactic Common) (Wasteland (170, 208, 2))
[2021-05-22 20:29:48.257] TCOMMS: SondTheAnime/(Courier) [BOS] (spans:  ) "Vou levar" (language: Galactic Common) (Brotherhood of Steel (142, 233, 2))
[2021-05-22 20:29:50.364] TCOMMS: luiz20/(Luiz Borgos Segundor) [Common] (spans:  ) "Ae" (language: Galactic Common) (Wasteland (170, 212, 2))
[2021-05-22 20:30:18.320] TCOMMS: AlexAlbright/(Alex Magnus Primeiro) [Legion] (spans:  ) "Parece que houve um ataque a eles recetemente, pois vi balas dentro da base deles" (language: Galactic Common) (Village (24, 177, 2))
[2021-05-22 20:30:32.291] TCOMMS: AlexAlbright/(Alex Magnus Primeiro) [Legion] (spans:  ) "No minimo eles tem 4 pessoas" (language: Galactic Common) (Village (24, 177, 2))
[2021-05-22 20:30:55.676] TCOMMS: AlexAlbright/(Alex Magnus Primeiro) [Legion] (spans:  ) "A defesa é franca, a gente pode entrar pelas laterais da base" (language: Galactic Common) (Village (24, 177, 2))
[2021-05-22 20:31:33.603] TCOMMS: Dantesousa/(John Snow) [NCR] (spans:  ) "Temos quantos disponiveis ae" (language: Galactic Common) (Wasteland (27, 184, 2))
[2021-05-22 20:31:53.260] TCOMMS: N0fun/(Makenna Coldsmith) [NCR] (spans:  ) "Bom, eu estou disponível" (language: Galactic Common) (Wasteland (67, 186, 2))
[2021-05-22 20:32:07.633] TCOMMS: AlexAlbright/(Alex Magnus Primeiro) [Legion] (spans:  ) "Eles tem 5 no minimo, vi mais um" (language: Galactic Common) (Wasteland (86, 96, 2))
[2021-05-22 20:32:21.625] TCOMMS: AkamaruBR/(Akaigo Bia) [BOS] (spans:  ) "Porque as janeals tão fudidas?" (language: Galactic Common) (Brotherhood of Steel (170, 216, 2))
[2021-05-22 20:32:26.200] TCOMMS: AkamaruBR/(Akaigo Bia) [BOS] (spans:  ) "Da turret" (language: Galactic Common) (Brotherhood of Steel (170, 216, 2))
[2021-05-22 20:32:38.023] TCOMMS: AkamaruBR/(Akaigo Bia) [BOS] (spans:  ) "E tem um civil aqui no portão" (language: Galactic Common) (Brotherhood of Steel (170, 216, 2))
[2021-05-22 20:32:42.700] TCOMMS: SondTheAnime/(Courier) [BOS] (spans:  ) "Sim, Scribe pensou que passava o Laser, mas não passa." (language: Galactic Common) (Brotherhood of Steel (133, 237, 2))
[2021-05-22 20:32:48.341] TCOMMS: SondTheAnime/(Courier) [BOS] (spans:  ) "Comercio, fica de olho nele" (language: Galactic Common) (Brotherhood of Steel (133, 237, 2))
[2021-05-22 20:32:59.078] TCOMMS: AkamaruBR/(Akaigo Bia) [BOS] (spans:  ) "Entendido" (language: Galactic Common) (Brotherhood of Steel (169, 216, 2))
[2021-05-22 20:33:06.343] TCOMMS: AkamaruBR/(Akaigo Bia) [BOS] (spans:  ) "Head Scribe vem ca por favor" (language: Galactic Common) (Brotherhood of Steel (169, 216, 2))
[2021-05-22 20:33:09.041] TCOMMS: AlexAlbright/(Alex Magnus Primeiro) [Legion] (spans:  ) "Voltando" (language: Galactic Common) (Wasteland (106, 61, 2))
[2021-05-22 20:34:14.676] TCOMMS: AkamaruBR/(Akaigo Bia) [BOS] (spans:  ) "O civil ta pedindo pra entrar" (language: Galactic Common) (Brotherhood of Steel (170, 216, 2))
[2021-05-22 20:34:31.326] TCOMMS: SondTheAnime/(Courier) [BOS] (spans:  ) "Deixa ele entrar, mas quero um do lado o tempo todo dele" (language: Galactic Common) (Brotherhood of Steel (143, 237, 2))
[2021-05-22 20:34:36.606] TCOMMS: AkamaruBR/(Akaigo Bia) [BOS] (spans:  ) "Entendido" (language: Galactic Common) (Brotherhood of Steel (170, 216, 2))
[2021-05-22 20:36:47.812] TCOMMS: Dantesousa/(John Snow) [NCR] (spans:  ) "Entao vem po" (language: Galactic Common) (NCR (30, 210, 3))
[2021-05-22 20:36:50.850] TCOMMS: Dantesousa/(John Snow) [NCR] (spans:  ) "Eu te do logo" (language: Galactic Common) (NCR (30, 210, 3))
[2021-05-22 20:37:33.125] TCOMMS: AkamaruBR/(Akaigo Bia) [BOS] (spans:  ) "Quer que eu vá junto chefe?" (language: Galactic Common) (Brotherhood of Steel (172, 220, 2))
[2021-05-22 20:37:36.319] TCOMMS: SondTheAnime/(Courier) [BOS] (spans:  ) "Sim" (language: Galactic Common) (Brotherhood of Steel (150, 233, 2))
[2021-05-22 20:38:23.006] TCOMMS: SondTheAnime/(Courier) [BOS] (spans:  ) "Estamos na Oficina" (language: Galactic Common) (Brotherhood of Steel (142, 232, 2))
[2021-05-22 20:40:15.221] TCOMMS: SondTheAnime/(Courier) [BOS] (spans:  ) "Ele vai pegar scraps pra nós" (language: Galactic Common) (Brotherhood of Steel (170, 218, 2))
[2021-05-22 20:40:22.168] TCOMMS: AlexAlbright/(Alex Magnus Primeiro) [Legion] (spans:  ) "Eu vou sozinho conversar com o BoS, fazer algumas trocas comerciais" (language: Galactic Common) (Wasteland (208, 57, 2))
[2021-05-22 20:41:12.571] TCOMMS: Eversonblr/(Miguel Hastings) [BOS] (spans:  ) "Aproveita e traz mais metal" (language: Galactic Common) (Caves (160, 219, 2))
[2021-05-22 20:41:17.470] TCOMMS: SondTheAnime/(Courier) [BOS] (spans:  ) "Certo" (language: Galactic Common) (Brotherhood of Steel Operations Department (229, 230, 3))
[2021-05-22 20:41:22.098] TCOMMS: Darkrazor191/(Nero Vilontius) [Legion] (spans:  ) "Boa sorte estamos te esperetando" (language: Galactic Common) (Wasteland (210, 57, 2))
[2021-05-22 20:43:02.843] TCOMMS: AkamaruBR/(Akaigo Bia) [BOS] (spans:  ) "Roubei a armory deles de novo hahaha" (language: Galactic Common) (Wasteland (230, 168, 2))
[2021-05-22 20:43:16.032] TCOMMS: SondTheAnime/(Courier) [BOS] (spans:  ) "Venham no portão, algué" (language: Galactic Common) (Brotherhood of Steel (170, 218, 2))
[2021-05-22 20:43:19.763] TCOMMS: SondTheAnime/(Courier) [BOS] (spans:  ) "Paladino" (language: Galactic Common) (Brotherhood of Steel (170, 219, 2))
[2021-05-22 20:43:20.731] TCOMMS: DanteThanatos/(Dr Oswald Casket) [NCR] (spans:  ) "Base limpa." (language: Galactic Common) (Wasteland (28, 195, 2))
[2021-05-22 20:43:42.420] TCOMMS: Italos/(Josef Polson) [NCR] (spans:  ) "Temos quantos soldados ainda?" (language: Galactic Common) (NCR (31, 191, 2))
[2021-05-22 20:43:46.997] TCOMMS: Goldencatc/(Charlie Stroble) [BOS] (spans:  ) "Preciso de algo que corte." (language: Galactic Common) (Brotherhood of Steel (163, 237, 2))
[2021-05-22 20:44:47.078] TCOMMS: Italos/(Josef Polson) [NCR] (spans:  ) "Acho que 5 ou 6" (language: Galactic Common) (NCR (35, 204, 3))
[2021-05-22 20:46:32.932] TCOMMS: luiz20/(Luiz Borgos Segundor) [Common] (spans:  ) "Eu consegui advanced pre-war" (language: Galactic Common) (Wasteland (158, 186, 2))
[2021-05-22 20:46:58.334] TCOMMS: Eversonblr/(Miguel Hastings) [BOS] (spans:  ) "A porcaria d laser não ultrapase o vidro" (language: Galactic Common) (Wasteland (171, 209, 2))
[2021-05-22 20:47:00.566] TCOMMS: SondTheAnime/(Courier) [BOS] (spans:  ) "Quero que alguém fique protegendo o portão" (language: Galactic Common) (Brotherhood of Steel (169, 219, 2))
[2021-05-22 20:47:07.886] TCOMMS: SondTheAnime/(Courier) [BOS] (spans:  ) "Sim" (language: Galactic Common) (Brotherhood of Steel (169, 226, 2))
[2021-05-22 20:48:50.126] TCOMMS: AkamaruBR/(Akaigo Bia) [BOS] (spans:  ) "Vou ver se assalto a legion no estilo espião" (language: Galactic Common) (Wasteland (184, 184, 2))
[2021-05-22 20:48:55.825] TCOMMS: Goldencatc/(Charlie Stroble) [BOS] (spans:  ) "Vou fazer algumas trocas no Oasis." (language: Galactic Common) (Wasteland (160, 183, 2))
[2021-05-22 20:49:08.696] TCOMMS: Goldencatc/(Charlie Stroble) [BOS] (spans:  ) "Vocês vão assaltar mesmo a legião?" (language: Galactic Common) (Wasteland (160, 183, 2))
[2021-05-22 20:49:18.283] TCOMMS: Goldencatc/(Charlie Stroble) [BOS] (spans:  ) "O foco não era a porra da NCR?" (language: Galactic Common) (Wasteland (160, 183, 2))
[2021-05-22 20:49:43.328] TCOMMS: AkamaruBR/(Akaigo Bia) [BOS] (spans:  ) "Não me foi dito nada" (language: Galactic Common) (Wasteland (230, 92, 2))
[2021-05-22 20:52:17.593] TCOMMS: Eversonblr/(Miguel Hastings) [BOS] (spans:  ) "HEad paladin vem ca no portão" (language: Galactic Common) (Wasteland (169, 207, 2))
[2021-05-22 20:53:10.691] TCOMMS: SondTheAnime/(Courier) [BOS] (spans:  ) "Certo, ja to indo" (language: Galactic Common) (Brotherhood of Steel (142, 232, 2))
[2021-05-22 20:53:34.256] TCOMMS: AkamaruBR/(Akaigo Bia) [BOS] (spans:  ) "Conversei com a legion" (language: Galactic Common) (Wasteland (195, 64, 2))
[2021-05-22 20:53:39.734] TCOMMS: AkamaruBR/(Akaigo Bia) [BOS] (spans:  ) "Amigavéis" (language: Galactic Common) (Wasteland (195, 64, 2))
[2021-05-22 20:53:54.696] TCOMMS: AlexAlbright/(Alex Magnus Primeiro) [Legion] (spans:  ) "Vem na porta" (language: Galactic Common) (Wasteland (209, 58, 2))
[2021-05-22 20:54:07.622] TCOMMS: AkamaruBR/(Akaigo Bia) [BOS] (spans:  ) "Sem lider por enquanto, mas o numero de soldados cresceu e a base está impossivel de penetrar por meios sem ser visto" (language: Galactic Common) (Wasteland (195, 64, 2))
[2021-05-22 20:54:26.564] TCOMMS: AkamaruBR/(Akaigo Bia) [BOS] (spans:  ) "Falaram que estão preoccupados com o numero de membros da NCR" (language: Galactic Common) (Wasteland (195, 64, 2))
[2021-05-22 20:54:31.198] TCOMMS: AkamaruBR/(Akaigo Bia) [BOS] (spans:  ) "E que não gostam deles" (language: Galactic Common) (Wasteland (195, 64, 2))
[2021-05-22 20:54:38.365] TCOMMS: SondTheAnime/(Courier) [BOS] (spans:  ) "Todos sabem disso" (language: Galactic Common) (Brotherhood of Steel (171, 221, 2))
[2021-05-22 20:55:52.143] TCOMMS: Italos/(Josef Polson) [Common] (spans:  ) "Alguem consegue um Pre-war weapon assembly" (language: Galactic Common) (Wasteland (29, 217, 2))
[2021-05-22 20:55:55.085] TCOMMS: SondTheAnime/(Courier) [BOS] (spans:  ) "Head Knight, preciso de você aqui na base." (language: Galactic Common) (Brotherhood of Steel (169, 221, 2))
[2021-05-22 20:55:56.401] TCOMMS: Italos/(Josef Polson) [Common] (spans:  ) "?" (language: Galactic Common) (Wasteland (29, 218, 2))
[2021-05-22 20:56:08.839] TCOMMS: SondTheAnime/(Courier) [BOS] (spans:  ) "Você e o Paladino vão a um certo lugar" (language: Galactic Common) (Brotherhood of Steel (169, 221, 2))
[2021-05-22 20:56:14.832] TCOMMS: SondTheAnime/(Courier) [BOS] (spans:  ) "Vasculhar" (language: Galactic Common) (Brotherhood of Steel (169, 221, 2))
[2021-05-22 20:56:21.986] TCOMMS: AkamaruBR/(Akaigo Bia) [BOS] (spans:  ) "Onde" (language: Galactic Common) (Wasteland (94, 29, 2))
[2021-05-22 20:56:27.885] TCOMMS: Goldencatc/(Charlie Stroble) [BOS] (spans:  ) "Eu guio você." (language: Galactic Common) (Brotherhood of Steel (139, 240, 2))
[2021-05-22 20:56:33.207] TCOMMS: SondTheAnime/(Courier) [BOS] (spans:  ) "Fala com o Paladino, sobre os detalhes" (language: Galactic Common) (Brotherhood of Steel (169, 218, 2))
[2021-05-22 20:56:45.930] TCOMMS: AkamaruBR/(Akaigo Bia) [BOS] (spans:  ) "Estou subindo" (language: Galactic Common) (Wasteland (100, 80, 2))
[2021-05-22 20:56:55.533] TCOMMS: Goldencatc/(Charlie Stroble) [BOS] (spans:  ) "Pegue uma caixa de ferramenta se possível." (language: Galactic Common) (Brotherhood of Steel (153, 232, 2))
[2021-05-22 20:57:29.265] TCOMMS: OvelhaCosmica/(Adam Alves) [Common] (spans:  ) "Alo" (language: Galactic Common) (Wasteland (118, 95, 2))
[2021-05-22 20:57:36.743] TCOMMS: OvelhaCosmica/(Adam Alves) [Common] (spans:  ) "Tava mimindo" (language: Galactic Common) (Wasteland (120, 88, 2))
[2021-05-22 20:57:42.614] TCOMMS: OvelhaCosmica/(Adam Alves) [Common] (spans:  ) "Durante um tempo bom" (language: Galactic Common) (Wasteland (120, 88, 2))
[2021-05-22 20:57:59.390] TCOMMS: OvelhaCosmica/(Adam Alves) [Common] (spans:  ) "Alguem entro em guerra?" (language: Galactic Common) (Wasteland (120, 88, 2))
[2021-05-22 20:58:03.768] TCOMMS: Italos/(Josef Polson) [Common] (spans:  ) "Não" (language: Galactic Common) (NCR (32, 190, 2))
[2021-05-22 20:58:09.377] TCOMMS: Nickenzo12345/(Monty Hoopengarner) [Common] (spans:  ) "Preciso de uma high quality metal part" (language: Galactic Common) (NCR (35, 218, 2))
[2021-05-22 20:58:13.639] TCOMMS: Italos/(Josef Polson) [Common] (spans:  ) "Mas eu fui promovido" (language: Galactic Common) (NCR (32, 190, 2))
[2021-05-22 20:58:43.340] TCOMMS: Goldencatc/(Charlie Stroble) [BOS] (spans:  ) "Estou esperando." (language: Galactic Common) (Wasteland (173, 203, 2))
[2021-05-22 20:58:51.984] TCOMMS: Goldencatc/(Charlie Stroble) [BOS] (spans:  ) "Vamos para uma expedição." (language: Galactic Common) (Wasteland (173, 203, 2))
[2021-05-22 20:59:16.935] TCOMMS: Eversonblr/(Miguel Hastings) [BOS] (spans:  ) "Head paladin vem ca" (language: Galactic Common) (Wasteland (171, 211, 2))
[2021-05-22 20:59:21.202] TCOMMS: SondTheAnime/(Courier) [BOS] (spans:  ) "Perai" (language: Galactic Common) (Brotherhood of Steel (152, 234, 2))
[2021-05-22 20:59:59.110] TCOMMS: AkamaruBR/(Akaigo Bia) [BOS] (spans:  ) "To aqui" (language: Galactic Common) (Brotherhood of Steel (169, 225, 2))
[2021-05-22 21:01:47.447] TCOMMS: Eversonblr/(Miguel Hastings) [BOS] (spans:  ) "Head paladin tu vai vim não ?" (language: Galactic Common) (Wasteland (170, 210, 2))
[2021-05-22 21:01:53.150] TCOMMS: OvelhaCosmica/(Adam Alves) [Common] (spans:  ) "Alex?" (language: Galactic Common) (Wasteland (210, 60, 2))
[2021-05-22 21:02:00.735] TCOMMS: SondTheAnime/(Courier) [BOS] (spans:  ) "To ocupado, perai" (language: Galactic Common) (Brotherhood of Steel RnD Department (233, 194, 3))
[2021-05-22 21:02:04.880] TCOMMS: AlexAlbright/(Alex Magnus Primeiro) [Common] (spans:  ) "Estou em uma missão" (language: Galactic Common) (Bunker (243, 229, 4))
[2021-05-22 21:02:08.489] TCOMMS: OvelhaCosmica/(Adam Alves) [Common] (spans:  ) "Ata" (language: Galactic Common) (Wasteland (212, 59, 2))
[2021-05-22 21:02:18.176] TCOMMS: OvelhaCosmica/(Adam Alves) [Common] (spans:  ) "Quando voltar me avisa" (language: Galactic Common) (Wasteland (212, 59, 2))
[2021-05-22 21:02:23.832] TCOMMS: Jhonatan lima/(Luicio Notav) [NCR] (spans:  ) "Estou me ausentando" (language: Galactic Common) (Wasteland (27, 216, 2))
[2021-05-22 21:02:26.314] TCOMMS: AkamaruBR/(Akaigo Bia) [BOS] (spans:  ) "Chefe" (language: Galactic Common) (Village (157, 178, 2))
[2021-05-22 21:02:30.625] TCOMMS: Dantesousa/(John Snow) [NCR] (spans:  ) "Ok" (language: Galactic Common) (Bunker (34, 238, 4))
[2021-05-22 21:02:31.305] TCOMMS: AkamaruBR/(Akaigo Bia) [BOS] (spans:  ) "Tem um cara da NCR aqui" (language: Galactic Common) (Village (157, 178, 2))
[2021-05-22 21:02:32.668] TCOMMS: SondTheAnime/(Courier) [BOS] (spans:  ) "Sim?" (language: Galactic Common) (Brotherhood of Steel (142, 237, 2))
[2021-05-22 21:02:33.640] TCOMMS: Goldencatc/(Charlie Stroble) [BOS] (spans:  ) "Chefe tem um filho da puta da NCR aqui." (language: Galactic Common) (Village (157, 177, 2))
[2021-05-22 21:02:35.090] TCOMMS: Dantesousa/(John Snow) [NCR] (spans:  ) "Polson, makenna?" (language: Galactic Common) (Bunker (34, 238, 4))
[2021-05-22 21:02:42.323] TCOMMS: SondTheAnime/(Courier) [BOS] (spans:  ) "Merda, fica os dois de olho nele" (language: Galactic Common) (Brotherhood of Steel (144, 233, 2))
[2021-05-22 21:02:49.510] TCOMMS: N0fun/(Makenna Coldsmith) [NCR] (spans:  ) "Aqui na gatekeep" (language: Galactic Common) (Wasteland (25, 189, 2))
[2021-05-22 21:02:51.227] TCOMMS: Nickenzo12345/(Monty Hoopengarner) [NCR] (spans:  ) "Bos me atacando" (language: Galactic Common) (Village (153, 178, 2))
[2021-05-22 21:03:04.476] TCOMMS: Italos/(Josef Polson) [NCR] (spans:  ) "Ok" (language: Galactic Common) (NCR (33, 191, 2))
[2021-05-22 21:03:05.519] TCOMMS: Italos/(Josef Polson) [NCR] (spans:  ) "A gente deve matar esses BoS" (language: Galactic Common) (NCR (33, 191, 2))
[2021-05-22 21:03:14.911] TCOMMS: AkamaruBR/(Akaigo Bia) [BOS] (spans:  ) "Matamos" (language: Galactic Common) (Village (151, 177, 2))
[2021-05-22 21:03:27.837] TCOMMS: Dantesousa/(John Snow) [NCR] (spans:  ) "Arrumei duas power armor" (language: Galactic Common) (Wasteland (96, 211, 2))
[2021-05-22 21:03:29.352] TCOMMS: Eversonblr/(Miguel Hastings) [BOS] (spans:  ) "Tenho od ia todo não" (language: Galactic Common) (Brotherhood of Steel (147, 233, 2))
[2021-05-22 21:03:31.166] TCOMMS: Dantesousa/(John Snow) [NCR] (spans:  ) "Em um bunker" (language: Galactic Common) (Wasteland (96, 211, 2))
[2021-05-22 21:03:31.455] TCOMMS: SondTheAnime/(Courier) [BOS] (spans:  ) "Mataram?" (language: Galactic Common) (Brotherhood of Steel (164, 232, 2))
[2021-05-22 21:03:46.681] TCOMMS: AkamaruBR/(Akaigo Bia) [BOS] (spans:  ) "Sim, ele sacou a faca e veio pra cima" (language: Galactic Common) (Village (151, 177, 2))
[2021-05-22 21:03:47.571] TCOMMS: Italos/(Josef Polson) [NCR] (spans:  ) "Agora o pau vai quebrar" (language: Galactic Common) (NCR (43, 192, 3))
[2021-05-22 21:03:47.643] TCOMMS: Goldencatc/(Charlie Stroble) [BOS] (spans:  ) "Afirmativo, ele é da NCR." (language: Galactic Common) (Village (154, 177, 2))
[2021-05-22 21:03:47.854] TCOMMS: N0fun/(Makenna Coldsmith) [NCR] (spans:  ) "Completas?" (language: Galactic Common) (Wasteland (26, 216, 2))
[2021-05-22 21:03:52.685] TCOMMS: Dantesousa/(John Snow) [NCR] (spans:  ) "Sim" (language: Galactic Common) (Wasteland (49, 184, 2))
[2021-05-22 21:03:55.640] TCOMMS: Goldencatc/(Charlie Stroble) [BOS] (spans:  ) "Que é uma facção odiada." (language: Galactic Common) (Village (153, 177, 2))
[2021-05-22 21:04:24.630] TCOMMS: N0fun/(Makenna Coldsmith) [NCR] (spans:  ) "Então temos 3 PAs?" (language: Galactic Common) (NCR (6, 215, 2))
[2021-05-22 21:04:28.745] TCOMMS: Dantesousa/(John Snow) [NCR] (spans:  ) "Sim" (language: Galactic Common) (Wasteland (27, 198, 2))
[2021-05-22 21:04:36.585] TCOMMS: Italos/(Josef Polson) [NCR] (spans:  ) "Monty Hoopengarner ?" (language: Galactic Common) (Wasteland (30, 197, 2))
[2021-05-22 21:05:02.071] TCOMMS: SondTheAnime/(Courier) [BOS] (spans:  ) "Gente a NCR nossa inimizade não é do tipo que a gente tem do Enclave.... Mas ja foi" (language: Galactic Common) (Wasteland (171, 211, 2))
[2021-05-22 21:05:09.965] TCOMMS: AlexAlbright/(Alex Magnus Primeiro) [Legion] (spans:  ) "Alguem na base, chegou" (language: Galactic Common) (Bunker Elevator (239, 230, 4))
[2021-05-22 21:05:15.463] TCOMMS: OvelhaCosmica/(Adam Alves) [Common] (spans:  ) "Alex aquilo que te perguntei a mo tempo atras ainda conta?" (language: Galactic Common) (Wasteland (110, 183, 2))
[2021-05-22 21:05:20.782] TCOMMS: OvelhaCosmica/(Adam Alves) [Common] (spans:  ) "Dormi por muito tempo" (language: Galactic Common) (Wasteland (110, 183, 2))
[2021-05-22 21:05:24.481] TCOMMS: Goldencatc/(Charlie Stroble) [BOS] (spans:  ) "A parada que ele tinha vários recursos." (language: Galactic Common) (Village (160, 179, 2))
[2021-05-22 21:05:28.754] TCOMMS: SondTheAnime/(Courier) [BOS] (spans:  ) "Traz" (language: Galactic Common) (Wasteland (174, 208, 2))
[2021-05-22 21:05:30.899] TCOMMS: Goldencatc/(Charlie Stroble) [BOS] (spans:  ) "Não podemos abandona-los assim." (language: Galactic Common) (Village (160, 179, 2))
[2021-05-22 21:05:41.264] TCOMMS: Goldencatc/(Charlie Stroble) [BOS] (spans:  ) "Fora que ele também não queria aceitar sua perda." (language: Galactic Common) (Village (160, 179, 2))
[2021-05-22 21:05:57.038] TCOMMS: AkamaruBR/(Akaigo Bia) [BOS] (spans:  ) "Ele tinha uma bomba" (language: Galactic Common) (Village (160, 177, 2))
[2021-05-22 21:06:55.929] TCOMMS: Italos/(Josef Polson) [NCR] (spans:  ) "Temos quantos?" (language: Galactic Common) (Wasteland (26, 197, 2))
[2021-05-22 21:07:03.034] TCOMMS: Italos/(Josef Polson) [NCR] (spans:  ) "Todo mundo fala eu" (language: Galactic Common) (Wasteland (26, 197, 2))
[2021-05-22 21:07:48.501] TCOMMS: Goldencatc/(Charlie Stroble) [BOS] (spans:  ) "Leva lá pra base." (language: Galactic Common) (Wasteland (153, 186, 2))
[2021-05-22 21:07:53.163] TCOMMS: Goldencatc/(Charlie Stroble) [BOS] (spans:  ) "E volta que tem mais computador." (language: Galactic Common) (Wasteland (153, 186, 2))
[2021-05-22 21:08:29.153] TCOMMS: SondTheAnime/(Courier) [BOS] (spans:  ) "Head Knight" (language: Galactic Common) (Wasteland (171, 210, 2))
[2021-05-22 21:08:57.938] TCOMMS: SondTheAnime/(Courier) [BOS] (spans:  ) "Head Knight" (language: Galactic Common) (Wasteland (170, 211, 2))
[2021-05-22 21:09:08.075] TCOMMS: AkamaruBR/(Akaigo Bia) [BOS] (spans:  ) "Sim senhor?" (language: Galactic Common) (Brotherhood of Steel (168, 222, 2))
[2021-05-22 21:09:24.904] TCOMMS: SondTheAnime/(Courier) [BOS] (spans:  ) "Desce aqui depois no portão, e ajuda o Scribe a Posicionar a Segunda turret." (language: Galactic Common) (Wasteland (171, 210, 2))
[2021-05-22 21:09:55.779] TCOMMS: OvelhaCosmica/(Adam Alves) [Common] (spans:  ) "Alex?" (language: Galactic Common) (Building (86, 197, 2))
[2021-05-22 21:10:03.883] TCOMMS: OvelhaCosmica/(Adam Alves) [Common] (spans:  ) "Ih" (language: Galactic Common) (Building (82, 193, 2))
[2021-05-22 21:10:10.881] TCOMMS: AlexAlbright/(Alex Magnus Primeiro) [Common] (spans:  ) "To no oasis" (language: Galactic Common) (Building (35, 104, 2))
[2021-05-22 21:10:15.394] TCOMMS: OvelhaCosmica/(Adam Alves) [Common] (spans:  ) "Ata" (language: Galactic Common) (Building (82, 193, 2))
[2021-05-22 21:10:38.735] TCOMMS: ConteudoGenerico/(Thiagus Machado) [Legion] (spans:  ) "Tem alguém ae?" (language: Galactic Common) (Wasteland (211, 60, 2))
[2021-05-22 21:10:43.130] TCOMMS: ConteudoGenerico/(Thiagus Machado) [Legion] (spans:  ) "Acabei de acordar" (language: Galactic Common) (Wasteland (211, 60, 2))
[2021-05-22 21:10:48.539] TCOMMS: AlexAlbright/(Alex Magnus Primeiro) [Legion] (spans:  ) "Estamos voltando pra bse" (language: Galactic Common) (Wasteland (64, 61, 2))
[2021-05-22 21:10:58.531] TCOMMS: ConteudoGenerico/(Thiagus Machado) [Legion] (spans:  ) "Eu tô preso na base, eu n sei como destranca" (language: Galactic Common) (Wasteland (211, 60, 2))
[2021-05-22 21:11:06.786] TCOMMS: AlexAlbright/(Alex Magnus Primeiro) [Common] (spans:  ) "To voltando pra base adam" (language: Galactic Common) (Wasteland (97, 62, 2))
[2021-05-22 21:13:35.610] TCOMMS: Italos/(Josef Polson) [NCR] (spans:  ) "Capitão" (language: Galactic Common) (Wasteland (33, 195, 2))
[2021-05-22 21:13:42.148] TCOMMS: Italos/(Josef Polson) [NCR] (spans:  ) "Pode fechar a gate?" (language: Galactic Common) (Wasteland (33, 195, 2))
[2021-05-22 21:15:10.554] TCOMMS: dantesousa/(Declan Smith) [BOS] (spans:  ) "Opa.. pessoal." (language: Galactic Common) (Brotherhood of Steel 1st Floor Offices (239, 209, 3))
[2021-05-22 21:15:19.589] TCOMMS: SondTheAnime/(Courier) [BOS] (spans:  ) "Opa, identifique-se irmão" (language: Galactic Common) (Brotherhood of Steel (141, 233, 2))
[2021-05-22 21:15:29.153] TCOMMS: dantesousa/(Declan Smith) [BOS] (spans:  ) "Elder" (language: Galactic Common) (Brotherhood of Steel 1st Floor Offices (243, 209, 3))
[2021-05-22 21:15:36.257] TCOMMS: SondTheAnime/(Courier) [BOS] (spans:  ) "Nossa, senhor." (language: Galactic Common) (Brotherhood of Steel (141, 233, 2))
[2021-05-22 21:15:42.398] TCOMMS: SondTheAnime/(Courier) [BOS] (spans:  ) "Que bom ouvir sua voz" (language: Galactic Common) (Brotherhood of Steel (141, 233, 2))
[2021-05-22 21:15:52.462] TCOMMS: dantesousa/(Declan Smith) [BOS] (spans:  ) "Como estão a coisas?" (language: Galactic Common) (Brotherhood of Steel 1st Floor Offices (243, 209, 3))
[2021-05-22 21:16:05.831] TCOMMS: SondTheAnime/(Courier) [BOS] (spans:  ) "Senhor, estamos armando defesas na base com turrets" (language: Galactic Common) (Brotherhood of Steel (141, 233, 2))
[2021-05-22 21:16:18.448] TCOMMS: SondTheAnime/(Courier) [BOS] (spans:  ) "Talvez o Head Scribe Miguel, precise de sua ajuda" (language: Galactic Common) (Brotherhood of Steel (141, 233, 2))
[2021-05-22 21:16:22.231] TCOMMS: SondTheAnime/(Courier) [BOS] (spans:  ) "Para configura-las" (language: Galactic Common) (Brotherhood of Steel (141, 233, 2))
[2021-05-22 21:16:30.136] TCOMMS: nickenzo12345/(Connor Harding) [Enclave] (spans:  ) "Vou sair" (language: Galactic Common) (Enclave (132, 24, 3))
[2021-05-22 21:16:41.891] TCOMMS: dantesousa/(Declan Smith) [BOS] (spans:  ) "Ok, irei ir então" (language: Galactic Common) (Brotherhood of Steel RnD Department (238, 203, 3))
[2021-05-22 21:16:51.522] TCOMMS: SondTheAnime/(Courier) [BOS] (spans:  ) "Ele deve está no portão" (language: Galactic Common) (Brotherhood of Steel (142, 233, 2))
[2021-05-22 21:17:01.655] TCOMMS: dantesousa/(Declan Smith) [BOS] (spans:  ) "E eu estou aqui também por outro motivo além de dar suporte a todos." (language: Galactic Common) (Brotherhood of Steel RnD Department (235, 203, 3))
[2021-05-22 21:17:22.257] TCOMMS: SondTheAnime/(Courier) [BOS] (spans:  ) "Qual, senhor?" (language: Galactic Common) (Brotherhood of Steel (144, 232, 2))
[2021-05-22 21:17:27.093] TCOMMS: dantesousa/(Declan Smith) [BOS] (spans:  ) "Iremos sofrer ataque em breve" (language: Galactic Common) (Brotherhood of Steel Operations Department (232, 217, 3))
[2021-05-22 21:17:35.763] TCOMMS: Goldencatc/(Charlie Stroble) [BOS] (spans:  ) "De quem?" (language: Galactic Common) (Brotherhood of Steel (161, 236, 2))
[2021-05-22 21:17:43.801] TCOMMS: dantesousa/(Declan Smith) [BOS] (spans:  ) "NCR" (language: Galactic Common) (Brotherhood of Steel Operations Department (228, 231, 3))
[2021-05-22 21:17:48.370] TCOMMS: AkamaruBR/(Akaigo Bia) [BOS] (spans:  ) "Olá senhor" (language: Galactic Common) (Wasteland (172, 209, 2))
[2021-05-22 21:17:49.962] TCOMMS: Goldencatc/(Charlie Stroble) [BOS] (spans:  ) "Previsível." (language: Galactic Common) (Brotherhood of Steel (137, 237, 2))
[2021-05-22 21:17:57.527] TCOMMS: SondTheAnime/(Courier) [BOS] (spans:  ) "O que tem a NCR?" (language: Galactic Common) (Brotherhood of Steel (145, 231, 2))
[2021-05-22 21:18:37.867] TCOMMS: AkamaruBR/(Akaigo Bia) [BOS] (spans:  ) "NCR irá atacar segundo o elder" (language: Galactic Common) (Wasteland (172, 206, 2))
[2021-05-22 21:18:44.396] TCOMMS: AlexAlbright/(Alex Magnus Primeiro) [Legion] (spans:  ) "Jeremus, se arma" (language: Galactic Common) (Wasteland (208, 59, 2))
[2021-05-22 21:18:55.606] TCOMMS: AlexAlbright/(Alex Magnus Primeiro) [Legion] (spans:  ) "Pega a munição no nossa armory" (language: Galactic Common) (Wasteland (208, 59, 2))
[2021-05-22 21:19:00.883] TCOMMS: AlexAlbright/(Alex Magnus Primeiro) [Legion] (spans:  ) "Vamos voltar lá" (language: Galactic Common) (Wasteland (208, 59, 2))
[2021-05-22 21:19:26.374] TCOMMS: nickenzo12345/(Connor Harding) [Common] (spans:  ) "A ncr ta de boas?" (language: Galactic Common) (Wasteland (16, 188, 2))
[2021-05-22 21:20:01.817] TCOMMS: SondTheAnime/(Courier) [BOS] (spans:  ) "Head Knight, ta ai?" (language: Galactic Common) (Brotherhood of Steel (138, 231, 2))
[2021-05-22 21:20:24.610] TCOMMS: AlexAlbright/(Alex Magnus Primeiro) [Legion] (spans:  ) "Tá se armando?" (language: Galactic Common) (Wasteland (208, 59, 2))
[2021-05-22 21:21:21.680] TCOMMS: AlexAlbright/(Alex Magnus Primeiro) [Common] (spans:  ) "Tem alguem no oasis?" (language: Galactic Common) (Wasteland (211, 58, 2))
[2021-05-22 21:21:25.656] TCOMMS: baeiou/(Jose Bebado) [Enclave] (spans:  ) "Tenente, havia levado um das máquinas de cirúrgia?" (language: Galactic Common) (Enclave (133, 23, 3))
[2021-05-22 21:22:10.770] TCOMMS: nickenzo12345/(Connor Harding) [Enclave] (spans:  ) "Sim" (language: Galactic Common) (Wasteland (137, 183, 2))
[2021-05-22 21:22:18.842] TCOMMS: Goldencatc/(Charlie Stroble) [BOS] (spans:  ) "Bombas posicionadas no posto sentinela." (language: Galactic Common) (Brotherhood of Steel (165, 218, 2))
[2021-05-22 21:22:22.297] TCOMMS: Goldencatc/(Charlie Stroble) [BOS] (spans:  ) "Sul." (language: Galactic Common) (Brotherhood of Steel (168, 219, 2))
[2021-05-22 21:22:39.717] TCOMMS: baeiou/(Jose Bebado) [Enclave] (spans:  ) "Recomendo que destrua este. Tecnologias como esta são valiosas." (language: Galactic Common) (Enclave (135, 24, 3))
[2021-05-22 21:22:47.356] TCOMMS: SondTheAnime/(Courier) [BOS] (spans:  ) "Todos os combatentes se armem, possivel ataque vindo  NCR&gt;" (language: Galactic Common) (Brotherhood of Steel RnD Department (234, 204, 3))
[2021-05-22 21:23:52.691] TCOMMS: SondTheAnime/(Courier) [BOS] (spans:  ) "ATAQUE" (language: Galactic Common) (Brotherhood of Steel (158, 232, 2))
[2021-05-22 21:26:45.119] TCOMMS: Eversonblr/(Miguel Hastings) [BOS] (spans:  ) "Tmao em ataque" (language: Galactic Common) (Brotherhood of Steel 1st Floor Offices (241, 209, 3))
[2021-05-22 21:27:29.950] TCOMMS: goldencatc/(Roscoe Rowley) [BOS] (spans:  ) "Estou aqui fora." (language: Galactic Common) (Wasteland (156, 218, 2))
[2021-05-22 21:27:32.844] TCOMMS: goldencatc/(Roscoe Rowley) [BOS] (spans:  ) "Na espreita." (language: Galactic Common) (Wasteland (156, 218, 2))
[2021-05-22 21:27:47.355] TCOMMS: dantesousa/(Declan Smith) [BOS] (spans:  ) "Vem para dentro." (language: Galactic Common) (Brotherhood of Steel 1st Floor Offices (240, 208, 3))
[2021-05-22 21:27:52.687] TCOMMS: Eversonblr/(Miguel Hastings) [BOS] (spans:  ) "Eles ja tão aque dentro" (language: Galactic Common) (Brotherhood of Steel 1st Floor Offices (241, 209, 3))
[2021-05-22 21:29:00.372] TCOMMS: sondtheanime/(River Wilkerson) [BOS] (spans:  yell ) "AJUDA!!" (language: Galactic Common) (Brotherhood of Steel 1st Floor Offices (237, 250, 3))
[2021-05-22 21:29:08.615] TCOMMS: sondtheanime/(River Wilkerson) [BOS] (spans:  ) "INIMIGO DENTRO DA BASE" (language: Galactic Common) (Brotherhood of Steel 1st Floor Offices (237, 250, 3))
[2021-05-22 21:31:13.874] TCOMMS: goldencatc/(Eliot Zimmer) [BOS] (spans:  ) "SOCORRO" (language: Galactic Common) (Brotherhood of Steel Operations Department (236, 230, 3))
[2021-05-22 21:34:06.908] TCOMMS: sondtheanime/(Wesley Aultman) [BOS] (spans:  ) "ALO?" (language: Galactic Common) (Brotherhood of Steel Operations Department (232, 219, 3))
[2021-05-22 21:37:24.351] TCOMMS: goldencatc/(Kingston Power) [Common] (spans:  ) "Cade a NCR?" (language: Galactic Common) (Brotherhood of Steel Operations Department (223, 220, 3))
[2021-05-22 21:37:32.253] TCOMMS: goldencatc/(Kingston Power) [Common] (spans:  ) "Seus cusões do caralho." (language: Galactic Common) (Brotherhood of Steel Operations Department (224, 223, 3))
[2021-05-22 21:40:00.705] TCOMMS: XXLucasWesleyXx/(Will Riker) [NCR] (spans:  ) "Podem informar oque está acontecendo?" (language: Galactic Common) (Wasteland (46, 225, 2))
[2021-05-22 21:40:06.014] TCOMMS: sondtheanime/(Wesley Aultman) [BOS] (spans:  ) "Head paladine?" (language: Galactic Common) (Brotherhood of Steel Operations Department (231, 225, 3))
[2021-05-22 21:40:42.089] TCOMMS: eversonblr/(Ian Huey) [BOS] (spans:  ) "Corrier cade tu" (language: Galactic Common) (Brotherhood of Steel Operations Department (231, 227, 3))
[2021-05-22 21:42:42.835] TCOMMS: Kaduh/(Erika Miller) [Common] (spans:  ) "Ué ja?" (language: Galactic Common) (Followers of the Apocalypse (96, 54, 2))
[2021-05-22 21:44:13.880] TCOMMS: AlexAlbright/(Alex Magnus Primeiro) [Common] (spans:  yell ) "Oasis abre ai!!!" (language: Galactic Common) (Wasteland (56, 51, 2))
[2021-05-22 21:45:21.334] TCOMMS: dantesousa/(Declan Smith) [BOS] (spans:  ) "Makenna estava aqui." (language: Galactic Common) (Brotherhood of Steel Operations Department (250, 229, 3))
[2021-05-22 21:45:29.754] TCOMMS: dantesousa/(Declan Smith) [BOS] (spans:  ) "Ela saiu da base agora." (language: Galactic Common) (Brotherhood of Steel Operations Department (250, 229, 3))
[2021-05-22 21:47:49.595] TCOMMS: goldencatc/(Giorno Giovanna II) [Legion] (spans:  ) "Olá?" (language: Galactic Common) (Legion (223, 37, 2))
[2021-05-22 21:51:11.449] TCOMMS: XXLucasWesleyXx/(Will Riker) [NCR] (spans:  ) "Alguém aqui nesse canal de rádio?" (language: Galactic Common) (Building (247, 211, 2))
[2021-05-22 21:52:52.669] TCOMMS: Shirozinha/(Tio Osso) [NCR] (spans:  ) "Alguem na escuta?" (language: Galactic Common) (Wasteland (235, 236, 2))
[2021-05-22 21:53:43.161] TCOMMS: AlexAlbright/(Alex Magnus Primeiro) [Legion] (spans:  ) "Só tem eu né?" (language: Galactic Common) (Wasteland (120, 83, 2))
[2021-05-22 21:56:46.479] TCOMMS: Dantesousa/(Declan Smith) [BOS] (spans:  ) "Alguém ai?" (language: Galactic Common) (Brotherhood of Steel (137, 237, 2))
[2021-05-22 21:56:56.022] TCOMMS: sondtheanime/(Wesley Aultman) [BOS] (spans:  ) "Sim, estou na estação de trem" (language: Galactic Common) (Wasteland (244, 225, 2))
[2021-05-22 21:57:04.643] TCOMMS: Dantesousa/(Declan Smith) [BOS] (spans:  ) "Onde se encontra isso?" (language: Galactic Common) (Brotherhood of Steel (138, 233, 2))
[2021-05-22 21:57:41.770] TCOMMS: sondtheanime/(Wesley Aultman) [BOS] (spans:  ) "Sai da base, pega a direita vai até a proxima esquina" (language: Galactic Common) (Building (245, 219, 2))
[2021-05-22 21:57:44.370] TCOMMS: sondtheanime/(Wesley Aultman) [BOS] (spans:  ) "E sobe tudo" (language: Galactic Common) (Building (245, 219, 2))
[2021-05-22 21:57:49.325] TCOMMS: XXLucasWesleyXx/(Will Riker) [NCR] (spans:  ) "Alguém da ncr ai?" (language: Galactic Common) (Wasteland (244, 228, 2))
[2021-05-22 21:57:55.347] TCOMMS: Shirozinha/(Tio Osso) [NCR] (spans:  ) "Eu" (language: Galactic Common) (Wasteland (203, 185, 2))
[2021-05-22 21:58:19.079] TCOMMS: XXLucasWesleyXx/(Will Riker) [NCR] (spans:  ) "Ah, que bom achei que estava sozinho aqui" (language: Galactic Common) (Wasteland (244, 228, 2))
[2021-05-22 21:58:36.046] TCOMMS: XXLucasWesleyXx/(Will Riker) [NCR] (spans:  ) "Sabe qual é a situação que a gente se encontra agora?" (language: Galactic Common) (Wasteland (244, 228, 2))
[2021-05-22 21:58:42.458] TCOMMS: Shirozinha/(Tio Osso) [NCR] (spans:  ) "Nah" (language: Galactic Common) (Wasteland (246, 226, 2))
