[2021-05-25 15:12:54.329] ASSET: Sending asset `tgui-common.chunk.js` to client `Kosolov325` as `tgui-common.chunk.js`
[2021-05-25 15:12:54.330] ASSET: Sending asset `tgui-panel.bundle.js` to client `Kosolov325` as `tgui-panel.bundle.js`
[2021-05-25 15:12:54.330] ASSET: Sending asset `tgui-panel.bundle.css` to client `Kosolov325` as `tgui-panel.bundle.css`
[2021-05-25 15:13:05.895] ASSET: Sending asset `padlock.png` to client `Kosolov325` as `padlock.png`
[2021-05-25 15:13:05.895] ASSET: Sending asset `common.css` to client `Kosolov325` as `asset.0860cded2abd3cfbf9ba06ae1cfa18fb.css`
[2021-05-25 15:13:05.940] ASSET: Sending asset `fa-regular-400.eot` to client `Kosolov325` as `fa-regular-400.eot`
[2021-05-25 15:13:05.940] ASSET: Sending asset `fa-regular-400.woff` to client `Kosolov325` as `fa-regular-400.woff`
[2021-05-25 15:13:05.940] ASSET: Sending asset `fa-solid-900.eot` to client `Kosolov325` as `fa-solid-900.eot`
[2021-05-25 15:13:05.940] ASSET: Sending asset `fa-solid-900.woff` to client `Kosolov325` as `fa-solid-900.woff`
[2021-05-25 15:13:05.940] ASSET: Sending asset `font-awesome.css` to client `Kosolov325` as `font-awesome.css`
[2021-05-25 15:13:05.940] ASSET: Sending asset `v4shim.css` to client `Kosolov325` as `v4shim.css`
[2021-05-25 15:13:05.941] ASSET: Sending asset `spritesheet_chat.css` to client `Kosolov325` as `asset.e85d1081d7103b09a2e492fa24dbd97b.css`
[2021-05-25 15:13:05.941] ASSET: Sending asset `chat_16x16.png` to client `Kosolov325` as `asset.253bbc52a19928fa3bb250b9d2a425c6.png`
[2021-05-25 15:13:05.941] ASSET: Sending asset `chat_32x32.png` to client `Kosolov325` as `asset.9fb3455e39c1c40b9eb331534ba43cf4.png`
[2021-05-25 15:13:07.973] ASSET: Sending asset `jquery.min.js` to client `Kosolov325` as `jquery.min.js`
[2021-05-25 15:18:25.439] ASSET: Sending asset `tgui-common.chunk.js` to client `SondTheAnime` as `tgui-common.chunk.js`
[2021-05-25 15:18:25.439] ASSET: Sending asset `tgui-panel.bundle.js` to client `SondTheAnime` as `tgui-panel.bundle.js`
[2021-05-25 15:18:25.439] ASSET: Sending asset `tgui-panel.bundle.css` to client `SondTheAnime` as `tgui-panel.bundle.css`
[2021-05-25 15:18:36.213] ASSET: Sending asset `padlock.png` to client `SondTheAnime` as `padlock.png`
[2021-05-25 15:18:36.213] ASSET: Sending asset `common.css` to client `SondTheAnime` as `asset.0860cded2abd3cfbf9ba06ae1cfa18fb.css`
[2021-05-25 15:18:36.317] ASSET: Sending asset `fa-regular-400.eot` to client `SondTheAnime` as `fa-regular-400.eot`
[2021-05-25 15:18:36.317] ASSET: Sending asset `fa-regular-400.woff` to client `SondTheAnime` as `fa-regular-400.woff`
[2021-05-25 15:18:36.317] ASSET: Sending asset `fa-solid-900.eot` to client `SondTheAnime` as `fa-solid-900.eot`
[2021-05-25 15:18:36.317] ASSET: Sending asset `fa-solid-900.woff` to client `SondTheAnime` as `fa-solid-900.woff`
[2021-05-25 15:18:36.317] ASSET: Sending asset `font-awesome.css` to client `SondTheAnime` as `font-awesome.css`
[2021-05-25 15:18:36.317] ASSET: Sending asset `v4shim.css` to client `SondTheAnime` as `v4shim.css`
[2021-05-25 15:18:36.318] ASSET: Sending asset `spritesheet_chat.css` to client `SondTheAnime` as `asset.e85d1081d7103b09a2e492fa24dbd97b.css`
[2021-05-25 15:18:36.318] ASSET: Sending asset `chat_16x16.png` to client `SondTheAnime` as `asset.253bbc52a19928fa3bb250b9d2a425c6.png`
[2021-05-25 15:18:36.318] ASSET: Sending asset `chat_32x32.png` to client `SondTheAnime` as `asset.9fb3455e39c1c40b9eb331534ba43cf4.png`
[2021-05-25 15:18:42.072] ASSET: Sending asset `jquery.min.js` to client `SondTheAnime` as `jquery.min.js`
[2021-05-25 15:20:00.256] ASSET: Sending asset `tgui-common.chunk.js` to client `Jhonatan lima` as `tgui-common.chunk.js`
[2021-05-25 15:20:00.256] ASSET: Sending asset `tgui-panel.bundle.js` to client `Jhonatan lima` as `tgui-panel.bundle.js`
[2021-05-25 15:20:00.256] ASSET: Sending asset `tgui-panel.bundle.css` to client `Jhonatan lima` as `tgui-panel.bundle.css`
[2021-05-25 15:20:07.812] ASSET: Sending asset `padlock.png` to client `Jhonatan lima` as `padlock.png`
[2021-05-25 15:20:07.812] ASSET: Sending asset `common.css` to client `Jhonatan lima` as `asset.0860cded2abd3cfbf9ba06ae1cfa18fb.css`
[2021-05-25 15:20:07.813] ASSET: Sending asset `fa-regular-400.eot` to client `Jhonatan lima` as `fa-regular-400.eot`
[2021-05-25 15:20:07.813] ASSET: Sending asset `fa-regular-400.woff` to client `Jhonatan lima` as `fa-regular-400.woff`
[2021-05-25 15:20:07.813] ASSET: Sending asset `fa-solid-900.eot` to client `Jhonatan lima` as `fa-solid-900.eot`
[2021-05-25 15:20:07.813] ASSET: Sending asset `fa-solid-900.woff` to client `Jhonatan lima` as `fa-solid-900.woff`
[2021-05-25 15:20:07.813] ASSET: Sending asset `font-awesome.css` to client `Jhonatan lima` as `font-awesome.css`
[2021-05-25 15:20:07.813] ASSET: Sending asset `v4shim.css` to client `Jhonatan lima` as `v4shim.css`
[2021-05-25 15:20:07.813] ASSET: Sending asset `spritesheet_chat.css` to client `Jhonatan lima` as `asset.e85d1081d7103b09a2e492fa24dbd97b.css`
[2021-05-25 15:20:07.813] ASSET: Sending asset `chat_16x16.png` to client `Jhonatan lima` as `asset.253bbc52a19928fa3bb250b9d2a425c6.png`
[2021-05-25 15:20:07.813] ASSET: Sending asset `chat_32x32.png` to client `Jhonatan lima` as `asset.9fb3455e39c1c40b9eb331534ba43cf4.png`
[2021-05-25 15:20:09.231] ASSET: Sending asset `jquery.min.js` to client `Jhonatan lima` as `jquery.min.js`
[2021-05-25 15:20:28.491] ASSET: Sending asset `playeroptions.css` to client `SondTheAnime` as `asset.30872c7daa2d65e38f92772e971bf109.css`
[2021-05-25 15:20:48.003] ASSET: Sending asset `tgui-common.chunk.js` to client `Kosolov325` as `tgui-common.chunk.js`
[2021-05-25 15:20:48.003] ASSET: Sending asset `tgui-panel.bundle.js` to client `Kosolov325` as `tgui-panel.bundle.js`
[2021-05-25 15:20:48.003] ASSET: Sending asset `tgui-panel.bundle.css` to client `Kosolov325` as `tgui-panel.bundle.css`
[2021-05-25 15:20:56.765] ASSET: Sending asset `padlock.png` to client `Kosolov325` as `padlock.png`
[2021-05-25 15:20:56.765] ASSET: Sending asset `common.css` to client `Kosolov325` as `asset.0860cded2abd3cfbf9ba06ae1cfa18fb.css`
[2021-05-25 15:20:56.832] ASSET: Sending asset `fa-regular-400.eot` to client `Kosolov325` as `fa-regular-400.eot`
[2021-05-25 15:20:56.832] ASSET: Sending asset `fa-regular-400.woff` to client `Kosolov325` as `fa-regular-400.woff`
[2021-05-25 15:20:56.832] ASSET: Sending asset `fa-solid-900.eot` to client `Kosolov325` as `fa-solid-900.eot`
[2021-05-25 15:20:56.832] ASSET: Sending asset `fa-solid-900.woff` to client `Kosolov325` as `fa-solid-900.woff`
[2021-05-25 15:20:56.832] ASSET: Sending asset `font-awesome.css` to client `Kosolov325` as `font-awesome.css`
[2021-05-25 15:20:56.832] ASSET: Sending asset `v4shim.css` to client `Kosolov325` as `v4shim.css`
[2021-05-25 15:20:56.832] ASSET: Sending asset `spritesheet_chat.css` to client `Kosolov325` as `asset.e85d1081d7103b09a2e492fa24dbd97b.css`
[2021-05-25 15:20:56.833] ASSET: Sending asset `chat_16x16.png` to client `Kosolov325` as `asset.253bbc52a19928fa3bb250b9d2a425c6.png`
[2021-05-25 15:20:56.833] ASSET: Sending asset `chat_32x32.png` to client `Kosolov325` as `asset.9fb3455e39c1c40b9eb331534ba43cf4.png`
[2021-05-25 15:20:59.406] ASSET: Sending asset `jquery.min.js` to client `Kosolov325` as `jquery.min.js`
[2021-05-25 15:22:12.231] ASSET: Sending asset `playeroptions.css` to client `Kosolov325` as `asset.30872c7daa2d65e38f92772e971bf109.css`
[2021-05-25 15:23:32.604] ASSET: Sending asset `asset.74eaa643bcdae3e5b7113c2889b9f5ff.png` to client `SondTheAnime` as `asset.6759ccaf1681e1d10cc2ab7f9d156d73.png`
[2021-05-25 15:23:34.406] ASSET: Sending asset `asset.701e17c22898d70c6172b005ca3d0f32.png` to client `SondTheAnime` as `asset.4f3d97e1980d2f128e6b3da29b57a2bd.png`
[2021-05-25 15:23:36.122] ASSET: Sending asset `asset.b3414ee2b0bcc064ff26ccb3e14cde1b.png` to client `SondTheAnime` as `asset.744afc80f65765e402d4c56bad7d2f77.png`
[2021-05-25 15:23:40.234] ASSET: Sending asset `asset.5b2605079ee0000d79363b9ce866fc2f.png` to client `SondTheAnime` as `asset.d98726e327c1d7378d665a7a178b994d.png`
[2021-05-25 15:23:53.637] ASSET: Sending asset `asset.45eecaeb3aec9e66fc2ebbf9bc258ba2.png` to client `SondTheAnime` as `asset.7121c326bd20daef42f1664dfa7b9e4a.png`
[2021-05-25 15:23:55.577] ASSET: Sending asset `asset.7872ae30ffd51e854c6c516a8c86312a.png` to client `SondTheAnime` as `asset.7bba25bb15182027bd4845e2d259ca4d.png`
