[2021-05-25 15:05:42.704] Starting up round ID .
 - -------------------------
[2021-05-25 15:18:31.176] ATTACK: *no key*/(super mutant) has fired at *no key*/(giant radscorpion) with [.308 bullet] from Bunker (NEWHP: 138)  (Bunker (49, 248, 4))
[2021-05-25 15:18:31.228] ATTACK: *no key*/(mother deathclaw) has attacked *no key*/(molerat) (NEWHP: 17)  (Bunker (19, 118, 3))
[2021-05-25 15:18:31.410] ATTACK: *no key*/(super mutant) has shot *no key*/(giant radscorpion) with [.308 bullet] (NEWHP: 101)  (Bunker (49, 248, 4))
[2021-05-25 15:18:35.450] ATTACK: *no key*/(super mutant) has fired at *no key*/(giant radscorpion) with [.308 bullet] from Bunker (NEWHP: 97)  (Bunker (49, 248, 4))
[2021-05-25 15:18:35.463] ATTACK: *no key*/(super mutant) has attacked *no key*/(giant radscorpion) (NEWHP: 97)  (Bunker (53, 246, 4))
[2021-05-25 15:18:35.490] ATTACK: *no key*/(giant radscorpion) has attacked *no key*/(super mutant) (NEWHP: 284)  (Bunker (52, 247, 4))
[2021-05-25 15:18:35.496] ATTACK: *no key*/(molerat) has attacked *no key*/(deathclaw) (NEWHP: 710)  (Tunnel (26, 120, 3))
[2021-05-25 15:18:35.499] ATTACK: *no key*/(deathclaw) has attacked *no key*/(molerat) (NEWHP: 9)  (Tunnel (25, 120, 3))
[2021-05-25 15:18:35.509] ATTACK: *no key*/(big horner) has attacked *no key*/(big horner) (NEWHP: 104)  (Wasteland (175, 16, 2))
[2021-05-25 15:18:35.511] ATTACK: *no key*/(big horner) has attacked *no key*/(big horner) (NEWHP: 104)  (Wasteland (140, 10, 2))
[2021-05-25 15:18:35.582] ATTACK: *no key*/(super mutant) has shot *no key*/(giant radscorpion) with [.308 bullet] (NEWHP: 5)  (Bunker (48, 249, 4))
[2021-05-25 15:18:41.371] ATTACK: *no key*/(big horner) has attacked *no key*/(big horner) (NEWHP: 104)  (Wasteland (176, 16, 2))
[2021-05-25 15:18:41.402] ATTACK: *no key*/(super mutant) has fired at *no key*/(giant radscorpion) with [.308 bullet] from Bunker (NEWHP: 1)  (Bunker (49, 248, 4))
[2021-05-25 15:18:41.404] ATTACK: *no key*/(super mutant) has attacked *no key*/(giant radscorpion) (NEWHP: 1)  (Bunker (53, 246, 4))
[2021-05-25 15:18:41.425] ATTACK: *no key*/(big horner) has attacked *no key*/(big horner) (NEWHP: 79)  (Wasteland (175, 16, 2))
[2021-05-25 15:18:41.450] ATTACK: *no key*/(big horner) has attacked *no key*/(big horner) (NEWHP: 79)  (Wasteland (140, 10, 2))
[2021-05-25 15:18:41.452] ATTACK: *no key*/(big horner) has attacked *no key*/(big horner) (NEWHP: 104)  (Wasteland (140, 9, 2))
[2021-05-25 15:18:41.544] ATTACK: *no key*/(super mutant) has shot *no key*/(giant radscorpion) with [.308 bullet] (NEWHP: 0)  (Bunker (49, 248, 4))
[2021-05-25 15:18:43.503] ATTACK: *no key*/(big horner) has attacked *no key*/(big horner) (NEWHP: 78)  (Wasteland (176, 16, 2))
[2021-05-25 15:18:43.548] ATTACK: *no key*/(big horner) has attacked *no key*/(big horner) (NEWHP: 52)  (Wasteland (175, 16, 2))
[2021-05-25 15:18:43.551] ATTACK: *no key*/(big horner) has attacked *no key*/(big horner) (NEWHP: 52)  (Wasteland (140, 10, 2))
[2021-05-25 15:18:45.866] ATTACK: *no key*/(big horner) has attacked *no key*/(big horner) (NEWHP: 50)  (Wasteland (176, 16, 2))
[2021-05-25 15:18:45.899] ATTACK: *no key*/(big horner) has attacked *no key*/(big horner) (NEWHP: 25)  (Wasteland (140, 10, 2))
[2021-05-25 15:18:45.905] ATTACK: *no key*/(big horner) has attacked *no key*/(big horner) (NEWHP: 74)  (Wasteland (141, 9, 2))
[2021-05-25 15:18:48.081] ATTACK: *no key*/(big horner) has attacked *no key*/(big horner) (NEWHP: 25)  (Wasteland (176, 16, 2))
[2021-05-25 15:18:48.124] ATTACK: *no key*/(big horner) has attacked *no key*/(big horner) (NEWHP: 1)  (Wasteland (140, 10, 2))
[2021-05-25 15:18:49.974] ATTACK: *no key*/(cazador) has attacked *no key*/(feral dog) (NEWHP: 32)  (Wasteland (181, 102, 2))
[2021-05-25 15:18:50.013] ATTACK: *no key*/(feral dog) has attacked *no key*/(cazador) (NEWHP: 12)  (Wasteland (180, 102, 2))
[2021-05-25 15:18:54.283] ATTACK: *no key*/(big horner) has attacked *no key*/(big horner) (NEWHP: 37)  (Wasteland (142, 10, 2))
[2021-05-25 15:18:54.380] ATTACK: *no key*/(big horner) has attacked *no key*/(big horner) (NEWHP: 84)  (Wasteland (141, 9, 2))
[2021-05-25 15:18:56.336] ATTACK: *no key*/(super mutant) has fired at *no key*/(giant radscorpion) with [.308 bullet] from Bunker (NEWHP: 110)  (Bunker (52, 247, 4))
[2021-05-25 15:18:56.350] ATTACK: *no key*/(big horner) has attacked *no key*/(big horner) (NEWHP: 9)  (Wasteland (142, 10, 2))
[2021-05-25 15:18:56.360] ATTACK: *no key*/(super mutant) has attacked *no key*/(giant radscorpion) (NEWHP: 110)  (Bunker (54, 245, 4))
[2021-05-25 15:18:56.364] ATTACK: *no key*/(giant radscorpion) has attacked *no key*/(super mutant) (NEWHP: 225)  (Bunker (53, 245, 4))
[2021-05-25 15:18:58.324] ATTACK: *no key*/(super mutant) has attacked *no key*/(giant radscorpion) (NEWHP: 55)  (Bunker (53, 244, 4))
[2021-05-25 15:18:58.354] ATTACK: *no key*/(super mutant) has attacked *no key*/(giant radscorpion) (NEWHP: 10)  (Bunker (54, 245, 4))
[2021-05-25 15:19:04.207] ATTACK: *no key*/(super mutant) has fired at *no key*/(giant radscorpion) with [.308 bullet] from Bunker (NEWHP: 94)  (Bunker (50, 247, 4))
[2021-05-25 15:19:06.081] ATTACK: *no key*/(super mutant) has attacked *no key*/(giant radscorpion) (NEWHP: 90)  (Bunker (39, 245, 4))
[2021-05-25 15:19:06.083] ATTACK: *no key*/(giant radscorpion) has attacked *no key*/(super mutant) (NEWHP: 240)  (Bunker (39, 244, 4))
[2021-05-25 15:19:07.885] ATTACK: *no key*/(super mutant) has attacked *no key*/(giant radscorpion) (NEWHP: 32)  (Bunker (40, 245, 4))
[2021-05-25 15:19:09.735] ATTACK: *no key*/(giant radscorpion) has attacked *no key*/(super mutant) (NEWHP: 197)  (Bunker (39, 244, 4))
[2021-05-25 15:19:09.748] ATTACK: *no key*/(super mutant) has attacked *no key*/(giant radscorpion) (NEWHP: 82)  (Bunker (40, 245, 4))
[2021-05-25 15:19:09.750] ATTACK: *no key*/(super mutant) has attacked *no key*/(giant radscorpion) (NEWHP: 34)  (Bunker (39, 245, 4))
[2021-05-25 15:19:20.754] ATTACK: *no key*/(legendary super mutant) has attacked *no key*/(protectron) (NEWHP: 160)  (Bunker (228, 244, 4))
[2021-05-25 15:19:22.270] ATTACK: *no key*/(protectron) has attacked *no key*/(super mutant) (NEWHP: 212)  (Bunker (228, 244, 4))
[2021-05-25 15:19:22.321] ATTACK: *no key*/(legendary super mutant) has attacked *no key*/(protectron) (NEWHP: 94)  (Bunker (228, 243, 4))
[2021-05-25 15:19:22.333] ATTACK: *no key*/(super mutant) has attacked *no key*/(protectron) (NEWHP: 30)  (Bunker (228, 245, 4))
[2021-05-25 15:19:33.674] ATTACK: *no key*/(super mutant) has attacked *no key*/(giant radscorpion) (NEWHP: 38)  (Bunker (53, 240, 4))
[2021-05-25 15:19:37.577] ATTACK: *no key*/(giant radscorpion) has attacked *no key*/(super mutant) (NEWHP: 110)  (Bunker (53, 239, 4))
[2021-05-25 15:19:37.602] ATTACK: *no key*/(giant radscorpion) has attacked *no key*/(super mutant) (NEWHP: 75)  (Bunker (52, 239, 4))
[2021-05-25 15:19:37.604] ATTACK: *no key*/(super mutant) has attacked *no key*/(giant radscorpion) (NEWHP: 30)  (Bunker (53, 240, 4))
[2021-05-25 15:19:39.329] ATTACK: *no key*/(giant radscorpion) has attacked *no key*/(super mutant) (NEWHP: 40)  (Bunker (53, 239, 4))
[2021-05-25 15:19:41.268] ATTACK: *no key*/(giant radscorpion) has attacked *no key*/(super mutant) (NEWHP: 1)  (Bunker (53, 239, 4))
[2021-05-25 15:19:43.104] ATTACK: *no key*/(super mutant) has attacked *no key*/(giant radscorpion) (NEWHP: 22)  (Bunker (53, 240, 4))
[2021-05-25 15:19:50.226] ATTACK: *no key*/(giant radscorpion) has attacked *no key*/(super mutant) (NEWHP: 156)  (Bunker (50, 239, 4))
[2021-05-25 15:19:50.227] ATTACK: *no key*/(super mutant) has attacked *no key*/(giant radscorpion) (NEWHP: 6)  (Bunker (51, 239, 4))
[2021-05-25 15:19:53.707] ATTACK: *no key*/(giant radscorpion) has attacked *no key*/(super mutant) (NEWHP: 117)  (Bunker (50, 239, 4))
[2021-05-25 15:19:53.712] ATTACK: *no key*/(super mutant) has attacked *no key*/(giant radscorpion) (NEWHP: 2)  (Bunker (51, 239, 4))
[2021-05-25 15:20:21.721] ATTACK: *no key*/(super mutant) has fired at *no key*/(mr. gutsy) with [.308 bullet] from Bunker (NEWHP: 200)  (Bunker (64, 228, 4))
[2021-05-25 15:20:21.747] ATTACK: *no key*/(super mutant) has shot *no key*/(super mutant) with [.308 bullet] (NEWHP: 55)  (Bunker (64, 228, 4))
