[2021-05-25 15:05:42.704] Starting up round ID .
 - -------------------------
[2021-05-25 15:13:09.383] HREF: Kosolov325 (usr:Kosolov325[(180,247,1)]) : tgui=1&window_id=browseroutput&type=ready
[2021-05-25 15:13:09.996] HREF: Kosolov325 (usr:Kosolov325[(180,247,1)]) : tgui=1&window_id=browseroutput&type=ping&payload=%7B%22index%22%3A0%7D
[2021-05-25 15:13:12.572] HREF: Kosolov325 (usr:Kosolov325[(180,247,1)]) : tgui=1&window_id=browseroutput&type=telemetry&payload=%7B%22connections%22%3A%5B%7B%22ckey%22%3A%22kosolov325%22%2C%22address%22%3A%22187.19.213.74%22%2C%22computer_id%22%3A%22540227776%22%7D%2C%7B%22ckey%22%3A%22kosolov325%22%2C%22address%22%3A%22187.19.213.50%22%2C%22computer_id%22%3A%22540227776%22%7D%2C%7B%22ckey%22%3A%22kosolov325%22%2C%22address%22%3A%22187.19.213.146%22%2C%22computer_id%22%3A%22540227776%22%7D%2C%7B%22ckey%22%3A%22kosolov325%22%2C%22address%22%3A%22187.19.213.2%22%2C%22computer_id%22%3A%22540227776%22%7D%2C%7B%22ckey%22%3A%22kosolov325%22%2C%22address%22%3A%22187.19.213.170%22%2C%22computer_id%22%3A%22540227776%22%7D%5D%7D
[2021-05-25 15:13:12.785] HREF: Kosolov325 (usr:Kosolov325[(180,247,1)]) : tgui=1&window_id=browseroutput&type=ping&payload=%7B%22index%22%3A1%7D
[2021-05-25 15:13:15.395] HREF: Kosolov325 (usr:Kosolov325[(180,247,1)]) : asset_cache_preload_data=%7B%22tgui-common.chunk.js%22%3A%22e3cc0789f56d9f18bdf66307c4008b40%22%2C%22tgui-panel.bundle.js%22%3A%229faa9bf7e314ef05529e6a4a8785af54%22%2C%22tgui-panel.bundle.css%22%3A%22c3ff98002b61d02d18f71f2a310a654d%22%7D
[2021-05-25 15:13:15.395] HREF: Kosolov325 (usr:Kosolov325[(180,247,1)]) : tgui=1&window_id=browseroutput&type=ping&payload=%7B%22index%22%3A2%7D
[2021-05-25 15:13:15.872] HREF: Kosolov325 (usr:Kosolov325[(180,247,1)]) : 
[2021-05-25 15:13:15.872] HREF: Kosolov325 (usr:Kosolov325[(180,247,1)]) : 
[2021-05-25 15:13:17.897] HREF: Kosolov325 (usr:Kosolov325[(180,247,1)]) : tgui=1&window_id=browseroutput&type=ping&payload=%7B%22index%22%3A3%7D
[2021-05-25 15:13:20.414] HREF: Kosolov325 (usr:Kosolov325[(180,247,1)]) : tgui=1&window_id=browseroutput&type=ping&payload=%7B%22index%22%3A4%7D
[2021-05-25 15:13:22.943] HREF: Kosolov325 (usr:Kosolov325[(180,247,1)]) : tgui=1&window_id=browseroutput&type=ping&payload=%7B%22index%22%3A5%7D
[2021-05-25 15:13:25.452] HREF: Kosolov325 (usr:Kosolov325[(180,247,1)]) : tgui=1&window_id=browseroutput&type=ping&payload=%7B%22index%22%3A6%7D
[2021-05-25 15:13:27.959] HREF: Kosolov325 (usr:Kosolov325[(180,247,1)]) : tgui=1&window_id=browseroutput&type=ping&payload=%7B%22index%22%3A7%7D
[2021-05-25 15:13:30.485] HREF: Kosolov325 (usr:Kosolov325[(180,247,1)]) : tgui=1&window_id=browseroutput&type=ping&payload=%7B%22index%22%3A0%7D
[2021-05-25 15:13:32.986] HREF: Kosolov325 (usr:Kosolov325[(180,247,1)]) : tgui=1&window_id=browseroutput&type=ping&payload=%7B%22index%22%3A1%7D
[2021-05-25 15:13:35.485] HREF: Kosolov325 (usr:Kosolov325[(180,247,1)]) : tgui=1&window_id=browseroutput&type=ping&payload=%7B%22index%22%3A2%7D
[2021-05-25 15:13:37.986] HREF: Kosolov325 (usr:Kosolov325[(180,247,1)]) : tgui=1&window_id=browseroutput&type=ping&payload=%7B%22index%22%3A3%7D
[2021-05-25 15:13:40.501] HREF: Kosolov325 (usr:Kosolov325[(180,247,1)]) : tgui=1&window_id=browseroutput&type=ping&payload=%7B%22index%22%3A4%7D
[2021-05-25 15:13:43.024] HREF: Kosolov325 (usr:Kosolov325[(180,247,1)]) : tgui=1&window_id=browseroutput&type=ping&payload=%7B%22index%22%3A5%7D
[2021-05-25 15:18:57.766] HREF: SondTheAnime (usr:SondTheAnime[(180,247,1)]) : tgui=1&window_id=browseroutput&type=ready
[2021-05-25 15:18:58.283] HREF: SondTheAnime (usr:SondTheAnime[(180,247,1)]) : asset_cache_preload_data=%7B%22tgui-common.chunk.js%22%3A%22e3cc0789f56d9f18bdf66307c4008b40%22%2C%22tgui-panel.bundle.js%22%3A%229faa9bf7e314ef05529e6a4a8785af54%22%2C%22tgui-panel.bundle.css%22%3A%22c3ff98002b61d02d18f71f2a310a654d%22%7D
[2021-05-25 15:18:59.229] HREF: SondTheAnime (usr:SondTheAnime[(180,247,1)]) : tgui=1&window_id=browseroutput&type=ping&payload=%7B%22index%22%3A0%7D
[2021-05-25 15:19:04.285] HREF: SondTheAnime (usr:SondTheAnime[(180,247,1)]) : tgui=1&window_id=browseroutput&type=telemetry&payload=%7B%22connections%22%3A%5B%7B%22ckey%22%3A%22sondtheanime%22%2C%22address%22%3A%22189.105.205.47%22%2C%22computer_id%22%3A%223368118495%22%7D%2C%7B%22ckey%22%3A%22guest2368659242%22%2C%22address%22%3A%22127.0.0.1%22%2C%22computer_id%22%3A%222368659242%22%7D%2C%7B%22ckey%22%3A%22sondtheanime%22%2C%22address%22%3A%22127.0.0.1%22%2C%22computer_id%22%3A%222368659242%22%7D%2C%7B%22ckey%22%3A%22sondtheanime%22%2C%22address%22%3A%22189.105.205.47%22%2C%22computer_id%22%3A%222368659242%22%7D%5D%7D
[2021-05-25 15:19:04.285] HREF: SondTheAnime (usr:SondTheAnime[(180,247,1)]) : 
[2021-05-25 15:19:05.241] HREF: SondTheAnime (usr:SondTheAnime[(180,247,1)]) : 
[2021-05-25 15:19:05.914] HREF: SondTheAnime (usr:SondTheAnime[(180,247,1)]) : tgui=1&window_id=browseroutput&type=ping&payload=%7B%22index%22%3A1%7D
[2021-05-25 15:19:08.404] HREF: SondTheAnime (usr:SondTheAnime[(180,247,1)]) : tgui=1&window_id=browseroutput&type=ping&payload=%7B%22index%22%3A2%7D
[2021-05-25 15:19:11.012] HREF: SondTheAnime (usr:SondTheAnime[(180,247,1)]) : tgui=1&window_id=browseroutput&type=ping&payload=%7B%22index%22%3A3%7D
[2021-05-25 15:19:13.611] HREF: SondTheAnime (usr:SondTheAnime[(180,247,1)]) : tgui=1&window_id=browseroutput&type=ping&payload=%7B%22index%22%3A4%7D
[2021-05-25 15:19:16.307] HREF: SondTheAnime (usr:SondTheAnime[(180,247,1)]) : tgui=1&window_id=browseroutput&type=ping&payload=%7B%22index%22%3A5%7D
[2021-05-25 15:19:18.882] HREF: SondTheAnime (usr:SondTheAnime[(180,247,1)]) : tgui=1&window_id=browseroutput&type=ping&payload=%7B%22index%22%3A6%7D
[2021-05-25 15:19:21.419] HREF: SondTheAnime (usr:SondTheAnime[(180,247,1)]) : tgui=1&window_id=browseroutput&type=ping&payload=%7B%22index%22%3A7%7D
[2021-05-25 15:19:23.983] HREF: SondTheAnime (usr:SondTheAnime[(180,247,1)]) : tgui=1&window_id=browseroutput&type=ping&payload=%7B%22index%22%3A0%7D
[2021-05-25 15:19:26.531] HREF: SondTheAnime (usr:SondTheAnime[(180,247,1)]) : tgui=1&window_id=browseroutput&type=ping&payload=%7B%22index%22%3A1%7D
[2021-05-25 15:19:29.035] HREF: SondTheAnime (usr:SondTheAnime[(180,247,1)]) : tgui=1&window_id=browseroutput&type=ping&payload=%7B%22index%22%3A2%7D
[2021-05-25 15:19:31.584] HREF: SondTheAnime (usr:SondTheAnime[(180,247,1)]) : tgui=1&window_id=browseroutput&type=ping&payload=%7B%22index%22%3A3%7D
[2021-05-25 15:19:34.085] HREF: SondTheAnime (usr:SondTheAnime[(180,247,1)]) : tgui=1&window_id=browseroutput&type=ping&payload=%7B%22index%22%3A4%7D
[2021-05-25 15:19:36.584] HREF: SondTheAnime (usr:SondTheAnime[(180,247,1)]) : tgui=1&window_id=browseroutput&type=ping&payload=%7B%22index%22%3A5%7D
[2021-05-25 15:19:39.088] HREF: SondTheAnime (usr:SondTheAnime[(180,247,1)]) : tgui=1&window_id=browseroutput&type=ping&payload=%7B%22index%22%3A6%7D
[2021-05-25 15:19:41.682] HREF: SondTheAnime (usr:SondTheAnime[(180,247,1)]) : tgui=1&window_id=browseroutput&type=ping&payload=%7B%22index%22%3A7%7D
[2021-05-25 15:19:44.219] HREF: SondTheAnime (usr:SondTheAnime[(180,247,1)]) : tgui=1&window_id=browseroutput&type=ping&payload=%7B%22index%22%3A0%7D
[2021-05-25 15:19:46.785] HREF: SondTheAnime (usr:SondTheAnime[(180,247,1)]) : tgui=1&window_id=browseroutput&type=ping&payload=%7B%22index%22%3A1%7D
[2021-05-25 15:19:49.311] HREF: SondTheAnime (usr:SondTheAnime[(180,247,1)]) : tgui=1&window_id=browseroutput&type=ping&payload=%7B%22index%22%3A2%7D
[2021-05-25 15:19:51.833] HREF: SondTheAnime (usr:SondTheAnime[(180,247,1)]) : tgui=1&window_id=browseroutput&type=ping&payload=%7B%22index%22%3A3%7D
[2021-05-25 15:19:54.304] HREF: SondTheAnime (usr:SondTheAnime[(180,247,1)]) : tgui=1&window_id=browseroutput&type=ping&payload=%7B%22index%22%3A4%7D
[2021-05-25 15:19:56.822] HREF: SondTheAnime (usr:SondTheAnime[(180,247,1)]) : tgui=1&window_id=browseroutput&type=ping&payload=%7B%22index%22%3A5%7D
[2021-05-25 15:19:59.328] HREF: SondTheAnime (usr:SondTheAnime[(180,247,1)]) : tgui=1&window_id=browseroutput&type=ping&payload=%7B%22index%22%3A6%7D
[2021-05-25 15:20:01.837] HREF: SondTheAnime (usr:SondTheAnime[(180,247,1)]) : tgui=1&window_id=browseroutput&type=ping&payload=%7B%22index%22%3A7%7D
[2021-05-25 15:20:04.319] HREF: SondTheAnime (usr:SondTheAnime[(180,247,1)]) : tgui=1&window_id=browseroutput&type=ping&payload=%7B%22index%22%3A0%7D
[2021-05-25 15:20:06.877] HREF: SondTheAnime (usr:SondTheAnime[(180,247,1)]) : tgui=1&window_id=browseroutput&type=ping&payload=%7B%22index%22%3A1%7D
[2021-05-25 15:20:09.382] HREF: SondTheAnime (usr:SondTheAnime[(180,247,1)]) : tgui=1&window_id=browseroutput&type=ping&payload=%7B%22index%22%3A2%7D
[2021-05-25 15:20:10.589] HREF: Jhonatan lima (usr:Jhonatan lima[(180,247,1)]) : tgui=1&window_id=browseroutput&type=ready
[2021-05-25 15:20:10.819] HREF: Jhonatan lima (usr:Jhonatan lima[(180,247,1)]) : tgui=1&window_id=browseroutput&type=ping&payload=%7B%22index%22%3A0%7D
[2021-05-25 15:20:11.765] HREF: Jhonatan lima (usr:Jhonatan lima[(180,247,1)]) : tgui=1&window_id=browseroutput&type=telemetry&payload=%7B%22connections%22%3A%5B%7B%22ckey%22%3A%22jhonatanlima%22%2C%22address%22%3A%2245.228.241.134%22%2C%22computer_id%22%3A%22413365667%22%7D%2C%7B%22ckey%22%3A%22jhonatanlima%22%2C%22address%22%3A%2245.228.241.109%22%2C%22computer_id%22%3A%22413365667%22%7D%2C%7B%22ckey%22%3A%22jhonatanlima%22%2C%22address%22%3A%2245.228.241.162%22%2C%22computer_id%22%3A%22413365667%22%7D%2C%7B%22ckey%22%3A%22jhonatanlima%22%2C%22address%22%3A%2245.228.241.210%22%2C%22computer_id%22%3A%22413365667%22%7D%2C%7B%22ckey%22%3A%22jhonatanlima%22%2C%22address%22%3A%2245.228.241.142%22%2C%22computer_id%22%3A%22413365667%22%7D%5D%7D
[2021-05-25 15:20:11.869] HREF: SondTheAnime (usr:SondTheAnime[(180,247,1)]) : tgui=1&window_id=browseroutput&type=ping&payload=%7B%22index%22%3A3%7D
[2021-05-25 15:20:13.384] HREF: Jhonatan lima (usr:Jhonatan lima[(180,247,1)]) : asset_cache_preload_data=%7B%22tgui-common.chunk.js%22%3A%22e3cc0789f56d9f18bdf66307c4008b40%22%2C%22tgui-panel.bundle.js%22%3A%229faa9bf7e314ef05529e6a4a8785af54%22%2C%22tgui-panel.bundle.css%22%3A%22c3ff98002b61d02d18f71f2a310a654d%22%7D
[2021-05-25 15:20:13.384] HREF: Jhonatan lima (usr:Jhonatan lima[(180,247,1)]) : tgui=1&window_id=browseroutput&type=ping&payload=%7B%22index%22%3A1%7D
[2021-05-25 15:20:14.035] HREF: Jhonatan lima (usr:Jhonatan lima[(180,247,1)]) : 
[2021-05-25 15:20:14.035] HREF: Jhonatan lima (usr:Jhonatan lima[(180,247,1)]) : 
[2021-05-25 15:20:14.387] HREF: SondTheAnime (usr:SondTheAnime[(180,247,1)]) : tgui=1&window_id=browseroutput&type=ping&payload=%7B%22index%22%3A4%7D
[2021-05-25 15:20:15.893] HREF: Jhonatan lima (usr:Jhonatan lima[(180,247,1)]) : tgui=1&window_id=browseroutput&type=ping&payload=%7B%22index%22%3A2%7D
[2021-05-25 15:20:16.931] HREF: SondTheAnime (usr:SondTheAnime[(180,247,1)]) : tgui=1&window_id=browseroutput&type=ping&payload=%7B%22index%22%3A5%7D
[2021-05-25 15:20:18.381] HREF: Jhonatan lima (usr:Jhonatan lima[(180,247,1)]) : tgui=1&window_id=browseroutput&type=ping&payload=%7B%22index%22%3A3%7D
[2021-05-25 15:20:19.431] HREF: SondTheAnime (usr:SondTheAnime[(180,247,1)]) : tgui=1&window_id=browseroutput&type=ping&payload=%7B%22index%22%3A6%7D
[2021-05-25 15:20:20.984] HREF: Jhonatan lima (usr:Jhonatan lima[(180,247,1)]) : tgui=1&window_id=browseroutput&type=ping&payload=%7B%22index%22%3A4%7D
[2021-05-25 15:20:21.935] HREF: SondTheAnime (usr:SondTheAnime[(180,247,1)]) : tgui=1&window_id=browseroutput&type=ping&payload=%7B%22index%22%3A7%7D
[2021-05-25 15:20:23.432] HREF: Jhonatan lima (usr:Jhonatan lima[(180,247,1)]) : tgui=1&window_id=browseroutput&type=ping&payload=%7B%22index%22%3A5%7D
[2021-05-25 15:20:24.480] HREF: SondTheAnime (usr:SondTheAnime[(180,247,1)]) : tgui=1&window_id=browseroutput&type=ping&payload=%7B%22index%22%3A0%7D
[2021-05-25 15:20:25.957] HREF: Jhonatan lima (usr:Jhonatan lima[(180,247,1)]) : tgui=1&window_id=browseroutput&type=ping&payload=%7B%22index%22%3A6%7D
[2021-05-25 15:20:26.958] HREF: SondTheAnime (usr:SondTheAnime[(180,247,1)]) : tgui=1&window_id=browseroutput&type=ping&payload=%7B%22index%22%3A1%7D
[2021-05-25 15:20:28.440] HREF: Jhonatan lima (usr:Jhonatan lima[(180,247,1)]) : tgui=1&window_id=browseroutput&type=ping&payload=%7B%22index%22%3A7%7D
[2021-05-25 15:20:28.484] HREF: SondTheAnime (usr:SondTheAnime[(180,247,1)]) : SondTheAnime src=[mob_957];late_join=1
[2021-05-25 15:20:29.465] HREF: SondTheAnime (usr:SondTheAnime[(180,247,1)]) : tgui=1&window_id=browseroutput&type=ping&payload=%7B%22index%22%3A2%7D
[2021-05-25 15:20:30.956] HREF: Jhonatan lima (usr:Jhonatan lima[(180,247,1)]) : tgui=1&window_id=browseroutput&type=ping&payload=%7B%22index%22%3A0%7D
[2021-05-25 15:20:31.689] HREF: SondTheAnime (usr:SondTheAnime[(180,247,1)]) : SondTheAnime src=[mob_957];show_preferences=1
[2021-05-25 15:20:33.449] HREF: Jhonatan lima (usr:Jhonatan lima[(180,247,1)]) : tgui=1&window_id=browseroutput&type=ping&payload=%7B%22index%22%3A1%7D
[2021-05-25 15:20:33.672] HREF: SondTheAnime (usr:SondTheAnime[(180,247,1)]) : tgui=1&window_id=browseroutput&type=ping&payload=%7B%22index%22%3A3%7D
[2021-05-25 15:20:34.086] HREF: Jhonatan lima (usr:Jhonatan lima[(180,247,1)]) : Jhonatan lima src=[mob_1219];late_join=1
[2021-05-25 15:20:35.969] HREF: Jhonatan lima (usr:Jhonatan lima[(180,247,1)]) : tgui=1&window_id=browseroutput&type=ping&payload=%7B%22index%22%3A2%7D
[2021-05-25 15:20:36.093] HREF: Jhonatan lima (usr:Jhonatan lima[(180,247,1)]) : Jhonatan lima src=[mob_1219];late_join=1
[2021-05-25 15:20:36.179] HREF: SondTheAnime (usr:SondTheAnime[(180,247,1)]) : tgui=1&window_id=browseroutput&type=ping&payload=%7B%22index%22%3A4%7D
[2021-05-25 15:20:37.152] HREF: Jhonatan lima (usr:Jhonatan lima[(180,247,1)]) : Jhonatan lima src=[mob_1219];show_preferences=1
[2021-05-25 15:20:37.571] HREF: SondTheAnime (usr:SondTheAnime[(180,247,1)]) : _src_=prefs;preference=trait;task=menu
[2021-05-25 15:20:38.470] HREF: Jhonatan lima (usr:Jhonatan lima[(180,247,1)]) : tgui=1&window_id=browseroutput&type=ping&payload=%7B%22index%22%3A3%7D
[2021-05-25 15:20:38.705] HREF: SondTheAnime (usr:SondTheAnime[(180,247,1)]) : tgui=1&window_id=browseroutput&type=ping&payload=%7B%22index%22%3A5%7D
[2021-05-25 15:20:40.967] HREF: Jhonatan lima (usr:Jhonatan lima[(180,247,1)]) : tgui=1&window_id=browseroutput&type=ping&payload=%7B%22index%22%3A4%7D
[2021-05-25 15:20:41.270] HREF: SondTheAnime (usr:SondTheAnime[(180,247,1)]) : tgui=1&window_id=browseroutput&type=ping&payload=%7B%22index%22%3A6%7D
[2021-05-25 15:20:41.720] HREF: Jhonatan lima (usr:Jhonatan lima[(180,247,1)]) : Jhonatan lima src=[mob_1219];show_preferences=1
[2021-05-25 15:20:42.745] HREF: Jhonatan lima (usr:Jhonatan lima[(180,247,1)]) : Jhonatan lima src=[mob_1219];manifest=1
[2021-05-25 15:20:43.349] HREF: Jhonatan lima (usr:Jhonatan lima[(180,247,1)]) : Jhonatan lima src=[mob_1219];late_join=1
[2021-05-25 15:20:43.498] HREF: Jhonatan lima (usr:Jhonatan lima[(180,247,1)]) : tgui=1&window_id=browseroutput&type=ping&payload=%7B%22index%22%3A5%7D
[2021-05-25 15:20:43.744] HREF: SondTheAnime (usr:SondTheAnime[(180,247,1)]) : tgui=1&window_id=browseroutput&type=ping&payload=%7B%22index%22%3A7%7D
[2021-05-25 15:20:46.019] HREF: Jhonatan lima (usr:Jhonatan lima[(180,247,1)]) : tgui=1&window_id=browseroutput&type=ping&payload=%7B%22index%22%3A6%7D
[2021-05-25 15:20:46.269] HREF: SondTheAnime (usr:SondTheAnime[(180,247,1)]) : tgui=1&window_id=browseroutput&type=ping&payload=%7B%22index%22%3A0%7D
[2021-05-25 15:20:48.555] HREF: Jhonatan lima (usr:Jhonatan lima[(180,247,1)]) : tgui=1&window_id=browseroutput&type=ping&payload=%7B%22index%22%3A7%7D
[2021-05-25 15:20:48.786] HREF: SondTheAnime (usr:SondTheAnime[(180,247,1)]) : tgui=1&window_id=browseroutput&type=ping&payload=%7B%22index%22%3A1%7D
[2021-05-25 15:20:51.059] HREF: Jhonatan lima (usr:Jhonatan lima[(180,247,1)]) : tgui=1&window_id=browseroutput&type=ping&payload=%7B%22index%22%3A0%7D
[2021-05-25 15:20:51.269] HREF: SondTheAnime (usr:SondTheAnime[(180,247,1)]) : tgui=1&window_id=browseroutput&type=ping&payload=%7B%22index%22%3A2%7D
[2021-05-25 15:20:53.571] HREF: Jhonatan lima (usr:Jhonatan lima[(180,247,1)]) : tgui=1&window_id=browseroutput&type=ping&payload=%7B%22index%22%3A1%7D
[2021-05-25 15:20:53.821] HREF: SondTheAnime (usr:SondTheAnime[(180,247,1)]) : tgui=1&window_id=browseroutput&type=ping&payload=%7B%22index%22%3A3%7D
[2021-05-25 15:20:56.052] HREF: Jhonatan lima (usr:Jhonatan lima[(180,247,1)]) : tgui=1&window_id=browseroutput&type=ping&payload=%7B%22index%22%3A2%7D
[2021-05-25 15:20:56.324] HREF: SondTheAnime (usr:SondTheAnime[(180,247,1)]) : tgui=1&window_id=browseroutput&type=ping&payload=%7B%22index%22%3A4%7D
[2021-05-25 15:20:58.598] HREF: Jhonatan lima (usr:Jhonatan lima[(180,247,1)]) : tgui=1&window_id=browseroutput&type=ping&payload=%7B%22index%22%3A3%7D
[2021-05-25 15:20:58.869] HREF: SondTheAnime (usr:SondTheAnime[(180,247,1)]) : tgui=1&window_id=browseroutput&type=ping&payload=%7B%22index%22%3A5%7D
[2021-05-25 15:21:00.621] HREF: Kosolov325 (usr:Kosolov325[(180,247,1)]) : tgui=1&window_id=browseroutput&type=ready
[2021-05-25 15:21:00.671] HREF: SondTheAnime (usr:SondTheAnime[(180,247,1)]) : _src_=prefs;preference=trait;task=close
[2021-05-25 15:21:01.008] HREF: Kosolov325 (usr:Kosolov325[(180,247,1)]) : tgui=1&window_id=browseroutput&type=ping&payload=%7B%22index%22%3A0%7D
[2021-05-25 15:21:01.084] HREF: Jhonatan lima (usr:Jhonatan lima[(180,247,1)]) : tgui=1&window_id=browseroutput&type=ping&payload=%7B%22index%22%3A4%7D
[2021-05-25 15:21:01.447] HREF: SondTheAnime (usr:SondTheAnime[(180,247,1)]) : tgui=1&window_id=browseroutput&type=ping&payload=%7B%22index%22%3A6%7D
[2021-05-25 15:21:02.769] HREF: Kosolov325 (usr:Kosolov325[(180,247,1)]) : tgui=1&window_id=browseroutput&type=telemetry&payload=%7B%22connections%22%3A%5B%7B%22ckey%22%3A%22kosolov325%22%2C%22address%22%3A%22187.19.213.74%22%2C%22computer_id%22%3A%22540227776%22%7D%2C%7B%22ckey%22%3A%22kosolov325%22%2C%22address%22%3A%22187.19.213.50%22%2C%22computer_id%22%3A%22540227776%22%7D%2C%7B%22ckey%22%3A%22kosolov325%22%2C%22address%22%3A%22187.19.213.146%22%2C%22computer_id%22%3A%22540227776%22%7D%2C%7B%22ckey%22%3A%22kosolov325%22%2C%22address%22%3A%22187.19.213.2%22%2C%22computer_id%22%3A%22540227776%22%7D%2C%7B%22ckey%22%3A%22kosolov325%22%2C%22address%22%3A%22187.19.213.170%22%2C%22computer_id%22%3A%22540227776%22%7D%5D%7D
[2021-05-25 15:21:03.447] HREF: Kosolov325 (usr:Kosolov325[(180,247,1)]) : asset_cache_preload_data=%7B%22tgui-common.chunk.js%22%3A%22e3cc0789f56d9f18bdf66307c4008b40%22%2C%22tgui-panel.bundle.js%22%3A%229faa9bf7e314ef05529e6a4a8785af54%22%2C%22tgui-panel.bundle.css%22%3A%22c3ff98002b61d02d18f71f2a310a654d%22%7D
[2021-05-25 15:21:03.546] HREF: Kosolov325 (usr:Kosolov325[(180,247,1)]) : tgui=1&window_id=browseroutput&type=ping&payload=%7B%22index%22%3A1%7D
[2021-05-25 15:21:03.620] HREF: Jhonatan lima (usr:Jhonatan lima[(180,247,1)]) : tgui=1&window_id=browseroutput&type=ping&payload=%7B%22index%22%3A5%7D
[2021-05-25 15:21:03.987] HREF: SondTheAnime (usr:SondTheAnime[(180,247,1)]) : tgui=1&window_id=browseroutput&type=ping&payload=%7B%22index%22%3A7%7D
[2021-05-25 15:21:04.319] HREF: Kosolov325 (usr:Kosolov325[(180,247,1)]) : 
[2021-05-25 15:21:04.320] HREF: Kosolov325 (usr:Kosolov325[(180,247,1)]) : 
[2021-05-25 15:21:06.070] HREF: Kosolov325 (usr:Kosolov325[(180,247,1)]) : tgui=1&window_id=browseroutput&type=ping&payload=%7B%22index%22%3A2%7D
[2021-05-25 15:21:06.119] HREF: Jhonatan lima (usr:Jhonatan lima[(180,247,1)]) : tgui=1&window_id=browseroutput&type=ping&payload=%7B%22index%22%3A6%7D
[2021-05-25 15:21:06.503] HREF: SondTheAnime (usr:SondTheAnime[(180,247,1)]) : tgui=1&window_id=browseroutput&type=ping&payload=%7B%22index%22%3A0%7D
[2021-05-25 15:21:07.629] HREF: SondTheAnime (usr:SondTheAnime[(180,247,1)]) : _src_=prefs;preference=special;task=menu
[2021-05-25 15:21:08.571] HREF: Kosolov325 (usr:Kosolov325[(180,247,1)]) : tgui=1&window_id=browseroutput&type=ping&payload=%7B%22index%22%3A3%7D
[2021-05-25 15:21:08.594] HREF: Jhonatan lima (usr:Jhonatan lima[(180,247,1)]) : tgui=1&window_id=browseroutput&type=ping&payload=%7B%22index%22%3A7%7D
[2021-05-25 15:21:09.024] HREF: SondTheAnime (usr:SondTheAnime[(180,247,1)]) : tgui=1&window_id=browseroutput&type=ping&payload=%7B%22index%22%3A1%7D
[2021-05-25 15:21:10.118] HREF: SondTheAnime (usr:SondTheAnime[(180,247,1)]) : _src_=prefs;preference=special;task=close
[2021-05-25 15:21:11.091] HREF: Kosolov325 (usr:Kosolov325[(180,247,1)]) : tgui=1&window_id=browseroutput&type=ping&payload=%7B%22index%22%3A4%7D
[2021-05-25 15:21:11.096] HREF: Jhonatan lima (usr:Jhonatan lima[(180,247,1)]) : tgui=1&window_id=browseroutput&type=ping&payload=%7B%22index%22%3A0%7D
[2021-05-25 15:21:11.577] HREF: SondTheAnime (usr:SondTheAnime[(180,247,1)]) : tgui=1&window_id=browseroutput&type=ping&payload=%7B%22index%22%3A2%7D
[2021-05-25 15:21:13.630] HREF: Jhonatan lima (usr:Jhonatan lima[(180,247,1)]) : tgui=1&window_id=browseroutput&type=ping&payload=%7B%22index%22%3A1%7D
[2021-05-25 15:21:13.630] HREF: Kosolov325 (usr:Kosolov325[(180,247,1)]) : tgui=1&window_id=browseroutput&type=ping&payload=%7B%22index%22%3A5%7D
[2021-05-25 15:21:14.086] HREF: SondTheAnime (usr:SondTheAnime[(180,247,1)]) : tgui=1&window_id=browseroutput&type=ping&payload=%7B%22index%22%3A3%7D
[2021-05-25 15:21:14.134] HREF: SondTheAnime (usr:SondTheAnime[(180,247,1)]) : _src_=prefs;preference=save
[2021-05-25 15:21:15.422] HREF: SondTheAnime (usr:SondTheAnime[(180,247,1)]) : /datum/preferences close=1
[2021-05-25 15:21:15.555] HREF: Jhonatan lima (usr:Jhonatan lima[(180,247,1)]) : Jhonatan lima src=[mob_1219];late_join=1
[2021-05-25 15:21:16.098] HREF: Kosolov325 (usr:Kosolov325[(180,247,1)]) : tgui=1&window_id=browseroutput&type=ping&payload=%7B%22index%22%3A6%7D
[2021-05-25 15:21:16.153] HREF: Jhonatan lima (usr:Jhonatan lima[(180,247,1)]) : tgui=1&window_id=browseroutput&type=ping&payload=%7B%22index%22%3A2%7D
[2021-05-25 15:21:16.650] HREF: SondTheAnime (usr:SondTheAnime[(180,247,1)]) : tgui=1&window_id=browseroutput&type=ping&payload=%7B%22index%22%3A4%7D
[2021-05-25 15:21:18.649] HREF: Kosolov325 (usr:Kosolov325[(180,247,1)]) : tgui=1&window_id=browseroutput&type=ping&payload=%7B%22index%22%3A7%7D
[2021-05-25 15:21:18.660] HREF: Jhonatan lima (usr:Jhonatan lima[(180,247,1)]) : tgui=1&window_id=browseroutput&type=ping&payload=%7B%22index%22%3A3%7D
[2021-05-25 15:21:19.136] HREF: SondTheAnime (usr:SondTheAnime[(180,247,1)]) : tgui=1&window_id=browseroutput&type=ping&payload=%7B%22index%22%3A5%7D
[2021-05-25 15:21:21.161] HREF: Kosolov325 (usr:Kosolov325[(180,247,1)]) : tgui=1&window_id=browseroutput&type=ping&payload=%7B%22index%22%3A0%7D
[2021-05-25 15:21:21.172] HREF: Jhonatan lima (usr:Jhonatan lima[(180,247,1)]) : tgui=1&window_id=browseroutput&type=ping&payload=%7B%22index%22%3A4%7D
[2021-05-25 15:21:21.700] HREF: SondTheAnime (usr:SondTheAnime[(180,247,1)]) : tgui=1&window_id=browseroutput&type=ping&payload=%7B%22index%22%3A6%7D
[2021-05-25 15:21:23.649] HREF: Jhonatan lima (usr:Jhonatan lima[(180,247,1)]) : tgui=1&window_id=browseroutput&type=ping&payload=%7B%22index%22%3A5%7D
[2021-05-25 15:21:23.653] HREF: Kosolov325 (usr:Kosolov325[(180,247,1)]) : tgui=1&window_id=browseroutput&type=ping&payload=%7B%22index%22%3A1%7D
[2021-05-25 15:21:24.206] HREF: SondTheAnime (usr:SondTheAnime[(180,247,1)]) : tgui=1&window_id=browseroutput&type=ping&payload=%7B%22index%22%3A7%7D
[2021-05-25 15:21:26.160] HREF: Kosolov325 (usr:Kosolov325[(180,247,1)]) : tgui=1&window_id=browseroutput&type=ping&payload=%7B%22index%22%3A2%7D
[2021-05-25 15:21:26.173] HREF: Jhonatan lima (usr:Jhonatan lima[(180,247,1)]) : tgui=1&window_id=browseroutput&type=ping&payload=%7B%22index%22%3A6%7D
[2021-05-25 15:21:26.752] HREF: SondTheAnime (usr:SondTheAnime[(180,247,1)]) : tgui=1&window_id=browseroutput&type=ping&payload=%7B%22index%22%3A0%7D
[2021-05-25 15:21:28.657] HREF: Kosolov325 (usr:Kosolov325[(180,247,1)]) : tgui=1&window_id=browseroutput&type=ping&payload=%7B%22index%22%3A3%7D
[2021-05-25 15:21:28.666] HREF: Jhonatan lima (usr:Jhonatan lima[(180,247,1)]) : tgui=1&window_id=browseroutput&type=ping&payload=%7B%22index%22%3A7%7D
[2021-05-25 15:21:29.300] HREF: SondTheAnime (usr:SondTheAnime[(180,247,1)]) : tgui=1&window_id=browseroutput&type=ping&payload=%7B%22index%22%3A1%7D
[2021-05-25 15:21:31.142] HREF: Kosolov325 (usr:Kosolov325[(180,247,1)]) : tgui=1&window_id=browseroutput&type=ping&payload=%7B%22index%22%3A4%7D
[2021-05-25 15:21:31.160] HREF: Jhonatan lima (usr:Jhonatan lima[(180,247,1)]) : tgui=1&window_id=browseroutput&type=ping&payload=%7B%22index%22%3A0%7D
[2021-05-25 15:21:31.803] HREF: SondTheAnime (usr:SondTheAnime[(180,247,1)]) : tgui=1&window_id=browseroutput&type=ping&payload=%7B%22index%22%3A2%7D
[2021-05-25 15:21:33.650] HREF: Kosolov325 (usr:Kosolov325[(180,247,1)]) : tgui=1&window_id=browseroutput&type=ping&payload=%7B%22index%22%3A5%7D
[2021-05-25 15:21:33.700] HREF: Jhonatan lima (usr:Jhonatan lima[(180,247,1)]) : tgui=1&window_id=browseroutput&type=ping&payload=%7B%22index%22%3A1%7D
[2021-05-25 15:21:34.344] HREF: SondTheAnime (usr:SondTheAnime[(180,247,1)]) : tgui=1&window_id=browseroutput&type=ping&payload=%7B%22index%22%3A3%7D
[2021-05-25 15:21:36.148] HREF: Kosolov325 (usr:Kosolov325[(180,247,1)]) : tgui=1&window_id=browseroutput&type=ping&payload=%7B%22index%22%3A6%7D
[2021-05-25 15:21:36.189] HREF: Jhonatan lima (usr:Jhonatan lima[(180,247,1)]) : tgui=1&window_id=browseroutput&type=ping&payload=%7B%22index%22%3A2%7D
[2021-05-25 15:21:36.813] HREF: SondTheAnime (usr:SondTheAnime[(180,247,1)]) : tgui=1&window_id=browseroutput&type=ping&payload=%7B%22index%22%3A4%7D
[2021-05-25 15:21:38.641] HREF: Kosolov325 (usr:Kosolov325[(180,247,1)]) : tgui=1&window_id=browseroutput&type=ping&payload=%7B%22index%22%3A7%7D
[2021-05-25 15:21:38.694] HREF: Jhonatan lima (usr:Jhonatan lima[(180,247,1)]) : tgui=1&window_id=browseroutput&type=ping&payload=%7B%22index%22%3A3%7D
[2021-05-25 15:21:39.353] HREF: SondTheAnime (usr:SondTheAnime[(180,247,1)]) : tgui=1&window_id=browseroutput&type=ping&payload=%7B%22index%22%3A5%7D
[2021-05-25 15:21:41.150] HREF: Kosolov325 (usr:Kosolov325[(180,247,1)]) : tgui=1&window_id=browseroutput&type=ping&payload=%7B%22index%22%3A0%7D
[2021-05-25 15:21:41.202] HREF: Jhonatan lima (usr:Jhonatan lima[(180,247,1)]) : tgui=1&window_id=browseroutput&type=ping&payload=%7B%22index%22%3A4%7D
[2021-05-25 15:21:41.954] HREF: SondTheAnime (usr:SondTheAnime[(180,247,1)]) : tgui=1&window_id=browseroutput&type=ping&payload=%7B%22index%22%3A6%7D
[2021-05-25 15:21:43.657] HREF: Kosolov325 (usr:Kosolov325[(180,247,1)]) : tgui=1&window_id=browseroutput&type=ping&payload=%7B%22index%22%3A1%7D
[2021-05-25 15:21:43.699] HREF: Jhonatan lima (usr:Jhonatan lima[(180,247,1)]) : tgui=1&window_id=browseroutput&type=ping&payload=%7B%22index%22%3A5%7D
[2021-05-25 15:21:44.504] HREF: SondTheAnime (usr:SondTheAnime[(180,247,1)]) : tgui=1&window_id=browseroutput&type=ping&payload=%7B%22index%22%3A7%7D
[2021-05-25 15:21:46.183] HREF: Kosolov325 (usr:Kosolov325[(180,247,1)]) : tgui=1&window_id=browseroutput&type=ping&payload=%7B%22index%22%3A2%7D
[2021-05-25 15:21:46.215] HREF: Jhonatan lima (usr:Jhonatan lima[(180,247,1)]) : tgui=1&window_id=browseroutput&type=ping&payload=%7B%22index%22%3A6%7D
[2021-05-25 15:21:47.039] HREF: SondTheAnime (usr:SondTheAnime[(180,247,1)]) : tgui=1&window_id=browseroutput&type=ping&payload=%7B%22index%22%3A0%7D
[2021-05-25 15:21:48.698] HREF: Kosolov325 (usr:Kosolov325[(180,247,1)]) : tgui=1&window_id=browseroutput&type=ping&payload=%7B%22index%22%3A3%7D
[2021-05-25 15:21:48.728] HREF: Jhonatan lima (usr:Jhonatan lima[(180,247,1)]) : tgui=1&window_id=browseroutput&type=ping&payload=%7B%22index%22%3A7%7D
[2021-05-25 15:21:49.575] HREF: SondTheAnime (usr:SondTheAnime[(180,247,1)]) : tgui=1&window_id=browseroutput&type=ping&payload=%7B%22index%22%3A1%7D
[2021-05-25 15:21:51.206] HREF: Kosolov325 (usr:Kosolov325[(180,247,1)]) : tgui=1&window_id=browseroutput&type=ping&payload=%7B%22index%22%3A4%7D
[2021-05-25 15:21:51.222] HREF: Jhonatan lima (usr:Jhonatan lima[(180,247,1)]) : tgui=1&window_id=browseroutput&type=ping&payload=%7B%22index%22%3A0%7D
[2021-05-25 15:21:52.089] HREF: SondTheAnime (usr:SondTheAnime[(180,247,1)]) : tgui=1&window_id=browseroutput&type=ping&payload=%7B%22index%22%3A2%7D
[2021-05-25 15:21:53.746] HREF: Kosolov325 (usr:Kosolov325[(180,247,1)]) : tgui=1&window_id=browseroutput&type=ping&payload=%7B%22index%22%3A5%7D
[2021-05-25 15:21:53.775] HREF: Jhonatan lima (usr:Jhonatan lima[(180,247,1)]) : tgui=1&window_id=browseroutput&type=ping&payload=%7B%22index%22%3A1%7D
[2021-05-25 15:21:54.639] HREF: SondTheAnime (usr:SondTheAnime[(180,247,1)]) : tgui=1&window_id=browseroutput&type=ping&payload=%7B%22index%22%3A3%7D
[2021-05-25 15:21:56.246] HREF: Kosolov325 (usr:Kosolov325[(180,247,1)]) : tgui=1&window_id=browseroutput&type=ping&payload=%7B%22index%22%3A6%7D
[2021-05-25 15:21:56.312] HREF: Jhonatan lima (usr:Jhonatan lima[(180,247,1)]) : tgui=1&window_id=browseroutput&type=ping&payload=%7B%22index%22%3A2%7D
[2021-05-25 15:21:57.203] HREF: SondTheAnime (usr:SondTheAnime[(180,247,1)]) : tgui=1&window_id=browseroutput&type=ping&payload=%7B%22index%22%3A4%7D
[2021-05-25 15:21:57.449] HREF: Kosolov325 (usr:Kosolov325[(180,247,1)]) : Kosolov325 src=[mob_1256];ready=2
[2021-05-25 15:21:58.739] HREF: Kosolov325 (usr:Kosolov325[(180,247,1)]) : tgui=1&window_id=browseroutput&type=ping&payload=%7B%22index%22%3A7%7D
[2021-05-25 15:21:58.817] HREF: Jhonatan lima (usr:Jhonatan lima[(180,247,1)]) : tgui=1&window_id=browseroutput&type=ping&payload=%7B%22index%22%3A3%7D
[2021-05-25 15:21:59.700] HREF: SondTheAnime (usr:SondTheAnime[(180,247,1)]) : tgui=1&window_id=browseroutput&type=ping&payload=%7B%22index%22%3A5%7D
[2021-05-25 15:22:01.249] HREF: Kosolov325 (usr:Kosolov325[(180,247,1)]) : tgui=1&window_id=browseroutput&type=ping&payload=%7B%22index%22%3A0%7D
[2021-05-25 15:22:01.329] HREF: Jhonatan lima (usr:Jhonatan lima[(180,247,1)]) : tgui=1&window_id=browseroutput&type=ping&payload=%7B%22index%22%3A4%7D
[2021-05-25 15:22:01.650] HREF: SondTheAnime (usr:SondTheAnime[(180,247,1)]) : SondTheAnime src=[mob_957];late_join=1
[2021-05-25 15:22:02.204] HREF: SondTheAnime (usr:SondTheAnime[(180,247,1)]) : tgui=1&window_id=browseroutput&type=ping&payload=%7B%22index%22%3A6%7D
[2021-05-25 15:22:03.754] HREF: Kosolov325 (usr:Kosolov325[(180,247,1)]) : tgui=1&window_id=browseroutput&type=ping&payload=%7B%22index%22%3A1%7D
[2021-05-25 15:22:03.855] HREF: Jhonatan lima (usr:Jhonatan lima[(180,247,1)]) : tgui=1&window_id=browseroutput&type=ping&payload=%7B%22index%22%3A5%7D
[2021-05-25 15:22:04.721] HREF: SondTheAnime (usr:SondTheAnime[(180,247,1)]) : tgui=1&window_id=browseroutput&type=ping&payload=%7B%22index%22%3A7%7D
[2021-05-25 15:22:06.283] HREF: Kosolov325 (usr:Kosolov325[(180,247,1)]) : tgui=1&window_id=browseroutput&type=ping&payload=%7B%22index%22%3A2%7D
[2021-05-25 15:22:06.323] HREF: SondTheAnime (usr:SondTheAnime[(180,247,1)]) : SondTheAnime src=[mob_957];SelectedJob=Wastelander
[2021-05-25 15:22:07.135] HREF: Jhonatan lima (usr:Jhonatan lima[(180,247,1)]) : tgui=1&window_id=browseroutput&type=ping&payload=%7B%22index%22%3A6%7D
[2021-05-25 15:22:08.808] HREF: Kosolov325 (usr:Kosolov325[(180,247,1)]) : tgui=1&window_id=browseroutput&type=ping&payload=%7B%22index%22%3A3%7D
[2021-05-25 15:22:08.884] HREF: Jhonatan lima (usr:Jhonatan lima[(180,247,1)]) : tgui=1&window_id=browseroutput&type=ping&payload=%7B%22index%22%3A7%7D
[2021-05-25 15:22:11.328] HREF: Kosolov325 (usr:Kosolov325[(180,247,1)]) : tgui=1&window_id=browseroutput&type=ping&payload=%7B%22index%22%3A4%7D
[2021-05-25 15:22:11.400] HREF: Jhonatan lima (usr:Jhonatan lima[(180,247,1)]) : tgui=1&window_id=browseroutput&type=ping&payload=%7B%22index%22%3A0%7D
[2021-05-25 15:22:12.225] HREF: Kosolov325 (usr:Kosolov325[(180,247,1)]) : Kosolov325 src=[mob_1256];late_join=1
[2021-05-25 15:22:13.307] HREF: SondTheAnime (usr:Kane Lens[(2,184,2)]) : tgui=1&window_id=browseroutput&type=ping&payload=%7B%22index%22%3A0%7D
[2021-05-25 15:22:13.841] HREF: Kosolov325 (usr:Kosolov325[(180,247,1)]) : tgui=1&window_id=browseroutput&type=ping&payload=%7B%22index%22%3A5%7D
[2021-05-25 15:22:13.919] HREF: Jhonatan lima (usr:Jhonatan lima[(180,247,1)]) : tgui=1&window_id=browseroutput&type=ping&payload=%7B%22index%22%3A1%7D
[2021-05-25 15:22:15.845] HREF: SondTheAnime (usr:Kane Lens[(2,184,2)]) : tgui=1&window_id=browseroutput&type=ping&payload=%7B%22index%22%3A1%7D
[2021-05-25 15:22:16.374] HREF: Kosolov325 (usr:Kosolov325[(180,247,1)]) : tgui=1&window_id=browseroutput&type=ping&payload=%7B%22index%22%3A6%7D
[2021-05-25 15:22:16.458] HREF: Jhonatan lima (usr:Jhonatan lima[(180,247,1)]) : tgui=1&window_id=browseroutput&type=ping&payload=%7B%22index%22%3A2%7D
[2021-05-25 15:22:18.375] HREF: SondTheAnime (usr:Kane Lens[(2,184,2)]) : tgui=1&window_id=browseroutput&type=ping&payload=%7B%22index%22%3A2%7D
[2021-05-25 15:22:18.842] HREF: Kosolov325 (usr:Kosolov325[(180,247,1)]) : tgui=1&window_id=browseroutput&type=ping&payload=%7B%22index%22%3A7%7D
[2021-05-25 15:22:18.955] HREF: Jhonatan lima (usr:Jhonatan lima[(180,247,1)]) : tgui=1&window_id=browseroutput&type=ping&payload=%7B%22index%22%3A3%7D
[2021-05-25 15:22:19.621] HREF: Kosolov325 (usr:Kosolov325[(180,247,1)]) : Kosolov325 src=[mob_1256];SelectedJob=Outlaw
[2021-05-25 15:22:20.889] HREF: SondTheAnime (usr:Kane Lens[(2,184,2)]) : tgui=1&window_id=browseroutput&type=ping&payload=%7B%22index%22%3A3%7D
[2021-05-25 15:22:21.459] HREF: Jhonatan lima (usr:Jhonatan lima[(180,247,1)]) : tgui=1&window_id=browseroutput&type=ping&payload=%7B%22index%22%3A4%7D
[2021-05-25 15:22:23.391] HREF: SondTheAnime (usr:Kane Lens[(2,184,2)]) : tgui=1&window_id=browseroutput&type=ping&payload=%7B%22index%22%3A4%7D
[2021-05-25 15:22:23.955] HREF: Jhonatan lima (usr:Jhonatan lima[(180,247,1)]) : tgui=1&window_id=browseroutput&type=ping&payload=%7B%22index%22%3A5%7D
[2021-05-25 15:22:24.333] HREF: Kosolov325 (usr:Lucas Calado[(139,130,3)]) : tgui=1&window_id=browseroutput&type=ping&payload=%7B%22index%22%3A0%7D
[2021-05-25 15:22:26.475] HREF: Jhonatan lima (usr:Jhonatan lima[(180,247,1)]) : tgui=1&window_id=browseroutput&type=ping&payload=%7B%22index%22%3A6%7D
[2021-05-25 15:22:26.541] HREF: SondTheAnime (usr:Kane Lens[(3,184,2)]) : tgui=1&window_id=browseroutput&type=ping&payload=%7B%22index%22%3A5%7D
[2021-05-25 15:22:26.861] HREF: Kosolov325 (usr:Lucas Calado[(139,130,3)]) : tgui=1&window_id=browseroutput&type=ping&payload=%7B%22index%22%3A1%7D
[2021-05-25 15:22:29.008] HREF: Jhonatan lima (usr:Jhonatan lima[(180,247,1)]) : tgui=1&window_id=browseroutput&type=ping&payload=%7B%22index%22%3A7%7D
[2021-05-25 15:22:29.059] HREF: SondTheAnime (usr:Kane Lens[(3,184,2)]) : tgui=1&window_id=browseroutput&type=ping&payload=%7B%22index%22%3A6%7D
[2021-05-25 15:22:29.309] HREF: Kosolov325 (usr:Lucas Calado[(139,131,3)]) : tgui=1&window_id=browseroutput&type=ping&payload=%7B%22index%22%3A2%7D
[2021-05-25 15:22:31.510] HREF: Jhonatan lima (usr:Jhonatan lima[(180,247,1)]) : tgui=1&window_id=browseroutput&type=ping&payload=%7B%22index%22%3A0%7D
[2021-05-25 15:22:31.574] HREF: SondTheAnime (usr:Kane Lens[(3,184,2)]) : tgui=1&window_id=browseroutput&type=ping&payload=%7B%22index%22%3A7%7D
[2021-05-25 15:22:31.809] HREF: Kosolov325 (usr:Lucas Calado[(139,132,3)]) : tgui=1&window_id=browseroutput&type=ping&payload=%7B%22index%22%3A3%7D
[2021-05-25 15:22:34.010] HREF: Jhonatan lima (usr:Jhonatan lima[(180,247,1)]) : tgui=1&window_id=browseroutput&type=ping&payload=%7B%22index%22%3A1%7D
[2021-05-25 15:22:34.087] HREF: SondTheAnime (usr:Kane Lens[(3,184,2)]) : tgui=1&window_id=browseroutput&type=ping&payload=%7B%22index%22%3A0%7D
[2021-05-25 15:22:34.341] HREF: Kosolov325 (usr:Lucas Calado[(139,132,3)]) : tgui=1&window_id=browseroutput&type=ping&payload=%7B%22index%22%3A4%7D
[2021-05-25 15:22:36.518] HREF: Jhonatan lima (usr:Jhonatan lima[(180,247,1)]) : tgui=1&window_id=browseroutput&type=ping&payload=%7B%22index%22%3A2%7D
[2021-05-25 15:22:36.623] HREF: SondTheAnime (usr:Kane Lens[(3,184,2)]) : tgui=1&window_id=browseroutput&type=ping&payload=%7B%22index%22%3A1%7D
[2021-05-25 15:22:36.862] HREF: Kosolov325 (usr:Lucas Calado[(139,132,3)]) : tgui=1&window_id=browseroutput&type=ping&payload=%7B%22index%22%3A5%7D
[2021-05-25 15:22:37.862] HREF: Jhonatan lima (usr:Jhonatan lima[(180,247,1)]) : Jhonatan lima src=[mob_1219];show_preferences=1
[2021-05-25 15:22:39.059] HREF: Jhonatan lima (usr:Jhonatan lima[(180,247,1)]) : tgui=1&window_id=browseroutput&type=ping&payload=%7B%22index%22%3A3%7D
[2021-05-25 15:22:39.159] HREF: SondTheAnime (usr:Kane Lens[(3,184,2)]) : tgui=1&window_id=browseroutput&type=ping&payload=%7B%22index%22%3A2%7D
[2021-05-25 15:22:39.346] HREF: Kosolov325 (usr:Lucas Calado[(139,132,3)]) : tgui=1&window_id=browseroutput&type=ping&payload=%7B%22index%22%3A6%7D
[2021-05-25 15:22:41.536] HREF: Jhonatan lima (usr:Jhonatan lima[(180,247,1)]) : tgui=1&window_id=browseroutput&type=ping&payload=%7B%22index%22%3A4%7D
[2021-05-25 15:22:41.689] HREF: SondTheAnime (usr:Kane Lens[(3,184,2)]) : tgui=1&window_id=browseroutput&type=ping&payload=%7B%22index%22%3A3%7D
[2021-05-25 15:22:41.880] HREF: Kosolov325 (usr:Lucas Calado[(139,132,3)]) : tgui=1&window_id=browseroutput&type=ping&payload=%7B%22index%22%3A7%7D
[2021-05-25 15:22:44.052] HREF: Jhonatan lima (usr:Jhonatan lima[(180,247,1)]) : tgui=1&window_id=browseroutput&type=ping&payload=%7B%22index%22%3A5%7D
[2021-05-25 15:22:44.237] HREF: SondTheAnime (usr:Kane Lens[(3,184,2)]) : tgui=1&window_id=browseroutput&type=ping&payload=%7B%22index%22%3A4%7D
[2021-05-25 15:22:44.378] HREF: Kosolov325 (usr:Lucas Calado[(139,132,3)]) : tgui=1&window_id=browseroutput&type=ping&payload=%7B%22index%22%3A0%7D
[2021-05-25 15:22:46.561] HREF: Jhonatan lima (usr:Jhonatan lima[(180,247,1)]) : tgui=1&window_id=browseroutput&type=ping&payload=%7B%22index%22%3A6%7D
[2021-05-25 15:22:46.585] HREF: Jhonatan lima (usr:Jhonatan lima[(180,247,1)]) : _src_=prefs;preference=preferred_chaos;task=input
[2021-05-25 15:22:46.745] HREF: SondTheAnime (usr:Kane Lens[(3,184,2)]) : tgui=1&window_id=browseroutput&type=ping&payload=%7B%22index%22%3A5%7D
[2021-05-25 15:22:46.889] HREF: Kosolov325 (usr:Lucas Calado[(139,132,3)]) : tgui=1&window_id=browseroutput&type=ping&payload=%7B%22index%22%3A1%7D
[2021-05-25 15:22:49.060] HREF: Jhonatan lima (usr:Jhonatan lima[(180,247,1)]) : tgui=1&window_id=browseroutput&type=ping&payload=%7B%22index%22%3A7%7D
[2021-05-25 15:22:49.397] HREF: Kosolov325 (usr:Lucas Calado[(139,132,3)]) : tgui=1&window_id=browseroutput&type=ping&payload=%7B%22index%22%3A2%7D
[2021-05-25 15:22:49.541] HREF: SondTheAnime (usr:Kane Lens[(3,181,2)]) : tgui=1&window_id=browseroutput&type=ping&payload=%7B%22index%22%3A6%7D
[2021-05-25 15:22:51.551] HREF: Jhonatan lima (usr:Jhonatan lima[(180,247,1)]) : tgui=1&window_id=browseroutput&type=ping&payload=%7B%22index%22%3A0%7D
[2021-05-25 15:22:51.890] HREF: Kosolov325 (usr:Lucas Calado[(139,132,3)]) : tgui=1&window_id=browseroutput&type=ping&payload=%7B%22index%22%3A3%7D
[2021-05-25 15:22:54.111] HREF: Jhonatan lima (usr:Jhonatan lima[(180,247,1)]) : tgui=1&window_id=browseroutput&type=ping&payload=%7B%22index%22%3A1%7D
[2021-05-25 15:22:54.365] HREF: Kosolov325 (usr:Lucas Calado[(139,132,3)]) : tgui=1&window_id=browseroutput&type=ping&payload=%7B%22index%22%3A4%7D
[2021-05-25 15:22:55.060] HREF: SondTheAnime (usr:Kane Lens[(53,82,2)]) : tgui=1&window_id=browseroutput&type=ping&payload=%7B%22index%22%3A7%7D
[2021-05-25 15:22:56.183] HREF: Jhonatan lima (usr:Jhonatan lima[(180,247,1)]) : _src_=prefs;preference=tab;tab=0
[2021-05-25 15:22:56.616] HREF: Jhonatan lima (usr:Jhonatan lima[(180,247,1)]) : tgui=1&window_id=browseroutput&type=ping&payload=%7B%22index%22%3A2%7D
[2021-05-25 15:22:56.877] HREF: Kosolov325 (usr:Lucas Calado[(139,132,3)]) : tgui=1&window_id=browseroutput&type=ping&payload=%7B%22index%22%3A5%7D
[2021-05-25 15:22:57.542] HREF: SondTheAnime (usr:Kane Lens[(53,53,2)]) : tgui=1&window_id=browseroutput&type=ping&payload=%7B%22index%22%3A0%7D
[2021-05-25 15:22:57.661] HREF: Jhonatan lima (usr:Jhonatan lima[(180,247,1)]) : _src_=prefs;preference=job;task=menu
[2021-05-25 15:22:58.406] HREF: SondTheAnime (usr:Kane Lens[(53,53,2)]) : Kane Lens src=[mob_1395];follow=[mob_1359];x=139;y=132;z=3
[2021-05-25 15:22:59.110] HREF: Jhonatan lima (usr:Jhonatan lima[(180,247,1)]) : _src_=prefs;preference=job;task=setJobLevel;level=3;text=Citizen
[2021-05-25 15:22:59.144] HREF: Jhonatan lima (usr:Jhonatan lima[(180,247,1)]) : tgui=1&window_id=browseroutput&type=ping&payload=%7B%22index%22%3A3%7D
[2021-05-25 15:22:59.401] HREF: Kosolov325 (usr:Lucas Calado[(139,132,3)]) : tgui=1&window_id=browseroutput&type=ping&payload=%7B%22index%22%3A6%7D
[2021-05-25 15:23:00.038] HREF: SondTheAnime (usr:Kane Lens[(139,132,3)]) : tgui=1&window_id=browseroutput&type=ping&payload=%7B%22index%22%3A1%7D
[2021-05-25 15:23:00.275] HREF: Jhonatan lima (usr:Jhonatan lima[(180,247,1)]) : _src_=prefs;preference=job;task=setJobLevel;level=4;text=Citizen
[2021-05-25 15:23:01.652] HREF: Jhonatan lima (usr:Jhonatan lima[(180,247,1)]) : tgui=1&window_id=browseroutput&type=ping&payload=%7B%22index%22%3A4%7D
[2021-05-25 15:23:01.916] HREF: Kosolov325 (usr:Lucas Calado[(139,132,3)]) : tgui=1&window_id=browseroutput&type=ping&payload=%7B%22index%22%3A7%7D
[2021-05-25 15:23:02.570] HREF: SondTheAnime (usr:Kane Lens[(139,132,3)]) : tgui=1&window_id=browseroutput&type=ping&payload=%7B%22index%22%3A2%7D
[2021-05-25 15:23:03.871] HREF: Jhonatan lima (usr:Jhonatan lima[(180,247,1)]) : _src_=prefs;preference=job;task=setJobLevel;level=3;text=NCR%20Ranger
[2021-05-25 15:23:04.160] HREF: Jhonatan lima (usr:Jhonatan lima[(180,247,1)]) : tgui=1&window_id=browseroutput&type=ping&payload=%7B%22index%22%3A5%7D
[2021-05-25 15:23:04.448] HREF: Kosolov325 (usr:Lucas Calado[(139,132,3)]) : tgui=1&window_id=browseroutput&type=ping&payload=%7B%22index%22%3A0%7D
[2021-05-25 15:23:04.979] HREF: Jhonatan lima (usr:Jhonatan lima[(180,247,1)]) : _src_=prefs;preference=job;task=setJobLevel;level=2;text=NCR%20Ranger
[2021-05-25 15:23:05.095] HREF: SondTheAnime (usr:Kane Lens[(139,132,3)]) : tgui=1&window_id=browseroutput&type=ping&payload=%7B%22index%22%3A3%7D
[2021-05-25 15:23:06.675] HREF: Jhonatan lima (usr:Jhonatan lima[(180,247,1)]) : tgui=1&window_id=browseroutput&type=ping&payload=%7B%22index%22%3A6%7D
[2021-05-25 15:23:06.986] HREF: Kosolov325 (usr:Lucas Calado[(139,132,3)]) : tgui=1&window_id=browseroutput&type=ping&payload=%7B%22index%22%3A1%7D
[2021-05-25 15:23:07.541] HREF: SondTheAnime (usr:Kane Lens[(139,132,3)]) : tgui=1&window_id=browseroutput&type=ping&payload=%7B%22index%22%3A4%7D
[2021-05-25 15:23:09.195] HREF: Jhonatan lima (usr:Jhonatan lima[(180,247,1)]) : tgui=1&window_id=browseroutput&type=ping&payload=%7B%22index%22%3A7%7D
[2021-05-25 15:23:09.539] HREF: Kosolov325 (usr:Lucas Calado[(139,132,3)]) : tgui=1&window_id=browseroutput&type=ping&payload=%7B%22index%22%3A2%7D
[2021-05-25 15:23:10.072] HREF: SondTheAnime (usr:Kane Lens[(139,132,3)]) : tgui=1&window_id=browseroutput&type=ping&payload=%7B%22index%22%3A5%7D
[2021-05-25 15:23:11.694] HREF: Jhonatan lima (usr:Jhonatan lima[(180,247,1)]) : tgui=1&window_id=browseroutput&type=ping&payload=%7B%22index%22%3A0%7D
[2021-05-25 15:23:12.057] HREF: Kosolov325 (usr:Lucas Calado[(139,132,3)]) : tgui=1&window_id=browseroutput&type=ping&payload=%7B%22index%22%3A3%7D
[2021-05-25 15:23:12.465] HREF: Jhonatan lima (usr:Jhonatan lima[(180,247,1)]) : _src_=prefs;preference=job;task=setJobLevel;level=3;text=Vault-tec%20Engineer
[2021-05-25 15:23:12.609] HREF: SondTheAnime (usr:Kane Lens[(139,132,3)]) : tgui=1&window_id=browseroutput&type=ping&payload=%7B%22index%22%3A6%7D
[2021-05-25 15:23:13.581] HREF: Jhonatan lima (usr:Jhonatan lima[(180,247,1)]) : _src_=prefs;preference=job;task=setJobLevel;level=2;text=Vault-tec%20Engineer
[2021-05-25 15:23:14.211] HREF: Jhonatan lima (usr:Jhonatan lima[(180,247,1)]) : tgui=1&window_id=browseroutput&type=ping&payload=%7B%22index%22%3A1%7D
[2021-05-25 15:23:14.564] HREF: Kosolov325 (usr:Lucas Calado[(139,132,3)]) : tgui=1&window_id=browseroutput&type=ping&payload=%7B%22index%22%3A4%7D
[2021-05-25 15:23:15.099] HREF: SondTheAnime (usr:Kane Lens[(160,132,3)]) : tgui=1&window_id=browseroutput&type=ping&payload=%7B%22index%22%3A7%7D
[2021-05-25 15:23:15.145] HREF: Jhonatan lima (usr:Jhonatan lima[(180,247,1)]) : _src_=prefs;preference=job;task=setJobLevel;level=3;text=Vault-tec%20Security
[2021-05-25 15:23:16.080] HREF: Jhonatan lima (usr:Jhonatan lima[(180,247,1)]) : _src_=prefs;preference=job;task=setJobLevel;level=2;text=Vault-tec%20Security
[2021-05-25 15:23:16.735] HREF: Jhonatan lima (usr:Jhonatan lima[(180,247,1)]) : tgui=1&window_id=browseroutput&type=ping&payload=%7B%22index%22%3A2%7D
[2021-05-25 15:23:17.110] HREF: Kosolov325 (usr:Lucas Calado[(139,132,3)]) : tgui=1&window_id=browseroutput&type=ping&payload=%7B%22index%22%3A5%7D
[2021-05-25 15:23:17.625] HREF: SondTheAnime (usr:Kane Lens[(160,153,3)]) : tgui=1&window_id=browseroutput&type=ping&payload=%7B%22index%22%3A0%7D
[2021-05-25 15:23:19.260] HREF: Jhonatan lima (usr:Jhonatan lima[(180,247,1)]) : tgui=1&window_id=browseroutput&type=ping&payload=%7B%22index%22%3A3%7D
[2021-05-25 15:23:19.584] HREF: Kosolov325 (usr:Lucas Calado[(139,132,3)]) : tgui=1&window_id=browseroutput&type=ping&payload=%7B%22index%22%3A6%7D
[2021-05-25 15:23:20.172] HREF: SondTheAnime (usr:Kane Lens[(160,153,3)]) : tgui=1&window_id=browseroutput&type=ping&payload=%7B%22index%22%3A1%7D
[2021-05-25 15:23:21.755] HREF: Jhonatan lima (usr:Jhonatan lima[(180,247,1)]) : tgui=1&window_id=browseroutput&type=ping&payload=%7B%22index%22%3A4%7D
[2021-05-25 15:23:22.112] HREF: Kosolov325 (usr:Lucas Calado[(139,132,3)]) : tgui=1&window_id=browseroutput&type=ping&payload=%7B%22index%22%3A7%7D
[2021-05-25 15:23:22.723] HREF: SondTheAnime (usr:Kane Lens[(160,153,3)]) : tgui=1&window_id=browseroutput&type=ping&payload=%7B%22index%22%3A2%7D
[2021-05-25 15:23:24.291] HREF: Jhonatan lima (usr:Jhonatan lima[(180,247,1)]) : tgui=1&window_id=browseroutput&type=ping&payload=%7B%22index%22%3A5%7D
[2021-05-25 15:23:24.625] HREF: Kosolov325 (usr:Lucas Calado[(139,132,3)]) : tgui=1&window_id=browseroutput&type=ping&payload=%7B%22index%22%3A0%7D
[2021-05-25 15:23:25.260] HREF: SondTheAnime (usr:Kane Lens[(160,195,3)]) : tgui=1&window_id=browseroutput&type=ping&payload=%7B%22index%22%3A3%7D
[2021-05-25 15:23:26.754] HREF: Jhonatan lima (usr:Jhonatan lima[(180,247,1)]) : tgui=1&window_id=browseroutput&type=ping&payload=%7B%22index%22%3A6%7D
[2021-05-25 15:23:27.160] HREF: Kosolov325 (usr:Lucas Calado[(139,132,3)]) : tgui=1&window_id=browseroutput&type=ping&payload=%7B%22index%22%3A1%7D
[2021-05-25 15:23:27.705] HREF: Jhonatan lima (usr:Jhonatan lima[(180,247,1)]) : _src_=prefs;preference=job;task=close
[2021-05-25 15:23:27.780] HREF: SondTheAnime (usr:Kane Lens[(122,197,3)]) : tgui=1&window_id=browseroutput&type=ping&payload=%7B%22index%22%3A4%7D
[2021-05-25 15:23:29.321] HREF: Jhonatan lima (usr:Jhonatan lima[(180,247,1)]) : tgui=1&window_id=browseroutput&type=ping&payload=%7B%22index%22%3A7%7D
[2021-05-25 15:23:29.626] HREF: Kosolov325 (usr:Lucas Calado[(139,132,3)]) : tgui=1&window_id=browseroutput&type=ping&payload=%7B%22index%22%3A2%7D
[2021-05-25 15:23:30.055] HREF: Jhonatan lima (usr:Jhonatan lima[(180,247,1)]) : _src_=prefs;preference=save
[2021-05-25 15:23:30.288] HREF: SondTheAnime (usr:Kane Lens[(93,227,3)]) : tgui=1&window_id=browseroutput&type=ping&payload=%7B%22index%22%3A5%7D
[2021-05-25 15:23:31.122] HREF: Jhonatan lima (usr:Jhonatan lima[(180,247,1)]) : /datum/preferences close=1
[2021-05-25 15:23:32.096] HREF: Kosolov325 (usr:Lucas Calado[(139,132,3)]) : tgui=1&window_id=browseroutput&type=ping&payload=%7B%22index%22%3A3%7D
[2021-05-25 15:23:32.238] HREF: Jhonatan lima (usr:Jhonatan lima[(180,247,1)]) : tgui=1&window_id=browseroutput&type=ping&payload=%7B%22index%22%3A0%7D
[2021-05-25 15:23:33.155] HREF: SondTheAnime (usr:Kane Lens[(93,233,3)]) : tgui=1&window_id=browseroutput&type=ping&payload=%7B%22index%22%3A6%7D
[2021-05-25 15:23:34.506] HREF: Jhonatan lima (usr:Jhonatan lima[(180,247,1)]) : /datum/preferences close=1
[2021-05-25 15:23:34.611] HREF: Kosolov325 (usr:Lucas Calado[(139,132,3)]) : tgui=1&window_id=browseroutput&type=ping&payload=%7B%22index%22%3A4%7D
[2021-05-25 15:23:34.725] HREF: Jhonatan lima (usr:Jhonatan lima[(180,247,1)]) : tgui=1&window_id=browseroutput&type=ping&payload=%7B%22index%22%3A1%7D
[2021-05-25 15:23:35.721] HREF: SondTheAnime (usr:Kane Lens[(93,233,3)]) : tgui=1&window_id=browseroutput&type=ping&payload=%7B%22index%22%3A7%7D
[2021-05-25 15:23:37.148] HREF: Kosolov325 (usr:Lucas Calado[(139,132,3)]) : tgui=1&window_id=browseroutput&type=ping&payload=%7B%22index%22%3A5%7D
[2021-05-25 15:23:37.249] HREF: Jhonatan lima (usr:Jhonatan lima[(180,247,1)]) : tgui=1&window_id=browseroutput&type=ping&payload=%7B%22index%22%3A2%7D
[2021-05-25 15:23:38.277] HREF: SondTheAnime (usr:Kane Lens[(93,229,3)]) : tgui=1&window_id=browseroutput&type=ping&payload=%7B%22index%22%3A0%7D
[2021-05-25 15:23:39.625] HREF: Kosolov325 (usr:Lucas Calado[(139,132,3)]) : tgui=1&window_id=browseroutput&type=ping&payload=%7B%22index%22%3A6%7D
[2021-05-25 15:23:39.724] HREF: Jhonatan lima (usr:Jhonatan lima[(180,247,1)]) : tgui=1&window_id=browseroutput&type=ping&payload=%7B%22index%22%3A3%7D
[2021-05-25 15:23:40.843] HREF: SondTheAnime (usr:Kane Lens[(94,226,3)]) : tgui=1&window_id=browseroutput&type=ping&payload=%7B%22index%22%3A1%7D
[2021-05-25 15:23:42.167] HREF: Kosolov325 (usr:Lucas Calado[(139,132,3)]) : tgui=1&window_id=browseroutput&type=ping&payload=%7B%22index%22%3A7%7D
[2021-05-25 15:23:42.236] HREF: Jhonatan lima (usr:Jhonatan lima[(180,247,1)]) : tgui=1&window_id=browseroutput&type=ping&payload=%7B%22index%22%3A4%7D
[2021-05-25 15:23:43.407] HREF: SondTheAnime (usr:Kane Lens[(95,226,3)]) : tgui=1&window_id=browseroutput&type=ping&payload=%7B%22index%22%3A2%7D
[2021-05-25 15:23:44.678] HREF: Kosolov325 (usr:Lucas Calado[(139,132,3)]) : tgui=1&window_id=browseroutput&type=ping&payload=%7B%22index%22%3A0%7D
[2021-05-25 15:23:44.710] HREF: Jhonatan lima (usr:Jhonatan lima[(180,247,1)]) : tgui=1&window_id=browseroutput&type=ping&payload=%7B%22index%22%3A5%7D
[2021-05-25 15:23:45.997] HREF: SondTheAnime (usr:Kane Lens[(86,244,3)]) : tgui=1&window_id=browseroutput&type=ping&payload=%7B%22index%22%3A3%7D
[2021-05-25 15:23:47.199] HREF: Kosolov325 (usr:Lucas Calado[(139,132,3)]) : tgui=1&window_id=browseroutput&type=ping&payload=%7B%22index%22%3A1%7D
[2021-05-25 15:23:47.248] HREF: Jhonatan lima (usr:Jhonatan lima[(180,247,1)]) : tgui=1&window_id=browseroutput&type=ping&payload=%7B%22index%22%3A6%7D
[2021-05-25 15:23:48.506] HREF: SondTheAnime (usr:Kane Lens[(63,255,3)]) : tgui=1&window_id=browseroutput&type=ping&payload=%7B%22index%22%3A4%7D
[2021-05-25 15:23:49.705] HREF: Kosolov325 (usr:Lucas Calado[(139,132,3)]) : tgui=1&window_id=browseroutput&type=ping&payload=%7B%22index%22%3A2%7D
[2021-05-25 15:23:49.706] HREF: Jhonatan lima (usr:Jhonatan lima[(180,247,1)]) : tgui=1&window_id=browseroutput&type=ping&payload=%7B%22index%22%3A7%7D
[2021-05-25 15:23:51.040] HREF: SondTheAnime (usr:Kane Lens[(48,232,3)]) : tgui=1&window_id=browseroutput&type=ping&payload=%7B%22index%22%3A5%7D
[2021-05-25 15:23:52.208] HREF: Jhonatan lima (usr:Jhonatan lima[(180,247,1)]) : tgui=1&window_id=browseroutput&type=ping&payload=%7B%22index%22%3A0%7D
[2021-05-25 15:23:52.242] HREF: Kosolov325 (usr:Lucas Calado[(144,132,3)]) : tgui=1&window_id=browseroutput&type=ping&payload=%7B%22index%22%3A3%7D
[2021-05-25 15:23:53.588] HREF: SondTheAnime (usr:Kane Lens[(56,238,3)]) : tgui=1&window_id=browseroutput&type=ping&payload=%7B%22index%22%3A6%7D
[2021-05-25 15:23:54.719] HREF: Jhonatan lima (usr:Jhonatan lima[(180,247,1)]) : tgui=1&window_id=browseroutput&type=ping&payload=%7B%22index%22%3A1%7D
[2021-05-25 15:23:54.760] HREF: Kosolov325 (usr:Lucas Calado[(144,132,3)]) : tgui=1&window_id=browseroutput&type=ping&payload=%7B%22index%22%3A4%7D
[2021-05-25 15:23:56.060] HREF: SondTheAnime (usr:Kane Lens[(53,237,3)]) : tgui=1&window_id=browseroutput&type=ping&payload=%7B%22index%22%3A7%7D
[2021-05-25 15:23:57.300] HREF: Jhonatan lima (usr:Jhonatan lima[(180,247,1)]) : tgui=1&window_id=browseroutput&type=ping&payload=%7B%22index%22%3A2%7D
[2021-05-25 15:23:57.300] HREF: Kosolov325 (usr:Lucas Calado[(144,132,3)]) : tgui=1&window_id=browseroutput&type=ping&payload=%7B%22index%22%3A5%7D
[2021-05-25 15:23:58.606] HREF: SondTheAnime (usr:Kane Lens[(48,224,3)]) : tgui=1&window_id=browseroutput&type=ping&payload=%7B%22index%22%3A0%7D
[2021-05-25 15:23:59.760] HREF: Jhonatan lima (usr:Jhonatan lima[(180,247,1)]) : tgui=1&window_id=browseroutput&type=ping&payload=%7B%22index%22%3A3%7D
[2021-05-25 15:23:59.785] HREF: Kosolov325 (usr:Lucas Calado[(144,132,3)]) : tgui=1&window_id=browseroutput&type=ping&payload=%7B%22index%22%3A6%7D
