[2021-05-25 15:05:42.704] Starting up round ID .
 - -------------------------
[2021-05-25 15:05:43.670] INIT: Initialized Profiler subsystem within 0 seconds!
[2021-05-25 15:05:43.719] Fail2Topic: Failed to drop firewall rule. Exit code: 1.
[2021-05-25 15:05:43.719] INIT: Initialized Fail2Topic subsystem within 0.1 seconds!
[2021-05-25 15:05:43.729] INIT: Initialized Title Screen subsystem within 0 seconds!
[2021-05-25 15:05:43.729] INIT: Initialized Database subsystem within 0 seconds!
[2021-05-25 15:05:43.729] INIT: Initialized Stat Panels subsystem within 0 seconds!
[2021-05-25 15:05:43.729] INIT: Initialized Blackbox subsystem within 0 seconds!
[2021-05-25 15:05:43.729] INIT: Initialized Server Tasks subsystem within 0 seconds!
[2021-05-25 15:05:43.730] INIT: Initialized Input subsystem within 0 seconds!
[2021-05-25 15:05:43.732] INIT: Initialized Sounds subsystem within 0 seconds!
[2021-05-25 15:05:43.732] INIT: Initialized Vis contents overlays subsystem within 0 seconds!
[2021-05-25 15:05:43.785] INIT: Initialized Research subsystem within 0 seconds!
[2021-05-25 15:05:43.787] INIT: Initialized Events subsystem within 0 seconds!
[2021-05-25 15:05:43.791] INIT: Initialized Jobs subsystem within 0 seconds!
[2021-05-25 15:05:43.793] INIT: Initialized Quirks subsystem within 0 seconds!
[2021-05-25 15:05:43.797] INIT: Initialized Ticker subsystem within 0 seconds!
[2021-05-25 15:05:43.813] INIT: Initialized Instruments subsystem within 0.1 seconds!
[2021-05-25 15:05:51.575] INIT: Initialized Mapping subsystem within 7.7 seconds!
[2021-05-25 15:05:51.575] INIT: Initialized Economy subsystem within 0 seconds!
[2021-05-25 15:05:51.577] INIT: Initialized Networks subsystem within 0 seconds!
[2021-05-25 15:05:51.577] INIT: Initialized Holodeck subsystem within 0 seconds!
[2021-05-25 15:06:27.224] INIT: Initialized Atoms subsystem within 35.7 seconds!
[2021-05-25 15:06:27.237] INIT: Initialized Language subsystem within 0 seconds!
[2021-05-25 15:06:27.262] INIT: Initialized Machines subsystem within 0 seconds!
[2021-05-25 15:06:27.329] INIT: Initialized Circuit subsystem within 0.1 seconds!
[2021-05-25 15:06:27.532] INIT: Initialized Atmos Adjacency subsystem within 0.2 seconds!
[2021-05-25 15:06:27.532] INIT: Initialized Autotransfer Vote subsystem within 0 seconds!
[2021-05-25 15:06:27.532] INIT: Initialized Chemistry subsystem within 0 seconds!
[2021-05-25 15:06:27.532] INIT: Initialized Status Effects subsystem within 0 seconds!
[2021-05-25 15:06:27.534] INIT: Initialized Weather subsystem within 0 seconds!
[2021-05-25 15:06:27.539] INIT: Initialized Disease subsystem within 0 seconds!
[2021-05-25 15:06:27.539] INIT: Initialized Item Spawners subsystem within 0 seconds!
[2021-05-25 15:06:27.539] INIT: Initialized Jukeboxes subsystem within 0 seconds!
[2021-05-25 15:06:27.539] INIT: Initialized Medals subsystem within 0 seconds!
[2021-05-25 15:06:28.317] INIT: Initialized Minimaps subsystem within 0.8 seconds!
[2021-05-25 15:06:28.317] INIT: Initialized Mob Spawners subsystem within 0 seconds!
[2021-05-25 15:06:28.317] INIT: Initialized Monster Wave subsystem within 0 seconds!
[2021-05-25 15:06:28.317] INIT: Initialized Day/Night Cycle subsystem within 0 seconds!
[2021-05-25 15:06:28.317] INIT: Initialized Night Shift subsystem within 0 seconds!
[2021-05-25 15:06:28.317] INIT: Initialized Parallax subsystem within 0 seconds!
[2021-05-25 15:06:28.317] INIT: Initialized Sun subsystem within 0 seconds!
[2021-05-25 15:06:28.693] INIT: Initialized Traumas subsystem within 0.3 seconds!
[2021-05-25 15:06:34.426] INIT: Initialized Atmospherics subsystem within 5.8 seconds!
[2021-05-25 15:06:41.183] INIT: Initialized Assets subsystem within 6.7 seconds!
[2021-05-25 15:06:45.873] INIT: Initialized Icon Smoothing subsystem within 4.7 seconds!
[2021-05-25 15:06:47.103] INIT: Initialized Overlay subsystem within 1.3 seconds!
[2021-05-25 15:06:47.104] INIT: Initialized XKeyScore subsystem within 0 seconds!
[2021-05-25 15:06:47.104] INIT: Initialized Sticky Ban subsystem within 0 seconds!
[2021-05-25 15:06:55.484] INIT: Initialized Lighting subsystem within 8.3 seconds!
[2021-05-25 15:06:58.125] INIT: Initialized Shuttle subsystem within 2.7 seconds!
[2021-05-25 15:07:02.404] INIT: Initialized Minor Mapping subsystem within 4.3 seconds!
[2021-05-25 15:07:02.406] INIT: Initialized Pathfinder subsystem within 0 seconds!
[2021-05-25 15:07:02.456] INIT: Initialized Persistence subsystem within 0 seconds!
[2021-05-25 15:07:02.456] INIT: Initialized Chat subsystem within 0 seconds!
