[2021-05-23 14:46:20.466] TGS Info: Activating API for version 3.2.6.2
[2021-05-23 14:46:20.469] TGS Error: Custom chat commands in /datum/tgs_version lacks the /datum/tgs_chat_user/sender.channel field!
[2021-05-23 14:46:20.475] TGS Error: Use of TgsRevision on 3.2.1.0 origin_commit only points to master!
[2021-05-23 14:46:20.475] Running /tg/ revision: 
 - origin/master: 03a83e2ef4473a3107578d22120b9150fe6284e5
[2021-05-23 14:46:20.488] Loading config file config.txt...
[2021-05-23 14:46:20.490] Loading config file game_options.txt...
[2021-05-23 14:46:20.494] LINE 103: Failed to validate setting "CLOWNOPS 0" for probability
[2021-05-23 14:46:20.500] Loading config file dbconfig.txt...
[2021-05-23 14:46:20.501] Loading config file comms.txt...
[2021-05-23 14:46:20.501] Loading config file antag_rep.txt...
[2021-05-23 14:46:20.502] Loading config file resources.txt...
[2021-05-23 14:46:20.502] Loading config file donator_groupings.txt...
[2021-05-23 14:46:20.503] Loading config file dynamic_config.txt...
[2021-05-23 14:46:20.513] Loading config file plushies/defines.txt...
[2021-05-23 14:46:20.513] Loading config file job_threats.txt...
[2021-05-23 14:46:20.514] Loading config file policy.txt...
[2021-05-23 14:46:20.518] Loading config file maps.txt...
[2021-05-23 14:46:20.529] Database connection established.
[2021-05-23 14:46:20.530] SQL: Could not get schema version from database
