[2021-05-23 14:46:20.539] Starting up round ID 32.
 - -------------------------
[2021-05-23 14:50:21.792] Luiz20 \ Luiz Borgos Primeiro \ Vault-tec Engineer \ NONE \ LATEJOIN
[2021-05-23 14:50:30.302] AlbertoVinhofino \ Zion Focell \ Wastelander \ NONE \ LATEJOIN
[2021-05-23 14:50:45.271] GabrielDoomBR \ Baam Frest \ Sheriff \ NONE \ LATEJOIN
[2021-05-23 14:50:48.961] Senhordosdoguinho \ Jose Neguinho \ Vault Dweller \ NONE \ LATEJOIN
[2021-05-23 14:50:55.886] AlexAlbright \ Alex Magnus Primeiro \ Legion Explorer \ NONE \ LATEJOIN
[2021-05-23 14:51:11.290] Richard-Campi \ Owen Brown \ Overseer \ NONE \ LATEJOIN
[2021-05-23 14:58:59.092] richardcampi \ Owen Brown \ Overseer \ NONE \ LATEJOIN
[2021-05-23 14:59:17.572] ConteudoGenerico \ Thiagus Machado \ Enclave Private \ NONE \ LATEJOIN
[2021-05-23 15:03:51.555] Aert \ Keziah Wright \ NCR Sergeant First Class \ NONE \ LATEJOIN
[2021-05-23 15:05:04.745] SondTheAnime \ Mensageiro \ Wastelander \ NONE \ LATEJOIN
[2021-05-23 15:09:00.508] sondtheanime \ Courier \ Chief of Security \ NONE \ LATEJOIN
[2021-05-23 15:12:08.348] Gatossj \ John Grave \ Wastelander \ NONE \ LATEJOIN
[2021-05-23 15:14:43.905] Elvisaaron \ Elvis Aaron \ Citizen \ NONE \ LATEJOIN
[2021-05-23 15:17:21.790] Kaduh \ Erika Miller \ Followers Volunteer \ NONE \ LATEJOIN
[2021-05-23 15:22:44.782] Zero9e1 \ Clement Milne \ Citizen \ NONE \ LATEJOIN
[2021-05-23 15:23:25.078] albertovinhofino \ Armando Bash \ Wastelander \ NONE \ LATEJOIN
[2021-05-23 16:18:10.577] N0fun \ Roscoe Mortland \ Great Khan \ NONE \ LATEJOIN
[2021-05-23 16:26:14.121] Nickenzo12345 \ Flip Wheeler \ Enclave Private \ NONE \ LATEJOIN
[2021-05-23 16:27:47.676] AlexAlbright \ Alex Magnus Primeiro \ Legion Explorer \ NONE \ LATEJOIN
[2021-05-23 17:16:47.797] richardcampi \ Owen Brown \ Hunter \ NONE \ LATEJOIN
[2021-05-23 17:20:03.647] Guilhty \ Guilherme Evans \ Wastelander \ NONE \ LATEJOIN
[2021-05-23 17:20:09.018] FidgetyBacchus \ Aster Crowley \ Chief of Security \ NONE \ LATEJOIN
[2021-05-23 17:21:56.223] GUGA LUIO \ Gustavo \ Wastelander \ NONE \ LATEJOIN
[2021-05-23 17:25:03.631] DustinBriner \ Jayson David \ Doctor \ NONE \ LATEJOIN
[2021-05-23 17:25:14.490] guilhty \ Pen \ Wastelander \ NONE \ LATEJOIN
[2021-05-23 17:29:47.507] Euzinho123 \ Marcos Parker \ Farmer \ NONE \ LATEJOIN
[2021-05-23 17:30:40.006] Eversonblr \ Miguel Hastings \ Head Scribe \ NONE \ LATEJOIN
[2021-05-23 17:48:16.981] nickenzo12345 \ Amari Rader \ Outlaw \ NONE \ LATEJOIN
[2021-05-23 18:12:14.665] Matheusgp9999 \ Nycolly Nywt \ Outlaw \ NONE \ LATEJOIN
[2021-05-23 18:17:35.156] Dantesousa \ Declan Smith \ NOPE \ NONE \ LATEJOIN
[2021-05-23 18:28:29.016] Mr.Universo \ Lucas Chikui \ NCR Trooper \ NONE \ LATEJOIN
