[2021-05-23 14:53:22.551] SQL: Undeleted query: "SELECT ckey FROM mentor" LA: NextRow LAT: 0
[2021-05-23 15:37:07.362] SQL: MySqlError { ERROR 1146 (42S02): Table 'vault13.money' doesn't exist } | Query used: SELECT amount FROM money WHERE ckey = :ckey
[2021-05-23 15:51:34.388] SQL: MySqlError { ERROR 1146 (42S02): Table 'vault13.money' doesn't exist } | Query used: SELECT amount FROM money WHERE ckey = :ckey
[2021-05-23 16:50:09.517] SQL: MySqlError { ERROR 1146 (42S02): Table 'vault13.money' doesn't exist } | Query used: SELECT amount FROM money WHERE ckey = :ckey
[2021-05-23 16:50:19.657] SQL: MySqlError { ERROR 1146 (42S02): Table 'vault13.money' doesn't exist } | Query used: SELECT amount FROM money WHERE ckey = :ckey
[2021-05-23 16:50:19.659] SQL: MySqlError { ERROR 1146 (42S02): Table 'vault13.money' doesn't exist } | Query used: SELECT amount FROM money WHERE ckey = :ckey
[2021-05-23 16:50:19.661] SQL: MySqlError { ERROR 1146 (42S02): Table 'vault13.money' doesn't exist } | Query used: UPDATE money SET amount = :amount WHERE ckey = :ckey
[2021-05-23 16:50:19.663] SQL: MySqlError { ERROR 1146 (42S02): Table 'vault13.money' doesn't exist } | Query used: SELECT amount FROM money WHERE ckey = :ckey
[2021-05-23 16:50:43.927] SQL: MySqlError { ERROR 1146 (42S02): Table 'vault13.money' doesn't exist } | Query used: SELECT amount FROM money WHERE ckey = :ckey
[2021-05-23 17:38:16.166] SQL: MySqlError { ERROR 1146 (42S02): Table 'vault13.money' doesn't exist } | Query used: SELECT amount FROM money WHERE ckey = :ckey
[2021-05-23 18:37:46.064] SQL: MySqlError { ERROR 1264 (22003): Out of range value for column 'flags' at row 7 } | Query used: INSERT INTO admin_ranks
 - (rank, flags, exclude_flags, can_edit_flags)
 - VALUES
 -   (:p0, :p1, :p2, :p3),
 -   (:p4, :p5, :p6, :p7),
 -   (:p8, :p9, :p10, :p11),
 -   (:p12, :p13, :p14, :p15),
 -   (:p16, :p17, :p18, :p19),
 -   (:p20, :p21, :p22, :p23),
 -   (:p24, :p25, :p26, :p27),
 -   (:p28, :p29, :p30, :p31),
 -   (:p32, :p33, :p34, :p35),
 -   (:p36, :p37, :p38, :p39)
 - ON DUPLICATE KEY UPDATE rank = VALUES(rank), flags = VALUES(flags), exclude_flags = VALUES(exclude_flags), can_edit_flags = VALUES(can_edit_flags)
[2021-05-23 18:37:46.083] SQL: MySqlError { ERROR 1264 (22003): Out of range value for column 'flags' at row 1 } | Query used: UPDATE admin_ranks SET flags = 1.67772e+007, can_edit_flags = 1.67772e+007 WHERE rank = :rank
