[2021-05-23 14:46:20.538] Starting up round ID 32.
 - -------------------------
[2021-05-23 14:51:23.970] TCOMMS: Richard-Campi/(Owen Brown) [Vault] (spans:  ) "Boa tarde." (language: Galactic Common) (Vault (49, 180, 4))
[2021-05-23 14:51:32.318] TCOMMS: Luiz20/(Luiz Borgos Primeiro) [Vault] (spans:  ) "Alou" (language: Galactic Common) (Vault (72, 193, 4))
[2021-05-23 14:51:40.580] TCOMMS: Senhordosdoguinho/(Jose Neguinho) [Vault] (spans:  ) "Opa" (language: Galactic Common) (Vault (23, 188, 4))
[2021-05-23 14:52:31.444] TCOMMS: Luiz20/(Luiz Borgos Primeiro) [Vault] (spans:  ) "Como liga a bosta desse reator?" (language: Galactic Common) (Vault (71, 190, 4))
[2021-05-23 14:58:48.959] TCOMMS: Luiz20/(Luiz Borgos Primeiro) [Vault] (spans:  ) "Tá ligado" (language: Galactic Common) (Vault (72, 185, 4))
[2021-05-23 14:59:09.703] TCOMMS: richardcampi/(Owen Brown) [Vault] (spans:  ) "Perdão, estive SSD." (language: Galactic Common) (Vault (51, 185, 4))
[2021-05-23 14:59:39.862] TCOMMS: richardcampi/(Owen Brown) [Vault] (spans:  ) "Um momento logo retorno." (language: Galactic Common) (Vault (54, 185, 4))
[2021-05-23 14:59:55.237] TCOMMS: Luiz20/(Luiz Borgos Primeiro) [Vault] (spans:  ) "Não tem overseer" (language: Galactic Common) (Vault (50, 175, 4))
[2021-05-23 15:02:00.299] TCOMMS: Richard-Campi/(Owen Brown) [Vault] (spans:  ) "Engenheiro, relatório do Motor. por favor." (language: Galactic Common) (Vault (49, 181, 4))
[2021-05-23 15:02:41.060] TCOMMS: Richard-Campi/(Owen Brown) [Vault] (spans:  ) "Engenheiro?" (language: Galactic Common) (Vault (24, 191, 4))
[2021-05-23 15:02:43.494] TCOMMS: Luiz20/(Luiz Borgos Primeiro) [Vault] (spans:  ) "Tá carregando aos poucos" (language: Galactic Common) (Vault (72, 189, 4))
[2021-05-23 15:03:13.371] TCOMMS: Richard-Campi/(Owen Brown) [Vault] (spans:  ) "Certo, não configurou a potência acima de dois? ou menos? Certo?" (language: Galactic Common) (Vault (28, 182, 4))
[2021-05-23 15:04:20.780] TCOMMS: The supply request console [Supply] (spans: robot ) "A new order has been requested." (language: Galactic Common) (Vault (29, 182, 4))
[2021-05-23 15:04:55.797] TCOMMS: The supply request console [Supply] (spans: robot ) "A new order has been requested." (language: Galactic Common) (Vault (29, 182, 4))
[2021-05-23 15:08:16.669] TCOMMS: Luiz20/(Luiz Borgos Primeiro) [Vault] (spans:  ) "Voce sabe exatamente qual?" (language: Galactic Common) (Vault (64, 177, 4))
[2021-05-23 15:08:24.671] TCOMMS: Richard-Campi/(Owen Brown) [Vault] (spans:  ) "Logo levo você até lá." (language: Galactic Common) (Vault (27, 182, 4))
[2021-05-23 15:11:43.610] TCOMMS: sondtheanime/(Kane Lens) [Vault] (spans:  ) "Olá, cidadões. Chefe de Segurança, a disposição." (language: Galactic Common) (Vault (46, 190, 4))
[2021-05-23 15:11:54.621] TCOMMS: Richard-Campi/(Owen Brown) [Vault] (spans:  ) "Olá COS." (language: Galactic Common) (Vault (37, 182, 4))
[2021-05-23 15:12:06.037] TCOMMS: GabrielDoomBR/(Baam Frest) [Common] (spans:  ) "Virei o homem zap" (language: Galactic Common) (City (59, 48, 2))
[2021-05-23 15:12:11.023] TCOMMS: sondtheanime/(Kane Lens) [Vault] (spans:  ) "Olá, senhor Overseer." (language: Galactic Common) (Vault (46, 190, 4))
[2021-05-23 15:12:12.787] TCOMMS: Richard-Campi/(Owen Brown) [Security] (spans:  ) "Senhor Kane, me encontre na Segurança por favor." (language: Galactic Common) (Vault (39, 175, 4))
[2021-05-23 15:12:27.306] TCOMMS: sondtheanime/(Kane Lens) [Security] (spans:  ) "Sim, Overseer." (language: Galactic Common) (Vault (46, 190, 4))
[2021-05-23 15:17:35.845] TCOMMS: Kaduh/(Erika Miller) [Common] (spans:  ) "Ola gente sou voluntaria dos seguidores..." (language: Galactic Common) (Followers of the Apocalypse (106, 39, 3))
[2021-05-23 15:17:44.753] TCOMMS: Kaduh/(Erika Miller) [Common] (spans:  ) "Espero ajudar voces a encontrar o caminho" (language: Galactic Common) (Followers of the Apocalypse (105, 39, 3))
[2021-05-23 15:18:17.388] TCOMMS: ConteudoGenerico/(Thiagus Machado) [Common] (spans:  ) "O unico caminho é a enclava" (language: Galactic Common) (Wasteland (63, 61, 2))
[2021-05-23 15:18:30.624] TCOMMS: ConteudoGenerico/(Thiagus Machado) [Common] (spans:  ) "E se vcs mutantes entrarem lá vão levar um tiro só" (language: Galactic Common) (Wasteland (63, 61, 2))
[2021-05-23 15:19:34.182] TCOMMS: Kaduh/(Erika Miller) [Common] (spans:  ) "Todas a guerra levam a destruição... utilizar armas contra a propria humanidade, assim seremos extintos" (language: Galactic Common) (Followers of the Apocalypse (87, 46, 3))
[2021-05-23 15:20:19.220] TCOMMS: AlexAlbright/(Alex Magnus Primeiro) [Common] (spans:  ) "Esse fallowers não são adoradores da bomba atomica?" (language: Galactic Common) (Wasteland (211, 56, 2))
[2021-05-23 15:20:19.521] TCOMMS: ConteudoGenerico/(Thiagus Machado) [Common] (spans:  ) "A humanidade prevalecerá, vocês mutantes que caírão" (language: Galactic Common) (Wasteland (38, 63, 2))
[2021-05-23 15:20:25.212] TCOMMS: Kaduh/(Erika Miller) [Common] (spans:  ) "Nao" (language: Galactic Common) (Followers of the Apocalypse (96, 52, 2))
[2021-05-23 15:20:35.181] TCOMMS: ConteudoGenerico/(Thiagus Machado) [Common] (spans:  ) "Tudo maconheiro esses aí" (language: Galactic Common) (Wasteland (37, 66, 2))
[2021-05-23 15:20:43.752] TCOMMS: Kaduh/(Erika Miller) [Common] (spans:  ) "Somos equipes de ajuda voluntaria" (language: Galactic Common) (Followers of the Apocalypse (96, 52, 2))
[2021-05-23 15:20:57.443] TCOMMS: Kaduh/(Erika Miller) [Common] (spans:  ) "Em area de risco... no caso o mundo todo depois da bomba" (language: Galactic Common) (Followers of the Apocalypse (96, 52, 2))
[2021-05-23 15:21:23.900] TCOMMS: Kaduh/(Erika Miller) [Common] (spans:  ) "Na verdade só os parte dos EUA.... nao existe mais meio de transporte" (language: Galactic Common) (Followers of the Apocalypse (96, 52, 2))
[2021-05-23 15:21:37.268] TCOMMS: Senhordosdoguinho/(Jose Neguinho) [Vault] (spans:  ) "Capit&#39;ão &#39;q&#39;ooal é o objetivo&#39; a&#39;tu&#39;ahl" (language: Galactic Common) (Vault (53, 206, 4))
[2021-05-23 15:22:03.500] TCOMMS: Senhordosdoguinho/(Jose Neguinho) [Vault] (spans:  ) "Acho que &#39;bebi...huuuhhh...demais&#39;" (language: Galactic Common) (Vault (45, 206, 4))
[2021-05-23 15:22:26.389] TCOMMS: Richard-Campi/(Owen Brown) [Security] (spans:  ) "Por favor verifique Jose, não desejo problemas." (language: Galactic Common) (Vault (49, 174, 4))
[2021-05-23 15:23:36.386] TCOMMS: Richard-Campi/(Owen Brown) [Security] (spans:  ) "COS me aguarde na entrada do Vault, solicito que abra, e feche a porta, em minha saida, por favor." (language: Galactic Common) (Vault (49, 184, 4))
[2021-05-23 15:23:44.319] TCOMMS: sondtheanime/(Kane Lens) [Security] (spans:  ) "Certo." (language: Galactic Common) (Vault (45, 158, 4))
[2021-05-23 15:24:13.665] TCOMMS: Luiz20/(Luiz Borgos Primeiro) [Vault] (spans:  ) "Capitão tá vivo?" (language: Galactic Common) (Vault (50, 173, 4))
[2021-05-23 15:24:28.551] TCOMMS: Richard-Campi/(Owen Brown) [Vault] (spans:  ) "Capitão? Mas enfim, estou sim, que pergunta, senhor Luiz." (language: Galactic Common) (Vault (49, 159, 4))
[2021-05-23 15:24:54.651] TCOMMS: Luiz20/(Luiz Borgos Primeiro) [Vault] (spans:  ) "Oque eu faço?" (language: Galactic Common) (Vault (64, 181, 4))
[2021-05-23 15:26:07.732] TCOMMS: Richard-Campi/(Owen Brown) [Vault] (spans:  ) "Exterior.. Como na chegada.. Apenas completamente imundo.." (language: Galactic Common) (Tunnel (49, 139, 4))
[2021-05-23 15:26:15.588] TCOMMS: Richard-Campi/(Owen Brown) [Vault] (spans:  ) "Nenhuma ameaça localizada." (language: Galactic Common) (Tunnel (49, 139, 4))
[2021-05-23 15:26:23.865] TCOMMS: sondtheanime/(Kane Lens) [Vault] (spans:  ) "Certo." (language: Galactic Common) (Vault (49, 162, 4))
[2021-05-23 15:26:25.633] TCOMMS: Richard-Campi/(Owen Brown) [Vault] (spans:  ) "Equipamentos de mineração, estão intactos." (language: Galactic Common) (Tunnel (48, 138, 4))
[2021-05-23 15:26:31.922] TCOMMS: sondtheanime/(Kane Lens) [Vault] (spans:  ) "Bom..." (language: Galactic Common) (Vault (49, 171, 4))
[2021-05-23 15:27:08.434] TCOMMS: Richard-Campi/(Owen Brown) [Vault] (spans:  ) "Há bons minerios por aqui." (language: Galactic Common) (Caves (43, 139, 4))
[2021-05-23 15:27:21.159] TCOMMS: Senhordosdoguinho/(Jose Neguinho) [Vault] (spans:  ) "Tome cuidado capitão" (language: Galactic Common) (Vault (45, 206, 4))
[2021-05-23 15:27:22.789] TCOMMS: GabrielDoomBR/(Baam Frest) [Common] (spans:  ) "Oasis aberto" (language: Galactic Common) (City (59, 48, 2))
[2021-05-23 15:27:37.154] TCOMMS: Richard-Campi/(Owen Brown) [Vault] (spans:  ) "Não compreendo por que me chamam de capitão.. Mas sim, estou tomando cuidado." (language: Galactic Common) (Caves (42, 143, 4))
[2021-05-23 15:27:49.319] TCOMMS: Senhordosdoguinho/(Jose Neguinho) [Vault] (spans:  ) "Ouvi lendas de criaturas gigantes com garras de 3 metros nessa região" (language: Galactic Common) (Vault (45, 206, 4))
[2021-05-23 15:27:54.017] TCOMMS: Luiz20/(Luiz Borgos Primeiro) [Vault] (spans:  ) "Porque voce está no comando" (language: Galactic Common) (Vault (52, 194, 4))
[2021-05-23 15:28:03.493] TCOMMS: Richard-Campi/(Owen Brown) [Vault] (spans:  ) "Possivelmente lendas, para entretenimentos deles." (language: Galactic Common) (Caves (42, 134, 4))
[2021-05-23 15:28:18.827] TCOMMS: Richard-Campi/(Owen Brown) [Vault] (spans:  ) "Não devemos acreditar em tudo que os Desmiolados do exterior contam." (language: Galactic Common) (Caves (42, 134, 4))
[2021-05-23 15:29:13.782] TCOMMS: GabrielDoomBR/(Baam Frest) [Oasis] (spans:  ) "Quando voltar avisa no radio" (language: Galactic Common) (City (59, 48, 2))
[2021-05-23 15:30:50.297] TCOMMS: Senhordosdoguinho/(Jose Neguinho) [Vault] (spans:  ) "Engenheiro preciso de ferramentas" (language: Galactic Common) (Vault (49, 166, 4))
[2021-05-23 15:32:16.343] TCOMMS: Richard-Campi/(Owen Brown) [Vault] (spans:  ) "Eh.. Escutei algo nada agradavel.. Um estalo ecôou por toda a trilha na caverna que fiz.." (language: Galactic Common) (Caves (26, 151, 4))
[2021-05-23 15:32:31.615] TCOMMS: sondtheanime/(Kane Lens) [Vault] (spans:  ) "Cuidado, overseer." (language: Galactic Common) (Vault (68, 184, 4))
[2021-05-23 15:32:37.242] TCOMMS: Richard-Campi/(Owen Brown) [Vault] (spans:  ) "Novamente.. Devo estar paranoico.." (language: Galactic Common) (Caves (23, 151, 4))
[2021-05-23 15:32:47.929] TCOMMS: Senhordosdoguinho/(Jose Neguinho) [Vault] (spans:  ) "Eu acho que não..." (language: Galactic Common) (Vault (69, 185, 4))
[2021-05-23 15:32:49.736] TCOMMS: Luiz20/(Luiz Borgos Primeiro) [Vault] (spans:  ) "Vem na medbay neguinho" (language: Galactic Common) (Vault (61, 164, 4))
[2021-05-23 15:32:50.514] TCOMMS: sondtheanime/(Kane Lens) [Vault] (spans:  ) "Será que não é do Reator da Vault?" (language: Galactic Common) (Vault (68, 184, 4))
[2021-05-23 15:32:51.482] TCOMMS: Richard-Campi/(Owen Brown) [Vault] (spans:  ) "Som ficando cada vez mais alto!" (language: Galactic Common) (Caves (22, 151, 4))
[2021-05-23 15:33:07.045] TCOMMS: Richard-Campi/(Owen Brown) [Vault] (spans:  ) "Santo cristo!" (language: Galactic Common) (Caves (26, 151, 4))
[2021-05-23 15:33:15.186] TCOMMS: sondtheanime/(Kane Lens) [Vault] (spans:  ) "Overseer?!" (language: Galactic Common) (Vault (73, 183, 4))
[2021-05-23 15:33:33.861] TCOMMS: sondtheanime/(Kane Lens) [Vault] (spans:  ) "Overseer?! TA AI?!" (language: Galactic Common) (Vault (49, 153, 4))
[2021-05-23 15:33:35.647] TCOMMS: Richard-Campi/(Owen Brown) [Vault] (spans:  ) "A porta.. Abra.. estou.. a caminho!" (language: Galactic Common) (Caves (28, 146, 4))
[2021-05-23 15:33:47.113] TCOMMS: sondtheanime/(Kane Lens) [Vault] (spans:  ) "Abrindo..." (language: Galactic Common) (Vault (46, 154, 4))
[2021-05-23 15:34:02.184] TCOMMS: sondtheanime/(Kane Lens) [Vault] (spans:  ) "Volte engenheiro" (language: Galactic Common) (Vault (46, 154, 4))
[2021-05-23 15:34:39.093] TCOMMS: sondtheanime/(Kane Lens) [Vault] (spans:  ) "Nada na camera da porta" (language: Galactic Common) (Vault (45, 154, 4))
[2021-05-23 15:34:53.472] TCOMMS: Richard-Campi/(Owen Brown) [Security] (spans:  ) "COS medbay, por favor." (language: Galactic Common) (Vault (61, 164, 4))
[2021-05-23 15:34:58.769] TCOMMS: sondtheanime/(Kane Lens) [Security] (spans:  ) "Indo" (language: Galactic Common) (Vault (45, 153, 4))
[2021-05-23 15:35:57.472] TCOMMS: Kaduh/(Erika Miller) [Common] (spans:  ) "Oasis tem gente?" (language: Galactic Common) (Followers of the Apocalypse (96, 52, 2))
[2021-05-23 15:36:01.186] TCOMMS: GabrielDoomBR/(Baam Frest) [Common] (spans:  ) "Sim" (language: Galactic Common) (Wasteland (57, 39, 2))
[2021-05-23 15:36:24.275] TCOMMS: Kaduh/(Erika Miller) [Common] (spans:  ) "Healing powder é bom para voces?" (language: Galactic Common) (Followers of the Apocalypse (96, 52, 2))
[2021-05-23 15:36:45.817] TCOMMS: Kaduh/(Erika Miller) [Common] (spans:  ) "Ta vendendo alguma arma?" (language: Galactic Common) (Followers of the Apocalypse (96, 52, 2))
[2021-05-23 15:37:14.061] TCOMMS: Kaduh/(Erika Miller) [Common] (spans:  ) "Ou trocando por healing powder?" (language: Galactic Common) (Followers of the Apocalypse (96, 52, 2))
[2021-05-23 15:37:19.386] TCOMMS: GabrielDoomBR/(Baam Frest) [Common] (spans:  ) "Sim" (language: Galactic Common) (Wasteland (67, 37, 2))
[2021-05-23 15:38:50.789] TCOMMS: Kaduh/(Erika Miller) [Common] (spans:  ) "Quantos healing powder da um pistola com um cartucho?" (language: Galactic Common) (Followers of the Apocalypse (96, 52, 2))
[2021-05-23 15:39:02.578] TCOMMS: Aert/(Keziah Wright) [Common] (spans:  ) "Depende da pistola" (language: Galactic Common) (Wasteland (71, 86, 2))
[2021-05-23 15:39:08.387] TCOMMS: GabrielDoomBR/(Baam Frest) [Common] (spans:  ) "Qual pistola" (language: Galactic Common) (City (59, 48, 2))
[2021-05-23 15:39:26.220] TCOMMS: Kaduh/(Erika Miller) [Common] (spans:  ) "Hmm qual voces tem... quero uma simples para me proteger da vida selvagem" (language: Galactic Common) (Followers of the Apocalypse (96, 53, 2))
[2021-05-23 15:39:36.362] TCOMMS: GabrielDoomBR/(Baam Frest) [Common] (spans:  ) "Como assim" (language: Galactic Common) (City (59, 48, 2))
[2021-05-23 15:39:54.367] TCOMMS: Aert/(Keziah Wright) [Common] (spans:  ) "Você não possui armas?" (language: Galactic Common) (Wasteland (27, 190, 2))
[2021-05-23 15:39:58.170] TCOMMS: GabrielDoomBR/(Baam Frest) [Common] (spans:  ) "Sim" (language: Galactic Common) (City (59, 48, 2))
[2021-05-23 15:40:01.609] TCOMMS: GabrielDoomBR/(Baam Frest) [Common] (spans:  ) "Chega ai no oasis" (language: Galactic Common) (City (59, 48, 2))
[2021-05-23 15:40:13.767] TCOMMS: Kaduh/(Erika Miller) [Common] (spans:  ) "Só um minutinho" (language: Galactic Common) (Followers of the Apocalypse (95, 53, 2))
[2021-05-23 15:40:39.058] TCOMMS: Senhordosdoguinho/(Jose Neguinho) [Vault] (spans:  ) "Chefi vou dar uma cochilada e volto em alguns minutos" (language: Galactic Common) (Vault (24, 188, 4))
[2021-05-23 15:41:01.516] TCOMMS: Richard-Campi/(Owen Brown) [Vault] (spans:  ) "Descanse bem." (language: Galactic Common) (Vault (41, 173, 4))
[2021-05-23 15:44:29.273] TCOMMS: sondtheanime/(Kane Lens) [Command] (spans:  ) "Overseer" (language: Galactic Common) (Vault (46, 189, 4))
[2021-05-23 15:44:34.199] TCOMMS: Richard-Campi/(Owen Brown) [Command] (spans:  ) "Sim?" (language: Galactic Common) (Vault (49, 164, 4))
[2021-05-23 15:44:58.591] TCOMMS: sondtheanime/(Kane Lens) [Command] (spans:  ) "O Engenheiro chegou pra mim e perguntou, porque devemos ficar aqui..." (language: Galactic Common) (Vault (46, 189, 4))
[2021-05-23 15:45:05.311] TCOMMS: sondtheanime/(Kane Lens) [Command] (spans:  ) "Acho que ele planeja algo." (language: Galactic Common) (Vault (46, 189, 4))
[2021-05-23 15:45:19.986] TCOMMS: Richard-Campi/(Owen Brown) [Command] (spans:  ) "Obviamente para permanecemos Seguros e Puros, do mundo exterior." (language: Galactic Common) (Vault (56, 164, 4))
[2021-05-23 15:45:31.250] TCOMMS: sondtheanime/(Kane Lens) [Command] (spans:  ) "Foi o que eu disse." (language: Galactic Common) (Vault (48, 192, 4))
[2021-05-23 15:45:42.950] TCOMMS: sondtheanime/(Kane Lens) [Command] (spans:  ) "A Aquele papo estranho, de se aposentar." (language: Galactic Common) (Vault (48, 192, 4))
[2021-05-23 15:45:52.828] TCOMMS: sondtheanime/(Kane Lens) [Command] (spans:  ) "Não sei ein..." (language: Galactic Common) (Vault (48, 192, 4))
[2021-05-23 15:46:00.977] TCOMMS: Richard-Campi/(Owen Brown) [Command] (spans:  ) "Também desconfio." (language: Galactic Common) (Vault (61, 165, 4))
[2021-05-23 15:46:21.023] TCOMMS: Richard-Campi/(Owen Brown) [Command] (spans:  ) "Caso venha permanecer, decissões drásticas terão de ser tomado." (language: Galactic Common) (Vault (59, 164, 4))
[2021-05-23 15:46:30.912] TCOMMS: sondtheanime/(Kane Lens) [Command] (spans:  ) "Sim, Overseer." (language: Galactic Common) (Vault (77, 171, 4))
[2021-05-23 15:47:03.007] TCOMMS: Richard-Campi/(Owen Brown) [Vault] (spans:  ) "Por favor, todos venham a minha sala." (language: Galactic Common) (Vault (56, 173, 4))
[2021-05-23 15:47:18.298] TCOMMS: Richard-Campi/(Owen Brown) [Vault] (spans:  ) "De imediato." (language: Galactic Common) (Vault (50, 177, 4))
[2021-05-23 15:50:29.151] TCOMMS: Kaduh/(Erika Miller) [Common] (spans:  ) "Os seguidores possuem remedios para trocas" (language: Galactic Common) (Followers of the Apocalypse (89, 49, 2))
[2021-05-23 15:54:34.008] TCOMMS: ConteudoGenerico/(Thiagus Machado) [Common] (spans:  ) "Atenção, a Enclave tomou e reformou o primeiro andar do bunker, esse território agora pertence a Enclave, caso queiram explorar o segundo andar é cobrado um imposto de 5 caps, e se alguém deseja comercializar conosco nós vendemos munições, armas, armaduras, ferramentas, vestimentas e materiais" (language: Galactic Common) (Building (30, 92, 2))
[2021-05-23 15:54:54.042] TCOMMS: Aert/(Keziah Wright) [Common] (spans:  ) "Vendem armaduras de combate?" (language: Galactic Common) (NCR (10, 219, 2))
[2021-05-23 15:54:58.733] TCOMMS: ConteudoGenerico/(Thiagus Machado) [Common] (spans:  ) "E se p´recisarem de água nós temos aqui de graça" (language: Galactic Common) (Building (30, 92, 2))
[2021-05-23 15:54:59.789] TCOMMS: ConteudoGenerico/(Thiagus Machado) [Common] (spans:  ) "Sim" (language: Galactic Common) (Building (30, 92, 2))
[2021-05-23 15:55:04.855] TCOMMS: Aert/(Keziah Wright) [Common] (spans:  ) "Sem estar pintada?" (language: Galactic Common) (NCR (12, 218, 2))
[2021-05-23 15:55:06.627] TCOMMS: Senhordosdoguinho/(Jose Neguinho) [Vault] (spans:  ) "Bom dia" (language: Galactic Common) (Vault (22, 192, 4))
[2021-05-23 15:55:16.195] TCOMMS: Richard-Campi/(Owen Brown) [Vault] (spans:  ) "Logo agora desperta!" (language: Galactic Common) (Vault (48, 162, 4))
[2021-05-23 15:55:17.307] TCOMMS: ConteudoGenerico/(Thiagus Machado) [Common] (spans:  ) "Ela é preta, armadura de combate reforçada" (language: Galactic Common) (Building (30, 96, 2))
[2021-05-23 15:55:24.495] TCOMMS: Richard-Campi/(Owen Brown) [Vault] (spans:  ) "Perdeu uma reunião importante." (language: Galactic Common) (Vault (48, 162, 4))
[2021-05-23 15:55:35.440] TCOMMS: Aert/(Keziah Wright) [Common] (spans:  ) "Ela possui o simbolo da enclave nela?" (language: Galactic Common) (Wasteland (33, 217, 2))
[2021-05-23 15:55:35.981] TCOMMS: ConteudoGenerico/(Thiagus Machado) [Common] (spans:  ) "E também temos armadura de metal" (language: Galactic Common) (Building (30, 96, 2))
[2021-05-23 15:55:41.690] TCOMMS: ConteudoGenerico/(Thiagus Machado) [Common] (spans:  ) "Não" (language: Galactic Common) (Building (30, 96, 2))
[2021-05-23 15:55:44.566] TCOMMS: Senhordosdoguinho/(Jose Neguinho) [Vault] (spans:  ) "Oque foi tratado na reunião" (language: Galactic Common) (Vault (51, 196, 4))
[2021-05-23 15:55:47.694] TCOMMS: Aert/(Keziah Wright) [Common] (spans:  ) "Certo, preço?" (language: Galactic Common) (Wasteland (25, 230, 2))
[2021-05-23 15:56:18.053] TCOMMS: ConteudoGenerico/(Thiagus Machado) [Common] (spans:  ) "Capacete 30, armadura 60, conjunto fica 80" (language: Galactic Common) (Building (30, 96, 2))
[2021-05-23 15:56:34.679] TCOMMS: Aert/(Keziah Wright) [Common] (spans:  ) "Onde fica o bunker?" (language: Galactic Common) (NCR (31, 192, 2))
[2021-05-23 15:56:50.734] TCOMMS: ConteudoGenerico/(Thiagus Machado) [Common] (spans:  ) "Noroeste do oasis, é do outro aldo da rua" (language: Galactic Common) (Building (32, 92, 2))
[2021-05-23 15:57:04.477] TCOMMS: Aert/(Keziah Wright) [Common] (spans:  ) "Indo" (language: Galactic Common) (Wasteland (29, 213, 2))
[2021-05-23 15:57:13.336] TCOMMS: ConteudoGenerico/(Thiagus Machado) [Common] (spans:  ) "Ok" (language: Galactic Common) (Building (30, 95, 2))
[2021-05-23 15:57:42.249] TCOMMS: ConteudoGenerico/(Thiagus Machado) [Common] (spans:  ) "Lembrem-se de não entrar dentro da loja nem subir na mesa, se não vou entender como assalto e descarregar meu rifle em vcs" (language: Galactic Common) (Building (30, 95, 2))
[2021-05-23 15:58:48.547] TCOMMS: Richard-Campi/(Owen Brown) [Vault] (spans:  ) "Perdão, estive SSD." (language: Galactic Common) (Vault (46, 162, 4))
[2021-05-23 15:59:04.348] TCOMMS: Richard-Campi/(Owen Brown) [Vault] (spans:  ) "Apenas tratei de um assunto claro, ninguém sái, ninguém entra." (language: Galactic Common) (Vault (44, 163, 4))
[2021-05-23 15:59:24.474] TCOMMS: Luiz20/(Luiz Borgos Primeiro) [Vault] (spans:  ) "Alguem quer um suco?" (language: Galactic Common) (Vault (56, 193, 4))
[2021-05-23 16:01:15.150] TCOMMS: ConteudoGenerico/(Thiagus Machado) [Common] (spans:  ) "Vou estar fora por um peródo pra ir comprar comida, se eu voltar e tiver faltando algo eu vou quebrar os dedos de quem roubou" (language: Galactic Common) (Building (35, 98, 2))
[2021-05-23 16:01:17.455] TCOMMS: Richard-Campi/(Owen Brown) [Security] (spans:  ) "COS, por agora irei me ausentar, cuide do Refúgio como sua vida, por favor." (language: Galactic Common) (Vault (52, 185, 4))
[2021-05-23 16:01:59.136] TCOMMS: sondtheanime/(Kane Lens) [Security] (spans:  ) "Sim, senhor Overseer." (language: Galactic Common) (Vault (33, 181, 4))
[2021-05-23 16:02:05.485] TCOMMS: ConteudoGenerico/(Thiagus Machado) [Common] (spans:  ) "Galera do Oasis aparece ae, tô precisando de comprar um lanche" (language: Galactic Common) (Wasteland (57, 49, 2))
[2021-05-23 16:02:49.863] TCOMMS: ConteudoGenerico/(Thiagus Machado) [Common] (spans:  ) "Galera do Oasis?" (language: Galactic Common) (Wasteland (57, 49, 2))
[2021-05-23 16:02:53.975] TCOMMS: GabrielDoomBR/(Baam Frest) [Common] (spans:  ) "Fala" (language: Galactic Common) (Wasteland (61, 36, 2))
[2021-05-23 16:04:34.405] TCOMMS: sondtheanime/(Kane Lens) [Vault] (spans:  ) "Engenheiro, tem como vim na Science?" (language: Galactic Common) (Vault (44, 162, 4))
[2021-05-23 16:06:08.244] TCOMMS: ConteudoGenerico/(Thiagus Machado) [Common] (spans:  ) "Nós da enclave agora também cendemos Rad-X e roupa anti radiação quem quiser" (language: Galactic Common) (Building (32, 96, 2))
[2021-05-23 16:06:20.452] TCOMMS: ConteudoGenerico/(Thiagus Machado) [Common] (spans:  ) "Vendemos*" (language: Galactic Common) (Building (33, 98, 2))
[2021-05-23 16:06:41.961] TCOMMS: Luiz20/(Luiz Borgos Primeiro) [Vault] (spans:  ) "Overseer tenho algo que voce nunca viu ante" (language: Galactic Common) (Vault (48, 200, 4))
[2021-05-23 16:06:45.761] TCOMMS: Luiz20/(Luiz Borgos Primeiro) [Vault] (spans:  ) "Antes" (language: Galactic Common) (Vault (48, 200, 4))
[2021-05-23 16:07:08.438] TCOMMS: sondtheanime/(Kane Lens) [Vault] (spans:  ) "O Overseer está ao sente, estou no comando temporario da Vault. Qualquer coisa reporte a mim." (language: Galactic Common) (Vault (44, 164, 4))
[2021-05-23 16:07:15.522] TCOMMS: sondtheanime/(Kane Lens) [Vault] (spans:  ) "Overseer ausente..." (language: Galactic Common) (Vault (44, 164, 4))
[2021-05-23 16:07:22.482] TCOMMS: Luiz20/(Luiz Borgos Primeiro) [Vault] (spans:  ) "Tenho algo pra voce" (language: Galactic Common) (Vault (51, 201, 4))
[2021-05-23 16:07:27.111] TCOMMS: Luiz20/(Luiz Borgos Primeiro) [Vault] (spans:  ) "Que nunca viu antes" (language: Galactic Common) (Vault (51, 200, 4))
[2021-05-23 16:07:33.165] TCOMMS: sondtheanime/(Kane Lens) [Vault] (spans:  ) "Venha na Sciencie." (language: Galactic Common) (Vault (44, 164, 4))
[2021-05-23 16:10:47.953] TCOMMS: Senhordosdoguinho/(Jose Neguinho) [Vault] (spans:  ) "Engenheiro" (language: Galactic Common) (Vault (51, 205, 4))
[2021-05-23 16:10:55.145] TCOMMS: ConteudoGenerico/(Thiagus Machado) [Common] (spans:  ) "Encontrei uma maquina de vender chocolate nunca mais passo fome nesse karaio" (language: Galactic Common) (Building (30, 98, 2))
[2021-05-23 16:11:10.595] TCOMMS: ConteudoGenerico/(Thiagus Machado) [Common] (spans:  ) "Quem quiser comprar algadinho, doce, etc, a gnt tem aqui tbm" (language: Galactic Common) (Building (31, 98, 2))
[2021-05-23 16:11:20.086] TCOMMS: ConteudoGenerico/(Thiagus Machado) [Common] (spans:  ) "Salgadinho eu quis dizer" (language: Galactic Common) (Building (31, 98, 2))
[2021-05-23 16:12:25.567] TCOMMS: ConteudoGenerico/(Thiagus Machado) [Common] (spans:  ) "Ok como ninguém disse nada vou fechar a loja pra explorar o segundo andar" (language: Galactic Common) (Building (36, 100, 2))
[2021-05-23 16:12:31.292] TCOMMS: Aert/(Keziah Wright) [Common] (spans:  ) "Cuidado" (language: Galactic Common) (Bunker (31, 242, 4))
[2021-05-23 16:12:54.542] TCOMMS: ConteudoGenerico/(Thiagus Machado) [Common] (spans:  ) "Ok" (language: Galactic Common) (Building (30, 92, 2))
[2021-05-23 16:14:13.896] TCOMMS: ConteudoGenerico/(Thiagus Machado) [Common] (spans:  ) "Karalho" (language: Galactic Common) (Bunker Elevator (238, 230, 4))
[2021-05-23 16:14:16.581] TCOMMS: ConteudoGenerico/(Thiagus Machado) [Common] (spans:  ) "Esse mutante" (language: Galactic Common) (Bunker Elevator (238, 230, 4))
[2021-05-23 16:16:01.267] TCOMMS: Senhordosdoguinho/(Jose Neguinho) [Vault] (spans:  ) "Gg" (language: Galactic Common) (Vault (46, 206, 4))
[2021-05-23 16:16:08.258] TCOMMS: Senhordosdoguinho/(Jose Neguinho) [Vault] (spans:  ) "Temos A MACONHA" (language: Galactic Common) (Vault (46, 206, 4))
[2021-05-23 16:16:08.377] TCOMMS: ConteudoGenerico/(Thiagus Machado) [Common] (spans:  ) "Ok explorar o segundo andar foi uma má ideia" (language: Galactic Common) (Building (34, 104, 2))
[2021-05-23 16:16:21.935] TCOMMS: ConteudoGenerico/(Thiagus Machado) [Common] (spans:  ) "Se alguém vier explorar cmg eu pago 200 caps" (language: Galactic Common) (Building (36, 103, 2))
[2021-05-23 16:16:37.824] TCOMMS: ConteudoGenerico/(Thiagus Machado) [Common] (spans:  ) "Alguém?" (language: Galactic Common) (Building (36, 103, 2))
[2021-05-23 16:16:49.274] TCOMMS: ConteudoGenerico/(Thiagus Machado) [Common] (spans:  ) "Se quiser eu pag em dinheiro legionário" (language: Galactic Common) (Building (36, 103, 2))
[2021-05-23 16:16:53.338] TCOMMS: ConteudoGenerico/(Thiagus Machado) [Common] (spans:  ) "Ou dinheiro NCR" (language: Galactic Common) (Building (36, 103, 2))
[2021-05-23 16:16:57.308] TCOMMS: Aert/(Keziah Wright) [Common] (spans:  ) "Recomendo simplesmente abandonar o local e pedir reforços do seu exercito" (language: Galactic Common) (North Bunker Elevator (100, 232, 2))
[2021-05-23 16:17:09.621] TCOMMS: ConteudoGenerico/(Thiagus Machado) [Common] (spans:  ) "Eu não desisto assim" (language: Galactic Common) (Building (36, 103, 2))
[2021-05-23 16:17:35.268] TCOMMS: ConteudoGenerico/(Thiagus Machado) [Common] (spans:  ) "Olha eu preciso de ajuda pra abater 2 mutantes normais e um tunado, não é tçao difícil" (language: Galactic Common) (Building (36, 103, 2))
[2021-05-23 16:17:44.518] TCOMMS: ConteudoGenerico/(Thiagus Machado) [Common] (spans:  ) "200 caps e 1 denarius" (language: Galactic Common) (Building (36, 103, 2))
[2021-05-23 16:17:49.780] TCOMMS: ConteudoGenerico/(Thiagus Machado) [Common] (spans:  ) "Qq vcs acham?" (language: Galactic Common) (Building (36, 103, 2))
[2021-05-23 16:18:22.283] TCOMMS: ConteudoGenerico/(Thiagus Machado) [Common] (spans:  ) "Sério ninguém?" (language: Galactic Common) (Building (36, 103, 2))
[2021-05-23 16:18:28.213] TCOMMS: ConteudoGenerico/(Thiagus Machado) [Common] (spans:  ) "Ok" (language: Galactic Common) (Building (36, 97, 2))
[2021-05-23 16:18:30.682] TCOMMS: Aert/(Keziah Wright) [Common] (spans:  ) "Lidando com meus problemas aqui, desculpe-me" (language: Galactic Common) (Bunker (35, 239, 4))
[2021-05-23 16:18:47.906] TCOMMS: Senhordosdoguinho/(Jose Neguinho) [Vault] (spans:  ) "FODEU" (language: Galactic Common) (Vault (48, 207, 4))
[2021-05-23 16:18:52.803] TCOMMS: Senhordosdoguinho/(Jose Neguinho) [Vault] (spans:  ) "PEGA AS ARMAS" (language: Galactic Common) (Vault (51, 207, 4))
[2021-05-23 16:18:52.857] TCOMMS: sondtheanime/(Kane Lens) [Vault] (spans:  ) "O QUE?!" (language: Galactic Common) (Vault (51, 188, 4))
[2021-05-23 16:18:59.370] TCOMMS: Luiz20/(Luiz Borgos Primeiro) [Vault] (spans:  ) "Que foi isso?" (language: Galactic Common) (Vault (52, 197, 4))
[2021-05-23 16:19:49.990] TCOMMS: ConteudoGenerico/(Thiagus Machado) [Common] (spans:  ) "Se eu der silêncio de rádio nos próximos 10 minutos eu morri" (language: Galactic Common) (Building (33, 104, 2))
[2021-05-23 16:21:01.704] TCOMMS: Senhordosdoguinho/(Jose Neguinho) [Vault] (spans:  ) "A maconha cresceu" (language: Galactic Common) (Vault (46, 207, 4))
[2021-05-23 16:21:41.602] TCOMMS: Luiz20/(Luiz Borgos Primeiro) [Vault] (spans:  ) "Presciso de nicotina" (language: Galactic Common) (Vault (52, 198, 4))
[2021-05-23 16:21:44.338] TCOMMS: Luiz20/(Luiz Borgos Primeiro) [Vault] (spans:  ) "Agora" (language: Galactic Common) (Vault (53, 199, 4))
[2021-05-23 16:22:27.785] TCOMMS: ConteudoGenerico/(Thiagus Machado) [Common] (spans:  ) "Legal ainda tô vivo" (language: Galactic Common) (Bunker Elevator (30, 103, 2))
[2021-05-23 16:22:40.516] TCOMMS: Kaduh/(Erika Miller) [Common] (spans:  ) "Sua possição é onde?" (language: Galactic Common) (Followers of the Apocalypse (85, 57, 2))
[2021-05-23 16:23:04.247] TCOMMS: Kaduh/(Erika Miller) [Common] (spans:  ) "Temos que atualiza os registro dos seguidores de pessoas que podem morrer" (language: Galactic Common) (Followers of the Apocalypse (85, 57, 2))
[2021-05-23 16:23:06.413] TCOMMS: ConteudoGenerico/(Thiagus Machado) [Common] (spans:  ) "Bunker, tô explorando o segundo andar, tem vários mutantes, devo ter matado uns 5 ou 6 até agora" (language: Galactic Common) (Bunker Elevator (30, 103, 2))
[2021-05-23 16:23:20.763] TCOMMS: Luiz20/(Luiz Borgos Primeiro) [Vault] (spans:  ) "Posso falar no radio exterior?" (language: Galactic Common) (Vault (53, 170, 4))
[2021-05-23 16:23:21.925] TCOMMS: Kaduh/(Erika Miller) [Common] (spans:  ) "Ata nao da para manda ajuda humanitaria infelizmente" (language: Galactic Common) (Followers of the Apocalypse (85, 57, 2))
[2021-05-23 16:23:29.644] TCOMMS: sondtheanime/(Kane Lens) [Vault] (spans:  ) "Não, nos colocarar em riscos" (language: Galactic Common) (Vault (50, 206, 4))
[2021-05-23 16:23:53.018] TCOMMS: sondtheanime/(Kane Lens) [Vault] (spans:  ) "Não podemos revelar nossa existencia ao exterior" (language: Galactic Common) (Vault (61, 181, 4))
[2021-05-23 16:25:08.116] TCOMMS: Kaduh/(Erika Miller) [Common] (spans:  ) "Alguem passando fome?" (language: Galactic Common) (Followers of the Apocalypse (96, 53, 2))
[2021-05-23 16:25:24.109] TCOMMS: Kaduh/(Erika Miller) [Common] (spans:  ) "Precisa de assistentecia medica?" (language: Galactic Common) (Followers of the Apocalypse (96, 53, 2))
[2021-05-23 16:27:07.128] TCOMMS: ConteudoGenerico/(Thiagus Machado) [Common] (spans:  ) "Ei galera do apocalipse" (language: Galactic Common) (Building (38, 104, 2))
[2021-05-23 16:27:12.337] TCOMMS: ConteudoGenerico/(Thiagus Machado) [Common] (spans:  ) "Vcs tem remedios?" (language: Galactic Common) (Building (38, 104, 2))
[2021-05-23 16:28:03.861] TCOMMS: Senhordosdoguinho/(Jose Neguinho) [Vault] (spans:  ) "Denovo" (language: Galactic Common) (Vault (52, 205, 4))
[2021-05-23 16:28:18.453] TCOMMS: Nickenzo12345/(Flip Wheeler) [Common] (spans:  ) "Quem invadiu a enclave" (language: Galactic Common) (Caves (148, 19, 3))
[2021-05-23 16:28:30.360] TCOMMS: sondtheanime/(Kane Lens) [Vault] (spans:  ) "O que ses tem?" (language: Galactic Common) (Vault (46, 153, 4))
[2021-05-23 16:28:34.559] TCOMMS: ConteudoGenerico/(Thiagus Machado) [Common] (spans:  ) "Alguém invadiu a enclave?" (language: Galactic Common) (Building (32, 98, 2))
[2021-05-23 16:28:36.917] TCOMMS: sondtheanime/(Kane Lens) [Vault] (spans:  ) "Ses tão ficando doido" (language: Galactic Common) (Vault (46, 153, 4))
[2021-05-23 16:28:43.413] TCOMMS: Nickenzo12345/(Flip Wheeler) [Common] (spans:  ) "Prerece" (language: Galactic Common) (Caves (148, 26, 3))
[2021-05-23 16:28:47.728] TCOMMS: Nickenzo12345/(Flip Wheeler) [Common] (spans:  ) "Parece que sim" (language: Galactic Common) (Caves (147, 22, 3))
[2021-05-23 16:28:51.735] TCOMMS: ConteudoGenerico/(Thiagus Machado) [Common] (spans:  ) "Flip vc é da Enclave?" (language: Galactic Common) (Building (32, 98, 2))
[2021-05-23 16:28:55.519] TCOMMS: Nickenzo12345/(Flip Wheeler) [Common] (spans:  ) "Sim" (language: Galactic Common) (Caves (140, 15, 3))
[2021-05-23 16:29:06.197] TCOMMS: ConteudoGenerico/(Thiagus Machado) [Common] (spans:  ) "Ótimo eu tbm sou, eu me mudei pro bunker" (language: Galactic Common) (Building (32, 98, 2))
[2021-05-23 16:29:13.452] TCOMMS: Nickenzo12345/(Flip Wheeler) [Common] (spans:  ) "Aqi e melhor" (language: Galactic Common) (Caves (140, 10, 3))
[2021-05-23 16:29:17.570] TCOMMS: Nickenzo12345/(Flip Wheeler) [Common] (spans:  ) "Tem mais tech aqi" (language: Galactic Common) (Caves (140, 10, 3))
[2021-05-23 16:29:18.202] TCOMMS: ConteudoGenerico/(Thiagus Machado) [Common] (spans:  ) "Traz as coisas da Enclave pra cá" (language: Galactic Common) (Building (32, 98, 2))
[2021-05-23 16:29:21.616] TCOMMS: ConteudoGenerico/(Thiagus Machado) [Common] (spans:  ) "Confia aqui é melhor" (language: Galactic Common) (Building (32, 98, 2))
[2021-05-23 16:29:26.633] TCOMMS: Nickenzo12345/(Flip Wheeler) [Common] (spans:  ) "Que bunker?" (language: Galactic Common) (Caves (140, 8, 3))
[2021-05-23 16:29:29.847] TCOMMS: ConteudoGenerico/(Thiagus Machado) [Common] (spans:  ) "Fiz até uma lojinha" (language: Galactic Common) (Building (32, 98, 2))
[2021-05-23 16:29:34.745] TCOMMS: ConteudoGenerico/(Thiagus Machado) [Common] (spans:  ) "Nororeste do Oasis" (language: Galactic Common) (Building (32, 98, 2))
[2021-05-23 16:29:42.202] TCOMMS: Aert/(Keziah Wright) [Common] (spans:  ) "Enclave" (language: Galactic Common) (Bunker (22, 247, 4))
[2021-05-23 16:29:44.462] TCOMMS: Aert/(Keziah Wright) [Common] (spans:  ) "Tem um livro pra power armor?" (language: Galactic Common) (Bunker (22, 247, 4))
[2021-05-23 16:29:46.434] TCOMMS: Nickenzo12345/(Flip Wheeler) [Common] (spans:  ) "E melhor aqi" (language: Galactic Common) (Enclave (139, 17, 3))
[2021-05-23 16:29:51.420] TCOMMS: Nickenzo12345/(Flip Wheeler) [Common] (spans:  ) "Nao" (language: Galactic Common) (Enclave (139, 19, 3))
[2021-05-23 16:30:20.395] TCOMMS: ConteudoGenerico/(Thiagus Machado) [Common] (spans:  ) "Ctz? aqui tem munição pra cacete, comida quase infinita e no andar de cima tem um monte de medicina" (language: Galactic Common) (Building (32, 98, 2))
[2021-05-23 16:30:42.664] TCOMMS: Nickenzo12345/(Flip Wheeler) [Common] (spans:  ) "Aqi tem mais tech da pra fazer comida e da pra muniçao" (language: Galactic Common) (Enclave (139, 19, 3))
[2021-05-23 16:30:51.628] TCOMMS: Nickenzo12345/(Flip Wheeler) [Common] (spans:  ) "Uma hora essa muniçao vai acabar" (language: Galactic Common) (Enclave (139, 20, 3))
[2021-05-23 16:32:19.692] TCOMMS: ConteudoGenerico/(Thiagus Machado) [Common] (spans:  ) "Olha já que a Enclave é melhor" (language: Galactic Common) (Building (36, 97, 2))
[2021-05-23 16:32:24.601] TCOMMS: ConteudoGenerico/(Thiagus Machado) [Common] (spans:  ) "Vou fazer o seguinte" (language: Galactic Common) (Building (36, 97, 2))
[2021-05-23 16:32:45.028] TCOMMS: ConteudoGenerico/(Thiagus Machado) [Common] (spans:  ) "Eu vou terminar o loot no segundo andar e dps transportar tudo pra Enclave" (language: Galactic Common) (Building (36, 97, 2))
[2021-05-23 16:32:49.387] TCOMMS: ConteudoGenerico/(Thiagus Machado) [Common] (spans:  ) "Qq tu acha?" (language: Galactic Common) (Building (36, 97, 2))
[2021-05-23 16:33:08.184] TCOMMS: Nickenzo12345/(Flip Wheeler) [Common] (spans:  ) "Otimo" (language: Galactic Common) (Caves (143, 34, 3))
[2021-05-23 16:34:01.296] TCOMMS: sondtheanime/(Kane Lens) [Vault] (spans:  ) "Irei ficar SSD por um momento" (language: Galactic Common) (Vault (51, 188, 4))
[2021-05-23 16:34:40.531] TCOMMS: Senhordosdoguinho/(Jose Neguinho) [Vault] (spans:  ) "Ele ficou ssd" (language: Galactic Common) (Vault (22, 181, 4))
[2021-05-23 16:34:56.999] TCOMMS: Aert/(Keziah Wright) [Common] (spans:  ) "Oasis" (language: Galactic Common) (NCR (39, 224, 2))
[2021-05-23 16:35:04.627] TCOMMS: GabrielDoomBR/(Baam Frest) [Common] (spans:  ) "Fala" (language: Galactic Common) (City (59, 48, 2))
[2021-05-23 16:35:14.778] TCOMMS: albertovinhofino/(Armando Bash) [Common] (spans:  ) "Oasis abre quando?" (language: Galactic Common) (Wasteland (73, 48, 2))
[2021-05-23 16:35:18.741] TCOMMS: Aert/(Keziah Wright) [Common] (spans:  ) "Quanto tu compra breacher blueprint por?" (language: Galactic Common) (NCR (37, 221, 2))
[2021-05-23 16:35:28.644] TCOMMS: GabrielDoomBR/(Baam Frest) [Common] (spans:  ) "350 caps" (language: Galactic Common) (City (59, 48, 2))
[2021-05-23 16:35:39.139] TCOMMS: Aert/(Keziah Wright) [Common] (spans:  ) "E uma blueprint de lmg?" (language: Galactic Common) (NCR (37, 220, 2))
[2021-05-23 16:35:48.227] TCOMMS: GabrielDoomBR/(Baam Frest) [Common] (spans:  ) "Qual tipo de lmg" (language: Galactic Common) (City (59, 48, 2))
[2021-05-23 16:35:59.203] TCOMMS: Aert/(Keziah Wright) [Common] (spans:  ) "Uhh" (language: Galactic Common) (Wasteland (45, 217, 2))
[2021-05-23 16:36:02.310] TCOMMS: Aert/(Keziah Wright) [Common] (spans:  ) "R84" (language: Galactic Common) (Wasteland (45, 217, 2))
[2021-05-23 16:36:16.704] TCOMMS: Kaduh/(Erika Miller) [Common] (spans:  ) "Alguem cozinha?" (language: Galactic Common) (Followers of the Apocalypse (94, 52, 2))
[2021-05-23 16:36:23.904] TCOMMS: Kaduh/(Erika Miller) [Common] (spans:  ) "Eu tenho oleo de cozinha para vender" (language: Galactic Common) (Followers of the Apocalypse (94, 52, 2))
[2021-05-23 16:36:53.444] TCOMMS: GabrielDoomBR/(Baam Frest) [Common] (spans:  ) "To comprando lmg não" (language: Galactic Common) (City (59, 48, 2))
[2021-05-23 16:36:56.852] TCOMMS: GabrielDoomBR/(Baam Frest) [Common] (spans:  ) "Só a breacher mesmo" (language: Galactic Common) (City (59, 48, 2))
[2021-05-23 16:37:11.655] TCOMMS: Aert/(Keziah Wright) [Common] (spans:  ) "E quanto tu paga pela breacher em si?" (language: Galactic Common) (NCR (36, 222, 2))
[2021-05-23 16:37:17.978] TCOMMS: GabrielDoomBR/(Baam Frest) [Common] (spans:  ) "400 caps" (language: Galactic Common) (City (60, 48, 2))
[2021-05-23 16:37:26.025] TCOMMS: Aert/(Keziah Wright) [Common] (spans:  ) "Vou te dar tanto a blueprint quando a breacher" (language: Galactic Common) (NCR (36, 224, 2))
[2021-05-23 16:37:34.085] TCOMMS: Aert/(Keziah Wright) [Common] (spans:  ) "Cartuchos inclusos" (language: Galactic Common) (NCR (38, 224, 2))
[2021-05-23 16:37:39.897] TCOMMS: GabrielDoomBR/(Baam Frest) [Common] (spans:  ) "Traz ae" (language: Galactic Common) (City (60, 48, 2))
[2021-05-23 16:38:04.199] TCOMMS: ConteudoGenerico/(Thiagus Machado) [Common] (spans:  ) "Ei flip" (language: Galactic Common) (Building (36, 103, 2))
[2021-05-23 16:38:08.514] TCOMMS: ConteudoGenerico/(Thiagus Machado) [Common] (spans:  ) "Terminei o loot" (language: Galactic Common) (Building (36, 103, 2))
[2021-05-23 16:38:17.097] TCOMMS: ConteudoGenerico/(Thiagus Machado) [Common] (spans:  ) "Tu me ajuda a transportar as coisas?" (language: Galactic Common) (Building (36, 103, 2))
[2021-05-23 16:38:22.548] TCOMMS: ConteudoGenerico/(Thiagus Machado) [Common] (spans:  ) "Pq é coisa pra kct aqui" (language: Galactic Common) (Building (36, 103, 2))
[2021-05-23 16:38:24.194] TCOMMS: Senhordosdoguinho/(Jose Neguinho) [Vault] (spans:  ) "Alou" (language: Galactic Common) (Vault (60, 189, 4))
[2021-05-23 16:40:58.827] TCOMMS: ConteudoGenerico/(Thiagus Machado) [Common] (spans:  ) "Flip tá aí?" (language: Galactic Common) (Building (33, 96, 2))
[2021-05-23 16:41:03.175] TCOMMS: Nickenzo12345/(Flip Wheeler) [Common] (spans:  ) "Sim" (language: Galactic Common) (Tunnel (154, 25, 3))
[2021-05-23 16:41:18.922] TCOMMS: ConteudoGenerico/(Thiagus Machado) [Common] (spans:  ) "Vem cá no bunker me ajudar a transportar os bagulho pra enclave" (language: Galactic Common) (Building (31, 96, 2))
[2021-05-23 16:41:24.368] TCOMMS: ConteudoGenerico/(Thiagus Machado) [Common] (spans:  ) "Tá com um loot da karalho" (language: Galactic Common) (Building (31, 96, 2))
[2021-05-23 16:41:27.468] TCOMMS: Nickenzo12345/(Flip Wheeler) [Common] (spans:  ) "To minerando" (language: Galactic Common) (Tunnel (156, 20, 3))
[2021-05-23 16:41:33.386] TCOMMS: Nickenzo12345/(Flip Wheeler) [Common] (spans:  ) "Pega caixa ai" (language: Galactic Common) (Tunnel (162, 24, 3))
[2021-05-23 16:41:39.785] TCOMMS: ConteudoGenerico/(Thiagus Machado) [Common] (spans:  ) "Ok" (language: Galactic Common) (Building (31, 96, 2))
[2021-05-23 16:41:43.826] TCOMMS: ConteudoGenerico/(Thiagus Machado) [Common] (spans:  ) "Só tem um problema" (language: Galactic Common) (Building (31, 96, 2))
[2021-05-23 16:41:51.281] TCOMMS: ConteudoGenerico/(Thiagus Machado) [Common] (spans:  ) "Eu esqueci onde fica a Enclave" (language: Galactic Common) (Building (31, 96, 2))
[2021-05-23 16:41:58.820] TCOMMS: Nickenzo12345/(Flip Wheeler) [Common] (spans:  ) "Ta" (language: Galactic Common) (Enclave (140, 17, 3))
[2021-05-23 16:42:01.141] TCOMMS: Nickenzo12345/(Flip Wheeler) [Common] (spans:  ) "To indo" (language: Galactic Common) (Enclave (139, 18, 3))
[2021-05-23 16:42:17.902] TCOMMS: ConteudoGenerico/(Thiagus Machado) [Common] (spans:  ) "Eu lembro que eu tinha saído de um esgoto" (language: Galactic Common) (Building (31, 96, 2))
[2021-05-23 16:42:22.664] TCOMMS: ConteudoGenerico/(Thiagus Machado) [Common] (spans:  ) "Mas n lembro onde" (language: Galactic Common) (Building (31, 96, 2))
[2021-05-23 16:42:25.756] TCOMMS: Nickenzo12345/(Flip Wheeler) [Common] (spans:  ) "Eu sei onde fica" (language: Galactic Common) (Tunnel (122, 60, 3))
[2021-05-23 16:42:30.532] TCOMMS: Nickenzo12345/(Flip Wheeler) [Common] (spans:  ) "De core" (language: Galactic Common) (Tunnel (122, 75, 3))
[2021-05-23 16:43:13.168] TCOMMS: ConteudoGenerico/(Thiagus Machado) [Common] (spans:  ) "Atenção clientes a loja do bunker fechou" (language: Galactic Common) (Building (33, 96, 2))
[2021-05-23 16:43:20.446] TCOMMS: ConteudoGenerico/(Thiagus Machado) [Common] (spans:  ) "Os armarios separados aqui são da Enclave" (language: Galactic Common) (Building (33, 96, 2))
[2021-05-23 16:43:28.285] TCOMMS: ConteudoGenerico/(Thiagus Machado) [Common] (spans:  ) "Tenta roubar q tu vai levar uma só" (language: Galactic Common) (Building (33, 96, 2))
[2021-05-23 16:44:30.140] TCOMMS: GabrielDoomBR/(Baam Frest) [Common] (spans:  ) "Oasis fechado" (language: Galactic Common) (City (60, 46, 2))
[2021-05-23 16:45:55.284] TCOMMS: Luiz20/(Luiz Borgos Primeiro) [Common] (spans:  ) "Olá pessoa do mundo exterior" (language: Galactic Common) (Vault (32, 180, 4))
[2021-05-23 16:46:12.517] TCOMMS: ConteudoGenerico/(Thiagus Machado) [Common] (spans:  ) "Olá mutante" (language: Galactic Common) (Building (37, 95, 2))
[2021-05-23 16:46:21.451] TCOMMS: Luiz20/(Luiz Borgos Primeiro) [Common] (spans:  ) "Mutante nada" (language: Galactic Common) (Vault (50, 170, 4))
[2021-05-23 16:46:28.595] TCOMMS: Luiz20/(Luiz Borgos Primeiro) [Common] (spans:  ) "Faço parte da vault" (language: Galactic Common) (Vault (55, 171, 4))
[2021-05-23 16:46:28.945] TCOMMS: Aert/(Keziah Wright) [Common] (spans:  ) "Minha armadura potente possui 6996 de energia" (language: Galactic Common) (Wasteland (240, 184, 2))
[2021-05-23 16:46:32.724] TCOMMS: ConteudoGenerico/(Thiagus Machado) [Common] (spans:  ) "Fique longe do bunker estou organizando ármarios para transporte de materiais para enclave" (language: Galactic Common) (Building (37, 95, 2))
[2021-05-23 16:47:06.378] TCOMMS: Luiz20/(Luiz Borgos Primeiro) [Common] (spans:  ) "Estamos saindo da vault pra nunca mais voltar" (language: Galactic Common) (Vault (57, 162, 4))
[2021-05-23 16:47:18.513] TCOMMS: albertovinhofino/(Armando Bash) [Common] (spans:  ) "Quem precisar de ajuda medica, e está pela cidade, eu ajudo" (language: Galactic Common) (Wasteland (216, 132, 2))
[2021-05-23 16:52:08.954] TCOMMS: Luiz20/(Luiz Borgos Primeiro) [Common] (spans:  ) "Oasis" (language: Galactic Common) (Vault (52, 207, 4))
[2021-05-23 16:52:35.400] TCOMMS: Luiz20/(Luiz Borgos Primeiro) [Common] (spans:  ) "Eu ouvi essa palavra no radio oque significa?" (language: Galactic Common) (Vault (52, 207, 4))
[2021-05-23 16:52:47.913] TCOMMS: Aert/(Keziah Wright) [Common] (spans:  ) "O que?" (language: Galactic Common) (NCR (21, 210, 2))
[2021-05-23 16:52:57.503] TCOMMS: Luiz20/(Luiz Borgos Primeiro) [Common] (spans:  ) "Oque seria oasis?" (language: Galactic Common) (Vault (58, 191, 4))
[2021-05-23 16:53:04.628] TCOMMS: Senhordosdoguinho/(Jose Neguinho) [Common] (spans:  ) "Somos desertores da vault tech corporation" (language: Galactic Common) (Vault (61, 185, 4))
[2021-05-23 16:53:05.207] TCOMMS: AlexAlbright/(Alex Magnus Primeiro) [Common] (spans:  ) "Os mutantes estão invadindo" (language: Galactic Common) (Wasteland (211, 62, 2))
[2021-05-23 16:53:11.341] TCOMMS: Aert/(Keziah Wright) [Common] (spans:  ) "Uma cidade" (language: Galactic Common) (NCR (21, 210, 2))
[2021-05-23 16:53:13.703] TCOMMS: AlexAlbright/(Alex Magnus Primeiro) [Common] (spans:  ) "Luiz vai para a sua caverna" (language: Galactic Common) (Wasteland (211, 62, 2))
[2021-05-23 16:53:17.624] TCOMMS: Kaduh/(Erika Miller) [Common] (spans:  ) "Um lugar seguro no meio do derseto" (language: Galactic Common) (Followers of the Apocalypse (94, 57, 2))
[2021-05-23 16:53:27.393] TCOMMS: Kaduh/(Erika Miller) [Common] (spans:  ) "Um esperação de civilização..." (language: Galactic Common) (Followers of the Apocalypse (97, 57, 2))
[2021-05-23 16:53:30.848] TCOMMS: Kaduh/(Erika Miller) [Common] (spans:  ) "Esperança" (language: Galactic Common) (Followers of the Apocalypse (97, 57, 2))
[2021-05-23 16:53:37.656] TCOMMS: Luiz20/(Luiz Borgos Primeiro) [Common] (spans:  ) "Estamos saindo da vault" (language: Galactic Common) (Vault (45, 170, 4))
[2021-05-23 16:53:37.879] TCOMMS: Kaduh/(Erika Miller) [Common] (spans:  ) "Uma cidade" (language: Galactic Common) (Followers of the Apocalypse (97, 57, 2))
[2021-05-23 16:53:44.853] TCOMMS: Luiz20/(Luiz Borgos Primeiro) [Common] (spans:  ) "Estamos cansados de viver aqui" (language: Galactic Common) (Vault (48, 167, 4))
[2021-05-23 16:54:06.464] TCOMMS: Kaduh/(Erika Miller) [Common] (spans:  ) "Simm!!! isso é bom nao precisamos temer o mundo lá fora" (language: Galactic Common) (Followers of the Apocalypse (96, 58, 2))
[2021-05-23 16:54:08.496] TCOMMS: Aert/(Keziah Wright) [Common] (spans:  ) "Caso precise de ajuda" (language: Galactic Common) (Wasteland (32, 218, 2))
[2021-05-23 16:54:10.188] TCOMMS: Aert/(Keziah Wright) [Common] (spans:  ) "É só chamar" (language: Galactic Common) (Wasteland (32, 218, 2))
[2021-05-23 16:54:33.735] TCOMMS: Kaduh/(Erika Miller) [Common] (spans:  ) "Se todo mundo fazer sua parte da para viver em paz" (language: Galactic Common) (Followers of the Apocalypse (96, 58, 2))
[2021-05-23 16:54:51.917] TCOMMS: Luiz20/(Luiz Borgos Primeiro) [Common] (spans:  ) "Já que estamos saindo" (language: Galactic Common) (Vault (42, 155, 4))
[2021-05-23 16:54:53.498] TCOMMS: Aert/(Keziah Wright) [Common] (spans:  ) "Seguidora" (language: Galactic Common) (NCR (38, 224, 2))
[2021-05-23 16:54:56.172] TCOMMS: Aert/(Keziah Wright) [Common] (spans:  ) "Ainda precisa de uma arma?" (language: Galactic Common) (NCR (38, 224, 2))
[2021-05-23 16:54:58.483] TCOMMS: Luiz20/(Luiz Borgos Primeiro) [Common] (spans:  ) "Precisamos de um abrigo" (language: Galactic Common) (Vault (44, 158, 4))
[2021-05-23 16:55:09.151] TCOMMS: Kaduh/(Erika Miller) [Common] (spans:  ) "Eu tenho uma para matar montro pequenos" (language: Galactic Common) (Followers of the Apocalypse (97, 56, 2))
[2021-05-23 16:55:12.854] TCOMMS: Senhordosdoguinho/(Jose Neguinho) [Vault] (spans:  ) "A armory" (language: Galactic Common) (Vault (43, 155, 4))
[2021-05-23 16:55:16.092] TCOMMS: Kaduh/(Erika Miller) [Common] (spans:  ) "Aqui em volta do hospital" (language: Galactic Common) (Followers of the Apocalypse (97, 56, 2))
[2021-05-23 16:55:26.269] TCOMMS: Aert/(Keziah Wright) [Common] (spans:  ) "Creio que o Oasis foi fechado" (language: Galactic Common) (NCR (8, 215, 2))
[2021-05-23 16:55:56.496] TCOMMS: Kaduh/(Erika Miller) [Common] (spans:  ) "Podem fica por volta aqui do hospital se quiserem" (language: Galactic Common) (Followers of the Apocalypse (95, 57, 2))
[2021-05-23 16:56:03.606] TCOMMS: Luiz20/(Luiz Borgos Primeiro) [Common] (spans:  ) "Algum ser mortal teria um abrigo para morarmos?" (language: Galactic Common) (Vault (40, 154, 4))
[2021-05-23 16:56:09.806] TCOMMS: Kaduh/(Erika Miller) [Common] (spans:  ) "Aqui sempre tera comida e remedios" (language: Galactic Common) (Followers of the Apocalypse (95, 57, 2))
[2021-05-23 16:56:10.539] TCOMMS: AlexAlbright/(Alex Magnus Primeiro) [Common] (spans:  ) "Por que voces da vault não construem uma cidade aqui na região?" (language: Galactic Common) (Wasteland (211, 57, 2))
[2021-05-23 16:56:23.997] TCOMMS: Luiz20/(Luiz Borgos Primeiro) [Common] (spans:  ) "Bom" (language: Galactic Common) (Vault (41, 154, 4))
[2021-05-23 16:56:37.049] TCOMMS: Luiz20/(Luiz Borgos Primeiro) [Common] (spans:  ) "Estamos fujindo na verdade" (language: Galactic Common) (Vault (41, 154, 4))
[2021-05-23 16:56:41.873] TCOMMS: Luiz20/(Luiz Borgos Primeiro) [Common] (spans:  ) "O overseer tá ssd" (language: Galactic Common) (Vault (41, 154, 4))
[2021-05-23 16:56:47.885] TCOMMS: Luiz20/(Luiz Borgos Primeiro) [Common] (spans:  ) "E o cos foi pra matrix" (language: Galactic Common) (Vault (41, 154, 4))
[2021-05-23 16:56:52.149] TCOMMS: Kaduh/(Erika Miller) [Common] (spans:  ) "O overseer nao sabe?" (language: Galactic Common) (Followers of the Apocalypse (87, 48, 3))
[2021-05-23 16:56:56.414] TCOMMS: Luiz20/(Luiz Borgos Primeiro) [Common] (spans:  ) "Não" (language: Galactic Common) (Vault (41, 154, 4))
[2021-05-23 16:57:03.846] TCOMMS: Kaduh/(Erika Miller) [Common] (spans:  ) "Sejam cautelosos" (language: Galactic Common) (Followers of the Apocalypse (92, 48, 2))
[2021-05-23 16:57:20.624] TCOMMS: Kaduh/(Erika Miller) [Common] (spans:  ) "Os seguidores são favor da liberdade e da iguadade" (language: Galactic Common) (Followers of the Apocalypse (91, 48, 2))
[2021-05-23 16:57:58.540] TCOMMS: Nickenzo12345/(Flip Wheeler) [Common] (spans:  ) "Alguem sabe fazer polvora?" (language: Galactic Common) (Enclave (129, 21, 3))
[2021-05-23 16:58:07.334] TCOMMS: Kaduh/(Erika Miller) [Common] (spans:  ) "Boa pergunta" (language: Galactic Common) (Followers of the Apocalypse (85, 52, 2))
[2021-05-23 16:58:08.618] TCOMMS: Luiz20/(Luiz Borgos Primeiro) [Vault] (spans:  ) "É pra ca" (language: Galactic Common) (Caves (44, 132, 4))
[2021-05-23 16:58:16.697] TCOMMS: Kaduh/(Erika Miller) [Common] (spans:  ) "A gente acha polvora da sucata" (language: Galactic Common) (Followers of the Apocalypse (85, 52, 2))
[2021-05-23 16:58:30.497] TCOMMS: Nickenzo12345/(Flip Wheeler) [Common] (spans:  ) "Foda viu" (language: Galactic Common) (Enclave (136, 24, 3))
[2021-05-23 16:58:42.613] TCOMMS: Kaduh/(Erika Miller) [Common] (spans:  ) "Nao sei tem um jeito mais facil" (language: Galactic Common) (Followers of the Apocalypse (96, 55, 2))
[2021-05-23 16:59:14.341] TCOMMS: Aert/(Keziah Wright) [Common] (spans:  ) "Achei um seguidor morto" (language: Galactic Common) (Wasteland (166, 133, 2))
[2021-05-23 17:00:05.225] TCOMMS: Kaduh/(Erika Miller) [Common] (spans:  ) "Vault tão tento problema no caminho?" (language: Galactic Common) (Followers of the Apocalypse (85, 55, 3))
[2021-05-23 17:00:16.943] TCOMMS: Kaduh/(Erika Miller) [Common] (spans:  ) "É cheio de montros ai em baixo" (language: Galactic Common) (Followers of the Apocalypse (81, 48, 2))
[2021-05-23 17:00:31.163] TCOMMS: Luiz20/(Luiz Borgos Primeiro) [Common] (spans:  ) "Tamo chegando no 1 andar" (language: Galactic Common) (Caves (81, 140, 4))
[2021-05-23 17:00:37.124] TCOMMS: ConteudoGenerico/(Thiagus Machado) [Common] (spans:  ) "Voltei tinha ficado ssd por uns segundos" (language: Galactic Common) (Enclave (130, 20, 3))
[2021-05-23 17:00:56.249] TCOMMS: Aert/(Keziah Wright) [Common] (spans:  ) "Creio que sei onde estão" (language: Galactic Common) (Wasteland (120, 159, 2))
[2021-05-23 17:00:57.820] TCOMMS: Aert/(Keziah Wright) [Common] (spans:  ) "Irei ai" (language: Galactic Common) (Wasteland (120, 159, 2))
[2021-05-23 17:01:07.703] TCOMMS: ConteudoGenerico/(Thiagus Machado) [Enclave] (spans:  ) "Vou ir pegar a pólvora lá no bunker, fuçei todas as máquinas nao achei anda de polvora" (language: Galactic Common) (Enclave (130, 20, 3))
[2021-05-23 17:03:11.329] TCOMMS: Luiz20/(Luiz Borgos Primeiro) [Vault] (spans:  ) "Desce" (language: Galactic Common) (Tunnel (89, 155, 4))
[2021-05-23 17:03:53.260] TCOMMS: Luiz20/(Luiz Borgos Primeiro) [Common] (spans:  ) "Prescisamos de ajuda" (language: Galactic Common) (Tunnel (89, 156, 4))
[2021-05-23 17:03:57.150] TCOMMS: Aert/(Keziah Wright) [Common] (spans:  ) "Indo" (language: Galactic Common) (Caves (30, 246, 3))
[2021-05-23 17:04:00.318] TCOMMS: Luiz20/(Luiz Borgos Primeiro) [Common] (spans:  ) "Para matar um monstro" (language: Galactic Common) (Tunnel (89, 156, 4))
[2021-05-23 17:04:02.149] TCOMMS: Aert/(Keziah Wright) [Common] (spans:  ) "Subterraneo, certo?" (language: Galactic Common) (Caves (29, 246, 3))
[2021-05-23 17:04:07.214] TCOMMS: Luiz20/(Luiz Borgos Primeiro) [Common] (spans:  ) "Sim" (language: Galactic Common) (Tunnel (89, 156, 4))
[2021-05-23 17:04:28.152] TCOMMS: Aert/(Keziah Wright) [Common] (spans:  ) "Apenas preciso achar a entrada" (language: Galactic Common) (Caves (23, 223, 3))
[2021-05-23 17:04:46.136] TCOMMS: ConteudoGenerico/(Thiagus Machado) [Enclave] (spans:  ) "Vou voltar no bunker pra ver se tem algumqa coisa q a gnt deixou passar lá e ´passar lá no Oasis fazer uams compras" (language: Galactic Common) (Enclave (130, 23, 3))
[2021-05-23 17:05:31.496] TCOMMS: Aert/(Keziah Wright) [Common] (spans:  ) "Esse lugar é um labirinto" (language: Galactic Common) (Caves (18, 246, 3))
[2021-05-23 17:05:32.014] TCOMMS: Aert/(Keziah Wright) [Common] (spans:  ) "Calma" (language: Galactic Common) (Caves (18, 246, 3))
[2021-05-23 17:05:49.223] TCOMMS: Luiz20/(Luiz Borgos Primeiro) [Common] (spans:  ) "Cuidado com os wanamingo" (language: Galactic Common) (Tunnel (9, 219, 3))
[2021-05-23 17:06:28.382] TCOMMS: Aert/(Keziah Wright) [Common] (spans:  ) "Vou ter que buscar outra rota" (language: Galactic Common) (Caves (44, 186, 3))
[2021-05-23 17:06:32.183] TCOMMS: Aert/(Keziah Wright) [Common] (spans:  ) "Não estou com equipamento para derrubar paredes" (language: Galactic Common) (Caves (44, 186, 3))
[2021-05-23 17:06:39.034] TCOMMS: Luiz20/(Luiz Borgos Primeiro) [Common] (spans:  ) "Ajente tá fudido" (language: Galactic Common) (Tunnel (88, 156, 4))
[2021-05-23 17:06:40.329] TCOMMS: ConteudoGenerico/(Thiagus Machado) [Common] (spans:  ) "Ae tiozin do Oasis, abre o portão ae" (language: Galactic Common) (Wasteland (56, 51, 2))
[2021-05-23 17:06:42.017] TCOMMS: Luiz20/(Luiz Borgos Primeiro) [Common] (spans:  ) "Vamo tentar" (language: Galactic Common) (Tunnel (88, 156, 4))
[2021-05-23 17:06:45.454] TCOMMS: Aert/(Keziah Wright) [Common] (spans:  ) "Aguentem firme" (language: Galactic Common) (Caves (19, 201, 3))
[2021-05-23 17:06:49.033] TCOMMS: Aert/(Keziah Wright) [Common] (spans:  ) "E não entrem em perigo" (language: Galactic Common) (Caves (19, 201, 3))
[2021-05-23 17:06:52.380] TCOMMS: ConteudoGenerico/(Thiagus Machado) [Common] (spans:  ) "Quero comercializar" (language: Galactic Common) (Wasteland (56, 51, 2))
[2021-05-23 17:07:15.784] TCOMMS: ConteudoGenerico/(Thiagus Machado) [Common] (spans:  ) "Galerinha do Oasis?" (language: Galactic Common) (Wasteland (56, 51, 2))
[2021-05-23 17:07:17.028] TCOMMS: Luiz20/(Luiz Borgos Primeiro) [Common] (spans:  ) "ESTAMOS" (language: Galactic Common) (Wasteland (18, 184, 2))
[2021-05-23 17:07:23.234] TCOMMS: Luiz20/(Luiz Borgos Primeiro) [Common] (spans:  ) "NO MUNDO" (language: Galactic Common) (Wasteland (19, 184, 2))
[2021-05-23 17:07:26.055] TCOMMS: Luiz20/(Luiz Borgos Primeiro) [Common] (spans:  ) "FINALMENTE" (language: Galactic Common) (Wasteland (19, 184, 2))
[2021-05-23 17:07:27.670] TCOMMS: Aert/(Keziah Wright) [Common] (spans:  ) "Conseguiram sair?" (language: Galactic Common) (NCR (46, 236, 2))
[2021-05-23 17:07:33.537] TCOMMS: ConteudoGenerico/(Thiagus Machado) [Common] (spans:  ) "Oasis?" (language: Galactic Common) (Wasteland (56, 51, 2))
[2021-05-23 17:07:33.907] TCOMMS: Luiz20/(Luiz Borgos Primeiro) [Common] (spans:  yell ) "SIM!!" (language: Galactic Common) (Wasteland (20, 184, 2))
[2021-05-23 17:07:38.559] TCOMMS: Aert/(Keziah Wright) [Common] (spans:  ) "Descreva o local" (language: Galactic Common) (Wasteland (43, 208, 2))
[2021-05-23 17:07:46.432] TCOMMS: Luiz20/(Luiz Borgos Primeiro) [Common] (spans:  ) "Não sei bem" (language: Galactic Common) (Wasteland (34, 186, 2))
[2021-05-23 17:07:52.496] TCOMMS: ConteudoGenerico/(Thiagus Machado) [Common] (spans:  ) "É o pessoal do Oasis tá dormindo" (language: Galactic Common) (Wasteland (56, 52, 2))
[2021-05-23 17:07:55.222] TCOMMS: Senhordosdoguinho/(Jose Neguinho) [Common] (spans:  ) "Base da ncr" (language: Galactic Common) (Wasteland (35, 185, 2))
[2021-05-23 17:07:57.431] TCOMMS: Kaduh/(Erika Miller) [Common] (spans:  ) "Se precisa sei primeiros socorros" (language: Galactic Common) (Followers of the Apocalypse (94, 57, 2))
[2021-05-23 17:08:05.236] TCOMMS: Senhordosdoguinho/(Jose Neguinho) [Common] (spans:  ) "Nois ta na base da ncr" (language: Galactic Common) (Wasteland (31, 185, 2))
[2021-05-23 17:08:30.927] TCOMMS: ConteudoGenerico/(Thiagus Machado) [Common] (spans:  ) "Pessoal do apocalipse vcs tem munição?" (language: Galactic Common) (Wasteland (73, 61, 2))
[2021-05-23 17:08:43.369] TCOMMS: Kaduh/(Erika Miller) [Common] (spans:  ) "Nao temos muita" (language: Galactic Common) (Followers of the Apocalypse (90, 49, 2))
[2021-05-23 17:08:50.974] TCOMMS: ConteudoGenerico/(Thiagus Machado) [Common] (spans:  ) "Tem de 5.56?" (language: Galactic Common) (Wasteland (99, 57, 2))
[2021-05-23 17:08:58.171] TCOMMS: Kaduh/(Erika Miller) [Common] (spans:  ) "Nao eu tenho um 9mm" (language: Galactic Common) (Followers of the Apocalypse (90, 49, 2))
[2021-05-23 17:09:06.761] TCOMMS: ConteudoGenerico/(Thiagus Machado) [Common] (spans:  ) "Ah entã n serve" (language: Galactic Common) (Wasteland (75, 60, 2))
[2021-05-23 17:09:09.470] TCOMMS: ConteudoGenerico/(Thiagus Machado) [Common] (spans:  ) "Obg msm assim" (language: Galactic Common) (Wasteland (75, 60, 2))
[2021-05-23 17:09:28.240] TCOMMS: ConteudoGenerico/(Thiagus Machado) [Common] (spans:  ) "Oasis nao me faz derrubar a porta" (language: Galactic Common) (Wasteland (55, 62, 2))
[2021-05-23 17:09:37.104] TCOMMS: ConteudoGenerico/(Thiagus Machado) [Common] (spans:  ) "Deixa eu comprar minhas munição" (language: Galactic Common) (Wasteland (55, 62, 2))
[2021-05-23 17:09:41.449] TCOMMS: Kaduh/(Erika Miller) [Common] (spans:  ) "Temos uma workbeach" (language: Galactic Common) (Followers of the Apocalypse (87, 55, 3))
[2021-05-23 17:09:55.698] TCOMMS: Kaduh/(Erika Miller) [Common] (spans:  ) "Feita com doações" (language: Galactic Common) (Followers of the Apocalypse (89, 55, 3))
[2021-05-23 17:11:38.975] TCOMMS: ConteudoGenerico/(Thiagus Machado) [Common] (spans:  ) "Alguém quer comprar uma carabina de assalto? eu consegui uma arma melhor" (language: Galactic Common) (Wasteland (90, 80, 2))
[2021-05-23 17:12:08.269] TCOMMS: Aert/(Keziah Wright) [Common] (spans:  ) "Seguidores" (language: Galactic Common) (Followers of the Apocalypse (83, 57, 2))
[2021-05-23 17:12:15.907] TCOMMS: Aert/(Keziah Wright) [Common] (spans:  ) "Favor vir para seu hospital" (language: Galactic Common) (Followers of the Apocalypse (83, 57, 2))
[2021-05-23 17:12:32.740] TCOMMS: Kaduh/(Erika Miller) [Common] (spans:  ) "Ok" (language: Galactic Common) (Followers of the Apocalypse (94, 57, 2))
[2021-05-23 17:13:53.560] TCOMMS: ConteudoGenerico/(Thiagus Machado) [Enclave] (spans:  ) "Tá aí mano?" (language: Galactic Common) (Wasteland (88, 81, 2))
[2021-05-23 17:14:01.868] TCOMMS: Nickenzo12345/(Flip Wheeler) [Enclave] (spans:  ) "Sim" (language: Galactic Common) (Tunnel (122, 36, 3))
[2021-05-23 17:14:08.934] TCOMMS: ConteudoGenerico/(Thiagus Machado) [Enclave] (spans:  ) "Ótimo" (language: Galactic Common) (Building (87, 91, 2))
[2021-05-23 17:18:10.541] TCOMMS: Luiz20/(Luiz Borgos Primeiro) [Vault] (spans:  ) "Uh" (language: Galactic Common) (Followers of the Apocalypse (106, 37, 3))
[2021-05-23 17:18:15.625] TCOMMS: Luiz20/(Luiz Borgos Primeiro) [Vault] (spans:  ) "Eu não esperava por isso" (language: Galactic Common) (Followers of the Apocalypse (106, 37, 3))
[2021-05-23 17:18:34.720] TCOMMS: Luiz20/(Luiz Borgos Primeiro) [Vault] (spans:  ) "Vou caçar suprimentos" (language: Galactic Common) (Followers of the Apocalypse (96, 46, 3))
[2021-05-23 17:18:39.499] TCOMMS: Senhordosdoguinho/(Jose Neguinho) [Vault] (spans:  ) "Ok" (language: Galactic Common) (Followers of the Apocalypse (106, 38, 3))
[2021-05-23 17:19:46.763] TCOMMS: Luiz20/(Luiz Borgos Primeiro) [Common] (spans:  ) "Achei um tal de oasis" (language: Galactic Common) (Wasteland (56, 53, 2))
[2021-05-23 17:21:31.373] TCOMMS: Luiz20/(Luiz Borgos Primeiro) [Common] (spans:  ) "Não acredito" (language: Galactic Common) (Wasteland (70, 62, 2))
[2021-05-23 17:21:38.531] TCOMMS: Kaduh/(Erika Miller) [Common] (spans:  ) "Vault tentei configura a porta da frente para aceita o cartão de voces depois testa ai" (language: Galactic Common) (Followers of the Apocalypse (84, 52, 2))
[2021-05-23 17:22:02.222] TCOMMS: Luiz20/(Luiz Borgos Primeiro) [Common] (spans:  ) "Não funcionou" (language: Galactic Common) (Followers of the Apocalypse (90, 50, 2))
[2021-05-23 17:22:03.476] TCOMMS: ConteudoGenerico/(Thiagus Machado) [Enclave] (spans:  ) "Voleti da mineração" (language: Galactic Common) (Enclave (129, 23, 3))
[2021-05-23 17:22:17.291] TCOMMS: Aert/(Keziah Wright) [Common] (spans:  ) "Coloca que precisa ter pelo menos um dos acessos exigidos" (language: Galactic Common) (Wasteland (77, 85, 2))
[2021-05-23 17:22:28.413] TCOMMS: GabrielDoomBR/(Baam Frest) [Common] (spans:  ) "Voltei" (language: Galactic Common) (Tunnel (73, 39, 3))
[2021-05-23 17:22:30.066] TCOMMS: GabrielDoomBR/(Baam Frest) [Common] (spans:  ) "Pai ta on" (language: Galactic Common) (Tunnel (73, 39, 3))
[2021-05-23 17:22:38.710] TCOMMS: ConteudoGenerico/(Thiagus Machado) [Enclave] (spans:  ) "Acho que eu vou ir explorar a superfície agora" (language: Galactic Common) (Enclave (128, 18, 3))
[2021-05-23 17:22:42.746] TCOMMS: Luiz20/(Luiz Borgos Primeiro) [Common] (spans:  ) "Olá" (language: Galactic Common) (Followers of the Apocalypse (107, 38, 3))
[2021-05-23 17:22:45.892] TCOMMS: Aert/(Keziah Wright) [Common] (spans:  ) "Abre ai, Oasis" (language: Galactic Common) (Wasteland (56, 51, 2))
[2021-05-23 17:22:59.722] TCOMMS: Kaduh/(Erika Miller) [Common] (spans:  ) "Oasis o vault pede ajuda" (language: Galactic Common) (Followers of the Apocalypse (85, 53, 2))
[2021-05-23 17:23:07.488] TCOMMS: Kaduh/(Erika Miller) [Common] (spans:  ) "Humanitaria" (language: Galactic Common) (Followers of the Apocalypse (85, 53, 2))
[2021-05-23 17:23:36.185] TCOMMS: FidgetyBacchus/(Aster Crowley) [Vault] (spans:  ) "Alô?" (language: Galactic Common) (Vault (45, 192, 4))
[2021-05-23 17:24:38.514] TCOMMS: Senhordosdoguinho/(Jose Neguinho) [Common] (spans:  ) "Pessoal do oasis" (language: Galactic Common) (Wasteland (55, 51, 2))
[2021-05-23 17:24:42.297] TCOMMS: GabrielDoomBR/(Baam Frest) [Common] (spans:  ) "Fala" (language: Galactic Common) (Wasteland (55, 42, 2))
[2021-05-23 17:24:42.642] TCOMMS: Senhordosdoguinho/(Jose Neguinho) [Common] (spans:  ) "Abre o portão" (language: Galactic Common) (Wasteland (55, 51, 2))
[2021-05-23 17:25:32.943] TCOMMS: DustinBriner/(Jayson David) [Common] (spans:  ) "Ola" (language: Galactic Common) (Tunnel (67, 28, 3))
[2021-05-23 17:30:51.014] TCOMMS: Aert/(Keziah Wright) [NCR] (spans:  ) "Alo?" (language: Galactic Common) (City (48, 44, 2))
[2021-05-23 17:32:04.667] TCOMMS: Aert/(Keziah Wright) [Common] (spans:  ) "Oasis, preciso sair" (language: Galactic Common) (Wasteland (56, 47, 2))
[2021-05-23 17:32:10.571] TCOMMS: ConteudoGenerico/(Thiagus Machado) [Enclave] (spans:  ) "Tá aí?" (language: Galactic Common) (Building (83, 74, 2))
[2021-05-23 17:32:16.943] TCOMMS: Nickenzo12345/(Flip Wheeler) [Enclave] (spans:  ) "To" (language: Galactic Common) (Building (82, 192, 2))
[2021-05-23 17:32:30.982] TCOMMS: ConteudoGenerico/(Thiagus Machado) [Enclave] (spans:  ) "Ok, só checando pra ver se tá tudo ok" (language: Galactic Common) (Building (83, 74, 2))
[2021-05-23 17:33:49.565] TCOMMS: ConteudoGenerico/(Thiagus Machado) [Enclave] (spans:  ) "Vou ter q ir AFK agr tchau" (language: Galactic Common) (Wasteland (162, 13, 2))
[2021-05-23 17:36:04.994] TCOMMS: Senhordosdoguinho/(Jose Neguinho) [Common] (spans:  ) "Abram a porta do oasis" (language: Galactic Common) (Wasteland (57, 46, 2))
[2021-05-23 17:40:12.756] TCOMMS: Luiz20/(Luiz Borgos Primeiro) [Oasis] (spans:  ) "Achei energia solar...." (language: Galactic Common) (Village (117, 143, 2))
[2021-05-23 17:42:33.847] TCOMMS: Nickenzo12345/(Flip Wheeler) [Enclave] (spans:  ) "Guerra pra vault" (language: Galactic Common) (Vault (58, 172, 4))
[2021-05-23 17:42:42.425] TCOMMS: Nickenzo12345/(Flip Wheeler) [Enclave] (spans:  ) "Atençao guerra pra vault" (language: Galactic Common) (Vault (68, 174, 4))
[2021-05-23 17:46:00.344] TCOMMS: Luiz20/(Luiz Borgos Primeiro) [Oasis] (spans:  ) "Neguinho?" (language: Galactic Common) (Wasteland (55, 34, 2))
[2021-05-23 17:46:22.882] TCOMMS: Luiz20/(Luiz Borgos Primeiro) [Vault] (spans:  ) "Neguinho?" (language: Galactic Common) (Wasteland (56, 29, 2))
[2021-05-23 17:47:06.860] TCOMMS: Luiz20/(Luiz Borgos Primeiro) [Oasis] (spans:  ) "Acho que elee morreu" (language: Galactic Common) (Wasteland (56, 29, 2))
[2021-05-23 17:47:26.241] TCOMMS: Luiz20/(Luiz Borgos Primeiro) [Common] (spans:  ) "Se alguem achar o corpo do meu amigo pode trazer pra mim?" (language: Galactic Common) (Wasteland (56, 33, 2))
[2021-05-23 17:47:32.876] TCOMMS: Aert/(Keziah Wright) [Common] (spans:  ) "Como ele morreu?" (language: Galactic Common) (NCR (5, 225, 2))
[2021-05-23 17:47:37.959] TCOMMS: Senhordosdoguinho/(Jose Neguinho) [Oasis] (spans:  ) "Eu to vivo" (language: Galactic Common) (Wasteland (74, 79, 2))
[2021-05-23 17:47:49.169] TCOMMS: Luiz20/(Luiz Borgos Primeiro) [Common] (spans:  ) "A deixa" (language: Galactic Common) (Wasteland (56, 40, 2))
[2021-05-23 17:47:55.335] TCOMMS: Luiz20/(Luiz Borgos Primeiro) [Common] (spans:  ) "Tá vivo" (language: Galactic Common) (Wasteland (56, 40, 2))
[2021-05-23 17:48:06.557] TCOMMS: GabrielDoomBR/(Baam Frest) [Oasis] (spans:  ) "Jose neguinho imortal" (language: Galactic Common) (City (60, 48, 2))
[2021-05-23 17:48:14.637] TCOMMS: Senhordosdoguinho/(Jose Neguinho) [Oasis] (spans:  ) "Sim" (language: Galactic Common) (Wasteland (79, 82, 2))
[2021-05-23 17:48:25.941] TCOMMS: Luiz20/(Luiz Borgos Primeiro) [Oasis] (spans:  ) "Vou ficar ssd por um tempo" (language: Galactic Common) (Wasteland (57, 24, 2))
[2021-05-23 17:48:28.530] TCOMMS: Luiz20/(Luiz Borgos Primeiro) [Oasis] (spans:  ) "Já volto" (language: Galactic Common) (Wasteland (57, 23, 2))
[2021-05-23 17:48:34.138] TCOMMS: Senhordosdoguinho/(Jose Neguinho) [Oasis] (spans:  ) "Blz" (language: Galactic Common) (Wasteland (114, 80, 2))
[2021-05-23 17:52:00.105] TCOMMS: Aert/(Keziah Wright) [Common] (spans:  ) "Vou evaporar" (language: Galactic Common) (NCR (44, 204, 3))
[2021-05-23 17:52:03.285] TCOMMS: Aert/(Keziah Wright) [Common] (spans:  ) "Adeus" (language: Galactic Common) (NCR (44, 204, 3))
[2021-05-23 17:53:24.971] TCOMMS: Kaduh/(Erika Miller) [Common] (spans:  ) "Irei ficar SSD por um tempo" (language: Galactic Common) (Followers of the Apocalypse (91, 50, 2))
[2021-05-23 17:53:29.918] TCOMMS: Kaduh/(Erika Miller) [Common] (spans:  ) "Depois eu volto" (language: Galactic Common) (Followers of the Apocalypse (92, 49, 2))
[2021-05-23 17:53:34.259] TCOMMS: Luiz20/(Luiz Borgos Primeiro) [Common] (spans:  ) "Tambem" (language: Galactic Common) (City (45, 21, 2))
[2021-05-23 17:53:49.060] TCOMMS: Kaduh/(Erika Miller) [Common] (spans:  ) "A base dos seguidores estara fechada para evita invasão" (language: Galactic Common) (Followers of the Apocalypse (87, 49, 2))
[2021-05-23 18:00:17.388] TCOMMS: GabrielDoomBR/(Baam Frest) [Common] (spans:  ) "Oasis fechado" (language: Galactic Common) (Tunnel (54, 42, 3))
[2021-05-23 18:05:34.475] TCOMMS: Senhordosdoguinho/(Jose Neguinho) [Oasis] (spans:  ) "Ei" (language: Galactic Common) (Wasteland (117, 182, 2))
[2021-05-23 18:07:48.007] TCOMMS: Senhordosdoguinho/(Jose Neguinho) [Oasis] (spans:  ) "Luiz" (language: Galactic Common) (Village (151, 177, 2))
[2021-05-23 18:08:05.048] TCOMMS: Senhordosdoguinho/(Jose Neguinho) [Oasis] (spans:  ) "Ta escutando?" (language: Galactic Common) (Village (151, 177, 2))
[2021-05-23 18:08:21.226] TCOMMS: nickenzo12345/(Amari Rader) [Common] (spans:  ) "Legion da gang dos ghoul agora" (language: Galactic Common) (Legion (235, 30, 2))
[2021-05-23 18:09:57.076] TCOMMS: nickenzo12345/(Amari Rader) [Common] (spans:  ) "Legion se fudeu" (language: Galactic Common) (Legion (211, 44, 2))
[2021-05-23 18:13:37.133] TCOMMS: FidgetyBacchus/(Aster Crowley) [Common] (spans:  ) "Senhor Amari." (language: Galactic Common) (Vault (44, 163, 4))
[2021-05-23 18:25:21.340] TCOMMS: nickenzo12345/(Amari Rader) [Common] (spans:  ) "QUEM FOI CONTRA A GANG DOS GHOUL MORREU" (language: Galactic Common) (Caves (196, 147, 2))
[2021-05-23 18:26:09.705] TCOMMS: Eversonblr/(Miguel Hastings) [Common] (spans:  ) "Lega" (language: Galactic Common) (Brotherhood of Steel RnD Department (228, 202, 3))
[2021-05-23 18:34:09.864] TCOMMS: Mr.Universo/(Lucas Chikui) [Common] (spans:  ) "Alo" (language: Galactic Common) (Wasteland (45, 217, 2))
[2021-05-23 18:34:13.182] TCOMMS: Mr.Universo/(Lucas Chikui) [NCR] (spans:  ) "Alo" (language: Galactic Common) (Wasteland (45, 217, 2))
[2021-05-23 18:34:50.601] TCOMMS: Elvisaaron/(Elvis Aaron) [Oasis] (spans:  ) "Oasis, abre o portão por favor." (language: Galactic Common) (Wasteland (57, 51, 2))
