[2021-05-25 20:38:24.933] Starting up round ID .
 - -------------------------
[2021-05-25 20:43:56.139] ATTACK: *no key*/(Centaur) has fired at *no key*/(giant radscorpion) with [spit] from Bunker (NEWHP: 150)  (Bunker (51, 248, 4))
[2021-05-25 20:43:56.152] ATTACK: *no key*/(super mutant) has fired at *no key*/(giant radscorpion) with [.308 bullet] from Bunker (NEWHP: 150)  (Bunker (49, 248, 4))
[2021-05-25 20:43:56.215] ATTACK: *no key*/(mother deathclaw) has attacked *no key*/(molerat) (NEWHP: 25)  (Bunker (18, 118, 3))
[2021-05-25 20:43:57.776] ATTACK: *no key*/(giant radscorpion) has attacked *no key*/(super mutant) (NEWHP: 400)  (Bunker (50, 245, 4))
[2021-05-25 20:43:57.783] ATTACK: *no key*/(molerat) has attacked *no key*/(deathclaw) (NEWHP: 750)  (Tunnel (26, 120, 3))
[2021-05-25 20:43:57.784] ATTACK: *no key*/(deathclaw) has attacked *no key*/(molerat) (NEWHP: 25)  (Tunnel (25, 120, 3))
[2021-05-25 20:43:59.409] ATTACK: *no key*/(super mutant) has attacked *no key*/(giant radscorpion) (NEWHP: 150)  (Bunker (51, 247, 4))
[2021-05-25 20:43:59.412] ATTACK: *no key*/(giant radscorpion) has attacked *no key*/(super mutant) (NEWHP: 365)  (Bunker (50, 247, 4))
[2021-05-25 20:43:59.421] ATTACK: *no key*/(feral dog) has attacked *no key*/(feral ghoul reaver) (NEWHP: 150)  (Village (182, 117, 2))
[2021-05-25 20:43:59.429] ATTACK: *no key*/(feral ghoul reaver) has attacked *no key*/(feral dog) (NEWHP: 60)  (Village (181, 117, 2))
[2021-05-25 20:44:01.406] ATTACK: *no key*/(Centaur) has fired at *no key*/(giant radscorpion) with [spit] from Bunker (NEWHP: 101)  (Bunker (50, 249, 4))
[2021-05-25 20:44:01.411] ATTACK: *no key*/(super mutant) has attacked *no key*/(giant radscorpion) (NEWHP: 101)  (Bunker (51, 247, 4))
[2021-05-25 20:44:01.413] ATTACK: *no key*/(giant radscorpion) has attacked *no key*/(super mutant) (NEWHP: 330)  (Bunker (50, 247, 4))
[2021-05-25 20:44:01.421] ATTACK: *no key*/(feral dog) has attacked *no key*/(feral ghoul reaver) (NEWHP: 130)  (Village (182, 117, 2))
[2021-05-25 20:44:01.428] ATTACK: *no key*/(feral ghoul reaver) has attacked *no key*/(feral dog) (NEWHP: 35)  (Village (181, 117, 2))
[2021-05-25 20:44:01.456] ATTACK: *no key*/(Centaur) has shot *no key*/(super mutant) with [spit] (NEWHP: 265)  (Bunker (50, 249, 4))
[2021-05-25 20:44:04.833] ATTACK: *no key*/(super mutant) has attacked *no key*/(giant radscorpion) (NEWHP: 48)  (Bunker (50, 248, 4))
[2021-05-25 20:44:04.857] ATTACK: *no key*/(feral dog) has attacked *no key*/(feral ghoul reaver) (NEWHP: 110)  (Village (182, 117, 2))
[2021-05-25 20:44:04.861] ATTACK: *no key*/(feral ghoul reaver) has attacked *no key*/(feral dog) (NEWHP: 10)  (Village (181, 117, 2))
[2021-05-25 20:44:10.539] ATTACK: *no key*/(feral ghoul reaver) has attacked *no key*/(feral dog) (NEWHP: 60)  (Wasteland (184, 119, 2))
[2021-05-25 20:44:14.526] ATTACK: *no key*/(feral dog) has attacked *no key*/(feral ghoul reaver) (NEWHP: 90)  (Wasteland (185, 119, 2))
[2021-05-25 20:44:14.536] ATTACK: *no key*/(feral ghoul reaver) has attacked *no key*/(feral dog) (NEWHP: 35)  (Wasteland (184, 119, 2))
[2021-05-25 20:44:16.536] ATTACK: *no key*/(feral dog) has attacked *no key*/(feral ghoul reaver) (NEWHP: 70)  (Wasteland (185, 119, 2))
[2021-05-25 20:44:16.550] ATTACK: *no key*/(feral ghoul reaver) has attacked *no key*/(feral dog) (NEWHP: 10)  (Wasteland (184, 119, 2))
[2021-05-25 20:44:24.574] ATTACK: *no key*/(giant radscorpion) has attacked *no key*/(super mutant) (NEWHP: 300)  (Bunker (39, 244, 4))
[2021-05-25 20:44:26.550] ATTACK: *no key*/(super mutant) has attacked *no key*/(giant radscorpion) (NEWHP: 150)  (Bunker (38, 245, 4))
[2021-05-25 20:44:26.552] ATTACK: *no key*/(giant radscorpion) has attacked *no key*/(super mutant) (NEWHP: 265)  (Bunker (39, 244, 4))
[2021-05-25 20:44:28.554] ATTACK: *no key*/(super mutant) has attacked *no key*/(giant radscorpion) (NEWHP: 97)  (Bunker (38, 245, 4))
[2021-05-25 20:44:28.556] ATTACK: *no key*/(giant radscorpion) has attacked *no key*/(super mutant) (NEWHP: 230)  (Bunker (39, 244, 4))
[2021-05-25 20:44:30.540] ATTACK: *no key*/(super mutant) has attacked *no key*/(giant radscorpion) (NEWHP: 46)  (Bunker (38, 245, 4))
[2021-05-25 20:45:16.577] ATTACK: *no key*/(giant radscorpion) has attacked *no key*/(radroach) (NEWHP: 40)  (Tunnel (82, 191, 3))
[2021-05-25 20:45:18.573] ATTACK: *no key*/(radroach) has attacked *no key*/(giant radscorpion) (NEWHP: 150)  (Tunnel (83, 190, 3))
[2021-05-25 20:45:18.577] ATTACK: *no key*/(giant radscorpion) has attacked *no key*/(radroach) (NEWHP: 5)  (Tunnel (82, 191, 3))
[2021-05-25 20:45:41.271] ATTACK: *no key*/(radroach) has attacked *no key*/(giant radscorpion) (NEWHP: 140)  (Tunnel (87, 189, 3))
[2021-05-25 20:45:43.270] ATTACK: *no key*/(radroach) has attacked *no key*/(giant radscorpion) (NEWHP: 130)  (Tunnel (87, 189, 3))
[2021-05-25 20:45:43.272] ATTACK: *no key*/(giant radscorpion) has attacked *no key*/(radroach) (NEWHP: 40)  (Tunnel (87, 190, 3))
[2021-05-25 20:45:45.270] ATTACK: *no key*/(radroach) has attacked *no key*/(giant radscorpion) (NEWHP: 120)  (Tunnel (87, 189, 3))
[2021-05-25 20:45:45.271] ATTACK: *no key*/(giant radscorpion) has attacked *no key*/(radroach) (NEWHP: 5)  (Tunnel (87, 190, 3))
[2021-05-25 20:45:47.275] ATTACK: *no key*/(giant rad scorpion) has attacked *no key*/(radroach) (NEWHP: 40)  (Tunnel (86, 190, 3))
[2021-05-25 20:45:47.277] ATTACK: *no key*/(radroach) has attacked *no key*/(giant rad scorpion) (NEWHP: 150)  (Tunnel (87, 189, 3))
[2021-05-25 20:45:49.276] ATTACK: *no key*/(giant rad scorpion) has attacked *no key*/(radroach) (NEWHP: 27)  (Tunnel (86, 190, 3))
[2021-05-25 20:45:49.279] ATTACK: *no key*/(radroach) has attacked *no key*/(giant rad scorpion) (NEWHP: 140)  (Tunnel (87, 189, 3))
[2021-05-25 20:45:49.281] ATTACK: *no key*/(giant radscorpion) has attacked *no key*/(radroach) (NEWHP: 15)  (Tunnel (87, 190, 3))
