[2021-05-25 20:38:24.933] Starting up round ID .
 - -------------------------
[2021-05-25 20:38:24.934] Running /tg/ revision: 2021-05-25
 - origin/master: 2a55ea0b0d891d1b30b295f484b98b2be5f73928
[2021-05-25 20:38:24.955] Failed to connect to database in load_mentors(). Reverting to legacy system.
[2021-05-25 20:38:26.051] Loading Yuma...
[2021-05-25 20:38:31.194] Loaded Wasteland in 5.1s!
[2021-05-25 20:38:32.938] Loaded Dungeons in 1.7s!
[2021-05-25 20:38:33.881] Ruin loader finished with 0 left to spend.
[2021-05-25 20:39:44.109] ## WARNING: No /obj/docking_port/mobile/arrivals placed on the map! in code/controllers/subsystem/shuttle.dm at line 80 src: Shuttle usr: .
[2021-05-25 20:39:48.693] Loaded 0 engraved messages on map Yuma
[2021-05-25 20:39:48.695] Initializations complete within 82.7 seconds!
[2021-05-25 20:41:25.305] runtime error: Auxtools not found! Callback subsystem shutting itself off.
 - proc name: process callbacks (/proc/process_callbacks)
 -   source file: callback.dm,10
 -   usr: (src)
 -   src: null
 -   call stack:
 - process callbacks(null, 46.463)
 - Auxtools Callbacks (/datum/controller/subsystem/callbacks): fire(0)
 - Auxtools Callbacks (/datum/controller/subsystem/callbacks): ignite(0)
 - Master (/datum/controller/master): RunQueue()
 - Master (/datum/controller/master): Loop()
 - Master (/datum/controller/master): StartProcessing(0)
 - 
[2021-05-25 20:41:26.067] Ban database connection failure. Key kosolov325 not checked
[2021-05-25 20:42:26.694] Ban database connection failure. Key kosolov325 not checked
[2021-05-25 20:42:26.694] Ban database connection failure. Key kosolov325 not checked
[2021-05-25 20:42:26.694] Ban database connection failure. Key kosolov325 not checked
[2021-05-25 20:42:26.694] Ban database connection failure. Key kosolov325 not checked
[2021-05-25 20:43:50.167] Game start took 0s
