[2021-05-23 23:39:02.599] ASSET: Sending asset `tgui-common.chunk.js` to client `Mr.Universo` as `tgui-common.chunk.js`
[2021-05-23 23:39:02.600] ASSET: Sending asset `tgui-panel.bundle.js` to client `Mr.Universo` as `tgui-panel.bundle.js`
[2021-05-23 23:39:02.600] ASSET: Sending asset `tgui-panel.bundle.css` to client `Mr.Universo` as `tgui-panel.bundle.css`
[2021-05-23 23:39:07.796] ASSET: Sending asset `fa-regular-400.eot` to client `Mr.Universo` as `fa-regular-400.eot`
[2021-05-23 23:39:07.796] ASSET: Sending asset `fa-regular-400.woff` to client `Mr.Universo` as `fa-regular-400.woff`
[2021-05-23 23:39:07.796] ASSET: Sending asset `fa-solid-900.eot` to client `Mr.Universo` as `fa-solid-900.eot`
[2021-05-23 23:39:07.796] ASSET: Sending asset `fa-solid-900.woff` to client `Mr.Universo` as `fa-solid-900.woff`
[2021-05-23 23:39:07.797] ASSET: Sending asset `font-awesome.css` to client `Mr.Universo` as `font-awesome.css`
[2021-05-23 23:39:07.797] ASSET: Sending asset `v4shim.css` to client `Mr.Universo` as `v4shim.css`
[2021-05-23 23:39:08.039] ASSET: Sending asset `spritesheet_chat.css` to client `Mr.Universo` as `asset.9d9c5d18011d0acb1e27b98bc6cd295f.css`
[2021-05-23 23:39:08.039] ASSET: Sending asset `chat_16x16.png` to client `Mr.Universo` as `asset.253bbc52a19928fa3bb250b9d2a425c6.png`
[2021-05-23 23:39:08.039] ASSET: Sending asset `chat_32x32.png` to client `Mr.Universo` as `asset.9fb3455e39c1c40b9eb331534ba43cf4.png`
[2021-05-23 23:39:08.053] ASSET: Sending asset `padlock.png` to client `Mr.Universo` as `padlock.png`
[2021-05-23 23:39:08.053] ASSET: Sending asset `common.css` to client `Mr.Universo` as `asset.622312737bbe2cc2ca8ae98407fe605a.css`
[2021-05-23 23:39:12.443] ASSET: Sending asset `jquery.min.js` to client `Mr.Universo` as `jquery.min.js`
[2021-05-23 23:41:29.441] ASSET: Sending asset `tgui-common.chunk.js` to client `Matheusgp9999` as `tgui-common.chunk.js`
[2021-05-23 23:41:29.442] ASSET: Sending asset `tgui-panel.bundle.js` to client `Matheusgp9999` as `tgui-panel.bundle.js`
[2021-05-23 23:41:29.442] ASSET: Sending asset `tgui-panel.bundle.css` to client `Matheusgp9999` as `tgui-panel.bundle.css`
[2021-05-23 23:41:32.478] ASSET: Sending asset `fa-regular-400.eot` to client `Matheusgp9999` as `fa-regular-400.eot`
[2021-05-23 23:41:32.478] ASSET: Sending asset `fa-regular-400.woff` to client `Matheusgp9999` as `fa-regular-400.woff`
[2021-05-23 23:41:32.478] ASSET: Sending asset `fa-solid-900.eot` to client `Matheusgp9999` as `fa-solid-900.eot`
[2021-05-23 23:41:32.478] ASSET: Sending asset `fa-solid-900.woff` to client `Matheusgp9999` as `fa-solid-900.woff`
[2021-05-23 23:41:32.478] ASSET: Sending asset `font-awesome.css` to client `Matheusgp9999` as `font-awesome.css`
[2021-05-23 23:41:32.478] ASSET: Sending asset `v4shim.css` to client `Matheusgp9999` as `v4shim.css`
[2021-05-23 23:41:32.479] ASSET: Sending asset `spritesheet_chat.css` to client `Matheusgp9999` as `asset.9d9c5d18011d0acb1e27b98bc6cd295f.css`
[2021-05-23 23:41:32.479] ASSET: Sending asset `chat_16x16.png` to client `Matheusgp9999` as `asset.253bbc52a19928fa3bb250b9d2a425c6.png`
[2021-05-23 23:41:32.479] ASSET: Sending asset `chat_32x32.png` to client `Matheusgp9999` as `asset.9fb3455e39c1c40b9eb331534ba43cf4.png`
[2021-05-23 23:41:32.697] ASSET: Sending asset `padlock.png` to client `Matheusgp9999` as `padlock.png`
[2021-05-23 23:41:32.697] ASSET: Sending asset `common.css` to client `Matheusgp9999` as `asset.622312737bbe2cc2ca8ae98407fe605a.css`
[2021-05-23 23:41:33.702] ASSET: Sending asset `jquery.min.js` to client `Matheusgp9999` as `jquery.min.js`
[2021-05-23 23:42:16.173] ASSET: Sending asset `tgui-common.chunk.js` to client `Baeiou` as `tgui-common.chunk.js`
[2021-05-23 23:42:16.173] ASSET: Sending asset `tgui-panel.bundle.js` to client `Baeiou` as `tgui-panel.bundle.js`
[2021-05-23 23:42:16.173] ASSET: Sending asset `tgui-panel.bundle.css` to client `Baeiou` as `tgui-panel.bundle.css`
[2021-05-23 23:42:18.241] ASSET: Sending asset `fa-regular-400.eot` to client `Baeiou` as `fa-regular-400.eot`
[2021-05-23 23:42:18.241] ASSET: Sending asset `fa-regular-400.woff` to client `Baeiou` as `fa-regular-400.woff`
[2021-05-23 23:42:18.241] ASSET: Sending asset `fa-solid-900.eot` to client `Baeiou` as `fa-solid-900.eot`
[2021-05-23 23:42:18.241] ASSET: Sending asset `fa-solid-900.woff` to client `Baeiou` as `fa-solid-900.woff`
[2021-05-23 23:42:18.241] ASSET: Sending asset `font-awesome.css` to client `Baeiou` as `font-awesome.css`
[2021-05-23 23:42:18.241] ASSET: Sending asset `v4shim.css` to client `Baeiou` as `v4shim.css`
[2021-05-23 23:42:18.242] ASSET: Sending asset `spritesheet_chat.css` to client `Baeiou` as `asset.9d9c5d18011d0acb1e27b98bc6cd295f.css`
[2021-05-23 23:42:18.242] ASSET: Sending asset `chat_16x16.png` to client `Baeiou` as `asset.253bbc52a19928fa3bb250b9d2a425c6.png`
[2021-05-23 23:42:18.242] ASSET: Sending asset `chat_32x32.png` to client `Baeiou` as `asset.9fb3455e39c1c40b9eb331534ba43cf4.png`
[2021-05-23 23:42:18.412] ASSET: Sending asset `padlock.png` to client `Baeiou` as `padlock.png`
[2021-05-23 23:42:18.412] ASSET: Sending asset `common.css` to client `Baeiou` as `asset.622312737bbe2cc2ca8ae98407fe605a.css`
[2021-05-23 23:42:18.790] ASSET: Sending asset `jquery.min.js` to client `Baeiou` as `jquery.min.js`
[2021-05-23 23:42:46.077] ASSET: Sending asset `tgui-common.chunk.js` to client `Italos` as `tgui-common.chunk.js`
[2021-05-23 23:42:46.077] ASSET: Sending asset `tgui-panel.bundle.js` to client `Italos` as `tgui-panel.bundle.js`
[2021-05-23 23:42:46.077] ASSET: Sending asset `tgui-panel.bundle.css` to client `Italos` as `tgui-panel.bundle.css`
[2021-05-23 23:42:48.517] ASSET: Sending asset `fa-regular-400.eot` to client `Italos` as `fa-regular-400.eot`
[2021-05-23 23:42:48.518] ASSET: Sending asset `fa-regular-400.woff` to client `Italos` as `fa-regular-400.woff`
[2021-05-23 23:42:48.518] ASSET: Sending asset `fa-solid-900.eot` to client `Italos` as `fa-solid-900.eot`
[2021-05-23 23:42:48.518] ASSET: Sending asset `fa-solid-900.woff` to client `Italos` as `fa-solid-900.woff`
[2021-05-23 23:42:48.518] ASSET: Sending asset `font-awesome.css` to client `Italos` as `font-awesome.css`
[2021-05-23 23:42:48.518] ASSET: Sending asset `v4shim.css` to client `Italos` as `v4shim.css`
[2021-05-23 23:42:48.518] ASSET: Sending asset `spritesheet_chat.css` to client `Italos` as `asset.9d9c5d18011d0acb1e27b98bc6cd295f.css`
[2021-05-23 23:42:48.518] ASSET: Sending asset `chat_16x16.png` to client `Italos` as `asset.253bbc52a19928fa3bb250b9d2a425c6.png`
[2021-05-23 23:42:48.518] ASSET: Sending asset `chat_32x32.png` to client `Italos` as `asset.9fb3455e39c1c40b9eb331534ba43cf4.png`
[2021-05-23 23:42:48.687] ASSET: Sending asset `padlock.png` to client `Italos` as `padlock.png`
[2021-05-23 23:42:48.688] ASSET: Sending asset `common.css` to client `Italos` as `asset.622312737bbe2cc2ca8ae98407fe605a.css`
[2021-05-23 23:42:48.995] ASSET: Sending asset `jquery.min.js` to client `Italos` as `jquery.min.js`
[2021-05-23 23:43:40.798] ASSET: Sending asset `playeroptions.css` to client `Matheusgp9999` as `asset.143178d91780fe7aea4f34ff59b89234.css`
[2021-05-23 23:44:12.765] ASSET: Sending asset `tgui.bundle.js` to client `Matheusgp9999` as `tgui.bundle.js`
[2021-05-23 23:44:12.766] ASSET: Sending asset `tgui.bundle.css` to client `Matheusgp9999` as `tgui.bundle.css`
[2021-05-23 23:44:12.871] ASSET: Sending asset `spritesheet_loadout.css` to client `Matheusgp9999` as `asset.7b88c96570d3e19030597201af8bbfeb.css`
[2021-05-23 23:44:12.872] ASSET: Sending asset `loadout_32x32.png` to client `Matheusgp9999` as `asset.39df44144a48eefe1a0e58360578a30a.png`
[2021-05-23 23:44:46.402] ASSET: Sending asset `playeroptions.css` to client `Italos` as `asset.143178d91780fe7aea4f34ff59b89234.css`
[2021-05-23 23:50:46.516] ASSET: Sending asset `asset.e2c6c53d177a4bd5b305ae470ffaac66.png` to client `Baeiou` as `asset.613f3de282fd623391efa89f908c820c.png`
[2021-05-23 23:50:53.947] ASSET: Sending asset `asset.4dd97449c6f669296b64c693c30d9496.png` to client `Baeiou` as `asset.7f47ebb28787e83a62dbd8d8c61562c1.png`
[2021-05-23 23:58:45.002] ASSET: Sending asset `tgui-common.chunk.js` to client `Baeiou` as `tgui-common.chunk.js`
[2021-05-23 23:58:45.003] ASSET: Sending asset `tgui-panel.bundle.js` to client `Baeiou` as `tgui-panel.bundle.js`
[2021-05-23 23:58:45.003] ASSET: Sending asset `tgui-panel.bundle.css` to client `Baeiou` as `tgui-panel.bundle.css`
[2021-05-23 23:58:49.520] ASSET: Sending asset `fa-regular-400.eot` to client `Baeiou` as `fa-regular-400.eot`
[2021-05-23 23:58:49.520] ASSET: Sending asset `fa-regular-400.woff` to client `Baeiou` as `fa-regular-400.woff`
[2021-05-23 23:58:49.520] ASSET: Sending asset `fa-solid-900.eot` to client `Baeiou` as `fa-solid-900.eot`
[2021-05-23 23:58:49.520] ASSET: Sending asset `fa-solid-900.woff` to client `Baeiou` as `fa-solid-900.woff`
[2021-05-23 23:58:49.520] ASSET: Sending asset `font-awesome.css` to client `Baeiou` as `font-awesome.css`
[2021-05-23 23:58:49.520] ASSET: Sending asset `v4shim.css` to client `Baeiou` as `v4shim.css`
[2021-05-23 23:58:49.521] ASSET: Sending asset `spritesheet_chat.css` to client `Baeiou` as `asset.9d9c5d18011d0acb1e27b98bc6cd295f.css`
[2021-05-23 23:58:49.521] ASSET: Sending asset `chat_16x16.png` to client `Baeiou` as `asset.253bbc52a19928fa3bb250b9d2a425c6.png`
[2021-05-23 23:58:49.521] ASSET: Sending asset `chat_32x32.png` to client `Baeiou` as `asset.9fb3455e39c1c40b9eb331534ba43cf4.png`
[2021-05-23 23:58:50.523] ASSET: Sending asset `jquery.min.js` to client `Baeiou` as `jquery.min.js`
[2021-05-23 23:58:57.733] ASSET: Sending asset `asset.42e72c4bf9bbcd2468271c0b7588e80d.png` to client `Baeiou` as `asset.a1441cfb8aa8dd89ee1518aa17927b6b.png`
[2021-05-23 23:58:58.368] ASSET: Sending asset `asset.efe4365f3d67e7ceccbd8b9b8d9cc411.png` to client `Baeiou` as `asset.065d0d611350e91074d6145c589875a8.png`
[2021-05-24 00:01:26.562] ASSET: Sending asset `tgui-common.chunk.js` to client `FidgetyBacchus` as `tgui-common.chunk.js`
[2021-05-24 00:01:26.563] ASSET: Sending asset `tgui-panel.bundle.js` to client `FidgetyBacchus` as `tgui-panel.bundle.js`
[2021-05-24 00:01:26.563] ASSET: Sending asset `tgui-panel.bundle.css` to client `FidgetyBacchus` as `tgui-panel.bundle.css`
[2021-05-24 00:01:33.689] ASSET: Sending asset `fa-regular-400.eot` to client `FidgetyBacchus` as `fa-regular-400.eot`
[2021-05-24 00:01:33.689] ASSET: Sending asset `fa-regular-400.woff` to client `FidgetyBacchus` as `fa-regular-400.woff`
[2021-05-24 00:01:33.690] ASSET: Sending asset `fa-solid-900.eot` to client `FidgetyBacchus` as `fa-solid-900.eot`
[2021-05-24 00:01:33.690] ASSET: Sending asset `fa-solid-900.woff` to client `FidgetyBacchus` as `fa-solid-900.woff`
[2021-05-24 00:01:33.690] ASSET: Sending asset `font-awesome.css` to client `FidgetyBacchus` as `font-awesome.css`
[2021-05-24 00:01:33.690] ASSET: Sending asset `v4shim.css` to client `FidgetyBacchus` as `v4shim.css`
[2021-05-24 00:01:33.690] ASSET: Sending asset `spritesheet_chat.css` to client `FidgetyBacchus` as `asset.9d9c5d18011d0acb1e27b98bc6cd295f.css`
[2021-05-24 00:01:33.690] ASSET: Sending asset `chat_16x16.png` to client `FidgetyBacchus` as `asset.253bbc52a19928fa3bb250b9d2a425c6.png`
[2021-05-24 00:01:33.690] ASSET: Sending asset `chat_32x32.png` to client `FidgetyBacchus` as `asset.9fb3455e39c1c40b9eb331534ba43cf4.png`
[2021-05-24 00:01:36.915] ASSET: Sending asset `jquery.min.js` to client `FidgetyBacchus` as `jquery.min.js`
[2021-05-24 00:01:44.627] ASSET: Sending asset `padlock.png` to client `FidgetyBacchus` as `padlock.png`
[2021-05-24 00:01:44.628] ASSET: Sending asset `common.css` to client `FidgetyBacchus` as `asset.622312737bbe2cc2ca8ae98407fe605a.css`
[2021-05-24 00:13:53.837] ASSET: Sending asset `tgui-common.chunk.js` to client `Baeiou` as `tgui-common.chunk.js`
[2021-05-24 00:13:53.837] ASSET: Sending asset `tgui-panel.bundle.js` to client `Baeiou` as `tgui-panel.bundle.js`
[2021-05-24 00:13:53.837] ASSET: Sending asset `tgui-panel.bundle.css` to client `Baeiou` as `tgui-panel.bundle.css`
[2021-05-24 00:13:58.078] ASSET: Sending asset `fa-regular-400.eot` to client `Baeiou` as `fa-regular-400.eot`
[2021-05-24 00:13:58.078] ASSET: Sending asset `fa-regular-400.woff` to client `Baeiou` as `fa-regular-400.woff`
[2021-05-24 00:13:58.078] ASSET: Sending asset `fa-solid-900.eot` to client `Baeiou` as `fa-solid-900.eot`
[2021-05-24 00:13:58.078] ASSET: Sending asset `fa-solid-900.woff` to client `Baeiou` as `fa-solid-900.woff`
[2021-05-24 00:13:58.078] ASSET: Sending asset `font-awesome.css` to client `Baeiou` as `font-awesome.css`
[2021-05-24 00:13:58.078] ASSET: Sending asset `v4shim.css` to client `Baeiou` as `v4shim.css`
[2021-05-24 00:13:58.079] ASSET: Sending asset `spritesheet_chat.css` to client `Baeiou` as `asset.9d9c5d18011d0acb1e27b98bc6cd295f.css`
[2021-05-24 00:13:58.079] ASSET: Sending asset `chat_16x16.png` to client `Baeiou` as `asset.253bbc52a19928fa3bb250b9d2a425c6.png`
[2021-05-24 00:13:58.079] ASSET: Sending asset `chat_32x32.png` to client `Baeiou` as `asset.9fb3455e39c1c40b9eb331534ba43cf4.png`
[2021-05-24 00:14:00.096] ASSET: Sending asset `jquery.min.js` to client `Baeiou` as `jquery.min.js`
[2021-05-24 00:14:07.468] ASSET: Sending asset `asset.b68b74b7fd2aafc480870fa69ed15b56.png` to client `Baeiou` as `asset.26c0a79f6af81de02e947e7feb3f3834.png`
[2021-05-24 00:18:55.190] ASSET: Sending asset `asset.efe4365f3d67e7ceccbd8b9b8d9cc411.png` to client `Baeiou` as `asset.065d0d611350e91074d6145c589875a8.png`
