[2021-05-23 23:39:00.452] TGS Info: Activating API for version 3.2.6.2
[2021-05-23 23:39:00.456] TGS Error: Custom chat commands in /datum/tgs_version lacks the /datum/tgs_chat_user/sender.channel field!
[2021-05-23 23:39:01.784] TGS Error: Use of TgsRevision on 3.2.1.0 origin_commit only points to master!
[2021-05-23 23:39:01.785] Running /tg/ revision: 
 - origin/master: 03a83e2ef4473a3107578d22120b9150fe6284e5
[2021-05-23 23:39:01.799] Loading config file config.txt...
[2021-05-23 23:39:01.802] Loading config file game_options.txt...
[2021-05-23 23:39:01.807] LINE 103: Failed to validate setting "CLOWNOPS 0" for probability
[2021-05-23 23:39:01.814] Loading config file dbconfig.txt...
[2021-05-23 23:39:01.815] Loading config file comms.txt...
[2021-05-23 23:39:01.817] Loading config file antag_rep.txt...
[2021-05-23 23:39:01.818] Loading config file resources.txt...
[2021-05-23 23:39:01.819] Loading config file donator_groupings.txt...
[2021-05-23 23:39:01.820] Loading config file dynamic_config.txt...
[2021-05-23 23:39:01.831] Loading config file plushies/defines.txt...
[2021-05-23 23:39:01.832] Loading config file job_threats.txt...
[2021-05-23 23:39:01.833] Loading config file policy.txt...
[2021-05-23 23:39:01.839] Loading config file maps.txt...
[2021-05-23 23:39:01.847] Database connection established.
[2021-05-23 23:39:01.849] SQL: Could not get schema version from database
