[2021-05-23 23:39:01.863] Starting up round ID 36.
 - -------------------------
[2021-05-23 23:39:01.892] Running /tg/ revision: 
 - origin/master: 03a83e2ef4473a3107578d22120b9150fe6284e5
[2021-05-23 23:39:01.909] runtime error: Admin datum created without a rank
 - proc name: New (/datum/admins/New)
 -   source file: holder2.dm,45
 -   usr: null
 -   src: nobody\'s admin datum (no rank... (/datum/admins)
 -   call stack:
 - nobody\'s admin datum (no rank... (/datum/admins): New(null, "dantesousa", 0, 1)
 - load admins(null)
 - world: New()
 - 
[2021-05-23 23:39:03.360] Loading Yuma...
[2021-05-23 23:39:16.095] Loaded Wasteland in 12.7s!
[2021-05-23 23:39:18.552] Loaded Dungeons in 2.4s!
[2021-05-23 23:39:19.641] Ruin loader finished with 0 left to spend.
[2021-05-23 23:39:37.557] runtime error: undefined proc or verb /turf/open/floor/wood/update equipment speed mods().
 - 
 - proc name: powerDown (/obj/item/clothing/head/helmet/f13/power_armor/proc/powerDown)
 -   source file: f13head.dm,317
 -   usr: null
 -   src: T-45d power helmet (/obj/item/clothing/head/helmet/f13/power_armor/t45d)
 -   src.loc: the floor (238,237,3) (/turf/open/floor/wood)
 -   call stack:
 - T-45d power helmet (/obj/item/clothing/head/helmet/f13/power_armor/t45d): powerDown()
 - T-45d power helmet (/obj/item/clothing/head/helmet/f13/power_armor/t45d): processPower()
 - T-45d power helmet (/obj/item/clothing/head/helmet/f13/power_armor/t45d): Initialize(1)
 - Atoms (/datum/controller/subsystem/atoms): InitAtom(T-45d power helmet (/obj/item/clothing/head/helmet/f13/power_armor/t45d), /list (/list))
 - Atoms (/datum/controller/subsystem/atoms): InitializeAtoms(null)
 - Atoms (/datum/controller/subsystem/atoms): Initialize(851597)
 - Master (/datum/controller/master): Initialize(10, 0, 1)
 - 
[2021-05-23 23:39:37.558] runtime error: undefined proc or verb /turf/open/floor/wood/update equipment speed mods().
 - 
 - proc name: powerDown (/obj/item/clothing/head/helmet/f13/power_armor/proc/powerDown)
 -   source file: f13head.dm,317
 -   usr: null
 -   src: T-45d power helmet (/obj/item/clothing/head/helmet/f13/power_armor/t45d)
 -   src.loc: the floor (238,237,3) (/turf/open/floor/wood)
 -   call stack:
 - T-45d power helmet (/obj/item/clothing/head/helmet/f13/power_armor/t45d): powerDown()
 - T-45d power helmet (/obj/item/clothing/head/helmet/f13/power_armor/t45d): processPower()
 - T-45d power helmet (/obj/item/clothing/head/helmet/f13/power_armor/t45d): Initialize(1)
 - Atoms (/datum/controller/subsystem/atoms): InitAtom(T-45d power helmet (/obj/item/clothing/head/helmet/f13/power_armor/t45d), /list (/list))
 - Atoms (/datum/controller/subsystem/atoms): InitializeAtoms(null)
 - Atoms (/datum/controller/subsystem/atoms): Initialize(851597)
 - Master (/datum/controller/master): Initialize(10, 0, 1)
 - 
[2021-05-23 23:39:37.559] runtime error: undefined proc or verb /turf/open/floor/wood/update equipment speed mods().
 - 
 - proc name: powerDown (/obj/item/clothing/suit/armor/f13/power_armor/proc/powerDown)
 -   source file: f13armor.dm,306
 -   usr: null
 -   src: Knight-Captain\'s T-45d Power ... (/obj/item/clothing/suit/armor/f13/power_armor/t45d/knightcaptain)
 -   src.loc: the floor (238,237,3) (/turf/open/floor/wood)
 -   call stack:
 - Knight-Captain\'s T-45d Power ... (/obj/item/clothing/suit/armor/f13/power_armor/t45d/knightcaptain): powerDown(null)
 - Knight-Captain\'s T-45d Power ... (/obj/item/clothing/suit/armor/f13/power_armor/t45d/knightcaptain): processPower()
 - Knight-Captain\'s T-45d Power ... (/obj/item/clothing/suit/armor/f13/power_armor/t45d/knightcaptain): Initialize(1)
 - Atoms (/datum/controller/subsystem/atoms): InitAtom(Knight-Captain\'s T-45d Power ... (/obj/item/clothing/suit/armor/f13/power_armor/t45d/knightcaptain), /list (/list))
 - Atoms (/datum/controller/subsystem/atoms): InitializeAtoms(null)
 - Atoms (/datum/controller/subsystem/atoms): Initialize(851597)
 - Master (/datum/controller/master): Initialize(10, 0, 1)
 - 
[2021-05-23 23:39:37.561] runtime error: undefined proc or verb /turf/open/floor/wood/update equipment speed mods().
 - 
 - proc name: powerDown (/obj/item/clothing/suit/armor/f13/power_armor/proc/powerDown)
 -   source file: f13armor.dm,306
 -   usr: null
 -   src: Knight-Captain\'s T-45d Power ... (/obj/item/clothing/suit/armor/f13/power_armor/t45d/knightcaptain)
 -   src.loc: the floor (238,237,3) (/turf/open/floor/wood)
 -   call stack:
 - Knight-Captain\'s T-45d Power ... (/obj/item/clothing/suit/armor/f13/power_armor/t45d/knightcaptain): powerDown(null)
 - Knight-Captain\'s T-45d Power ... (/obj/item/clothing/suit/armor/f13/power_armor/t45d/knightcaptain): processPower()
 - Knight-Captain\'s T-45d Power ... (/obj/item/clothing/suit/armor/f13/power_armor/t45d/knightcaptain): Initialize(1)
 - Atoms (/datum/controller/subsystem/atoms): InitAtom(Knight-Captain\'s T-45d Power ... (/obj/item/clothing/suit/armor/f13/power_armor/t45d/knightcaptain), /list (/list))
 - Atoms (/datum/controller/subsystem/atoms): InitializeAtoms(null)
 - Atoms (/datum/controller/subsystem/atoms): Initialize(851597)
 - Master (/datum/controller/master): Initialize(10, 0, 1)
 - 
[2021-05-23 23:39:38.206] runtime error: undefined proc or verb /turf/open/floor/mineral/plastitanium/airless/update equipment speed mods().
 - 
 - proc name: powerDown (/obj/item/clothing/head/helmet/f13/power_armor/proc/powerDown)
 -   source file: f13head.dm,317
 -   usr: null
 -   src: the helm of a fallen Brother (/obj/item/clothing/head/helmet/f13/power_armor/t51b)
 -   src.loc: the shuttle floor (248,195,3) (/turf/open/floor/mineral/plastitanium/airless)
 -   call stack:
 - the helm of a fallen Brother (/obj/item/clothing/head/helmet/f13/power_armor/t51b): powerDown()
 - the helm of a fallen Brother (/obj/item/clothing/head/helmet/f13/power_armor/t51b): processPower()
 - the helm of a fallen Brother (/obj/item/clothing/head/helmet/f13/power_armor/t51b): Initialize(1)
 - Atoms (/datum/controller/subsystem/atoms): InitAtom(the helm of a fallen Brother (/obj/item/clothing/head/helmet/f13/power_armor/t51b), /list (/list))
 - Atoms (/datum/controller/subsystem/atoms): InitializeAtoms(null)
 - Atoms (/datum/controller/subsystem/atoms): Initialize(851597)
 - Master (/datum/controller/master): Initialize(10, 0, 1)
 - 
[2021-05-23 23:39:38.207] runtime error: undefined proc or verb /turf/open/floor/mineral/plastitanium/airless/update equipment speed mods().
 - 
 - proc name: powerDown (/obj/item/clothing/head/helmet/f13/power_armor/proc/powerDown)
 -   source file: f13head.dm,317
 -   usr: null
 -   src: the helm of a fallen Brother (/obj/item/clothing/head/helmet/f13/power_armor/t51b)
 -   src.loc: the shuttle floor (248,195,3) (/turf/open/floor/mineral/plastitanium/airless)
 -   call stack:
 - the helm of a fallen Brother (/obj/item/clothing/head/helmet/f13/power_armor/t51b): powerDown()
 - the helm of a fallen Brother (/obj/item/clothing/head/helmet/f13/power_armor/t51b): processPower()
 - the helm of a fallen Brother (/obj/item/clothing/head/helmet/f13/power_armor/t51b): Initialize(1)
 - Atoms (/datum/controller/subsystem/atoms): InitAtom(the helm of a fallen Brother (/obj/item/clothing/head/helmet/f13/power_armor/t51b), /list (/list))
 - Atoms (/datum/controller/subsystem/atoms): InitializeAtoms(null)
 - Atoms (/datum/controller/subsystem/atoms): Initialize(851597)
 - Master (/datum/controller/master): Initialize(10, 0, 1)
 - 
[2021-05-23 23:39:40.301] runtime error: undefined proc or verb /turf/open/floor/plasteel/dark/update equipment speed mods().
 - 
 - proc name: powerDown (/obj/item/clothing/suit/armor/f13/power_armor/proc/powerDown)
 -   source file: f13armor.dm,306
 -   usr: null
 -   src: the excavator power armor (/obj/item/clothing/suit/armor/f13/power_armor/excavator)
 -   src.loc: the floor (44,183,4) (/turf/open/floor/plasteel/dark)
 -   call stack:
 - the excavator power armor (/obj/item/clothing/suit/armor/f13/power_armor/excavator): powerDown(null)
 - the excavator power armor (/obj/item/clothing/suit/armor/f13/power_armor/excavator): processPower()
 - the excavator power armor (/obj/item/clothing/suit/armor/f13/power_armor/excavator): Initialize(1)
 - Atoms (/datum/controller/subsystem/atoms): InitAtom(the excavator power armor (/obj/item/clothing/suit/armor/f13/power_armor/excavator), /list (/list))
 - Atoms (/datum/controller/subsystem/atoms): InitializeAtoms(null)
 - Atoms (/datum/controller/subsystem/atoms): Initialize(851597)
 - Master (/datum/controller/master): Initialize(10, 0, 1)
 - 
[2021-05-23 23:39:40.302] runtime error: undefined proc or verb /turf/open/floor/plasteel/dark/update equipment speed mods().
 - 
 - proc name: powerDown (/obj/item/clothing/suit/armor/f13/power_armor/proc/powerDown)
 -   source file: f13armor.dm,306
 -   usr: null
 -   src: the excavator power armor (/obj/item/clothing/suit/armor/f13/power_armor/excavator)
 -   src.loc: the floor (44,183,4) (/turf/open/floor/plasteel/dark)
 -   call stack:
 - the excavator power armor (/obj/item/clothing/suit/armor/f13/power_armor/excavator): powerDown(null)
 - the excavator power armor (/obj/item/clothing/suit/armor/f13/power_armor/excavator): processPower()
 - the excavator power armor (/obj/item/clothing/suit/armor/f13/power_armor/excavator): Initialize(1)
 - Atoms (/datum/controller/subsystem/atoms): InitAtom(the excavator power armor (/obj/item/clothing/suit/armor/f13/power_armor/excavator), /list (/list))
 - Atoms (/datum/controller/subsystem/atoms): InitializeAtoms(null)
 - Atoms (/datum/controller/subsystem/atoms): Initialize(851597)
 - Master (/datum/controller/master): Initialize(10, 0, 1)
 - 
[2021-05-23 23:39:40.304] runtime error: undefined proc or verb /turf/open/floor/plasteel/dark/update equipment speed mods().
 - 
 - proc name: powerDown (/obj/item/clothing/head/helmet/f13/power_armor/proc/powerDown)
 -   source file: f13head.dm,317
 -   usr: null
 -   src: the excavator power helmet (/obj/item/clothing/head/helmet/f13/power_armor/excavator)
 -   src.loc: the floor (44,183,4) (/turf/open/floor/plasteel/dark)
 -   call stack:
 - the excavator power helmet (/obj/item/clothing/head/helmet/f13/power_armor/excavator): powerDown()
 - the excavator power helmet (/obj/item/clothing/head/helmet/f13/power_armor/excavator): processPower()
 - the excavator power helmet (/obj/item/clothing/head/helmet/f13/power_armor/excavator): Initialize(1)
 - Atoms (/datum/controller/subsystem/atoms): InitAtom(the excavator power helmet (/obj/item/clothing/head/helmet/f13/power_armor/excavator), /list (/list))
 - Atoms (/datum/controller/subsystem/atoms): InitializeAtoms(null)
 - Atoms (/datum/controller/subsystem/atoms): Initialize(851597)
 - Master (/datum/controller/master): Initialize(10, 0, 1)
 - 
[2021-05-23 23:39:40.305] runtime error: undefined proc or verb /turf/open/floor/plasteel/dark/update equipment speed mods().
 - 
 - proc name: powerDown (/obj/item/clothing/head/helmet/f13/power_armor/proc/powerDown)
 -   source file: f13head.dm,317
 -   usr: null
 -   src: the excavator power helmet (/obj/item/clothing/head/helmet/f13/power_armor/excavator)
 -   src.loc: the floor (44,183,4) (/turf/open/floor/plasteel/dark)
 -   call stack:
 - the excavator power helmet (/obj/item/clothing/head/helmet/f13/power_armor/excavator): powerDown()
 - the excavator power helmet (/obj/item/clothing/head/helmet/f13/power_armor/excavator): processPower()
 - the excavator power helmet (/obj/item/clothing/head/helmet/f13/power_armor/excavator): Initialize(1)
 - Atoms (/datum/controller/subsystem/atoms): InitAtom(the excavator power helmet (/obj/item/clothing/head/helmet/f13/power_armor/excavator), /list (/list))
 - Atoms (/datum/controller/subsystem/atoms): InitializeAtoms(null)
 - Atoms (/datum/controller/subsystem/atoms): Initialize(851597)
 - Master (/datum/controller/master): Initialize(10, 0, 1)
 - 
[2021-05-23 23:40:41.423] ## WARNING: No /obj/docking_port/mobile/arrivals placed on the map! in code/controllers/subsystem/shuttle.dm at line 80 src: Shuttle usr: .
[2021-05-23 23:40:42.094] runtime error: undefined proc or verb /turf/open/floor/f13/update equipment speed mods().
 - 
 - proc name: powerDown (/obj/item/clothing/suit/armor/f13/power_armor/proc/powerDown)
 -   source file: f13armor.dm,306
 -   usr: null
 -   src: T-51b power armor (/obj/item/clothing/suit/armor/f13/power_armor/t51b)
 -   src.loc: the floor (105,206,3) (/turf/open/floor/f13)
 -   call stack:
 - T-51b power armor (/obj/item/clothing/suit/armor/f13/power_armor/t51b): powerDown(null)
 - T-51b power armor (/obj/item/clothing/suit/armor/f13/power_armor/t51b): processPower()
 - T-51b power armor (/obj/item/clothing/suit/armor/f13/power_armor/t51b): Initialize(1)
 - Atoms (/datum/controller/subsystem/atoms): InitAtom(T-51b power armor (/obj/item/clothing/suit/armor/f13/power_armor/t51b), /list (/list))
 - T-51b power armor (/obj/item/clothing/suit/armor/f13/power_armor/t51b): New(1)
 - the t51b power armor spawner (/obj/effect/spawner/bundle/f13/armor/t51b): Initialize(1)
 - Atoms (/datum/controller/subsystem/atoms): InitAtom(the t51b power armor spawner (/obj/effect/spawner/bundle/f13/armor/t51b), /list (/list))
 - the t51b power armor spawner (/obj/effect/spawner/bundle/f13/armor/t51b): New(1)
 - the tier 5 armor (/obj/effect/spawner/lootdrop/f13/armor/tier5): Initialize(1)
 - Atoms (/datum/controller/subsystem/atoms): InitAtom(the tier 5 armor (/obj/effect/spawner/lootdrop/f13/armor/tier5), /list (/list))
 - Atoms (/datum/controller/subsystem/atoms): InitializeAtoms(/list (/list))
 - /datum/parsed_map (/datum/parsed_map): initTemplateBounds()
 - North Sewer 1 (/datum/map_template/fallout/dungeons/northsewer1): load(the rock (70,198,3) (/turf/closed/mineral/plasma), 0, 2, 0, 0, 0)
 - Mapping (/datum/controller/subsystem/mapping): load marks()
 - Minor Mapping (/datum/controller/subsystem/minor_mapping): Initialize(852414)
 - Master (/datum/controller/master): Initialize(10, 0, 1)
 - 
[2021-05-23 23:40:42.096] runtime error: undefined proc or verb /turf/open/floor/f13/update equipment speed mods().
 - 
 - proc name: powerDown (/obj/item/clothing/suit/armor/f13/power_armor/proc/powerDown)
 -   source file: f13armor.dm,306
 -   usr: null
 -   src: T-51b power armor (/obj/item/clothing/suit/armor/f13/power_armor/t51b)
 -   src.loc: the floor (105,206,3) (/turf/open/floor/f13)
 -   call stack:
 - T-51b power armor (/obj/item/clothing/suit/armor/f13/power_armor/t51b): powerDown(null)
 - T-51b power armor (/obj/item/clothing/suit/armor/f13/power_armor/t51b): processPower()
 - T-51b power armor (/obj/item/clothing/suit/armor/f13/power_armor/t51b): Initialize(1)
 - Atoms (/datum/controller/subsystem/atoms): InitAtom(T-51b power armor (/obj/item/clothing/suit/armor/f13/power_armor/t51b), /list (/list))
 - T-51b power armor (/obj/item/clothing/suit/armor/f13/power_armor/t51b): New(1)
 - the t51b power armor spawner (/obj/effect/spawner/bundle/f13/armor/t51b): Initialize(1)
 - Atoms (/datum/controller/subsystem/atoms): InitAtom(the t51b power armor spawner (/obj/effect/spawner/bundle/f13/armor/t51b), /list (/list))
 - the t51b power armor spawner (/obj/effect/spawner/bundle/f13/armor/t51b): New(1)
 - the tier 5 armor (/obj/effect/spawner/lootdrop/f13/armor/tier5): Initialize(1)
 - Atoms (/datum/controller/subsystem/atoms): InitAtom(the tier 5 armor (/obj/effect/spawner/lootdrop/f13/armor/tier5), /list (/list))
 - Atoms (/datum/controller/subsystem/atoms): InitializeAtoms(/list (/list))
 - /datum/parsed_map (/datum/parsed_map): initTemplateBounds()
 - North Sewer 1 (/datum/map_template/fallout/dungeons/northsewer1): load(the rock (70,198,3) (/turf/closed/mineral/plasma), 0, 2, 0, 0, 0)
 - Mapping (/datum/controller/subsystem/mapping): load marks()
 - Minor Mapping (/datum/controller/subsystem/minor_mapping): Initialize(852414)
 - Master (/datum/controller/master): Initialize(10, 0, 1)
 - 
[2021-05-23 23:40:42.098] runtime error: undefined proc or verb /turf/open/floor/f13/update equipment speed mods().
 - 
 - proc name: powerDown (/obj/item/clothing/head/helmet/f13/power_armor/proc/powerDown)
 -   source file: f13head.dm,317
 -   usr: null
 -   src: T-51b power helmet (/obj/item/clothing/head/helmet/f13/power_armor/t51b)
 -   src.loc: the floor (105,206,3) (/turf/open/floor/f13)
 -   call stack:
 - T-51b power helmet (/obj/item/clothing/head/helmet/f13/power_armor/t51b): powerDown()
 - T-51b power helmet (/obj/item/clothing/head/helmet/f13/power_armor/t51b): processPower()
 - T-51b power helmet (/obj/item/clothing/head/helmet/f13/power_armor/t51b): Initialize(1)
 - Atoms (/datum/controller/subsystem/atoms): InitAtom(T-51b power helmet (/obj/item/clothing/head/helmet/f13/power_armor/t51b), /list (/list))
 - T-51b power helmet (/obj/item/clothing/head/helmet/f13/power_armor/t51b): New(1)
 - the t51b power armor spawner (/obj/effect/spawner/bundle/f13/armor/t51b): Initialize(1)
 - Atoms (/datum/controller/subsystem/atoms): InitAtom(the t51b power armor spawner (/obj/effect/spawner/bundle/f13/armor/t51b), /list (/list))
 - the t51b power armor spawner (/obj/effect/spawner/bundle/f13/armor/t51b): New(1)
 - the tier 5 armor (/obj/effect/spawner/lootdrop/f13/armor/tier5): Initialize(1)
 - Atoms (/datum/controller/subsystem/atoms): InitAtom(the tier 5 armor (/obj/effect/spawner/lootdrop/f13/armor/tier5), /list (/list))
 - Atoms (/datum/controller/subsystem/atoms): InitializeAtoms(/list (/list))
 - /datum/parsed_map (/datum/parsed_map): initTemplateBounds()
 - North Sewer 1 (/datum/map_template/fallout/dungeons/northsewer1): load(the rock (70,198,3) (/turf/closed/mineral/plasma), 0, 2, 0, 0, 0)
 - Mapping (/datum/controller/subsystem/mapping): load marks()
 - Minor Mapping (/datum/controller/subsystem/minor_mapping): Initialize(852414)
 - Master (/datum/controller/master): Initialize(10, 0, 1)
 - 
[2021-05-23 23:40:42.100] runtime error: undefined proc or verb /turf/open/floor/f13/update equipment speed mods().
 - 
 - proc name: powerDown (/obj/item/clothing/head/helmet/f13/power_armor/proc/powerDown)
 -   source file: f13head.dm,317
 -   usr: null
 -   src: T-51b power helmet (/obj/item/clothing/head/helmet/f13/power_armor/t51b)
 -   src.loc: the floor (105,206,3) (/turf/open/floor/f13)
 -   call stack:
 - T-51b power helmet (/obj/item/clothing/head/helmet/f13/power_armor/t51b): powerDown()
 - T-51b power helmet (/obj/item/clothing/head/helmet/f13/power_armor/t51b): processPower()
 - T-51b power helmet (/obj/item/clothing/head/helmet/f13/power_armor/t51b): Initialize(1)
 - Atoms (/datum/controller/subsystem/atoms): InitAtom(T-51b power helmet (/obj/item/clothing/head/helmet/f13/power_armor/t51b), /list (/list))
 - T-51b power helmet (/obj/item/clothing/head/helmet/f13/power_armor/t51b): New(1)
 - the t51b power armor spawner (/obj/effect/spawner/bundle/f13/armor/t51b): Initialize(1)
 - Atoms (/datum/controller/subsystem/atoms): InitAtom(the t51b power armor spawner (/obj/effect/spawner/bundle/f13/armor/t51b), /list (/list))
 - the t51b power armor spawner (/obj/effect/spawner/bundle/f13/armor/t51b): New(1)
 - the tier 5 armor (/obj/effect/spawner/lootdrop/f13/armor/tier5): Initialize(1)
 - Atoms (/datum/controller/subsystem/atoms): InitAtom(the tier 5 armor (/obj/effect/spawner/lootdrop/f13/armor/tier5), /list (/list))
 - Atoms (/datum/controller/subsystem/atoms): InitializeAtoms(/list (/list))
 - /datum/parsed_map (/datum/parsed_map): initTemplateBounds()
 - North Sewer 1 (/datum/map_template/fallout/dungeons/northsewer1): load(the rock (70,198,3) (/turf/closed/mineral/plasma), 0, 2, 0, 0, 0)
 - Mapping (/datum/controller/subsystem/mapping): load marks()
 - Minor Mapping (/datum/controller/subsystem/minor_mapping): Initialize(852414)
 - Master (/datum/controller/master): Initialize(10, 0, 1)
 - 
[2021-05-23 23:40:44.646] runtime error: undefined proc or verb /turf/open/floor/plasteel/barber/update equipment speed mods().
 - 
 - proc name: powerDown (/obj/item/clothing/suit/armor/f13/power_armor/proc/powerDown)
 -   source file: f13armor.dm,306
 -   usr: null
 -   src: T-51b power armor (/obj/item/clothing/suit/armor/f13/power_armor/t51b)
 -   src.loc: the floor (10,247,4) (/turf/open/floor/plasteel/barber)
 -   call stack:
 - T-51b power armor (/obj/item/clothing/suit/armor/f13/power_armor/t51b): powerDown(null)
 - T-51b power armor (/obj/item/clothing/suit/armor/f13/power_armor/t51b): processPower()
 - T-51b power armor (/obj/item/clothing/suit/armor/f13/power_armor/t51b): Initialize(1)
 - Atoms (/datum/controller/subsystem/atoms): InitAtom(T-51b power armor (/obj/item/clothing/suit/armor/f13/power_armor/t51b), /list (/list))
 - T-51b power armor (/obj/item/clothing/suit/armor/f13/power_armor/t51b): New(1)
 - the t51b power armor spawner (/obj/effect/spawner/bundle/f13/armor/t51b): Initialize(1)
 - Atoms (/datum/controller/subsystem/atoms): InitAtom(the t51b power armor spawner (/obj/effect/spawner/bundle/f13/armor/t51b), /list (/list))
 - the t51b power armor spawner (/obj/effect/spawner/bundle/f13/armor/t51b): New(1)
 - the tier 5 armor (/obj/effect/spawner/lootdrop/f13/armor/tier5): Initialize(1)
 - Atoms (/datum/controller/subsystem/atoms): InitAtom(the tier 5 armor (/obj/effect/spawner/lootdrop/f13/armor/tier5), /list (/list))
 - Atoms (/datum/controller/subsystem/atoms): InitializeAtoms(/list (/list))
 - /datum/parsed_map (/datum/parsed_map): initTemplateBounds()
 - North Bunker 1 (/datum/map_template/fallout/dungeons/northbunker1): load(the dense rock (7,220,4) (/turf/closed/indestructible/rock), 0, 2, 0, 0, 0)
 - Mapping (/datum/controller/subsystem/mapping): load marks()
 - Minor Mapping (/datum/controller/subsystem/minor_mapping): Initialize(852414)
 - Master (/datum/controller/master): Initialize(10, 0, 1)
 - 
[2021-05-23 23:40:44.648] runtime error: undefined proc or verb /turf/open/floor/plasteel/barber/update equipment speed mods().
 - 
 - proc name: powerDown (/obj/item/clothing/suit/armor/f13/power_armor/proc/powerDown)
 -   source file: f13armor.dm,306
 -   usr: null
 -   src: T-51b power armor (/obj/item/clothing/suit/armor/f13/power_armor/t51b)
 -   src.loc: the floor (10,247,4) (/turf/open/floor/plasteel/barber)
 -   call stack:
 - T-51b power armor (/obj/item/clothing/suit/armor/f13/power_armor/t51b): powerDown(null)
 - T-51b power armor (/obj/item/clothing/suit/armor/f13/power_armor/t51b): processPower()
 - T-51b power armor (/obj/item/clothing/suit/armor/f13/power_armor/t51b): Initialize(1)
 - Atoms (/datum/controller/subsystem/atoms): InitAtom(T-51b power armor (/obj/item/clothing/suit/armor/f13/power_armor/t51b), /list (/list))
 - T-51b power armor (/obj/item/clothing/suit/armor/f13/power_armor/t51b): New(1)
 - the t51b power armor spawner (/obj/effect/spawner/bundle/f13/armor/t51b): Initialize(1)
 - Atoms (/datum/controller/subsystem/atoms): InitAtom(the t51b power armor spawner (/obj/effect/spawner/bundle/f13/armor/t51b), /list (/list))
 - the t51b power armor spawner (/obj/effect/spawner/bundle/f13/armor/t51b): New(1)
 - the tier 5 armor (/obj/effect/spawner/lootdrop/f13/armor/tier5): Initialize(1)
 - Atoms (/datum/controller/subsystem/atoms): InitAtom(the tier 5 armor (/obj/effect/spawner/lootdrop/f13/armor/tier5), /list (/list))
 - Atoms (/datum/controller/subsystem/atoms): InitializeAtoms(/list (/list))
 - /datum/parsed_map (/datum/parsed_map): initTemplateBounds()
 - North Bunker 1 (/datum/map_template/fallout/dungeons/northbunker1): load(the dense rock (7,220,4) (/turf/closed/indestructible/rock), 0, 2, 0, 0, 0)
 - Mapping (/datum/controller/subsystem/mapping): load marks()
 - Minor Mapping (/datum/controller/subsystem/minor_mapping): Initialize(852414)
 - Master (/datum/controller/master): Initialize(10, 0, 1)
 - 
[2021-05-23 23:40:44.650] runtime error: undefined proc or verb /turf/open/floor/plasteel/barber/update equipment speed mods().
 - 
 - proc name: powerDown (/obj/item/clothing/head/helmet/f13/power_armor/proc/powerDown)
 -   source file: f13head.dm,317
 -   usr: null
 -   src: T-51b power helmet (/obj/item/clothing/head/helmet/f13/power_armor/t51b)
 -   src.loc: the floor (10,247,4) (/turf/open/floor/plasteel/barber)
 -   call stack:
 - T-51b power helmet (/obj/item/clothing/head/helmet/f13/power_armor/t51b): powerDown()
 - T-51b power helmet (/obj/item/clothing/head/helmet/f13/power_armor/t51b): processPower()
 - T-51b power helmet (/obj/item/clothing/head/helmet/f13/power_armor/t51b): Initialize(1)
 - Atoms (/datum/controller/subsystem/atoms): InitAtom(T-51b power helmet (/obj/item/clothing/head/helmet/f13/power_armor/t51b), /list (/list))
 - T-51b power helmet (/obj/item/clothing/head/helmet/f13/power_armor/t51b): New(1)
 - the t51b power armor spawner (/obj/effect/spawner/bundle/f13/armor/t51b): Initialize(1)
 - Atoms (/datum/controller/subsystem/atoms): InitAtom(the t51b power armor spawner (/obj/effect/spawner/bundle/f13/armor/t51b), /list (/list))
 - the t51b power armor spawner (/obj/effect/spawner/bundle/f13/armor/t51b): New(1)
 - the tier 5 armor (/obj/effect/spawner/lootdrop/f13/armor/tier5): Initialize(1)
 - Atoms (/datum/controller/subsystem/atoms): InitAtom(the tier 5 armor (/obj/effect/spawner/lootdrop/f13/armor/tier5), /list (/list))
 - Atoms (/datum/controller/subsystem/atoms): InitializeAtoms(/list (/list))
 - /datum/parsed_map (/datum/parsed_map): initTemplateBounds()
 - North Bunker 1 (/datum/map_template/fallout/dungeons/northbunker1): load(the dense rock (7,220,4) (/turf/closed/indestructible/rock), 0, 2, 0, 0, 0)
 - Mapping (/datum/controller/subsystem/mapping): load marks()
 - Minor Mapping (/datum/controller/subsystem/minor_mapping): Initialize(852414)
 - Master (/datum/controller/master): Initialize(10, 0, 1)
 - 
[2021-05-23 23:40:44.652] runtime error: undefined proc or verb /turf/open/floor/plasteel/barber/update equipment speed mods().
 - 
 - proc name: powerDown (/obj/item/clothing/head/helmet/f13/power_armor/proc/powerDown)
 -   source file: f13head.dm,317
 -   usr: null
 -   src: T-51b power helmet (/obj/item/clothing/head/helmet/f13/power_armor/t51b)
 -   src.loc: the floor (10,247,4) (/turf/open/floor/plasteel/barber)
 -   call stack:
 - T-51b power helmet (/obj/item/clothing/head/helmet/f13/power_armor/t51b): powerDown()
 - T-51b power helmet (/obj/item/clothing/head/helmet/f13/power_armor/t51b): processPower()
 - T-51b power helmet (/obj/item/clothing/head/helmet/f13/power_armor/t51b): Initialize(1)
 - Atoms (/datum/controller/subsystem/atoms): InitAtom(T-51b power helmet (/obj/item/clothing/head/helmet/f13/power_armor/t51b), /list (/list))
 - T-51b power helmet (/obj/item/clothing/head/helmet/f13/power_armor/t51b): New(1)
 - the t51b power armor spawner (/obj/effect/spawner/bundle/f13/armor/t51b): Initialize(1)
 - Atoms (/datum/controller/subsystem/atoms): InitAtom(the t51b power armor spawner (/obj/effect/spawner/bundle/f13/armor/t51b), /list (/list))
 - the t51b power armor spawner (/obj/effect/spawner/bundle/f13/armor/t51b): New(1)
 - the tier 5 armor (/obj/effect/spawner/lootdrop/f13/armor/tier5): Initialize(1)
 - Atoms (/datum/controller/subsystem/atoms): InitAtom(the tier 5 armor (/obj/effect/spawner/lootdrop/f13/armor/tier5), /list (/list))
 - Atoms (/datum/controller/subsystem/atoms): InitializeAtoms(/list (/list))
 - /datum/parsed_map (/datum/parsed_map): initTemplateBounds()
 - North Bunker 1 (/datum/map_template/fallout/dungeons/northbunker1): load(the dense rock (7,220,4) (/turf/closed/indestructible/rock), 0, 2, 0, 0, 0)
 - Mapping (/datum/controller/subsystem/mapping): load marks()
 - Minor Mapping (/datum/controller/subsystem/minor_mapping): Initialize(852414)
 - Master (/datum/controller/master): Initialize(10, 0, 1)
 - 
[2021-05-23 23:40:45.958] runtime error: undefined proc or verb /turf/open/floor/plating/tunnel/update equipment speed mods().
 - 
 - proc name: powerDown (/obj/item/clothing/suit/armor/f13/power_armor/proc/powerDown)
 -   source file: f13armor.dm,306
 -   usr: null
 -   src: T-45d power armor (/obj/item/clothing/suit/armor/f13/power_armor/t45d)
 -   src.loc: the metal floor (249,223,4) (/turf/open/floor/plating/tunnel)
 -   call stack:
 - T-45d power armor (/obj/item/clothing/suit/armor/f13/power_armor/t45d): powerDown(null)
 - T-45d power armor (/obj/item/clothing/suit/armor/f13/power_armor/t45d): processPower()
 - T-45d power armor (/obj/item/clothing/suit/armor/f13/power_armor/t45d): Initialize(1)
 - Atoms (/datum/controller/subsystem/atoms): InitAtom(T-45d power armor (/obj/item/clothing/suit/armor/f13/power_armor/t45d), /list (/list))
 - T-45d power armor (/obj/item/clothing/suit/armor/f13/power_armor/t45d): New(1)
 - the t45d power armor spawner (/obj/effect/spawner/bundle/f13/armor/t45d): Initialize(1)
 - Atoms (/datum/controller/subsystem/atoms): InitAtom(the t45d power armor spawner (/obj/effect/spawner/bundle/f13/armor/t45d), /list (/list))
 - the t45d power armor spawner (/obj/effect/spawner/bundle/f13/armor/t45d): New(1)
 - the tier 5 armor (/obj/effect/spawner/lootdrop/f13/armor/tier5): Initialize(1)
 - Atoms (/datum/controller/subsystem/atoms): InitAtom(the tier 5 armor (/obj/effect/spawner/lootdrop/f13/armor/tier5), /list (/list))
 - Atoms (/datum/controller/subsystem/atoms): InitializeAtoms(/list (/list))
 - /datum/parsed_map (/datum/parsed_map): initTemplateBounds()
 - Oasis Bunker 2 (/datum/map_template/fallout/dungeons/oasisbunker2): load(the dense rock (212,215,4) (/turf/closed/indestructible/rock), 0, 2, 0, 0, 0)
 - Mapping (/datum/controller/subsystem/mapping): load marks()
 - Minor Mapping (/datum/controller/subsystem/minor_mapping): Initialize(852414)
 - Master (/datum/controller/master): Initialize(10, 0, 1)
 - 
[2021-05-23 23:40:45.960] runtime error: undefined proc or verb /turf/open/floor/plating/tunnel/update equipment speed mods().
 - 
 - proc name: powerDown (/obj/item/clothing/suit/armor/f13/power_armor/proc/powerDown)
 -   source file: f13armor.dm,306
 -   usr: null
 -   src: T-45d power armor (/obj/item/clothing/suit/armor/f13/power_armor/t45d)
 -   src.loc: the metal floor (249,223,4) (/turf/open/floor/plating/tunnel)
 -   call stack:
 - T-45d power armor (/obj/item/clothing/suit/armor/f13/power_armor/t45d): powerDown(null)
 - T-45d power armor (/obj/item/clothing/suit/armor/f13/power_armor/t45d): processPower()
 - T-45d power armor (/obj/item/clothing/suit/armor/f13/power_armor/t45d): Initialize(1)
 - Atoms (/datum/controller/subsystem/atoms): InitAtom(T-45d power armor (/obj/item/clothing/suit/armor/f13/power_armor/t45d), /list (/list))
 - T-45d power armor (/obj/item/clothing/suit/armor/f13/power_armor/t45d): New(1)
 - the t45d power armor spawner (/obj/effect/spawner/bundle/f13/armor/t45d): Initialize(1)
 - Atoms (/datum/controller/subsystem/atoms): InitAtom(the t45d power armor spawner (/obj/effect/spawner/bundle/f13/armor/t45d), /list (/list))
 - the t45d power armor spawner (/obj/effect/spawner/bundle/f13/armor/t45d): New(1)
 - the tier 5 armor (/obj/effect/spawner/lootdrop/f13/armor/tier5): Initialize(1)
 - Atoms (/datum/controller/subsystem/atoms): InitAtom(the tier 5 armor (/obj/effect/spawner/lootdrop/f13/armor/tier5), /list (/list))
 - Atoms (/datum/controller/subsystem/atoms): InitializeAtoms(/list (/list))
 - /datum/parsed_map (/datum/parsed_map): initTemplateBounds()
 - Oasis Bunker 2 (/datum/map_template/fallout/dungeons/oasisbunker2): load(the dense rock (212,215,4) (/turf/closed/indestructible/rock), 0, 2, 0, 0, 0)
 - Mapping (/datum/controller/subsystem/mapping): load marks()
 - Minor Mapping (/datum/controller/subsystem/minor_mapping): Initialize(852414)
 - Master (/datum/controller/master): Initialize(10, 0, 1)
 - 
[2021-05-23 23:40:45.962] runtime error: undefined proc or verb /turf/open/floor/plating/tunnel/update equipment speed mods().
 - 
 - proc name: powerDown (/obj/item/clothing/head/helmet/f13/power_armor/proc/powerDown)
 -   source file: f13head.dm,317
 -   usr: null
 -   src: T-45d power helmet (/obj/item/clothing/head/helmet/f13/power_armor/t45d)
 -   src.loc: the metal floor (249,223,4) (/turf/open/floor/plating/tunnel)
 -   call stack:
 - T-45d power helmet (/obj/item/clothing/head/helmet/f13/power_armor/t45d): powerDown()
 - T-45d power helmet (/obj/item/clothing/head/helmet/f13/power_armor/t45d): processPower()
 - T-45d power helmet (/obj/item/clothing/head/helmet/f13/power_armor/t45d): Initialize(1)
 - Atoms (/datum/controller/subsystem/atoms): InitAtom(T-45d power helmet (/obj/item/clothing/head/helmet/f13/power_armor/t45d), /list (/list))
 - T-45d power helmet (/obj/item/clothing/head/helmet/f13/power_armor/t45d): New(1)
 - the t45d power armor spawner (/obj/effect/spawner/bundle/f13/armor/t45d): Initialize(1)
 - Atoms (/datum/controller/subsystem/atoms): InitAtom(the t45d power armor spawner (/obj/effect/spawner/bundle/f13/armor/t45d), /list (/list))
 - the t45d power armor spawner (/obj/effect/spawner/bundle/f13/armor/t45d): New(1)
 - the tier 5 armor (/obj/effect/spawner/lootdrop/f13/armor/tier5): Initialize(1)
 - Atoms (/datum/controller/subsystem/atoms): InitAtom(the tier 5 armor (/obj/effect/spawner/lootdrop/f13/armor/tier5), /list (/list))
 - Atoms (/datum/controller/subsystem/atoms): InitializeAtoms(/list (/list))
 - /datum/parsed_map (/datum/parsed_map): initTemplateBounds()
 - Oasis Bunker 2 (/datum/map_template/fallout/dungeons/oasisbunker2): load(the dense rock (212,215,4) (/turf/closed/indestructible/rock), 0, 2, 0, 0, 0)
 - Mapping (/datum/controller/subsystem/mapping): load marks()
 - Minor Mapping (/datum/controller/subsystem/minor_mapping): Initialize(852414)
 - Master (/datum/controller/master): Initialize(10, 0, 1)
 - 
[2021-05-23 23:40:45.964] runtime error: undefined proc or verb /turf/open/floor/plating/tunnel/update equipment speed mods().
 - 
 - proc name: powerDown (/obj/item/clothing/head/helmet/f13/power_armor/proc/powerDown)
 -   source file: f13head.dm,317
 -   usr: null
 -   src: T-45d power helmet (/obj/item/clothing/head/helmet/f13/power_armor/t45d)
 -   src.loc: the metal floor (249,223,4) (/turf/open/floor/plating/tunnel)
 -   call stack:
 - T-45d power helmet (/obj/item/clothing/head/helmet/f13/power_armor/t45d): powerDown()
 - T-45d power helmet (/obj/item/clothing/head/helmet/f13/power_armor/t45d): processPower()
 - T-45d power helmet (/obj/item/clothing/head/helmet/f13/power_armor/t45d): Initialize(1)
 - Atoms (/datum/controller/subsystem/atoms): InitAtom(T-45d power helmet (/obj/item/clothing/head/helmet/f13/power_armor/t45d), /list (/list))
 - T-45d power helmet (/obj/item/clothing/head/helmet/f13/power_armor/t45d): New(1)
 - the t45d power armor spawner (/obj/effect/spawner/bundle/f13/armor/t45d): Initialize(1)
 - Atoms (/datum/controller/subsystem/atoms): InitAtom(the t45d power armor spawner (/obj/effect/spawner/bundle/f13/armor/t45d), /list (/list))
 - the t45d power armor spawner (/obj/effect/spawner/bundle/f13/armor/t45d): New(1)
 - the tier 5 armor (/obj/effect/spawner/lootdrop/f13/armor/tier5): Initialize(1)
 - Atoms (/datum/controller/subsystem/atoms): InitAtom(the tier 5 armor (/obj/effect/spawner/lootdrop/f13/armor/tier5), /list (/list))
 - Atoms (/datum/controller/subsystem/atoms): InitializeAtoms(/list (/list))
 - /datum/parsed_map (/datum/parsed_map): initTemplateBounds()
 - Oasis Bunker 2 (/datum/map_template/fallout/dungeons/oasisbunker2): load(the dense rock (212,215,4) (/turf/closed/indestructible/rock), 0, 2, 0, 0, 0)
 - Mapping (/datum/controller/subsystem/mapping): load marks()
 - Minor Mapping (/datum/controller/subsystem/minor_mapping): Initialize(852414)
 - Master (/datum/controller/master): Initialize(10, 0, 1)
 - 
[2021-05-23 23:40:47.247] Loaded 0 engraved messages on map Yuma
[2021-05-23 23:40:47.251] Initializations complete within 104.1 seconds!
[2021-05-23 23:43:02.537] Game start took 0s
