[2021-05-23 23:39:01.865] Starting up round ID 36.
 - -------------------------
[2021-05-23 23:39:03.105] INIT: Initialized Profiler subsystem within 0 seconds!
[2021-05-23 23:39:03.252] Fail2Topic: Failed to drop firewall rule. Exit code: 1.
[2021-05-23 23:39:03.252] INIT: Initialized Fail2Topic subsystem within 0.1 seconds!
[2021-05-23 23:39:03.255] INIT: Initialized Title Screen subsystem within 0 seconds!
[2021-05-23 23:39:03.255] INIT: Initialized Database subsystem within 0 seconds!
[2021-05-23 23:39:03.256] INIT: Initialized Stat Panels subsystem within 0 seconds!
[2021-05-23 23:39:03.256] INIT: Initialized Blackbox subsystem within 0 seconds!
[2021-05-23 23:39:03.257] INIT: Initialized Server Tasks subsystem within 0 seconds!
[2021-05-23 23:39:03.258] INIT: Initialized Input subsystem within 0 seconds!
[2021-05-23 23:39:03.261] INIT: Initialized Sounds subsystem within 0 seconds!
[2021-05-23 23:39:03.261] INIT: Initialized Vis contents overlays subsystem within 0 seconds!
[2021-05-23 23:39:03.320] INIT: Initialized Research subsystem within 0.1 seconds!
[2021-05-23 23:39:03.322] INIT: Initialized Events subsystem within 0 seconds!
[2021-05-23 23:39:03.327] INIT: Initialized Jobs subsystem within 0 seconds!
[2021-05-23 23:39:03.330] INIT: Initialized Quirks subsystem within 0 seconds!
[2021-05-23 23:39:03.340] INIT: Initialized Ticker subsystem within 0 seconds!
[2021-05-23 23:39:03.360] INIT: Initialized Instruments subsystem within 0 seconds!
[2021-05-23 23:39:19.754] INIT: Initialized Mapping subsystem within 16.4 seconds!
[2021-05-23 23:39:19.757] INIT: Initialized Economy subsystem within 0 seconds!
[2021-05-23 23:39:19.760] INIT: Initialized Networks subsystem within 0 seconds!
[2021-05-23 23:39:19.760] INIT: Initialized Holodeck subsystem within 0 seconds!
[2021-05-23 23:40:04.629] INIT: Initialized Atoms subsystem within 44.9 seconds!
[2021-05-23 23:40:04.651] INIT: Initialized Language subsystem within 0 seconds!
[2021-05-23 23:40:04.676] INIT: Initialized Machines subsystem within 0 seconds!
[2021-05-23 23:40:04.771] INIT: Initialized Circuit subsystem within 0.1 seconds!
[2021-05-23 23:40:05.009] INIT: Initialized Atmos Adjacency subsystem within 0.3 seconds!
[2021-05-23 23:40:05.009] INIT: Initialized Autotransfer Vote subsystem within 0 seconds!
[2021-05-23 23:40:05.009] INIT: Initialized Chemistry subsystem within 0 seconds!
[2021-05-23 23:40:05.009] INIT: Initialized Status Effects subsystem within 0 seconds!
[2021-05-23 23:40:05.011] INIT: Initialized Weather subsystem within 0 seconds!
[2021-05-23 23:40:05.017] INIT: Initialized Disease subsystem within 0 seconds!
[2021-05-23 23:40:05.017] INIT: Initialized Item Spawners subsystem within 0 seconds!
[2021-05-23 23:40:05.017] INIT: Initialized Jukeboxes subsystem within 0 seconds!
[2021-05-23 23:40:05.017] INIT: Initialized Medals subsystem within 0 seconds!
[2021-05-23 23:40:06.102] INIT: Initialized Minimaps subsystem within 1.1 seconds!
[2021-05-23 23:40:06.104] INIT: Initialized Mob Spawners subsystem within 0 seconds!
[2021-05-23 23:40:06.104] INIT: Initialized Monster Wave subsystem within 0 seconds!
[2021-05-23 23:40:06.104] INIT: Initialized Day/Night Cycle subsystem within 0 seconds!
[2021-05-23 23:40:06.105] INIT: Initialized Night Shift subsystem within 0 seconds!
[2021-05-23 23:40:06.105] INIT: Initialized Parallax subsystem within 0 seconds!
[2021-05-23 23:40:06.105] INIT: Initialized Sun subsystem within 0 seconds!
[2021-05-23 23:40:06.498] INIT: Initialized Traumas subsystem within 0.3 seconds!
[2021-05-23 23:40:14.041] INIT: Initialized Atmospherics subsystem within 7.5 seconds!
[2021-05-23 23:40:22.651] INIT: Initialized Assets subsystem within 8.6 seconds!
[2021-05-23 23:40:27.980] INIT: Initialized Icon Smoothing subsystem within 5.3 seconds!
[2021-05-23 23:40:29.082] INIT: Initialized Overlay subsystem within 1.1 seconds!
[2021-05-23 23:40:29.082] INIT: Initialized XKeyScore subsystem within 0 seconds!
[2021-05-23 23:40:29.174] INIT: Initialized Sticky Ban subsystem within 0.1 seconds!
[2021-05-23 23:40:38.312] INIT: Initialized Lighting subsystem within 9.2 seconds!
[2021-05-23 23:40:41.424] INIT: Initialized Shuttle subsystem within 3.1 seconds!
[2021-05-23 23:40:47.195] INIT: Initialized Minor Mapping subsystem within 5.7 seconds!
[2021-05-23 23:40:47.197] INIT: Initialized Pathfinder subsystem within 0 seconds!
[2021-05-23 23:40:47.251] INIT: Initialized Persistence subsystem within 0.1 seconds!
[2021-05-23 23:40:47.251] INIT: Initialized Chat subsystem within 0 seconds!
