[2021-05-19 02:07:17.404] Starting up round ID 23.
 - -------------------------
[2021-05-19 02:11:22.941] Shirozinha \ Tio Osso \ Head Paladin \ NONE \ LATEJOIN
[2021-05-19 02:11:24.240] Goldencatc \ Clinton Webb \ Legion Vexillarius \ NONE \ LATEJOIN
[2021-05-19 02:12:00.214] Hurimiko \ Amari Wolff \ Prime Legionary \ NONE \ LATEJOIN
[2021-05-19 02:12:36.379] Eversonblr \ Melvyn Hunt \ Vault-tec Scientist \ NONE \ LATEJOIN
[2021-05-19 02:15:12.493] AkamaruBR \ Akaigo Bia \ Legion Centurion \ NONE \ LATEJOIN
[2021-05-19 02:15:39.142] Diolko \ Melisa Gray \ Wastelander \ NONE \ LATEJOIN
[2021-05-19 02:16:42.640] Baeiou \ Roderick Malkav \ Legion Slave \ NONE \ LATEJOIN
[2021-05-19 02:19:27.651] FidgetyBacchus \ Yuri Daruski \ Legion Slave \ NONE \ LATEJOIN
[2021-05-19 02:26:44.104] SondTheAnime \ John \ Wastelander \ NONE \ LATEJOIN
[2021-05-19 02:27:33.343] Kaduh \ Erika Miller \ Wastelander \ NONE \ LATEJOIN
[2021-05-19 02:40:47.024] kaduh \ Tomas Miller \ Wastelander \ NONE \ LATEJOIN
[2021-05-19 02:51:08.091] Macaco99 \ Ramon Lee \ Doctor \ NONE \ LATEJOIN
[2021-05-19 02:57:48.738] goldencatc \ Charlie Stroble \ Veteran Legionary \ NONE \ LATEJOIN
[2021-05-19 03:02:27.504] kaduh \ Tomas Miller \ Wastelander \ NONE \ LATEJOIN
[2021-05-19 03:49:16.998] AlbertoVinhofino \ Asher Atkinson \ Proctor \ NONE \ LATEJOIN
[2021-05-19 03:57:51.327] Dantesousa \ Dante Sousa \ Wastelander \ NONE \ LATEJOIN
[2021-05-19 04:05:31.570] dantesousa \ John Snow \ Wastelander \ NONE \ LATEJOIN
[2021-05-19 04:07:15.498] sondtheanime \ Courier \ Head Knight \ NONE \ LATEJOIN
