[2021-05-19 02:07:17.411] Starting up round ID 23.
 - -------------------------
[2021-05-19 02:07:18.458] INIT: Initialized Profiler subsystem within 0 seconds!
[2021-05-19 02:07:18.866] Fail2Topic: Failed to drop firewall rule. Exit code: 1.
[2021-05-19 02:07:18.866] INIT: Initialized Fail2Topic subsystem within 0.4 seconds!
[2021-05-19 02:07:18.871] INIT: Initialized Title Screen subsystem within 0 seconds!
[2021-05-19 02:07:18.871] INIT: Initialized Database subsystem within 0 seconds!
[2021-05-19 02:07:18.872] INIT: Initialized Stat Panels subsystem within 0 seconds!
[2021-05-19 02:07:18.872] INIT: Initialized Blackbox subsystem within 0 seconds!
[2021-05-19 02:07:18.874] INIT: Initialized Server Tasks subsystem within 0 seconds!
[2021-05-19 02:07:18.875] INIT: Initialized Input subsystem within 0 seconds!
[2021-05-19 02:07:18.877] INIT: Initialized Sounds subsystem within 0 seconds!
[2021-05-19 02:07:18.877] INIT: Initialized Vis contents overlays subsystem within 0 seconds!
[2021-05-19 02:07:18.937] INIT: Initialized Research subsystem within 0.1 seconds!
[2021-05-19 02:07:18.940] INIT: Initialized Events subsystem within 0 seconds!
[2021-05-19 02:07:18.946] INIT: Initialized Jobs subsystem within 0 seconds!
[2021-05-19 02:07:18.948] INIT: Initialized Quirks subsystem within 0 seconds!
[2021-05-19 02:07:18.959] INIT: Initialized Ticker subsystem within 0 seconds!
[2021-05-19 02:07:18.979] INIT: Initialized Instruments subsystem within 0 seconds!
[2021-05-19 02:07:35.655] INIT: Initialized Mapping subsystem within 16.7 seconds!
[2021-05-19 02:07:35.674] INIT: Initialized Economy subsystem within 0 seconds!
[2021-05-19 02:07:35.676] INIT: Initialized Networks subsystem within 0 seconds!
[2021-05-19 02:07:35.676] INIT: Initialized Holodeck subsystem within 0 seconds!
[2021-05-19 02:08:20.529] INIT: Initialized Atoms subsystem within 44.9 seconds!
[2021-05-19 02:08:20.546] INIT: Initialized Language subsystem within 0 seconds!
[2021-05-19 02:08:20.572] INIT: Initialized Machines subsystem within 0 seconds!
[2021-05-19 02:08:20.660] INIT: Initialized Circuit subsystem within 0.1 seconds!
[2021-05-19 02:08:21.029] INIT: Initialized Atmos Adjacency subsystem within 0.4 seconds!
[2021-05-19 02:08:21.030] INIT: Initialized Autotransfer Vote subsystem within 0 seconds!
[2021-05-19 02:08:21.030] INIT: Initialized Chemistry subsystem within 0 seconds!
[2021-05-19 02:08:21.030] INIT: Initialized Status Effects subsystem within 0 seconds!
[2021-05-19 02:08:21.032] INIT: Initialized Weather subsystem within 0 seconds!
[2021-05-19 02:08:21.037] INIT: Initialized Disease subsystem within 0 seconds!
[2021-05-19 02:08:21.038] INIT: Initialized Item Spawners subsystem within 0 seconds!
[2021-05-19 02:08:21.038] INIT: Initialized Jukeboxes subsystem within 0 seconds!
[2021-05-19 02:08:21.038] INIT: Initialized Medals subsystem within 0 seconds!
[2021-05-19 02:08:22.070] INIT: Initialized Minimaps subsystem within 1 second!
[2021-05-19 02:08:22.100] INIT: Initialized Mob Spawners subsystem within 0 seconds!
[2021-05-19 02:08:22.100] INIT: Initialized Monster Wave subsystem within 0 seconds!
[2021-05-19 02:08:22.100] INIT: Initialized Day/Night Cycle subsystem within 0 seconds!
[2021-05-19 02:08:22.100] INIT: Initialized Night Shift subsystem within 0 seconds!
[2021-05-19 02:08:22.100] INIT: Initialized Parallax subsystem within 0 seconds!
[2021-05-19 02:08:22.101] INIT: Initialized Sun subsystem within 0 seconds!
[2021-05-19 02:08:22.519] INIT: Initialized Traumas subsystem within 0.4 seconds!
[2021-05-19 02:08:30.084] INIT: Initialized Atmospherics subsystem within 7.5 seconds!
[2021-05-19 02:08:38.679] INIT: Initialized Assets subsystem within 8.6 seconds!
[2021-05-19 02:08:44.190] INIT: Initialized Icon Smoothing subsystem within 5.4 seconds!
[2021-05-19 02:08:45.326] INIT: Initialized Overlay subsystem within 1.2 seconds!
[2021-05-19 02:08:45.326] INIT: Initialized XKeyScore subsystem within 0 seconds!
[2021-05-19 02:08:45.395] INIT: Initialized Sticky Ban subsystem within 0 seconds!
[2021-05-19 02:08:54.646] INIT: Initialized Lighting subsystem within 9.3 seconds!
[2021-05-19 02:08:57.864] INIT: Initialized Shuttle subsystem within 3.2 seconds!
[2021-05-19 02:09:04.120] INIT: Initialized Minor Mapping subsystem within 6.3 seconds!
[2021-05-19 02:09:04.122] INIT: Initialized Pathfinder subsystem within 0 seconds!
[2021-05-19 02:09:04.179] INIT: Initialized Persistence subsystem within 0 seconds!
[2021-05-19 02:09:04.180] INIT: Initialized Chat subsystem within 0 seconds!
