[2021-05-19 02:07:17.403] Starting up round ID 23.
 - -------------------------
[2021-05-19 02:19:03.592] TCOMMS: AkamaruBR/(Akaigo Bia) [Legion] (spans:  ) "Salve" (language: Galactic Common) (Legion (225, 27, 2))
[2021-05-19 02:19:09.699] TCOMMS: Goldencatc/(Clinton Webb) [Legion] (spans:  ) "Salve" (language: Galactic Common) (Wasteland (216, 54, 2))
[2021-05-19 02:22:52.120] TCOMMS: AkamaruBR/(Akaigo Bia) [Legion] (spans:  ) "Contagem" (language: Galactic Common) (Legion (221, 44, 2))
[2021-05-19 02:22:56.362] TCOMMS: AkamaruBR/(Akaigo Bia) [Legion] (spans:  ) "Digam ola" (language: Galactic Common) (Legion (221, 44, 2))
[2021-05-19 02:23:10.870] TCOMMS: AkamaruBR/(Akaigo Bia) [Legion] (spans:  yell ) "Digam ola!!!" (language: Galactic Common) (Legion (210, 47, 2))
[2021-05-19 02:23:59.970] TCOMMS: Goldencatc/(Clinton Webb) [Legion] (spans:  ) "Olá" (language: Galactic Common) (Legion (211, 45, 2))
[2021-05-19 02:24:10.038] TCOMMS: Hurimiko/(Amari Wolff) [Legion] (spans:  ) "OLásgag" (language: Galactic Common) (Legion (211, 46, 2))
[2021-05-19 02:25:39.647] TCOMMS: AkamaruBR/(Akaigo Bia) [Legion] (spans:  ) "ESTAMOS SENDO ATACADOS" (language: Galactic Common) (Legion (211, 49, 2))
[2021-05-19 02:25:43.319] TCOMMS: AkamaruBR/(Akaigo Bia) [Legion] (spans:  ) "PORTA" (language: Galactic Common) (Legion (211, 50, 2))
[2021-05-19 02:38:12.566] TCOMMS: Goldencatc/(Clinton Webb) [Legion] (spans:  ) "Localização." (language: Galactic Common) (Legion (213, 22, 2))
[2021-05-19 02:46:35.555] TCOMMS: AkamaruBR/(Akaigo Bia) [Legion] (spans:  ) "Mas oque" (language: Galactic Common) (Wasteland (114, 184, 2))
[2021-05-19 02:53:27.560] TCOMMS: Goldencatc/(Clinton Webb) [Legion] (spans:  ) "Venham todos." (language: Galactic Common) (Legion (246, 39, 2))
[2021-05-19 02:53:31.783] TCOMMS: Macaco99/(Ramon Lee) [Common] (spans:  ) "Alo?" (language: Galactic Common) (Tunnel (62, 31, 3))
[2021-05-19 02:53:32.532] TCOMMS: Goldencatc/(Clinton Webb) [Legion] (spans:  ) "Todos legionários." (language: Galactic Common) (Legion (246, 39, 2))
[2021-05-19 02:56:06.512] TCOMMS: AkamaruBR/(Akaigo Bia) [Common] (spans:  ) "Ola" (language: Galactic Common) (Wasteland (94, 120, 2))
[2021-05-19 03:04:34.092] TCOMMS: Macaco99/(Ramon Lee) [Common] (spans:  ) "Alguma coisa legal rolando?" (language: Galactic Common) (Tunnel (62, 32, 3))
[2021-05-19 03:05:12.057] TCOMMS: goldencatc/(Charlie Stroble) [Common] (spans:  ) "Eu quero fazer uma torre de vigia" (language: Galactic Common) (Legion (210, 51, 2))
[2021-05-19 03:10:14.830] TCOMMS: Macaco99/(Ramon Lee) [Common] (spans:  ) "Acabei de fazer bicardine" (language: Galactic Common) (City (64, 28, 2))
[2021-05-19 03:16:17.113] TCOMMS: AkamaruBR/(Akaigo Bia) [Legion] (spans:  ) "Invadi a armory do sheriff de oasis" (language: Galactic Common) (Tunnel (60, 39, 3))
[2021-05-19 03:16:27.085] TCOMMS: AkamaruBR/(Akaigo Bia) [Legion] (spans:  ) "Cheio de armas e munições" (language: Galactic Common) (Tunnel (60, 39, 3))
[2021-05-19 03:20:26.855] TCOMMS: SondTheAnime/(John) [148.9] (spans:  ) "Alo?" (language: Galactic Common) (Brotherhood of Steel (168, 216, 2))
[2021-05-19 03:20:30.891] TCOMMS: SondTheAnime/(John) [148.9] (spans:  ) "Alguém ai?" (language: Galactic Common) (Brotherhood of Steel (168, 216, 2))
[2021-05-19 03:20:56.041] TCOMMS: SondTheAnime/(John) [148.9] (spans:  ) "Alo?" (language: Galactic Common) (Brotherhood of Steel (168, 216, 2))
[2021-05-19 03:21:00.785] TCOMMS: SondTheAnime/(John) [148.9] (spans:  ) "Ninguém?" (language: Galactic Common) (Brotherhood of Steel (168, 216, 2))
[2021-05-19 03:27:00.536] TCOMMS: AkamaruBR/(Akaigo Bia) [Legion] (spans:  ) "Todos os romanos" (language: Galactic Common) (Legion (250, 41, 2))
[2021-05-19 03:27:05.648] TCOMMS: AkamaruBR/(Akaigo Bia) [Legion] (spans:  ) "Vamos matar os raiders" (language: Galactic Common) (Legion (250, 41, 2))
[2021-05-19 03:27:08.584] TCOMMS: AkamaruBR/(Akaigo Bia) [Legion] (spans:  ) "Venhma" (language: Galactic Common) (Legion (250, 41, 2))
[2021-05-19 03:28:21.280] TCOMMS: Macaco99/(Ramon Lee) [Common] (spans:  ) "Graças as atrocidades presenciadas por mim em uma realidade que hoje já não existe mais" (language: Galactic Common) (Tunnel (65, 30, 3))
[2021-05-19 03:28:42.154] TCOMMS: Macaco99/(Ramon Lee) [Common] (spans:  ) "Eu odeio a humanidade logo perante a isso eu fiz medicamentos" (language: Galactic Common) (Tunnel (65, 30, 3))
[2021-05-19 03:28:53.658] TCOMMS: Macaco99/(Ramon Lee) [Common] (spans:  ) "Porem os mesmos tem um preço um pouco salgado" (language: Galactic Common) (Tunnel (65, 30, 3))
[2021-05-19 03:29:10.166] TCOMMS: Macaco99/(Ramon Lee) [Common] (spans:  ) "Regra da casa quer pega não quer se foda" (language: Galactic Common) (Tunnel (65, 30, 3))
[2021-05-19 03:29:35.560] TCOMMS: AkamaruBR/(Akaigo Bia) [Legion] (spans:  ) "Vencemos" (language: Galactic Common) (Legion (244, 39, 2))
[2021-05-19 03:52:09.955] TCOMMS: SondTheAnime/(John) [Common] (spans:  ) "Tudo quieto" (language: Galactic Common) (Village (142, 138, 2))
[2021-05-19 03:52:18.047] TCOMMS: AlbertoVinhofino/(Asher Atkinson) [Common] (spans:  ) "Como deve ser" (language: Galactic Common) (Brotherhood of Steel Medbay (236, 218, 3))
[2021-05-19 03:52:28.569] TCOMMS: Macaco99/(Ramon Lee) [Common] (spans:  ) "Fui atacado por um robo octopus" (language: Galactic Common) (Building (32, 81, 2))
[2021-05-19 03:52:41.048] TCOMMS: SondTheAnime/(John) [Common] (spans:  ) "Eles atacam" (language: Galactic Common) (Village (142, 138, 2))
[2021-05-19 04:12:42.514] TCOMMS: AlbertoVinhofino/(Asher Atkinson) [BOS] (spans:  ) "Droga..." (language: Galactic Common) (Brotherhood of Steel Medbay (237, 224, 3))
[2021-05-19 04:13:08.510] TCOMMS: AlbertoVinhofino/(Asher Atkinson) [BOS] (spans:  ) "Temos que arranjar recursos, se não fica tenso" (language: Galactic Common) (Brotherhood of Steel Medbay (237, 221, 3))
[2021-05-19 04:13:24.207] TCOMMS: sondtheanime/(Courier) [BOS] (spans:  ) "Bora la fora nós dois" (language: Galactic Common) (Brotherhood of Steel RnD Department (231, 206, 3))
[2021-05-19 04:17:32.524] TCOMMS: sondtheanime/(Courier) [BOS] (spans:  ) "Antes de a gente sair" (language: Galactic Common) (Brotherhood of Steel RnD Department (235, 199, 3))
[2021-05-19 04:17:38.273] TCOMMS: sondtheanime/(Courier) [BOS] (spans:  ) "A gente precisa minerar" (language: Galactic Common) (Brotherhood of Steel RnD Department (235, 199, 3))
[2021-05-19 04:18:29.007] TCOMMS: sondtheanime/(Courier) [BOS] (spans:  ) "Cade você?" (language: Galactic Common) (Brotherhood of Steel RnD Department (227, 204, 3))
[2021-05-19 04:18:50.915] TCOMMS: AlbertoVinhofino/(Asher Atkinson) [BOS] (spans:  ) "Armory" (language: Galactic Common) (Brotherhood of Steel Operations Department (241, 250, 3))
[2021-05-19 04:21:27.041] TCOMMS: sondtheanime/(Courier) [BOS] (spans:  ) "To descendo" (language: Galactic Common) (Wasteland (170, 206, 2))
[2021-05-19 04:22:13.333] TCOMMS: AlbertoVinhofino/(Asher Atkinson) [BOS] (spans:  ) "Preciso muito a aprender" (language: Galactic Common) (Brotherhood of Steel Mining (222, 200, 3))
[2021-05-19 04:25:54.268] TCOMMS: sondtheanime/(Courier) [BOS] (spans:  ) "Aqui vem no inicio" (language: Galactic Common) (Caves (222, 191, 3))
[2021-05-19 04:27:41.604] TCOMMS: sondtheanime/(Courier) [BOS] (spans:  ) "So passa por cima tu mesmo passa por cima, que ja vai transferir pra caixa" (language: Galactic Common) (Caves (213, 197, 3))
[2021-05-19 04:30:21.712] TCOMMS: sondtheanime/(Courier) [BOS] (spans:  ) "Aqui vem aqui" (language: Galactic Common) (Caves (184, 200, 3))
[2021-05-19 04:31:24.220] TCOMMS: AlbertoVinhofino/(Asher Atkinson) [BOS] (spans:  ) "Jaja te conto uma coisa" (language: Galactic Common) (Caves (175, 193, 3))
[2021-05-19 04:31:29.517] TCOMMS: sondtheanime/(Courier) [BOS] (spans:  ) "Certo" (language: Galactic Common) (Caves (180, 198, 3))
[2021-05-19 04:31:46.148] TCOMMS: sondtheanime/(Courier) [BOS] (spans:  ) "Certo, ja é o suficiente" (language: Galactic Common) (Caves (173, 197, 3))
[2021-05-19 04:31:54.034] TCOMMS: sondtheanime/(Courier) [BOS] (spans:  ) "Vamos levar pra maquina o minerio" (language: Galactic Common) (Caves (177, 196, 3))
[2021-05-19 04:31:58.520] TCOMMS: AlbertoVinhofino/(Asher Atkinson) [BOS] (spans:  ) "Voltando" (language: Galactic Common) (Caves (164, 192, 3))
[2021-05-19 04:36:21.395] TCOMMS: sondtheanime/(Courier) [BOS] (spans:  ) "Vou fazer a welding helmet perai" (language: Galactic Common) (Brotherhood of Steel RnD Department (231, 196, 3))
[2021-05-19 04:38:00.427] TCOMMS: sondtheanime/(Courier) [BOS] (spans:  ) "Portão, vem" (language: Galactic Common) (Brotherhood of Steel (169, 219, 2))
[2021-05-19 04:50:31.330] TCOMMS: dantesousa/(John Snow) [Common] (spans:  ) "Curioso como as pessoas são agressivas hoje em dia" (language: Galactic Common) (Building (170, 192, 2))
